Mplus VERSION 8
MUTHEN & MUTHEN
07/06/2020   1:55 PM

INPUT INSTRUCTIONS

  TITLE: Your title goes here

   DATA: FILE = eq/data.dta;

   VARIABLE:

   NAMES = id_cocas weight comp_mode comp_len mode mm_matrix_group wei_mmf v2 v3 v4 v32
       v33 v34 v35 v36 v37 v46 v47 v48 v49 v50 v65 v66 v67 v68 v69 v70 v82 v83 v84 v98
       v99 v100 v101 v103 v104 v105 v106 v107 v115 v116 v117 v118 v119 v120 v121 v122
       v123 v124 v125 v126 v127 v128 v129 v130 v131 v132 v133 v134 v135 v136 v137 v138
       v139 v140 v141 v145 v146 v147 v148 v149 v150 v151 v152 v153 v154 v155 v156 v157
       v158 v159 v160 v161 v162 v163 v164 v165 v166 v167 v176 v177 v178 v179 v180 v181
       v182 v183 v185 v186 v187 v188 v189 v191 v192 v193 v194 v195 v196 v197 v199 v200
       v201 v202 v203 v205 v206 v207 v208 v209 v210 v211 v212 v213 v214 v215 v216 v217
       v218 v220 v221 v222 v223 v224 v267 v268 v269 v271 v272 v273;

   MISSING=.;

   USEVARIABLES ARE
   v65
   v66
   v67
   v68
   v69
   v70;

   CATEGORICAL ARE
   v65
   v66
   v67
   v68
   v69
   v70;

   GROUPING IS comp_mode (0=sm 1=mm);


   Analysis:

                  ESTIMATOR = WLSMV;

                  ITERATIONS = 100000;

                  PARAMETERIZATION = THETA;

  Model:


  f1 BY v65@1
  v66 (L2_sm)
  v67 (L3_sm)
  v68 (L4_sm)
  v69 (L5_sm)
  v70 (L6_sm)
  ;


  [v65$1] (t_v65_1);
  [v65$2] (t_v65_2);

   [f1@0];
  [v66$1] (t_v66_1);
  [v66$2] (t_v66_2_sm);

   [f1@0];
  [v67$1] (t_v67_1);
  [v67$2] (t_v67_2_sm);

   [f1@0];
  [v68$1] (t_v68_1);
  [v68$2] (t_v68_2_sm);

   [f1@0];
  [v69$1] (t_v69_1);
  [v69$2] (t_v69_2_sm);

   [f1@0];
  [v70$1] (t_v70_1);
  [v70$2] (t_v70_2_sm);

   [f1@0];

  Model mm:

  f1 BY v65@1
  v66 (L2_mm)
  v67 (L3_mm)
  v68 (L4_mm)
  v69 (L5_mm)
  v70 (L6_mm)
  ;


  [v65$1] (t_v65_1);
  [v65$2] (t_v65_2);

   [f1@0];
  [v66$1] (t_v66_1);
  [v66$2] (t_v66_2_mm);

   [f1@0];
  [v67$1] (t_v67_1);
  [v67$2] (t_v67_2_mm);

   [f1@0];
  [v68$1] (t_v68_1);
  [v68$2] (t_v68_2_mm);

   [f1@0];
  [v69$1] (t_v69_1);
  [v69$2] (t_v69_2_mm);

   [f1@0];
  [v70$1] (t_v70_1);
  [v70$2] (t_v70_2_mm);

   [f1@0];

   SAVEDATA: DIFFTEST IS v65_config.dat;

   OUTPUT: SAMPSTAT;

                                  MODINDICES;

                                  STDYX;




*** WARNING
  Data set contains unknown or missing values for GROUPING,
  PATTERN, COHORT, CLUSTER and/or STRATIFICATION variables.
  Number of cases with unknown or missing values:  3244
*** WARNING
  Data set contains cases with missing on all variables.
  These cases were not included in the analysis.
  Number of cases with missing on all variables:  8
   2 WARNING(S) FOUND IN THE INPUT INSTRUCTIONS



Your title goes here

SUMMARY OF ANALYSIS

Number of groups                                                 2
Number of observations
   Group SM                                                   1491
   Group MM                                                    673
   Total sample size                                          2164

Number of dependent variables                                    6
Number of independent variables                                  0
Number of continuous latent variables                            1

Observed dependent variables

  Binary and ordered categorical (ordinal)
   V65         V66         V67         V68         V69         V70

Continuous latent variables
   F1

Variables with special functions

  Grouping variable     COMP_MOD

Estimator                                                    WLSMV
Maximum number of iterations                                100000
Convergence criterion                                    0.500D-04
Maximum number of steepest descent iterations                   20
Maximum number of iterations for H1                           2000
Convergence criterion for H1                             0.100D-03
Parameterization                                             THETA
Link                                                        PROBIT

Input data file(s)
  eq/data.dta

Input data format  FREE


SUMMARY OF DATA

   Group SM
     Number of missing data patterns             8

   Group MM
     Number of missing data patterns            23


COVARIANCE COVERAGE OF DATA

Minimum covariance coverage value   0.100


     PROPORTION OF DATA PRESENT FOR SM


           Covariance Coverage
              V65           V66           V67           V68           V69
              ________      ________      ________      ________      ________
 V65            1.000
 V66            0.999         0.999
 V67            0.999         0.998         0.999
 V68            0.992         0.991         0.991         0.992
 V69            0.985         0.983         0.983         0.979         0.985
 V70            0.998         0.997         0.997         0.991         0.983


           Covariance Coverage
              V70
              ________
 V70            0.998


     PROPORTION OF DATA PRESENT FOR MM


           Covariance Coverage
              V65           V66           V67           V68           V69
              ________      ________      ________      ________      ________
 V65            0.991
 V66            0.964         0.972
 V67            0.957         0.954         0.966
 V68            0.970         0.963         0.958         0.979
 V69            0.911         0.902         0.899         0.905         0.915
 V70            0.972         0.960         0.954         0.966         0.906


           Covariance Coverage
              V70
              ________
 V70            0.981


UNIVARIATE PROPORTIONS AND COUNTS FOR CATEGORICAL VARIABLES

  Group SM
    V65
      Category 1    0.851         1269.000
      Category 2    0.139          207.000
      Category 3    0.010           15.000
    V66
      Category 1    0.251          373.000
      Category 2    0.500          745.000
      Category 3    0.249          371.000
    V67
      Category 1    0.314          467.000
      Category 2    0.586          872.000
      Category 3    0.101          150.000
    V68
      Category 1    0.291          430.000
      Category 2    0.515          761.000
      Category 3    0.195          288.000
    V69
      Category 1    0.590          866.000
      Category 2    0.263          386.000
      Category 3    0.147          216.000
    V70
      Category 1    0.455          677.000
      Category 2    0.485          721.000
      Category 3    0.060           90.000

  Group MM
    V65
      Category 1    0.817          545.000
      Category 2    0.171          114.000
      Category 3    0.012            8.000
    V66
      Category 1    0.205          134.000
      Category 2    0.537          351.000
      Category 3    0.258          169.000
    V67
      Category 1    0.302          196.000
      Category 2    0.629          409.000
      Category 3    0.069           45.000
    V68
      Category 1    0.275          181.000
      Category 2    0.551          363.000
      Category 3    0.175          115.000
    V69
      Category 1    0.541          333.000
      Category 2    0.284          175.000
      Category 3    0.175          108.000
    V70
      Category 1    0.397          262.000
      Category 2    0.514          339.000
      Category 3    0.089           59.000


SAMPLE STATISTICS


     ESTIMATED SAMPLE STATISTICS FOR SM


           MEANS/INTERCEPTS/THRESHOLDS
              V65$1         V65$2         V66$1         V66$2         V67$1
              ________      ________      ________      ________      ________
                1.041         2.324        -0.673         0.677        -0.486


           MEANS/INTERCEPTS/THRESHOLDS
              V67$2         V68$1         V68$2         V69$1         V69$2
              ________      ________      ________      ________      ________
                1.277        -0.551         0.861         0.227         1.049


           MEANS/INTERCEPTS/THRESHOLDS
              V70$1         V70$2
              ________      ________
               -0.113         1.551


           CORRELATION MATRIX (WITH VARIANCES ON THE DIAGONAL)
              V65           V66           V67           V68           V69
              ________      ________      ________      ________      ________
 V65
 V66            0.158
 V67            0.169         0.754
 V68            0.093         0.229         0.299
 V69            0.261         0.347         0.365         0.099
 V70            0.074         0.124         0.180         0.187         0.180


           CORRELATION MATRIX (WITH VARIANCES ON THE DIAGONAL)
              V70
              ________


     ESTIMATED SAMPLE STATISTICS FOR MM


           MEANS/INTERCEPTS/THRESHOLDS
              V65$1         V65$2         V66$1         V66$2         V67$1
              ________      ________      ________      ________      ________
                0.904         2.257        -0.824         0.648        -0.520


           MEANS/INTERCEPTS/THRESHOLDS
              V67$2         V68$1         V68$2         V69$1         V69$2
              ________      ________      ________      ________      ________
                1.482        -0.599         0.937         0.102         0.933


           MEANS/INTERCEPTS/THRESHOLDS
              V70$1         V70$2
              ________      ________
               -0.261         1.344


           CORRELATION MATRIX (WITH VARIANCES ON THE DIAGONAL)
              V65           V66           V67           V68           V69
              ________      ________      ________      ________      ________
 V65
 V66            0.072
 V67            0.220         0.687
 V68            0.163         0.203         0.318
 V69            0.262         0.224         0.273         0.037
 V70            0.189         0.097         0.180         0.259         0.114


           CORRELATION MATRIX (WITH VARIANCES ON THE DIAGONAL)
              V70
              ________


THE MODEL ESTIMATION TERMINATED NORMALLY



MODEL FIT INFORMATION

Number of Free Parameters                       35

Chi-Square Test of Model Fit

          Value                            106.326*
          Degrees of Freedom                    19
          P-Value                           0.0000

Chi-Square Contribution From Each Group

          SM                                55.273
          MM                                51.053

*   The chi-square value for MLM, MLMV, MLR, ULSMV, WLSM and WLSMV cannot be used
    for chi-square difference testing in the regular way.  MLM, MLR and WLSM
    chi-square difference testing is described on the Mplus website.  MLMV, WLSMV,
    and ULSMV difference testing is done using the DIFFTEST option.

RMSEA (Root Mean Square Error Of Approximation)

          Estimate                           0.065
          90 Percent C.I.                    0.053  0.078
          Probability RMSEA <= .05           0.018

CFI/TLI

          CFI                                0.978
          TLI                                0.966

Chi-Square Test of Model Fit for the Baseline Model

          Value                           4037.886
          Degrees of Freedom                    30
          P-Value                           0.0000

WRMR (Weighted Root Mean Square Residual)

          Value                              1.762



MODEL RESULTS

                                                    Two-Tailed
                    Estimate       S.E.  Est./S.E.    P-Value

Group SM

 F1       BY
    V65                1.000      0.000    999.000    999.000
    V66                5.448      1.129      4.826      0.000
    V67                9.731      2.788      3.491      0.000
    V68                1.318      0.286      4.617      0.000
    V69                1.871      0.383      4.889      0.000
    V70                0.916      0.220      4.164      0.000

 Means
    F1                 0.000      0.000    999.000    999.000

 Thresholds
    V65$1              1.057      0.040     26.360      0.000
    V65$2              2.439      0.095     25.560      0.000
    V66$1             -1.144      0.088    -12.980      0.000
    V66$2              1.151      0.084     13.714      0.000
    V67$1             -1.288      0.239     -5.389      0.000
    V67$2              3.386      0.577      5.868      0.000
    V68$1             -0.581      0.036    -15.984      0.000
    V68$2              0.907      0.040     22.752      0.000
    V69$1              0.250      0.037      6.806      0.000
    V69$2              1.160      0.046     25.417      0.000
    V70$1             -0.116      0.033     -3.474      0.001
    V70$2              1.592      0.053     29.790      0.000

 Variances
    F1                 0.064      0.025      2.594      0.009

 Residual Variances
    V65                1.000      0.000    999.000    999.000
    V66                1.000      0.000    999.000    999.000
    V67                1.000      0.000    999.000    999.000
    V68                1.000      0.000    999.000    999.000
    V69                1.000      0.000    999.000    999.000
    V70                1.000      0.000    999.000    999.000

Group MM

 F1       BY
    V65                1.000      0.000    999.000    999.000
    V66                3.151      0.868      3.633      0.000
    V67                7.918      2.610      3.033      0.002
    V68                1.082      0.314      3.447      0.001
    V69                2.334      1.312      1.779      0.075
    V70                0.352      0.165      2.125      0.034

 Means
    F1                 0.000      0.000    999.000    999.000

 Thresholds
    V65$1              1.057      0.040     26.360      0.000
    V65$2              2.439      0.095     25.560      0.000
    V66$1             -1.144      0.088    -12.980      0.000
    V66$2              0.899      0.129      6.993      0.000
    V67$1             -1.288      0.239     -5.389      0.000
    V67$2              3.679      0.812      4.532      0.000
    V68$1             -0.581      0.036    -15.984      0.000
    V68$2              0.909      0.123      7.395      0.000
    V69$1              0.250      0.037      6.806      0.000
    V69$2              2.162      1.003      2.154      0.031
    V70$1             -0.116      0.033     -3.474      0.001
    V70$2              0.598      0.212      2.816      0.005

 Variances
    F1                 0.093      0.046      2.033      0.042

 Residual Variances
    V65                1.170      0.140      8.352      0.000
    V66                1.001      0.225      4.440      0.000
    V67                0.331      0.636      0.520      0.603
    V68                0.832      0.179      4.647      0.000
    V69                4.858      4.778      1.017      0.309
    V70                0.186      0.128      1.452      0.147


STANDARDIZED MODEL RESULTS


STDYX Standardization

                                                    Two-Tailed
                    Estimate       S.E.  Est./S.E.    P-Value

Group SM

 F1       BY
    V65                0.245      0.044      5.517      0.000
    V66                0.809      0.025     32.220      0.000
    V67                0.926      0.027     34.852      0.000
    V68                0.316      0.029     10.935      0.000
    V69                0.427      0.030     14.375      0.000
    V70                0.225      0.032      7.059      0.000

 Means
    F1                 0.000      0.000    999.000    999.000

 Thresholds
    V65$1              1.025      0.038     27.229      0.000
    V65$2              2.365      0.090     26.157      0.000
    V66$1             -0.673      0.035    -19.063      0.000
    V66$2              0.677      0.035     19.163      0.000
    V67$1             -0.486      0.034    -14.335      0.000
    V67$2              1.277      0.044     28.895      0.000
    V68$1             -0.551      0.034    -15.999      0.000
    V68$2              0.861      0.037     23.024      0.000
    V69$1              0.226      0.033      6.847      0.000
    V69$2              1.049      0.040     26.110      0.000
    V70$1             -0.113      0.033     -3.474      0.001
    V70$2              1.551      0.052     30.081      0.000

 Variances
    F1                 1.000      0.000    999.000    999.000

 Residual Variances
    V65                0.940      0.022     43.349      0.000
    V66                0.346      0.041      8.529      0.000
    V67                0.142      0.049      2.892      0.004
    V68                0.900      0.018     49.437      0.000
    V69                0.818      0.025     32.258      0.000
    V70                0.949      0.014     66.165      0.000

Group MM

 F1       BY
    V65                0.271      0.064      4.244      0.000
    V66                0.693      0.040     17.317      0.000
    V67                0.973      0.052     18.760      0.000
    V68                0.340      0.043      7.851      0.000
    V69                0.307      0.050      6.119      0.000
    V70                0.241      0.048      4.988      0.000

 Means
    F1                 0.000      0.000    999.000    999.000

 Thresholds
    V65$1              0.940      0.049     19.290      0.000
    V65$2              2.170      0.114     19.016      0.000
    V66$1             -0.824      0.056    -14.834      0.000
    V66$2              0.648      0.053     12.245      0.000
    V67$1             -0.519      0.052    -10.045      0.000
    V67$2              1.482      0.075     19.811      0.000
    V68$1             -0.599      0.052    -11.484      0.000
    V68$2              0.937      0.057     16.299      0.000
    V69$1              0.108      0.051      2.134      0.033
    V69$2              0.933      0.059     15.721      0.000
    V70$1             -0.261      0.049     -5.288      0.000
    V70$2              1.344      0.069     19.561      0.000

 Variances
    F1                 1.000      0.000    999.000    999.000

 Residual Variances
    V65                0.926      0.035     26.681      0.000
    V66                0.520      0.055      9.374      0.000
    V67                0.054      0.101      0.532      0.595
    V68                0.884      0.029     30.010      0.000
    V69                0.905      0.031     29.308      0.000
    V70                0.942      0.023     40.340      0.000


R-SQUARE

Group SM

    Observed                                        Two-Tailed     Scale
    Variable        Estimate       S.E.  Est./S.E.    P-Value     Factors

    V65                0.060      0.022      2.759      0.006      0.970
    V66                0.654      0.041     16.110      0.000      0.588
    V67                0.858      0.049     17.426      0.000      0.377
    V68                0.100      0.018      5.468      0.000      0.949
    V69                0.182      0.025      7.188      0.000      0.904
    V70                0.051      0.014      3.530      0.000      0.974

Group MM

    Observed                                        Two-Tailed     Scale
    Variable        Estimate       S.E.  Est./S.E.    P-Value     Factors

    V65                0.074      0.035      2.122      0.034      0.890
    V66                0.480      0.055      8.659      0.000      0.721
    V67                0.946      0.101      9.380      0.000      0.403
    V68                0.116      0.029      3.926      0.000      1.031
    V69                0.095      0.031      3.060      0.002      0.432
    V70                0.058      0.023      2.494      0.013      2.250


QUALITY OF NUMERICAL RESULTS

     Condition Number for the Information Matrix              0.104E-05
       (ratio of smallest to largest eigenvalue)


MODEL MODIFICATION INDICES

NOTE:  Modification indices for direct effects of observed dependent variables
regressed on covariates and residual covariances among observed dependent
variables may not be included.  To include these, request MODINDICES (ALL).

Minimum M.I. value for printing the modification index    10.000

                                   M.I.     E.P.C.  Std E.P.C.  StdYX E.P.C.
Group SM


WITH Statements

V67      WITH V66                 18.510     2.370      2.370        2.370
V69      WITH V65                 18.668     0.205      0.205        0.205
V70      WITH V68                 19.728     0.137      0.137        0.137

Means/Intercepts/Thresholds

[ V69      ]                     999.000     0.000      0.000        0.000
[ V69$1    ]                     999.000     0.000      0.000        0.000

Group MM


Means/Intercepts/Thresholds

[ V69      ]                     999.000     0.000      0.000        0.000
[ V69$1    ]                     999.000     0.000      0.000        0.000



SAVEDATA INFORMATION


  Difference testing

  Save file
    v65_config.dat
  Save format      Free

DIAGRAM INFORMATION

  Use View Diagram under the Diagram menu in the Mplus Editor to view the diagram.
  If running Mplus from the Mplus Diagrammer, the diagram opens automatically.

  Diagram output
    c:\users\msassac6\dropbox (the university of manchester)\papers\joe s\evs_mm_de_equivalence\mplus\eq\inv_data3_v65_c

     Beginning Time:  13:55:33
        Ending Time:  13:55:34
       Elapsed Time:  00:00:01



MUTHEN & MUTHEN
3463 Stoner Ave.
Los Angeles, CA  90066

Tel: (310) 391-9971
Fax: (310) 391-8971
Web: www.StatModel.com
Support: Support@StatModel.com

Copyright (c) 1998-2017 Muthen & Muthen
