Mplus VERSION 8
MUTHEN & MUTHEN
07/06/2020   1:55 PM

INPUT INSTRUCTIONS

  TITLE: Your title goes here

   DATA: FILE = eq/data.dta;

   VARIABLE:

   NAMES = id_cocas weight comp_mode comp_len mode mm_matrix_group wei_mmf v2 v3 v4 v32
       v33 v34 v35 v36 v37 v46 v47 v48 v49 v50 v65 v66 v67 v68 v69 v70 v82 v83 v84 v98
       v99 v100 v101 v103 v104 v105 v106 v107 v115 v116 v117 v118 v119 v120 v121 v122
       v123 v124 v125 v126 v127 v128 v129 v130 v131 v132 v133 v134 v135 v136 v137 v138
       v139 v140 v141 v145 v146 v147 v148 v149 v150 v151 v152 v153 v154 v155 v156 v157
       v158 v159 v160 v161 v162 v163 v164 v165 v166 v167 v176 v177 v178 v179 v180 v181
       v182 v183 v185 v186 v187 v188 v189 v191 v192 v193 v194 v195 v196 v197 v199 v200
       v201 v202 v203 v205 v206 v207 v208 v209 v210 v211 v212 v213 v214 v215 v216 v217
       v218 v220 v221 v222 v223 v224 v267 v268 v269 v271 v272 v273;

   MISSING=.;

   USEVARIABLES ARE
   v65
   v66
   v67
   v68
   v69
   v70;

   CATEGORICAL ARE
   v65
   v66
   v67
   v68
   v69
   v70;

   GROUPING IS comp_len (0=full 1=short);


   Analysis:

                  ESTIMATOR = WLSMV;

                  ITERATIONS = 100000;

                  PARAMETERIZATION = THETA;

  Model:


  f1 BY v65@1
  v66 (L2)
  v67 (L3)
  v68 (L4)
  v69 (L5)
  v70 (L6)
  ;


  [v65$1] (t_v65_1);
  [v65$2] (t_v65_2);

   [f1@0];
  [v66$1] (t_v66_1);
  [v66$2] (t_v66_2);

   [f1@0];
  [v67$1] (t_v67_1);
  [v67$2] (t_v67_2);

   [f1@0];
  [v68$1] (t_v68_1);
  [v68$2] (t_v68_2);

   [f1@0];
  [v69$1] (t_v69_1);
  [v69$2] (t_v69_2);

   [f1@0];
  [v70$1] (t_v70_1);
  [v70$2] (t_v70_2);

   [f1@0];

  Model short:

  f1 BY v65@1
  v66 (L2)
  v67 (L3)
  v68 (L4)
  v69 (L5)
  v70 (L6)
  ;


  [v65$1] (t_v65_1);
  [v65$2] (t_v65_2);

   [f1@0];
  [v66$1] (t_v66_1);
  [v66$2] (t_v66_2);

   [f1@0];
  [v67$1] (t_v67_1);
  [v67$2] (t_v67_2);

   [f1@0];
  [v68$1] (t_v68_1);
  [v68$2] (t_v68_2);

   [f1@0];
  [v69$1] (t_v69_1);
  [v69$2] (t_v69_2);

   [f1@0];
  [v70$1] (t_v70_1);
  [v70$2] (t_v70_2);

   [f1@0];

   SAVEDATA: DIFFTEST IS v65_scalar.dat;

   OUTPUT: SAMPSTAT;

                                  MODINDICES;

                                  STDYX;




*** WARNING
  Data set contains unknown or missing values for GROUPING,
  PATTERN, COHORT, CLUSTER and/or STRATIFICATION variables.
  Number of cases with unknown or missing values:  1494
*** WARNING
  Data set contains cases with missing on all variables.
  These cases were not included in the analysis.
  Number of cases with missing on all variables:  1623
   2 WARNING(S) FOUND IN THE INPUT INSTRUCTIONS



Your title goes here

SUMMARY OF ANALYSIS

Number of groups                                                 2
Number of observations
   Group FULL                                                  673
   Group SHORT                                                1626
   Total sample size                                          2299

Number of dependent variables                                    6
Number of independent variables                                  0
Number of continuous latent variables                            1

Observed dependent variables

  Binary and ordered categorical (ordinal)
   V65         V66         V67         V68         V69         V70

Continuous latent variables
   F1

Variables with special functions

  Grouping variable     COMP_LEN

Estimator                                                    WLSMV
Maximum number of iterations                                100000
Convergence criterion                                    0.500D-04
Maximum number of steepest descent iterations                   20
Maximum number of iterations for H1                           2000
Convergence criterion for H1                             0.100D-03
Parameterization                                             THETA
Link                                                        PROBIT

Input data file(s)
  eq/data.dta

Input data format  FREE


SUMMARY OF DATA

   Group FULL
     Number of missing data patterns            23

   Group SHORT
     Number of missing data patterns            25


COVARIANCE COVERAGE OF DATA

Minimum covariance coverage value   0.100


     PROPORTION OF DATA PRESENT FOR FULL


           Covariance Coverage
              V65           V66           V67           V68           V69
              ________      ________      ________      ________      ________
 V65            0.991
 V66            0.964         0.972
 V67            0.957         0.954         0.966
 V68            0.970         0.963         0.958         0.979
 V69            0.911         0.902         0.899         0.905         0.915
 V70            0.972         0.960         0.954         0.966         0.906


           Covariance Coverage
              V70
              ________
 V70            0.981


     PROPORTION OF DATA PRESENT FOR SHORT


           Covariance Coverage
              V65           V66           V67           V68           V69
              ________      ________      ________      ________      ________
 V65            0.993
 V66            0.970         0.975
 V67            0.983         0.967         0.990
 V68            0.969         0.953         0.966         0.974
 V69            0.923         0.911         0.921         0.911         0.928
 V70            0.977         0.961         0.974         0.962         0.916


           Covariance Coverage
              V70
              ________
 V70            0.982


UNIVARIATE PROPORTIONS AND COUNTS FOR CATEGORICAL VARIABLES

  Group FULL
    V65
      Category 1    0.817          545.000
      Category 2    0.171          114.000
      Category 3    0.012            8.000
    V66
      Category 1    0.205          134.000
      Category 2    0.537          351.000
      Category 3    0.258          169.000
    V67
      Category 1    0.302          196.000
      Category 2    0.629          409.000
      Category 3    0.069           45.000
    V68
      Category 1    0.275          181.000
      Category 2    0.551          363.000
      Category 3    0.175          115.000
    V69
      Category 1    0.541          333.000
      Category 2    0.284          175.000
      Category 3    0.175          108.000
    V70
      Category 1    0.397          262.000
      Category 2    0.514          339.000
      Category 3    0.089           59.000

  Group SHORT
    V65
      Category 1    0.816         1318.000
      Category 2    0.168          272.000
      Category 3    0.015           25.000
    V66
      Category 1    0.201          318.000
      Category 2    0.524          830.000
      Category 3    0.276          437.000
    V67
      Category 1    0.310          498.000
      Category 2    0.595          958.000
      Category 3    0.095          153.000
    V68
      Category 1    0.288          456.000
      Category 2    0.534          846.000
      Category 3    0.178          282.000
    V69
      Category 1    0.492          743.000
      Category 2    0.319          481.000
      Category 3    0.189          285.000
    V70
      Category 1    0.367          586.000
      Category 2    0.530          847.000
      Category 3    0.103          164.000


SAMPLE STATISTICS


     ESTIMATED SAMPLE STATISTICS FOR FULL


           MEANS/INTERCEPTS/THRESHOLDS
              V65$1         V65$2         V66$1         V66$2         V67$1
              ________      ________      ________      ________      ________
                0.904         2.257        -0.824         0.648        -0.520


           MEANS/INTERCEPTS/THRESHOLDS
              V67$2         V68$1         V68$2         V69$1         V69$2
              ________      ________      ________      ________      ________
                1.482        -0.599         0.937         0.102         0.933


           MEANS/INTERCEPTS/THRESHOLDS
              V70$1         V70$2
              ________      ________
               -0.261         1.344


           CORRELATION MATRIX (WITH VARIANCES ON THE DIAGONAL)
              V65           V66           V67           V68           V69
              ________      ________      ________      ________      ________
 V65
 V66            0.072
 V67            0.220         0.687
 V68            0.163         0.203         0.318
 V69            0.262         0.224         0.273         0.037
 V70            0.189         0.097         0.180         0.259         0.114


           CORRELATION MATRIX (WITH VARIANCES ON THE DIAGONAL)
              V70
              ________


     ESTIMATED SAMPLE STATISTICS FOR SHORT


           MEANS/INTERCEPTS/THRESHOLDS
              V65$1         V65$2         V66$1         V66$2         V67$1
              ________      ________      ________      ________      ________
                0.901         2.158        -0.839         0.596        -0.497


           MEANS/INTERCEPTS/THRESHOLDS
              V67$2         V68$1         V68$2         V69$1         V69$2
              ________      ________      ________      ________      ________
                1.310        -0.560         0.923        -0.019         0.882


           MEANS/INTERCEPTS/THRESHOLDS
              V70$1         V70$2
              ________      ________
               -0.340         1.266


           CORRELATION MATRIX (WITH VARIANCES ON THE DIAGONAL)
              V65           V66           V67           V68           V69
              ________      ________      ________      ________      ________
 V65
 V66            0.055
 V67            0.126         0.741
 V68            0.057         0.159         0.217
 V69            0.261         0.301         0.344         0.105
 V70            0.025         0.059         0.100         0.287         0.070


           CORRELATION MATRIX (WITH VARIANCES ON THE DIAGONAL)
              V70
              ________


THE MODEL ESTIMATION TERMINATED NORMALLY



MODEL FIT INFORMATION

Number of Free Parameters                       25

Chi-Square Test of Model Fit

          Value                            175.071*
          Degrees of Freedom                    29
          P-Value                           0.0000

Chi-Square Contribution From Each Group

          FULL                              54.898
          SHORT                            120.173

*   The chi-square value for MLM, MLMV, MLR, ULSMV, WLSM and WLSMV cannot be used
    for chi-square difference testing in the regular way.  MLM, MLR and WLSM
    chi-square difference testing is described on the Mplus website.  MLMV, WLSMV,
    and ULSMV difference testing is done using the DIFFTEST option.

RMSEA (Root Mean Square Error Of Approximation)

          Estimate                           0.066
          90 Percent C.I.                    0.057  0.076
          Probability RMSEA <= .05           0.002

CFI/TLI

          CFI                                0.958
          TLI                                0.957

Chi-Square Test of Model Fit for the Baseline Model

          Value                           3538.009
          Degrees of Freedom                    30
          P-Value                           0.0000

WRMR (Weighted Root Mean Square Residual)

          Value                              2.565



MODEL RESULTS

                                                    Two-Tailed
                    Estimate       S.E.  Est./S.E.    P-Value

Group FULL

 F1       BY
    V65                1.000      0.000    999.000    999.000
    V66                5.322      1.084      4.911      0.000
    V67               22.051     16.889      1.306      0.192
    V68                1.522      0.321      4.743      0.000
    V69                1.967      0.413      4.766      0.000
    V70                0.921      0.230      3.996      0.000

 Means
    F1                 0.000      0.000    999.000    999.000

 Thresholds
    V65$1              0.944      0.049     19.102      0.000
    V65$2              2.290      0.119     19.261      0.000
    V66$1             -1.171      0.079    -14.771      0.000
    V66$2              0.856      0.062     13.786      0.000
    V67$1             -2.315      1.635     -1.416      0.157
    V67$2              6.248      4.411      1.416      0.157
    V68$1             -0.626      0.038    -16.543      0.000
    V68$2              1.015      0.049     20.653      0.000
    V69$1              0.017      0.029      0.585      0.559
    V69$2              0.959      0.065     14.828      0.000
    V70$1             -0.332      0.031    -10.805      0.000
    V70$2              1.358      0.064     21.216      0.000

 Variances
    F1                 0.036      0.014      2.552      0.011

 Residual Variances
    V65                1.000      0.000    999.000    999.000
    V66                1.000      0.000    999.000    999.000
    V67                1.000      0.000    999.000    999.000
    V68                1.000      0.000    999.000    999.000
    V69                1.000      0.000    999.000    999.000
    V70                1.000      0.000    999.000    999.000

Group SHORT

 F1       BY
    V65                1.000      0.000    999.000    999.000
    V66                5.322      1.084      4.911      0.000
    V67               22.051     16.889      1.306      0.192
    V68                1.522      0.321      4.743      0.000
    V69                1.967      0.413      4.766      0.000
    V70                0.921      0.230      3.996      0.000

 Means
    F1                 0.000      0.000    999.000    999.000

 Thresholds
    V65$1              0.944      0.049     19.102      0.000
    V65$2              2.290      0.119     19.261      0.000
    V66$1             -1.171      0.079    -14.771      0.000
    V66$2              0.856      0.062     13.786      0.000
    V67$1             -2.315      1.635     -1.416      0.157
    V67$2              6.248      4.411      1.416      0.157
    V68$1             -0.626      0.038    -16.543      0.000
    V68$2              1.015      0.049     20.653      0.000
    V69$1              0.017      0.029      0.585      0.559
    V69$2              0.959      0.065     14.828      0.000
    V70$1             -0.332      0.031    -10.805      0.000
    V70$2              1.358      0.064     21.216      0.000

 Variances
    F1                 0.041      0.016      2.591      0.010

 Residual Variances
    V65                1.083      0.124      8.712      0.000
    V66                0.783      0.112      7.016      0.000
    V67                2.392      2.910      0.822      0.411
    V68                1.160      0.120      9.664      0.000
    V69                0.986      0.156      6.316      0.000
    V70                1.110      0.120      9.278      0.000


STANDARDIZED MODEL RESULTS


STDYX Standardization

                                                    Two-Tailed
                    Estimate       S.E.  Est./S.E.    P-Value

Group FULL

 F1       BY
    V65                0.187      0.035      5.287      0.000
    V66                0.711      0.029     24.351      0.000
    V67                0.973      0.039     25.069      0.000
    V68                0.278      0.028     10.073      0.000
    V69                0.350      0.033     10.552      0.000
    V70                0.172      0.028      6.186      0.000

 Means
    F1                 0.000      0.000    999.000    999.000

 Thresholds
    V65$1              0.928      0.047     19.619      0.000
    V65$2              2.250      0.114     19.762      0.000
    V66$1             -0.823      0.042    -19.773      0.000
    V66$2              0.602      0.035     17.085      0.000
    V67$1             -0.537      0.035    -15.483      0.000
    V67$2              1.450      0.065     22.197      0.000
    V68$1             -0.601      0.035    -16.944      0.000
    V68$2              0.975      0.045     21.439      0.000
    V69$1              0.016      0.027      0.585      0.558
    V69$2              0.898      0.055     16.323      0.000
    V70$1             -0.327      0.030    -10.856      0.000
    V70$2              1.338      0.062     21.661      0.000

 Variances
    F1                 1.000      0.000    999.000    999.000

 Residual Variances
    V65                0.965      0.013     73.141      0.000
    V66                0.494      0.042     11.892      0.000
    V67                0.054      0.075      0.713      0.476
    V68                0.923      0.015     60.115      0.000
    V69                0.877      0.023     37.712      0.000
    V70                0.970      0.010    100.891      0.000

Group SHORT

 F1       BY
    V65                0.191      0.035      5.465      0.000
    V66                0.773      0.025     30.433      0.000
    V67                0.945      0.029     32.834      0.000
    V68                0.275      0.025     10.953      0.000
    V69                0.372      0.027     13.576      0.000
    V70                0.174      0.027      6.505      0.000

 Means
    F1                 0.000      0.000    999.000    999.000

 Thresholds
    V65$1              0.891      0.034     26.339      0.000
    V65$2              2.160      0.075     28.694      0.000
    V66$1             -0.840      0.033    -25.717      0.000
    V66$2              0.614      0.030     20.568      0.000
    V67$1             -0.490      0.028    -17.594      0.000
    V67$2              1.322      0.041     32.504      0.000
    V68$1             -0.559      0.029    -19.396      0.000
    V68$2              0.906      0.033     27.049      0.000
    V69$1              0.016      0.027      0.586      0.558
    V69$2              0.896      0.036     24.821      0.000
    V70$1             -0.311      0.027    -11.517      0.000
    V70$2              1.269      0.041     31.168      0.000

 Variances
    F1                 1.000      0.000    999.000    999.000

 Residual Variances
    V65                0.963      0.013     72.104      0.000
    V66                0.403      0.039     10.257      0.000
    V67                0.107      0.054      1.968      0.049
    V68                0.924      0.014     66.774      0.000
    V69                0.861      0.020     42.143      0.000
    V70                0.970      0.009    103.745      0.000


R-SQUARE

Group FULL

    Observed                                        Two-Tailed     Scale
    Variable        Estimate       S.E.  Est./S.E.    P-Value     Factors

    V65                0.035      0.013      2.644      0.008      0.982
    V66                0.506      0.042     12.176      0.000      0.703
    V67                0.946      0.075     12.534      0.000      0.232
    V68                0.077      0.015      5.036      0.000      0.961
    V69                0.123      0.023      5.276      0.000      0.937
    V70                0.030      0.010      3.093      0.002      0.985

Group SHORT

    Observed                                        Two-Tailed     Scale
    Variable        Estimate       S.E.  Est./S.E.    P-Value     Factors

    V65                0.037      0.013      2.732      0.006      0.943
    V66                0.597      0.039     15.216      0.000      0.717
    V67                0.893      0.054     16.417      0.000      0.212
    V68                0.076      0.014      5.477      0.000      0.893
    V69                0.139      0.020      6.788      0.000      0.935
    V70                0.030      0.009      3.252      0.001      0.935


QUALITY OF NUMERICAL RESULTS

     Condition Number for the Information Matrix              0.133E-06
       (ratio of smallest to largest eigenvalue)


MODEL MODIFICATION INDICES

NOTE:  Modification indices for direct effects of observed dependent variables
regressed on covariates and residual covariances among observed dependent
variables may not be included.  To include these, request MODINDICES (ALL).

Minimum M.I. value for printing the modification index    10.000

                                   M.I.     E.P.C.  Std E.P.C.  StdYX E.P.C.
Group FULL


WITH Statements

V69      WITH V65                 10.190     0.226      0.226        0.226
V70      WITH V68                 21.933     0.232      0.232        0.232

Group SHORT


WITH Statements

V66      WITH V65                 15.608    -0.436     -0.436       -0.474
V67      WITH V66                 26.363     3.404      3.404        2.487
V68      WITH V66                 12.109    -0.305     -0.305       -0.320
V69      WITH V65                 53.842     0.544      0.544        0.526
V70      WITH V66                 18.233    -0.359     -0.359       -0.385
V70      WITH V67                 15.973    -1.225     -1.225       -0.752
V70      WITH V68                193.431     0.782      0.782        0.689



SAVEDATA INFORMATION


  Difference testing

  Save file
    v65_scalar.dat
  Save format      Free

DIAGRAM INFORMATION

  Use View Diagram under the Diagram menu in the Mplus Editor to view the diagram.
  If running Mplus from the Mplus Diagrammer, the diagram opens automatically.

  Diagram output
    c:\users\msassac6\dropbox (the university of manchester)\papers\joe s\evs_mm_de_equivalence\mplus\eq\inv_data3_v65_c

     Beginning Time:  13:55:37
        Ending Time:  13:55:38
       Elapsed Time:  00:00:01



MUTHEN & MUTHEN
3463 Stoner Ave.
Los Angeles, CA  90066

Tel: (310) 391-9971
Fax: (310) 391-8971
Web: www.StatModel.com
Support: Support@StatModel.com

Copyright (c) 1998-2017 Muthen & Muthen
