Mplus VERSION 8
MUTHEN & MUTHEN
06/25/2020  12:17 PM

INPUT INSTRUCTIONS

  TITLE: Your title goes here

   DATA: FILE = cfa/data.dta;

   VARIABLE:

   NAMES = id_cocas caseno v1 v2 v3 v4 v5 v6 v32 v33 v34 v35 v36 v37 v46 v47 v48 v49
       v50 v65 v66 v67 v68 v69 v70 v98 v99 v100 v101 v103 v104 v105 v106 v107 v115
       v116 v117 v118 v119 v120 v121 v122 v123 v124 v125 v126 v127 v128 v129 v130 v131
       v132 v133 v134 v135 v136 v137 v138 v139 v140 v141 v145 v146 v147 v148 v149 v150
       v151 v152 v153 v154 v155 v156 v157 v158 v159 v160 v161 v162 v163 v164 v165 v166
       v167 v168 v176 v177 v178 v179 v180 v181 v182 v183 v185 v186 v187 v188 v189 v190
       v191 v192 v193 v194 v195 v196 v197 v199 v200 v201 v202 v203 v205 v206 v207 v208
       v209 v210 v211 v212 v213 v214 v215 v216 v217 v218 v219 v220 v221 v222 v223 v224
       v267 v268 v269 v270 v271 v272 v273 v274;

   MISSING=.;

   USEVARIABLES ARE
   v149
   v150
   v151
   v152
   v153
   v154
   v155
   v156
   v157
   v158
   v159
   v160
   v161
   v162;
   !v163;


   Model:

  f1 by v149
   v150
   v152
   v159
   v162;


  f2 by v151
   v153
   v154
   v155
   v156
   v157
   v158
   v160
   v161;
   !v163 ;


   OUTPUT: SAMPSTAT;

                                  MODINDICES;

                                  STDYX;




*** WARNING
  Data set contains cases with missing on all variables.
  These cases were not included in the analysis.
  Number of cases with missing on all variables:  178
   1 WARNING(S) FOUND IN THE INPUT INSTRUCTIONS



Your title goes here

SUMMARY OF ANALYSIS

Number of groups                                                 1
Number of observations                                       55098

Number of dependent variables                                   14
Number of independent variables                                  0
Number of continuous latent variables                            2

Observed dependent variables

  Continuous
   V149        V150        V151        V152        V153        V154
   V155        V156        V157        V158        V159        V160
   V161        V162

Continuous latent variables
   F1          F2


Estimator                                                       ML
Information matrix                                        OBSERVED
Maximum number of iterations                                  1000
Convergence criterion                                    0.500D-04
Maximum number of steepest descent iterations                   20
Maximum number of iterations for H1                           2000
Convergence criterion for H1                             0.100D-03

Input data file(s)
  cfa/data.dta

Input data format  FREE


SUMMARY OF DATA

     Number of missing data patterns          1253


COVARIANCE COVERAGE OF DATA

Minimum covariance coverage value   0.100


     PROPORTION OF DATA PRESENT


           Covariance Coverage
              V149          V150          V151          V152          V153
              ________      ________      ________      ________      ________
 V149           0.984
 V150           0.979         0.989
 V151           0.974         0.979         0.988
 V152           0.979         0.984         0.982         0.992
 V153           0.951         0.955         0.955         0.958         0.963
 V154           0.956         0.960         0.960         0.963         0.945
 V155           0.966         0.970         0.969         0.973         0.951
 V156           0.941         0.945         0.943         0.947         0.927
 V157           0.946         0.951         0.951         0.953         0.932
 V158           0.952         0.956         0.956         0.958         0.938
 V159           0.976         0.981         0.979         0.983         0.956
 V160           0.962         0.967         0.967         0.969         0.947
 V161           0.950         0.954         0.953         0.956         0.935
 V162           0.968         0.972         0.970         0.974         0.948


           Covariance Coverage
              V154          V155          V156          V157          V158
              ________      ________      ________      ________      ________
 V154           0.969
 V155           0.961         0.979
 V156           0.934         0.941         0.952
 V157           0.938         0.946         0.929         0.959
 V158           0.944         0.952         0.930         0.937         0.964
 V159           0.961         0.971         0.947         0.953         0.959
 V160           0.952         0.960         0.937         0.946         0.952
 V161           0.942         0.949         0.928         0.932         0.938
 V162           0.954         0.963         0.939         0.945         0.950


           Covariance Coverage
              V159          V160          V161          V162
              ________      ________      ________      ________
 V159           0.989
 V160           0.969         0.976
 V161           0.956         0.947         0.962
 V162           0.973         0.961         0.950         0.980


SAMPLE STATISTICS


     ESTIMATED SAMPLE STATISTICS


           Means
              V149          V150          V151          V152          V153
              ________      ________      ________      ________      ________
                2.143         2.103         2.480         1.584         5.126


           Means
              V154          V155          V156          V157          V158
              ________      ________      ________      ________      ________
                5.367         6.368         5.299         2.988         4.165


           Means
              V159          V160          V161          V162
              ________      ________      ________      ________
                2.658         3.042         6.984         1.648


           Covariances
              V149          V150          V151          V152          V153
              ________      ________      ________      ________      ________
 V149           4.117
 V150           1.956         4.160
 V151           0.877         0.935         5.815
 V152           1.185         1.364         1.030         2.221
 V153          -0.232        -0.583         3.772         0.139        14.424
 V154           0.001        -0.185         2.648         0.246         7.916
 V155          -0.075        -0.214         2.371         0.098         7.150
 V156           0.104         0.107         2.420         0.302         6.537
 V157           0.578         0.484         2.690         0.676         4.926
 V158           0.615         0.561         3.471         0.671         6.016
 V159           1.619         1.943         1.566         1.254         0.434
 V160           0.639         0.775         2.816         0.786         4.133
 V161          -0.318        -0.381         1.235        -0.121         4.568
 V162           0.942         0.910         0.781         0.942         0.221


           Covariances
              V154          V155          V156          V157          V158
              ________      ________      ________      ________      ________
 V154          10.698
 V155           7.342         9.593
 V156           6.098         5.597        11.174
 V157           3.976         3.421         4.143         7.378
 V158           5.282         5.060         4.547         3.906        10.046
 V159           0.837         1.014         1.030         1.172         2.128
 V160           3.432         3.055         3.358         3.386         4.243
 V161           4.668         4.792         4.160         1.837         3.419
 V162           0.291         0.132         0.444         0.887         0.713


           Covariances
              V159          V160          V161          V162
              ________      ________      ________      ________
 V159           5.799
 V160           1.573         6.994
 V161           0.903         1.768         9.566
 V162           1.103         0.937        -0.096         2.483


           Correlations
              V149          V150          V151          V152          V153
              ________      ________      ________      ________      ________
 V149           1.000
 V150           0.473         1.000
 V151           0.179         0.190         1.000
 V152           0.392         0.449         0.287         1.000
 V153          -0.030        -0.075         0.412         0.025         1.000
 V154           0.000        -0.028         0.336         0.050         0.637
 V155          -0.012        -0.034         0.317         0.021         0.608
 V156           0.015         0.016         0.300         0.061         0.515
 V157           0.105         0.087         0.411         0.167         0.477
 V158           0.096         0.087         0.454         0.142         0.500
 V159           0.331         0.396         0.270         0.349         0.047
 V160           0.119         0.144         0.442         0.200         0.411
 V161          -0.051        -0.060         0.166        -0.026         0.389
 V162           0.295         0.283         0.206         0.401         0.037


           Correlations
              V154          V155          V156          V157          V158
              ________      ________      ________      ________      ________
 V154           1.000
 V155           0.725         1.000
 V156           0.558         0.541         1.000
 V157           0.448         0.407         0.456         1.000
 V158           0.510         0.515         0.429         0.454         1.000
 V159           0.106         0.136         0.128         0.179         0.279
 V160           0.397         0.373         0.380         0.471         0.506
 V161           0.461         0.500         0.402         0.219         0.349
 V162           0.057         0.027         0.084         0.207         0.143


           Correlations
              V159          V160          V161          V162
              ________      ________      ________      ________
 V159           1.000
 V160           0.247         1.000
 V161           0.121         0.216         1.000
 V162           0.291         0.225        -0.020         1.000


     MAXIMUM LOG-LIKELIHOOD VALUE FOR THE UNRESTRICTED (H1) MODEL IS -1636180.579


UNIVARIATE SAMPLE STATISTICS


     UNIVARIATE HIGHER-ORDER MOMENT DESCRIPTIVE STATISTICS

         Variable/         Mean/     Skewness/   Minimum/ % with                Percentiles
        Sample Size      Variance    Kurtosis    Maximum  Min/Max      20%/60%    40%/80%    Median

     V149                  2.137       2.084       1.000   63.60%       1.000      1.000      1.000
           54212.000       4.106       3.906      10.000    1.66%       1.000      3.000
     V150                  2.098       2.205       1.000   64.87%       1.000      1.000      1.000
           54480.000       4.151       4.412      10.000    1.88%       1.000      3.000
     V151                  2.477       1.621       1.000   62.13%       1.000      1.000      1.000
           54415.000       5.811       1.597      10.000    2.62%       1.000      5.000
     V152                  1.581       3.347       1.000   78.65%       1.000      1.000      1.000
           54639.000       2.216      12.144      10.000    0.79%       1.000      2.000
     V153                  5.138       0.146       1.000   36.51%       1.000      2.000      5.000
           53065.000      14.516      -1.678      10.000   27.53%       7.000     10.000
     V154                  5.382       0.005       1.000   22.99%       1.000      5.000      5.000
           53366.000      10.736      -1.365      10.000   17.96%       6.000      9.000
     V155                  6.388      -0.387       1.000   12.86%       3.000      5.000      7.000
           53929.000       9.594      -1.082      10.000   26.13%       8.000     10.000
     V156                  5.320      -0.017       1.000   25.55%       1.000      5.000      5.000
           52465.000      11.217      -1.456      10.000   16.54%       7.000      9.000
     V157                  2.972       1.221       1.000   53.23%       1.000      1.000      1.000
           52844.000       7.390       0.304      10.000    4.58%       2.000      5.000
     V158                  4.174       0.547       1.000   36.07%       1.000      2.000      3.000
           53130.000      10.085      -1.068      10.000   10.56%       5.000      8.000
     V159                  2.656       1.514       1.000   53.17%       1.000      1.000      1.000
           54499.000       5.788       1.424      10.000    3.05%       2.000      5.000
     V160                  3.036       1.130       1.000   50.03%       1.000      1.000      1.000
           53753.000       6.996       0.167      10.000    3.81%       3.000      5.000
     V161                  7.011      -0.750       1.000   11.38%       4.000      7.000      8.000
           53010.000       9.554      -0.736      10.000   33.47%       9.000     10.000
     V162                  1.645       3.117       1.000   77.08%       1.000      1.000      1.000
           53995.000       2.478      10.307      10.000    0.88%       1.000      2.000


THE MODEL ESTIMATION TERMINATED NORMALLY



MODEL FIT INFORMATION

Number of Free Parameters                       43

Loglikelihood

          H0 Value                    -1654355.088
          H1 Value                    -1636180.579

Information Criteria

          Akaike (AIC)                 3308796.176
          Bayesian (BIC)               3309179.601
          Sample-Size Adjusted BIC     3309042.946
            (n* = (n + 2) / 24)

Chi-Square Test of Model Fit

          Value                          36349.017
          Degrees of Freedom                    76
          P-Value                           0.0000

RMSEA (Root Mean Square Error Of Approximation)

          Estimate                           0.093
          90 Percent C.I.                    0.092  0.094
          Probability RMSEA <= .05           0.000

CFI/TLI

          CFI                                0.865
          TLI                                0.839

Chi-Square Test of Model Fit for the Baseline Model

          Value                         269268.631
          Degrees of Freedom                    91
          P-Value                           0.0000

SRMR (Standardized Root Mean Square Residual)

          Value                              0.078



MODEL RESULTS

                                                    Two-Tailed
                    Estimate       S.E.  Est./S.E.    P-Value

 F1       BY
    V149               1.000      0.000    999.000    999.000
    V150               1.102      0.010    114.290      0.000
    V152               0.782      0.007    105.839      0.000
    V159               1.062      0.011     96.054      0.000
    V162               0.626      0.007     87.553      0.000

 F2       BY
    V151               1.000      0.000    999.000    999.000
    V153               2.418      0.022    112.264      0.000
    V154               2.230      0.020    113.066      0.000
    V155               2.060      0.018    111.822      0.000
    V156               1.894      0.018    105.208      0.000
    V157               1.363      0.014    100.622      0.000
    V158               1.790      0.017    107.427      0.000
    V160               1.237      0.013     97.337      0.000
    V161               1.366      0.015     90.229      0.000

 F2       WITH
    F1                 0.219      0.008     26.046      0.000

 Intercepts
    V149               2.142      0.009    246.225      0.000
    V150               2.102      0.009    240.867      0.000
    V151               2.478      0.010    240.118      0.000
    V152               1.584      0.006    248.690      0.000
    V153               5.129      0.016    313.550      0.000
    V154               5.364      0.014    381.767      0.000
    V155               6.367      0.013    479.636      0.000
    V156               5.297      0.014    366.103      0.000
    V157               2.991      0.012    254.656      0.000
    V158               4.168      0.014    304.905      0.000
    V159               2.659      0.010    258.006      0.000
    V160               3.043      0.011    267.571      0.000
    V161               6.983      0.013    522.175      0.000
    V162               1.649      0.007    243.565      0.000

 Variances
    F1                 1.602      0.023     68.637      0.000
    F2                 1.442      0.025     58.408      0.000

 Residual Variances
    V149               2.515      0.020    128.680      0.000
    V150               2.214      0.019    114.449      0.000
    V151               4.368      0.028    157.194      0.000
    V152               1.240      0.010    119.122      0.000
    V153               6.010      0.044    135.206      0.000
    V154               3.536      0.029    121.120      0.000
    V155               3.475      0.027    126.394      0.000
    V156               6.011      0.041    145.116      0.000
    V157               4.702      0.031    150.126      0.000
    V158               5.441      0.038    144.805      0.000
    V159               3.994      0.029    139.393      0.000
    V160               4.787      0.031    153.287      0.000
    V161               6.869      0.044    154.750      0.000
    V162               1.857      0.013    144.456      0.000


STANDARDIZED MODEL RESULTS


STDYX Standardization

                                                    Two-Tailed
                    Estimate       S.E.  Est./S.E.    P-Value

 F1       BY
    V149               0.624      0.004    175.749      0.000
    V150               0.684      0.003    203.996      0.000
    V152               0.664      0.003    193.918      0.000
    V159               0.558      0.004    146.980      0.000
    V162               0.502      0.004    123.643      0.000

 F2       BY
    V151               0.498      0.004    140.978      0.000
    V153               0.764      0.002    361.047      0.000
    V154               0.818      0.002    452.218      0.000
    V155               0.799      0.002    413.090      0.000
    V156               0.680      0.003    258.934      0.000
    V157               0.602      0.003    196.086      0.000
    V158               0.678      0.003    255.304      0.000
    V160               0.562      0.003    171.929      0.000
    V161               0.531      0.003    155.940      0.000

 F2       WITH
    F1                 0.144      0.005     27.694      0.000

 Intercepts
    V149               1.056      0.005    197.301      0.000
    V150               1.030      0.005    194.681      0.000
    V151               1.028      0.005    194.223      0.000
    V152               1.063      0.005    198.856      0.000
    V153               1.349      0.006    226.414      0.000
    V154               1.639      0.007    248.570      0.000
    V155               2.055      0.008    270.819      0.000
    V156               1.584      0.007    242.610      0.000
    V157               1.101      0.005    201.344      0.000
    V158               1.314      0.006    222.897      0.000
    V159               1.104      0.005    203.329      0.000
    V160               1.151      0.006    207.647      0.000
    V161               2.258      0.008    275.175      0.000
    V162               1.046      0.005    195.857      0.000

 Variances
    F1                 1.000      0.000    999.000    999.000
    F2                 1.000      0.000    999.000    999.000

 Residual Variances
    V149               0.611      0.004    137.970      0.000
    V150               0.532      0.005    116.035      0.000
    V151               0.752      0.004    213.492      0.000
    V152               0.558      0.005    122.645      0.000
    V153               0.416      0.003    128.641      0.000
    V154               0.330      0.003    111.506      0.000
    V155               0.362      0.003    117.289      0.000
    V156               0.538      0.004    150.465      0.000
    V157               0.637      0.004    172.137      0.000
    V158               0.541      0.004    150.286      0.000
    V159               0.689      0.004    162.446      0.000
    V160               0.685      0.004    186.538      0.000
    V161               0.719      0.004    199.012      0.000
    V162               0.748      0.004    183.085      0.000


R-SQUARE

    Observed                                        Two-Tailed
    Variable        Estimate       S.E.  Est./S.E.    P-Value

    V149               0.389      0.004     87.874      0.000
    V150               0.468      0.005    101.998      0.000
    V151               0.248      0.004     70.489      0.000
    V152               0.442      0.005     96.959      0.000
    V153               0.584      0.003    180.523      0.000
    V154               0.670      0.003    226.109      0.000
    V155               0.638      0.003    206.545      0.000
    V156               0.462      0.004    129.467      0.000
    V157               0.363      0.004     98.043      0.000
    V158               0.459      0.004    127.652      0.000
    V159               0.311      0.004     73.490      0.000
    V160               0.315      0.004     85.965      0.000
    V161               0.281      0.004     77.970      0.000
    V162               0.252      0.004     61.822      0.000


QUALITY OF NUMERICAL RESULTS

     Condition Number for the Information Matrix              0.325E-02
       (ratio of smallest to largest eigenvalue)


MODEL MODIFICATION INDICES

NOTE:  Modification indices for direct effects of observed dependent variables
regressed on covariates may not be included.  To include these, request
MODINDICES (ALL).

Minimum M.I. value for printing the modification index    10.000

                                   M.I.     E.P.C.  Std E.P.C.  StdYX E.P.C.

BY Statements

F1       BY V151                4814.773     0.586      0.742        0.308
F1       BY V153                1679.469    -0.441     -0.558       -0.147
F1       BY V154                 760.334    -0.238     -0.301       -0.092
F1       BY V155                 964.622    -0.259     -0.328       -0.106
F1       BY V157                1321.964     0.328      0.415        0.153
F1       BY V158                1370.126     0.365      0.462        0.146
F1       BY V160                2745.983     0.470      0.595        0.225
F1       BY V161                 587.546    -0.261     -0.330       -0.107
F2       BY V149                 254.690    -0.109     -0.131       -0.065
F2       BY V150                 903.946    -0.204     -0.245       -0.120
F2       BY V152                  32.633     0.028      0.034        0.023
F2       BY V159                1404.467     0.312      0.374        0.155
F2       BY V162                 185.216     0.076      0.091        0.058

WITH Statements

V150     WITH V149               892.798     0.497      0.497        0.211
V151     WITH V149                56.595     0.119      0.119        0.036
V151     WITH V150               135.559     0.179      0.179        0.058
V152     WITH V149               185.450    -0.163     -0.163       -0.092
V152     WITH V150                16.834    -0.052     -0.052       -0.032
V152     WITH V151              1200.704     0.393      0.393        0.169
V153     WITH V149                16.645    -0.082     -0.082       -0.021
V153     WITH V150               349.594    -0.364     -0.364       -0.100
V153     WITH V151               225.344     0.380      0.380        0.074
V154     WITH V150                69.319    -0.129     -0.129       -0.046
V154     WITH V151              1535.770    -0.799     -0.799       -0.203
V154     WITH V152                11.567    -0.039     -0.039       -0.019
V154     WITH V153               114.942     0.301      0.301        0.065
V155     WITH V149                26.712    -0.080     -0.080       -0.027
V155     WITH V150                49.690    -0.106     -0.106       -0.038
V155     WITH V151              1690.078    -0.809     -0.809       -0.208
V155     WITH V152               243.511    -0.173     -0.173       -0.083
V155     WITH V154              4774.366     1.553      1.553        0.443
V156     WITH V149                20.119    -0.087     -0.087       -0.022
V156     WITH V151               224.316    -0.365     -0.365       -0.071
V156     WITH V152                18.482    -0.060     -0.060       -0.022
V157     WITH V149                25.953     0.086      0.086        0.025
V157     WITH V151              1475.745     0.807      0.807        0.178
V157     WITH V152               177.309     0.161      0.161        0.067
V157     WITH V153                86.010     0.252      0.252        0.047
V157     WITH V154               719.221    -0.591     -0.591       -0.145
V157     WITH V155              1775.846    -0.895     -0.895       -0.222
V157     WITH V156               416.301     0.530      0.530        0.100
V158     WITH V151              2079.371     1.050      1.050        0.215
V158     WITH V153                95.832    -0.295     -0.295       -0.052
V158     WITH V154               895.622    -0.736     -0.736       -0.168
V158     WITH V155               251.609    -0.375     -0.375       -0.086
V158     WITH V156               215.557    -0.421     -0.421       -0.074
V158     WITH V157               379.255     0.479      0.479        0.095
V159     WITH V149                63.138    -0.144     -0.144       -0.046
V159     WITH V150                61.489     0.147      0.147        0.050
V159     WITH V151               310.852     0.342      0.342        0.082
V159     WITH V152               125.318    -0.152     -0.152       -0.068
V159     WITH V153               599.359    -0.601     -0.601       -0.123
V159     WITH V154               189.162    -0.269     -0.269       -0.072
V159     WITH V155                64.222     0.152      0.152        0.041
V159     WITH V158              1496.408     0.872      0.872        0.187
V160     WITH V150               102.540     0.165      0.165        0.051
V160     WITH V151              2996.603     1.143      1.143        0.250
V160     WITH V152               204.908     0.172      0.172        0.071
V160     WITH V153                67.178    -0.221     -0.221       -0.041
V160     WITH V154              1305.458    -0.787     -0.787       -0.191
V160     WITH V155              1678.906    -0.861     -0.861       -0.211
V160     WITH V157              2372.165     1.085      1.085        0.229
V160     WITH V158              2674.148     1.263      1.263        0.247
V160     WITH V159               331.663     0.375      0.375        0.086
V161     WITH V149               106.802    -0.209     -0.209       -0.050
V161     WITH V150                85.317    -0.181     -0.181       -0.046
V161     WITH V151              1043.912    -0.810     -0.810       -0.148
V161     WITH V152               195.946    -0.202     -0.202       -0.069
V161     WITH V153                60.642    -0.251     -0.251       -0.039
V161     WITH V154               218.224     0.384      0.384        0.078
V161     WITH V155              1566.338     0.993      0.993        0.203
V161     WITH V156               263.242     0.502      0.502        0.078
V161     WITH V157              1312.909    -0.969     -0.969       -0.170
V161     WITH V158                16.466    -0.119     -0.119       -0.019
V161     WITH V159               439.641     0.518      0.518        0.099
V161     WITH V160               805.413    -0.754     -0.754       -0.131
V162     WITH V149                56.540    -0.089     -0.089       -0.041
V162     WITH V150               901.898    -0.362     -0.362       -0.179
V162     WITH V151               145.877     0.158      0.158        0.056
V162     WITH V152               999.424     0.277      0.277        0.182
V162     WITH V153                10.496    -0.054     -0.054       -0.016
V162     WITH V154                46.260    -0.090     -0.090       -0.035
V162     WITH V155               316.282    -0.227     -0.227       -0.089
V162     WITH V156                12.695     0.057      0.057        0.017
V162     WITH V157               889.907     0.416      0.416        0.141
V162     WITH V158                33.542     0.088      0.088        0.028
V162     WITH V159                17.369     0.059      0.059        0.022
V162     WITH V160               775.998     0.386      0.386        0.130
V162     WITH V161               212.640    -0.243     -0.243       -0.068


DIAGRAM INFORMATION

  Use View Diagram under the Diagram menu in the Mplus Editor to view the diagram.
  If running Mplus from the Mplus Diagrammer, the diagram opens automatically.

  Diagram output
    c:\users\msassac6\dropbox (the university of manchester)\papers\joe s\evs_mm_de_equivalence\mplus\cfa\inv_data3_v149

     Beginning Time:  12:17:41
        Ending Time:  12:17:50
       Elapsed Time:  00:00:09



MUTHEN & MUTHEN
3463 Stoner Ave.
Los Angeles, CA  90066

Tel: (310) 391-9971
Fax: (310) 391-8971
Web: www.StatModel.com
Support: Support@StatModel.com

Copyright (c) 1998-2017 Muthen & Muthen
