Mplus VERSION 8
MUTHEN & MUTHEN
06/26/2020   8:44 AM

INPUT INSTRUCTIONS

  TITLE: Your title goes here

   DATA: FILE = cfa/data.dta;

   VARIABLE:

   NAMES = id_cocas caseno v1 v2 v3 v4 v5 v6 v32 v33 v34 v35 v36 v37 v46 v47 v48 v49
       v50 v65 v66 v67 v68 v69 v70 v98 v99 v100 v101 v103 v104 v105 v106 v107 v115
       v116 v117 v118 v119 v120 v121 v122 v123 v124 v125 v126 v127 v128 v129 v130 v131
       v132 v133 v134 v135 v136 v137 v138 v139 v140 v141 v145 v146 v147 v148 v149 v150
       v151 v152 v153 v154 v155 v156 v157 v158 v159 v160 v161 v162 v163 v164 v165 v166
       v167 v168 v176 v177 v178 v179 v180 v181 v182 v183 v185 v186 v187 v188 v189 v190
       v191 v192 v193 v194 v195 v196 v197 v199 v200 v201 v202 v203 v205 v206 v207 v208
       v209 v210 v211 v212 v213 v214 v215 v216 v217 v218 v219 v220 v221 v222 v223 v224
       v267 v268 v269 v270 v271 v272 v273 v274;

   MISSING=.;

   USEVARIABLES ARE
   v267
   v268
   v269
   !v270
   v271
   v272
   v273
   !v274
   ;

   CATEGORICAL ARE
   v267
   v268
   v269
   !v270
   v271
   v272
   v273
   !v274
   ;


   Model:

  f by v267
   v268
   v269
  ! v270
   v271
   v272
   v273
  ! v274
  ;


   OUTPUT: SAMPSTAT;

                                  MODINDICES;

                                  STDYX;




*** WARNING
  Data set contains cases with missing on all variables.
  These cases were not included in the analysis.
  Number of cases with missing on all variables:  844
   1 WARNING(S) FOUND IN THE INPUT INSTRUCTIONS



Your title goes here

SUMMARY OF ANALYSIS

Number of groups                                                 1
Number of observations                                       54432

Number of dependent variables                                    6
Number of independent variables                                  0
Number of continuous latent variables                            1

Observed dependent variables

  Binary and ordered categorical (ordinal)
   V267        V268        V269        V271        V272        V273

Continuous latent variables
   F


Estimator                                                    WLSMV
Maximum number of iterations                                  1000
Convergence criterion                                    0.500D-04
Maximum number of steepest descent iterations                   20
Maximum number of iterations for H1                           2000
Convergence criterion for H1                             0.100D-03
Parameterization                                             DELTA
Link                                                        PROBIT

Input data file(s)
  cfa/data.dta

Input data format  FREE


SUMMARY OF DATA

     Number of missing data patterns            63


COVARIANCE COVERAGE OF DATA

Minimum covariance coverage value   0.100


     PROPORTION OF DATA PRESENT


           Covariance Coverage
              V267          V268          V269          V271          V272
              ________      ________      ________      ________      ________
 V267           0.975
 V268           0.968         0.986
 V269           0.959         0.967         0.974
 V271           0.942         0.947         0.940         0.957
 V272           0.950         0.962         0.950         0.951         0.971
 V273           0.943         0.951         0.945         0.947         0.955


           Covariance Coverage
              V273
              ________
 V273           0.963


UNIVARIATE PROPORTIONS AND COUNTS FOR CATEGORICAL VARIABLES

    V267
      Category 1    0.343        18190.000
      Category 2    0.194        10324.000
      Category 3    0.185         9797.000
      Category 4    0.268        14248.000
      Category 5    0.010          532.000
    V268
      Category 1    0.065         3485.000
      Category 2    0.108         5794.000
      Category 3    0.191        10266.000
      Category 4    0.627        33636.000
      Category 5    0.009          488.000
    V269
      Category 1    0.300        15910.000
      Category 2    0.265        14046.000
      Category 3    0.209        11060.000
      Category 4    0.215        11402.000
      Category 5    0.011          600.000
    V271
      Category 1    0.248        12944.000
      Category 2    0.169         8800.000
      Category 3    0.188         9780.000
      Category 4    0.369        19204.000
      Category 5    0.026         1380.000
    V272
      Category 1    0.116         6148.000
      Category 2    0.154         8140.000
      Category 3    0.199        10520.000
      Category 4    0.504        26658.000
      Category 5    0.026         1380.000
    V273
      Category 1    0.495        25929.000
      Category 2    0.242        12697.000
      Category 3    0.123         6429.000
      Category 4    0.112         5891.000
      Category 5    0.028         1450.000


SAMPLE STATISTICS


     ESTIMATED SAMPLE STATISTICS


           MEANS/INTERCEPTS/THRESHOLDS
              V267$1        V267$2        V267$3        V267$4        V268$1
              ________      ________      ________      ________      ________
               -0.405         0.093         0.588         2.326        -1.515


           MEANS/INTERCEPTS/THRESHOLDS
              V268$2        V268$3        V268$4        V269$1        V269$2
              ________      ________      ________      ________      ________
               -0.943        -0.347         2.362        -0.524         0.164


           MEANS/INTERCEPTS/THRESHOLDS
              V269$3        V269$4        V271$1        V271$2        V271$3
              ________      ________      ________      ________      ________
                0.751         2.280        -0.680        -0.209         0.266


           MEANS/INTERCEPTS/THRESHOLDS
              V271$4        V272$1        V272$2        V272$3        V272$4
              ________      ________      ________      ________      ________
                1.935        -1.193        -0.612        -0.077         1.941


           MEANS/INTERCEPTS/THRESHOLDS
              V273$1        V273$2        V273$3        V273$4
              ________      ________      ________      ________
               -0.013         0.635         1.080         1.916


           CORRELATION MATRIX (WITH VARIANCES ON THE DIAGONAL)
              V267          V268          V269          V271          V272
              ________      ________      ________      ________      ________
 V267
 V268           0.491
 V269           0.526         0.585
 V271           0.473         0.348         0.330
 V272           0.282         0.668         0.344         0.531
 V273           0.354         0.314         0.583         0.569         0.589


           CORRELATION MATRIX (WITH VARIANCES ON THE DIAGONAL)
              V273
              ________


THE MODEL ESTIMATION TERMINATED NORMALLY



MODEL FIT INFORMATION

Number of Free Parameters                       30

Chi-Square Test of Model Fit

          Value                          17244.463*
          Degrees of Freedom                     9
          P-Value                           0.0000

*   The chi-square value for MLM, MLMV, MLR, ULSMV, WLSM and WLSMV cannot be used
    for chi-square difference testing in the regular way.  MLM, MLR and WLSM
    chi-square difference testing is described on the Mplus website.  MLMV, WLSMV,
    and ULSMV difference testing is done using the DIFFTEST option.

RMSEA (Root Mean Square Error Of Approximation)

          Estimate                           0.188
          90 Percent C.I.                    0.185  0.190
          Probability RMSEA <= .05           0.000

CFI/TLI

          CFI                                0.920
          TLI                                0.867

Chi-Square Test of Model Fit for the Baseline Model

          Value                         215919.968
          Degrees of Freedom                    15
          P-Value                           0.0000

WRMR (Weighted Root Mean Square Residual)

          Value                             18.487



MODEL RESULTS

                                                    Two-Tailed
                    Estimate       S.E.  Est./S.E.    P-Value

 F        BY
    V267               1.000      0.000    999.000    999.000
    V268               1.279      0.007    180.835      0.000
    V269               1.145      0.006    178.355      0.000
    V271               1.070      0.006    167.570      0.000
    V272               1.262      0.007    182.124      0.000
    V273               1.218      0.007    174.067      0.000

 Thresholds
    V267$1            -0.405      0.006    -72.316      0.000
    V267$2             0.093      0.005     17.084      0.000
    V267$3             0.588      0.006    101.406      0.000
    V267$4             2.326      0.016    143.646      0.000
    V268$1            -1.515      0.008   -180.412      0.000
    V268$2            -0.943      0.006   -147.742      0.000
    V268$3            -0.347      0.006    -62.803      0.000
    V268$4             2.362      0.017    141.373      0.000
    V269$1            -0.524      0.006    -91.575      0.000
    V269$2             0.164      0.005     29.928      0.000
    V269$3             0.751      0.006    124.328      0.000
    V269$4             2.280      0.015    147.298      0.000
    V271$1            -0.680      0.006   -113.690      0.000
    V271$2            -0.209      0.006    -37.736      0.000
    V271$3             0.266      0.006     47.871      0.000
    V271$4             1.935      0.011    168.740      0.000
    V272$1            -1.193      0.007   -167.464      0.000
    V272$2            -0.612      0.006   -104.754      0.000
    V272$3            -0.077      0.005    -14.049      0.000
    V272$4             1.941      0.011    169.628      0.000
    V273$1            -0.013      0.005     -2.350      0.019
    V273$2             0.635      0.006    107.659      0.000
    V273$3             1.080      0.007    158.585      0.000
    V273$4             1.916      0.011    170.126      0.000

 Variances
    F                  0.371      0.004     98.253      0.000


STANDARDIZED MODEL RESULTS


STDYX Standardization

                                                    Two-Tailed
                    Estimate       S.E.  Est./S.E.    P-Value

 F        BY
    V267               0.609      0.003    196.507      0.000
    V268               0.779      0.002    311.957      0.000
    V269               0.697      0.003    271.519      0.000
    V271               0.652      0.003    233.866      0.000
    V272               0.769      0.002    363.487      0.000
    V273               0.742      0.003    287.419      0.000

 Thresholds
    V267$1            -0.405      0.006    -72.316      0.000
    V267$2             0.093      0.005     17.084      0.000
    V267$3             0.588      0.006    101.406      0.000
    V267$4             2.326      0.016    143.646      0.000
    V268$1            -1.515      0.008   -180.412      0.000
    V268$2            -0.943      0.006   -147.742      0.000
    V268$3            -0.347      0.006    -62.803      0.000
    V268$4             2.362      0.017    141.373      0.000
    V269$1            -0.524      0.006    -91.575      0.000
    V269$2             0.164      0.005     29.928      0.000
    V269$3             0.751      0.006    124.328      0.000
    V269$4             2.280      0.015    147.298      0.000
    V271$1            -0.680      0.006   -113.690      0.000
    V271$2            -0.209      0.006    -37.736      0.000
    V271$3             0.266      0.006     47.871      0.000
    V271$4             1.935      0.011    168.740      0.000
    V272$1            -1.193      0.007   -167.464      0.000
    V272$2            -0.612      0.006   -104.754      0.000
    V272$3            -0.077      0.005    -14.049      0.000
    V272$4             1.941      0.011    169.628      0.000
    V273$1            -0.013      0.005     -2.350      0.019
    V273$2             0.635      0.006    107.659      0.000
    V273$3             1.080      0.007    158.585      0.000
    V273$4             1.916      0.011    170.126      0.000

 Variances
    F                  1.000      0.000    999.000    999.000


R-SQUARE

    Observed                                        Two-Tailed   Residual
    Variable        Estimate       S.E.  Est./S.E.    P-Value    Variance

    V267               0.371      0.004     98.253      0.000      0.629
    V268               0.607      0.004    155.978      0.000      0.393
    V269               0.486      0.004    135.759      0.000      0.514
    V271               0.425      0.004    116.933      0.000      0.575
    V272               0.591      0.003    181.743      0.000      0.409
    V273               0.550      0.004    143.709      0.000      0.450


QUALITY OF NUMERICAL RESULTS

     Condition Number for the Information Matrix              0.205E-02
       (ratio of smallest to largest eigenvalue)


MODEL MODIFICATION INDICES

NOTE:  Modification indices for direct effects of observed dependent variables
regressed on covariates and residual covariances among observed dependent
variables may not be included.  To include these, request MODINDICES (ALL).

Minimum M.I. value for printing the modification index    10.000

                                   M.I.     E.P.C.  Std E.P.C.  StdYX E.P.C.

No modification indices above the minimum value.



DIAGRAM INFORMATION

  Use View Diagram under the Diagram menu in the Mplus Editor to view the diagram.
  If running Mplus from the Mplus Diagrammer, the diagram opens automatically.

  Diagram output
    c:\users\msassac6\dropbox (the university of manchester)\papers\joe s\evs_mm_de_equivalence\mplus\cfa\inv_data3_v267

     Beginning Time:  08:44:49
        Ending Time:  08:44:55
       Elapsed Time:  00:00:06



MUTHEN & MUTHEN
3463 Stoner Ave.
Los Angeles, CA  90066

Tel: (310) 391-9971
Fax: (310) 391-8971
Web: www.StatModel.com
Support: Support@StatModel.com

Copyright (c) 1998-2017 Muthen & Muthen
