Mplus VERSION 8
MUTHEN & MUTHEN
12/14/2020   3:03 PM

INPUT INSTRUCTIONS

  TITLE: Your title goes here

   DATA: FILE = cfa/data.dta;

   VARIABLE:

   NAMES = id_cocas weight comp_mode comp_len mode mm_matrix_group wei_mmf v2 v3 v4 v32
       v33 v34 v35 v36 v37 v46 v47 v48 v49 v50 v65 v66 v67 v68 v69 v70 v82 v83 v84 v98
       v99 v100 v101 v103 v104 v105 v106 v107 v115 v116 v117 v118 v119 v120 v121 v122
       v123 v124 v125 v126 v127 v128 v129 v130 v131 v132 v133 v134 v135 v136 v137 v138
       v139 v140 v141 v145 v146 v147 v148 v149 v150 v151 v152 v153 v154 v155 v156 v157
       v158 v159 v160 v161 v162 v163 v164 v165 v166 v167 v176 v177 v178 v179 v180 v181
       v182 v183 v185 v186 v187 v188 v189 v191 v192 v193 v194 v195 v196 v197 v199 v200
       v201 v202 v203 v205 v206 v207 v208 v209 v210 v211 v212 v213 v214 v215 v216 v217
       v218 v220 v221 v222 v223 v224 v267 v268 v269 v271 v272 v273;

   MISSING=.;

   USEVARIABLES ARE
   v176
   v177
   v178
   v179
   v180
   v181
   v182
   v183;

   CATEGORICAL ARE
   v176
   v177
   v178
   v179
   v180
   v181
   v182
   v183;


   Model:

  f by v176
   v177
   v178
   v179
   v180
   v181
   v182
   v183;


   OUTPUT: SAMPSTAT;

                                  MODINDICES;

                                  STDYX;




*** WARNING
  Data set contains cases with missing on all variables.
  These cases were not included in the analysis.
  Number of cases with missing on all variables:  1830
   1 WARNING(S) FOUND IN THE INPUT INSTRUCTIONS



Your title goes here

SUMMARY OF ANALYSIS

Number of groups                                                 1
Number of observations                                        3586

Number of dependent variables                                    8
Number of independent variables                                  0
Number of continuous latent variables                            1

Observed dependent variables

  Binary and ordered categorical (ordinal)
   V176        V177        V178        V179        V180        V181
   V182        V183

Continuous latent variables
   F


Estimator                                                    WLSMV
Maximum number of iterations                                  1000
Convergence criterion                                    0.500D-04
Maximum number of steepest descent iterations                   20
Maximum number of iterations for H1                           2000
Convergence criterion for H1                             0.100D-03
Parameterization                                             DELTA
Link                                                        PROBIT

Input data file(s)
  cfa/data.dta

Input data format  FREE


SUMMARY OF DATA

     Number of missing data patterns           163


COVARIANCE COVERAGE OF DATA

Minimum covariance coverage value   0.100


     PROPORTION OF DATA PRESENT


           Covariance Coverage
              V176          V177          V178          V179          V180
              ________      ________      ________      ________      ________
 V176           0.939
 V177           0.784         0.800
 V178           0.840         0.752         0.879
 V179           0.782         0.718         0.744         0.802
 V180           0.892         0.779         0.852         0.776         0.938
 V181           0.867         0.765         0.813         0.770         0.861
 V182           0.770         0.711         0.737         0.729         0.768
 V183           0.876         0.774         0.828         0.780         0.874


           Covariance Coverage
              V181          V182          V183
              ________      ________      ________
 V181           0.893
 V182           0.758         0.792
 V183           0.848         0.776         0.916


UNIVARIATE PROPORTIONS AND COUNTS FOR CATEGORICAL VARIABLES

    V176
      Category 1    0.672         2262.000
      Category 2    0.268          902.000
      Category 3    0.047          157.000
      Category 4    0.014           47.000
    V177
      Category 1    0.015           43.000
      Category 2    0.104          298.000
      Category 3    0.323          927.000
      Category 4    0.558         1602.000
    V178
      Category 1    0.130          411.000
      Category 2    0.376         1184.000
      Category 3    0.295          929.000
      Category 4    0.199          629.000
    V179
      Category 1    0.020           57.000
      Category 2    0.084          243.000
      Category 3    0.285          820.000
      Category 4    0.611         1757.000
    V180
      Category 1    0.202          679.000
      Category 2    0.540         1814.000
      Category 3    0.200          671.000
      Category 4    0.059          198.000
    V181
      Category 1    0.637         2039.000
      Category 2    0.319         1022.000
      Category 3    0.034          108.000
      Category 4    0.011           34.000
    V182
      Category 1    0.046          130.000
      Category 2    0.120          342.000
      Category 3    0.282          801.000
      Category 4    0.552         1566.000
    V183
      Category 1    0.004           12.000
      Category 2    0.008           27.000
      Category 3    0.059          194.000
      Category 4    0.929         3051.000


SAMPLE STATISTICS


     ESTIMATED SAMPLE STATISTICS


           MEANS/INTERCEPTS/THRESHOLDS
              V176$1        V176$2        V176$3        V177$1        V177$2
              ________      ________      ________      ________      ________
                0.444         1.550         2.199        -2.171        -1.181


           MEANS/INTERCEPTS/THRESHOLDS
              V177$3        V178$1        V178$2        V178$3        V179$1
              ________      ________      ________      ________      ________
               -0.146        -1.125         0.015         0.843        -2.058


           MEANS/INTERCEPTS/THRESHOLDS
              V179$2        V179$3        V180$1        V180$2        V180$3
              ________      ________      ________      ________      ________
               -1.258        -0.281        -0.835         0.648         1.564


           MEANS/INTERCEPTS/THRESHOLDS
              V181$1        V181$2        V181$3        V182$1        V182$2
              ________      ________      ________      ________      ________
                0.349         1.702         2.304        -1.687        -0.969


           MEANS/INTERCEPTS/THRESHOLDS
              V182$3        V183$1        V183$2        V183$3
              ________      ________      ________      ________
               -0.130        -2.682        -2.261        -1.469


           CORRELATION MATRIX (WITH VARIANCES ON THE DIAGONAL)
              V176          V177          V178          V179          V180
              ________      ________      ________      ________      ________
 V176
 V177          -0.531
 V178          -0.325         0.540
 V179          -0.530         0.659         0.445
 V180           0.328        -0.265        -0.421        -0.228
 V181           0.698        -0.531        -0.330        -0.509         0.428
 V182          -0.466         0.568         0.406         0.698        -0.243
 V183          -0.373         0.573         0.291         0.591        -0.126


           CORRELATION MATRIX (WITH VARIANCES ON THE DIAGONAL)
              V181          V182          V183
              ________      ________      ________
 V182          -0.497
 V183          -0.436         0.592


THE MODEL ESTIMATION TERMINATED NORMALLY



MODEL FIT INFORMATION

Number of Free Parameters                       32

Chi-Square Test of Model Fit

          Value                            985.032*
          Degrees of Freedom                    20
          P-Value                           0.0000

*   The chi-square value for MLM, MLMV, MLR, ULSMV, WLSM and WLSMV cannot be used
    for chi-square difference testing in the regular way.  MLM, MLR and WLSM
    chi-square difference testing is described on the Mplus website.  MLMV, WLSMV,
    and ULSMV difference testing is done using the DIFFTEST option.

RMSEA (Root Mean Square Error Of Approximation)

          Estimate                           0.116
          90 Percent C.I.                    0.110  0.122
          Probability RMSEA <= .05           0.000

CFI/TLI

          CFI                                0.928
          TLI                                0.899

Chi-Square Test of Model Fit for the Baseline Model

          Value                          13413.838
          Degrees of Freedom                    28
          P-Value                           0.0000

WRMR (Weighted Root Mean Square Residual)

          Value                              3.542



MODEL RESULTS

                                                    Two-Tailed
                    Estimate       S.E.  Est./S.E.    P-Value

 F        BY
    V176               1.000      0.000    999.000    999.000
    V177              -1.046      0.024    -44.348      0.000
    V178              -0.791      0.023    -33.745      0.000
    V179              -1.099      0.024    -46.368      0.000
    V180               0.595      0.025     23.524      0.000
    V181               1.021      0.024     42.752      0.000
    V182              -1.017      0.023    -44.045      0.000
    V183              -0.872      0.035    -24.575      0.000

 Thresholds
    V176$1             0.444      0.022     19.848      0.000
    V176$2             1.550      0.034     45.255      0.000
    V176$3             2.199      0.057     38.709      0.000
    V177$1            -2.171      0.060    -36.213      0.000
    V177$2            -1.181      0.030    -38.839      0.000
    V177$3            -0.146      0.023     -6.233      0.000
    V178$1            -1.125      0.028    -39.755      0.000
    V178$2             0.015      0.022      0.659      0.510
    V178$3             0.843      0.025     33.129      0.000
    V179$1            -2.058      0.054    -38.041      0.000
    V179$2            -1.258      0.031    -39.932      0.000
    V179$3            -0.281      0.024    -11.861      0.000
    V180$1            -0.835      0.025    -33.946      0.000
    V180$2             0.648      0.023     27.755      0.000
    V180$3             1.564      0.035     45.225      0.000
    V181$1             0.349      0.023     15.429      0.000
    V181$2             1.702      0.039     43.840      0.000
    V181$3             2.304      0.064     35.721      0.000
    V182$1            -1.687      0.041    -41.338      0.000
    V182$2            -0.969      0.028    -34.596      0.000
    V182$3            -0.130      0.024     -5.498      0.000
    V183$1            -2.682      0.096    -27.832      0.000
    V183$2            -2.261      0.061    -37.025      0.000
    V183$3            -1.469      0.033    -44.476      0.000

 Variances
    F                  0.545      0.020     27.906      0.000


STANDARDIZED MODEL RESULTS


STDYX Standardization

                                                    Two-Tailed
                    Estimate       S.E.  Est./S.E.    P-Value

 F        BY
    V176               0.739      0.013     55.813      0.000
    V177              -0.773      0.012    -63.995      0.000
    V178              -0.584      0.015    -40.202      0.000
    V179              -0.812      0.012    -70.579      0.000
    V180               0.440      0.017     25.613      0.000
    V181               0.754      0.013     58.908      0.000
    V182              -0.751      0.012    -61.787      0.000
    V183              -0.644      0.024    -26.830      0.000

 Thresholds
    V176$1             0.444      0.022     19.848      0.000
    V176$2             1.550      0.034     45.255      0.000
    V176$3             2.199      0.057     38.709      0.000
    V177$1            -2.171      0.060    -36.213      0.000
    V177$2            -1.181      0.030    -38.839      0.000
    V177$3            -0.146      0.023     -6.233      0.000
    V178$1            -1.125      0.028    -39.755      0.000
    V178$2             0.015      0.022      0.659      0.510
    V178$3             0.843      0.025     33.129      0.000
    V179$1            -2.058      0.054    -38.041      0.000
    V179$2            -1.258      0.031    -39.932      0.000
    V179$3            -0.281      0.024    -11.861      0.000
    V180$1            -0.835      0.025    -33.946      0.000
    V180$2             0.648      0.023     27.755      0.000
    V180$3             1.564      0.035     45.225      0.000
    V181$1             0.349      0.023     15.429      0.000
    V181$2             1.702      0.039     43.840      0.000
    V181$3             2.304      0.064     35.721      0.000
    V182$1            -1.687      0.041    -41.338      0.000
    V182$2            -0.969      0.028    -34.596      0.000
    V182$3            -0.130      0.024     -5.498      0.000
    V183$1            -2.682      0.096    -27.832      0.000
    V183$2            -2.261      0.061    -37.025      0.000
    V183$3            -1.469      0.033    -44.476      0.000

 Variances
    F                  1.000      0.000    999.000    999.000


R-SQUARE

    Observed                                        Two-Tailed   Residual
    Variable        Estimate       S.E.  Est./S.E.    P-Value    Variance

    V176               0.545      0.020     27.906      0.000      0.455
    V177               0.597      0.019     31.997      0.000      0.403
    V178               0.341      0.017     20.101      0.000      0.659
    V179               0.659      0.019     35.289      0.000      0.341
    V180               0.193      0.015     12.806      0.000      0.807
    V181               0.569      0.019     29.454      0.000      0.431
    V182               0.564      0.018     30.894      0.000      0.436
    V183               0.414      0.031     13.415      0.000      0.586


QUALITY OF NUMERICAL RESULTS

     Condition Number for the Information Matrix              0.262E-02
       (ratio of smallest to largest eigenvalue)


MODEL MODIFICATION INDICES

NOTE:  Modification indices for direct effects of observed dependent variables
regressed on covariates and residual covariances among observed dependent
variables may not be included.  To include these, request MODINDICES (ALL).

Minimum M.I. value for printing the modification index    10.000

                                   M.I.     E.P.C.  Std E.P.C.  StdYX E.P.C.

No modification indices above the minimum value.



DIAGRAM INFORMATION

  Use View Diagram under the Diagram menu in the Mplus Editor to view the diagram.
  If running Mplus from the Mplus Diagrammer, the diagram opens automatically.

  Diagram output
    c:\users\msassac6\dropbox (the university of manchester)\papers\joe s\evs_mm_de_equivalence\mplus\cfa\inv_data3_v176

     Beginning Time:  15:03:26
        Ending Time:  15:03:27
       Elapsed Time:  00:00:01



MUTHEN & MUTHEN
3463 Stoner Ave.
Los Angeles, CA  90066

Tel: (310) 391-9971
Fax: (310) 391-8971
Web: www.StatModel.com
Support: Support@StatModel.com

Copyright (c) 1998-2017 Muthen & Muthen
