Mplus VERSION 8
MUTHEN & MUTHEN
07/06/2020   8:27 AM

INPUT INSTRUCTIONS

  TITLE: Your title goes here

   DATA: FILE = cfa/data.dta;

   VARIABLE:

   NAMES = id_cocas weight comp_mode comp_len mode mm_matrix_group wei_mmf v2 v3 v4 v32
       v33 v34 v35 v36 v37 v46 v47 v48 v49 v50 v65 v66 v67 v68 v69 v70 v82 v83 v84 v98
       v99 v100 v101 v103 v104 v105 v106 v107 v115 v116 v117 v118 v119 v120 v121 v122
       v123 v124 v125 v126 v127 v128 v129 v130 v131 v132 v133 v134 v135 v136 v137 v138
       v139 v140 v141 v145 v146 v147 v148 v149 v150 v151 v152 v153 v154 v155 v156 v157
       v158 v159 v160 v161 v162 v163 v164 v165 v166 v167 v176 v177 v178 v179 v180 v181
       v182 v183 v185 v186 v187 v188 v189 v191 v192 v193 v194 v195 v196 v197 v199 v200
       v201 v202 v203 v205 v206 v207 v208 v209 v210 v211 v212 v213 v214 v215 v216 v217
       v218 v220 v221 v222 v223 v224 v267 v268 v269 v271 v272 v273;

   MISSING=.;

   USEVARIABLES ARE
   v98
   v99
   v100
   v101;

   CATEGORICAL ARE
   v98
   v99
   v100
   v101;


   Model:

  f by v98
   v99
   v100
   v101;


   OUTPUT: SAMPSTAT;

                                  MODINDICES;

                                  STDYX;




*** WARNING
  Data set contains cases with missing on all variables.
  These cases were not included in the analysis.
  Number of cases with missing on all variables:  1754
   1 WARNING(S) FOUND IN THE INPUT INSTRUCTIONS



Your title goes here

SUMMARY OF ANALYSIS

Number of groups                                                 1
Number of observations                                        3662

Number of dependent variables                                    4
Number of independent variables                                  0
Number of continuous latent variables                            1

Observed dependent variables

  Binary and ordered categorical (ordinal)
   V98         V99         V100        V101

Continuous latent variables
   F


Estimator                                                    WLSMV
Maximum number of iterations                                  1000
Convergence criterion                                    0.500D-04
Maximum number of steepest descent iterations                   20
Maximum number of iterations for H1                           2000
Convergence criterion for H1                             0.100D-03
Parameterization                                             DELTA
Link                                                        PROBIT

Input data file(s)
  cfa/data.dta

Input data format  FREE


SUMMARY OF DATA

     Number of missing data patterns            15


COVARIANCE COVERAGE OF DATA

Minimum covariance coverage value   0.100


     PROPORTION OF DATA PRESENT


           Covariance Coverage
              V98           V99           V100          V101
              ________      ________      ________      ________
 V98            0.978
 V99            0.853         0.863
 V100           0.917         0.838         0.933
 V101           0.835         0.788         0.825         0.851


UNIVARIATE PROPORTIONS AND COUNTS FOR CATEGORICAL VARIABLES

    V98
      Category 1    0.676         2419.000
      Category 2    0.220          788.000
      Category 3    0.104          374.000
    V99
      Category 1    0.130          412.000
      Category 2    0.433         1370.000
      Category 3    0.436         1380.000
    V100
      Category 1    0.363         1240.000
      Category 2    0.414         1414.000
      Category 3    0.223          763.000
    V101
      Category 1    0.050          155.000
      Category 2    0.283          881.000
      Category 3    0.668         2080.000


SAMPLE STATISTICS


     ESTIMATED SAMPLE STATISTICS


           MEANS/INTERCEPTS/THRESHOLDS
              V98$1         V98$2         V99$1         V99$2         V100$1
              ________      ________      ________      ________      ________
                0.455         1.257        -1.125         0.160        -0.351


           MEANS/INTERCEPTS/THRESHOLDS
              V100$2        V101$1        V101$2
              ________      ________      ________
                0.761        -1.647        -0.433


           CORRELATION MATRIX (WITH VARIANCES ON THE DIAGONAL)
              V98           V99           V100          V101
              ________      ________      ________      ________
 V98
 V99            0.567
 V100           0.655         0.611
 V101           0.437         0.623         0.590


THE MODEL ESTIMATION TERMINATED NORMALLY



MODEL FIT INFORMATION

Number of Free Parameters                       12

Chi-Square Test of Model Fit

          Value                             72.525*
          Degrees of Freedom                     2
          P-Value                           0.0000

*   The chi-square value for MLM, MLMV, MLR, ULSMV, WLSM and WLSMV cannot be used
    for chi-square difference testing in the regular way.  MLM, MLR and WLSM
    chi-square difference testing is described on the Mplus website.  MLMV, WLSMV,
    and ULSMV difference testing is done using the DIFFTEST option.

RMSEA (Root Mean Square Error Of Approximation)

          Estimate                           0.098
          90 Percent C.I.                    0.080  0.118
          Probability RMSEA <= .05           0.000

CFI/TLI

          CFI                                0.989
          TLI                                0.968

Chi-Square Test of Model Fit for the Baseline Model

          Value                           6557.074
          Degrees of Freedom                     6
          P-Value                           0.0000

WRMR (Weighted Root Mean Square Residual)

          Value                              1.790



MODEL RESULTS

                                                    Two-Tailed
                    Estimate       S.E.  Est./S.E.    P-Value

 F        BY
    V98                1.000      0.000    999.000    999.000
    V99                1.051      0.028     37.895      0.000
    V100               1.105      0.033     33.583      0.000
    V101               0.983      0.029     33.672      0.000

 Thresholds
    V98$1              0.455      0.022     20.926      0.000
    V98$2              1.257      0.028     44.538      0.000
    V99$1             -1.125      0.028    -39.817      0.000
    V99$2              0.160      0.022      7.146      0.000
    V100$1            -0.351      0.022    -15.996      0.000
    V100$2             0.761      0.024     31.902      0.000
    V101$1            -1.647      0.038    -43.443      0.000
    V101$2            -0.433      0.023    -18.640      0.000

 Variances
    F                  0.556      0.024     23.040      0.000


STANDARDIZED MODEL RESULTS


STDYX Standardization

                                                    Two-Tailed
                    Estimate       S.E.  Est./S.E.    P-Value

 F        BY
    V98                0.746      0.016     46.080      0.000
    V99                0.784      0.013     58.540      0.000
    V100               0.824      0.013     65.330      0.000
    V101               0.733      0.016     46.950      0.000

 Thresholds
    V98$1              0.455      0.022     20.926      0.000
    V98$2              1.257      0.028     44.538      0.000
    V99$1             -1.125      0.028    -39.817      0.000
    V99$2              0.160      0.022      7.146      0.000
    V100$1            -0.351      0.022    -15.996      0.000
    V100$2             0.761      0.024     31.902      0.000
    V101$1            -1.647      0.038    -43.443      0.000
    V101$2            -0.433      0.023    -18.640      0.000

 Variances
    F                  1.000      0.000    999.000    999.000


R-SQUARE

    Observed                                        Two-Tailed   Residual
    Variable        Estimate       S.E.  Est./S.E.    P-Value    Variance

    V98                0.556      0.024     23.040      0.000      0.444
    V99                0.614      0.021     29.270      0.000      0.386
    V100               0.680      0.021     32.665      0.000      0.320
    V101               0.537      0.023     23.475      0.000      0.463


QUALITY OF NUMERICAL RESULTS

     Condition Number for the Information Matrix              0.136E-01
       (ratio of smallest to largest eigenvalue)


MODEL MODIFICATION INDICES

NOTE:  Modification indices for direct effects of observed dependent variables
regressed on covariates and residual covariances among observed dependent
variables may not be included.  To include these, request MODINDICES (ALL).

Minimum M.I. value for printing the modification index    10.000

                                   M.I.     E.P.C.  Std E.P.C.  StdYX E.P.C.

No modification indices above the minimum value.



DIAGRAM INFORMATION

  Use View Diagram under the Diagram menu in the Mplus Editor to view the diagram.
  If running Mplus from the Mplus Diagrammer, the diagram opens automatically.

  Diagram output
    c:\users\msassac6\dropbox (the university of manchester)\papers\joe s\evs_mm_de_equivalence\mplus\cfa\inv_data3_v98.

     Beginning Time:  08:27:24
        Ending Time:  08:27:24
       Elapsed Time:  00:00:00



MUTHEN & MUTHEN
3463 Stoner Ave.
Los Angeles, CA  90066

Tel: (310) 391-9971
Fax: (310) 391-8971
Web: www.StatModel.com
Support: Support@StatModel.com

Copyright (c) 1998-2017 Muthen & Muthen
