Mplus VERSION 8
MUTHEN & MUTHEN
12/14/2020   3:03 PM

INPUT INSTRUCTIONS

  TITLE: Your title goes here

   DATA: FILE = cfa/data.dta;

   VARIABLE:

   NAMES = id_cocas weight comp_mode comp_len mode mm_matrix_group wei_mmf v2 v3 v4 v32
       v33 v34 v35 v36 v37 v46 v47 v48 v49 v50 v65 v66 v67 v68 v69 v70 v82 v83 v84 v98
       v99 v100 v101 v103 v104 v105 v106 v107 v115 v116 v117 v118 v119 v120 v121 v122
       v123 v124 v125 v126 v127 v128 v129 v130 v131 v132 v133 v134 v135 v136 v137 v138
       v139 v140 v141 v145 v146 v147 v148 v149 v150 v151 v152 v153 v154 v155 v156 v157
       v158 v159 v160 v161 v162 v163 v164 v165 v166 v167 v176 v177 v178 v179 v180 v181
       v182 v183 v185 v186 v187 v188 v189 v191 v192 v193 v194 v195 v196 v197 v199 v200
       v201 v202 v203 v205 v206 v207 v208 v209 v210 v211 v212 v213 v214 v215 v216 v217
       v218 v220 v221 v222 v223 v224 v267 v268 v269 v271 v272 v273;

   MISSING=.;

   USEVARIABLES ARE
   v189
   v191
   v192
   v193;

   CATEGORICAL ARE
   v189
   v191
   v192
   v193;


   Model:

  f by v189
   v191
   v192
   v193;


   OUTPUT: SAMPSTAT;

                                  MODINDICES;

                                  STDYX;




*** WARNING
  Data set contains cases with missing on all variables.
  These cases were not included in the analysis.
  Number of cases with missing on all variables:  1631
   1 WARNING(S) FOUND IN THE INPUT INSTRUCTIONS



Your title goes here

SUMMARY OF ANALYSIS

Number of groups                                                 1
Number of observations                                        3785

Number of dependent variables                                    4
Number of independent variables                                  0
Number of continuous latent variables                            1

Observed dependent variables

  Binary and ordered categorical (ordinal)
   V189        V191        V192        V193

Continuous latent variables
   F


Estimator                                                    WLSMV
Maximum number of iterations                                  1000
Convergence criterion                                    0.500D-04
Maximum number of steepest descent iterations                   20
Maximum number of iterations for H1                           2000
Convergence criterion for H1                             0.100D-03
Parameterization                                             DELTA
Link                                                        PROBIT

Input data file(s)
  cfa/data.dta

Input data format  FREE


SUMMARY OF DATA

     Number of missing data patterns            13


COVARIANCE COVERAGE OF DATA

Minimum covariance coverage value   0.100


     PROPORTION OF DATA PRESENT


           Covariance Coverage
              V189          V191          V192          V193
              ________      ________      ________      ________
 V189           0.983
 V191           0.970         0.980
 V192           0.981         0.980         0.998
 V193           0.963         0.962         0.976         0.977


UNIVARIATE PROPORTIONS AND COUNTS FOR CATEGORICAL VARIABLES

    V189
      Category 1    0.158          588.000
      Category 2    0.252          938.000
      Category 3    0.446         1657.000
      Category 4    0.144          536.000
    V191
      Category 1    0.081          301.000
      Category 2    0.168          622.000
      Category 3    0.515         1911.000
      Category 4    0.236          877.000
    V192
      Category 1    0.714         2695.000
      Category 2    0.269         1015.000
      Category 3    0.015           55.000
      Category 4    0.003           11.000
    V193
      Category 1    0.230          850.000
      Category 2    0.469         1735.000
      Category 3    0.259          959.000
      Category 4    0.042          155.000


SAMPLE STATISTICS


     ESTIMATED SAMPLE STATISTICS


           MEANS/INTERCEPTS/THRESHOLDS
              V189$1        V189$2        V189$3        V191$1        V191$2
              ________      ________      ________      ________      ________
               -1.002        -0.227         1.062        -1.398        -0.679


           MEANS/INTERCEPTS/THRESHOLDS
              V191$3        V192$1        V192$2        V192$3        V193$1
              ________      ________      ________      ________      ________
                0.718         0.564         2.109         2.757        -0.740


           MEANS/INTERCEPTS/THRESHOLDS
              V193$2        V193$3
              ________      ________
                0.521         1.729


           CORRELATION MATRIX (WITH VARIANCES ON THE DIAGONAL)
              V189          V191          V192          V193
              ________      ________      ________      ________
 V189
 V191           0.712
 V192           0.363         0.344
 V193           0.471         0.527         0.487


THE MODEL ESTIMATION TERMINATED NORMALLY



MODEL FIT INFORMATION

Number of Free Parameters                       16

Chi-Square Test of Model Fit

          Value                            199.024*
          Degrees of Freedom                     2
          P-Value                           0.0000

*   The chi-square value for MLM, MLMV, MLR, ULSMV, WLSM and WLSMV cannot be used
    for chi-square difference testing in the regular way.  MLM, MLR and WLSM
    chi-square difference testing is described on the Mplus website.  MLMV, WLSMV,
    and ULSMV difference testing is done using the DIFFTEST option.

RMSEA (Root Mean Square Error Of Approximation)

          Estimate                           0.161
          90 Percent C.I.                    0.143  0.181
          Probability RMSEA <= .05           0.000

CFI/TLI

          CFI                                0.978
          TLI                                0.934

Chi-Square Test of Model Fit for the Baseline Model

          Value                           8903.202
          Degrees of Freedom                     6
          P-Value                           0.0000

WRMR (Weighted Root Mean Square Residual)

          Value                              2.568



MODEL RESULTS

                                                    Two-Tailed
                    Estimate       S.E.  Est./S.E.    P-Value

 F        BY
    V189               1.000      0.000    999.000    999.000
    V191               1.069      0.026     40.658      0.000
    V192               0.650      0.026     25.317      0.000
    V193               0.784      0.018     44.277      0.000

 Thresholds
    V189$1            -1.002      0.025    -40.445      0.000
    V189$2            -0.227      0.021    -10.928      0.000
    V189$3             1.062      0.025     41.857      0.000
    V191$1            -1.398      0.030    -46.850      0.000
    V191$2            -0.679      0.022    -30.303      0.000
    V191$3             0.718      0.023     31.745      0.000
    V192$1             0.564      0.022     26.099      0.000
    V192$2             2.109      0.049     42.691      0.000
    V192$3             2.757      0.098     28.012      0.000
    V193$1            -0.740      0.023    -32.447      0.000
    V193$2             0.521      0.022     24.060      0.000
    V193$3             1.729      0.037     46.964      0.000

 Variances
    F                  0.651      0.019     35.136      0.000


STANDARDIZED MODEL RESULTS


STDYX Standardization

                                                    Two-Tailed
                    Estimate       S.E.  Est./S.E.    P-Value

 F        BY
    V189               0.807      0.011     70.271      0.000
    V191               0.862      0.011     75.456      0.000
    V192               0.524      0.020     26.318      0.000
    V193               0.633      0.012     50.655      0.000

 Thresholds
    V189$1            -1.002      0.025    -40.445      0.000
    V189$2            -0.227      0.021    -10.928      0.000
    V189$3             1.062      0.025     41.857      0.000
    V191$1            -1.398      0.030    -46.850      0.000
    V191$2            -0.679      0.022    -30.303      0.000
    V191$3             0.718      0.023     31.745      0.000
    V192$1             0.564      0.022     26.099      0.000
    V192$2             2.109      0.049     42.691      0.000
    V192$3             2.757      0.098     28.012      0.000
    V193$1            -0.740      0.023    -32.447      0.000
    V193$2             0.521      0.022     24.060      0.000
    V193$3             1.729      0.037     46.964      0.000

 Variances
    F                  1.000      0.000    999.000    999.000


R-SQUARE

    Observed                                        Two-Tailed   Residual
    Variable        Estimate       S.E.  Est./S.E.    P-Value    Variance

    V189               0.651      0.019     35.136      0.000      0.349
    V191               0.744      0.020     37.728      0.000      0.256
    V192               0.275      0.021     13.159      0.000      0.725
    V193               0.400      0.016     25.328      0.000      0.600


QUALITY OF NUMERICAL RESULTS

     Condition Number for the Information Matrix              0.584E-02
       (ratio of smallest to largest eigenvalue)


MODEL MODIFICATION INDICES

NOTE:  Modification indices for direct effects of observed dependent variables
regressed on covariates and residual covariances among observed dependent
variables may not be included.  To include these, request MODINDICES (ALL).

Minimum M.I. value for printing the modification index    10.000

                                   M.I.     E.P.C.  Std E.P.C.  StdYX E.P.C.

No modification indices above the minimum value.



DIAGRAM INFORMATION

  Use View Diagram under the Diagram menu in the Mplus Editor to view the diagram.
  If running Mplus from the Mplus Diagrammer, the diagram opens automatically.

  Diagram output
    c:\users\msassac6\dropbox (the university of manchester)\papers\joe s\evs_mm_de_equivalence\mplus\cfa\inv_data3_v189

     Beginning Time:  15:03:20
        Ending Time:  15:03:21
       Elapsed Time:  00:00:01



MUTHEN & MUTHEN
3463 Stoner Ave.
Los Angeles, CA  90066

Tel: (310) 391-9971
Fax: (310) 391-8971
Web: www.StatModel.com
Support: Support@StatModel.com

Copyright (c) 1998-2017 Muthen & Muthen
