Mplus VERSION 8
MUTHEN & MUTHEN
07/06/2020   8:27 AM

INPUT INSTRUCTIONS

  TITLE: Your title goes here

   DATA: FILE = cfa/data.dta;

   VARIABLE:

   NAMES = id_cocas weight comp_mode comp_len mode mm_matrix_group wei_mmf v2 v3 v4 v32
       v33 v34 v35 v36 v37 v46 v47 v48 v49 v50 v65 v66 v67 v68 v69 v70 v82 v83 v84 v98
       v99 v100 v101 v103 v104 v105 v106 v107 v115 v116 v117 v118 v119 v120 v121 v122
       v123 v124 v125 v126 v127 v128 v129 v130 v131 v132 v133 v134 v135 v136 v137 v138
       v139 v140 v141 v145 v146 v147 v148 v149 v150 v151 v152 v153 v154 v155 v156 v157
       v158 v159 v160 v161 v162 v163 v164 v165 v166 v167 v176 v177 v178 v179 v180 v181
       v182 v183 v185 v186 v187 v188 v189 v191 v192 v193 v194 v195 v196 v197 v199 v200
       v201 v202 v203 v205 v206 v207 v208 v209 v210 v211 v212 v213 v214 v215 v216 v217
       v218 v220 v221 v222 v223 v224 v267 v268 v269 v271 v272 v273;

   MISSING=.;

   USEVARIABLES ARE
   v194
   v195
   v196
   v197;

   CATEGORICAL ARE
   v194
   v195
   v196
   v197;


   Model:

  f by v194
   v195
   v196
   v197;


   OUTPUT: SAMPSTAT;

                                  MODINDICES;

                                  STDYX;




*** WARNING
  Data set contains cases with missing on all variables.
  These cases were not included in the analysis.
  Number of cases with missing on all variables:  1681
   1 WARNING(S) FOUND IN THE INPUT INSTRUCTIONS



Your title goes here

SUMMARY OF ANALYSIS

Number of groups                                                 1
Number of observations                                        3735

Number of dependent variables                                    4
Number of independent variables                                  0
Number of continuous latent variables                            1

Observed dependent variables

  Binary and ordered categorical (ordinal)
   V194        V195        V196        V197

Continuous latent variables
   F


Estimator                                                    WLSMV
Maximum number of iterations                                  1000
Convergence criterion                                    0.500D-04
Maximum number of steepest descent iterations                   20
Maximum number of iterations for H1                           2000
Convergence criterion for H1                             0.100D-03
Parameterization                                             DELTA
Link                                                        PROBIT

Input data file(s)
  cfa/data.dta

Input data format  FREE


SUMMARY OF DATA

     Number of missing data patterns            15


COVARIANCE COVERAGE OF DATA

Minimum covariance coverage value   0.100


     PROPORTION OF DATA PRESENT


           Covariance Coverage
              V194          V195          V196          V197
              ________      ________      ________      ________
 V194           0.981
 V195           0.970         0.975
 V196           0.960         0.956         0.973
 V197           0.953         0.949         0.946         0.969


UNIVARIATE PROPORTIONS AND COUNTS FOR CATEGORICAL VARIABLES

    V194
      Category 1    0.153          560.000
      Category 2    0.322         1179.000
      Category 3    0.396         1452.000
      Category 4    0.129          472.000
    V195
      Category 1    0.078          285.000
      Category 2    0.239          870.000
      Category 3    0.515         1876.000
      Category 4    0.167          609.000
    V196
      Category 1    0.065          236.000
      Category 2    0.146          530.000
      Category 3    0.484         1758.000
      Category 4    0.305         1109.000
    V197
      Category 1    0.282         1019.000
      Category 2    0.515         1865.000
      Category 3    0.160          579.000
      Category 4    0.043          155.000


SAMPLE STATISTICS


     ESTIMATED SAMPLE STATISTICS


           MEANS/INTERCEPTS/THRESHOLDS
              V194$1        V194$2        V194$3        V195$1        V195$2
              ________      ________      ________      ________      ________
               -1.024        -0.063         1.132        -1.417        -0.475


           MEANS/INTERCEPTS/THRESHOLDS
              V195$3        V196$1        V196$2        V196$3        V197$1
              ________      ________      ________      ________      ________
                0.965        -1.514        -0.803         0.509        -0.578


           MEANS/INTERCEPTS/THRESHOLDS
              V197$2        V197$3
              ________      ________
                0.831         1.719


           CORRELATION MATRIX (WITH VARIANCES ON THE DIAGONAL)
              V194          V195          V196          V197
              ________      ________      ________      ________
 V194
 V195           0.801
 V196           0.463         0.528
 V197           0.178         0.185         0.252


THE MODEL ESTIMATION TERMINATED NORMALLY



MODEL FIT INFORMATION

Number of Free Parameters                       16

Chi-Square Test of Model Fit

          Value                             96.519*
          Degrees of Freedom                     2
          P-Value                           0.0000

*   The chi-square value for MLM, MLMV, MLR, ULSMV, WLSM and WLSMV cannot be used
    for chi-square difference testing in the regular way.  MLM, MLR and WLSM
    chi-square difference testing is described on the Mplus website.  MLMV, WLSMV,
    and ULSMV difference testing is done using the DIFFTEST option.

RMSEA (Root Mean Square Error Of Approximation)

          Estimate                           0.112
          90 Percent C.I.                    0.094  0.132
          Probability RMSEA <= .05           0.000

CFI/TLI

          CFI                                0.994
          TLI                                0.983

Chi-Square Test of Model Fit for the Baseline Model

          Value                          17159.988
          Degrees of Freedom                     6
          P-Value                           0.0000

WRMR (Weighted Root Mean Square Residual)

          Value                              1.715



MODEL RESULTS

                                                    Two-Tailed
                    Estimate       S.E.  Est./S.E.    P-Value

 F        BY
    V194               1.000      0.000    999.000    999.000
    V195               1.121      0.022     51.324      0.000
    V196               0.667      0.014     46.204      0.000
    V197               0.286      0.020     14.017      0.000

 Thresholds
    V194$1            -1.024      0.025    -40.671      0.000
    V194$2            -0.063      0.021     -3.057      0.002
    V194$3             1.132      0.026     42.987      0.000
    V195$1            -1.417      0.030    -46.534      0.000
    V195$2            -0.475      0.022    -21.952      0.000
    V195$3             0.965      0.025     39.063      0.000
    V196$1            -1.514      0.032    -46.939      0.000
    V196$2            -0.803      0.023    -34.298      0.000
    V196$3             0.509      0.022     23.360      0.000
    V197$1            -0.578      0.022    -26.091      0.000
    V197$2             0.831      0.024     35.114      0.000
    V197$3             1.719      0.037     46.507      0.000

 Variances
    F                  0.713      0.016     45.840      0.000


STANDARDIZED MODEL RESULTS


STDYX Standardization

                                                    Two-Tailed
                    Estimate       S.E.  Est./S.E.    P-Value

 F        BY
    V194               0.844      0.009     91.680      0.000
    V195               0.947      0.009    100.932      0.000
    V196               0.564      0.013     43.924      0.000
    V197               0.241      0.017     13.987      0.000

 Thresholds
    V194$1            -1.024      0.025    -40.671      0.000
    V194$2            -0.063      0.021     -3.057      0.002
    V194$3             1.132      0.026     42.987      0.000
    V195$1            -1.417      0.030    -46.534      0.000
    V195$2            -0.475      0.022    -21.952      0.000
    V195$3             0.965      0.025     39.063      0.000
    V196$1            -1.514      0.032    -46.939      0.000
    V196$2            -0.803      0.023    -34.298      0.000
    V196$3             0.509      0.022     23.360      0.000
    V197$1            -0.578      0.022    -26.091      0.000
    V197$2             0.831      0.024     35.114      0.000
    V197$3             1.719      0.037     46.507      0.000

 Variances
    F                  1.000      0.000    999.000    999.000


R-SQUARE

    Observed                                        Two-Tailed   Residual
    Variable        Estimate       S.E.  Est./S.E.    P-Value    Variance

    V194               0.713      0.016     45.840      0.000      0.287
    V195               0.896      0.018     50.466      0.000      0.104
    V196               0.318      0.014     21.962      0.000      0.682
    V197               0.058      0.008      6.994      0.000      0.942


QUALITY OF NUMERICAL RESULTS

     Condition Number for the Information Matrix              0.733E-02
       (ratio of smallest to largest eigenvalue)


MODEL MODIFICATION INDICES

NOTE:  Modification indices for direct effects of observed dependent variables
regressed on covariates and residual covariances among observed dependent
variables may not be included.  To include these, request MODINDICES (ALL).

Minimum M.I. value for printing the modification index    10.000

                                   M.I.     E.P.C.  Std E.P.C.  StdYX E.P.C.

No modification indices above the minimum value.



DIAGRAM INFORMATION

  Use View Diagram under the Diagram menu in the Mplus Editor to view the diagram.
  If running Mplus from the Mplus Diagrammer, the diagram opens automatically.

  Diagram output
    c:\users\msassac6\dropbox (the university of manchester)\papers\joe s\evs_mm_de_equivalence\mplus\cfa\inv_data3_v194

     Beginning Time:  08:27:10
        Ending Time:  08:27:11
       Elapsed Time:  00:00:01



MUTHEN & MUTHEN
3463 Stoner Ave.
Los Angeles, CA  90066

Tel: (310) 391-9971
Fax: (310) 391-8971
Web: www.StatModel.com
Support: Support@StatModel.com

Copyright (c) 1998-2017 Muthen & Muthen
