Mplus VERSION 8
MUTHEN & MUTHEN
07/06/2020   8:26 AM

INPUT INSTRUCTIONS

  TITLE: Your title goes here

   DATA: FILE = cfa/data.dta;

   VARIABLE:

   NAMES = id_cocas weight comp_mode comp_len mode mm_matrix_group wei_mmf v2 v3 v4 v32
       v33 v34 v35 v36 v37 v46 v47 v48 v49 v50 v65 v66 v67 v68 v69 v70 v82 v83 v84 v98
       v99 v100 v101 v103 v104 v105 v106 v107 v115 v116 v117 v118 v119 v120 v121 v122
       v123 v124 v125 v126 v127 v128 v129 v130 v131 v132 v133 v134 v135 v136 v137 v138
       v139 v140 v141 v145 v146 v147 v148 v149 v150 v151 v152 v153 v154 v155 v156 v157
       v158 v159 v160 v161 v162 v163 v164 v165 v166 v167 v176 v177 v178 v179 v180 v181
       v182 v183 v185 v186 v187 v188 v189 v191 v192 v193 v194 v195 v196 v197 v199 v200
       v201 v202 v203 v205 v206 v207 v208 v209 v210 v211 v212 v213 v214 v215 v216 v217
       v218 v220 v221 v222 v223 v224 v267 v268 v269 v271 v272 v273;

   MISSING=.;

   USEVARIABLES ARE
   v208
   v209
   v210
   v211;


   Model:

  f by v208
   v209
   v210
   v211;


   OUTPUT: SAMPSTAT;

                                  MODINDICES;

                                  STDYX;




*** WARNING
  Data set contains cases with missing on all variables.
  These cases were not included in the analysis.
  Number of cases with missing on all variables:  1698
   1 WARNING(S) FOUND IN THE INPUT INSTRUCTIONS



Your title goes here

SUMMARY OF ANALYSIS

Number of groups                                                 1
Number of observations                                        3718

Number of dependent variables                                    4
Number of independent variables                                  0
Number of continuous latent variables                            1

Observed dependent variables

  Continuous
   V208        V209        V210        V211

Continuous latent variables
   F


Estimator                                                       ML
Information matrix                                        OBSERVED
Maximum number of iterations                                  1000
Convergence criterion                                    0.500D-04
Maximum number of steepest descent iterations                   20
Maximum number of iterations for H1                           2000
Convergence criterion for H1                             0.100D-03

Input data file(s)
  cfa/data.dta

Input data format  FREE


SUMMARY OF DATA

     Number of missing data patterns            15


COVARIANCE COVERAGE OF DATA

Minimum covariance coverage value   0.100


     PROPORTION OF DATA PRESENT


           Covariance Coverage
              V208          V209          V210          V211
              ________      ________      ________      ________
 V208           0.995
 V209           0.972         0.975
 V210           0.981         0.967         0.984
 V211           0.963         0.956         0.960         0.967


SAMPLE STATISTICS


     ESTIMATED SAMPLE STATISTICS


           Means
              V208          V209          V210          V211
              ________      ________      ________      ________
                2.011         2.285         2.675         3.246


           Covariances
              V208          V209          V210          V211
              ________      ________      ________      ________
 V208           1.653
 V209           0.720         2.089
 V210           0.880         0.631         2.356
 V211           0.109         0.284         0.148         2.298


           Correlations
              V208          V209          V210          V211
              ________      ________      ________      ________
 V208           1.000
 V209           0.387         1.000
 V210           0.446         0.284         1.000
 V211           0.056         0.129         0.064         1.000


     MAXIMUM LOG-LIKELIHOOD VALUE FOR THE UNRESTRICTED (H1) MODEL IS -25250.504


UNIVARIATE SAMPLE STATISTICS


     UNIVARIATE HIGHER-ORDER MOMENT DESCRIPTIVE STATISTICS

         Variable/         Mean/     Skewness/   Minimum/ % with                Percentiles
        Sample Size      Variance    Kurtosis    Maximum  Min/Max      20%/60%    40%/80%    Median

     V208                  2.012       1.007       1.000   51.70%       1.000      1.000      1.000
            3698.000       1.653      -0.298       5.000    6.08%       2.000      3.000
     V209                  2.295       0.645       1.000   45.45%       1.000      1.000      2.000
            3624.000       2.089      -1.104       5.000   10.18%       2.000      4.000
     V210                  2.679       0.196       1.000   36.83%       1.000      2.000      3.000
            3660.000       2.356      -1.524       5.000   15.60%       3.000      4.000
     V211                  3.249      -0.283       1.000   20.24%       1.000      3.000      4.000
            3596.000       2.298      -1.422       5.000   28.50%       4.000      5.000


THE MODEL ESTIMATION TERMINATED NORMALLY



MODEL FIT INFORMATION

Number of Free Parameters                       12

Loglikelihood

          H0 Value                      -25267.545
          H1 Value                      -25250.504

Information Criteria

          Akaike (AIC)                   50559.091
          Bayesian (BIC)                 50633.742
          Sample-Size Adjusted BIC       50595.612
            (n* = (n + 2) / 24)

Chi-Square Test of Model Fit

          Value                             34.083
          Degrees of Freedom                     2
          P-Value                           0.0000

RMSEA (Root Mean Square Error Of Approximation)

          Estimate                           0.066
          90 Percent C.I.                    0.047  0.086
          Probability RMSEA <= .05           0.077

CFI/TLI

          CFI                                0.979
          TLI                                0.937

Chi-Square Test of Model Fit for the Baseline Model

          Value                           1526.053
          Degrees of Freedom                     6
          P-Value                           0.0000

SRMR (Standardized Root Mean Square Residual)

          Value                              0.021



MODEL RESULTS

                                                    Two-Tailed
                    Estimate       S.E.  Est./S.E.    P-Value

 F        BY
    V208               1.000      0.000    999.000    999.000
    V209               0.745      0.040     18.561      0.000
    V210               0.904      0.047     19.196      0.000
    V211               0.168      0.032      5.170      0.000

 Intercepts
    V208               2.011      0.021     95.143      0.000
    V209               2.286      0.024     95.389      0.000
    V210               2.675      0.025    105.572      0.000
    V211               3.246      0.025    128.402      0.000

 Variances
    F                  0.966      0.059     16.393      0.000

 Residual Variances
    V208               0.687      0.050     13.733      0.000
    V209               1.553      0.045     34.257      0.000
    V210               1.566      0.053     29.570      0.000
    V211               2.271      0.054     42.149      0.000


STANDARDIZED MODEL RESULTS


STDYX Standardization

                                                    Two-Tailed
                    Estimate       S.E.  Est./S.E.    P-Value

 F        BY
    V208               0.764      0.020     38.283      0.000
    V209               0.506      0.018     28.569      0.000
    V210               0.579      0.018     32.482      0.000
    V211               0.109      0.020      5.376      0.000

 Intercepts
    V208               1.564      0.025     63.763      0.000
    V209               1.582      0.025     63.298      0.000
    V210               1.743      0.026     66.385      0.000
    V211               2.141      0.030     70.690      0.000

 Variances
    F                  1.000      0.000    999.000    999.000

 Residual Variances
    V208               0.416      0.031     13.614      0.000
    V209               0.744      0.018     41.413      0.000
    V210               0.665      0.021     32.196      0.000
    V211               0.988      0.004    224.766      0.000


R-SQUARE

    Observed                                        Two-Tailed
    Variable        Estimate       S.E.  Est./S.E.    P-Value

    V208               0.584      0.031     19.141      0.000
    V209               0.256      0.018     14.284      0.000
    V210               0.335      0.021     16.241      0.000
    V211               0.012      0.004      2.688      0.007


QUALITY OF NUMERICAL RESULTS

     Condition Number for the Information Matrix              0.243E-01
       (ratio of smallest to largest eigenvalue)


MODEL MODIFICATION INDICES

NOTE:  Modification indices for direct effects of observed dependent variables
regressed on covariates may not be included.  To include these, request
MODINDICES (ALL).

Minimum M.I. value for printing the modification index    10.000

                                   M.I.     E.P.C.  Std E.P.C.  StdYX E.P.C.

WITH Statements

V210     WITH V208                31.818     1.409      1.409        1.359
V210     WITH V209                18.180    -0.596     -0.596       -0.382
V211     WITH V208                18.295    -0.149     -0.149       -0.119
V211     WITH V209                31.710     0.194      0.194        0.103


DIAGRAM INFORMATION

  Use View Diagram under the Diagram menu in the Mplus Editor to view the diagram.
  If running Mplus from the Mplus Diagrammer, the diagram opens automatically.

  Diagram output
    c:\users\msassac6\dropbox (the university of manchester)\papers\joe s\evs_mm_de_equivalence\mplus\cfa\inv_data3_v208

     Beginning Time:  08:26:27
        Ending Time:  08:26:27
       Elapsed Time:  00:00:00



MUTHEN & MUTHEN
3463 Stoner Ave.
Los Angeles, CA  90066

Tel: (310) 391-9971
Fax: (310) 391-8971
Web: www.StatModel.com
Support: Support@StatModel.com

Copyright (c) 1998-2017 Muthen & Muthen
