Mplus VERSION 8
MUTHEN & MUTHEN
06/25/2020  11:56 AM

INPUT INSTRUCTIONS

  TITLE: Your title goes here

   DATA: FILE = cfa/data.dta;

   VARIABLE:

   NAMES = id_cocas caseno v1 v2 v3 v4 v5 v6 v32 v33 v34 v35 v36 v37 v46 v47 v48 v49
       v50 v65 v66 v67 v68 v69 v70 v98 v99 v100 v101 v103 v104 v105 v106 v107 v115
       v116 v117 v118 v119 v120 v121 v122 v123 v124 v125 v126 v127 v128 v129 v130 v131
       v132 v133 v134 v135 v136 v137 v138 v139 v140 v141 v145 v146 v147 v148 v149 v150
       v151 v152 v153 v154 v155 v156 v157 v158 v159 v160 v161 v162 v163 v164 v165 v166
       v167 v168 v176 v177 v178 v179 v180 v181 v182 v183 v185 v186 v187 v188 v189 v190
       v191 v192 v193 v194 v195 v196 v197 v199 v200 v201 v202 v203 v205 v206 v207 v208
       v209 v210 v211 v212 v213 v214 v215 v216 v217 v218 v219 v220 v221 v222 v223 v224
       v267 v268 v269 v270 v271 v272 v273 v274;

   MISSING=.;

   USEVARIABLES ARE
   v133
   v134
   v135
   v136
   v137
   v138
   v139
   v140
   v141;


   Model:

  f by v133
   v134
   v135
   v136
   v137
   v138
   v139
   v140
   v141;


   OUTPUT: SAMPSTAT;

                                  MODINDICES;

                                  STDYX;




*** WARNING
  Data set contains cases with missing on all variables.
  These cases were not included in the analysis.
  Number of cases with missing on all variables:  4340
   1 WARNING(S) FOUND IN THE INPUT INSTRUCTIONS



Your title goes here

SUMMARY OF ANALYSIS

Number of groups                                                 1
Number of observations                                       50936

Number of dependent variables                                    9
Number of independent variables                                  0
Number of continuous latent variables                            1

Observed dependent variables

  Continuous
   V133        V134        V135        V136        V137        V138
   V139        V140        V141

Continuous latent variables
   F


Estimator                                                       ML
Information matrix                                        OBSERVED
Maximum number of iterations                                  1000
Convergence criterion                                    0.500D-04
Maximum number of steepest descent iterations                   20
Maximum number of iterations for H1                           2000
Convergence criterion for H1                             0.100D-03

Input data file(s)
  cfa/data.dta

Input data format  FREE


SUMMARY OF DATA

     Number of missing data patterns           365


COVARIANCE COVERAGE OF DATA

Minimum covariance coverage value   0.100


     PROPORTION OF DATA PRESENT


           Covariance Coverage
              V133          V134          V135          V136          V137
              ________      ________      ________      ________      ________
 V133           0.964
 V134           0.930         0.947
 V135           0.955         0.940         0.983
 V136           0.955         0.938         0.971         0.982
 V137           0.925         0.915         0.938         0.938         0.946
 V138           0.935         0.923         0.949         0.947         0.924
 V139           0.943         0.928         0.956         0.957         0.928
 V140           0.941         0.928         0.956         0.956         0.928
 V141           0.958         0.942         0.976         0.975         0.941


           Covariance Coverage
              V138          V139          V140          V141
              ________      ________      ________      ________
 V138           0.957
 V139           0.940         0.966
 V140           0.938         0.948         0.966
 V141           0.953         0.962         0.962         0.990


SAMPLE STATISTICS


     ESTIMATED SAMPLE STATISTICS


           Means
              V133          V134          V135          V136          V137
              ________      ________      ________      ________      ________
                6.413         2.861         8.544         7.402         3.639


           Means
              V138          V139          V140          V141
              ________      ________      ________      ________
                7.942         5.841         4.772         8.717


           Covariances
              V133          V134          V135          V136          V137
              ________      ________      ________      ________      ________
 V133           8.762
 V134           0.575         6.837
 V135           1.541        -1.267         5.502
 V136           2.481        -0.252         2.298         6.678
 V137           0.284         2.796        -1.079         0.105         9.801
 V138           1.906        -1.056         2.763         2.259        -0.538
 V139           3.050         0.919         0.936         2.378         1.391
 V140           0.941         1.936        -0.149         0.607         2.332
 V141           1.441        -1.162         2.536         1.811        -0.793


           Covariances
              V138          V139          V140          V141
              ________      ________      ________      ________
 V138           6.504
 V139           1.710         9.464
 V140           0.153         2.007         9.551
 V141           2.570         1.193         0.082         5.393


           Correlations
              V133          V134          V135          V136          V137
              ________      ________      ________      ________      ________
 V133           1.000
 V134           0.074         1.000
 V135           0.222        -0.207         1.000
 V136           0.324        -0.037         0.379         1.000
 V137           0.031         0.341        -0.147         0.013         1.000
 V138           0.252        -0.158         0.462         0.343        -0.067
 V139           0.335         0.114         0.130         0.299         0.144
 V140           0.103         0.240        -0.021         0.076         0.241
 V141           0.210        -0.191         0.466         0.302        -0.109


           Correlations
              V138          V139          V140          V141
              ________      ________      ________      ________
 V138           1.000
 V139           0.218         1.000
 V140           0.019         0.211         1.000
 V141           0.434         0.167         0.011         1.000


     MAXIMUM LOG-LIKELIHOOD VALUE FOR THE UNRESTRICTED (H1) MODEL IS -1036949.924


UNIVARIATE SAMPLE STATISTICS


     UNIVARIATE HIGHER-ORDER MOMENT DESCRIPTIVE STATISTICS

         Variable/         Mean/     Skewness/   Minimum/ % with                Percentiles
        Sample Size      Variance    Kurtosis    Maximum  Min/Max      20%/60%    40%/80%    Median

     V133                  6.414      -0.484       0.000    1.26%       4.000      6.000      7.000
           49126.000       8.748      -0.863      10.000   21.31%       8.000     10.000
     V134                  2.849       1.205       0.000    5.43%       1.000      1.000      1.000
           48237.000       6.834       0.485      10.000    3.65%       2.000      5.000
     V135                  8.549      -1.805       0.000    0.46%       7.000      9.000     10.000
           50079.000       5.491       2.558      10.000   58.62%      10.000     10.000
     V136                  7.407      -0.882       0.000    0.46%       5.000      7.000      8.000
           50003.000       6.667      -0.021      10.000   31.58%       9.000     10.000
     V137                  3.631       0.749       0.000    6.31%       1.000      1.000      2.000
           48183.000       9.797      -0.753      10.000    8.31%       4.000      7.000
     V138                  7.952      -1.263       0.000    0.64%       6.000      8.000      9.000
           48734.000       6.484       0.778      10.000   43.60%      10.000     10.000
     V139                  5.843      -0.197       0.000    1.06%       3.000      5.000      6.000
           49204.000       9.451      -1.173      10.000   18.04%       7.000      9.000
     V140                  4.772       0.169       0.000    3.02%       1.000      4.000      5.000
           49209.000       9.546      -1.191      10.000   10.01%       6.000      8.000
     V141                  8.719      -2.017       0.000    0.60%       8.000     10.000     10.000
           50425.000       5.387       3.333      10.000   65.06%      10.000     10.000


THE MODEL ESTIMATION TERMINATED NORMALLY



MODEL FIT INFORMATION

Number of Free Parameters                       27

Loglikelihood

          H0 Value                    -1047737.488
          H1 Value                    -1036949.924

Information Criteria

          Akaike (AIC)                 2095528.975
          Bayesian (BIC)               2095767.610
          Sample-Size Adjusted BIC     2095681.804
            (n* = (n + 2) / 24)

Chi-Square Test of Model Fit

          Value                          21575.128
          Degrees of Freedom                    27
          P-Value                           0.0000

RMSEA (Root Mean Square Error Of Approximation)

          Estimate                           0.125
          90 Percent C.I.                    0.124  0.127
          Probability RMSEA <= .05           0.000

CFI/TLI

          CFI                                0.695
          TLI                                0.594

Chi-Square Test of Model Fit for the Baseline Model

          Value                          70763.744
          Degrees of Freedom                    36
          P-Value                           0.0000

SRMR (Standardized Root Mean Square Residual)

          Value                              0.095



MODEL RESULTS

                                                    Two-Tailed
                    Estimate       S.E.  Est./S.E.    P-Value

 F        BY
    V133               1.000      0.000    999.000    999.000
    V134              -0.484      0.014    -34.569      0.000
    V135               1.399      0.020     68.430      0.000
    V136               1.218      0.018     68.542      0.000
    V137              -0.336      0.015    -21.884      0.000
    V138               1.466      0.021     69.752      0.000
    V139               0.833      0.016     51.417      0.000
    V140               0.087      0.014      6.175      0.000
    V141               1.273      0.019     67.766      0.000

 Intercepts
    V133               6.412      0.013    481.233      0.000
    V134               2.848      0.012    239.478      0.000
    V135               8.545      0.010    816.992      0.000
    V136               7.403      0.012    641.712      0.000
    V137               3.631      0.014    254.680      0.000
    V138               7.943      0.011    691.700      0.000
    V139               5.843      0.014    421.919      0.000
    V140               4.772      0.014    342.598      0.000
    V141               8.717      0.010    843.781      0.000

 Variances
    F                  1.342      0.035     38.145      0.000

 Residual Variances
    V133               7.412      0.051    145.803      0.000
    V134               6.521      0.043    152.339      0.000
    V135               2.876      0.027    107.804      0.000
    V136               4.686      0.035    133.485      0.000
    V137               9.646      0.063    154.267      0.000
    V138               3.621      0.032    114.739      0.000
    V139               8.525      0.057    149.768      0.000
    V140               9.536      0.061    156.795      0.000
    V141               3.217      0.026    121.796      0.000


STANDARDIZED MODEL RESULTS


STDYX Standardization

                                                    Two-Tailed
                    Estimate       S.E.  Est./S.E.    P-Value

 F        BY
    V133               0.392      0.005     83.277      0.000
    V134              -0.215      0.005    -41.239      0.000
    V135               0.691      0.003    198.680      0.000
    V136               0.546      0.004    134.068      0.000
    V137              -0.124      0.005    -23.408      0.000
    V138               0.666      0.004    188.067      0.000
    V139               0.314      0.005     63.011      0.000
    V140               0.033      0.005      6.162      0.000
    V141               0.635      0.004    174.834      0.000

 Intercepts
    V133               2.167      0.008    262.483      0.000
    V134               1.089      0.006    189.596      0.000
    V135               3.643      0.012    294.704      0.000
    V136               2.865      0.010    283.258      0.000
    V137               1.160      0.006    196.866      0.000
    V138               3.114      0.011    284.034      0.000
    V139               1.900      0.008    251.640      0.000
    V140               1.544      0.007    231.367      0.000
    V141               3.753      0.013    296.922      0.000

 Variances
    F                  1.000      0.000    999.000    999.000

 Residual Variances
    V133               0.847      0.004    229.936      0.000
    V134               0.954      0.002    427.079      0.000
    V135               0.523      0.005    108.773      0.000
    V136               0.702      0.004    157.798      0.000
    V137               0.985      0.001    744.629      0.000
    V138               0.557      0.005    118.112      0.000
    V139               0.902      0.003    288.464      0.000
    V140               0.999      0.000   2884.027      0.000
    V141               0.596      0.005    129.205      0.000


R-SQUARE

    Observed                                        Two-Tailed
    Variable        Estimate       S.E.  Est./S.E.    P-Value

    V133               0.153      0.004     41.639      0.000
    V134               0.046      0.002     20.619      0.000
    V135               0.477      0.005     99.340      0.000
    V136               0.298      0.004     67.034      0.000
    V137               0.015      0.001     11.704      0.000
    V138               0.443      0.005     94.033      0.000
    V139               0.098      0.003     31.506      0.000
    V140               0.001      0.000      3.081      0.002
    V141               0.404      0.005     87.417      0.000


QUALITY OF NUMERICAL RESULTS

     Condition Number for the Information Matrix              0.125E-02
       (ratio of smallest to largest eigenvalue)


MODEL MODIFICATION INDICES

NOTE:  Modification indices for direct effects of observed dependent variables
regressed on covariates may not be included.  To include these, request
MODINDICES (ALL).

Minimum M.I. value for printing the modification index    10.000

                                   M.I.     E.P.C.  Std E.P.C.  StdYX E.P.C.

WITH Statements

V134     WITH V133              1539.735     1.304      1.304        0.188
V135     WITH V133               425.977    -0.555     -0.555       -0.120
V135     WITH V134               521.558    -0.548     -0.548       -0.126
V136     WITH V133              1239.863     1.062      1.062        0.180
V136     WITH V134               500.394     0.616      0.616        0.111
V137     WITH V133               363.491     0.768      0.768        0.091
V137     WITH V134              4870.829     2.591      2.591        0.327
V137     WITH V135               511.907    -0.652     -0.652       -0.124
V137     WITH V136               506.574     0.748      0.748        0.111
V138     WITH V133                11.779    -0.101     -0.101       -0.019
V138     WITH V134                40.198    -0.167     -0.167       -0.034
V138     WITH V136                96.322    -0.255     -0.255       -0.062
V138     WITH V137                22.186     0.149      0.149        0.025
V139     WITH V133              3066.245     2.114      2.114        0.266
V139     WITH V134              1852.814     1.516      1.516        0.203
V139     WITH V135              1213.565    -0.972     -0.972       -0.196
V139     WITH V136              1522.730     1.237      1.237        0.196
V139     WITH V137              1829.491     1.821      1.821        0.201
V140     WITH V133               465.782     0.854      0.854        0.102
V140     WITH V134              2979.764     1.995      1.995        0.253
V140     WITH V135               246.589    -0.443     -0.443       -0.085
V140     WITH V136               265.718     0.531      0.531        0.079
V140     WITH V137              2829.574     2.352      2.352        0.245
V140     WITH V139              2186.500     1.953      1.953        0.217
V141     WITH V133               215.240    -0.390     -0.390       -0.080
V141     WITH V134               356.969    -0.454     -0.454       -0.099
V141     WITH V135               322.294     0.416      0.416        0.137
V141     WITH V136               416.666    -0.474     -0.474       -0.122
V141     WITH V137               104.074    -0.295     -0.295       -0.053
V141     WITH V138                43.342     0.162      0.162        0.048
V141     WITH V139               129.914    -0.316     -0.316       -0.060


DIAGRAM INFORMATION

  Use View Diagram under the Diagram menu in the Mplus Editor to view the diagram.
  If running Mplus from the Mplus Diagrammer, the diagram opens automatically.

  Diagram output
    c:\users\msassac6\dropbox (the university of manchester)\papers\joe s\evs_mm_de_equivalence\mplus\cfa\inv_data3_v133

     Beginning Time:  11:56:29
        Ending Time:  11:56:33
       Elapsed Time:  00:00:04



MUTHEN & MUTHEN
3463 Stoner Ave.
Los Angeles, CA  90066

Tel: (310) 391-9971
Fax: (310) 391-8971
Web: www.StatModel.com
Support: Support@StatModel.com

Copyright (c) 1998-2017 Muthen & Muthen
