Mplus VERSION 8
MUTHEN & MUTHEN
06/25/2020  11:57 AM

INPUT INSTRUCTIONS

  TITLE: Your title goes here

   DATA: FILE = cfa/data.dta;

   VARIABLE:

   NAMES = id_cocas caseno v1 v2 v3 v4 v5 v6 v32 v33 v34 v35 v36 v37 v46 v47 v48 v49
       v50 v65 v66 v67 v68 v69 v70 v98 v99 v100 v101 v103 v104 v105 v106 v107 v115
       v116 v117 v118 v119 v120 v121 v122 v123 v124 v125 v126 v127 v128 v129 v130 v131
       v132 v133 v134 v135 v136 v137 v138 v139 v140 v141 v145 v146 v147 v148 v149 v150
       v151 v152 v153 v154 v155 v156 v157 v158 v159 v160 v161 v162 v163 v164 v165 v166
       v167 v168 v176 v177 v178 v179 v180 v181 v182 v183 v185 v186 v187 v188 v189 v190
       v191 v192 v193 v194 v195 v196 v197 v199 v200 v201 v202 v203 v205 v206 v207 v208
       v209 v210 v211 v212 v213 v214 v215 v216 v217 v218 v219 v220 v221 v222 v223 v224
       v267 v268 v269 v270 v271 v272 v273 v274;

   MISSING=.;

   USEVARIABLES ARE
   v208
   v209
   v210
   v211;


   Model:

  f by v208
   v209
   v210
   v211;


   OUTPUT: SAMPSTAT;

                                  MODINDICES;

                                  STDYX;




*** WARNING
  Data set contains cases with missing on all variables.
  These cases were not included in the analysis.
  Number of cases with missing on all variables:  202
   1 WARNING(S) FOUND IN THE INPUT INSTRUCTIONS



Your title goes here

SUMMARY OF ANALYSIS

Number of groups                                                 1
Number of observations                                       55074

Number of dependent variables                                    4
Number of independent variables                                  0
Number of continuous latent variables                            1

Observed dependent variables

  Continuous
   V208        V209        V210        V211

Continuous latent variables
   F


Estimator                                                       ML
Information matrix                                        OBSERVED
Maximum number of iterations                                  1000
Convergence criterion                                    0.500D-04
Maximum number of steepest descent iterations                   20
Maximum number of iterations for H1                           2000
Convergence criterion for H1                             0.100D-03

Input data file(s)
  cfa/data.dta

Input data format  FREE


SUMMARY OF DATA

     Number of missing data patterns            15


COVARIANCE COVERAGE OF DATA

Minimum covariance coverage value   0.100


     PROPORTION OF DATA PRESENT


           Covariance Coverage
              V208          V209          V210          V211
              ________      ________      ________      ________
 V208           0.999
 V209           0.995         0.996
 V210           0.995         0.994         0.996
 V211           0.989         0.988         0.988         0.990


SAMPLE STATISTICS


     ESTIMATED SAMPLE STATISTICS


           Means
              V208          V209          V210          V211
              ________      ________      ________      ________
                2.508         3.500         3.507         3.550


           Covariances
              V208          V209          V210          V211
              ________      ________      ________      ________
 V208           1.998
 V209           0.857         2.179
 V210           0.793         1.027         2.098
 V211           0.435         0.459         0.471         2.176


           Correlations
              V208          V209          V210          V211
              ________      ________      ________      ________
 V208           1.000
 V209           0.411         1.000
 V210           0.387         0.480         1.000
 V211           0.209         0.211         0.221         1.000


     MAXIMUM LOG-LIKELIHOOD VALUE FOR THE UNRESTRICTED (H1) MODEL IS -377028.883


UNIVARIATE SAMPLE STATISTICS


     UNIVARIATE HIGHER-ORDER MOMENT DESCRIPTIVE STATISTICS

         Variable/         Mean/     Skewness/   Minimum/ % with                Percentiles
        Sample Size      Variance    Kurtosis    Maximum  Min/Max      20%/60%    40%/80%    Median

     V208                  2.508       0.395       1.000   35.19%       1.000      2.000      2.000
           55009.000       1.998      -1.247       5.000   10.83%       3.000      4.000
     V209                  3.501      -0.542       1.000   15.93%       2.000      4.000      4.000
           54839.000       2.179      -1.164       5.000   35.22%       4.000      5.000
     V210                  3.508      -0.552       1.000   15.27%       2.000      3.000      4.000
           54837.000       2.098      -1.091       5.000   34.32%       4.000      5.000
     V211                  3.551      -0.555       1.000   14.65%       2.000      3.000      4.000
           54533.000       2.176      -1.156       5.000   38.54%       4.000      5.000


THE MODEL ESTIMATION TERMINATED NORMALLY



MODEL FIT INFORMATION

Number of Free Parameters                       12

Loglikelihood

          H0 Value                     -377069.626
          H1 Value                     -377028.883

Information Criteria

          Akaike (AIC)                  754163.253
          Bayesian (BIC)                754270.250
          Sample-Size Adjusted BIC      754232.114
            (n* = (n + 2) / 24)

Chi-Square Test of Model Fit

          Value                             81.487
          Degrees of Freedom                     2
          P-Value                           0.0000

RMSEA (Root Mean Square Error Of Approximation)

          Estimate                           0.027
          90 Percent C.I.                    0.022  0.032
          Probability RMSEA <= .05           1.000

CFI/TLI

          CFI                                0.998
          TLI                                0.993

Chi-Square Test of Model Fit for the Baseline Model

          Value                          31841.169
          Degrees of Freedom                     6
          P-Value                           0.0000

SRMR (Standardized Root Mean Square Residual)

          Value                              0.007



MODEL RESULTS

                                                    Two-Tailed
                    Estimate       S.E.  Est./S.E.    P-Value

 F        BY
    V208               1.000      0.000    999.000    999.000
    V209               1.261      0.013     95.904      0.000
    V210               1.190      0.013     95.144      0.000
    V211               0.577      0.010     59.129      0.000

 Intercepts
    V208               2.508      0.006    416.147      0.000
    V209               3.500      0.006    555.551      0.000
    V210               3.507      0.006    567.252      0.000
    V211               3.550      0.006    562.167      0.000

 Variances
    F                  0.679      0.011     60.826      0.000

 Residual Variances
    V208               1.319      0.010    128.207      0.000
    V209               1.100      0.012     92.922      0.000
    V210               1.137      0.011    101.792      0.000
    V211               1.950      0.012    157.106      0.000


STANDARDIZED MODEL RESULTS


STDYX Standardization

                                                    Two-Tailed
                    Estimate       S.E.  Est./S.E.    P-Value

 F        BY
    V208               0.583      0.004    146.697      0.000
    V209               0.704      0.004    182.463      0.000
    V210               0.677      0.004    174.983      0.000
    V211               0.322      0.005     68.407      0.000

 Intercepts
    V208               1.774      0.007    259.361      0.000
    V209               2.371      0.008    284.378      0.000
    V210               2.421      0.008    285.897      0.000
    V211               2.407      0.008    284.581      0.000

 Variances
    F                  1.000      0.000    999.000    999.000

 Residual Variances
    V208               0.660      0.005    142.577      0.000
    V209               0.505      0.005     93.059      0.000
    V210               0.542      0.005    103.421      0.000
    V211               0.896      0.003    295.535      0.000


R-SQUARE

    Observed                                        Two-Tailed
    Variable        Estimate       S.E.  Est./S.E.    P-Value

    V208               0.340      0.005     73.348      0.000
    V209               0.495      0.005     91.231      0.000
    V210               0.458      0.005     87.491      0.000
    V211               0.104      0.003     34.203      0.000


QUALITY OF NUMERICAL RESULTS

     Condition Number for the Information Matrix              0.164E-01
       (ratio of smallest to largest eigenvalue)


MODEL MODIFICATION INDICES

NOTE:  Modification indices for direct effects of observed dependent variables
regressed on covariates may not be included.  To include these, request
MODINDICES (ALL).

Minimum M.I. value for printing the modification index    10.000

                                   M.I.     E.P.C.  Std E.P.C.  StdYX E.P.C.

WITH Statements

V210     WITH V208                61.364    -0.116     -0.116       -0.095
V210     WITH V209                57.756     0.162      0.162        0.145
V211     WITH V208                57.361     0.062      0.062        0.039
V211     WITH V209                61.082    -0.071     -0.071       -0.048


DIAGRAM INFORMATION

  Use View Diagram under the Diagram menu in the Mplus Editor to view the diagram.
  If running Mplus from the Mplus Diagrammer, the diagram opens automatically.

  Diagram output
    c:\users\msassac6\dropbox (the university of manchester)\papers\joe s\evs_mm_de_equivalence\mplus\cfa\inv_data3_v208

     Beginning Time:  11:57:37
        Ending Time:  11:57:39
       Elapsed Time:  00:00:02



MUTHEN & MUTHEN
3463 Stoner Ave.
Los Angeles, CA  90066

Tel: (310) 391-9971
Fax: (310) 391-8971
Web: www.StatModel.com
Support: Support@StatModel.com

Copyright (c) 1998-2017 Muthen & Muthen
