Mplus VERSION 8
MUTHEN & MUTHEN
12/14/2020   3:03 PM

INPUT INSTRUCTIONS

  TITLE: Your title goes here

   DATA: FILE = cfa/data.dta;

   VARIABLE:

   NAMES = id_cocas weight comp_mode comp_len mode mm_matrix_group wei_mmf v2 v3 v4 v32
       v33 v34 v35 v36 v37 v46 v47 v48 v49 v50 v65 v66 v67 v68 v69 v70 v82 v83 v84 v98
       v99 v100 v101 v103 v104 v105 v106 v107 v115 v116 v117 v118 v119 v120 v121 v122
       v123 v124 v125 v126 v127 v128 v129 v130 v131 v132 v133 v134 v135 v136 v137 v138
       v139 v140 v141 v145 v146 v147 v148 v149 v150 v151 v152 v153 v154 v155 v156 v157
       v158 v159 v160 v161 v162 v163 v164 v165 v166 v167 v176 v177 v178 v179 v180 v181
       v182 v183 v185 v186 v187 v188 v189 v191 v192 v193 v194 v195 v196 v197 v199 v200
       v201 v202 v203 v205 v206 v207 v208 v209 v210 v211 v212 v213 v214 v215 v216 v217
       v218 v220 v221 v222 v223 v224 v267 v268 v269 v271 v272 v273;

   MISSING=.;

   USEVARIABLES ARE
   v103
   v104
   v105
   v106
   v107;


   Model:

  f by v103
   v104
   v105
   v106
   v107;


   OUTPUT: SAMPSTAT;

                                  MODINDICES;

                                  STDYX;




*** WARNING
  Data set contains cases with missing on all variables.
  These cases were not included in the analysis.
  Number of cases with missing on all variables:  1658
   1 WARNING(S) FOUND IN THE INPUT INSTRUCTIONS



Your title goes here

SUMMARY OF ANALYSIS

Number of groups                                                 1
Number of observations                                        3758

Number of dependent variables                                    5
Number of independent variables                                  0
Number of continuous latent variables                            1

Observed dependent variables

  Continuous
   V103        V104        V105        V106        V107

Continuous latent variables
   F


Estimator                                                       ML
Information matrix                                        OBSERVED
Maximum number of iterations                                  1000
Convergence criterion                                    0.500D-04
Maximum number of steepest descent iterations                   20
Maximum number of iterations for H1                           2000
Convergence criterion for H1                             0.100D-03

Input data file(s)
  cfa/data.dta

Input data format  FREE


SUMMARY OF DATA

     Number of missing data patterns            30


COVARIANCE COVERAGE OF DATA

Minimum covariance coverage value   0.100


     PROPORTION OF DATA PRESENT


           Covariance Coverage
              V103          V104          V105          V106          V107
              ________      ________      ________      ________      ________
 V103           0.972
 V104           0.947         0.967
 V105           0.940         0.938         0.963
 V106           0.948         0.942         0.943         0.968
 V107           0.830         0.828         0.829         0.832         0.842


SAMPLE STATISTICS


     ESTIMATED SAMPLE STATISTICS


           Means
              V103          V104          V105          V106          V107
              ________      ________      ________      ________      ________
                5.163         4.852         3.475         5.766         5.294


           Covariances
              V103          V104          V105          V106          V107
              ________      ________      ________      ________      ________
 V103           6.285
 V104           1.196         5.745
 V105           1.253         1.099         3.989
 V106          -0.843        -0.540        -0.507         6.532
 V107           1.166         0.909         0.999        -0.735         4.402


           Correlations
              V103          V104          V105          V106          V107
              ________      ________      ________      ________      ________
 V103           1.000
 V104           0.199         1.000
 V105           0.250         0.230         1.000
 V106          -0.132        -0.088        -0.099         1.000
 V107           0.222         0.181         0.238        -0.137         1.000


     MAXIMUM LOG-LIKELIHOOD VALUE FOR THE UNRESTRICTED (H1) MODEL IS -39454.035


UNIVARIATE SAMPLE STATISTICS


     UNIVARIATE HIGHER-ORDER MOMENT DESCRIPTIVE STATISTICS

         Variable/         Mean/     Skewness/   Minimum/ % with                Percentiles
        Sample Size      Variance    Kurtosis    Maximum  Min/Max      20%/60%    40%/80%    Median

     V103                  5.159       0.214       1.000    8.66%       3.000      5.000      5.000
            3651.000       6.282      -0.682      10.000    7.64%       6.000      7.000
     V104                  4.847       0.284       1.000   10.05%       3.000      4.000      5.000
            3633.000       5.740      -0.549      10.000    5.06%       5.000      7.000
     V105                  3.466       0.751       1.000   20.06%       1.000      3.000      3.000
            3620.000       3.983       0.321      10.000    1.02%       4.000      5.000
     V106                  5.770      -0.187       1.000    7.39%       3.000      5.000      6.000
            3638.000       6.530      -0.849      10.000    8.49%       7.000      8.000
     V107                  5.276       0.196       1.000    4.83%       4.000      5.000      5.000
            3166.000       4.398      -0.034      10.000    4.52%       5.000      7.000


THE MODEL ESTIMATION TERMINATED NORMALLY



MODEL FIT INFORMATION

Number of Free Parameters                       15

Loglikelihood

          H0 Value                      -39458.629
          H1 Value                      -39454.035

Information Criteria

          Akaike (AIC)                   78947.258
          Bayesian (BIC)                 79040.732
          Sample-Size Adjusted BIC       78993.070
            (n* = (n + 2) / 24)

Chi-Square Test of Model Fit

          Value                              9.188
          Degrees of Freedom                     5
          P-Value                           0.1018

RMSEA (Root Mean Square Error Of Approximation)

          Estimate                           0.015
          90 Percent C.I.                    0.000  0.030
          Probability RMSEA <= .05           1.000

CFI/TLI

          CFI                                0.995
          TLI                                0.991

Chi-Square Test of Model Fit for the Baseline Model

          Value                            921.982
          Degrees of Freedom                    10
          P-Value                           0.0000

SRMR (Standardized Root Mean Square Residual)

          Value                              0.010



MODEL RESULTS

                                                    Two-Tailed
                    Estimate       S.E.  Est./S.E.    P-Value

 F        BY
    V103               1.000      0.000    999.000    999.000
    V104               0.817      0.063     13.040      0.000
    V105               0.848      0.061     13.875      0.000
    V106              -0.501      0.054     -9.333      0.000
    V107               0.794      0.059     13.428      0.000

 Intercepts
    V103               5.162      0.041    124.571      0.000
    V104               4.852      0.040    122.146      0.000
    V105               3.475      0.033    104.867      0.000
    V106               5.766      0.042    136.123      0.000
    V107               5.295      0.037    142.998      0.000

 Variances
    F                  1.486      0.147     10.125      0.000

 Residual Variances
    V103               4.800      0.158     30.323      0.000
    V104               4.752      0.138     34.432      0.000
    V105               2.920      0.104     28.203      0.000
    V106               6.159      0.153     40.264      0.000
    V107               3.466      0.114     30.304      0.000


STANDARDIZED MODEL RESULTS


STDYX Standardization

                                                    Two-Tailed
                    Estimate       S.E.  Est./S.E.    P-Value

 F        BY
    V103               0.486      0.022     21.872      0.000
    V104               0.416      0.022     18.939      0.000
    V105               0.518      0.022     23.073      0.000
    V106              -0.239      0.023    -10.598      0.000
    V107               0.461      0.023     19.975      0.000

 Intercepts
    V103               2.059      0.029     70.509      0.000
    V104               2.024      0.029     69.962      0.000
    V105               1.740      0.026     66.230      0.000
    V106               2.256      0.031     72.200      0.000
    V107               2.523      0.036     69.867      0.000

 Variances
    F                  1.000      0.000    999.000    999.000

 Residual Variances
    V103               0.764      0.022     35.335      0.000
    V104               0.827      0.018     45.346      0.000
    V105               0.732      0.023     31.517      0.000
    V106               0.943      0.011     87.373      0.000
    V107               0.787      0.021     36.964      0.000


R-SQUARE

    Observed                                        Two-Tailed
    Variable        Estimate       S.E.  Est./S.E.    P-Value

    V103               0.236      0.022     10.936      0.000
    V104               0.173      0.018      9.470      0.000
    V105               0.268      0.023     11.536      0.000
    V106               0.057      0.011      5.299      0.000
    V107               0.213      0.021      9.987      0.000


QUALITY OF NUMERICAL RESULTS

     Condition Number for the Information Matrix              0.557E-02
       (ratio of smallest to largest eigenvalue)


MODEL MODIFICATION INDICES

NOTE:  Modification indices for direct effects of observed dependent variables
regressed on covariates may not be included.  To include these, request
MODINDICES (ALL).

Minimum M.I. value for printing the modification index    10.000

                                   M.I.     E.P.C.  Std E.P.C.  StdYX E.P.C.

No modification indices above the minimum value.



DIAGRAM INFORMATION

  Use View Diagram under the Diagram menu in the Mplus Editor to view the diagram.
  If running Mplus from the Mplus Diagrammer, the diagram opens automatically.

  Diagram output
    c:\users\msassac6\dropbox (the university of manchester)\papers\joe s\evs_mm_de_equivalence\mplus\cfa\inv_data3_v103

     Beginning Time:  15:03:55
        Ending Time:  15:03:55
       Elapsed Time:  00:00:00



MUTHEN & MUTHEN
3463 Stoner Ave.
Los Angeles, CA  90066

Tel: (310) 391-9971
Fax: (310) 391-8971
Web: www.StatModel.com
Support: Support@StatModel.com

Copyright (c) 1998-2017 Muthen & Muthen
