Mplus VERSION 8
MUTHEN & MUTHEN
06/25/2020  11:56 AM

INPUT INSTRUCTIONS

  TITLE: Your title goes here

   DATA: FILE = cfa/data.dta;

   VARIABLE:

   NAMES = id_cocas caseno v1 v2 v3 v4 v5 v6 v32 v33 v34 v35 v36 v37 v46 v47 v48 v49
       v50 v65 v66 v67 v68 v69 v70 v98 v99 v100 v101 v103 v104 v105 v106 v107 v115
       v116 v117 v118 v119 v120 v121 v122 v123 v124 v125 v126 v127 v128 v129 v130 v131
       v132 v133 v134 v135 v136 v137 v138 v139 v140 v141 v145 v146 v147 v148 v149 v150
       v151 v152 v153 v154 v155 v156 v157 v158 v159 v160 v161 v162 v163 v164 v165 v166
       v167 v168 v176 v177 v178 v179 v180 v181 v182 v183 v185 v186 v187 v188 v189 v190
       v191 v192 v193 v194 v195 v196 v197 v199 v200 v201 v202 v203 v205 v206 v207 v208
       v209 v210 v211 v212 v213 v214 v215 v216 v217 v218 v219 v220 v221 v222 v223 v224
       v267 v268 v269 v270 v271 v272 v273 v274;

   MISSING=.;

   USEVARIABLES ARE
   v145
   v146
   v147
   v148;

   CATEGORICAL ARE
   v145
   v146
   v147
   v148;


   Model:

  f by v145
   v146
   v147
   v148;


   OUTPUT: SAMPSTAT;

                                  MODINDICES;

                                  STDYX;




*** WARNING
  Data set contains cases with missing on all variables.
  These cases were not included in the analysis.
  Number of cases with missing on all variables:  1176
   1 WARNING(S) FOUND IN THE INPUT INSTRUCTIONS



Your title goes here

SUMMARY OF ANALYSIS

Number of groups                                                 1
Number of observations                                       54100

Number of dependent variables                                    4
Number of independent variables                                  0
Number of continuous latent variables                            1

Observed dependent variables

  Binary and ordered categorical (ordinal)
   V145        V146        V147        V148

Continuous latent variables
   F


Estimator                                                    WLSMV
Maximum number of iterations                                  1000
Convergence criterion                                    0.500D-04
Maximum number of steepest descent iterations                   20
Maximum number of iterations for H1                           2000
Convergence criterion for H1                             0.100D-03
Parameterization                                             DELTA
Link                                                        PROBIT

Input data file(s)
  cfa/data.dta

Input data format  FREE


SUMMARY OF DATA

     Number of missing data patterns            15


COVARIANCE COVERAGE OF DATA

Minimum covariance coverage value   0.100


     PROPORTION OF DATA PRESENT


           Covariance Coverage
              V145          V146          V147          V148
              ________      ________      ________      ________
 V145           0.956
 V146           0.914         0.940
 V147           0.924         0.912         0.957
 V148           0.933         0.920         0.936         0.971


UNIVARIATE PROPORTIONS AND COUNTS FOR CATEGORICAL VARIABLES

    V145
      Category 1    0.120         6228.000
      Category 2    0.240        12417.000
      Category 3    0.260        13434.000
      Category 4    0.380        19658.000
    V146
      Category 1    0.183         9296.000
      Category 2    0.402        20451.000
      Category 3    0.277        14109.000
      Category 4    0.138         7011.000
    V147
      Category 1    0.039         1999.000
      Category 2    0.107         5531.000
      Category 3    0.277        14319.000
      Category 4    0.578        29908.000
    V148
      Category 1    0.599        31451.000
      Category 2    0.342        17939.000
      Category 3    0.044         2323.000
      Category 4    0.015          808.000


SAMPLE STATISTICS


     ESTIMATED SAMPLE STATISTICS


           MEANS/INTERCEPTS/THRESHOLDS
              V145$1        V145$2        V145$3        V146$1        V146$2
              ________      ________      ________      ________      ________
               -1.173        -0.357         0.306        -0.905         0.214


           MEANS/INTERCEPTS/THRESHOLDS
              V146$3        V147$1        V147$2        V147$3        V148$1
              ________      ________      ________      ________      ________
                1.090        -1.767        -1.056        -0.196         0.250


           MEANS/INTERCEPTS/THRESHOLDS
              V148$2        V148$3
              ________      ________
                1.558         2.160


           CORRELATION MATRIX (WITH VARIANCES ON THE DIAGONAL)
              V145          V146          V147          V148
              ________      ________      ________      ________
 V145
 V146           0.375
 V147           0.562         0.338
 V148          -0.305        -0.035        -0.354


THE MODEL ESTIMATION TERMINATED NORMALLY



MODEL FIT INFORMATION

Number of Free Parameters                       16

Chi-Square Test of Model Fit

          Value                           1230.290*
          Degrees of Freedom                     2
          P-Value                           0.0000

*   The chi-square value for MLM, MLMV, MLR, ULSMV, WLSM and WLSMV cannot be used
    for chi-square difference testing in the regular way.  MLM, MLR and WLSM
    chi-square difference testing is described on the Mplus website.  MLMV, WLSMV,
    and ULSMV difference testing is done using the DIFFTEST option.

RMSEA (Root Mean Square Error Of Approximation)

          Estimate                           0.107
          90 Percent C.I.                    0.102  0.112
          Probability RMSEA <= .05           0.000

CFI/TLI

          CFI                                0.969
          TLI                                0.908

Chi-Square Test of Model Fit for the Baseline Model

          Value                          40012.531
          Degrees of Freedom                     6
          P-Value                           0.0000

WRMR (Weighted Root Mean Square Residual)

          Value                              6.982



MODEL RESULTS

                                                    Two-Tailed
                    Estimate       S.E.  Est./S.E.    P-Value

 F        BY
    V145               1.000      0.000    999.000    999.000
    V146               0.574      0.008     75.093      0.000
    V147               0.993      0.011     88.793      0.000
    V148              -0.514      0.008    -68.183      0.000

 Thresholds
    V145$1            -1.173      0.007   -164.397      0.000
    V145$2            -0.357      0.006    -63.377      0.000
    V145$3             0.306      0.006     54.524      0.000
    V146$1            -0.905      0.006   -139.899      0.000
    V146$2             0.214      0.006     38.223      0.000
    V146$3             1.090      0.007    157.067      0.000
    V147$1            -1.767      0.010   -174.711      0.000
    V147$2            -1.056      0.007   -155.646      0.000
    V147$3            -0.196      0.006    -35.403      0.000
    V148$1             0.250      0.006     45.252      0.000
    V148$2             1.558      0.009    178.736      0.000
    V148$3             2.160      0.014    155.667      0.000

 Variances
    F                  0.586      0.008     77.632      0.000


STANDARDIZED MODEL RESULTS


STDYX Standardization

                                                    Two-Tailed
                    Estimate       S.E.  Est./S.E.    P-Value

 F        BY
    V145               0.765      0.005    155.265      0.000
    V146               0.440      0.005     91.667      0.000
    V147               0.760      0.005    151.991      0.000
    V148              -0.393      0.005    -76.287      0.000

 Thresholds
    V145$1            -1.173      0.007   -164.397      0.000
    V145$2            -0.357      0.006    -63.377      0.000
    V145$3             0.306      0.006     54.524      0.000
    V146$1            -0.905      0.006   -139.899      0.000
    V146$2             0.214      0.006     38.223      0.000
    V146$3             1.090      0.007    157.067      0.000
    V147$1            -1.767      0.010   -174.711      0.000
    V147$2            -1.056      0.007   -155.646      0.000
    V147$3            -0.196      0.006    -35.403      0.000
    V148$1             0.250      0.006     45.252      0.000
    V148$2             1.558      0.009    178.736      0.000
    V148$3             2.160      0.014    155.667      0.000

 Variances
    F                  1.000      0.000    999.000    999.000


R-SQUARE

    Observed                                        Two-Tailed   Residual
    Variable        Estimate       S.E.  Est./S.E.    P-Value    Variance

    V145               0.586      0.008     77.632      0.000      0.414
    V146               0.193      0.004     45.834      0.000      0.807
    V147               0.577      0.008     75.995      0.000      0.423
    V148               0.155      0.004     38.143      0.000      0.845


QUALITY OF NUMERICAL RESULTS

     Condition Number for the Information Matrix              0.174E-01
       (ratio of smallest to largest eigenvalue)


MODEL MODIFICATION INDICES

NOTE:  Modification indices for direct effects of observed dependent variables
regressed on covariates and residual covariances among observed dependent
variables may not be included.  To include these, request MODINDICES (ALL).

Minimum M.I. value for printing the modification index    10.000

                                   M.I.     E.P.C.  Std E.P.C.  StdYX E.P.C.

No modification indices above the minimum value.



DIAGRAM INFORMATION

  Use View Diagram under the Diagram menu in the Mplus Editor to view the diagram.
  If running Mplus from the Mplus Diagrammer, the diagram opens automatically.

  Diagram output
    c:\users\msassac6\dropbox (the university of manchester)\papers\joe s\evs_mm_de_equivalence\mplus\cfa\inv_data3_v145

     Beginning Time:  11:56:20
        Ending Time:  11:56:23
       Elapsed Time:  00:00:03



MUTHEN & MUTHEN
3463 Stoner Ave.
Los Angeles, CA  90066

Tel: (310) 391-9971
Fax: (310) 391-8971
Web: www.StatModel.com
Support: Support@StatModel.com

Copyright (c) 1998-2017 Muthen & Muthen
