Mplus VERSION 8
MUTHEN & MUTHEN
07/06/2020   8:27 AM

INPUT INSTRUCTIONS

  TITLE: Your title goes here

   DATA: FILE = cfa/data.dta;

   VARIABLE:

   NAMES = id_cocas weight comp_mode comp_len mode mm_matrix_group wei_mmf v2 v3 v4 v32
       v33 v34 v35 v36 v37 v46 v47 v48 v49 v50 v65 v66 v67 v68 v69 v70 v82 v83 v84 v98
       v99 v100 v101 v103 v104 v105 v106 v107 v115 v116 v117 v118 v119 v120 v121 v122
       v123 v124 v125 v126 v127 v128 v129 v130 v131 v132 v133 v134 v135 v136 v137 v138
       v139 v140 v141 v145 v146 v147 v148 v149 v150 v151 v152 v153 v154 v155 v156 v157
       v158 v159 v160 v161 v162 v163 v164 v165 v166 v167 v176 v177 v178 v179 v180 v181
       v182 v183 v185 v186 v187 v188 v189 v191 v192 v193 v194 v195 v196 v197 v199 v200
       v201 v202 v203 v205 v206 v207 v208 v209 v210 v211 v212 v213 v214 v215 v216 v217
       v218 v220 v221 v222 v223 v224 v267 v268 v269 v271 v272 v273;

   MISSING=.;

   USEVARIABLES ARE
   v46
   v47
   v48
   v49
   v50;


   Model:

  f by v46
   v47
   v48
   v49
   v50;


   OUTPUT: SAMPSTAT;

                                  MODINDICES;

                                  STDYX;




*** WARNING
  Data set contains cases with missing on all variables.
  These cases were not included in the analysis.
  Number of cases with missing on all variables:  586
   1 WARNING(S) FOUND IN THE INPUT INSTRUCTIONS



Your title goes here

SUMMARY OF ANALYSIS

Number of groups                                                 1
Number of observations                                        4830

Number of dependent variables                                    5
Number of independent variables                                  0
Number of continuous latent variables                            1

Observed dependent variables

  Continuous
   V46         V47         V48         V49         V50

Continuous latent variables
   F


Estimator                                                       ML
Information matrix                                        OBSERVED
Maximum number of iterations                                  1000
Convergence criterion                                    0.500D-04
Maximum number of steepest descent iterations                   20
Maximum number of iterations for H1                           2000
Convergence criterion for H1                             0.100D-03

Input data file(s)
  cfa/data.dta

Input data format  FREE


SUMMARY OF DATA

     Number of missing data patterns            30


COVARIANCE COVERAGE OF DATA

Minimum covariance coverage value   0.100


     PROPORTION OF DATA PRESENT


           Covariance Coverage
              V46           V47           V48           V49           V50
              ________      ________      ________      ________      ________
 V46            0.759
 V47            0.525         0.744
 V48            0.731         0.518         0.749
 V49            0.538         0.731         0.531         0.765
 V50            0.751         0.530         0.740         0.544         0.769


SAMPLE STATISTICS


     ESTIMATED SAMPLE STATISTICS


           Means
              V46           V47           V48           V49           V50
              ________      ________      ________      ________      ________
                2.035         2.708         2.442         2.052         3.307


           Covariances
              V46           V47           V48           V49           V50
              ________      ________      ________      ________      ________
 V46            0.907
 V47            0.335         1.496
 V48            0.304         0.501         1.319
 V49            0.270         0.380         0.390         0.913
 V50            0.361         0.404         0.419         0.422         1.279


           Correlations
              V46           V47           V48           V49           V50
              ________      ________      ________      ________      ________
 V46            1.000
 V47            0.288         1.000
 V48            0.277         0.357         1.000
 V49            0.297         0.325         0.355         1.000
 V50            0.335         0.292         0.323         0.391         1.000


     MAXIMUM LOG-LIKELIHOOD VALUE FOR THE UNRESTRICTED (H1) MODEL IS -26115.252


UNIVARIATE SAMPLE STATISTICS


     UNIVARIATE HIGHER-ORDER MOMENT DESCRIPTIVE STATISTICS

         Variable/         Mean/     Skewness/   Minimum/ % with                Percentiles
        Sample Size      Variance    Kurtosis    Maximum  Min/Max      20%/60%    40%/80%    Median

     V46                   2.041       0.972       1.000   29.81%       1.000      2.000      2.000
            3666.000       0.904       0.634       5.000    1.66%       2.000      3.000
     V47                   2.706       0.248       1.000   18.12%       2.000      2.000      3.000
            3593.000       1.494      -0.987       5.000    8.21%       3.000      4.000
     V48                   2.452       0.470       1.000   22.26%       1.000      2.000      2.000
            3617.000       1.315      -0.738       5.000    4.42%       3.000      4.000
     V49                   2.047       1.045       1.000   28.97%       1.000      2.000      2.000
            3697.000       0.912       0.888       5.000    2.16%       2.000      3.000
     V50                   3.317      -0.398       1.000    6.60%       2.000      3.000      4.000
            3713.000       1.275      -0.777       5.000   12.50%       4.000      4.000


THE MODEL ESTIMATION TERMINATED NORMALLY



MODEL FIT INFORMATION

Number of Free Parameters                       15

Loglikelihood

          H0 Value                      -26132.611
          H1 Value                      -26115.252

Information Criteria

          Akaike (AIC)                   52295.222
          Bayesian (BIC)                 52392.461
          Sample-Size Adjusted BIC       52344.797
            (n* = (n + 2) / 24)

Chi-Square Test of Model Fit

          Value                             34.719
          Degrees of Freedom                     5
          P-Value                           0.0000

RMSEA (Root Mean Square Error Of Approximation)

          Estimate                           0.035
          90 Percent C.I.                    0.025  0.047
          Probability RMSEA <= .05           0.985

CFI/TLI

          CFI                                0.987
          TLI                                0.974

Chi-Square Test of Model Fit for the Baseline Model

          Value                           2286.335
          Degrees of Freedom                    10
          P-Value                           0.0000

SRMR (Standardized Root Mean Square Residual)

          Value                              0.017



MODEL RESULTS

                                                    Two-Tailed
                    Estimate       S.E.  Est./S.E.    P-Value

 F        BY
    V46                1.000      0.000    999.000    999.000
    V47                1.347      0.069     19.548      0.000
    V48                1.323      0.067     19.755      0.000
    V49                1.195      0.058     20.434      0.000
    V50                1.379      0.066     20.989      0.000

 Intercepts
    V46                2.035      0.015    131.353      0.000
    V47                2.708      0.020    135.571      0.000
    V48                2.442      0.019    130.441      0.000
    V49                2.052      0.015    133.787      0.000
    V50                3.308      0.018    181.788      0.000

 Variances
    F                  0.242      0.018     13.261      0.000

 Residual Variances
    V46                0.665      0.019     34.976      0.000
    V47                1.057      0.032     32.537      0.000
    V48                0.895      0.028     32.074      0.000
    V49                0.568      0.020     28.819      0.000
    V50                0.818      0.027     30.668      0.000


STANDARDIZED MODEL RESULTS


STDYX Standardization

                                                    Two-Tailed
                    Estimate       S.E.  Est./S.E.    P-Value

 F        BY
    V46                0.516      0.017     30.446      0.000
    V47                0.542      0.017     31.040      0.000
    V48                0.567      0.017     33.900      0.000
    V49                0.615      0.017     37.106      0.000
    V50                0.600      0.016     37.109      0.000

 Intercepts
    V46                2.136      0.030     71.401      0.000
    V47                2.215      0.031     72.070      0.000
    V48                2.126      0.030     70.943      0.000
    V49                2.147      0.030     72.711      0.000
    V50                2.925      0.038     77.663      0.000

 Variances
    F                  1.000      0.000    999.000    999.000

 Residual Variances
    V46                0.733      0.018     41.862      0.000
    V47                0.707      0.019     37.380      0.000
    V48                0.679      0.019     35.845      0.000
    V49                0.622      0.020     30.497      0.000
    V50                0.640      0.019     32.990      0.000


R-SQUARE

    Observed                                        Two-Tailed
    Variable        Estimate       S.E.  Est./S.E.    P-Value

    V46                0.267      0.018     15.223      0.000
    V47                0.293      0.019     15.520      0.000
    V48                0.321      0.019     16.950      0.000
    V49                0.378      0.020     18.553      0.000
    V50                0.360      0.019     18.554      0.000


QUALITY OF NUMERICAL RESULTS

     Condition Number for the Information Matrix              0.508E-02
       (ratio of smallest to largest eigenvalue)


MODEL MODIFICATION INDICES

NOTE:  Modification indices for direct effects of observed dependent variables
regressed on covariates may not be included.  To include these, request
MODINDICES (ALL).

Minimum M.I. value for printing the modification index    10.000

                                   M.I.     E.P.C.  Std E.P.C.  StdYX E.P.C.

WITH Statements

V48      WITH V47                 20.949     0.118      0.118        0.121
V50      WITH V46                 10.679     0.060      0.060        0.082
V50      WITH V47                 14.346    -0.097     -0.097       -0.104


DIAGRAM INFORMATION

  Use View Diagram under the Diagram menu in the Mplus Editor to view the diagram.
  If running Mplus from the Mplus Diagrammer, the diagram opens automatically.

  Diagram output
    c:\users\msassac6\dropbox (the university of manchester)\papers\joe s\evs_mm_de_equivalence\mplus\cfa\inv_data3_v46.

     Beginning Time:  08:27:35
        Ending Time:  08:27:35
       Elapsed Time:  00:00:00



MUTHEN & MUTHEN
3463 Stoner Ave.
Los Angeles, CA  90066

Tel: (310) 391-9971
Fax: (310) 391-8971
Web: www.StatModel.com
Support: Support@StatModel.com

Copyright (c) 1998-2017 Muthen & Muthen
