Mplus VERSION 8
MUTHEN & MUTHEN
06/25/2020  11:54 AM

INPUT INSTRUCTIONS

  TITLE: Your title goes here

   DATA: FILE = cfa/data.dta;

   VARIABLE:

   NAMES = id_cocas caseno v1 v2 v3 v4 v5 v6 v32 v33 v34 v35 v36 v37 v46 v47 v48 v49
       v50 v65 v66 v67 v68 v69 v70 v98 v99 v100 v101 v103 v104 v105 v106 v107 v115
       v116 v117 v118 v119 v120 v121 v122 v123 v124 v125 v126 v127 v128 v129 v130 v131
       v132 v133 v134 v135 v136 v137 v138 v139 v140 v141 v145 v146 v147 v148 v149 v150
       v151 v152 v153 v154 v155 v156 v157 v158 v159 v160 v161 v162 v163 v164 v165 v166
       v167 v168 v176 v177 v178 v179 v180 v181 v182 v183 v185 v186 v187 v188 v189 v190
       v191 v192 v193 v194 v195 v196 v197 v199 v200 v201 v202 v203 v205 v206 v207 v208
       v209 v210 v211 v212 v213 v214 v215 v216 v217 v218 v219 v220 v221 v222 v223 v224
       v267 v268 v269 v270 v271 v272 v273 v274;

   MISSING=.;

   USEVARIABLES ARE
   v1
   v2
   v3
   v4
   v5
   v6;

   CATEGORICAL ARE
   v1
   v2
   v3
   v4
   v5
   v6;


   Model:

  f by v1
   v2
   v3
   v4
   v5
   v6;


   OUTPUT: SAMPSTAT;

                                  MODINDICES;

                                  STDYX;




*** WARNING
  Data set contains cases with missing on all variables.
  These cases were not included in the analysis.
  Number of cases with missing on all variables:  64
   1 WARNING(S) FOUND IN THE INPUT INSTRUCTIONS



Your title goes here

SUMMARY OF ANALYSIS

Number of groups                                                 1
Number of observations                                       55212

Number of dependent variables                                    6
Number of independent variables                                  0
Number of continuous latent variables                            1

Observed dependent variables

  Binary and ordered categorical (ordinal)
   V1          V2          V3          V4          V5          V6

Continuous latent variables
   F


Estimator                                                    WLSMV
Maximum number of iterations                                  1000
Convergence criterion                                    0.500D-04
Maximum number of steepest descent iterations                   20
Maximum number of iterations for H1                           2000
Convergence criterion for H1                             0.100D-03
Parameterization                                             DELTA
Link                                                        PROBIT

Input data file(s)
  cfa/data.dta

Input data format  FREE


SUMMARY OF DATA

     Number of missing data patterns            50


COVARIANCE COVERAGE OF DATA

Minimum covariance coverage value   0.100


     PROPORTION OF DATA PRESENT


           Covariance Coverage
              V1            V2            V3            V4            V5
              ________      ________      ________      ________      ________
 V1             0.989
 V2             0.987         0.998
 V3             0.987         0.996         0.998
 V4             0.985         0.993         0.993         0.995
 V5             0.980         0.988         0.988         0.986         0.990
 V6             0.978         0.986         0.986         0.984         0.981


           Covariance Coverage
              V6
              ________
 V6             0.988


UNIVARIATE PROPORTIONS AND COUNTS FOR CATEGORICAL VARIABLES

    V1
      Category 1    0.563        30762.000
      Category 2    0.336        18351.000
      Category 3    0.063         3467.000
      Category 4    0.037         2025.000
    V2
      Category 1    0.881        48536.000
      Category 2    0.103         5684.000
      Category 3    0.013          691.000
      Category 4    0.003          163.000
    V3
      Category 1    0.485        26739.000
      Category 2    0.445        24529.000
      Category 3    0.063         3454.000
      Category 4    0.006          357.000
    V4
      Category 1    0.413        22700.000
      Category 2    0.478        26243.000
      Category 3    0.094         5185.000
      Category 4    0.014          787.000
    V5
      Category 1    0.099         5402.000
      Category 2    0.327        17851.000
      Category 3    0.364        19877.000
      Category 4    0.211        11527.000
    V6
      Category 1    0.220        12008.000
      Category 2    0.294        16021.000
      Category 3    0.284        15481.000
      Category 4    0.202        11043.000


SAMPLE STATISTICS


     ESTIMATED SAMPLE STATISTICS


           MEANS/INTERCEPTS/THRESHOLDS
              V1$1          V1$2          V1$3          V2$1          V2$2
              ________      ________      ________      ________      ________
                0.159         1.278         1.786         1.181         2.157


           MEANS/INTERCEPTS/THRESHOLDS
              V2$3          V3$1          V3$2          V3$3          V4$1
              ________      ________      ________      ________      ________
                2.752        -0.036         1.482         2.485        -0.219


           MEANS/INTERCEPTS/THRESHOLDS
              V4$2          V4$3          V5$1          V5$2          V5$3
              ________      ________      ________      ________      ________
                1.233         2.188        -1.288        -0.188         0.803


           MEANS/INTERCEPTS/THRESHOLDS
              V6$1          V6$2          V6$3
              ________      ________      ________
               -0.772         0.035         0.833


           CORRELATION MATRIX (WITH VARIANCES ON THE DIAGONAL)
              V1            V2            V3            V4            V5
              ________      ________      ________      ________      ________
 V1
 V2             0.315
 V3             0.167         0.332
 V4             0.131         0.188         0.500
 V5             0.092         0.042         0.207         0.192
 V6             0.167         0.223         0.067        -0.006         0.122


           CORRELATION MATRIX (WITH VARIANCES ON THE DIAGONAL)
              V6
              ________


THE MODEL ESTIMATION TERMINATED NORMALLY



MODEL FIT INFORMATION

Number of Free Parameters                       24

Chi-Square Test of Model Fit

          Value                           3693.060*
          Degrees of Freedom                     9
          P-Value                           0.0000

*   The chi-square value for MLM, MLMV, MLR, ULSMV, WLSM and WLSMV cannot be used
    for chi-square difference testing in the regular way.  MLM, MLR and WLSM
    chi-square difference testing is described on the Mplus website.  MLMV, WLSMV,
    and ULSMV difference testing is done using the DIFFTEST option.

RMSEA (Root Mean Square Error Of Approximation)

          Estimate                           0.086
          90 Percent C.I.                    0.084  0.088
          Probability RMSEA <= .05           0.000

CFI/TLI

          CFI                                0.864
          TLI                                0.774

Chi-Square Test of Model Fit for the Baseline Model

          Value                          27199.092
          Degrees of Freedom                    15
          P-Value                           0.0000

WRMR (Weighted Root Mean Square Residual)

          Value                              9.604



MODEL RESULTS

                                                    Two-Tailed
                    Estimate       S.E.  Est./S.E.    P-Value

 F        BY
    V1                 1.000      0.000    999.000    999.000
    V2                 1.529      0.039     39.324      0.000
    V3                 2.733      0.063     43.171      0.000
    V4                 2.119      0.048     44.598      0.000
    V5                 1.004      0.028     35.784      0.000
    V6                 0.530      0.022     23.984      0.000

 Thresholds
    V1$1               0.159      0.005     29.598      0.000
    V1$2               1.278      0.007    175.027      0.000
    V1$3               1.786      0.010    178.892      0.000
    V2$1               1.181      0.007    170.173      0.000
    V2$2               2.157      0.014    159.635      0.000
    V2$3               2.752      0.026    107.464      0.000
    V3$1              -0.036      0.005     -6.822      0.000
    V3$2               1.482      0.008    182.358      0.000
    V3$3               2.485      0.019    132.302      0.000
    V4$1              -0.219      0.005    -40.573      0.000
    V4$2               1.233      0.007    173.118      0.000
    V4$3               2.188      0.014    157.095      0.000
    V5$1              -1.288      0.007   -175.593      0.000
    V5$2              -0.188      0.005    -34.846      0.000
    V5$3               0.803      0.006    133.011      0.000
    V6$1              -0.772      0.006   -128.865      0.000
    V6$2               0.035      0.005      6.443      0.000
    V6$3               0.833      0.006    136.542      0.000

 Variances
    F                  0.082      0.003     24.095      0.000


STANDARDIZED MODEL RESULTS


STDYX Standardization

                                                    Two-Tailed
                    Estimate       S.E.  Est./S.E.    P-Value

 F        BY
    V1                 0.286      0.006     48.191      0.000
    V2                 0.437      0.008     56.397      0.000
    V3                 0.780      0.007    115.906      0.000
    V4                 0.605      0.006    101.728      0.000
    V5                 0.287      0.006     51.218      0.000
    V6                 0.151      0.006     26.617      0.000

 Thresholds
    V1$1               0.159      0.005     29.598      0.000
    V1$2               1.278      0.007    175.027      0.000
    V1$3               1.786      0.010    178.892      0.000
    V2$1               1.181      0.007    170.173      0.000
    V2$2               2.157      0.014    159.635      0.000
    V2$3               2.752      0.026    107.464      0.000
    V3$1              -0.036      0.005     -6.822      0.000
    V3$2               1.482      0.008    182.358      0.000
    V3$3               2.485      0.019    132.302      0.000
    V4$1              -0.219      0.005    -40.573      0.000
    V4$2               1.233      0.007    173.118      0.000
    V4$3               2.188      0.014    157.095      0.000
    V5$1              -1.288      0.007   -175.593      0.000
    V5$2              -0.188      0.005    -34.846      0.000
    V5$3               0.803      0.006    133.011      0.000
    V6$1              -0.772      0.006   -128.865      0.000
    V6$2               0.035      0.005      6.443      0.000
    V6$3               0.833      0.006    136.542      0.000

 Variances
    F                  1.000      0.000    999.000    999.000


R-SQUARE

    Observed                                        Two-Tailed   Residual
    Variable        Estimate       S.E.  Est./S.E.    P-Value    Variance

    V1                 0.082      0.003     24.095      0.000      0.918
    V2                 0.191      0.007     28.199      0.000      0.809
    V3                 0.609      0.011     57.953      0.000      0.391
    V4                 0.366      0.007     50.864      0.000      0.634
    V5                 0.082      0.003     25.609      0.000      0.918
    V6                 0.023      0.002     13.308      0.000      0.977


QUALITY OF NUMERICAL RESULTS

     Condition Number for the Information Matrix              0.629E-04
       (ratio of smallest to largest eigenvalue)


MODEL MODIFICATION INDICES

NOTE:  Modification indices for direct effects of observed dependent variables
regressed on covariates and residual covariances among observed dependent
variables may not be included.  To include these, request MODINDICES (ALL).

Minimum M.I. value for printing the modification index    10.000

                                   M.I.     E.P.C.  Std E.P.C.  StdYX E.P.C.

No modification indices above the minimum value.



DIAGRAM INFORMATION

  Use View Diagram under the Diagram menu in the Mplus Editor to view the diagram.
  If running Mplus from the Mplus Diagrammer, the diagram opens automatically.

  Diagram output
    c:\users\msassac6\dropbox (the university of manchester)\papers\joe s\evs_mm_de_equivalence\mplus\cfa\inv_data3_v1_.

     Beginning Time:  11:54:38
        Ending Time:  11:54:42
       Elapsed Time:  00:00:04



MUTHEN & MUTHEN
3463 Stoner Ave.
Los Angeles, CA  90066

Tel: (310) 391-9971
Fax: (310) 391-8971
Web: www.StatModel.com
Support: Support@StatModel.com

Copyright (c) 1998-2017 Muthen & Muthen
