Mplus VERSION 8
MUTHEN & MUTHEN
06/26/2020   9:43 AM

INPUT INSTRUCTIONS

  TITLE: Your title goes here

   DATA: FILE = cfa/data.dta;

   VARIABLE:

   NAMES = id_cocas caseno v1 v2 v3 v4 v5 v6 v32 v33 v34 v35 v36 v37 v46 v47 v48 v49
       v50 v65 v66 v67 v68 v69 v70 v98 v99 v100 v101 v103 v104 v105 v106 v107 v115
       v116 v117 v118 v119 v120 v121 v122 v123 v124 v125 v126 v127 v128 v129 v130 v131
       v132 v133 v134 v135 v136 v137 v138 v139 v140 v141 v145 v146 v147 v148 v149 v150
       v151 v152 v153 v154 v155 v156 v157 v158 v159 v160 v161 v162 v163 v164 v165 v166
       v167 v168 v176 v177 v178 v179 v180 v181 v182 v183 v185 v186 v187 v188 v189 v190
       v191 v192 v193 v194 v195 v196 v197 v199 v200 v201 v202 v203 v205 v206 v207 v208
       v209 v210 v211 v212 v213 v214 v215 v216 v217 v218 v219 v220 v221 v222 v223 v224
       v267 v268 v269 v270 v271 v272 v273 v274;

   MISSING=.;

   USEVARIABLES ARE
   v134
   v137
   v140;


   Model:

  f by v134
   v137
   v140;


   OUTPUT: SAMPSTAT;

                                  MODINDICES;

                                  STDYX;




*** WARNING
  Data set contains cases with missing on all variables.
  These cases were not included in the analysis.
  Number of cases with missing on all variables:  4862
   1 WARNING(S) FOUND IN THE INPUT INSTRUCTIONS



Your title goes here

SUMMARY OF ANALYSIS

Number of groups                                                 1
Number of observations                                       50414

Number of dependent variables                                    3
Number of independent variables                                  0
Number of continuous latent variables                            1

Observed dependent variables

  Continuous
   V134        V137        V140

Continuous latent variables
   F


Estimator                                                       ML
Information matrix                                        OBSERVED
Maximum number of iterations                                  1000
Convergence criterion                                    0.500D-04
Maximum number of steepest descent iterations                   20
Maximum number of iterations for H1                           2000
Convergence criterion for H1                             0.100D-03

Input data file(s)
  cfa/data.dta

Input data format  FREE


SUMMARY OF DATA

     Number of missing data patterns             7


COVARIANCE COVERAGE OF DATA

Minimum covariance coverage value   0.100


     PROPORTION OF DATA PRESENT


           Covariance Coverage
              V134          V137          V140
              ________      ________      ________
 V134           0.957
 V137           0.924         0.956
 V140           0.938         0.938         0.976


SAMPLE STATISTICS


     ESTIMATED SAMPLE STATISTICS


           Means
              V134          V137          V140
              ________      ________      ________
                2.858         3.636         4.770


           Covariances
              V134          V137          V140
              ________      ________      ________
 V134           6.845
 V137           2.815         9.805
 V140           1.945         2.335         9.550


           Correlations
              V134          V137          V140
              ________      ________      ________
 V134           1.000
 V137           0.344         1.000
 V140           0.241         0.241         1.000


     MAXIMUM LOG-LIKELIHOOD VALUE FOR THE UNRESTRICTED (H1) MODEL IS -358468.573


UNIVARIATE SAMPLE STATISTICS


     UNIVARIATE HIGHER-ORDER MOMENT DESCRIPTIVE STATISTICS

         Variable/         Mean/     Skewness/   Minimum/ % with                Percentiles
        Sample Size      Variance    Kurtosis    Maximum  Min/Max      20%/60%    40%/80%    Median

     V134                  2.849       1.205       0.000    5.43%       1.000      1.000      1.000
           48237.000       6.834       0.485      10.000    3.65%       2.000      5.000
     V137                  3.631       0.749       0.000    6.31%       1.000      1.000      2.000
           48183.000       9.797      -0.753      10.000    8.31%       4.000      7.000
     V140                  4.772       0.169       0.000    3.02%       1.000      4.000      5.000
           49209.000       9.546      -1.191      10.000   10.01%       6.000      8.000


THE MODEL ESTIMATION TERMINATED NORMALLY



MODEL FIT INFORMATION

Number of Free Parameters                        9

Loglikelihood

          H0 Value                     -358468.573
          H1 Value                     -358468.573

Information Criteria

          Akaike (AIC)                  716955.145
          Bayesian (BIC)                717034.597
          Sample-Size Adjusted BIC      717005.995
            (n* = (n + 2) / 24)

Chi-Square Test of Model Fit

          Value                              0.000
          Degrees of Freedom                     0
          P-Value                           0.0000

RMSEA (Root Mean Square Error Of Approximation)

          Estimate                           0.000
          90 Percent C.I.                    0.000  0.000
          Probability RMSEA <= .05           0.000

CFI/TLI

          CFI                                1.000
          TLI                                1.000

Chi-Square Test of Model Fit for the Baseline Model

          Value                          10022.986
          Degrees of Freedom                     3
          P-Value                           0.0000

SRMR (Standardized Root Mean Square Residual)

          Value                              0.000



MODEL RESULTS

                                                    Two-Tailed
                    Estimate       S.E.  Est./S.E.    P-Value

 F        BY
    V134               1.000      0.000    999.000    999.000
    V137               1.201      0.027     45.227      0.000
    V140               0.830      0.017     48.401      0.000

 Intercepts
    V134               2.858      0.012    240.490      0.000
    V137               3.636      0.014    255.555      0.000
    V140               4.770      0.014    342.738      0.000

 Variances
    F                  2.344      0.062     38.011      0.000

 Residual Variances
    V134               4.501      0.059     75.867      0.000
    V137               6.426      0.085     75.190      0.000
    V140               7.936      0.062    127.935      0.000


STANDARDIZED MODEL RESULTS


STDYX Standardization

                                                    Two-Tailed
                    Estimate       S.E.  Est./S.E.    P-Value

 F        BY
    V134               0.585      0.007     82.018      0.000
    V137               0.587      0.007     82.000      0.000
    V140               0.411      0.006     69.440      0.000

 Intercepts
    V134               1.092      0.006    190.442      0.000
    V137               1.161      0.006    197.457      0.000
    V140               1.544      0.007    231.314      0.000

 Variances
    F                  1.000      0.000    999.000    999.000

 Residual Variances
    V134               0.658      0.008     78.731      0.000
    V137               0.655      0.008     77.978      0.000
    V140               0.831      0.005    170.753      0.000


R-SQUARE

    Observed                                        Two-Tailed
    Variable        Estimate       S.E.  Est./S.E.    P-Value

    V134               0.342      0.008     41.009      0.000
    V137               0.345      0.008     41.000      0.000
    V140               0.169      0.005     34.720      0.000


QUALITY OF NUMERICAL RESULTS

     Condition Number for the Information Matrix              0.724E-02
       (ratio of smallest to largest eigenvalue)


MODEL MODIFICATION INDICES

NOTE:  Modification indices for direct effects of observed dependent variables
regressed on covariates may not be included.  To include these, request
MODINDICES (ALL).

Minimum M.I. value for printing the modification index    10.000

                                   M.I.     E.P.C.  Std E.P.C.  StdYX E.P.C.

No modification indices above the minimum value.



DIAGRAM INFORMATION

  Use View Diagram under the Diagram menu in the Mplus Editor to view the diagram.
  If running Mplus from the Mplus Diagrammer, the diagram opens automatically.

  Diagram output
    c:\users\msassac6\dropbox (the university of manchester)\papers\joe s\evs_mm_de_equivalence\mplus\cfa\inv_data3_v134

     Beginning Time:  09:43:25
        Ending Time:  09:43:27
       Elapsed Time:  00:00:02



MUTHEN & MUTHEN
3463 Stoner Ave.
Los Angeles, CA  90066

Tel: (310) 391-9971
Fax: (310) 391-8971
Web: www.StatModel.com
Support: Support@StatModel.com

Copyright (c) 1998-2017 Muthen & Muthen
