Mplus VERSION 8
MUTHEN & MUTHEN
06/25/2020  11:55 AM

INPUT INSTRUCTIONS

  TITLE: Your title goes here

   DATA: FILE = cfa/data.dta;

   VARIABLE:

   NAMES = id_cocas caseno v1 v2 v3 v4 v5 v6 v32 v33 v34 v35 v36 v37 v46 v47 v48 v49
       v50 v65 v66 v67 v68 v69 v70 v98 v99 v100 v101 v103 v104 v105 v106 v107 v115
       v116 v117 v118 v119 v120 v121 v122 v123 v124 v125 v126 v127 v128 v129 v130 v131
       v132 v133 v134 v135 v136 v137 v138 v139 v140 v141 v145 v146 v147 v148 v149 v150
       v151 v152 v153 v154 v155 v156 v157 v158 v159 v160 v161 v162 v163 v164 v165 v166
       v167 v168 v176 v177 v178 v179 v180 v181 v182 v183 v185 v186 v187 v188 v189 v190
       v191 v192 v193 v194 v195 v196 v197 v199 v200 v201 v202 v203 v205 v206 v207 v208
       v209 v210 v211 v212 v213 v214 v215 v216 v217 v218 v219 v220 v221 v222 v223 v224
       v267 v268 v269 v270 v271 v272 v273 v274;

   MISSING=.;

   USEVARIABLES ARE
   v189
   v190
   v191
   v192
   v193;

   CATEGORICAL ARE
   v189
   v190
   v191
   v192
   v193;


   Model:

  f by v189
   v190
   v191
   v192
   v193;


   OUTPUT: SAMPSTAT;

                                  MODINDICES;

                                  STDYX;




*** WARNING
  Data set contains cases with missing on all variables.
  These cases were not included in the analysis.
  Number of cases with missing on all variables:  240
   1 WARNING(S) FOUND IN THE INPUT INSTRUCTIONS



Your title goes here

SUMMARY OF ANALYSIS

Number of groups                                                 1
Number of observations                                       55036

Number of dependent variables                                    5
Number of independent variables                                  0
Number of continuous latent variables                            1

Observed dependent variables

  Binary and ordered categorical (ordinal)
   V189        V190        V191        V192        V193

Continuous latent variables
   F


Estimator                                                    WLSMV
Maximum number of iterations                                  1000
Convergence criterion                                    0.500D-04
Maximum number of steepest descent iterations                   20
Maximum number of iterations for H1                           2000
Convergence criterion for H1                             0.100D-03
Parameterization                                             DELTA
Link                                                        PROBIT

Input data file(s)
  cfa/data.dta

Input data format  FREE


SUMMARY OF DATA

     Number of missing data patterns            28


COVARIANCE COVERAGE OF DATA

Minimum covariance coverage value   0.100


     PROPORTION OF DATA PRESENT


           Covariance Coverage
              V189          V190          V191          V192          V193
              ________      ________      ________      ________      ________
 V189           0.995
 V190           0.990         0.995
 V191           0.989         0.988         0.992
 V192           0.992         0.993         0.991         0.997
 V193           0.989         0.989         0.988         0.992         0.994


UNIVARIATE PROPORTIONS AND COUNTS FOR CATEGORICAL VARIABLES

    V189
      Category 1    0.303        16562.000
      Category 2    0.327        17907.000
      Category 3    0.270        14763.000
      Category 4    0.101         5502.000
    V190
      Category 1    0.593        32483.000
      Category 2    0.337        18431.000
      Category 3    0.055         2988.000
      Category 4    0.015          838.000
    V191
      Category 1    0.265        14500.000
      Category 2    0.313        17111.000
      Category 3    0.298        16288.000
      Category 4    0.123         6715.000
    V192
      Category 1    0.605        33190.000
      Category 2    0.330        18090.000
      Category 3    0.052         2880.000
      Category 4    0.013          735.000
    V193
      Category 1    0.485        26546.000
      Category 2    0.418        22841.000
      Category 3    0.084         4575.000
      Category 4    0.013          732.000


SAMPLE STATISTICS


     ESTIMATED SAMPLE STATISTICS


           MEANS/INTERCEPTS/THRESHOLDS
              V189$1        V189$2        V189$3        V190$1        V190$2
              ________      ________      ________      ________      ________
               -0.517         0.331         1.279         0.236         1.477


           MEANS/INTERCEPTS/THRESHOLDS
              V190$3        V191$1        V191$2        V191$3        V192$1
              ________      ________      ________      ________      ________
                2.162        -0.626         0.199         1.160         0.265


           MEANS/INTERCEPTS/THRESHOLDS
              V192$2        V192$3        V193$1        V193$2        V193$3
              ________      ________      ________      ________      ________
                1.507         2.215        -0.037         1.299         2.215


           CORRELATION MATRIX (WITH VARIANCES ON THE DIAGONAL)
              V189          V190          V191          V192          V193
              ________      ________      ________      ________      ________
 V189
 V190           0.211
 V191           0.736         0.108
 V192           0.371         0.482         0.381
 V193           0.431         0.417         0.506         0.627


THE MODEL ESTIMATION TERMINATED NORMALLY



MODEL FIT INFORMATION

Number of Free Parameters                       20

Chi-Square Test of Model Fit

          Value                          18617.933*
          Degrees of Freedom                     5
          P-Value                           0.0000

*   The chi-square value for MLM, MLMV, MLR, ULSMV, WLSM and WLSMV cannot be used
    for chi-square difference testing in the regular way.  MLM, MLR and WLSM
    chi-square difference testing is described on the Mplus website.  MLMV, WLSMV,
    and ULSMV difference testing is done using the DIFFTEST option.

RMSEA (Root Mean Square Error Of Approximation)

          Estimate                           0.260
          90 Percent C.I.                    0.257  0.263
          Probability RMSEA <= .05           0.000

CFI/TLI

          CFI                                0.894
          TLI                                0.788

Chi-Square Test of Model Fit for the Baseline Model

          Value                         175714.283
          Degrees of Freedom                    10
          P-Value                           0.0000

WRMR (Weighted Root Mean Square Residual)

          Value                             22.906



MODEL RESULTS

                                                    Two-Tailed
                    Estimate       S.E.  Est./S.E.    P-Value

 F        BY
    V189               1.000      0.000    999.000    999.000
    V190               0.523      0.006     92.132      0.000
    V191               1.029      0.006    170.082      0.000
    V192               0.857      0.005    171.883      0.000
    V193               0.882      0.004    196.353      0.000

 Thresholds
    V189$1            -0.517      0.006    -91.896      0.000
    V189$2             0.331      0.005     60.602      0.000
    V189$3             1.279      0.007    175.249      0.000
    V190$1             0.236      0.005     43.668      0.000
    V190$2             1.477      0.008    181.714      0.000
    V190$3             2.162      0.014    158.779      0.000
    V191$1            -0.626      0.006   -108.697      0.000
    V191$2             0.199      0.005     36.811      0.000
    V191$3             1.160      0.007    168.035      0.000
    V192$1             0.265      0.005     48.963      0.000
    V192$2             1.507      0.008    182.386      0.000
    V192$3             2.215      0.014    155.036      0.000
    V193$1            -0.037      0.005     -6.850      0.000
    V193$2             1.299      0.007    176.142      0.000
    V193$3             2.215      0.014    154.739      0.000

 Variances
    F                  0.648      0.004    144.729      0.000


STANDARDIZED MODEL RESULTS


STDYX Standardization

                                                    Two-Tailed
                    Estimate       S.E.  Est./S.E.    P-Value

 F        BY
    V189               0.805      0.003    289.457      0.000
    V190               0.421      0.004     94.953      0.000
    V191               0.828      0.003    305.597      0.000
    V192               0.689      0.003    203.799      0.000
    V193               0.710      0.003    238.726      0.000

 Thresholds
    V189$1            -0.517      0.006    -91.896      0.000
    V189$2             0.331      0.005     60.602      0.000
    V189$3             1.279      0.007    175.249      0.000
    V190$1             0.236      0.005     43.668      0.000
    V190$2             1.477      0.008    181.714      0.000
    V190$3             2.162      0.014    158.779      0.000
    V191$1            -0.626      0.006   -108.697      0.000
    V191$2             0.199      0.005     36.811      0.000
    V191$3             1.160      0.007    168.035      0.000
    V192$1             0.265      0.005     48.963      0.000
    V192$2             1.507      0.008    182.386      0.000
    V192$3             2.215      0.014    155.036      0.000
    V193$1            -0.037      0.005     -6.850      0.000
    V193$2             1.299      0.007    176.142      0.000
    V193$3             2.215      0.014    154.739      0.000

 Variances
    F                  1.000      0.000    999.000    999.000


R-SQUARE

    Observed                                        Two-Tailed   Residual
    Variable        Estimate       S.E.  Est./S.E.    P-Value    Variance

    V189               0.648      0.004    144.729      0.000      0.352
    V190               0.177      0.004     47.476      0.000      0.823
    V191               0.686      0.004    152.799      0.000      0.314
    V192               0.475      0.005    101.899      0.000      0.525
    V193               0.503      0.004    119.363      0.000      0.497


QUALITY OF NUMERICAL RESULTS

     Condition Number for the Information Matrix              0.890E-02
       (ratio of smallest to largest eigenvalue)


MODEL MODIFICATION INDICES

NOTE:  Modification indices for direct effects of observed dependent variables
regressed on covariates and residual covariances among observed dependent
variables may not be included.  To include these, request MODINDICES (ALL).

Minimum M.I. value for printing the modification index    10.000

                                   M.I.     E.P.C.  Std E.P.C.  StdYX E.P.C.

No modification indices above the minimum value.



DIAGRAM INFORMATION

  Use View Diagram under the Diagram menu in the Mplus Editor to view the diagram.
  If running Mplus from the Mplus Diagrammer, the diagram opens automatically.

  Diagram output
    c:\users\msassac6\dropbox (the university of manchester)\papers\joe s\evs_mm_de_equivalence\mplus\cfa\inv_data3_v189

     Beginning Time:  11:55:39
        Ending Time:  11:55:42
       Elapsed Time:  00:00:03



MUTHEN & MUTHEN
3463 Stoner Ave.
Los Angeles, CA  90066

Tel: (310) 391-9971
Fax: (310) 391-8971
Web: www.StatModel.com
Support: Support@StatModel.com

Copyright (c) 1998-2017 Muthen & Muthen
