Mplus VERSION 8
MUTHEN & MUTHEN
06/25/2020  11:56 AM

INPUT INSTRUCTIONS

  TITLE: Your title goes here

   DATA: FILE = cfa/data.dta;

   VARIABLE:

   NAMES = id_cocas caseno v1 v2 v3 v4 v5 v6 v32 v33 v34 v35 v36 v37 v46 v47 v48 v49
       v50 v65 v66 v67 v68 v69 v70 v98 v99 v100 v101 v103 v104 v105 v106 v107 v115
       v116 v117 v118 v119 v120 v121 v122 v123 v124 v125 v126 v127 v128 v129 v130 v131
       v132 v133 v134 v135 v136 v137 v138 v139 v140 v141 v145 v146 v147 v148 v149 v150
       v151 v152 v153 v154 v155 v156 v157 v158 v159 v160 v161 v162 v163 v164 v165 v166
       v167 v168 v176 v177 v178 v179 v180 v181 v182 v183 v185 v186 v187 v188 v189 v190
       v191 v192 v193 v194 v195 v196 v197 v199 v200 v201 v202 v203 v205 v206 v207 v208
       v209 v210 v211 v212 v213 v214 v215 v216 v217 v218 v219 v220 v221 v222 v223 v224
       v267 v268 v269 v270 v271 v272 v273 v274;

   MISSING=.;

   USEVARIABLES ARE
   v149
   v150
   v151
   v152
   v153
   v154
   v155
   v156
   v157
   v158
   v159
   v160
   v161
   v162
   v163;


   Model:

  f by v149
   v150
   v151
   v152
   v153
   v154
   v155
   v156
   v157
   v158
   v159
   v160
   v161
   v162
   v163;


   OUTPUT: SAMPSTAT;

                                  MODINDICES;

                                  STDYX;




*** WARNING
  Data set contains cases with missing on all variables.
  These cases were not included in the analysis.
  Number of cases with missing on all variables:  177
   1 WARNING(S) FOUND IN THE INPUT INSTRUCTIONS



Your title goes here

SUMMARY OF ANALYSIS

Number of groups                                                 1
Number of observations                                       55099

Number of dependent variables                                   15
Number of independent variables                                  0
Number of continuous latent variables                            1

Observed dependent variables

  Continuous
   V149        V150        V151        V152        V153        V154
   V155        V156        V157        V158        V159        V160
   V161        V162        V163

Continuous latent variables
   F


Estimator                                                       ML
Information matrix                                        OBSERVED
Maximum number of iterations                                  1000
Convergence criterion                                    0.500D-04
Maximum number of steepest descent iterations                   20
Maximum number of iterations for H1                           2000
Convergence criterion for H1                             0.100D-03

Input data file(s)
  cfa/data.dta

Input data format  FREE


SUMMARY OF DATA

     Number of missing data patterns          1529


COVARIANCE COVERAGE OF DATA

Minimum covariance coverage value   0.100


     PROPORTION OF DATA PRESENT


           Covariance Coverage
              V149          V150          V151          V152          V153
              ________      ________      ________      ________      ________
 V149           0.984
 V150           0.979         0.989
 V151           0.974         0.979         0.988
 V152           0.979         0.984         0.982         0.992
 V153           0.951         0.955         0.955         0.958         0.963
 V154           0.956         0.960         0.960         0.963         0.945
 V155           0.966         0.970         0.969         0.973         0.951
 V156           0.941         0.945         0.943         0.947         0.927
 V157           0.946         0.951         0.951         0.953         0.932
 V158           0.952         0.956         0.956         0.958         0.938
 V159           0.976         0.981         0.979         0.983         0.956
 V160           0.962         0.967         0.967         0.969         0.947
 V161           0.950         0.954         0.953         0.956         0.935
 V162           0.968         0.972         0.970         0.974         0.948
 V163           0.955         0.959         0.958         0.961         0.938


           Covariance Coverage
              V154          V155          V156          V157          V158
              ________      ________      ________      ________      ________
 V154           0.969
 V155           0.961         0.979
 V156           0.934         0.941         0.952
 V157           0.938         0.946         0.929         0.959
 V158           0.944         0.952         0.930         0.937         0.964
 V159           0.961         0.971         0.947         0.953         0.959
 V160           0.952         0.960         0.937         0.946         0.952
 V161           0.942         0.949         0.928         0.932         0.938
 V162           0.954         0.963         0.939         0.945         0.950
 V163           0.944         0.953         0.934         0.938         0.941


           Covariance Coverage
              V159          V160          V161          V162          V163
              ________      ________      ________      ________      ________
 V159           0.989
 V160           0.969         0.976
 V161           0.956         0.947         0.962
 V162           0.973         0.961         0.950         0.980
 V163           0.961         0.950         0.940         0.955         0.967


SAMPLE STATISTICS


     ESTIMATED SAMPLE STATISTICS


           Means
              V149          V150          V151          V152          V153
              ________      ________      ________      ________      ________
                2.143         2.103         2.480         1.584         5.126


           Means
              V154          V155          V156          V157          V158
              ________      ________      ________      ________      ________
                5.367         6.368         5.299         2.988         4.165


           Means
              V159          V160          V161          V162          V163
              ________      ________      ________      ________      ________
                2.658         3.042         6.983         1.649         3.403


           Covariances
              V149          V150          V151          V152          V153
              ________      ________      ________      ________      ________
 V149           4.117
 V150           1.956         4.160
 V151           0.877         0.935         5.814
 V152           1.185         1.364         1.030         2.221
 V153          -0.232        -0.582         3.771         0.139        14.418
 V154           0.002        -0.185         2.647         0.246         7.911
 V155          -0.075        -0.214         2.371         0.098         7.148
 V156           0.103         0.107         2.419         0.302         6.529
 V157           0.578         0.484         2.690         0.676         4.922
 V158           0.615         0.562         3.471         0.671         6.013
 V159           1.619         1.943         1.566         1.254         0.435
 V160           0.639         0.775         2.816         0.787         4.130
 V161          -0.318        -0.382         1.236        -0.121         4.567
 V162           0.942         0.911         0.782         0.941         0.220
 V163           0.561         0.740         0.274         0.740        -0.378


           Covariances
              V154          V155          V156          V157          V158
              ________      ________      ________      ________      ________
 V154          10.697
 V155           7.341         9.593
 V156           6.095         5.594        11.169
 V157           3.975         3.421         4.139         7.377
 V158           5.281         5.059         4.544         3.905        10.046
 V159           0.837         1.014         1.029         1.172         2.128
 V160           3.431         3.054         3.355         3.385         4.242
 V161           4.668         4.792         4.159         1.836         3.419
 V162           0.292         0.133         0.446         0.887         0.713
 V163           0.837         0.877         2.263         0.847         0.826


           Covariances
              V159          V160          V161          V162          V163
              ________      ________      ________      ________      ________
 V159           5.799
 V160           1.573         6.994
 V161           0.901         1.767         9.565
 V162           1.103         0.938        -0.095         2.483
 V163           1.120         1.024         1.401         1.002         9.052


           Correlations
              V149          V150          V151          V152          V153
              ________      ________      ________      ________      ________
 V149           1.000
 V150           0.473         1.000
 V151           0.179         0.190         1.000
 V152           0.392         0.449         0.287         1.000
 V153          -0.030        -0.075         0.412         0.025         1.000
 V154           0.000        -0.028         0.336         0.050         0.637
 V155          -0.012        -0.034         0.317         0.021         0.608
 V156           0.015         0.016         0.300         0.061         0.515
 V157           0.105         0.087         0.411         0.167         0.477
 V158           0.096         0.087         0.454         0.142         0.500
 V159           0.331         0.396         0.270         0.350         0.048
 V160           0.119         0.144         0.442         0.200         0.411
 V161          -0.051        -0.061         0.166        -0.026         0.389
 V162           0.295         0.283         0.206         0.401         0.037
 V163           0.092         0.121         0.038         0.165        -0.033


           Correlations
              V154          V155          V156          V157          V158
              ________      ________      ________      ________      ________
 V154           1.000
 V155           0.725         1.000
 V156           0.558         0.540         1.000
 V157           0.447         0.407         0.456         1.000
 V158           0.509         0.515         0.429         0.454         1.000
 V159           0.106         0.136         0.128         0.179         0.279
 V160           0.397         0.373         0.380         0.471         0.506
 V161           0.461         0.500         0.402         0.219         0.349
 V162           0.057         0.027         0.085         0.207         0.143
 V163           0.085         0.094         0.225         0.104         0.087


           Correlations
              V159          V160          V161          V162          V163
              ________      ________      ________      ________      ________
 V159           1.000
 V160           0.247         1.000
 V161           0.121         0.216         1.000
 V162           0.291         0.225        -0.020         1.000
 V163           0.155         0.129         0.151         0.211         1.000


     MAXIMUM LOG-LIKELIHOOD VALUE FOR THE UNRESTRICTED (H1) MODEL IS -1766376.440


UNIVARIATE SAMPLE STATISTICS


     UNIVARIATE HIGHER-ORDER MOMENT DESCRIPTIVE STATISTICS

         Variable/         Mean/     Skewness/   Minimum/ % with                Percentiles
        Sample Size      Variance    Kurtosis    Maximum  Min/Max      20%/60%    40%/80%    Median

     V149                  2.137       2.084       1.000   63.60%       1.000      1.000      1.000
           54212.000       4.106       3.906      10.000    1.66%       1.000      3.000
     V150                  2.098       2.205       1.000   64.87%       1.000      1.000      1.000
           54480.000       4.151       4.412      10.000    1.88%       1.000      3.000
     V151                  2.477       1.621       1.000   62.13%       1.000      1.000      1.000
           54415.000       5.811       1.597      10.000    2.62%       1.000      5.000
     V152                  1.581       3.347       1.000   78.65%       1.000      1.000      1.000
           54639.000       2.216      12.144      10.000    0.79%       1.000      2.000
     V153                  5.138       0.146       1.000   36.51%       1.000      2.000      5.000
           53065.000      14.516      -1.678      10.000   27.53%       7.000     10.000
     V154                  5.382       0.005       1.000   22.99%       1.000      5.000      5.000
           53366.000      10.736      -1.365      10.000   17.96%       6.000      9.000
     V155                  6.388      -0.387       1.000   12.86%       3.000      5.000      7.000
           53929.000       9.594      -1.082      10.000   26.13%       8.000     10.000
     V156                  5.320      -0.017       1.000   25.55%       1.000      5.000      5.000
           52465.000      11.217      -1.456      10.000   16.54%       7.000      9.000
     V157                  2.972       1.221       1.000   53.23%       1.000      1.000      1.000
           52844.000       7.390       0.304      10.000    4.58%       2.000      5.000
     V158                  4.174       0.547       1.000   36.07%       1.000      2.000      3.000
           53130.000      10.085      -1.068      10.000   10.56%       5.000      8.000
     V159                  2.656       1.514       1.000   53.17%       1.000      1.000      1.000
           54499.000       5.788       1.424      10.000    3.05%       2.000      5.000
     V160                  3.036       1.130       1.000   50.03%       1.000      1.000      1.000
           53753.000       6.996       0.167      10.000    3.81%       3.000      5.000
     V161                  7.011      -0.750       1.000   11.38%       4.000      7.000      8.000
           53010.000       9.554      -0.736      10.000   33.47%       9.000     10.000
     V162                  1.645       3.117       1.000   77.08%       1.000      1.000      1.000
           53995.000       2.478      10.307      10.000    0.88%       1.000      2.000
     V163                  3.399       0.956       1.000   48.72%       1.000      1.000      2.000
           53283.000       9.051      -0.449      10.000    7.19%       3.000      6.000


THE MODEL ESTIMATION TERMINATED NORMALLY



MODEL FIT INFORMATION

Number of Free Parameters                       45

Loglikelihood

          H0 Value                    -1812163.906
          H1 Value                    -1766376.440

Information Criteria

          Akaike (AIC)                 3624417.811
          Bayesian (BIC)               3624819.071
          Sample-Size Adjusted BIC     3624676.060
            (n* = (n + 2) / 24)

Chi-Square Test of Model Fit

          Value                          91574.931
          Degrees of Freedom                    90
          P-Value                           0.0000

RMSEA (Root Mean Square Error Of Approximation)

          Estimate                           0.136
          90 Percent C.I.                    0.135  0.137
          Probability RMSEA <= .05           0.000

CFI/TLI

          CFI                                0.670
          TLI                                0.615

Chi-Square Test of Model Fit for the Baseline Model

          Value                         277465.055
          Degrees of Freedom                   105
          P-Value                           0.0000

SRMR (Standardized Root Mean Square Residual)

          Value                              0.121



MODEL RESULTS

                                                    Two-Tailed
                    Estimate       S.E.  Est./S.E.    P-Value

 F        BY
    V149               1.000      0.000    999.000    999.000
    V150               0.723      0.079      9.112      0.000
    V151               8.821      0.588     15.009      0.000
    V152               1.505      0.108     13.915      0.000
    V153              20.461      1.365     14.985      0.000
    V154              18.894      1.260     14.989      0.000
    V155              17.466      1.166     14.983      0.000
    V156              16.282      1.086     14.989      0.000
    V157              11.864      0.790     15.011      0.000
    V158              15.569      1.036     15.025      0.000
    V159               3.983      0.271     14.678      0.000
    V160              10.875      0.724     15.014      0.000
    V161              11.628      0.780     14.904      0.000
    V162               1.667      0.120     13.940      0.000
    V163               2.983      0.220     13.584      0.000

 Intercepts
    V149               2.137      0.009    245.525      0.000
    V150               2.098      0.009    240.300      0.000
    V151               2.478      0.010    240.151      0.000
    V152               1.581      0.006    248.215      0.000
    V153               5.128      0.016    313.380      0.000
    V154               5.364      0.014    381.663      0.000
    V155               6.367      0.013    479.579      0.000
    V156               5.297      0.014    366.087      0.000
    V157               2.991      0.012    254.712      0.000
    V158               4.168      0.014    304.944      0.000
    V159               2.655      0.010    257.660      0.000
    V160               3.043      0.011    267.632      0.000
    V161               6.983      0.013    522.146      0.000
    V162               1.645      0.007    242.818      0.000
    V163               3.396      0.013    260.667      0.000

 Variances
    F                  0.020      0.003      7.511      0.000

 Residual Variances
    V149               4.086      0.025    164.521      0.000
    V150               4.141      0.025    164.982      0.000
    V151               4.284      0.027    156.147      0.000
    V152               2.171      0.013    164.755      0.000
    V153               6.239      0.046    136.152      0.000
    V154               3.707      0.030    121.882      0.000
    V155               3.613      0.029    126.710      0.000
    V156               5.985      0.041    144.725      0.000
    V157               4.617      0.031    149.258      0.000
    V158               5.307      0.037    143.396      0.000
    V159               5.477      0.033    163.641      0.000
    V160               4.673      0.031    151.955      0.000
    V161               6.909      0.045    154.657      0.000
    V162               2.424      0.015    163.758      0.000
    V163               8.876      0.055    162.802      0.000


STANDARDIZED MODEL RESULTS


STDYX Standardization

                                                    Two-Tailed
                    Estimate       S.E.  Est./S.E.    P-Value

 F        BY
    V149               0.069      0.005     15.069      0.000
    V150               0.050      0.005     10.813      0.000
    V151               0.513      0.003    146.827      0.000
    V152               0.142      0.005     31.330      0.000
    V153               0.754      0.002    344.129      0.000
    V154               0.809      0.002    426.679      0.000
    V155               0.790      0.002    392.146      0.000
    V156               0.682      0.003    260.151      0.000
    V157               0.612      0.003    201.845      0.000
    V158               0.687      0.003    263.618      0.000
    V159               0.232      0.004     53.039      0.000
    V160               0.576      0.003    179.186      0.000
    V161               0.527      0.003    153.557      0.000
    V162               0.148      0.005     32.856      0.000
    V163               0.139      0.005     30.751      0.000

 Intercepts
    V149               1.054      0.005    196.792      0.000
    V150               1.030      0.005    194.259      0.000
    V151               1.028      0.005    194.249      0.000
    V152               1.062      0.005    198.488      0.000
    V153               1.349      0.006    226.288      0.000
    V154               1.639      0.007    248.490      0.000
    V155               2.055      0.008    270.765      0.000
    V156               1.584      0.007    242.592      0.000
    V157               1.101      0.005    201.371      0.000
    V158               1.314      0.006    222.917      0.000
    V159               1.103      0.005    203.068      0.000
    V160               1.151      0.006    207.684      0.000
    V161               2.258      0.008    275.157      0.000
    V162               1.045      0.005    195.261      0.000
    V163               1.129      0.006    203.605      0.000

 Variances
    F                  1.000      0.000    999.000    999.000

 Residual Variances
    V149               0.995      0.001   1569.460      0.000
    V150               0.998      0.000   2185.085      0.000
    V151               0.737      0.004    206.075      0.000
    V152               0.980      0.001    765.876      0.000
    V153               0.432      0.003    130.713      0.000
    V154               0.346      0.003    112.936      0.000
    V155               0.376      0.003    118.397      0.000
    V156               0.535      0.004    149.700      0.000
    V157               0.626      0.004    168.764      0.000
    V158               0.527      0.004    147.113      0.000
    V159               0.946      0.002    466.690      0.000
    V160               0.668      0.004    180.488      0.000
    V161               0.723      0.004    199.991      0.000
    V162               0.978      0.001    730.265      0.000
    V163               0.981      0.001    782.119      0.000


R-SQUARE

    Observed                                        Two-Tailed
    Variable        Estimate       S.E.  Est./S.E.    P-Value

    V149               0.005      0.001      7.535      0.000
    V150               0.002      0.000      5.407      0.000
    V151               0.263      0.004     73.414      0.000
    V152               0.020      0.001     15.665      0.000
    V153               0.568      0.003    172.065      0.000
    V154               0.654      0.003    213.339      0.000
    V155               0.624      0.003    196.073      0.000
    V156               0.465      0.004    130.076      0.000
    V157               0.374      0.004    100.922      0.000
    V158               0.473      0.004    131.809      0.000
    V159               0.054      0.002     26.519      0.000
    V160               0.332      0.004     89.593      0.000
    V161               0.277      0.004     76.779      0.000
    V162               0.022      0.001     16.428      0.000
    V163               0.019      0.001     15.376      0.000


QUALITY OF NUMERICAL RESULTS

     Condition Number for the Information Matrix              0.810E-07
       (ratio of smallest to largest eigenvalue)


MODEL MODIFICATION INDICES

NOTE:  Modification indices for direct effects of observed dependent variables
regressed on covariates may not be included.  To include these, request
MODINDICES (ALL).

Minimum M.I. value for printing the modification index    10.000

                                   M.I.     E.P.C.  Std E.P.C.  StdYX E.P.C.

WITH Statements

V150     WITH V149             11665.163     1.914      1.914        0.465
V151     WITH V149              1541.315     0.725      0.725        0.173
V151     WITH V150              2013.322     0.832      0.832        0.198
V152     WITH V149              7913.276     1.143      1.143        0.384
V152     WITH V150             10626.493     1.329      1.329        0.443
V152     WITH V151              3501.075     0.794      0.794        0.260
V153     WITH V149               931.193    -0.733     -0.733       -0.145
V153     WITH V150              1779.163    -1.018     -1.018       -0.200
V153     WITH V151               151.968     0.313      0.313        0.061
V153     WITH V152               980.471    -0.547     -0.547       -0.149
V154     WITH V149               567.281    -0.459     -0.459       -0.118
V154     WITH V150               876.377    -0.572     -0.572       -0.146
V154     WITH V151              1754.357    -0.860     -0.860       -0.216
V154     WITH V152               795.277    -0.395     -0.395       -0.139
V154     WITH V153               507.495     0.641      0.641        0.133
V155     WITH V149               744.923    -0.508     -0.508       -0.132
V155     WITH V150               922.721    -0.568     -0.568       -0.147
V155     WITH V151              1928.010    -0.869     -0.869       -0.221
V155     WITH V152              1422.041    -0.511     -0.511       -0.182
V155     WITH V153                95.375     0.266      0.266        0.056
V155     WITH V154              6010.085     1.756      1.756        0.480
V156     WITH V149               102.836    -0.233     -0.233       -0.047
V156     WITH V150                35.685    -0.138     -0.138       -0.028
V156     WITH V151               373.913    -0.467     -0.467       -0.092
V156     WITH V152               141.199    -0.198     -0.198       -0.055
V156     WITH V154                21.138     0.121      0.121        0.026
V157     WITH V149               347.969     0.368      0.368        0.085
V157     WITH V150               287.082     0.336      0.336        0.077
V157     WITH V151              1194.941     0.716      0.716        0.161
V157     WITH V152               589.824     0.349      0.349        0.110
V157     WITH V153                76.125     0.239      0.239        0.044
V157     WITH V154               739.867    -0.604     -0.604       -0.146
V157     WITH V155              1815.473    -0.910     -0.910       -0.223
V157     WITH V156               306.198     0.452      0.452        0.086
V158     WITH V149               260.332     0.347      0.347        0.075
V158     WITH V150               302.920     0.376      0.376        0.080
V158     WITH V151              1685.783     0.931      0.931        0.195
V158     WITH V152               226.738     0.236      0.236        0.069
V158     WITH V153                97.193    -0.298     -0.298       -0.052
V158     WITH V154               909.614    -0.745     -0.745       -0.168
V158     WITH V155               278.970    -0.396     -0.396       -0.090
V158     WITH V156               350.376    -0.532     -0.532       -0.094
V158     WITH V157               215.495     0.356      0.356        0.072
V159     WITH V149              5544.000     1.525      1.525        0.322
V159     WITH V150              8308.632     1.874      1.874        0.394
V159     WITH V151              1804.966     0.910      0.910        0.188
V159     WITH V152              5733.934     1.127      1.127        0.327
V159     WITH V153              2424.333    -1.373     -1.373       -0.235
V159     WITH V154              1328.891    -0.815     -0.815       -0.181
V159     WITH V155               395.866    -0.430     -0.430       -0.097
V159     WITH V156                97.619    -0.263     -0.263       -0.046
V159     WITH V157               127.172     0.258      0.258        0.051
V159     WITH V158              1698.340     1.028      1.028        0.191
V160     WITH V149               526.706     0.449      0.449        0.103
V160     WITH V150              1105.854     0.654      0.654        0.149
V160     WITH V151              2591.515     1.045      1.045        0.234
V160     WITH V152              1196.642     0.492      0.492        0.155
V160     WITH V153               110.165    -0.284     -0.284       -0.053
V160     WITH V154              1511.013    -0.851     -0.851       -0.205
V160     WITH V155              1920.360    -0.924     -0.924       -0.225
V160     WITH V156                25.885    -0.130     -0.130       -0.025
V160     WITH V157              2003.522     0.982      0.982        0.211
V160     WITH V158              2200.626     1.127      1.127        0.226
V160     WITH V159              1149.335     0.769      0.769        0.152
V161     WITH V149               567.369    -0.566     -0.566       -0.107
V161     WITH V150               565.076    -0.568     -0.568       -0.106
V161     WITH V151              1184.343    -0.858     -0.858       -0.158
V161     WITH V152               774.406    -0.481     -0.481       -0.124
V161     WITH V153                13.836    -0.122     -0.122       -0.019
V161     WITH V154               350.488     0.494      0.494        0.098
V161     WITH V155              1795.565     1.078      1.078        0.216
V161     WITH V156               285.434     0.524      0.524        0.081
V161     WITH V157              1404.090    -0.998     -0.998       -0.177
V161     WITH V158                26.257    -0.149     -0.149       -0.025
V161     WITH V160               934.616    -0.807     -0.807       -0.142
V162     WITH V149              4289.142     0.894      0.894        0.284
V162     WITH V150              4036.997     0.871      0.871        0.275
V162     WITH V151              1259.730     0.507      0.507        0.157
V162     WITH V152              7947.593     0.885      0.885        0.386
V162     WITH V153               802.628    -0.526     -0.526       -0.135
V162     WITH V154               777.701    -0.415     -0.415       -0.138
V162     WITH V155              1432.996    -0.544     -0.544       -0.184
V162     WITH V156                29.690    -0.097     -0.097       -0.025
V162     WITH V157              1237.046     0.536      0.536        0.160
V162     WITH V158               181.688     0.224      0.224        0.062
V162     WITH V159              3702.938     0.962      0.962        0.264
V162     WITH V160              1672.585     0.618      0.618        0.184
V162     WITH V161               747.067    -0.501     -0.501       -0.123
V163     WITH V149               356.576     0.497      0.497        0.082
V163     WITH V150               687.948     0.693      0.693        0.114
V163     WITH V151                92.640    -0.264     -0.264       -0.043
V163     WITH V152              1176.471     0.656      0.656        0.149
V163     WITH V153              2719.217    -1.861     -1.861       -0.250
V163     WITH V154               146.818    -0.347     -0.347       -0.060
V163     WITH V155                44.731    -0.185     -0.185       -0.033
V163     WITH V156              1834.509     1.456      1.456        0.200
V163     WITH V157                30.229     0.161      0.161        0.025
V163     WITH V159               838.545     0.882      0.882        0.126
V163     WITH V160               203.650     0.415      0.415        0.064
V163     WITH V161               455.715     0.753      0.753        0.096
V163     WITH V162              2002.640     0.907      0.907        0.196


DIAGRAM INFORMATION

  Use View Diagram under the Diagram menu in the Mplus Editor to view the diagram.
  If running Mplus from the Mplus Diagrammer, the diagram opens automatically.

  Diagram output
    c:\users\msassac6\dropbox (the university of manchester)\papers\joe s\evs_mm_de_equivalence\mplus\cfa\inv_data3_v149

     Beginning Time:  11:56:50
        Ending Time:  11:57:03
       Elapsed Time:  00:00:13



MUTHEN & MUTHEN
3463 Stoner Ave.
Los Angeles, CA  90066

Tel: (310) 391-9971
Fax: (310) 391-8971
Web: www.StatModel.com
Support: Support@StatModel.com

Copyright (c) 1998-2017 Muthen & Muthen
