Mplus VERSION 8
MUTHEN & MUTHEN
06/25/2020  11:56 AM

INPUT INSTRUCTIONS

  TITLE: Your title goes here

   DATA: FILE = cfa/data.dta;

   VARIABLE:

   NAMES = id_cocas caseno v1 v2 v3 v4 v5 v6 v32 v33 v34 v35 v36 v37 v46 v47 v48 v49
       v50 v65 v66 v67 v68 v69 v70 v98 v99 v100 v101 v103 v104 v105 v106 v107 v115
       v116 v117 v118 v119 v120 v121 v122 v123 v124 v125 v126 v127 v128 v129 v130 v131
       v132 v133 v134 v135 v136 v137 v138 v139 v140 v141 v145 v146 v147 v148 v149 v150
       v151 v152 v153 v154 v155 v156 v157 v158 v159 v160 v161 v162 v163 v164 v165 v166
       v167 v168 v176 v177 v178 v179 v180 v181 v182 v183 v185 v186 v187 v188 v189 v190
       v191 v192 v193 v194 v195 v196 v197 v199 v200 v201 v202 v203 v205 v206 v207 v208
       v209 v210 v211 v212 v213 v214 v215 v216 v217 v218 v219 v220 v221 v222 v223 v224
       v267 v268 v269 v270 v271 v272 v273 v274;

   MISSING=.;

   USEVARIABLES ARE
   v98
   v99
   v100
   v101;

   CATEGORICAL ARE
   v98
   v99
   v100
   v101;


   Model:

  f by v98
   v99
   v100
   v101;


   OUTPUT: SAMPSTAT;

                                  MODINDICES;

                                  STDYX;




*** WARNING
  Data set contains cases with missing on all variables.
  These cases were not included in the analysis.
  Number of cases with missing on all variables:  1256
   1 WARNING(S) FOUND IN THE INPUT INSTRUCTIONS



Your title goes here

SUMMARY OF ANALYSIS

Number of groups                                                 1
Number of observations                                       54020

Number of dependent variables                                    4
Number of independent variables                                  0
Number of continuous latent variables                            1

Observed dependent variables

  Binary and ordered categorical (ordinal)
   V98         V99         V100        V101

Continuous latent variables
   F


Estimator                                                    WLSMV
Maximum number of iterations                                  1000
Convergence criterion                                    0.500D-04
Maximum number of steepest descent iterations                   20
Maximum number of iterations for H1                           2000
Convergence criterion for H1                             0.100D-03
Parameterization                                             DELTA
Link                                                        PROBIT

Input data file(s)
  cfa/data.dta

Input data format  FREE


SUMMARY OF DATA

     Number of missing data patterns            15


COVARIANCE COVERAGE OF DATA

Minimum covariance coverage value   0.100


     PROPORTION OF DATA PRESENT


           Covariance Coverage
              V98           V99           V100          V101
              ________      ________      ________      ________
 V98            0.981
 V99            0.949         0.962
 V100           0.959         0.950         0.975
 V101           0.939         0.934         0.944         0.955


UNIVARIATE PROPORTIONS AND COUNTS FOR CATEGORICAL VARIABLES

    V98
      Category 1    0.414        21935.000
      Category 2    0.306        16212.000
      Category 3    0.280        14828.000
    V99
      Category 1    0.115         5991.000
      Category 2    0.366        19003.000
      Category 3    0.519        26953.000
    V100
      Category 1    0.197        10349.000
      Category 2    0.379        19937.000
      Category 3    0.425        22367.000
    V101
      Category 1    0.055         2842.000
      Category 2    0.249        12854.000
      Category 3    0.696        35883.000


SAMPLE STATISTICS


     ESTIMATED SAMPLE STATISTICS


           MEANS/INTERCEPTS/THRESHOLDS
              V98$1         V98$2         V99$1         V99$2         V100$1
              ________      ________      ________      ________      ________
               -0.217         0.583        -1.199        -0.047        -0.854


           MEANS/INTERCEPTS/THRESHOLDS
              V100$2        V101$1        V101$2
              ________      ________      ________
                0.190        -1.597        -0.512


           CORRELATION MATRIX (WITH VARIANCES ON THE DIAGONAL)
              V98           V99           V100          V101
              ________      ________      ________      ________
 V98
 V99            0.677
 V100           0.652         0.693
 V101           0.478         0.640         0.648


THE MODEL ESTIMATION TERMINATED NORMALLY



MODEL FIT INFORMATION

Number of Free Parameters                       12

Chi-Square Test of Model Fit

          Value                            867.682*
          Degrees of Freedom                     2
          P-Value                           0.0000

*   The chi-square value for MLM, MLMV, MLR, ULSMV, WLSM and WLSMV cannot be used
    for chi-square difference testing in the regular way.  MLM, MLR and WLSM
    chi-square difference testing is described on the Mplus website.  MLMV, WLSMV,
    and ULSMV difference testing is done using the DIFFTEST option.

RMSEA (Root Mean Square Error Of Approximation)

          Estimate                           0.090
          90 Percent C.I.                    0.085  0.095
          Probability RMSEA <= .05           0.000

CFI/TLI

          CFI                                0.995
          TLI                                0.984

Chi-Square Test of Model Fit for the Baseline Model

          Value                         159044.161
          Degrees of Freedom                     6
          P-Value                           0.0000

WRMR (Weighted Root Mean Square Residual)

          Value                              5.660



MODEL RESULTS

                                                    Two-Tailed
                    Estimate       S.E.  Est./S.E.    P-Value

 F        BY
    V98                1.000      0.000    999.000    999.000
    V99                1.112      0.005    203.965      0.000
    V100               1.094      0.006    195.340      0.000
    V101               0.962      0.006    170.827      0.000

 Thresholds
    V98$1             -0.217      0.005    -39.530      0.000
    V98$2              0.583      0.006    100.616      0.000
    V99$1             -1.199      0.007   -166.353      0.000
    V99$2             -0.047      0.006     -8.595      0.000
    V100$1            -0.854      0.006   -136.614      0.000
    V100$2             0.190      0.005     34.492      0.000
    V101$1            -1.597      0.009   -177.110      0.000
    V101$2            -0.512      0.006    -88.441      0.000

 Variances
    F                  0.588      0.005    123.130      0.000


STANDARDIZED MODEL RESULTS


STDYX Standardization

                                                    Two-Tailed
                    Estimate       S.E.  Est./S.E.    P-Value

 F        BY
    V98                0.767      0.003    246.260      0.000
    V99                0.853      0.002    346.291      0.000
    V100               0.839      0.003    333.788      0.000
    V101               0.738      0.003    215.052      0.000

 Thresholds
    V98$1             -0.217      0.005    -39.530      0.000
    V98$2              0.583      0.006    100.616      0.000
    V99$1             -1.199      0.007   -166.353      0.000
    V99$2             -0.047      0.006     -8.595      0.000
    V100$1            -0.854      0.006   -136.614      0.000
    V100$2             0.190      0.005     34.492      0.000
    V101$1            -1.597      0.009   -177.110      0.000
    V101$2            -0.512      0.006    -88.441      0.000

 Variances
    F                  1.000      0.000    999.000    999.000


R-SQUARE

    Observed                                        Two-Tailed   Residual
    Variable        Estimate       S.E.  Est./S.E.    P-Value    Variance

    V98                0.588      0.005    123.130      0.000      0.412
    V99                0.727      0.004    173.145      0.000      0.273
    V100               0.703      0.004    166.894      0.000      0.297
    V101               0.544      0.005    107.526      0.000      0.456


QUALITY OF NUMERICAL RESULTS

     Condition Number for the Information Matrix              0.156E-01
       (ratio of smallest to largest eigenvalue)


MODEL MODIFICATION INDICES

NOTE:  Modification indices for direct effects of observed dependent variables
regressed on covariates and residual covariances among observed dependent
variables may not be included.  To include these, request MODINDICES (ALL).

Minimum M.I. value for printing the modification index    10.000

                                   M.I.     E.P.C.  Std E.P.C.  StdYX E.P.C.

No modification indices above the minimum value.



DIAGRAM INFORMATION

  Use View Diagram under the Diagram menu in the Mplus Editor to view the diagram.
  If running Mplus from the Mplus Diagrammer, the diagram opens automatically.

  Diagram output
    c:\users\msassac6\dropbox (the university of manchester)\papers\joe s\evs_mm_de_equivalence\mplus\cfa\inv_data3_v98_

     Beginning Time:  11:56:39
        Ending Time:  11:56:42
       Elapsed Time:  00:00:03



MUTHEN & MUTHEN
3463 Stoner Ave.
Los Angeles, CA  90066

Tel: (310) 391-9971
Fax: (310) 391-8971
Web: www.StatModel.com
Support: Support@StatModel.com

Copyright (c) 1998-2017 Muthen & Muthen
