Mplus VERSION 8
MUTHEN & MUTHEN
07/06/2020   8:30 AM

INPUT INSTRUCTIONS

  TITLE: Your title goes here

   DATA: FILE = cfa/data.dta;

   VARIABLE:

   NAMES = id_cocas weight comp_mode comp_len mode mm_matrix_group wei_mmf v2 v3 v4 v32
       v33 v34 v35 v36 v37 v46 v47 v48 v49 v50 v65 v66 v67 v68 v69 v70 v82 v83 v84 v98
       v99 v100 v101 v103 v104 v105 v106 v107 v115 v116 v117 v118 v119 v120 v121 v122
       v123 v124 v125 v126 v127 v128 v129 v130 v131 v132 v133 v134 v135 v136 v137 v138
       v139 v140 v141 v145 v146 v147 v148 v149 v150 v151 v152 v153 v154 v155 v156 v157
       v158 v159 v160 v161 v162 v163 v164 v165 v166 v167 v176 v177 v178 v179 v180 v181
       v182 v183 v185 v186 v187 v188 v189 v191 v192 v193 v194 v195 v196 v197 v199 v200
       v201 v202 v203 v205 v206 v207 v208 v209 v210 v211 v212 v213 v214 v215 v216 v217
       v218 v220 v221 v222 v223 v224 v267 v268 v269 v271 v272 v273;

   MISSING=.;

   USEVARIABLES ARE
   v164
   v165
   v166
   v167;

   CATEGORICAL ARE
   v164
   v165
   v166
   v167;


   Model:

  f by v164
   v165
   v166
   v167;


   OUTPUT: SAMPSTAT;

                                  MODINDICES;

                                  STDYX;




*** WARNING
  Data set contains cases with missing on all variables.
  These cases were not included in the analysis.
  Number of cases with missing on all variables:  1638
   1 WARNING(S) FOUND IN THE INPUT INSTRUCTIONS



Your title goes here

SUMMARY OF ANALYSIS

Number of groups                                                 1
Number of observations                                        3778

Number of dependent variables                                    4
Number of independent variables                                  0
Number of continuous latent variables                            1

Observed dependent variables

  Binary and ordered categorical (ordinal)
   V164        V165        V166        V167

Continuous latent variables
   F


Estimator                                                    WLSMV
Maximum number of iterations                                  1000
Convergence criterion                                    0.500D-04
Maximum number of steepest descent iterations                   20
Maximum number of iterations for H1                           2000
Convergence criterion for H1                             0.100D-03
Parameterization                                             DELTA
Link                                                        PROBIT

Input data file(s)
  cfa/data.dta

Input data format  FREE


SUMMARY OF DATA

     Number of missing data patterns            12


COVARIANCE COVERAGE OF DATA

Minimum covariance coverage value   0.100


     PROPORTION OF DATA PRESENT


           Covariance Coverage
              V164          V165          V166          V167
              ________      ________      ________      ________
 V164           0.996
 V165           0.987         0.989
 V166           0.988         0.983         0.992
 V167           0.972         0.967         0.972         0.976


UNIVARIATE PROPORTIONS AND COUNTS FOR CATEGORICAL VARIABLES

    V164
      Category 1    0.398         1498.000
      Category 2    0.454         1709.000
      Category 3    0.131          491.000
      Category 4    0.017           64.000
    V165
      Category 1    0.349         1305.000
      Category 2    0.480         1795.000
      Category 3    0.139          518.000
      Category 4    0.032          119.000
    V166
      Category 1    0.431         1616.000
      Category 2    0.486         1821.000
      Category 3    0.074          278.000
      Category 4    0.009           32.000
    V167
      Category 1    0.252          930.000
      Category 2    0.511         1885.000
      Category 3    0.202          744.000
      Category 4    0.034          127.000


SAMPLE STATISTICS


     ESTIMATED SAMPLE STATISTICS


           MEANS/INTERCEPTS/THRESHOLDS
              V164$1        V164$2        V164$3        V165$1        V165$2
              ________      ________      ________      ________      ________
               -0.258         1.047         2.120        -0.387         0.952


           MEANS/INTERCEPTS/THRESHOLDS
              V165$3        V166$1        V166$2        V166$3        V167$1
              ________      ________      ________      ________      ________
                1.854        -0.173         1.387         2.385        -0.667


           MEANS/INTERCEPTS/THRESHOLDS
              V167$2        V167$3
              ________      ________
                0.718         1.819


           CORRELATION MATRIX (WITH VARIANCES ON THE DIAGONAL)
              V164          V165          V166          V167
              ________      ________      ________      ________
 V164
 V165           0.686
 V166           0.437         0.483
 V167           0.176         0.243         0.506


THE MODEL ESTIMATION TERMINATED NORMALLY



MODEL FIT INFORMATION

Number of Free Parameters                       16

Chi-Square Test of Model Fit

          Value                            629.444*
          Degrees of Freedom                     2
          P-Value                           0.0000

*   The chi-square value for MLM, MLMV, MLR, ULSMV, WLSM and WLSMV cannot be used
    for chi-square difference testing in the regular way.  MLM, MLR and WLSM
    chi-square difference testing is described on the Mplus website.  MLMV, WLSMV,
    and ULSMV difference testing is done using the DIFFTEST option.

RMSEA (Root Mean Square Error Of Approximation)

          Estimate                           0.288
          90 Percent C.I.                    0.269  0.307
          Probability RMSEA <= .05           0.000

CFI/TLI

          CFI                                0.917
          TLI                                0.751

Chi-Square Test of Model Fit for the Baseline Model

          Value                           7553.499
          Degrees of Freedom                     6
          P-Value                           0.0000

WRMR (Weighted Root Mean Square Residual)

          Value                              5.021



MODEL RESULTS

                                                    Two-Tailed
                    Estimate       S.E.  Est./S.E.    P-Value

 F        BY
    V164               1.000      0.000    999.000    999.000
    V165               1.071      0.028     38.305      0.000
    V166               0.859      0.019     46.107      0.000
    V167               0.578      0.021     27.266      0.000

 Thresholds
    V164$1            -0.258      0.021    -12.475      0.000
    V164$2             1.047      0.025     41.759      0.000
    V164$3             2.120      0.050     42.414      0.000
    V165$1            -0.387      0.021    -18.388      0.000
    V165$2             0.952      0.024     39.246      0.000
    V165$3             1.854      0.040     46.152      0.000
    V166$1            -0.173      0.021     -8.409      0.000
    V166$2             1.387      0.030     46.992      0.000
    V166$3             2.385      0.065     36.831      0.000
    V167$1            -0.667      0.022    -29.783      0.000
    V167$2             0.718      0.023     31.641      0.000
    V167$3             1.819      0.039     46.186      0.000

 Variances
    F                  0.600      0.018     32.548      0.000


STANDARDIZED MODEL RESULTS


STDYX Standardization

                                                    Two-Tailed
                    Estimate       S.E.  Est./S.E.    P-Value

 F        BY
    V164               0.774      0.012     65.096      0.000
    V165               0.829      0.012     69.578      0.000
    V166               0.665      0.013     51.706      0.000
    V167               0.448      0.016     28.837      0.000

 Thresholds
    V164$1            -0.258      0.021    -12.475      0.000
    V164$2             1.047      0.025     41.759      0.000
    V164$3             2.120      0.050     42.414      0.000
    V165$1            -0.387      0.021    -18.388      0.000
    V165$2             0.952      0.024     39.246      0.000
    V165$3             1.854      0.040     46.152      0.000
    V166$1            -0.173      0.021     -8.409      0.000
    V166$2             1.387      0.030     46.992      0.000
    V166$3             2.385      0.065     36.831      0.000
    V167$1            -0.667      0.022    -29.783      0.000
    V167$2             0.718      0.023     31.641      0.000
    V167$3             1.819      0.039     46.186      0.000

 Variances
    F                  1.000      0.000    999.000    999.000


R-SQUARE

    Observed                                        Two-Tailed   Residual
    Variable        Estimate       S.E.  Est./S.E.    P-Value    Variance

    V164               0.600      0.018     32.548      0.000      0.400
    V165               0.688      0.020     34.789      0.000      0.312
    V166               0.442      0.017     25.853      0.000      0.558
    V167               0.200      0.014     14.418      0.000      0.800


QUALITY OF NUMERICAL RESULTS

     Condition Number for the Information Matrix              0.107E-01
       (ratio of smallest to largest eigenvalue)


MODEL MODIFICATION INDICES

NOTE:  Modification indices for direct effects of observed dependent variables
regressed on covariates and residual covariances among observed dependent
variables may not be included.  To include these, request MODINDICES (ALL).

Minimum M.I. value for printing the modification index    10.000

                                   M.I.     E.P.C.  Std E.P.C.  StdYX E.P.C.

No modification indices above the minimum value.



DIAGRAM INFORMATION

  Use View Diagram under the Diagram menu in the Mplus Editor to view the diagram.
  If running Mplus from the Mplus Diagrammer, the diagram opens automatically.

  Diagram output
    c:\users\msassac6\dropbox (the university of manchester)\papers\joe s\evs_mm_de_equivalence\mplus\cfa\inv_data3_v164

     Beginning Time:  08:30:42
        Ending Time:  08:30:43
       Elapsed Time:  00:00:01



MUTHEN & MUTHEN
3463 Stoner Ave.
Los Angeles, CA  90066

Tel: (310) 391-9971
Fax: (310) 391-8971
Web: www.StatModel.com
Support: Support@StatModel.com

Copyright (c) 1998-2017 Muthen & Muthen
