Mplus VERSION 8
MUTHEN & MUTHEN
06/26/2020   9:44 AM

INPUT INSTRUCTIONS

  TITLE: Your title goes here

   DATA: FILE = cfa/data.dta;

   VARIABLE:

   NAMES = id_cocas caseno v1 v2 v3 v4 v5 v6 v32 v33 v34 v35 v36 v37 v46 v47 v48 v49
       v50 v65 v66 v67 v68 v69 v70 v98 v99 v100 v101 v103 v104 v105 v106 v107 v115
       v116 v117 v118 v119 v120 v121 v122 v123 v124 v125 v126 v127 v128 v129 v130 v131
       v132 v133 v134 v135 v136 v137 v138 v139 v140 v141 v145 v146 v147 v148 v149 v150
       v151 v152 v153 v154 v155 v156 v157 v158 v159 v160 v161 v162 v163 v164 v165 v166
       v167 v168 v176 v177 v178 v179 v180 v181 v182 v183 v185 v186 v187 v188 v189 v190
       v191 v192 v193 v194 v195 v196 v197 v199 v200 v201 v202 v203 v205 v206 v207 v208
       v209 v210 v211 v212 v213 v214 v215 v216 v217 v218 v219 v220 v221 v222 v223 v224
       v267 v268 v269 v270 v271 v272 v273 v274;

   MISSING=.;

   USEVARIABLES ARE
   v151
   v153
   v154
   v155
   v156
   v157
   v158
   v160
   v161
   v163;


   Model:

  f by v151
   v153
   v154
   v155
   v156
   v157
   v158
   v160
   v161
   v163;


   OUTPUT: SAMPSTAT;

                                  MODINDICES;

                                  STDYX;




*** WARNING
  Data set contains cases with missing on all variables.
  These cases were not included in the analysis.
  Number of cases with missing on all variables:  196
   1 WARNING(S) FOUND IN THE INPUT INSTRUCTIONS



Your title goes here

SUMMARY OF ANALYSIS

Number of groups                                                 1
Number of observations                                       55080

Number of dependent variables                                   10
Number of independent variables                                  0
Number of continuous latent variables                            1

Observed dependent variables

  Continuous
   V151        V153        V154        V155        V156        V157
   V158        V160        V161        V163

Continuous latent variables
   F


Estimator                                                       ML
Information matrix                                        OBSERVED
Maximum number of iterations                                  1000
Convergence criterion                                    0.500D-04
Maximum number of steepest descent iterations                   20
Maximum number of iterations for H1                           2000
Convergence criterion for H1                             0.100D-03

Input data file(s)
  cfa/data.dta

Input data format  FREE


SUMMARY OF DATA

     Number of missing data patterns           620


COVARIANCE COVERAGE OF DATA

Minimum covariance coverage value   0.100


     PROPORTION OF DATA PRESENT


           Covariance Coverage
              V151          V153          V154          V155          V156
              ________      ________      ________      ________      ________
 V151           0.988
 V153           0.956         0.963
 V154           0.960         0.945         0.969
 V155           0.969         0.952         0.961         0.979
 V156           0.944         0.927         0.935         0.942         0.953
 V157           0.951         0.933         0.939         0.946         0.930
 V158           0.956         0.939         0.944         0.952         0.930
 V160           0.967         0.948         0.952         0.960         0.937
 V161           0.953         0.935         0.942         0.950         0.929
 V163           0.958         0.938         0.944         0.953         0.934


           Covariance Coverage
              V157          V158          V160          V161          V163
              ________      ________      ________      ________      ________
 V157           0.959
 V158           0.937         0.965
 V160           0.946         0.952         0.976
 V161           0.932         0.938         0.947         0.962
 V163           0.938         0.941         0.950         0.940         0.967


SAMPLE STATISTICS


     ESTIMATED SAMPLE STATISTICS


           Means
              V151          V153          V154          V155          V156
              ________      ________      ________      ________      ________
                2.479         5.128         5.367         6.368         5.299


           Means
              V157          V158          V160          V161          V163
              ________      ________      ________      ________      ________
                2.988         4.165         3.042         6.983         3.402


           Covariances
              V151          V153          V154          V155          V156
              ________      ________      ________      ________      ________
 V151           5.812
 V153           3.778        14.426
 V154           2.649         7.916        10.700
 V155           2.374         7.155         7.344         9.595
 V156           2.421         6.535         6.097         5.597        11.171
 V157           2.691         4.929         3.979         3.426         4.144
 V158           3.471         6.018         5.284         5.063         4.545
 V160           2.814         4.136         3.433         3.057         3.356
 V161           1.242         4.573         4.670         4.794         4.163
 V163           0.264        -0.381         0.835         0.875         2.262


           Covariances
              V157          V158          V160          V161          V163
              ________      ________      ________      ________      ________
 V157           7.381
 V158           3.906        10.046
 V160           3.388         4.244         6.994
 V161           1.844         3.423         1.771         9.567
 V163           0.844         0.822         1.019         1.402         9.052


           Correlations
              V151          V153          V154          V155          V156
              ________      ________      ________      ________      ________
 V151           1.000
 V153           0.413         1.000
 V154           0.336         0.637         1.000
 V155           0.318         0.608         0.725         1.000
 V156           0.300         0.515         0.558         0.541         1.000
 V157           0.411         0.478         0.448         0.407         0.456
 V158           0.454         0.500         0.510         0.516         0.429
 V160           0.441         0.412         0.397         0.373         0.380
 V161           0.167         0.389         0.462         0.500         0.403
 V163           0.036        -0.033         0.085         0.094         0.225


           Correlations
              V157          V158          V160          V161          V163
              ________      ________      ________      ________      ________
 V157           1.000
 V158           0.454         1.000
 V160           0.472         0.506         1.000
 V161           0.219         0.349         0.216         1.000
 V163           0.103         0.086         0.128         0.151         1.000


     MAXIMUM LOG-LIKELIHOOD VALUE FOR THE UNRESTRICTED (H1) MODEL IS -1245131.032


UNIVARIATE SAMPLE STATISTICS


     UNIVARIATE HIGHER-ORDER MOMENT DESCRIPTIVE STATISTICS

         Variable/         Mean/     Skewness/   Minimum/ % with                Percentiles
        Sample Size      Variance    Kurtosis    Maximum  Min/Max      20%/60%    40%/80%    Median

     V151                  2.477       1.621       1.000   62.13%       1.000      1.000      1.000
           54415.000       5.811       1.597      10.000    2.62%       1.000      5.000
     V153                  5.138       0.146       1.000   36.51%       1.000      2.000      5.000
           53065.000      14.516      -1.678      10.000   27.53%       7.000     10.000
     V154                  5.382       0.005       1.000   22.99%       1.000      5.000      5.000
           53366.000      10.736      -1.365      10.000   17.96%       6.000      9.000
     V155                  6.388      -0.387       1.000   12.86%       3.000      5.000      7.000
           53929.000       9.594      -1.082      10.000   26.13%       8.000     10.000
     V156                  5.320      -0.017       1.000   25.55%       1.000      5.000      5.000
           52465.000      11.217      -1.456      10.000   16.54%       7.000      9.000
     V157                  2.972       1.221       1.000   53.23%       1.000      1.000      1.000
           52844.000       7.390       0.304      10.000    4.58%       2.000      5.000
     V158                  4.174       0.547       1.000   36.07%       1.000      2.000      3.000
           53130.000      10.085      -1.068      10.000   10.56%       5.000      8.000
     V160                  3.036       1.130       1.000   50.03%       1.000      1.000      1.000
           53753.000       6.996       0.167      10.000    3.81%       3.000      5.000
     V161                  7.011      -0.750       1.000   11.38%       4.000      7.000      8.000
           53010.000       9.554      -0.736      10.000   33.47%       9.000     10.000
     V163                  3.399       0.956       1.000   48.72%       1.000      1.000      2.000
           53283.000       9.051      -0.449      10.000    7.19%       3.000      6.000


THE MODEL ESTIMATION TERMINATED NORMALLY



MODEL FIT INFORMATION

Number of Free Parameters                       30

Loglikelihood

          H0 Value                    -1257456.155
          H1 Value                    -1245131.032

Information Criteria

          Akaike (AIC)                 2514972.310
          Bayesian (BIC)               2515239.806
          Sample-Size Adjusted BIC     2515144.465
            (n* = (n + 2) / 24)

Chi-Square Test of Model Fit

          Value                          24650.246
          Degrees of Freedom                    35
          P-Value                           0.0000

RMSEA (Root Mean Square Error Of Approximation)

          Estimate                           0.113
          90 Percent C.I.                    0.112  0.114
          Probability RMSEA <= .05           0.000

CFI/TLI

          CFI                                0.881
          TLI                                0.847

Chi-Square Test of Model Fit for the Baseline Model

          Value                         206278.419
          Degrees of Freedom                    45
          P-Value                           0.0000

SRMR (Standardized Root Mean Square Residual)

          Value                              0.058



MODEL RESULTS

                                                    Two-Tailed
                    Estimate       S.E.  Est./S.E.    P-Value

 F        BY
    V151               1.000      0.000    999.000    999.000
    V153               2.445      0.022    111.097      0.000
    V154               2.262      0.020    112.045      0.000
    V155               2.091      0.019    110.871      0.000
    V156               1.924      0.018    104.406      0.000
    V157               1.373      0.014     99.430      0.000
    V158               1.804      0.017    106.063      0.000
    V160               1.244      0.013     96.114      0.000
    V161               1.392      0.015     90.038      0.000
    V163               0.319      0.012     26.914      0.000

 Intercepts
    V151               2.478      0.010    240.101      0.000
    V153               5.129      0.016    313.557      0.000
    V154               5.364      0.014    381.818      0.000
    V155               6.366      0.013    479.661      0.000
    V156               5.297      0.014    366.159      0.000
    V157               2.991      0.012    254.646      0.000
    V158               4.168      0.014    304.890      0.000
    V160               3.043      0.011    267.555      0.000
    V161               6.982      0.013    522.186      0.000
    V163               3.397      0.013    260.668      0.000

 Variances
    F                  1.408      0.024     57.694      0.000

 Residual Variances
    V151               4.403      0.028    157.645      0.000
    V153               6.026      0.045    135.323      0.000
    V154               3.501      0.029    121.104      0.000
    V155               3.437      0.027    126.295      0.000
    V156               5.970      0.041    144.793      0.000
    V157               4.726      0.031    150.437      0.000
    V158               5.482      0.038    145.329      0.000
    V160               4.815      0.031    153.678      0.000
    V161               6.832      0.044    154.665      0.000
    V163               8.908      0.055    162.892      0.000


STANDARDIZED MODEL RESULTS


STDYX Standardization

                                                    Two-Tailed
                    Estimate       S.E.  Est./S.E.    P-Value

 F        BY
    V151               0.492      0.004    138.634      0.000
    V153               0.763      0.002    359.891      0.000
    V154               0.820      0.002    457.979      0.000
    V155               0.801      0.002    419.073      0.000
    V156               0.683      0.003    261.302      0.000
    V157               0.600      0.003    194.513      0.000
    V158               0.675      0.003    252.941      0.000
    V160               0.558      0.003    170.298      0.000
    V161               0.534      0.003    157.872      0.000
    V163               0.126      0.005     27.801      0.000

 Intercepts
    V151               1.028      0.005    194.210      0.000
    V153               1.350      0.006    226.421      0.000
    V154               1.640      0.007    248.605      0.000
    V155               2.055      0.008    270.839      0.000
    V156               1.584      0.007    242.650      0.000
    V157               1.101      0.005    201.342      0.000
    V158               1.314      0.006    222.888      0.000
    V160               1.151      0.006    207.637      0.000
    V161               2.258      0.008    275.178      0.000
    V163               1.129      0.006    203.614      0.000

 Variances
    F                  1.000      0.000    999.000    999.000

 Residual Variances
    V151               0.758      0.003    216.830      0.000
    V153               0.417      0.003    128.837      0.000
    V154               0.327      0.003    111.338      0.000
    V155               0.358      0.003    116.982      0.000
    V156               0.534      0.004    149.677      0.000
    V157               0.640      0.004    173.267      0.000
    V158               0.545      0.004    151.403      0.000
    V160               0.689      0.004    188.224      0.000
    V161               0.715      0.004    197.728      0.000
    V163               0.984      0.001    866.321      0.000


R-SQUARE

    Observed                                        Two-Tailed
    Variable        Estimate       S.E.  Est./S.E.    P-Value

    V151               0.242      0.003     69.317      0.000
    V153               0.583      0.003    179.946      0.000
    V154               0.673      0.003    228.990      0.000
    V155               0.642      0.003    209.536      0.000
    V156               0.466      0.004    130.651      0.000
    V157               0.360      0.004     97.256      0.000
    V158               0.455      0.004    126.471      0.000
    V160               0.311      0.004     85.149      0.000
    V161               0.285      0.004     78.936      0.000
    V163               0.016      0.001     13.901      0.000


QUALITY OF NUMERICAL RESULTS

     Condition Number for the Information Matrix              0.314E-02
       (ratio of smallest to largest eigenvalue)


MODEL MODIFICATION INDICES

NOTE:  Modification indices for direct effects of observed dependent variables
regressed on covariates may not be included.  To include these, request
MODINDICES (ALL).

Minimum M.I. value for printing the modification index    10.000

                                   M.I.     E.P.C.  Std E.P.C.  StdYX E.P.C.

WITH Statements

V153     WITH V151               294.311     0.435      0.435        0.084
V154     WITH V151              1375.942    -0.756     -0.756       -0.193
V154     WITH V153               100.681     0.281      0.281        0.061
V155     WITH V151              1550.773    -0.775     -0.775       -0.199
V155     WITH V154              4463.761     1.498      1.498        0.432
V156     WITH V151               193.539    -0.339     -0.339       -0.066
V156     WITH V153                10.133    -0.101     -0.101       -0.017
V156     WITH V155                15.062    -0.096     -0.096       -0.021
V157     WITH V151              1585.222     0.841      0.841        0.184
V157     WITH V153               110.462     0.286      0.286        0.054
V157     WITH V154               687.776    -0.578     -0.578       -0.142
V157     WITH V155              1754.354    -0.888     -0.888       -0.220
V157     WITH V156               421.489     0.533      0.533        0.100
V158     WITH V151              2236.674     1.095      1.095        0.223
V158     WITH V153                65.873    -0.245     -0.245       -0.043
V158     WITH V154               849.841    -0.716     -0.716       -0.164
V158     WITH V155               236.896    -0.363     -0.363       -0.084
V158     WITH V156               211.688    -0.417     -0.417       -0.073
V158     WITH V157               435.206     0.516      0.516        0.101
V160     WITH V151              3135.562     1.175      1.175        0.255
V160     WITH V153                44.094    -0.179     -0.179       -0.033
V160     WITH V154              1237.986    -0.766     -0.766       -0.187
V160     WITH V155              1627.266    -0.846     -0.846       -0.208
V160     WITH V157              2470.435     1.112      1.112        0.233
V160     WITH V158              2802.246     1.299      1.299        0.253
V161     WITH V151              1011.124    -0.797     -0.797       -0.145
V161     WITH V153                78.676    -0.285     -0.285       -0.044
V161     WITH V154               161.540     0.329      0.329        0.067
V161     WITH V155              1430.968     0.944      0.944        0.195
V161     WITH V156               219.538     0.456      0.456        0.071
V161     WITH V157              1330.037    -0.975     -0.975       -0.172
V161     WITH V158                19.096    -0.128     -0.128       -0.021
V161     WITH V160               807.278    -0.755     -0.755       -0.132
V163     WITH V151                48.328    -0.193     -0.193       -0.031
V163     WITH V153              2480.042    -1.757     -1.757       -0.240
V163     WITH V154                71.343    -0.238     -0.238       -0.043
V163     WITH V156              2086.011     1.552      1.552        0.213
V163     WITH V157                67.811     0.243      0.243        0.038
V163     WITH V160               281.059     0.494      0.494        0.075
V163     WITH V161               534.161     0.813      0.813        0.104


DIAGRAM INFORMATION

  Use View Diagram under the Diagram menu in the Mplus Editor to view the diagram.
  If running Mplus from the Mplus Diagrammer, the diagram opens automatically.

  Diagram output
    c:\users\msassac6\dropbox (the university of manchester)\papers\joe s\evs_mm_de_equivalence\mplus\cfa\inv_data3_v151

     Beginning Time:  09:44:43
        Ending Time:  09:44:47
       Elapsed Time:  00:00:04



MUTHEN & MUTHEN
3463 Stoner Ave.
Los Angeles, CA  90066

Tel: (310) 391-9971
Fax: (310) 391-8971
Web: www.StatModel.com
Support: Support@StatModel.com

Copyright (c) 1998-2017 Muthen & Muthen
