Mplus VERSION 8
MUTHEN & MUTHEN
06/26/2020   9:41 AM

INPUT INSTRUCTIONS

  TITLE: Your title goes here

   DATA: FILE = cfa/data.dta;

   VARIABLE:

   NAMES = id_cocas caseno v1 v2 v3 v4 v5 v6 v32 v33 v34 v35 v36 v37 v46 v47 v48 v49
       v50 v65 v66 v67 v68 v69 v70 v98 v99 v100 v101 v103 v104 v105 v106 v107 v115
       v116 v117 v118 v119 v120 v121 v122 v123 v124 v125 v126 v127 v128 v129 v130 v131
       v132 v133 v134 v135 v136 v137 v138 v139 v140 v141 v145 v146 v147 v148 v149 v150
       v151 v152 v153 v154 v155 v156 v157 v158 v159 v160 v161 v162 v163 v164 v165 v166
       v167 v168 v176 v177 v178 v179 v180 v181 v182 v183 v185 v186 v187 v188 v189 v190
       v191 v192 v193 v194 v195 v196 v197 v199 v200 v201 v202 v203 v205 v206 v207 v208
       v209 v210 v211 v212 v213 v214 v215 v216 v217 v218 v219 v220 v221 v222 v223 v224
       v267 v268 v269 v270 v271 v272 v273 v274;

   MISSING=.;

   USEVARIABLES ARE
   v199
   v200
   v201
   v202
   v203;


   Model:

  f by v199
   v200
   v201
   v202
   v203;


   OUTPUT: SAMPSTAT;

                                  MODINDICES;

                                  STDYX;




*** WARNING
  Data set contains cases with missing on all variables.
  These cases were not included in the analysis.
  Number of cases with missing on all variables:  577
   1 WARNING(S) FOUND IN THE INPUT INSTRUCTIONS



Your title goes here

SUMMARY OF ANALYSIS

Number of groups                                                 1
Number of observations                                       54699

Number of dependent variables                                    5
Number of independent variables                                  0
Number of continuous latent variables                            1

Observed dependent variables

  Continuous
   V199        V200        V201        V202        V203

Continuous latent variables
   F


Estimator                                                       ML
Information matrix                                        OBSERVED
Maximum number of iterations                                  1000
Convergence criterion                                    0.500D-04
Maximum number of steepest descent iterations                   20
Maximum number of iterations for H1                           2000
Convergence criterion for H1                             0.100D-03

Input data file(s)
  cfa/data.dta

Input data format  FREE


SUMMARY OF DATA

     Number of missing data patterns            31


COVARIANCE COVERAGE OF DATA

Minimum covariance coverage value   0.100


     PROPORTION OF DATA PRESENT


           Covariance Coverage
              V199          V200          V201          V202          V203
              ________      ________      ________      ________      ________
 V199           0.981
 V200           0.972         0.987
 V201           0.972         0.978         0.988
 V202           0.971         0.978         0.979         0.987
 V203           0.946         0.951         0.953         0.954         0.960


SAMPLE STATISTICS


     ESTIMATED SAMPLE STATISTICS


           Means
              V199          V200          V201          V202          V203
              ________      ________      ________      ________      ________
                2.615         3.191         3.181         3.336         3.391


           Covariances
              V199          V200          V201          V202          V203
              ________      ________      ________      ________      ________
 V199           1.367
 V200          -0.133         1.366
 V201          -0.211         0.479         1.277
 V202          -0.251         0.650         0.555         1.478
 V203          -0.259         0.428         0.544         0.585         1.296


           Correlations
              V199          V200          V201          V202          V203
              ________      ________      ________      ________      ________
 V199           1.000
 V200          -0.097         1.000
 V201          -0.159         0.363         1.000
 V202          -0.177         0.458         0.404         1.000
 V203          -0.195         0.322         0.422         0.422         1.000


     MAXIMUM LOG-LIKELIHOOD VALUE FOR THE UNRESTRICTED (H1) MODEL IS -399526.149


UNIVARIATE SAMPLE STATISTICS


     UNIVARIATE HIGHER-ORDER MOMENT DESCRIPTIVE STATISTICS

         Variable/         Mean/     Skewness/   Minimum/ % with                Percentiles
        Sample Size      Variance    Kurtosis    Maximum  Min/Max      20%/60%    40%/80%    Median

     V199                  2.614       0.454       1.000   16.87%       2.000      2.000      2.000
           53658.000       1.367      -0.656       5.000    8.04%       3.000      4.000
     V200                  3.194      -0.215       1.000    7.96%       2.000      3.000      3.000
           53962.000       1.365      -0.958       5.000   12.41%       4.000      4.000
     V201                  3.183      -0.152       1.000    7.21%       2.000      3.000      3.000
           54057.000       1.277      -0.821       5.000   12.29%       4.000      4.000
     V202                  3.340      -0.357       1.000    7.95%       2.000      3.000      4.000
           53991.000       1.477      -0.953       5.000   17.40%       4.000      4.000
     V203                  3.402      -0.319       1.000    5.13%       2.000      3.000      4.000
           52484.000       1.295      -0.811       5.000   17.70%       4.000      4.000


THE MODEL ESTIMATION TERMINATED NORMALLY



MODEL FIT INFORMATION

Number of Free Parameters                       15

Loglikelihood

          H0 Value                     -400157.239
          H1 Value                     -399526.149

Information Criteria

          Akaike (AIC)                  800344.478
          Bayesian (BIC)                800478.122
          Sample-Size Adjusted BIC      800430.451
            (n* = (n + 2) / 24)

Chi-Square Test of Model Fit

          Value                           1262.179
          Degrees of Freedom                     5
          P-Value                           0.0000

RMSEA (Root Mean Square Error Of Approximation)

          Estimate                           0.068
          90 Percent C.I.                    0.065  0.071
          Probability RMSEA <= .05           0.000

CFI/TLI

          CFI                                0.971
          TLI                                0.942

Chi-Square Test of Model Fit for the Baseline Model

          Value                          43346.138
          Degrees of Freedom                    10
          P-Value                           0.0000

SRMR (Standardized Root Mean Square Residual)

          Value                              0.023



MODEL RESULTS

                                                    Two-Tailed
                    Estimate       S.E.  Est./S.E.    P-Value

 F        BY
    V199               1.000      0.000    999.000    999.000
    V200              -2.371      0.051    -46.709      0.000
    V201              -2.386      0.050    -47.725      0.000
    V202              -2.923      0.061    -48.120      0.000
    V203              -2.402      0.050    -48.068      0.000

 Intercepts
    V199               2.615      0.005    518.226      0.000
    V200               3.191      0.005    635.195      0.000
    V201               3.181      0.005    655.101      0.000
    V202               3.336      0.005    638.540      0.000
    V203               3.391      0.005    685.448      0.000

 Variances
    F                  0.085      0.003     25.020      0.000

 Residual Variances
    V199               1.282      0.008    159.713      0.000
    V200               0.886      0.007    130.184      0.000
    V201               0.792      0.006    123.739      0.000
    V202               0.749      0.007    101.589      0.000
    V203               0.804      0.007    122.971      0.000


STANDARDIZED MODEL RESULTS


STDYX Standardization

                                                    Two-Tailed
                    Estimate       S.E.  Est./S.E.    P-Value

 F        BY
    V199               0.250      0.005     51.816      0.000
    V200              -0.593      0.004   -156.226      0.000
    V201              -0.617      0.004   -163.331      0.000
    V202              -0.702      0.004   -198.114      0.000
    V203              -0.616      0.004   -161.997      0.000

 Intercepts
    V199               2.236      0.008    277.079      0.000
    V200               2.731      0.009    291.376      0.000
    V201               2.814      0.010    293.661      0.000
    V202               2.744      0.009    291.719      0.000
    V203               2.978      0.010    291.768      0.000

 Variances
    F                  1.000      0.000    999.000    999.000

 Residual Variances
    V199               0.938      0.002    389.324      0.000
    V200               0.649      0.004    144.239      0.000
    V201               0.620      0.005    133.097      0.000
    V202               0.507      0.005    101.795      0.000
    V203               0.620      0.005    132.313      0.000


R-SQUARE

    Observed                                        Two-Tailed
    Variable        Estimate       S.E.  Est./S.E.    P-Value

    V199               0.062      0.002     25.908      0.000
    V200               0.351      0.004     78.113      0.000
    V201               0.380      0.005     81.666      0.000
    V202               0.493      0.005     99.057      0.000
    V203               0.380      0.005     80.999      0.000


QUALITY OF NUMERICAL RESULTS

     Condition Number for the Information Matrix              0.769E-04
       (ratio of smallest to largest eigenvalue)


MODEL MODIFICATION INDICES

NOTE:  Modification indices for direct effects of observed dependent variables
regressed on covariates may not be included.  To include these, request
MODINDICES (ALL).

Minimum M.I. value for printing the modification index    10.000

                                   M.I.     E.P.C.  Std E.P.C.  StdYX E.P.C.

WITH Statements

V200     WITH V199               293.295     0.090      0.090        0.085
V202     WITH V200               943.473     0.200      0.200        0.245
V202     WITH V201               541.427    -0.152     -0.152       -0.198
V203     WITH V199               194.994    -0.072     -0.072       -0.071
V203     WITH V200               515.800    -0.125     -0.125       -0.148
V203     WITH V201               581.704     0.131      0.131        0.165
V203     WITH V202                60.354    -0.051     -0.051       -0.066


DIAGRAM INFORMATION

  Use View Diagram under the Diagram menu in the Mplus Editor to view the diagram.
  If running Mplus from the Mplus Diagrammer, the diagram opens automatically.

  Diagram output
    c:\users\msassac6\dropbox (the university of manchester)\papers\joe s\evs_mm_de_equivalence\mplus\cfa\inv_data3_v199

     Beginning Time:  09:41:56
        Ending Time:  09:41:59
       Elapsed Time:  00:00:03



MUTHEN & MUTHEN
3463 Stoner Ave.
Los Angeles, CA  90066

Tel: (310) 391-9971
Fax: (310) 391-8971
Web: www.StatModel.com
Support: Support@StatModel.com

Copyright (c) 1998-2017 Muthen & Muthen
