Mplus VERSION 8
MUTHEN & MUTHEN
06/25/2020  11:54 AM

INPUT INSTRUCTIONS

  TITLE: Your title goes here

   DATA: FILE = cfa/data.dta;

   VARIABLE:

   NAMES = id_cocas caseno v1 v2 v3 v4 v5 v6 v32 v33 v34 v35 v36 v37 v46 v47 v48 v49
       v50 v65 v66 v67 v68 v69 v70 v98 v99 v100 v101 v103 v104 v105 v106 v107 v115
       v116 v117 v118 v119 v120 v121 v122 v123 v124 v125 v126 v127 v128 v129 v130 v131
       v132 v133 v134 v135 v136 v137 v138 v139 v140 v141 v145 v146 v147 v148 v149 v150
       v151 v152 v153 v154 v155 v156 v157 v158 v159 v160 v161 v162 v163 v164 v165 v166
       v167 v168 v176 v177 v178 v179 v180 v181 v182 v183 v185 v186 v187 v188 v189 v190
       v191 v192 v193 v194 v195 v196 v197 v199 v200 v201 v202 v203 v205 v206 v207 v208
       v209 v210 v211 v212 v213 v214 v215 v216 v217 v218 v219 v220 v221 v222 v223 v224
       v267 v268 v269 v270 v271 v272 v273 v274;

   MISSING=.;

   USEVARIABLES ARE
   v32
   v33
   v34
   v35
   v36
   v37
   v115
   v116
   v117
   v118
   v119
   v120
   v121
   v122
   v123
   v124
   v125
   v126
   v127
   v128
   v129
   v130
   v131
   v132;

   CATEGORICAL ARE
   v32
   v33
   v34
   v35
   v36
   v37
   v115
   v116
   v117
   v118
   v119
   v120
   v121
   v122
   v123
   v124
   v125
   v126
   v127
   v128
   v129
   v130
   v131
   v132;


   Model:

  f by v32
   v33
   v34
   v35
   v36
   v37
   v115
   v116
   v117
   v118
   v119
   v120
   v121
   v122
   v123
   v124
   v125
   v126
   v127
   v128
   v129
   v130
   v131
   v132;


   OUTPUT: SAMPSTAT;

                                  MODINDICES;

                                  STDYX;




*** WARNING
  Data set contains cases with missing on all variables.
  These cases were not included in the analysis.
  Number of cases with missing on all variables:  8
   1 WARNING(S) FOUND IN THE INPUT INSTRUCTIONS



Your title goes here

SUMMARY OF ANALYSIS

Number of groups                                                 1
Number of observations                                       55268

Number of dependent variables                                   24
Number of independent variables                                  0
Number of continuous latent variables                            1

Observed dependent variables

  Binary and ordered categorical (ordinal)
   V32         V33         V34         V35         V36         V37
   V115        V116        V117        V118        V119        V120
   V121        V122        V123        V124        V125        V126
   V127        V128        V129        V130        V131        V132

Continuous latent variables
   F


Estimator                                                    WLSMV
Maximum number of iterations                                  1000
Convergence criterion                                    0.500D-04
Maximum number of steepest descent iterations                   20
Maximum number of iterations for H1                           2000
Convergence criterion for H1                             0.100D-03
Parameterization                                             DELTA
Link                                                        PROBIT

Input data file(s)
  cfa/data.dta

Input data format  FREE


SUMMARY OF DATA

     Number of missing data patterns          4846


COVARIANCE COVERAGE OF DATA

Minimum covariance coverage value   0.100


     PROPORTION OF DATA PRESENT


           Covariance Coverage
              V32           V33           V34           V35           V36
              ________      ________      ________      ________      ________
 V32            0.996
 V33            0.983         0.986
 V34            0.989         0.982         0.993
 V35            0.972         0.966         0.971         0.975
 V36            0.921         0.917         0.920         0.914         0.923
 V37            0.925         0.921         0.925         0.918         0.909
 V115           0.963         0.955         0.960         0.945         0.898
 V116           0.937         0.929         0.935         0.920         0.873
 V117           0.976         0.967         0.973         0.957         0.908
 V118           0.974         0.965         0.971         0.956         0.906
 V119           0.912         0.905         0.910         0.897         0.855
 V120           0.981         0.972         0.978         0.962         0.912
 V121           0.962         0.953         0.959         0.944         0.896
 V122           0.960         0.952         0.958         0.943         0.896
 V123           0.960         0.952         0.958         0.943         0.895
 V124           0.935         0.928         0.933         0.919         0.875
 V125           0.910         0.903         0.908         0.895         0.855
 V126           0.982         0.974         0.980         0.963         0.913
 V127           0.957         0.949         0.955         0.940         0.893
 V128           0.918         0.911         0.916         0.903         0.861
 V129           0.934         0.926         0.931         0.918         0.875
 V130           0.953         0.945         0.950         0.936         0.890
 V131           0.964         0.956         0.961         0.947         0.899
 V132           0.913         0.905         0.911         0.898         0.855


           Covariance Coverage
              V37           V115          V116          V117          V118
              ________      ________      ________      ________      ________
 V37            0.928
 V115           0.902         0.967
 V116           0.877         0.918         0.941
 V117           0.912         0.951         0.927         0.979
 V118           0.911         0.950         0.926         0.964         0.978
 V119           0.859         0.895         0.871         0.907         0.908
 V120           0.916         0.956         0.932         0.969         0.968
 V121           0.900         0.940         0.915         0.952         0.952
 V122           0.900         0.938         0.914         0.951         0.951
 V123           0.900         0.938         0.915         0.950         0.950
 V124           0.880         0.915         0.893         0.927         0.927
 V125           0.859         0.893         0.870         0.904         0.904
 V126           0.918         0.957         0.932         0.970         0.969
 V127           0.897         0.935         0.911         0.948         0.947
 V128           0.865         0.900         0.875         0.911         0.911
 V129           0.879         0.914         0.891         0.927         0.926
 V130           0.894         0.932         0.907         0.943         0.944
 V131           0.903         0.942         0.917         0.953         0.953
 V132           0.859         0.893         0.869         0.907         0.906


           Covariance Coverage
              V119          V120          V121          V122          V123
              ________      ________      ________      ________      ________
 V119           0.915
 V120           0.910         0.985
 V121           0.900         0.958         0.965
 V122           0.899         0.956         0.946         0.964
 V123           0.898         0.956         0.943         0.944         0.964
 V124           0.880         0.931         0.922         0.920         0.920
 V125           0.864         0.906         0.898         0.897         0.897
 V126           0.909         0.976         0.958         0.957         0.957
 V127           0.896         0.953         0.939         0.938         0.938
 V128           0.869         0.915         0.904         0.904         0.903
 V129           0.880         0.930         0.918         0.918         0.918
 V130           0.892         0.948         0.939         0.934         0.935
 V131           0.898         0.959         0.948         0.945         0.943
 V132           0.862         0.909         0.896         0.896         0.895


           Covariance Coverage
              V124          V125          V126          V127          V128
              ________      ________      ________      ________      ________
 V124           0.938
 V125           0.902         0.913
 V126           0.933         0.909         0.986
 V127           0.917         0.895         0.956         0.961
 V128           0.889         0.871         0.916         0.906         0.921
 V129           0.902         0.883         0.932         0.917         0.896
 V130           0.915         0.894         0.950         0.933         0.901
 V131           0.922         0.899         0.961         0.942         0.906
 V132           0.880         0.863         0.910         0.896         0.870


           Covariance Coverage
              V129          V130          V131          V132
              ________      ________      ________      ________
 V129           0.937
 V130           0.916         0.956
 V131           0.922         0.944         0.968
 V132           0.883         0.894         0.901         0.916


UNIVARIATE PROPORTIONS AND COUNTS FOR CATEGORICAL VARIABLES

    V32
      Category 1    0.852        46881.000
      Category 2    0.133         7347.000
      Category 3    0.012          635.000
      Category 4    0.003          177.000
    V33
      Category 1    0.224        12222.000
      Category 2    0.573        31208.000
      Category 3    0.167         9112.000
      Category 4    0.036         1956.000
    V34
      Category 1    0.343        18819.000
      Category 2    0.542        29744.000
      Category 3    0.098         5381.000
      Category 4    0.017          916.000
    V35
      Category 1    0.033         1792.000
      Category 2    0.357        19223.000
      Category 3    0.419        22610.000
      Category 4    0.191        10284.000
    V36
      Category 1    0.091         4629.000
      Category 2    0.507        25868.000
      Category 3    0.293        14951.000
      Category 4    0.109         5588.000
    V37
      Category 1    0.095         4858.000
      Category 2    0.519        26622.000
      Category 3    0.284        14549.000
      Category 4    0.103         5258.000
    V115
      Category 1    0.167         8939.000
      Category 2    0.335        17918.000
      Category 3    0.321        17140.000
      Category 4    0.176         9429.000
    V116
      Category 1    0.199        10359.000
      Category 2    0.479        24915.000
      Category 3    0.254        13179.000
      Category 4    0.068         3528.000
    V117
      Category 1    0.152         8200.000
      Category 2    0.514        27834.000
      Category 3    0.276        14938.000
      Category 4    0.058         3139.000
    V118
      Category 1    0.039         2123.000
      Category 2    0.269        14526.000
      Category 3    0.488        26373.000
      Category 4    0.204        11007.000
    V119
      Category 1    0.051         2605.000
      Category 2    0.329        16639.000
      Category 3    0.413        20891.000
      Category 4    0.207        10457.000
    V120
      Category 1    0.192        10460.000
      Category 2    0.500        27228.000
      Category 3    0.232        12617.000
      Category 4    0.076         4110.000
    V121
      Category 1    0.053         2806.000
      Category 2    0.308        16445.000
      Category 3    0.411        21946.000
      Category 4    0.228        12157.000
    V122
      Category 1    0.062         3277.000
      Category 2    0.424        22594.000
      Category 3    0.394        20988.000
      Category 4    0.120         6400.000
    V123
      Category 1    0.081         4309.000
      Category 2    0.428        22777.000
      Category 3    0.366        19526.000
      Category 4    0.125         6667.000
    V124
      Category 1    0.073         3791.000
      Category 2    0.360        18666.000
      Category 3    0.388        20110.000
      Category 4    0.179         9290.000
    V125
      Category 1    0.091         4608.000
      Category 2    0.410        20672.000
      Category 3    0.346        17466.000
      Category 4    0.153         7710.000
    V126
      Category 1    0.149         8103.000
      Category 2    0.475        25875.000
      Category 3    0.283        15416.000
      Category 4    0.094         5108.000
    V127
      Category 1    0.111         5897.000
      Category 2    0.409        21721.000
      Category 3    0.327        17375.000
      Category 4    0.153         8113.000
    V128
      Category 1    0.040         2061.000
      Category 2    0.339        17268.000
      Category 3    0.461        23469.000
      Category 4    0.159         8103.000
    V129
      Category 1    0.083         4301.000
      Category 2    0.452        23417.000
      Category 3    0.346        17912.000
      Category 4    0.119         6152.000
    V130
      Category 1    0.021         1129.000
      Category 2    0.179         9440.000
      Category 3    0.490        25883.000
      Category 4    0.310        16408.000
    V131
      Category 1    0.062         3339.000
      Category 2    0.313        16764.000
      Category 3    0.391        20890.000
      Category 4    0.233        12483.000
    V132
      Category 1    0.028         1434.000
      Category 2    0.189         9579.000
      Category 3    0.472        23922.000
      Category 4    0.310        15709.000


SAMPLE STATISTICS


     ESTIMATED SAMPLE STATISTICS


           MEANS/INTERCEPTS/THRESHOLDS
              V32$1         V32$2         V32$3         V33$1         V33$2
              ________      ________      ________      ________      ________
                1.044         2.177         2.725        -0.758         0.831


           MEANS/INTERCEPTS/THRESHOLDS
              V33$3         V34$1         V34$2         V34$3         V35$1
              ________      ________      ________      ________      ________
                1.800        -0.404         1.201         2.127        -1.835


           MEANS/INTERCEPTS/THRESHOLDS
              V35$2         V35$3         V36$1         V36$2         V36$3
              ________      ________      ________      ________      ________
               -0.280         0.875        -1.336         0.247         1.229


           MEANS/INTERCEPTS/THRESHOLDS
              V37$1         V37$2         V37$3         V115$1        V115$2
              ________      ________      ________      ________      ________
               -1.312         0.289         1.267        -0.965         0.007


           MEANS/INTERCEPTS/THRESHOLDS
              V115$3        V116$1        V116$2        V116$3        V117$1
              ________      ________      ________      ________      ________
                0.929        -0.844         0.464         1.492        -1.030


           MEANS/INTERCEPTS/THRESHOLDS
              V117$2        V117$3        V118$1        V118$2        V118$3
              ________      ________      ________      ________      ________
                0.429         1.572        -1.759        -0.501         0.828


           MEANS/INTERCEPTS/THRESHOLDS
              V119$1        V119$2        V119$3        V120$1        V120$2
              ________      ________      ________      ________      ________
               -1.631        -0.304         0.818        -0.870         0.503


           MEANS/INTERCEPTS/THRESHOLDS
              V120$3        V121$1        V121$2        V121$3        V122$1
              ________      ________      ________      ________      ________
                1.436        -1.620        -0.356         0.746        -1.542


           MEANS/INTERCEPTS/THRESHOLDS
              V122$2        V122$3        V123$1        V123$2        V123$3
              ________      ________      ________      ________      ________
               -0.036         1.174        -1.399         0.021         1.150


           MEANS/INTERCEPTS/THRESHOLDS
              V124$1        V124$2        V124$3        V125$1        V125$2
              ________      ________      ________      ________      ________
               -1.453        -0.169         0.919        -1.333         0.003


           MEANS/INTERCEPTS/THRESHOLDS
              V125$3        V126$1        V126$2        V126$3        V127$1
              ________      ________      ________      ________      ________
                1.024        -1.042         0.314         1.318        -1.221


           MEANS/INTERCEPTS/THRESHOLDS
              V127$2        V127$3        V128$1        V128$2        V128$3
              ________      ________      ________      ________      ________
                0.050         1.025        -1.745        -0.306         0.998


           MEANS/INTERCEPTS/THRESHOLDS
              V129$1        V129$2        V129$3        V130$1        V130$2
              ________      ________      ________      ________      ________
               -1.385         0.089         1.181        -2.026        -0.842


           MEANS/INTERCEPTS/THRESHOLDS
              V130$3        V131$1        V131$2        V131$3        V132$1
              ________      ________      ________      ________      ________
                0.495        -1.535        -0.316         0.728        -1.906


           MEANS/INTERCEPTS/THRESHOLDS
              V132$2        V132$3
              ________      ________
               -0.781         0.495


           CORRELATION MATRIX (WITH VARIANCES ON THE DIAGONAL)
              V32           V33           V34           V35           V36
              ________      ________      ________      ________      ________
 V32
 V33            0.394
 V34            0.372         0.593
 V35            0.150         0.548         0.519
 V36            0.200         0.449         0.498         0.650
 V37            0.188         0.446         0.502         0.641         0.865
 V115           0.138         0.106         0.001         0.011        -0.007
 V116           0.120         0.093         0.068        -0.003        -0.011
 V117           0.127         0.163         0.158         0.131         0.110
 V118           0.069         0.177         0.117         0.169         0.101
 V119           0.082         0.183         0.192         0.221         0.174
 V120           0.166         0.224         0.214         0.182         0.169
 V121           0.119         0.244         0.195         0.267         0.193
 V122           0.123         0.204         0.181         0.198         0.167
 V123           0.102         0.193         0.186         0.184         0.166
 V124           0.094         0.107         0.091         0.112         0.135
 V125           0.119         0.166         0.177         0.186         0.203
 V126           0.120         0.205         0.214         0.196         0.180
 V127           0.136         0.235         0.234         0.255         0.209
 V128           0.101         0.142         0.118         0.132         0.098
 V129           0.081         0.138         0.166         0.180         0.191
 V130           0.091         0.209         0.173         0.251         0.158
 V131           0.110         0.190         0.146         0.179         0.126
 V132           0.039         0.072         0.039         0.071         0.027


           CORRELATION MATRIX (WITH VARIANCES ON THE DIAGONAL)
              V37           V115          V116          V117          V118
              ________      ________      ________      ________      ________
 V115          -0.021
 V116          -0.003         0.398
 V117           0.109         0.249         0.409
 V118           0.101         0.216         0.277         0.437
 V119           0.172         0.180         0.247         0.394         0.500
 V120           0.160         0.189         0.438         0.455         0.362
 V121           0.196         0.245         0.321         0.440         0.478
 V122           0.164         0.226         0.334         0.441         0.416
 V123           0.162         0.171         0.271         0.447         0.369
 V124           0.131         0.181         0.193         0.266         0.341
 V125           0.208         0.169         0.242         0.290         0.334
 V126           0.185         0.155         0.292         0.490         0.314
 V127           0.207         0.183         0.300         0.454         0.395
 V128           0.104         0.205         0.304         0.336         0.349
 V129           0.194         0.130         0.205         0.343         0.344
 V130           0.163         0.241         0.244         0.349         0.446
 V131           0.124         0.255         0.346         0.404         0.413
 V132           0.035         0.166         0.158         0.209         0.384


           CORRELATION MATRIX (WITH VARIANCES ON THE DIAGONAL)
              V119          V120          V121          V122          V123
              ________      ________      ________      ________      ________
 V120           0.424
 V121           0.488         0.536
 V122           0.457         0.531         0.670
 V123           0.409         0.471         0.540         0.623
 V124           0.305         0.267         0.354         0.383         0.392
 V125           0.352         0.339         0.383         0.383         0.372
 V126           0.355         0.486         0.457         0.484         0.571
 V127           0.439         0.569         0.602         0.568         0.544
 V128           0.316         0.365         0.438         0.424         0.402
 V129           0.417         0.353         0.392         0.424         0.421
 V130           0.470         0.376         0.675         0.516         0.448
 V131           0.398         0.467         0.738         0.587         0.486
 V132           0.272         0.158         0.266         0.275         0.254


           CORRELATION MATRIX (WITH VARIANCES ON THE DIAGONAL)
              V124          V125          V126          V127          V128
              ________      ________      ________      ________      ________
 V125           0.730
 V126           0.294         0.350
 V127           0.334         0.391         0.610
 V128           0.340         0.350         0.382         0.465
 V129           0.359         0.390         0.399         0.444         0.426
 V130           0.343         0.365         0.395         0.522         0.451
 V131           0.305         0.319         0.429         0.559         0.432
 V132           0.272         0.252         0.208         0.215         0.342


           CORRELATION MATRIX (WITH VARIANCES ON THE DIAGONAL)
              V129          V130          V131          V132
              ________      ________      ________      ________
 V130           0.417
 V131           0.362         0.704
 V132           0.285         0.380         0.325


THE MODEL ESTIMATION TERMINATED NORMALLY



MODEL FIT INFORMATION

Number of Free Parameters                       96

Chi-Square Test of Model Fit

          Value                         384524.846*
          Degrees of Freedom                   252
          P-Value                           0.0000

*   The chi-square value for MLM, MLMV, MLR, ULSMV, WLSM and WLSMV cannot be used
    for chi-square difference testing in the regular way.  MLM, MLR and WLSM
    chi-square difference testing is described on the Mplus website.  MLMV, WLSMV,
    and ULSMV difference testing is done using the DIFFTEST option.

RMSEA (Root Mean Square Error Of Approximation)

          Estimate                           0.166
          90 Percent C.I.                    0.166  0.167
          Probability RMSEA <= .05           0.000

CFI/TLI

          CFI                                0.695
          TLI                                0.666

Chi-Square Test of Model Fit for the Baseline Model

          Value                        1260104.527
          Degrees of Freedom                   276
          P-Value                           0.0000

WRMR (Weighted Root Mean Square Residual)

          Value                             34.812



MODEL RESULTS

                                                    Two-Tailed
                    Estimate       S.E.  Est./S.E.    P-Value

 F        BY
    V32                1.000      0.000    999.000    999.000
    V33                1.931      0.050     38.311      0.000
    V34                1.897      0.050     38.148      0.000
    V35                2.307      0.062     37.152      0.000
    V36                3.663      0.098     37.512      0.000
    V37                3.648      0.097     37.440      0.000
    V115               1.207      0.035     34.208      0.000
    V116               1.770      0.049     36.160      0.000
    V117               2.488      0.067     37.163      0.000
    V118               2.428      0.066     36.877      0.000
    V119               2.560      0.069     36.956      0.000
    V120               2.783      0.074     37.461      0.000
    V121               3.543      0.095     37.404      0.000
    V122               3.226      0.086     37.404      0.000
    V123               2.979      0.080     37.258      0.000
    V124               2.549      0.069     37.095      0.000
    V125               2.727      0.073     37.264      0.000
    V126               2.804      0.075     37.300      0.000
    V127               3.204      0.086     37.400      0.000
    V128               2.411      0.065     36.945      0.000
    V129               2.422      0.066     36.906      0.000
    V130               3.149      0.084     37.270      0.000
    V131               3.289      0.088     37.317      0.000
    V132               1.605      0.046     34.894      0.000

 Thresholds
    V32$1              1.044      0.007    159.453      0.000
    V32$2              2.177      0.014    158.131      0.000
    V32$3              2.725      0.025    109.975      0.000
    V33$1             -0.758      0.006   -126.980      0.000
    V33$2              0.831      0.006    136.188      0.000
    V33$3              1.800      0.010    178.234      0.000
    V34$1             -0.404      0.006    -73.317      0.000
    V34$2              1.201      0.007    171.130      0.000
    V34$3              2.127      0.013    161.441      0.000
    V35$1             -1.835      0.010   -176.038      0.000
    V35$2             -0.280      0.005    -51.097      0.000
    V35$3              0.875      0.006    140.675      0.000
    V36$1             -1.336      0.008   -171.710      0.000
    V36$2              0.247      0.006     44.036      0.000
    V36$3              1.229      0.007    166.671      0.000
    V37$1             -1.312      0.008   -171.156      0.000
    V37$2              0.289      0.006     51.474      0.000
    V37$3              1.267      0.007    169.092      0.000
    V115$1            -0.965      0.006   -149.654      0.000
    V115$2             0.007      0.005      1.246      0.213
    V115$3             0.929      0.006    145.946      0.000
    V116$1            -0.844      0.006   -134.600      0.000
    V116$2             0.464      0.006     81.115      0.000
    V116$3             1.492      0.008    177.295      0.000
    V117$1            -1.030      0.007   -156.835      0.000
    V117$2             0.429      0.006     76.941      0.000
    V117$3             1.572      0.009    181.444      0.000
    V118$1            -1.759      0.010   -178.728      0.000
    V118$2            -0.501      0.006    -88.764      0.000
    V118$3             0.828      0.006    135.330      0.000
    V119$1            -1.631      0.009   -175.212      0.000
    V119$2            -0.304      0.006    -53.731      0.000
    V119$3             0.818      0.006    129.722      0.000
    V120$1            -0.870      0.006   -140.716      0.000
    V120$2             0.503      0.006     89.426      0.000
    V120$3             1.436      0.008    180.387      0.000
    V121$1            -1.620      0.009   -180.012      0.000
    V121$2            -0.356      0.006    -64.160      0.000
    V121$3             0.746      0.006    124.076      0.000
    V122$1            -1.542      0.009   -179.925      0.000
    V122$2            -0.036      0.005     -6.573      0.000
    V122$3             1.174      0.007    166.867      0.000
    V123$1            -1.399      0.008   -177.561      0.000
    V123$2             0.021      0.005      3.869      0.000
    V123$3             1.150      0.007    165.229      0.000
    V124$1            -1.453      0.008   -176.454      0.000
    V124$2            -0.169      0.006    -30.476      0.000
    V124$3             0.919      0.006    142.715      0.000
    V125$1            -1.333      0.008   -170.585      0.000
    V125$2             0.003      0.006      0.463      0.643
    V125$3             1.024      0.007    150.973      0.000
    V126$1            -1.042      0.007   -158.505      0.000
    V126$2             0.314      0.005     57.535      0.000
    V126$3             1.318      0.007    176.696      0.000
    V127$1            -1.221      0.007   -169.543      0.000
    V127$2             0.050      0.005      9.243      0.000
    V127$3             1.025      0.007    154.901      0.000
    V128$1            -1.745      0.010   -173.835      0.000
    V128$2            -0.306      0.006    -54.182      0.000
    V128$3             0.998      0.007    149.216      0.000
    V129$1            -1.385      0.008   -174.626      0.000
    V129$2             0.089      0.006     16.056      0.000
    V129$3             1.181      0.007    164.979      0.000
    V130$1            -2.026      0.012   -164.963      0.000
    V130$2            -0.842      0.006   -135.455      0.000
    V130$3             0.495      0.006     86.779      0.000
    V131$1            -1.535      0.009   -180.248      0.000
    V131$2            -0.316      0.006    -57.289      0.000
    V131$3             0.728      0.006    121.777      0.000
    V132$1            -1.906      0.011   -167.715      0.000
    V132$2            -0.781      0.006   -125.282      0.000
    V132$3             0.495      0.006     85.038      0.000

 Variances
    F                  0.051      0.003     18.727      0.000


STANDARDIZED MODEL RESULTS


STDYX Standardization

                                                    Two-Tailed
                    Estimate       S.E.  Est./S.E.    P-Value

 F        BY
    V32                0.225      0.006     37.453      0.000
    V33                0.435      0.003    127.112      0.000
    V34                0.427      0.004    120.319      0.000
    V35                0.520      0.003    179.747      0.000
    V36                0.825      0.002    511.443      0.000
    V37                0.822      0.002    500.848      0.000
    V115               0.272      0.004     70.230      0.000
    V116               0.399      0.004    112.886      0.000
    V117               0.561      0.003    193.332      0.000
    V118               0.547      0.003    185.597      0.000
    V119               0.577      0.003    199.091      0.000
    V120               0.627      0.003    244.420      0.000
    V121               0.798      0.002    474.064      0.000
    V122               0.727      0.002    354.241      0.000
    V123               0.671      0.002    285.999      0.000
    V124               0.574      0.003    208.431      0.000
    V125               0.614      0.003    228.405      0.000
    V126               0.632      0.003    250.811      0.000
    V127               0.722      0.002    345.853      0.000
    V128               0.543      0.003    179.501      0.000
    V129               0.546      0.003    183.949      0.000
    V130               0.709      0.002    312.240      0.000
    V131               0.741      0.002    378.743      0.000
    V132               0.362      0.004     94.943      0.000

 Thresholds
    V32$1              1.044      0.007    159.453      0.000
    V32$2              2.177      0.014    158.131      0.000
    V32$3              2.725      0.025    109.975      0.000
    V33$1             -0.758      0.006   -126.980      0.000
    V33$2              0.831      0.006    136.188      0.000
    V33$3              1.800      0.010    178.234      0.000
    V34$1             -0.404      0.006    -73.317      0.000
    V34$2              1.201      0.007    171.130      0.000
    V34$3              2.127      0.013    161.441      0.000
    V35$1             -1.835      0.010   -176.038      0.000
    V35$2             -0.280      0.005    -51.097      0.000
    V35$3              0.875      0.006    140.675      0.000
    V36$1             -1.336      0.008   -171.710      0.000
    V36$2              0.247      0.006     44.036      0.000
    V36$3              1.229      0.007    166.671      0.000
    V37$1             -1.312      0.008   -171.156      0.000
    V37$2              0.289      0.006     51.474      0.000
    V37$3              1.267      0.007    169.092      0.000
    V115$1            -0.965      0.006   -149.654      0.000
    V115$2             0.007      0.005      1.246      0.213
    V115$3             0.929      0.006    145.946      0.000
    V116$1            -0.844      0.006   -134.600      0.000
    V116$2             0.464      0.006     81.115      0.000
    V116$3             1.492      0.008    177.295      0.000
    V117$1            -1.030      0.007   -156.835      0.000
    V117$2             0.429      0.006     76.941      0.000
    V117$3             1.572      0.009    181.444      0.000
    V118$1            -1.759      0.010   -178.728      0.000
    V118$2            -0.501      0.006    -88.764      0.000
    V118$3             0.828      0.006    135.330      0.000
    V119$1            -1.631      0.009   -175.212      0.000
    V119$2            -0.304      0.006    -53.731      0.000
    V119$3             0.818      0.006    129.722      0.000
    V120$1            -0.870      0.006   -140.716      0.000
    V120$2             0.503      0.006     89.426      0.000
    V120$3             1.436      0.008    180.387      0.000
    V121$1            -1.620      0.009   -180.012      0.000
    V121$2            -0.356      0.006    -64.160      0.000
    V121$3             0.746      0.006    124.076      0.000
    V122$1            -1.542      0.009   -179.925      0.000
    V122$2            -0.036      0.005     -6.573      0.000
    V122$3             1.174      0.007    166.867      0.000
    V123$1            -1.399      0.008   -177.561      0.000
    V123$2             0.021      0.005      3.869      0.000
    V123$3             1.150      0.007    165.229      0.000
    V124$1            -1.453      0.008   -176.454      0.000
    V124$2            -0.169      0.006    -30.476      0.000
    V124$3             0.919      0.006    142.715      0.000
    V125$1            -1.333      0.008   -170.585      0.000
    V125$2             0.003      0.006      0.463      0.643
    V125$3             1.024      0.007    150.973      0.000
    V126$1            -1.042      0.007   -158.505      0.000
    V126$2             0.314      0.005     57.535      0.000
    V126$3             1.318      0.007    176.696      0.000
    V127$1            -1.221      0.007   -169.543      0.000
    V127$2             0.050      0.005      9.243      0.000
    V127$3             1.025      0.007    154.901      0.000
    V128$1            -1.745      0.010   -173.835      0.000
    V128$2            -0.306      0.006    -54.182      0.000
    V128$3             0.998      0.007    149.216      0.000
    V129$1            -1.385      0.008   -174.626      0.000
    V129$2             0.089      0.006     16.056      0.000
    V129$3             1.181      0.007    164.979      0.000
    V130$1            -2.026      0.012   -164.963      0.000
    V130$2            -0.842      0.006   -135.455      0.000
    V130$3             0.495      0.006     86.779      0.000
    V131$1            -1.535      0.009   -180.248      0.000
    V131$2            -0.316      0.006    -57.289      0.000
    V131$3             0.728      0.006    121.777      0.000
    V132$1            -1.906      0.011   -167.715      0.000
    V132$2            -0.781      0.006   -125.282      0.000
    V132$3             0.495      0.006     85.038      0.000

 Variances
    F                  1.000      0.000    999.000    999.000


R-SQUARE

    Observed                                        Two-Tailed   Residual
    Variable        Estimate       S.E.  Est./S.E.    P-Value    Variance

    V32                0.051      0.003     18.727      0.000      0.949
    V33                0.189      0.003     63.556      0.000      0.811
    V34                0.183      0.003     60.159      0.000      0.817
    V35                0.270      0.003     89.874      0.000      0.730
    V36                0.681      0.003    255.721      0.000      0.319
    V37                0.675      0.003    250.424      0.000      0.325
    V115               0.074      0.002     35.115      0.000      0.926
    V116               0.159      0.003     56.443      0.000      0.841
    V117               0.314      0.003     96.666      0.000      0.686
    V118               0.299      0.003     92.798      0.000      0.701
    V119               0.333      0.003     99.546      0.000      0.667
    V120               0.393      0.003    122.210      0.000      0.607
    V121               0.637      0.003    237.032      0.000      0.363
    V122               0.528      0.003    177.121      0.000      0.472
    V123               0.450      0.003    143.000      0.000      0.550
    V124               0.330      0.003    104.216      0.000      0.670
    V125               0.377      0.003    114.202      0.000      0.623
    V126               0.399      0.003    125.406      0.000      0.601
    V127               0.521      0.003    172.926      0.000      0.479
    V128               0.295      0.003     89.751      0.000      0.705
    V129               0.298      0.003     91.974      0.000      0.702
    V130               0.503      0.003    156.120      0.000      0.497
    V131               0.549      0.003    189.372      0.000      0.451
    V132               0.131      0.003     47.472      0.000      0.869


QUALITY OF NUMERICAL RESULTS

     Condition Number for the Information Matrix              0.960E-07
       (ratio of smallest to largest eigenvalue)


MODEL MODIFICATION INDICES

NOTE:  Modification indices for direct effects of observed dependent variables
regressed on covariates and residual covariances among observed dependent
variables may not be included.  To include these, request MODINDICES (ALL).

Minimum M.I. value for printing the modification index    10.000

                                   M.I.     E.P.C.  Std E.P.C.  StdYX E.P.C.

No modification indices above the minimum value.



DIAGRAM INFORMATION

  Use View Diagram under the Diagram menu in the Mplus Editor to view the diagram.
  If running Mplus from the Mplus Diagrammer, the diagram opens automatically.

  Diagram output
    c:\users\msassac6\dropbox (the university of manchester)\papers\joe s\evs_mm_de_equivalence\mplus\cfa\inv_data3_v32_

     Beginning Time:  11:54:47
        Ending Time:  11:55:27
       Elapsed Time:  00:00:40



MUTHEN & MUTHEN
3463 Stoner Ave.
Los Angeles, CA  90066

Tel: (310) 391-9971
Fax: (310) 391-8971
Web: www.StatModel.com
Support: Support@StatModel.com

Copyright (c) 1998-2017 Muthen & Muthen
