Mplus VERSION 8
MUTHEN & MUTHEN
06/26/2020   9:41 AM

INPUT INSTRUCTIONS

  TITLE: Your title goes here

   DATA: FILE = cfa/data.dta;

   VARIABLE:

   NAMES = id_cocas caseno v1 v2 v3 v4 v5 v6 v32 v33 v34 v35 v36 v37 v46 v47 v48 v49
       v50 v65 v66 v67 v68 v69 v70 v98 v99 v100 v101 v103 v104 v105 v106 v107 v115
       v116 v117 v118 v119 v120 v121 v122 v123 v124 v125 v126 v127 v128 v129 v130 v131
       v132 v133 v134 v135 v136 v137 v138 v139 v140 v141 v145 v146 v147 v148 v149 v150
       v151 v152 v153 v154 v155 v156 v157 v158 v159 v160 v161 v162 v163 v164 v165 v166
       v167 v168 v176 v177 v178 v179 v180 v181 v182 v183 v185 v186 v187 v188 v189 v190
       v191 v192 v193 v194 v195 v196 v197 v199 v200 v201 v202 v203 v205 v206 v207 v208
       v209 v210 v211 v212 v213 v214 v215 v216 v217 v218 v219 v220 v221 v222 v223 v224
       v267 v268 v269 v270 v271 v272 v273 v274;

   MISSING=.;

   USEVARIABLES ARE
   v221
   v222
   v223
   v224;

   CATEGORICAL ARE
   v221
   v222
   v223
   v224;


   Model:

  f by v221
   v222
   v223
   v224;


   OUTPUT: SAMPSTAT;

                                  MODINDICES;

                                  STDYX;




*** WARNING
  Data set contains cases with missing on all variables.
  These cases were not included in the analysis.
  Number of cases with missing on all variables:  806
   1 WARNING(S) FOUND IN THE INPUT INSTRUCTIONS



Your title goes here

SUMMARY OF ANALYSIS

Number of groups                                                 1
Number of observations                                       54470

Number of dependent variables                                    4
Number of independent variables                                  0
Number of continuous latent variables                            1

Observed dependent variables

  Binary and ordered categorical (ordinal)
   V221        V222        V223        V224

Continuous latent variables
   F


Estimator                                                    WLSMV
Maximum number of iterations                                  1000
Convergence criterion                                    0.500D-04
Maximum number of steepest descent iterations                   20
Maximum number of iterations for H1                           2000
Convergence criterion for H1                             0.100D-03
Parameterization                                             DELTA
Link                                                        PROBIT

Input data file(s)
  cfa/data.dta

Input data format  FREE


SUMMARY OF DATA

     Number of missing data patterns            15


COVARIANCE COVERAGE OF DATA

Minimum covariance coverage value   0.100


     PROPORTION OF DATA PRESENT


           Covariance Coverage
              V221          V222          V223          V224
              ________      ________      ________      ________
 V221           0.979
 V222           0.977         0.994
 V223           0.971         0.985         0.989
 V224           0.975         0.989         0.984         0.994


UNIVARIATE PROPORTIONS AND COUNTS FOR CATEGORICAL VARIABLES

    V221
      Category 1    0.333        17772.000
      Category 2    0.472        25175.000
      Category 3    0.162         8636.000
      Category 4    0.033         1763.000
    V222
      Category 1    0.653        35369.000
      Category 2    0.311        16838.000
      Category 3    0.029         1597.000
      Category 4    0.006          342.000
    V223
      Category 1    0.492        26514.000
      Category 2    0.427        23013.000
      Category 3    0.068         3655.000
      Category 4    0.012          666.000
    V224
      Category 1    0.768        41568.000
      Category 2    0.199        10786.000
      Category 3    0.026         1430.000
      Category 4    0.007          365.000


SAMPLE STATISTICS


     ESTIMATED SAMPLE STATISTICS


           MEANS/INTERCEPTS/THRESHOLDS
              V221$1        V221$2        V221$3        V222$1        V222$2
              ________      ________      ________      ________      ________
               -0.431         0.860         1.838         0.394         1.802


           MEANS/INTERCEPTS/THRESHOLDS
              V222$3        V223$1        V223$2        V223$3        V224$1
              ________      ________      ________      ________      ________
                2.494        -0.019         1.403         2.245         0.731


           MEANS/INTERCEPTS/THRESHOLDS
              V224$2        V224$3
              ________      ________
                1.836         2.471


           CORRELATION MATRIX (WITH VARIANCES ON THE DIAGONAL)
              V221          V222          V223          V224
              ________      ________      ________      ________
 V221
 V222           0.446
 V223           0.269         0.429
 V224           0.186         0.413         0.468


THE MODEL ESTIMATION TERMINATED NORMALLY



MODEL FIT INFORMATION

Number of Free Parameters                       16

Chi-Square Test of Model Fit

          Value                           1643.032*
          Degrees of Freedom                     2
          P-Value                           0.0000

*   The chi-square value for MLM, MLMV, MLR, ULSMV, WLSM and WLSMV cannot be used
    for chi-square difference testing in the regular way.  MLM, MLR and WLSM
    chi-square difference testing is described on the Mplus website.  MLMV, WLSMV,
    and ULSMV difference testing is done using the DIFFTEST option.

RMSEA (Root Mean Square Error Of Approximation)

          Estimate                           0.123
          90 Percent C.I.                    0.118  0.128
          Probability RMSEA <= .05           0.000

CFI/TLI

          CFI                                0.947
          TLI                                0.842

Chi-Square Test of Model Fit for the Baseline Model

          Value                          31182.605
          Degrees of Freedom                     6
          P-Value                           0.0000

WRMR (Weighted Root Mean Square Residual)

          Value                              7.842



MODEL RESULTS

                                                    Two-Tailed
                    Estimate       S.E.  Est./S.E.    P-Value

 F        BY
    V221               1.000      0.000    999.000    999.000
    V222               1.526      0.019     78.392      0.000
    V223               1.281      0.017     76.462      0.000
    V224               1.233      0.017     72.457      0.000

 Thresholds
    V221$1            -0.431      0.006    -76.819      0.000
    V221$2             0.860      0.006    138.190      0.000
    V221$3             1.838      0.011    175.018      0.000
    V222$1             0.394      0.006     71.111      0.000
    V222$2             1.802      0.010    177.623      0.000
    V222$3             2.494      0.019    130.348      0.000
    V223$1            -0.019      0.005     -3.534      0.000
    V223$2             1.403      0.008    178.626      0.000
    V223$3             2.245      0.015    151.163      0.000
    V224$1             0.731      0.006    123.023      0.000
    V224$2             1.836      0.010    176.383      0.000
    V224$3             2.471      0.019    132.438      0.000

 Variances
    F                  0.239      0.005     48.376      0.000


STANDARDIZED MODEL RESULTS


STDYX Standardization

                                                    Two-Tailed
                    Estimate       S.E.  Est./S.E.    P-Value

 F        BY
    V221               0.489      0.005     96.753      0.000
    V222               0.747      0.005    150.492      0.000
    V223               0.627      0.005    128.732      0.000
    V224               0.603      0.006    103.865      0.000

 Thresholds
    V221$1            -0.431      0.006    -76.819      0.000
    V221$2             0.860      0.006    138.190      0.000
    V221$3             1.838      0.011    175.018      0.000
    V222$1             0.394      0.006     71.111      0.000
    V222$2             1.802      0.010    177.623      0.000
    V222$3             2.494      0.019    130.348      0.000
    V223$1            -0.019      0.005     -3.534      0.000
    V223$2             1.403      0.008    178.626      0.000
    V223$3             2.245      0.015    151.163      0.000
    V224$1             0.731      0.006    123.023      0.000
    V224$2             1.836      0.010    176.383      0.000
    V224$3             2.471      0.019    132.438      0.000

 Variances
    F                  1.000      0.000    999.000    999.000


R-SQUARE

    Observed                                        Two-Tailed   Residual
    Variable        Estimate       S.E.  Est./S.E.    P-Value    Variance

    V221               0.239      0.005     48.376      0.000      0.761
    V222               0.558      0.007     75.246      0.000      0.442
    V223               0.393      0.006     64.366      0.000      0.607
    V224               0.364      0.007     51.932      0.000      0.636


QUALITY OF NUMERICAL RESULTS

     Condition Number for the Information Matrix              0.220E-02
       (ratio of smallest to largest eigenvalue)


MODEL MODIFICATION INDICES

NOTE:  Modification indices for direct effects of observed dependent variables
regressed on covariates and residual covariances among observed dependent
variables may not be included.  To include these, request MODINDICES (ALL).

Minimum M.I. value for printing the modification index    10.000

                                   M.I.     E.P.C.  Std E.P.C.  StdYX E.P.C.

No modification indices above the minimum value.



DIAGRAM INFORMATION

  Use View Diagram under the Diagram menu in the Mplus Editor to view the diagram.
  If running Mplus from the Mplus Diagrammer, the diagram opens automatically.

  Diagram output
    c:\users\msassac6\dropbox (the university of manchester)\papers\joe s\evs_mm_de_equivalence\mplus\cfa\inv_data3_v221

     Beginning Time:  09:41:34
        Ending Time:  09:41:37
       Elapsed Time:  00:00:03



MUTHEN & MUTHEN
3463 Stoner Ave.
Los Angeles, CA  90066

Tel: (310) 391-9971
Fax: (310) 391-8971
Web: www.StatModel.com
Support: Support@StatModel.com

Copyright (c) 1998-2017 Muthen & Muthen
