Mplus VERSION 8
MUTHEN & MUTHEN
07/06/2020   8:27 AM

INPUT INSTRUCTIONS

  TITLE: Your title goes here

   DATA: FILE = cfa/data.dta;

   VARIABLE:

   NAMES = id_cocas weight comp_mode comp_len mode mm_matrix_group wei_mmf v2 v3 v4 v32
       v33 v34 v35 v36 v37 v46 v47 v48 v49 v50 v65 v66 v67 v68 v69 v70 v82 v83 v84 v98
       v99 v100 v101 v103 v104 v105 v106 v107 v115 v116 v117 v118 v119 v120 v121 v122
       v123 v124 v125 v126 v127 v128 v129 v130 v131 v132 v133 v134 v135 v136 v137 v138
       v139 v140 v141 v145 v146 v147 v148 v149 v150 v151 v152 v153 v154 v155 v156 v157
       v158 v159 v160 v161 v162 v163 v164 v165 v166 v167 v176 v177 v178 v179 v180 v181
       v182 v183 v185 v186 v187 v188 v189 v191 v192 v193 v194 v195 v196 v197 v199 v200
       v201 v202 v203 v205 v206 v207 v208 v209 v210 v211 v212 v213 v214 v215 v216 v217
       v218 v220 v221 v222 v223 v224 v267 v268 v269 v271 v272 v273;

   MISSING=.;

   USEVARIABLES ARE
   v32
   v33
   v34
   v35
   v36
   v37;

   CATEGORICAL ARE
   v32
   v33
   v34
   v35
   v36
   v37;


   Model:

  f by v32
   v33
   v34
   v35
   v36
   v37;


   OUTPUT: SAMPSTAT;

                                  MODINDICES;

                                  STDYX;




*** WARNING
  Data set contains cases with missing on all variables.
  These cases were not included in the analysis.
  Number of cases with missing on all variables:  1647
   1 WARNING(S) FOUND IN THE INPUT INSTRUCTIONS



Your title goes here

SUMMARY OF ANALYSIS

Number of groups                                                 1
Number of observations                                        3769

Number of dependent variables                                    6
Number of independent variables                                  0
Number of continuous latent variables                            1

Observed dependent variables

  Binary and ordered categorical (ordinal)
   V32         V33         V34         V35         V36         V37

Continuous latent variables
   F


Estimator                                                    WLSMV
Maximum number of iterations                                  1000
Convergence criterion                                    0.500D-04
Maximum number of steepest descent iterations                   20
Maximum number of iterations for H1                           2000
Convergence criterion for H1                             0.100D-03
Parameterization                                             DELTA
Link                                                        PROBIT

Input data file(s)
  cfa/data.dta

Input data format  FREE


SUMMARY OF DATA

     Number of missing data patterns            37


COVARIANCE COVERAGE OF DATA

Minimum covariance coverage value   0.100


     PROPORTION OF DATA PRESENT


           Covariance Coverage
              V32           V33           V34           V35           V36
              ________      ________      ________      ________      ________
 V32            0.994
 V33            0.957         0.961
 V34            0.975         0.948         0.980
 V35            0.913         0.893         0.904         0.917
 V36            0.782         0.771         0.775         0.756         0.784
 V37            0.800         0.789         0.794         0.772         0.766


           Covariance Coverage
              V37
              ________
 V37            0.802


UNIVARIATE PROPORTIONS AND COUNTS FOR CATEGORICAL VARIABLES

    V32
      Category 1    0.825         3093.000
      Category 2    0.159          595.000
      Category 3    0.011           43.000
      Category 4    0.004           16.000
    V33
      Category 1    0.119          431.000
      Category 2    0.690         2499.000
      Category 3    0.168          609.000
      Category 4    0.023           82.000
    V34
      Category 1    0.239          882.000
      Category 2    0.703         2597.000
      Category 3    0.055          203.000
      Category 4    0.003           11.000
    V35
      Category 1    0.006           22.000
      Category 2    0.290         1002.000
      Category 3    0.521         1801.000
      Category 4    0.183          632.000
    V36
      Category 1    0.048          142.000
      Category 2    0.553         1633.000
      Category 3    0.316          934.000
      Category 4    0.083          245.000
    V37
      Category 1    0.052          158.000
      Category 2    0.565         1710.000
      Category 3    0.315          954.000
      Category 4    0.067          202.000


SAMPLE STATISTICS


     ESTIMATED SAMPLE STATISTICS


           MEANS/INTERCEPTS/THRESHOLDS
              V32$1         V32$2         V32$3         V33$1         V33$2
              ________      ________      ________      ________      ________
                0.936         2.151         2.630        -1.180         0.875


           MEANS/INTERCEPTS/THRESHOLDS
              V33$3         V34$1         V34$2         V34$3         V35$1
              ________      ________      ________      ________      ________
                2.002        -0.710         1.572         2.750        -2.491


           MEANS/INTERCEPTS/THRESHOLDS
              V35$2         V35$3         V36$1         V36$2         V36$3
              ________      ________      ________      ________      ________
               -0.535         0.905        -1.664         0.256         1.386


           MEANS/INTERCEPTS/THRESHOLDS
              V37$1         V37$2         V37$3
              ________      ________      ________
               -1.623         0.300         1.500


           CORRELATION MATRIX (WITH VARIANCES ON THE DIAGONAL)
              V32           V33           V34           V35           V36
              ________      ________      ________      ________      ________
 V32
 V33            0.420
 V34            0.360         0.589
 V35            0.128         0.499         0.420
 V36            0.217         0.428         0.411         0.628
 V37            0.201         0.413         0.422         0.601         0.935


           CORRELATION MATRIX (WITH VARIANCES ON THE DIAGONAL)
              V37
              ________


THE MODEL ESTIMATION TERMINATED NORMALLY



MODEL FIT INFORMATION

Number of Free Parameters                       24

Chi-Square Test of Model Fit

          Value                           1021.584*
          Degrees of Freedom                     9
          P-Value                           0.0000

*   The chi-square value for MLM, MLMV, MLR, ULSMV, WLSM and WLSMV cannot be used
    for chi-square difference testing in the regular way.  MLM, MLR and WLSM
    chi-square difference testing is described on the Mplus website.  MLMV, WLSMV,
    and ULSMV difference testing is done using the DIFFTEST option.

RMSEA (Root Mean Square Error Of Approximation)

          Estimate                           0.173
          90 Percent C.I.                    0.164  0.182
          Probability RMSEA <= .05           0.000

CFI/TLI

          CFI                                0.991
          TLI                                0.985

Chi-Square Test of Model Fit for the Baseline Model

          Value                         109422.391
          Degrees of Freedom                    15
          P-Value                           0.0000

WRMR (Weighted Root Mean Square Residual)

          Value                              4.757



MODEL RESULTS

                                                    Two-Tailed
                    Estimate       S.E.  Est./S.E.    P-Value

 F        BY
    V32                1.000      0.000    999.000    999.000
    V33                1.736      0.130     13.403      0.000
    V34                1.684      0.128     13.155      0.000
    V35                1.917      0.144     13.320      0.000
    V36                2.834      0.211     13.449      0.000
    V37                2.766      0.207     13.372      0.000

 Thresholds
    V32$1              0.936      0.024     38.861      0.000
    V32$2              2.151      0.052     41.754      0.000
    V32$3              2.630      0.085     31.010      0.000
    V33$1             -1.180      0.027    -43.608      0.000
    V33$2              0.875      0.024     36.452      0.000
    V33$3              2.002      0.046     43.549      0.000
    V34$1             -0.710      0.023    -31.378      0.000
    V34$2              1.572      0.033     47.401      0.000
    V34$3              2.750      0.099     27.878      0.000
    V35$1             -2.491      0.076    -32.997      0.000
    V35$2             -0.535      0.022    -23.830      0.000
    V35$3              0.905      0.025     36.464      0.000
    V36$1             -1.664      0.039    -42.251      0.000
    V36$2              0.256      0.023     10.954      0.000
    V36$3              1.386      0.033     41.714      0.000
    V37$1             -1.623      0.038    -42.850      0.000
    V37$2              0.300      0.023     12.929      0.000
    V37$3              1.500      0.035     42.787      0.000

 Variances
    F                  0.119      0.018      6.723      0.000


STANDARDIZED MODEL RESULTS


STDYX Standardization

                                                    Two-Tailed
                    Estimate       S.E.  Est./S.E.    P-Value

 F        BY
    V32                0.344      0.026     13.445      0.000
    V33                0.598      0.014     43.484      0.000
    V34                0.580      0.015     39.445      0.000
    V35                0.661      0.011     61.679      0.000
    V36                0.976      0.006    169.582      0.000
    V37                0.953      0.006    166.427      0.000

 Thresholds
    V32$1              0.936      0.024     38.861      0.000
    V32$2              2.151      0.052     41.754      0.000
    V32$3              2.630      0.085     31.010      0.000
    V33$1             -1.180      0.027    -43.608      0.000
    V33$2              0.875      0.024     36.452      0.000
    V33$3              2.002      0.046     43.549      0.000
    V34$1             -0.710      0.023    -31.378      0.000
    V34$2              1.572      0.033     47.401      0.000
    V34$3              2.750      0.099     27.878      0.000
    V35$1             -2.491      0.076    -32.997      0.000
    V35$2             -0.535      0.022    -23.830      0.000
    V35$3              0.905      0.025     36.464      0.000
    V36$1             -1.664      0.039    -42.251      0.000
    V36$2              0.256      0.023     10.954      0.000
    V36$3              1.386      0.033     41.714      0.000
    V37$1             -1.623      0.038    -42.850      0.000
    V37$2              0.300      0.023     12.929      0.000
    V37$3              1.500      0.035     42.787      0.000

 Variances
    F                  1.000      0.000    999.000    999.000


R-SQUARE

    Observed                                        Two-Tailed   Residual
    Variable        Estimate       S.E.  Est./S.E.    P-Value    Variance

    V32                0.119      0.018      6.723      0.000      0.881
    V33                0.358      0.016     21.742      0.000      0.642
    V34                0.336      0.017     19.723      0.000      0.664
    V35                0.436      0.014     30.839      0.000      0.564
    V36                0.953      0.011     84.791      0.000      0.047
    V37                0.908      0.011     83.213      0.000      0.092


QUALITY OF NUMERICAL RESULTS

     Condition Number for the Information Matrix              0.225E-05
       (ratio of smallest to largest eigenvalue)


MODEL MODIFICATION INDICES

NOTE:  Modification indices for direct effects of observed dependent variables
regressed on covariates and residual covariances among observed dependent
variables may not be included.  To include these, request MODINDICES (ALL).

Minimum M.I. value for printing the modification index    10.000

                                   M.I.     E.P.C.  Std E.P.C.  StdYX E.P.C.

No modification indices above the minimum value.



DIAGRAM INFORMATION

  Use View Diagram under the Diagram menu in the Mplus Editor to view the diagram.
  If running Mplus from the Mplus Diagrammer, the diagram opens automatically.

  Diagram output
    c:\users\msassac6\dropbox (the university of manchester)\papers\joe s\evs_mm_de_equivalence\mplus\cfa\inv_data3_v32.

     Beginning Time:  08:27:38
        Ending Time:  08:27:38
       Elapsed Time:  00:00:00



MUTHEN & MUTHEN
3463 Stoner Ave.
Los Angeles, CA  90066

Tel: (310) 391-9971
Fax: (310) 391-8971
Web: www.StatModel.com
Support: Support@StatModel.com

Copyright (c) 1998-2017 Muthen & Muthen
