Mplus VERSION 8
MUTHEN & MUTHEN
06/26/2020   9:42 AM

INPUT INSTRUCTIONS

  TITLE: Your title goes here

   DATA: FILE = cfa/data.dta;

   VARIABLE:

   NAMES = id_cocas caseno v1 v2 v3 v4 v5 v6 v32 v33 v34 v35 v36 v37 v46 v47 v48 v49
       v50 v65 v66 v67 v68 v69 v70 v98 v99 v100 v101 v103 v104 v105 v106 v107 v115
       v116 v117 v118 v119 v120 v121 v122 v123 v124 v125 v126 v127 v128 v129 v130 v131
       v132 v133 v134 v135 v136 v137 v138 v139 v140 v141 v145 v146 v147 v148 v149 v150
       v151 v152 v153 v154 v155 v156 v157 v158 v159 v160 v161 v162 v163 v164 v165 v166
       v167 v168 v176 v177 v178 v179 v180 v181 v182 v183 v185 v186 v187 v188 v189 v190
       v191 v192 v193 v194 v195 v196 v197 v199 v200 v201 v202 v203 v205 v206 v207 v208
       v209 v210 v211 v212 v213 v214 v215 v216 v217 v218 v219 v220 v221 v222 v223 v224
       v267 v268 v269 v270 v271 v272 v273 v274;

   MISSING=.;

   USEVARIABLES ARE
   v205
   v206
   v207;

   CATEGORICAL ARE
   v205
   v206
   v207;


   Model:

  f by v205
   v206
   v207;


   OUTPUT: SAMPSTAT;

                                  MODINDICES;

                                  STDYX;




*** WARNING
  Data set contains cases with missing on all variables.
  These cases were not included in the analysis.
  Number of cases with missing on all variables:  811
   1 WARNING(S) FOUND IN THE INPUT INSTRUCTIONS



Your title goes here

SUMMARY OF ANALYSIS

Number of groups                                                 1
Number of observations                                       54465

Number of dependent variables                                    3
Number of independent variables                                  0
Number of continuous latent variables                            1

Observed dependent variables

  Binary and ordered categorical (ordinal)
   V205        V206        V207

Continuous latent variables
   F


Estimator                                                    WLSMV
Maximum number of iterations                                  1000
Convergence criterion                                    0.500D-04
Maximum number of steepest descent iterations                   20
Maximum number of iterations for H1                           2000
Convergence criterion for H1                             0.100D-03
Parameterization                                             DELTA
Link                                                        PROBIT

Input data file(s)
  cfa/data.dta

Input data format  FREE


SUMMARY OF DATA

     Number of missing data patterns             7


COVARIANCE COVERAGE OF DATA

Minimum covariance coverage value   0.100


     PROPORTION OF DATA PRESENT


           Covariance Coverage
              V205          V206          V207
              ________      ________      ________
 V205           0.990
 V206           0.967         0.975
 V207           0.974         0.965         0.983


UNIVARIATE PROPORTIONS AND COUNTS FOR CATEGORICAL VARIABLES

    V205
      Category 1    0.279        15021.000
      Category 2    0.351        18918.000
      Category 3    0.170         9193.000
      Category 4    0.200        10800.000
    V206
      Category 1    0.070         3740.000
      Category 2    0.178         9450.000
      Category 3    0.291        15465.000
      Category 4    0.460        24444.000
    V207
      Category 1    0.069         3710.000
      Category 2    0.159         8513.000
      Category 3    0.255        13652.000
      Category 4    0.516        27639.000


SAMPLE STATISTICS


     ESTIMATED SAMPLE STATISTICS


           MEANS/INTERCEPTS/THRESHOLDS
              V205$1        V205$2        V205$3        V206$1        V206$2
              ________      ________      ________      ________      ________
               -0.587         0.330         0.841        -1.473        -0.680


           MEANS/INTERCEPTS/THRESHOLDS
              V206$3        V207$1        V207$2        V207$3
              ________      ________      ________      ________
                0.100        -1.481        -0.744        -0.041


           CORRELATION MATRIX (WITH VARIANCES ON THE DIAGONAL)
              V205          V206          V207
              ________      ________      ________
 V205
 V206           0.550
 V207           0.467         0.725


THE MODEL ESTIMATION TERMINATED NORMALLY



MODEL FIT INFORMATION

Number of Free Parameters                       12

Chi-Square Test of Model Fit

          Value                              0.000*
          Degrees of Freedom                     0
          P-Value                           0.0000

*   The chi-square value for MLM, MLMV, MLR, ULSMV, WLSM and WLSMV cannot be used
    for chi-square difference testing in the regular way.  MLM, MLR and WLSM
    chi-square difference testing is described on the Mplus website.  MLMV, WLSMV,
    and ULSMV difference testing is done using the DIFFTEST option.

RMSEA (Root Mean Square Error Of Approximation)

          Estimate                           0.000
          90 Percent C.I.                    0.000  0.000
          Probability RMSEA <= .05           0.000

CFI/TLI

          CFI                                1.000
          TLI                                1.000

Chi-Square Test of Model Fit for the Baseline Model

          Value                         122473.717
          Degrees of Freedom                     3
          P-Value                           0.0000

WRMR (Weighted Root Mean Square Residual)

          Value                              0.001



MODEL RESULTS

                                                    Two-Tailed
                    Estimate       S.E.  Est./S.E.    P-Value

 F        BY
    V205               1.000      0.000    999.000    999.000
    V206               1.550      0.013    120.318      0.000
    V207               1.318      0.009    151.917      0.000

 Thresholds
    V205$1            -0.587      0.006   -102.149      0.000
    V205$2             0.330      0.006     59.942      0.000
    V205$3             0.841      0.006    136.690      0.000
    V206$1            -1.473      0.008   -178.905      0.000
    V206$2            -0.680      0.006   -114.767      0.000
    V206$3             0.100      0.005     18.272      0.000
    V207$1            -1.481      0.008   -179.733      0.000
    V207$2            -0.744      0.006   -124.021      0.000
    V207$3            -0.041      0.005     -7.625      0.000

 Variances
    F                  0.355      0.005     78.496      0.000


STANDARDIZED MODEL RESULTS


STDYX Standardization

                                                    Two-Tailed
                    Estimate       S.E.  Est./S.E.    P-Value

 F        BY
    V205               0.595      0.004    156.993      0.000
    V206               0.923      0.004    243.971      0.000
    V207               0.785      0.004    211.999      0.000

 Thresholds
    V205$1            -0.587      0.006   -102.149      0.000
    V205$2             0.330      0.006     59.942      0.000
    V205$3             0.841      0.006    136.690      0.000
    V206$1            -1.473      0.008   -178.905      0.000
    V206$2            -0.680      0.006   -114.767      0.000
    V206$3             0.100      0.005     18.272      0.000
    V207$1            -1.481      0.008   -179.733      0.000
    V207$2            -0.744      0.006   -124.021      0.000
    V207$3            -0.041      0.005     -7.625      0.000

 Variances
    F                  1.000      0.000    999.000    999.000


R-SQUARE

    Observed                                        Two-Tailed   Residual
    Variable        Estimate       S.E.  Est./S.E.    P-Value    Variance

    V205               0.355      0.005     78.496      0.000      0.645
    V206               0.852      0.007    121.986      0.000      0.148
    V207               0.616      0.006    105.999      0.000      0.384


QUALITY OF NUMERICAL RESULTS

     Condition Number for the Information Matrix              0.387E-02
       (ratio of smallest to largest eigenvalue)


MODEL MODIFICATION INDICES

NOTE:  Modification indices for direct effects of observed dependent variables
regressed on covariates and residual covariances among observed dependent
variables may not be included.  To include these, request MODINDICES (ALL).

Minimum M.I. value for printing the modification index    10.000

                                   M.I.     E.P.C.  Std E.P.C.  StdYX E.P.C.

No modification indices above the minimum value.



DIAGRAM INFORMATION

  Use View Diagram under the Diagram menu in the Mplus Editor to view the diagram.
  If running Mplus from the Mplus Diagrammer, the diagram opens automatically.

  Diagram output
    c:\users\msassac6\dropbox (the university of manchester)\papers\joe s\evs_mm_de_equivalence\mplus\cfa\inv_data3_v205

     Beginning Time:  09:42:02
        Ending Time:  09:42:05
       Elapsed Time:  00:00:03



MUTHEN & MUTHEN
3463 Stoner Ave.
Los Angeles, CA  90066

Tel: (310) 391-9971
Fax: (310) 391-8971
Web: www.StatModel.com
Support: Support@StatModel.com

Copyright (c) 1998-2017 Muthen & Muthen
