Mplus VERSION 8
MUTHEN & MUTHEN
06/26/2020   9:43 AM

INPUT INSTRUCTIONS

  TITLE: Your title goes here

   DATA: FILE = cfa/data.dta;

   VARIABLE:

   NAMES = id_cocas caseno v1 v2 v3 v4 v5 v6 v32 v33 v34 v35 v36 v37 v46 v47 v48 v49
       v50 v65 v66 v67 v68 v69 v70 v98 v99 v100 v101 v103 v104 v105 v106 v107 v115
       v116 v117 v118 v119 v120 v121 v122 v123 v124 v125 v126 v127 v128 v129 v130 v131
       v132 v133 v134 v135 v136 v137 v138 v139 v140 v141 v145 v146 v147 v148 v149 v150
       v151 v152 v153 v154 v155 v156 v157 v158 v159 v160 v161 v162 v163 v164 v165 v166
       v167 v168 v176 v177 v178 v179 v180 v181 v182 v183 v185 v186 v187 v188 v189 v190
       v191 v192 v193 v194 v195 v196 v197 v199 v200 v201 v202 v203 v205 v206 v207 v208
       v209 v210 v211 v212 v213 v214 v215 v216 v217 v218 v219 v220 v221 v222 v223 v224
       v267 v268 v269 v270 v271 v272 v273 v274;

   MISSING=.;

   USEVARIABLES ARE
   v133
   v135
   v136
   v138
   v139
   v141;


   Model:

  f by v133
   v135
   v136
   v138
   v139
   v141;


   OUTPUT: SAMPSTAT;

                                  MODINDICES;

                                  STDYX;




*** WARNING
  Data set contains cases with missing on all variables.
  These cases were not included in the analysis.
  Number of cases with missing on all variables:  4355
   1 WARNING(S) FOUND IN THE INPUT INSTRUCTIONS



Your title goes here

SUMMARY OF ANALYSIS

Number of groups                                                 1
Number of observations                                       50921

Number of dependent variables                                    6
Number of independent variables                                  0
Number of continuous latent variables                            1

Observed dependent variables

  Continuous
   V133        V135        V136        V138        V139        V141

Continuous latent variables
   F


Estimator                                                       ML
Information matrix                                        OBSERVED
Maximum number of iterations                                  1000
Convergence criterion                                    0.500D-04
Maximum number of steepest descent iterations                   20
Maximum number of iterations for H1                           2000
Convergence criterion for H1                             0.100D-03

Input data file(s)
  cfa/data.dta

Input data format  FREE


SUMMARY OF DATA

     Number of missing data patterns            63


COVARIANCE COVERAGE OF DATA

Minimum covariance coverage value   0.100


     PROPORTION OF DATA PRESENT


           Covariance Coverage
              V133          V135          V136          V138          V139
              ________      ________      ________      ________      ________
 V133           0.965
 V135           0.955         0.983
 V136           0.955         0.971         0.982
 V138           0.935         0.949         0.948         0.957
 V139           0.943         0.956         0.957         0.940         0.966
 V141           0.958         0.976         0.975         0.953         0.962


           Covariance Coverage
              V141
              ________
 V141           0.990


SAMPLE STATISTICS


     ESTIMATED SAMPLE STATISTICS


           Means
              V133          V135          V136          V138          V139
              ________      ________      ________      ________      ________
                6.414         8.545         7.402         7.942         5.842


           Means
              V141
              ________
                8.717


           Covariances
              V133          V135          V136          V138          V139
              ________      ________      ________      ________      ________
 V133           8.759
 V135           1.540         5.503
 V136           2.479         2.299         6.678
 V138           1.906         2.766         2.261         6.506
 V139           3.047         0.937         2.379         1.709         9.460
 V141           1.439         2.537         1.812         2.572         1.191


           Covariances
              V141
              ________
 V141           5.393


           Correlations
              V133          V135          V136          V138          V139
              ________      ________      ________      ________      ________
 V133           1.000
 V135           0.222         1.000
 V136           0.324         0.379         1.000
 V138           0.252         0.462         0.343         1.000
 V139           0.335         0.130         0.299         0.218         1.000
 V141           0.209         0.466         0.302         0.434         0.167


           Correlations
              V141
              ________
 V141           1.000


     MAXIMUM LOG-LIKELIHOOD VALUE FOR THE UNRESTRICTED (H1) MODEL IS -682262.197


UNIVARIATE SAMPLE STATISTICS


     UNIVARIATE HIGHER-ORDER MOMENT DESCRIPTIVE STATISTICS

         Variable/         Mean/     Skewness/   Minimum/ % with                Percentiles
        Sample Size      Variance    Kurtosis    Maximum  Min/Max      20%/60%    40%/80%    Median

     V133                  6.414      -0.484       0.000    1.26%       4.000      6.000      7.000
           49126.000       8.748      -0.863      10.000   21.31%       8.000     10.000
     V135                  8.549      -1.805       0.000    0.46%       7.000      9.000     10.000
           50079.000       5.491       2.558      10.000   58.62%      10.000     10.000
     V136                  7.407      -0.882       0.000    0.46%       5.000      7.000      8.000
           50003.000       6.667      -0.021      10.000   31.58%       9.000     10.000
     V138                  7.952      -1.263       0.000    0.64%       6.000      8.000      9.000
           48734.000       6.484       0.778      10.000   43.60%      10.000     10.000
     V139                  5.843      -0.197       0.000    1.06%       3.000      5.000      6.000
           49204.000       9.451      -1.173      10.000   18.04%       7.000      9.000
     V141                  8.719      -2.017       0.000    0.60%       8.000     10.000     10.000
           50425.000       5.387       3.333      10.000   65.06%      10.000     10.000


THE MODEL ESTIMATION TERMINATED NORMALLY



MODEL FIT INFORMATION

Number of Free Parameters                       18

Loglikelihood

          H0 Value                     -685287.715
          H1 Value                     -682262.197

Information Criteria

          Akaike (AIC)                 1370611.431
          Bayesian (BIC)               1370770.515
          Sample-Size Adjusted BIC     1370713.311
            (n* = (n + 2) / 24)

Chi-Square Test of Model Fit

          Value                           6051.037
          Degrees of Freedom                     9
          P-Value                           0.0000

RMSEA (Root Mean Square Error Of Approximation)

          Estimate                           0.115
          90 Percent C.I.                    0.112  0.117
          Probability RMSEA <= .05           0.000

CFI/TLI

          CFI                                0.886
          TLI                                0.811

Chi-Square Test of Model Fit for the Baseline Model

          Value                          53179.067
          Degrees of Freedom                    15
          P-Value                           0.0000

SRMR (Standardized Root Mean Square Residual)

          Value                              0.055



MODEL RESULTS

                                                    Two-Tailed
                    Estimate       S.E.  Est./S.E.    P-Value

 F        BY
    V133               1.000      0.000    999.000    999.000
    V135               1.283      0.018     71.376      0.000
    V136               1.185      0.016     72.180      0.000
    V138               1.378      0.019     72.483      0.000
    V139               0.857      0.015     55.796      0.000
    V141               1.176      0.017     70.270      0.000

 Intercepts
    V133               6.412      0.013    481.289      0.000
    V135               8.546      0.010    816.961      0.000
    V136               7.403      0.012    641.683      0.000
    V138               7.943      0.011    691.561      0.000
    V139               5.842      0.014    421.968      0.000
    V141               8.717      0.010    843.748      0.000

 Variances
    F                  1.510      0.037     40.645      0.000

 Residual Variances
    V133               7.245      0.050    144.158      0.000
    V135               3.016      0.027    111.783      0.000
    V136               4.556      0.035    130.573      0.000
    V138               3.637      0.032    113.826      0.000
    V139               8.348      0.056    148.582      0.000
    V141               3.305      0.027    122.897      0.000


STANDARDIZED MODEL RESULTS


STDYX Standardization

                                                    Two-Tailed
                    Estimate       S.E.  Est./S.E.    P-Value

 F        BY
    V133               0.415      0.005     89.763      0.000
    V135               0.672      0.004    188.542      0.000
    V136               0.564      0.004    139.971      0.000
    V138               0.664      0.004    184.863      0.000
    V139               0.342      0.005     70.326      0.000
    V141               0.622      0.004    166.816      0.000

 Intercepts
    V133               2.167      0.008    262.488      0.000
    V135               3.643      0.012    294.708      0.000
    V136               2.865      0.010    283.226      0.000
    V138               3.114      0.011    283.975      0.000
    V139               1.900      0.008    251.634      0.000
    V141               3.754      0.013    296.915      0.000

 Variances
    F                  1.000      0.000    999.000    999.000

 Residual Variances
    V133               0.828      0.004    215.313      0.000
    V135               0.548      0.005    114.365      0.000
    V136               0.682      0.005    150.291      0.000
    V138               0.559      0.005    117.223      0.000
    V139               0.883      0.003    264.777      0.000
    V141               0.613      0.005    131.965      0.000


R-SQUARE

    Observed                                        Two-Tailed
    Variable        Estimate       S.E.  Est./S.E.    P-Value

    V133               0.172      0.004     44.882      0.000
    V135               0.452      0.005     94.271      0.000
    V136               0.318      0.005     69.986      0.000
    V138               0.441      0.005     92.431      0.000
    V139               0.117      0.003     35.163      0.000
    V141               0.387      0.005     83.408      0.000


QUALITY OF NUMERICAL RESULTS

     Condition Number for the Information Matrix              0.141E-02
       (ratio of smallest to largest eigenvalue)


MODEL MODIFICATION INDICES

NOTE:  Modification indices for direct effects of observed dependent variables
regressed on covariates may not be included.  To include these, request
MODINDICES (ALL).

Minimum M.I. value for printing the modification index    10.000

                                   M.I.     E.P.C.  Std E.P.C.  StdYX E.P.C.

WITH Statements

V135     WITH V133               570.755    -0.649     -0.649       -0.139
V136     WITH V133               913.828     0.911      0.911        0.159
V138     WITH V133                89.721    -0.282     -0.282       -0.055
V138     WITH V135               122.949     0.293      0.293        0.088
V138     WITH V136               244.510    -0.416     -0.416       -0.102
V139     WITH V133              2711.673     1.970      1.970        0.253
V139     WITH V135              1559.577    -1.113     -1.113       -0.222
V139     WITH V136              1151.277     1.071      1.071        0.174
V139     WITH V138                13.989    -0.115     -0.115       -0.021
V141     WITH V133               335.477    -0.492     -0.492       -0.100
V141     WITH V135               854.487     0.672      0.672        0.213
V141     WITH V136               507.001    -0.531     -0.531       -0.137
V141     WITH V138               150.663     0.305      0.305        0.088
V141     WITH V139               264.536    -0.455     -0.455       -0.087


DIAGRAM INFORMATION

  Use View Diagram under the Diagram menu in the Mplus Editor to view the diagram.
  If running Mplus from the Mplus Diagrammer, the diagram opens automatically.

  Diagram output
    c:\users\msassac6\dropbox (the university of manchester)\papers\joe s\evs_mm_de_equivalence\mplus\cfa\inv_data3_v133

     Beginning Time:  09:43:30
        Ending Time:  09:43:33
       Elapsed Time:  00:00:03



MUTHEN & MUTHEN
3463 Stoner Ave.
Los Angeles, CA  90066

Tel: (310) 391-9971
Fax: (310) 391-8971
Web: www.StatModel.com
Support: Support@StatModel.com

Copyright (c) 1998-2017 Muthen & Muthen
