Mplus VERSION 8
MUTHEN & MUTHEN
12/14/2020   3:03 PM

INPUT INSTRUCTIONS

  TITLE: Your title goes here

   DATA: FILE = cfa/data.dta;

   VARIABLE:

   NAMES = id_cocas weight comp_mode comp_len mode mm_matrix_group wei_mmf v2 v3 v4 v32
       v33 v34 v35 v36 v37 v46 v47 v48 v49 v50 v65 v66 v67 v68 v69 v70 v82 v83 v84 v98
       v99 v100 v101 v103 v104 v105 v106 v107 v115 v116 v117 v118 v119 v120 v121 v122
       v123 v124 v125 v126 v127 v128 v129 v130 v131 v132 v133 v134 v135 v136 v137 v138
       v139 v140 v141 v145 v146 v147 v148 v149 v150 v151 v152 v153 v154 v155 v156 v157
       v158 v159 v160 v161 v162 v163 v164 v165 v166 v167 v176 v177 v178 v179 v180 v181
       v182 v183 v185 v186 v187 v188 v189 v191 v192 v193 v194 v195 v196 v197 v199 v200
       v201 v202 v203 v205 v206 v207 v208 v209 v210 v211 v212 v213 v214 v215 v216 v217
       v218 v220 v221 v222 v223 v224 v267 v268 v269 v271 v272 v273;

   MISSING=.;

   USEVARIABLES ARE
   v217
   v218
   v220;


   Model:

  f by v217
   v218
   v220;


   OUTPUT: SAMPSTAT;

                                  MODINDICES;

                                  STDYX;




*** WARNING
  Data set contains cases with missing on all variables.
  These cases were not included in the analysis.
  Number of cases with missing on all variables:  1664
   1 WARNING(S) FOUND IN THE INPUT INSTRUCTIONS



Your title goes here

SUMMARY OF ANALYSIS

Number of groups                                                 1
Number of observations                                        3752

Number of dependent variables                                    3
Number of independent variables                                  0
Number of continuous latent variables                            1

Observed dependent variables

  Continuous
   V217        V218        V220

Continuous latent variables
   F


Estimator                                                       ML
Information matrix                                        OBSERVED
Maximum number of iterations                                  1000
Convergence criterion                                    0.500D-04
Maximum number of steepest descent iterations                   20
Maximum number of iterations for H1                           2000
Convergence criterion for H1                             0.100D-03

Input data file(s)
  cfa/data.dta

Input data format  FREE


SUMMARY OF DATA

     Number of missing data patterns             7


COVARIANCE COVERAGE OF DATA

Minimum covariance coverage value   0.100


     PROPORTION OF DATA PRESENT


           Covariance Coverage
              V217          V218          V220
              ________      ________      ________
 V217           0.997
 V218           0.979         0.981
 V220           0.989         0.976         0.992


SAMPLE STATISTICS


     ESTIMATED SAMPLE STATISTICS


           Means
              V217          V218          V220
              ________      ________      ________
                1.678         2.451         1.759


           Covariances
              V217          V218          V220
              ________      ________      ________
 V217           0.478
 V218           0.253         0.714
 V220           0.357         0.282         0.531


           Correlations
              V217          V218          V220
              ________      ________      ________
 V217           1.000
 V218           0.434         1.000
 V220           0.709         0.459         1.000


     MAXIMUM LOG-LIKELIHOOD VALUE FOR THE UNRESTRICTED (H1) MODEL IS -10843.056


UNIVARIATE SAMPLE STATISTICS


     UNIVARIATE HIGHER-ORDER MOMENT DESCRIPTIVE STATISTICS

         Variable/         Mean/     Skewness/   Minimum/ % with                Percentiles
        Sample Size      Variance    Kurtosis    Maximum  Min/Max      20%/60%    40%/80%    Median

     V217                  1.676       0.793       1.000   43.80%       1.000      1.000      2.000
            3740.000       0.476       0.551       5.000    0.08%       2.000      2.000
     V218                  2.450       0.369       1.000   10.82%       2.000      2.000      2.000
            3679.000       0.712       0.098       5.000    1.30%       3.000      3.000
     V220                  1.757       0.798       1.000   39.39%       1.000      2.000      2.000
            3722.000       0.530       0.782       5.000    0.27%       2.000      2.000


THE MODEL ESTIMATION TERMINATED NORMALLY



MODEL FIT INFORMATION

Number of Free Parameters                        9

Loglikelihood

          H0 Value                      -10843.056
          H1 Value                      -10843.056

Information Criteria

          Akaike (AIC)                   21704.112
          Bayesian (BIC)                 21760.183
          Sample-Size Adjusted BIC       21731.585
            (n* = (n + 2) / 24)

Chi-Square Test of Model Fit

          Value                              0.000
          Degrees of Freedom                     0
          P-Value                           0.0000

RMSEA (Root Mean Square Error Of Approximation)

          Estimate                           0.000
          90 Percent C.I.                    0.000  0.000
          Probability RMSEA <= .05           0.000

CFI/TLI

          CFI                                1.000
          TLI                                1.000

Chi-Square Test of Model Fit for the Baseline Model

          Value                           3537.123
          Degrees of Freedom                     3
          P-Value                           0.0000

SRMR (Standardized Root Mean Square Residual)

          Value                              0.000



MODEL RESULTS

                                                    Two-Tailed
                    Estimate       S.E.  Est./S.E.    P-Value

 F        BY
    V217               1.000      0.000    999.000    999.000
    V218               0.790      0.026     29.865      0.000
    V220               1.115      0.032     35.203      0.000

 Intercepts
    V217               1.678      0.011    148.570      0.000
    V218               2.451      0.014    176.373      0.000
    V220               1.759      0.012    147.571      0.000

 Variances
    F                  0.321      0.013     24.290      0.000

 Residual Variances
    V217               0.158      0.009     17.897      0.000
    V218               0.514      0.013     39.568      0.000
    V220               0.132      0.010     12.702      0.000


STANDARDIZED MODEL RESULTS


STDYX Standardization

                                                    Two-Tailed
                    Estimate       S.E.  Est./S.E.    P-Value

 F        BY
    V217               0.819      0.012     70.702      0.000
    V218               0.529      0.014     38.848      0.000
    V220               0.866      0.012     74.784      0.000

 Intercepts
    V217               2.428      0.033     74.686      0.000
    V218               2.902      0.038     77.137      0.000
    V220               2.414      0.032     74.551      0.000

 Variances
    F                  1.000      0.000    999.000    999.000

 Residual Variances
    V217               0.330      0.019     17.375      0.000
    V218               0.720      0.014     49.872      0.000
    V220               0.249      0.020     12.425      0.000


R-SQUARE

    Observed                                        Two-Tailed
    Variable        Estimate       S.E.  Est./S.E.    P-Value

    V217               0.670      0.019     35.351      0.000
    V218               0.280      0.014     19.424      0.000
    V220               0.751      0.020     37.392      0.000


QUALITY OF NUMERICAL RESULTS

     Condition Number for the Information Matrix              0.154E-01
       (ratio of smallest to largest eigenvalue)


MODEL MODIFICATION INDICES

NOTE:  Modification indices for direct effects of observed dependent variables
regressed on covariates may not be included.  To include these, request
MODINDICES (ALL).

Minimum M.I. value for printing the modification index    10.000

                                   M.I.     E.P.C.  Std E.P.C.  StdYX E.P.C.

No modification indices above the minimum value.



DIAGRAM INFORMATION

  Use View Diagram under the Diagram menu in the Mplus Editor to view the diagram.
  If running Mplus from the Mplus Diagrammer, the diagram opens automatically.

  Diagram output
    c:\users\msassac6\dropbox (the university of manchester)\papers\joe s\evs_mm_de_equivalence\mplus\cfa\inv_data3_v217

     Beginning Time:  15:03:02
        Ending Time:  15:03:02
       Elapsed Time:  00:00:00



MUTHEN & MUTHEN
3463 Stoner Ave.
Los Angeles, CA  90066

Tel: (310) 391-9971
Fax: (310) 391-8971
Web: www.StatModel.com
Support: Support@StatModel.com

Copyright (c) 1998-2017 Muthen & Muthen
