Mplus VERSION 8
MUTHEN & MUTHEN
07/06/2020   8:27 AM

INPUT INSTRUCTIONS

  TITLE: Your title goes here

   DATA: FILE = cfa/data.dta;

   VARIABLE:

   NAMES = id_cocas weight comp_mode comp_len mode mm_matrix_group wei_mmf v2 v3 v4 v32
       v33 v34 v35 v36 v37 v46 v47 v48 v49 v50 v65 v66 v67 v68 v69 v70 v82 v83 v84 v98
       v99 v100 v101 v103 v104 v105 v106 v107 v115 v116 v117 v118 v119 v120 v121 v122
       v123 v124 v125 v126 v127 v128 v129 v130 v131 v132 v133 v134 v135 v136 v137 v138
       v139 v140 v141 v145 v146 v147 v148 v149 v150 v151 v152 v153 v154 v155 v156 v157
       v158 v159 v160 v161 v162 v163 v164 v165 v166 v167 v176 v177 v178 v179 v180 v181
       v182 v183 v185 v186 v187 v188 v189 v191 v192 v193 v194 v195 v196 v197 v199 v200
       v201 v202 v203 v205 v206 v207 v208 v209 v210 v211 v212 v213 v214 v215 v216 v217
       v218 v220 v221 v222 v223 v224 v267 v268 v269 v271 v272 v273;

   MISSING=.;

   USEVARIABLES ARE
   v149
   v150
   v152
   v159
   v162;


   Model:

  f by v149
   v150
   v152
   v159
   v162;


   OUTPUT: SAMPSTAT;

                                  MODINDICES;

                                  STDYX;




*** WARNING
  Data set contains cases with missing on all variables.
  These cases were not included in the analysis.
  Number of cases with missing on all variables:  1655
   1 WARNING(S) FOUND IN THE INPUT INSTRUCTIONS



Your title goes here

SUMMARY OF ANALYSIS

Number of groups                                                 1
Number of observations                                        3761

Number of dependent variables                                    5
Number of independent variables                                  0
Number of continuous latent variables                            1

Observed dependent variables

  Continuous
   V149        V150        V152        V159        V162

Continuous latent variables
   F


Estimator                                                       ML
Information matrix                                        OBSERVED
Maximum number of iterations                                  1000
Convergence criterion                                    0.500D-04
Maximum number of steepest descent iterations                   20
Maximum number of iterations for H1                           2000
Convergence criterion for H1                             0.100D-03

Input data file(s)
  cfa/data.dta

Input data format  FREE


SUMMARY OF DATA

     Number of missing data patterns            27


COVARIANCE COVERAGE OF DATA

Minimum covariance coverage value   0.100


     PROPORTION OF DATA PRESENT


           Covariance Coverage
              V149          V150          V152          V159          V162
              ________      ________      ________      ________      ________
 V149           0.984
 V150           0.976         0.986
 V152           0.977         0.980         0.989
 V159           0.977         0.979         0.983         0.991
 V162           0.965         0.965         0.969         0.972         0.977


SAMPLE STATISTICS


     ESTIMATED SAMPLE STATISTICS


           Means
              V149          V150          V152          V159          V162
              ________      ________      ________      ________      ________
                1.671         1.641         1.414         2.163         1.509


           Covariances
              V149          V150          V152          V159          V162
              ________      ________      ________      ________      ________
 V149           2.370
 V150           0.831         2.209
 V152           0.552         0.781         1.452
 V159           0.859         0.939         0.712         3.971
 V162           0.424         0.500         0.491         0.842         2.084


           Correlations
              V149          V150          V152          V159          V162
              ________      ________      ________      ________      ________
 V149           1.000
 V150           0.363         1.000
 V152           0.298         0.436         1.000
 V159           0.280         0.317         0.296         1.000
 V162           0.191         0.233         0.282         0.293         1.000


     MAXIMUM LOG-LIKELIHOOD VALUE FOR THE UNRESTRICTED (H1) MODEL IS -32700.823


UNIVARIATE SAMPLE STATISTICS


     UNIVARIATE HIGHER-ORDER MOMENT DESCRIPTIVE STATISTICS

         Variable/         Mean/     Skewness/   Minimum/ % with                Percentiles
        Sample Size      Variance    Kurtosis    Maximum  Min/Max      20%/60%    40%/80%    Median

     V149                  1.666       3.232       1.000   73.12%       1.000      1.000      1.000
            3701.000       2.360      11.609      10.000    1.03%       1.000      2.000
     V150                  1.639       3.268       1.000   73.42%       1.000      1.000      1.000
            3710.000       2.205      11.961      10.000    0.84%       1.000      2.000
     V152                  1.410       4.255       1.000   82.13%       1.000      1.000      1.000
            3721.000       1.443      21.198      10.000    0.48%       1.000      1.000
     V159                  2.159       2.095       1.000   60.93%       1.000      1.000      1.000
            3727.000       3.962       4.133      10.000    1.72%       1.000      3.000
     V162                  1.505       3.899       1.000   81.06%       1.000      1.000      1.000
            3675.000       2.079      16.676      10.000    1.14%       1.000      1.000


THE MODEL ESTIMATION TERMINATED NORMALLY



MODEL FIT INFORMATION

Number of Free Parameters                       15

Loglikelihood

          H0 Value                      -32742.036
          H1 Value                      -32700.823

Information Criteria

          Akaike (AIC)                   65514.072
          Bayesian (BIC)                 65607.559
          Sample-Size Adjusted BIC       65559.896
            (n* = (n + 2) / 24)

Chi-Square Test of Model Fit

          Value                             82.427
          Degrees of Freedom                     5
          P-Value                           0.0000

RMSEA (Root Mean Square Error Of Approximation)

          Estimate                           0.064
          90 Percent C.I.                    0.052  0.077
          Probability RMSEA <= .05           0.024

CFI/TLI

          CFI                                0.969
          TLI                                0.938

Chi-Square Test of Model Fit for the Baseline Model

          Value                           2492.153
          Degrees of Freedom                    10
          P-Value                           0.0000

SRMR (Standardized Root Mean Square Residual)

          Value                              0.024



MODEL RESULTS

                                                    Two-Tailed
                    Estimate       S.E.  Est./S.E.    P-Value

 F        BY
    V149               1.000      0.000    999.000    999.000
    V150               1.241      0.055     22.730      0.000
    V152               0.954      0.044     21.456      0.000
    V159               1.289      0.064     20.080      0.000
    V162               0.770      0.045     17.293      0.000

 Intercepts
    V149               1.671      0.025     66.125      0.000
    V150               1.641      0.024     67.360      0.000
    V152               1.414      0.020     71.646      0.000
    V159               2.163      0.033     66.304      0.000
    V162               1.509      0.024     63.444      0.000

 Variances
    F                  0.627      0.046     13.567      0.000

 Residual Variances
    V149               1.742      0.048     35.979      0.000
    V150               1.243      0.045     27.888      0.000
    V152               0.881      0.029     30.348      0.000
    V159               2.929      0.082     35.907      0.000
    V162               1.713      0.044     38.512      0.000


STANDARDIZED MODEL RESULTS


STDYX Standardization

                                                    Two-Tailed
                    Estimate       S.E.  Est./S.E.    P-Value

 F        BY
    V149               0.515      0.016     31.383      0.000
    V150               0.661      0.015     44.409      0.000
    V152               0.627      0.015     41.308      0.000
    V159               0.512      0.016     31.048      0.000
    V162               0.422      0.018     23.892      0.000

 Intercepts
    V149               1.086      0.021     52.462      0.000
    V150               1.104      0.021     53.075      0.000
    V152               1.173      0.021     55.119      0.000
    V159               1.085      0.021     52.613      0.000
    V162               1.045      0.020     51.036      0.000

 Variances
    F                  1.000      0.000    999.000    999.000

 Residual Variances
    V149               0.735      0.017     43.573      0.000
    V150               0.563      0.020     28.599      0.000
    V152               0.607      0.019     31.841      0.000
    V159               0.738      0.017     43.647      0.000
    V162               0.822      0.015     55.053      0.000


R-SQUARE

    Observed                                        Two-Tailed
    Variable        Estimate       S.E.  Est./S.E.    P-Value

    V149               0.265      0.017     15.691      0.000
    V150               0.437      0.020     22.204      0.000
    V152               0.393      0.019     20.654      0.000
    V159               0.262      0.017     15.524      0.000
    V162               0.178      0.015     11.946      0.000


QUALITY OF NUMERICAL RESULTS

     Condition Number for the Information Matrix              0.280E-01
       (ratio of smallest to largest eigenvalue)


MODEL MODIFICATION INDICES

NOTE:  Modification indices for direct effects of observed dependent variables
regressed on covariates may not be included.  To include these, request
MODINDICES (ALL).

Minimum M.I. value for printing the modification index    10.000

                                   M.I.     E.P.C.  Std E.P.C.  StdYX E.P.C.

WITH Statements

V150     WITH V149                11.362     0.132      0.132        0.090
V152     WITH V149                10.735    -0.101     -0.101       -0.081
V152     WITH V150                20.864     0.164      0.164        0.157
V159     WITH V152                11.225    -0.133     -0.133       -0.083
V162     WITH V150                32.707    -0.197     -0.197       -0.135
V162     WITH V159                47.300     0.302      0.302        0.135


DIAGRAM INFORMATION

  Use View Diagram under the Diagram menu in the Mplus Editor to view the diagram.
  If running Mplus from the Mplus Diagrammer, the diagram opens automatically.

  Diagram output
    c:\users\msassac6\dropbox (the university of manchester)\papers\joe s\evs_mm_de_equivalence\mplus\cfa\inv_data3_v149

     Beginning Time:  08:27:00
        Ending Time:  08:27:00
       Elapsed Time:  00:00:00



MUTHEN & MUTHEN
3463 Stoner Ave.
Los Angeles, CA  90066

Tel: (310) 391-9971
Fax: (310) 391-8971
Web: www.StatModel.com
Support: Support@StatModel.com

Copyright (c) 1998-2017 Muthen & Muthen
