Mplus VERSION 8
MUTHEN & MUTHEN
06/26/2020   9:43 AM

INPUT INSTRUCTIONS

  TITLE: Your title goes here

   DATA: FILE = cfa/data.dta;

   VARIABLE:

   NAMES = id_cocas caseno v1 v2 v3 v4 v5 v6 v32 v33 v34 v35 v36 v37 v46 v47 v48 v49
       v50 v65 v66 v67 v68 v69 v70 v98 v99 v100 v101 v103 v104 v105 v106 v107 v115
       v116 v117 v118 v119 v120 v121 v122 v123 v124 v125 v126 v127 v128 v129 v130 v131
       v132 v133 v134 v135 v136 v137 v138 v139 v140 v141 v145 v146 v147 v148 v149 v150
       v151 v152 v153 v154 v155 v156 v157 v158 v159 v160 v161 v162 v163 v164 v165 v166
       v167 v168 v176 v177 v178 v179 v180 v181 v182 v183 v185 v186 v187 v188 v189 v190
       v191 v192 v193 v194 v195 v196 v197 v199 v200 v201 v202 v203 v205 v206 v207 v208
       v209 v210 v211 v212 v213 v214 v215 v216 v217 v218 v219 v220 v221 v222 v223 v224
       v267 v268 v269 v270 v271 v272 v273 v274;

   MISSING=.;

   USEVARIABLES ARE
   v115
   v116
   v117
   v118
   v119
   v120
   v121
   v122
   v123
   v124
   v125
   v126
   v127
   v128
   v129
   v130
   v131
   v132;

   CATEGORICAL ARE
   v115
   v116
   v117
   v118
   v119
   v120
   v121
   v122
   v123
   v124
   v125
   v126
   v127
   v128
   v129
   v130
   v131
   v132;


   Model:

  f by v115
   v116
   v117
   v118
   v119
   v120
   v121
   v122
   v123
   v124
   v125
   v126
   v127
   v128
   v129
   v130
   v131
   v132;


   OUTPUT: SAMPSTAT;

                                  MODINDICES;

                                  STDYX;




*** WARNING
  Data set contains cases with missing on all variables.
  These cases were not included in the analysis.
  Number of cases with missing on all variables:  116
   1 WARNING(S) FOUND IN THE INPUT INSTRUCTIONS



Your title goes here

SUMMARY OF ANALYSIS

Number of groups                                                 1
Number of observations                                       55160

Number of dependent variables                                   18
Number of independent variables                                  0
Number of continuous latent variables                            1

Observed dependent variables

  Binary and ordered categorical (ordinal)
   V115        V116        V117        V118        V119        V120
   V121        V122        V123        V124        V125        V126
   V127        V128        V129        V130        V131        V132

Continuous latent variables
   F


Estimator                                                    WLSMV
Maximum number of iterations                                  1000
Convergence criterion                                    0.500D-04
Maximum number of steepest descent iterations                   20
Maximum number of iterations for H1                           2000
Convergence criterion for H1                             0.100D-03
Parameterization                                             DELTA
Link                                                        PROBIT

Input data file(s)
  cfa/data.dta

Input data format  FREE


SUMMARY OF DATA

     Number of missing data patterns          3548


COVARIANCE COVERAGE OF DATA

Minimum covariance coverage value   0.100


     PROPORTION OF DATA PRESENT


           Covariance Coverage
              V115          V116          V117          V118          V119
              ________      ________      ________      ________      ________
 V115           0.969
 V116           0.920         0.942
 V117           0.953         0.929         0.981
 V118           0.952         0.928         0.966         0.979
 V119           0.897         0.873         0.908         0.910         0.917
 V120           0.958         0.933         0.971         0.970         0.912
 V121           0.942         0.917         0.954         0.954         0.902
 V122           0.940         0.916         0.953         0.952         0.900
 V123           0.940         0.917         0.952         0.952         0.900
 V124           0.917         0.894         0.929         0.929         0.882
 V125           0.895         0.872         0.905         0.905         0.866
 V126           0.959         0.934         0.972         0.971         0.911
 V127           0.937         0.913         0.950         0.949         0.897
 V128           0.901         0.877         0.913         0.913         0.871
 V129           0.916         0.892         0.928         0.928         0.882
 V130           0.934         0.909         0.944         0.945         0.894
 V131           0.944         0.919         0.955         0.955         0.900
 V132           0.895         0.871         0.909         0.908         0.863


           Covariance Coverage
              V120          V121          V122          V123          V124
              ________      ________      ________      ________      ________
 V120           0.986
 V121           0.960         0.967
 V122           0.958         0.948         0.966
 V123           0.958         0.944         0.945         0.966
 V124           0.933         0.924         0.922         0.922         0.940
 V125           0.908         0.900         0.899         0.899         0.904
 V126           0.978         0.960         0.959         0.959         0.935
 V127           0.955         0.941         0.940         0.940         0.918
 V128           0.916         0.906         0.906         0.904         0.891
 V129           0.932         0.920         0.920         0.919         0.904
 V130           0.950         0.940         0.936         0.936         0.917
 V131           0.961         0.950         0.947         0.945         0.924
 V132           0.911         0.898         0.898         0.897         0.882


           Covariance Coverage
              V125          V126          V127          V128          V129
              ________      ________      ________      ________      ________
 V125           0.915
 V126           0.910         0.988
 V127           0.897         0.957         0.963
 V128           0.873         0.918         0.907         0.923
 V129           0.885         0.934         0.919         0.898         0.939
 V130           0.895         0.952         0.935         0.903         0.918
 V131           0.900         0.963         0.944         0.908         0.923
 V132           0.865         0.912         0.897         0.872         0.884


           Covariance Coverage
              V130          V131          V132
              ________      ________      ________
 V130           0.958
 V131           0.946         0.969
 V132           0.896         0.903         0.918


UNIVARIATE PROPORTIONS AND COUNTS FOR CATEGORICAL VARIABLES

    V115
      Category 1    0.167         8939.000
      Category 2    0.335        17918.000
      Category 3    0.321        17140.000
      Category 4    0.176         9429.000
    V116
      Category 1    0.199        10359.000
      Category 2    0.479        24915.000
      Category 3    0.254        13179.000
      Category 4    0.068         3528.000
    V117
      Category 1    0.152         8200.000
      Category 2    0.514        27834.000
      Category 3    0.276        14938.000
      Category 4    0.058         3139.000
    V118
      Category 1    0.039         2123.000
      Category 2    0.269        14526.000
      Category 3    0.488        26373.000
      Category 4    0.204        11007.000
    V119
      Category 1    0.051         2605.000
      Category 2    0.329        16639.000
      Category 3    0.413        20891.000
      Category 4    0.207        10457.000
    V120
      Category 1    0.192        10460.000
      Category 2    0.500        27228.000
      Category 3    0.232        12617.000
      Category 4    0.076         4110.000
    V121
      Category 1    0.053         2806.000
      Category 2    0.308        16445.000
      Category 3    0.411        21946.000
      Category 4    0.228        12157.000
    V122
      Category 1    0.062         3277.000
      Category 2    0.424        22594.000
      Category 3    0.394        20988.000
      Category 4    0.120         6400.000
    V123
      Category 1    0.081         4309.000
      Category 2    0.428        22777.000
      Category 3    0.366        19526.000
      Category 4    0.125         6667.000
    V124
      Category 1    0.073         3791.000
      Category 2    0.360        18666.000
      Category 3    0.388        20110.000
      Category 4    0.179         9290.000
    V125
      Category 1    0.091         4608.000
      Category 2    0.410        20672.000
      Category 3    0.346        17466.000
      Category 4    0.153         7710.000
    V126
      Category 1    0.149         8103.000
      Category 2    0.475        25875.000
      Category 3    0.283        15416.000
      Category 4    0.094         5108.000
    V127
      Category 1    0.111         5897.000
      Category 2    0.409        21721.000
      Category 3    0.327        17375.000
      Category 4    0.153         8113.000
    V128
      Category 1    0.040         2061.000
      Category 2    0.339        17268.000
      Category 3    0.461        23469.000
      Category 4    0.159         8103.000
    V129
      Category 1    0.083         4301.000
      Category 2    0.452        23417.000
      Category 3    0.346        17912.000
      Category 4    0.119         6152.000
    V130
      Category 1    0.021         1129.000
      Category 2    0.179         9440.000
      Category 3    0.490        25883.000
      Category 4    0.310        16408.000
    V131
      Category 1    0.062         3339.000
      Category 2    0.313        16764.000
      Category 3    0.391        20890.000
      Category 4    0.233        12483.000
    V132
      Category 1    0.028         1434.000
      Category 2    0.189         9579.000
      Category 3    0.472        23922.000
      Category 4    0.310        15709.000


SAMPLE STATISTICS


     ESTIMATED SAMPLE STATISTICS


           MEANS/INTERCEPTS/THRESHOLDS
              V115$1        V115$2        V115$3        V116$1        V116$2
              ________      ________      ________      ________      ________
               -0.965         0.007         0.929        -0.844         0.464


           MEANS/INTERCEPTS/THRESHOLDS
              V116$3        V117$1        V117$2        V117$3        V118$1
              ________      ________      ________      ________      ________
                1.492        -1.030         0.429         1.572        -1.759


           MEANS/INTERCEPTS/THRESHOLDS
              V118$2        V118$3        V119$1        V119$2        V119$3
              ________      ________      ________      ________      ________
               -0.501         0.828        -1.631        -0.304         0.818


           MEANS/INTERCEPTS/THRESHOLDS
              V120$1        V120$2        V120$3        V121$1        V121$2
              ________      ________      ________      ________      ________
               -0.870         0.503         1.436        -1.620        -0.356


           MEANS/INTERCEPTS/THRESHOLDS
              V121$3        V122$1        V122$2        V122$3        V123$1
              ________      ________      ________      ________      ________
                0.746        -1.542        -0.036         1.174        -1.399


           MEANS/INTERCEPTS/THRESHOLDS
              V123$2        V123$3        V124$1        V124$2        V124$3
              ________      ________      ________      ________      ________
                0.021         1.150        -1.453        -0.169         0.919


           MEANS/INTERCEPTS/THRESHOLDS
              V125$1        V125$2        V125$3        V126$1        V126$2
              ________      ________      ________      ________      ________
               -1.333         0.003         1.024        -1.042         0.314


           MEANS/INTERCEPTS/THRESHOLDS
              V126$3        V127$1        V127$2        V127$3        V128$1
              ________      ________      ________      ________      ________
                1.318        -1.221         0.050         1.025        -1.745


           MEANS/INTERCEPTS/THRESHOLDS
              V128$2        V128$3        V129$1        V129$2        V129$3
              ________      ________      ________      ________      ________
               -0.306         0.998        -1.385         0.089         1.181


           MEANS/INTERCEPTS/THRESHOLDS
              V130$1        V130$2        V130$3        V131$1        V131$2
              ________      ________      ________      ________      ________
               -2.026        -0.842         0.495        -1.535        -0.316


           MEANS/INTERCEPTS/THRESHOLDS
              V131$3        V132$1        V132$2        V132$3
              ________      ________      ________      ________
                0.728        -1.906        -0.781         0.495


           CORRELATION MATRIX (WITH VARIANCES ON THE DIAGONAL)
              V115          V116          V117          V118          V119
              ________      ________      ________      ________      ________
 V115
 V116           0.398
 V117           0.249         0.409
 V118           0.216         0.277         0.437
 V119           0.180         0.247         0.394         0.500
 V120           0.189         0.438         0.455         0.362         0.424
 V121           0.245         0.321         0.440         0.478         0.488
 V122           0.226         0.334         0.441         0.416         0.457
 V123           0.171         0.271         0.447         0.369         0.409
 V124           0.181         0.193         0.266         0.341         0.305
 V125           0.169         0.242         0.290         0.334         0.352
 V126           0.155         0.292         0.490         0.314         0.355
 V127           0.183         0.300         0.454         0.395         0.439
 V128           0.205         0.304         0.336         0.349         0.316
 V129           0.130         0.205         0.343         0.344         0.417
 V130           0.241         0.244         0.349         0.446         0.470
 V131           0.255         0.346         0.404         0.413         0.398
 V132           0.166         0.158         0.209         0.384         0.272


           CORRELATION MATRIX (WITH VARIANCES ON THE DIAGONAL)
              V120          V121          V122          V123          V124
              ________      ________      ________      ________      ________
 V121           0.536
 V122           0.531         0.670
 V123           0.471         0.540         0.623
 V124           0.267         0.354         0.383         0.392
 V125           0.339         0.383         0.383         0.372         0.730
 V126           0.486         0.457         0.484         0.571         0.294
 V127           0.569         0.602         0.568         0.544         0.334
 V128           0.365         0.438         0.424         0.402         0.340
 V129           0.353         0.392         0.424         0.421         0.359
 V130           0.376         0.675         0.516         0.448         0.343
 V131           0.467         0.738         0.587         0.486         0.305
 V132           0.158         0.266         0.275         0.254         0.272


           CORRELATION MATRIX (WITH VARIANCES ON THE DIAGONAL)
              V125          V126          V127          V128          V129
              ________      ________      ________      ________      ________
 V126           0.350
 V127           0.391         0.610
 V128           0.350         0.382         0.465
 V129           0.390         0.399         0.444         0.426
 V130           0.365         0.395         0.522         0.451         0.417
 V131           0.319         0.429         0.559         0.432         0.362
 V132           0.252         0.208         0.215         0.342         0.285


           CORRELATION MATRIX (WITH VARIANCES ON THE DIAGONAL)
              V130          V131          V132
              ________      ________      ________
 V131           0.704
 V132           0.380         0.325


THE MODEL ESTIMATION TERMINATED NORMALLY



MODEL FIT INFORMATION

Number of Free Parameters                       72

Chi-Square Test of Model Fit

          Value                         121543.521*
          Degrees of Freedom                   135
          P-Value                           0.0000

*   The chi-square value for MLM, MLMV, MLR, ULSMV, WLSM and WLSMV cannot be used
    for chi-square difference testing in the regular way.  MLM, MLR and WLSM
    chi-square difference testing is described on the Mplus website.  MLMV, WLSMV,
    and ULSMV difference testing is done using the DIFFTEST option.

RMSEA (Root Mean Square Error Of Approximation)

          Estimate                           0.128
          90 Percent C.I.                    0.127  0.128
          Probability RMSEA <= .05           0.000

CFI/TLI

          CFI                                0.851
          TLI                                0.831

Chi-Square Test of Model Fit for the Baseline Model

          Value                         813505.117
          Degrees of Freedom                   153
          P-Value                           0.0000

WRMR (Weighted Root Mean Square Residual)

          Value                             19.627



MODEL RESULTS

                                                    Two-Tailed
                    Estimate       S.E.  Est./S.E.    P-Value

 F        BY
    V115               1.000      0.000    999.000    999.000
    V116               1.433      0.018     78.698      0.000
    V117               1.875      0.024     78.590      0.000
    V118               1.836      0.024     77.601      0.000
    V119               1.882      0.024     77.032      0.000
    V120               2.046      0.026     78.039      0.000
    V121               2.557      0.032     79.700      0.000
    V122               2.360      0.030     79.645      0.000
    V123               2.183      0.028     78.568      0.000
    V124               1.912      0.025     76.943      0.000
    V125               2.001      0.026     77.279      0.000
    V126               2.050      0.026     77.588      0.000
    V127               2.318      0.029     78.996      0.000
    V128               1.820      0.023     77.485      0.000
    V129               1.779      0.024     75.488      0.000
    V130               2.311      0.029     79.709      0.000
    V131               2.420      0.030     79.844      0.000
    V132               1.270      0.019     66.855      0.000

 Thresholds
    V115$1            -0.965      0.006   -149.654      0.000
    V115$2             0.007      0.005      1.246      0.213
    V115$3             0.929      0.006    145.946      0.000
    V116$1            -0.844      0.006   -134.600      0.000
    V116$2             0.464      0.006     81.115      0.000
    V116$3             1.492      0.008    177.295      0.000
    V117$1            -1.030      0.007   -156.835      0.000
    V117$2             0.429      0.006     76.941      0.000
    V117$3             1.572      0.009    181.444      0.000
    V118$1            -1.759      0.010   -178.728      0.000
    V118$2            -0.501      0.006    -88.764      0.000
    V118$3             0.828      0.006    135.330      0.000
    V119$1            -1.631      0.009   -175.212      0.000
    V119$2            -0.304      0.006    -53.731      0.000
    V119$3             0.818      0.006    129.722      0.000
    V120$1            -0.870      0.006   -140.716      0.000
    V120$2             0.503      0.006     89.426      0.000
    V120$3             1.436      0.008    180.387      0.000
    V121$1            -1.620      0.009   -180.012      0.000
    V121$2            -0.356      0.006    -64.160      0.000
    V121$3             0.746      0.006    124.076      0.000
    V122$1            -1.542      0.009   -179.925      0.000
    V122$2            -0.036      0.005     -6.573      0.000
    V122$3             1.174      0.007    166.867      0.000
    V123$1            -1.399      0.008   -177.561      0.000
    V123$2             0.021      0.005      3.869      0.000
    V123$3             1.150      0.007    165.229      0.000
    V124$1            -1.453      0.008   -176.454      0.000
    V124$2            -0.169      0.006    -30.476      0.000
    V124$3             0.919      0.006    142.715      0.000
    V125$1            -1.333      0.008   -170.585      0.000
    V125$2             0.003      0.006      0.463      0.643
    V125$3             1.024      0.007    150.973      0.000
    V126$1            -1.042      0.007   -158.505      0.000
    V126$2             0.314      0.005     57.535      0.000
    V126$3             1.318      0.007    176.696      0.000
    V127$1            -1.221      0.007   -169.543      0.000
    V127$2             0.050      0.005      9.243      0.000
    V127$3             1.025      0.007    154.901      0.000
    V128$1            -1.745      0.010   -173.835      0.000
    V128$2            -0.306      0.006    -54.182      0.000
    V128$3             0.998      0.007    149.216      0.000
    V129$1            -1.385      0.008   -174.626      0.000
    V129$2             0.089      0.006     16.056      0.000
    V129$3             1.181      0.007    164.979      0.000
    V130$1            -2.026      0.012   -164.963      0.000
    V130$2            -0.842      0.006   -135.455      0.000
    V130$3             0.495      0.006     86.779      0.000
    V131$1            -1.535      0.009   -180.248      0.000
    V131$2            -0.316      0.006    -57.289      0.000
    V131$3             0.728      0.006    121.777      0.000
    V132$1            -1.906      0.011   -167.715      0.000
    V132$2            -0.781      0.006   -125.282      0.000
    V132$3             0.495      0.006     85.038      0.000

 Variances
    F                  0.103      0.003     39.746      0.000


STANDARDIZED MODEL RESULTS


STDYX Standardization

                                                    Two-Tailed
                    Estimate       S.E.  Est./S.E.    P-Value

 F        BY
    V115               0.322      0.004     79.491      0.000
    V116               0.461      0.004    128.737      0.000
    V117               0.603      0.003    207.362      0.000
    V118               0.590      0.003    199.388      0.000
    V119               0.605      0.003    205.794      0.000
    V120               0.658      0.003    253.519      0.000
    V121               0.822      0.002    500.278      0.000
    V122               0.759      0.002    377.031      0.000
    V123               0.702      0.002    302.207      0.000
    V124               0.615      0.003    225.912      0.000
    V125               0.643      0.003    238.784      0.000
    V126               0.659      0.003    259.620      0.000
    V127               0.745      0.002    359.172      0.000
    V128               0.585      0.003    192.722      0.000
    V129               0.572      0.003    189.337      0.000
    V130               0.743      0.002    326.782      0.000
    V131               0.778      0.002    413.932      0.000
    V132               0.408      0.004    104.912      0.000

 Thresholds
    V115$1            -0.965      0.006   -149.654      0.000
    V115$2             0.007      0.005      1.246      0.213
    V115$3             0.929      0.006    145.946      0.000
    V116$1            -0.844      0.006   -134.600      0.000
    V116$2             0.464      0.006     81.115      0.000
    V116$3             1.492      0.008    177.295      0.000
    V117$1            -1.030      0.007   -156.835      0.000
    V117$2             0.429      0.006     76.941      0.000
    V117$3             1.572      0.009    181.444      0.000
    V118$1            -1.759      0.010   -178.728      0.000
    V118$2            -0.501      0.006    -88.764      0.000
    V118$3             0.828      0.006    135.330      0.000
    V119$1            -1.631      0.009   -175.212      0.000
    V119$2            -0.304      0.006    -53.731      0.000
    V119$3             0.818      0.006    129.722      0.000
    V120$1            -0.870      0.006   -140.716      0.000
    V120$2             0.503      0.006     89.426      0.000
    V120$3             1.436      0.008    180.387      0.000
    V121$1            -1.620      0.009   -180.012      0.000
    V121$2            -0.356      0.006    -64.160      0.000
    V121$3             0.746      0.006    124.076      0.000
    V122$1            -1.542      0.009   -179.925      0.000
    V122$2            -0.036      0.005     -6.573      0.000
    V122$3             1.174      0.007    166.867      0.000
    V123$1            -1.399      0.008   -177.561      0.000
    V123$2             0.021      0.005      3.869      0.000
    V123$3             1.150      0.007    165.229      0.000
    V124$1            -1.453      0.008   -176.454      0.000
    V124$2            -0.169      0.006    -30.476      0.000
    V124$3             0.919      0.006    142.715      0.000
    V125$1            -1.333      0.008   -170.585      0.000
    V125$2             0.003      0.006      0.463      0.643
    V125$3             1.024      0.007    150.973      0.000
    V126$1            -1.042      0.007   -158.505      0.000
    V126$2             0.314      0.005     57.535      0.000
    V126$3             1.318      0.007    176.696      0.000
    V127$1            -1.221      0.007   -169.543      0.000
    V127$2             0.050      0.005      9.243      0.000
    V127$3             1.025      0.007    154.901      0.000
    V128$1            -1.745      0.010   -173.835      0.000
    V128$2            -0.306      0.006    -54.182      0.000
    V128$3             0.998      0.007    149.216      0.000
    V129$1            -1.385      0.008   -174.626      0.000
    V129$2             0.089      0.006     16.056      0.000
    V129$3             1.181      0.007    164.979      0.000
    V130$1            -2.026      0.012   -164.963      0.000
    V130$2            -0.842      0.006   -135.455      0.000
    V130$3             0.495      0.006     86.779      0.000
    V131$1            -1.535      0.009   -180.248      0.000
    V131$2            -0.316      0.006    -57.289      0.000
    V131$3             0.728      0.006    121.777      0.000
    V132$1            -1.906      0.011   -167.715      0.000
    V132$2            -0.781      0.006   -125.282      0.000
    V132$3             0.495      0.006     85.038      0.000

 Variances
    F                  1.000      0.000    999.000    999.000


R-SQUARE

    Observed                                        Two-Tailed   Residual
    Variable        Estimate       S.E.  Est./S.E.    P-Value    Variance

    V115               0.103      0.003     39.746      0.000      0.897
    V116               0.212      0.003     64.368      0.000      0.788
    V117               0.364      0.004    103.681      0.000      0.636
    V118               0.349      0.003     99.694      0.000      0.651
    V119               0.366      0.004    102.897      0.000      0.634
    V120               0.433      0.003    126.759      0.000      0.567
    V121               0.676      0.003    250.139      0.000      0.324
    V122               0.576      0.003    188.516      0.000      0.424
    V123               0.493      0.003    151.104      0.000      0.507
    V124               0.378      0.003    112.956      0.000      0.622
    V125               0.414      0.003    119.392      0.000      0.586
    V126               0.435      0.003    129.810      0.000      0.565
    V127               0.556      0.003    179.586      0.000      0.444
    V128               0.343      0.004     96.361      0.000      0.657
    V129               0.327      0.003     94.669      0.000      0.673
    V130               0.553      0.003    163.391      0.000      0.447
    V131               0.606      0.003    206.966      0.000      0.394
    V132               0.167      0.003     52.456      0.000      0.833


QUALITY OF NUMERICAL RESULTS

     Condition Number for the Information Matrix              0.320E-05
       (ratio of smallest to largest eigenvalue)


MODEL MODIFICATION INDICES

NOTE:  Modification indices for direct effects of observed dependent variables
regressed on covariates and residual covariances among observed dependent
variables may not be included.  To include these, request MODINDICES (ALL).

Minimum M.I. value for printing the modification index    10.000

                                   M.I.     E.P.C.  Std E.P.C.  StdYX E.P.C.

No modification indices above the minimum value.



DIAGRAM INFORMATION

  Use View Diagram under the Diagram menu in the Mplus Editor to view the diagram.
  If running Mplus from the Mplus Diagrammer, the diagram opens automatically.

  Diagram output
    c:\users\msassac6\dropbox (the university of manchester)\papers\joe s\evs_mm_de_equivalence\mplus\cfa\inv_data3_v115

     Beginning Time:  09:43:36
        Ending Time:  09:43:57
       Elapsed Time:  00:00:21



MUTHEN & MUTHEN
3463 Stoner Ave.
Los Angeles, CA  90066

Tel: (310) 391-9971
Fax: (310) 391-8971
Web: www.StatModel.com
Support: Support@StatModel.com

Copyright (c) 1998-2017 Muthen & Muthen
