Mplus VERSION 8
MUTHEN & MUTHEN
12/14/2020   3:03 PM

INPUT INSTRUCTIONS

  TITLE: Your title goes here

   DATA: FILE = cfa/data.dta;

   VARIABLE:

   NAMES = id_cocas weight comp_mode comp_len mode mm_matrix_group wei_mmf v2 v3 v4 v32
       v33 v34 v35 v36 v37 v46 v47 v48 v49 v50 v65 v66 v67 v68 v69 v70 v82 v83 v84 v98
       v99 v100 v101 v103 v104 v105 v106 v107 v115 v116 v117 v118 v119 v120 v121 v122
       v123 v124 v125 v126 v127 v128 v129 v130 v131 v132 v133 v134 v135 v136 v137 v138
       v139 v140 v141 v145 v146 v147 v148 v149 v150 v151 v152 v153 v154 v155 v156 v157
       v158 v159 v160 v161 v162 v163 v164 v165 v166 v167 v176 v177 v178 v179 v180 v181
       v182 v183 v185 v186 v187 v188 v189 v191 v192 v193 v194 v195 v196 v197 v199 v200
       v201 v202 v203 v205 v206 v207 v208 v209 v210 v211 v212 v213 v214 v215 v216 v217
       v218 v220 v221 v222 v223 v224 v267 v268 v269 v271 v272 v273;

   MISSING=.;

   USEVARIABLES ARE
   v267
   v268
   v269
   v271
   v272
   v273;

   CATEGORICAL ARE
   v267
   v268
   v269
   v271
   v272
   v273;


   Model:

  f by v267
   v268
   v269
   v271
   v272
   v273;


   OUTPUT: SAMPSTAT;

                                  MODINDICES;

                                  STDYX;




*** WARNING
  Data set contains cases with missing on all variables.
  These cases were not included in the analysis.
  Number of cases with missing on all variables:  1733
   1 WARNING(S) FOUND IN THE INPUT INSTRUCTIONS



Your title goes here

SUMMARY OF ANALYSIS

Number of groups                                                 1
Number of observations                                        3683

Number of dependent variables                                    6
Number of independent variables                                  0
Number of continuous latent variables                            1

Observed dependent variables

  Binary and ordered categorical (ordinal)
   V267        V268        V269        V271        V272        V273

Continuous latent variables
   F


Estimator                                                    WLSMV
Maximum number of iterations                                  1000
Convergence criterion                                    0.500D-04
Maximum number of steepest descent iterations                   20
Maximum number of iterations for H1                           2000
Convergence criterion for H1                             0.100D-03
Parameterization                                             DELTA
Link                                                        PROBIT

Input data file(s)
  cfa/data.dta

Input data format  FREE


SUMMARY OF DATA

     Number of missing data patterns            52


COVARIANCE COVERAGE OF DATA

Minimum covariance coverage value   0.100


     PROPORTION OF DATA PRESENT


           Covariance Coverage
              V267          V268          V269          V271          V272
              ________      ________      ________      ________      ________
 V267           0.953
 V268           0.942         0.973
 V269           0.924         0.938         0.951
 V271           0.876         0.883         0.866         0.898
 V272           0.896         0.918         0.895         0.886         0.931
 V273           0.883         0.898         0.886         0.883         0.901


           Covariance Coverage
              V273
              ________
 V273           0.919


UNIVARIATE PROPORTIONS AND COUNTS FOR CATEGORICAL VARIABLES

    V267
      Category 1    0.349         1224.000
      Category 2    0.230          806.000
      Category 3    0.205          718.000
      Category 4    0.217          762.000
    V268
      Category 1    0.083          298.000
      Category 2    0.144          515.000
      Category 3    0.272          973.000
      Category 4    0.501         1796.000
    V269
      Category 1    0.359         1258.000
      Category 2    0.327         1146.000
      Category 3    0.202          707.000
      Category 4    0.112          391.000
    V271
      Category 1    0.242          801.000
      Category 2    0.186          616.000
      Category 3    0.228          754.000
      Category 4    0.344         1136.000
    V272
      Category 1    0.153          525.000
      Category 2    0.219          752.000
      Category 3    0.229          785.000
      Category 4    0.398         1366.000
    V273
      Category 1    0.596         2017.000
      Category 2    0.260          880.000
      Category 3    0.092          310.000
      Category 4    0.053          179.000


SAMPLE STATISTICS


     ESTIMATED SAMPLE STATISTICS


           MEANS/INTERCEPTS/THRESHOLDS
              V267$1        V267$2        V267$3        V268$1        V268$2
              ________      ________      ________      ________      ________
               -0.389         0.198         0.782        -1.384        -0.749


           MEANS/INTERCEPTS/THRESHOLDS
              V268$3        V269$1        V269$2        V269$3        V271$1
              ________      ________      ________      ________      ________
               -0.003        -0.361         0.486         1.218        -0.699


           MEANS/INTERCEPTS/THRESHOLDS
              V271$2        V271$3        V272$1        V272$2        V272$3
              ________      ________      ________      ________      ________
               -0.180         0.403        -1.023        -0.325         0.257


           MEANS/INTERCEPTS/THRESHOLDS
              V273$1        V273$2        V273$3
              ________      ________      ________
                0.242         1.061         1.618


           CORRELATION MATRIX (WITH VARIANCES ON THE DIAGONAL)
              V267          V268          V269          V271          V272
              ________      ________      ________      ________      ________
 V267
 V268           0.484
 V269           0.417         0.599
 V271           0.355         0.292         0.212
 V272           0.238         0.652         0.300         0.458
 V273           0.215         0.308         0.522         0.422         0.566


           CORRELATION MATRIX (WITH VARIANCES ON THE DIAGONAL)
              V273
              ________


THE MODEL ESTIMATION TERMINATED NORMALLY



MODEL FIT INFORMATION

Number of Free Parameters                       24

Chi-Square Test of Model Fit

          Value                            804.924*
          Degrees of Freedom                     9
          P-Value                           0.0000

*   The chi-square value for MLM, MLMV, MLR, ULSMV, WLSM and WLSMV cannot be used
    for chi-square difference testing in the regular way.  MLM, MLR and WLSM
    chi-square difference testing is described on the Mplus website.  MLMV, WLSMV,
    and ULSMV difference testing is done using the DIFFTEST option.

RMSEA (Root Mean Square Error Of Approximation)

          Estimate                           0.155
          90 Percent C.I.                    0.146  0.164
          Probability RMSEA <= .05           0.000

CFI/TLI

          CFI                                0.903
          TLI                                0.838

Chi-Square Test of Model Fit for the Baseline Model

          Value                           8217.266
          Degrees of Freedom                    15
          P-Value                           0.0000

WRMR (Weighted Root Mean Square Residual)

          Value                              4.208



MODEL RESULTS

                                                    Two-Tailed
                    Estimate       S.E.  Est./S.E.    P-Value

 F        BY
    V267               1.000      0.000    999.000    999.000
    V268               1.573      0.050     31.296      0.000
    V269               1.259      0.042     29.967      0.000
    V271               0.986      0.038     25.952      0.000
    V272               1.410      0.046     30.691      0.000
    V273               1.244      0.047     26.673      0.000

 Thresholds
    V267$1            -0.389      0.022    -17.878      0.000
    V267$2             0.198      0.021      9.278      0.000
    V267$3             0.782      0.024     33.023      0.000
    V268$1            -1.384      0.030    -45.922      0.000
    V268$2            -0.749      0.023    -32.249      0.000
    V268$3            -0.003      0.021     -0.167      0.867
    V269$1            -0.361      0.022    -16.625      0.000
    V269$2             0.486      0.022     21.972      0.000
    V269$3             1.218      0.028     43.490      0.000
    V271$1            -0.699      0.024    -29.322      0.000
    V271$2            -0.180      0.022     -8.221      0.000
    V271$3             0.403      0.022     17.947      0.000
    V272$1            -1.023      0.026    -39.318      0.000
    V272$2            -0.325      0.022    -14.901      0.000
    V272$3             0.257      0.022     11.875      0.000
    V273$1             0.242      0.022     11.126      0.000
    V273$2             1.061      0.027     39.911      0.000
    V273$3             1.618      0.036     45.353      0.000

 Variances
    F                  0.274      0.016     17.012      0.000


STANDARDIZED MODEL RESULTS


STDYX Standardization

                                                    Two-Tailed
                    Estimate       S.E.  Est./S.E.    P-Value

 F        BY
    V267               0.523      0.015     34.024      0.000
    V268               0.823      0.011     72.686      0.000
    V269               0.659      0.013     51.138      0.000
    V271               0.516      0.016     32.264      0.000
    V272               0.738      0.012     63.647      0.000
    V273               0.651      0.016     41.343      0.000

 Thresholds
    V267$1            -0.389      0.022    -17.878      0.000
    V267$2             0.198      0.021      9.278      0.000
    V267$3             0.782      0.024     33.023      0.000
    V268$1            -1.384      0.030    -45.922      0.000
    V268$2            -0.749      0.023    -32.249      0.000
    V268$3            -0.003      0.021     -0.167      0.867
    V269$1            -0.361      0.022    -16.625      0.000
    V269$2             0.486      0.022     21.972      0.000
    V269$3             1.218      0.028     43.490      0.000
    V271$1            -0.699      0.024    -29.322      0.000
    V271$2            -0.180      0.022     -8.221      0.000
    V271$3             0.403      0.022     17.947      0.000
    V272$1            -1.023      0.026    -39.318      0.000
    V272$2            -0.325      0.022    -14.901      0.000
    V272$3             0.257      0.022     11.875      0.000
    V273$1             0.242      0.022     11.126      0.000
    V273$2             1.061      0.027     39.911      0.000
    V273$3             1.618      0.036     45.353      0.000

 Variances
    F                  1.000      0.000    999.000    999.000


R-SQUARE

    Observed                                        Two-Tailed   Residual
    Variable        Estimate       S.E.  Est./S.E.    P-Value    Variance

    V267               0.274      0.016     17.012      0.000      0.726
    V268               0.678      0.019     36.343      0.000      0.322
    V269               0.434      0.017     25.569      0.000      0.566
    V271               0.266      0.017     16.132      0.000      0.734
    V272               0.545      0.017     31.824      0.000      0.455
    V273               0.424      0.020     20.672      0.000      0.576


QUALITY OF NUMERICAL RESULTS

     Condition Number for the Information Matrix              0.128E-02
       (ratio of smallest to largest eigenvalue)


MODEL MODIFICATION INDICES

NOTE:  Modification indices for direct effects of observed dependent variables
regressed on covariates and residual covariances among observed dependent
variables may not be included.  To include these, request MODINDICES (ALL).

Minimum M.I. value for printing the modification index    10.000

                                   M.I.     E.P.C.  Std E.P.C.  StdYX E.P.C.

No modification indices above the minimum value.



DIAGRAM INFORMATION

  Use View Diagram under the Diagram menu in the Mplus Editor to view the diagram.
  If running Mplus from the Mplus Diagrammer, the diagram opens automatically.

  Diagram output
    c:\users\msassac6\dropbox (the university of manchester)\papers\joe s\evs_mm_de_equivalence\mplus\cfa\inv_data3_v267

     Beginning Time:  15:03:36
        Ending Time:  15:03:36
       Elapsed Time:  00:00:00



MUTHEN & MUTHEN
3463 Stoner Ave.
Los Angeles, CA  90066

Tel: (310) 391-9971
Fax: (310) 391-8971
Web: www.StatModel.com
Support: Support@StatModel.com

Copyright (c) 1998-2017 Muthen & Muthen
