Mplus VERSION 8
MUTHEN & MUTHEN
06/25/2020  11:55 AM

INPUT INSTRUCTIONS

  TITLE: Your title goes here

   DATA: FILE = cfa/data.dta;

   VARIABLE:

   NAMES = id_cocas caseno v1 v2 v3 v4 v5 v6 v32 v33 v34 v35 v36 v37 v46 v47 v48 v49
       v50 v65 v66 v67 v68 v69 v70 v98 v99 v100 v101 v103 v104 v105 v106 v107 v115
       v116 v117 v118 v119 v120 v121 v122 v123 v124 v125 v126 v127 v128 v129 v130 v131
       v132 v133 v134 v135 v136 v137 v138 v139 v140 v141 v145 v146 v147 v148 v149 v150
       v151 v152 v153 v154 v155 v156 v157 v158 v159 v160 v161 v162 v163 v164 v165 v166
       v167 v168 v176 v177 v178 v179 v180 v181 v182 v183 v185 v186 v187 v188 v189 v190
       v191 v192 v193 v194 v195 v196 v197 v199 v200 v201 v202 v203 v205 v206 v207 v208
       v209 v210 v211 v212 v213 v214 v215 v216 v217 v218 v219 v220 v221 v222 v223 v224
       v267 v268 v269 v270 v271 v272 v273 v274;

   MISSING=.;

   USEVARIABLES ARE
   v164
   v165
   v166
   v167
   v168;

   CATEGORICAL ARE
   v164
   v165
   v166
   v167
   v168;


   Model:

  f by v164
   v165
   v166
   v167
   v168;


   OUTPUT: SAMPSTAT;

                                  MODINDICES;

                                  STDYX;




*** WARNING
  Data set contains cases with missing on all variables.
  These cases were not included in the analysis.
  Number of cases with missing on all variables:  214
   1 WARNING(S) FOUND IN THE INPUT INSTRUCTIONS



Your title goes here

SUMMARY OF ANALYSIS

Number of groups                                                 1
Number of observations                                       55062

Number of dependent variables                                    5
Number of independent variables                                  0
Number of continuous latent variables                            1

Observed dependent variables

  Binary and ordered categorical (ordinal)
   V164        V165        V166        V167        V168

Continuous latent variables
   F


Estimator                                                    WLSMV
Maximum number of iterations                                  1000
Convergence criterion                                    0.500D-04
Maximum number of steepest descent iterations                   20
Maximum number of iterations for H1                           2000
Convergence criterion for H1                             0.100D-03
Parameterization                                             DELTA
Link                                                        PROBIT

Input data file(s)
  cfa/data.dta

Input data format  FREE


SUMMARY OF DATA

     Number of missing data patterns            30


COVARIANCE COVERAGE OF DATA

Minimum covariance coverage value   0.100


     PROPORTION OF DATA PRESENT


           Covariance Coverage
              V164          V165          V166          V167          V168
              ________      ________      ________      ________      ________
 V164           0.997
 V165           0.993         0.995
 V166           0.993         0.992         0.996
 V167           0.982         0.981         0.983         0.984
 V168           0.970         0.970         0.971         0.969         0.972


UNIVARIATE PROPORTIONS AND COUNTS FOR CATEGORICAL VARIABLES

    V164
      Category 1    0.410        22482.000
      Category 2    0.453        24858.000
      Category 3    0.118         6488.000
      Category 4    0.020         1073.000
    V165
      Category 1    0.327        17914.000
      Category 2    0.493        27021.000
      Category 3    0.153         8406.000
      Category 4    0.026         1436.000
    V166
      Category 1    0.423        23190.000
      Category 2    0.461        25283.000
      Category 3    0.096         5272.000
      Category 4    0.020         1086.000
    V167
      Category 1    0.146         7895.000
      Category 2    0.420        22785.000
      Category 3    0.324        17554.000
      Category 4    0.110         5960.000
    V168
      Category 1    0.134         7161.000
      Category 2    0.365        19561.000
      Category 3    0.361        19334.000
      Category 4    0.140         7484.000


SAMPLE STATISTICS


     ESTIMATED SAMPLE STATISTICS


           MEANS/INTERCEPTS/THRESHOLDS
              V164$1        V164$2        V164$3        V165$1        V165$2
              ________      ________      ________      ________      ________
               -0.229         1.091         2.063        -0.448         0.917


           MEANS/INTERCEPTS/THRESHOLDS
              V165$3        V166$1        V166$2        V166$3        V167$1
              ________      ________      ________      ________      ________
                1.940        -0.194         1.195         2.058        -1.055


           MEANS/INTERCEPTS/THRESHOLDS
              V167$2        V167$3        V168$1        V168$2        V168$3
              ________      ________      ________      ________      ________
                0.166         1.227        -1.109        -0.002         1.081


           CORRELATION MATRIX (WITH VARIANCES ON THE DIAGONAL)
              V164          V165          V166          V167          V168
              ________      ________      ________      ________      ________
 V164
 V165           0.747
 V166           0.530         0.623
 V167           0.271         0.343         0.495
 V168           0.177         0.255         0.371         0.752


THE MODEL ESTIMATION TERMINATED NORMALLY



MODEL FIT INFORMATION

Number of Free Parameters                       20

Chi-Square Test of Model Fit

          Value                          39414.876*
          Degrees of Freedom                     5
          P-Value                           0.0000

*   The chi-square value for MLM, MLMV, MLR, ULSMV, WLSM and WLSMV cannot be used
    for chi-square difference testing in the regular way.  MLM, MLR and WLSM
    chi-square difference testing is described on the Mplus website.  MLMV, WLSMV,
    and ULSMV difference testing is done using the DIFFTEST option.

RMSEA (Root Mean Square Error Of Approximation)

          Estimate                           0.378
          90 Percent C.I.                    0.375  0.381
          Probability RMSEA <= .05           0.000

CFI/TLI

          CFI                                0.858
          TLI                                0.716

Chi-Square Test of Model Fit for the Baseline Model

          Value                         277802.594
          Degrees of Freedom                    10
          P-Value                           0.0000

WRMR (Weighted Root Mean Square Residual)

          Value                             39.012



MODEL RESULTS

                                                    Two-Tailed
                    Estimate       S.E.  Est./S.E.    P-Value

 F        BY
    V164               1.000      0.000    999.000    999.000
    V165               1.087      0.005    232.832      0.000
    V166               0.903      0.004    232.500      0.000
    V167               1.097      0.004    250.071      0.000
    V168               1.009      0.005    222.536      0.000

 Thresholds
    V164$1            -0.229      0.005    -42.375      0.000
    V164$2             1.091      0.007    163.217      0.000
    V164$3             2.063      0.012    165.817      0.000
    V165$1            -0.448      0.006    -80.668      0.000
    V165$2             0.917      0.006    146.459      0.000
    V165$3             1.940      0.011    172.785      0.000
    V166$1            -0.194      0.005    -36.069      0.000
    V166$2             1.195      0.007    170.705      0.000
    V166$3             2.058      0.012    166.063      0.000
    V167$1            -1.055      0.007   -159.195      0.000
    V167$2             0.166      0.005     30.769      0.000
    V167$3             1.227      0.007    171.601      0.000
    V168$1            -1.109      0.007   -162.615      0.000
    V168$2            -0.002      0.005     -0.415      0.678
    V168$3             1.081      0.007    160.426      0.000

 Variances
    F                  0.556      0.004    157.433      0.000


STANDARDIZED MODEL RESULTS


STDYX Standardization

                                                    Two-Tailed
                    Estimate       S.E.  Est./S.E.    P-Value

 F        BY
    V164               0.746      0.002    314.866      0.000
    V165               0.810      0.002    393.042      0.000
    V166               0.673      0.003    264.703      0.000
    V167               0.818      0.002    365.507      0.000
    V168               0.752      0.002    308.912      0.000

 Thresholds
    V164$1            -0.229      0.005    -42.375      0.000
    V164$2             1.091      0.007    163.217      0.000
    V164$3             2.063      0.012    165.817      0.000
    V165$1            -0.448      0.006    -80.668      0.000
    V165$2             0.917      0.006    146.459      0.000
    V165$3             1.940      0.011    172.785      0.000
    V166$1            -0.194      0.005    -36.069      0.000
    V166$2             1.195      0.007    170.705      0.000
    V166$3             2.058      0.012    166.063      0.000
    V167$1            -1.055      0.007   -159.195      0.000
    V167$2             0.166      0.005     30.769      0.000
    V167$3             1.227      0.007    171.601      0.000
    V168$1            -1.109      0.007   -162.615      0.000
    V168$2            -0.002      0.005     -0.415      0.678
    V168$3             1.081      0.007    160.426      0.000

 Variances
    F                  1.000      0.000    999.000    999.000


R-SQUARE

    Observed                                        Two-Tailed   Residual
    Variable        Estimate       S.E.  Est./S.E.    P-Value    Variance

    V164               0.556      0.004    157.433      0.000      0.444
    V165               0.657      0.003    196.521      0.000      0.343
    V166               0.454      0.003    132.351      0.000      0.546
    V167               0.669      0.004    182.754      0.000      0.331
    V168               0.566      0.004    154.456      0.000      0.434


QUALITY OF NUMERICAL RESULTS

     Condition Number for the Information Matrix              0.475E-02
       (ratio of smallest to largest eigenvalue)


MODEL MODIFICATION INDICES

NOTE:  Modification indices for direct effects of observed dependent variables
regressed on covariates and residual covariances among observed dependent
variables may not be included.  To include these, request MODINDICES (ALL).

Minimum M.I. value for printing the modification index    10.000

                                   M.I.     E.P.C.  Std E.P.C.  StdYX E.P.C.

No modification indices above the minimum value.



DIAGRAM INFORMATION

  Use View Diagram under the Diagram menu in the Mplus Editor to view the diagram.
  If running Mplus from the Mplus Diagrammer, the diagram opens automatically.

  Diagram output
    c:\users\msassac6\dropbox (the university of manchester)\papers\joe s\evs_mm_de_equivalence\mplus\cfa\inv_data3_v164

     Beginning Time:  11:55:54
        Ending Time:  11:55:57
       Elapsed Time:  00:00:03



MUTHEN & MUTHEN
3463 Stoner Ave.
Los Angeles, CA  90066

Tel: (310) 391-9971
Fax: (310) 391-8971
Web: www.StatModel.com
Support: Support@StatModel.com

Copyright (c) 1998-2017 Muthen & Muthen
