Mplus VERSION 8
MUTHEN & MUTHEN
07/06/2020   8:26 AM

INPUT INSTRUCTIONS

  TITLE: Your title goes here

   DATA: FILE = cfa/data.dta;

   VARIABLE:

   NAMES = id_cocas weight comp_mode comp_len mode mm_matrix_group wei_mmf v2 v3 v4 v32
       v33 v34 v35 v36 v37 v46 v47 v48 v49 v50 v65 v66 v67 v68 v69 v70 v82 v83 v84 v98
       v99 v100 v101 v103 v104 v105 v106 v107 v115 v116 v117 v118 v119 v120 v121 v122
       v123 v124 v125 v126 v127 v128 v129 v130 v131 v132 v133 v134 v135 v136 v137 v138
       v139 v140 v141 v145 v146 v147 v148 v149 v150 v151 v152 v153 v154 v155 v156 v157
       v158 v159 v160 v161 v162 v163 v164 v165 v166 v167 v176 v177 v178 v179 v180 v181
       v182 v183 v185 v186 v187 v188 v189 v191 v192 v193 v194 v195 v196 v197 v199 v200
       v201 v202 v203 v205 v206 v207 v208 v209 v210 v211 v212 v213 v214 v215 v216 v217
       v218 v220 v221 v222 v223 v224 v267 v268 v269 v271 v272 v273;

   MISSING=.;

   USEVARIABLES ARE
   v185
   v186
   v187
   v188;


   Model:

  f by v185
   v186
   v187
   v188;


   OUTPUT: SAMPSTAT;

                                  MODINDICES;

                                  STDYX;




*** WARNING
  Data set contains cases with missing on all variables.
  These cases were not included in the analysis.
  Number of cases with missing on all variables:  1667
   1 WARNING(S) FOUND IN THE INPUT INSTRUCTIONS



Your title goes here

SUMMARY OF ANALYSIS

Number of groups                                                 1
Number of observations                                        3749

Number of dependent variables                                    4
Number of independent variables                                  0
Number of continuous latent variables                            1

Observed dependent variables

  Continuous
   V185        V186        V187        V188

Continuous latent variables
   F


Estimator                                                       ML
Information matrix                                        OBSERVED
Maximum number of iterations                                  1000
Convergence criterion                                    0.500D-04
Maximum number of steepest descent iterations                   20
Maximum number of iterations for H1                           2000
Convergence criterion for H1                             0.100D-03

Input data file(s)
  cfa/data.dta

Input data format  FREE


SUMMARY OF DATA

     Number of missing data patterns            15


COVARIANCE COVERAGE OF DATA

Minimum covariance coverage value   0.100


     PROPORTION OF DATA PRESENT


           Covariance Coverage
              V185          V186          V187          V188
              ________      ________      ________      ________
 V185           0.968
 V186           0.955         0.984
 V187           0.951         0.967         0.978
 V188           0.932         0.947         0.945         0.959


SAMPLE STATISTICS


     ESTIMATED SAMPLE STATISTICS


           Means
              V185          V186          V187          V188
              ________      ________      ________      ________
                7.356         4.358         4.136         5.742


           Covariances
              V185          V186          V187          V188
              ________      ________      ________      ________
 V185           6.452
 V186           2.901         7.078
 V187           2.812         4.996         7.036
 V188          -1.298        -1.937        -1.869         6.024


           Correlations
              V185          V186          V187          V188
              ________      ________      ________      ________
 V185           1.000
 V186           0.429         1.000
 V187           0.417         0.708         1.000
 V188          -0.208        -0.297        -0.287         1.000


     MAXIMUM LOG-LIKELIHOOD VALUE FOR THE UNRESTRICTED (H1) MODEL IS -32597.022


UNIVARIATE SAMPLE STATISTICS


     UNIVARIATE HIGHER-ORDER MOMENT DESCRIPTIVE STATISTICS

         Variable/         Mean/     Skewness/   Minimum/ % with                Percentiles
        Sample Size      Variance    Kurtosis    Maximum  Min/Max      20%/60%    40%/80%    Median

     V185                  7.365      -0.756       1.000    2.87%       5.000      7.000      8.000
            3629.000       6.461      -0.414      10.000   29.13%       9.000     10.000
     V186                  4.343       0.556       1.000   17.21%       2.000      3.000      4.000
            3689.000       7.062      -0.691      10.000    5.31%       5.000      7.000
     V187                  4.123       0.632       1.000   20.79%       1.000      3.000      4.000
            3665.000       7.031      -0.591      10.000    4.86%       4.000      7.000
     V188                  5.745       0.006       1.000    5.95%       4.000      5.000      5.000
            3595.000       6.023      -0.648      10.000   10.10%       6.000      8.000


THE MODEL ESTIMATION TERMINATED NORMALLY



MODEL FIT INFORMATION

Number of Free Parameters                       12

Loglikelihood

          H0 Value                      -32599.727
          H1 Value                      -32597.022

Information Criteria

          Akaike (AIC)                   65223.454
          Bayesian (BIC)                 65298.205
          Sample-Size Adjusted BIC       65260.074
            (n* = (n + 2) / 24)

Chi-Square Test of Model Fit

          Value                              5.411
          Degrees of Freedom                     2
          P-Value                           0.0668

RMSEA (Root Mean Square Error Of Approximation)

          Estimate                           0.021
          90 Percent C.I.                    0.000  0.044
          Probability RMSEA <= .05           0.985

CFI/TLI

          CFI                                0.999
          TLI                                0.997

Chi-Square Test of Model Fit for the Baseline Model

          Value                           3761.558
          Degrees of Freedom                     6
          P-Value                           0.0000

SRMR (Standardized Root Mean Square Residual)

          Value                              0.008



MODEL RESULTS

                                                    Two-Tailed
                    Estimate       S.E.  Est./S.E.    P-Value

 F        BY
    V185               1.000      0.000    999.000    999.000
    V186               1.765      0.063     28.214      0.000
    V187               1.712      0.060     28.530      0.000
    V188              -0.671      0.039    -17.331      0.000

 Intercepts
    V185               7.356      0.042    175.009      0.000
    V186               4.358      0.044     99.806      0.000
    V187               4.136      0.044     94.841      0.000
    V188               5.742      0.041    140.547      0.000

 Variances
    F                  1.651      0.110     15.017      0.000

 Residual Variances
    V185               4.801      0.121     39.667      0.000
    V186               1.933      0.125     15.468      0.000
    V187               2.198      0.121     18.172      0.000
    V188               5.280      0.128     41.227      0.000


STANDARDIZED MODEL RESULTS


STDYX Standardization

                                                    Two-Tailed
                    Estimate       S.E.  Est./S.E.    P-Value

 F        BY
    V185               0.506      0.014     36.051      0.000
    V186               0.853      0.011     80.014      0.000
    V187               0.829      0.011     77.439      0.000
    V188              -0.351      0.016    -21.650      0.000

 Intercepts
    V185               2.896      0.038     76.586      0.000
    V186               1.638      0.025     65.267      0.000
    V187               1.559      0.024     63.744      0.000
    V188               2.339      0.032     72.547      0.000

 Variances
    F                  1.000      0.000    999.000    999.000

 Residual Variances
    V185               0.744      0.014     52.412      0.000
    V186               0.273      0.018     15.029      0.000
    V187               0.312      0.018     17.592      0.000
    V188               0.876      0.011     76.800      0.000


R-SQUARE

    Observed                                        Two-Tailed
    Variable        Estimate       S.E.  Est./S.E.    P-Value

    V185               0.256      0.014     18.025      0.000
    V186               0.727      0.018     40.007      0.000
    V187               0.688      0.018     38.719      0.000
    V188               0.124      0.011     10.825      0.000


QUALITY OF NUMERICAL RESULTS

     Condition Number for the Information Matrix              0.408E-02
       (ratio of smallest to largest eigenvalue)


MODEL MODIFICATION INDICES

NOTE:  Modification indices for direct effects of observed dependent variables
regressed on covariates may not be included.  To include these, request
MODINDICES (ALL).

Minimum M.I. value for printing the modification index    10.000

                                   M.I.     E.P.C.  Std E.P.C.  StdYX E.P.C.

No modification indices above the minimum value.



DIAGRAM INFORMATION

  Use View Diagram under the Diagram menu in the Mplus Editor to view the diagram.
  If running Mplus from the Mplus Diagrammer, the diagram opens automatically.

  Diagram output
    c:\users\msassac6\dropbox (the university of manchester)\papers\joe s\evs_mm_de_equivalence\mplus\cfa\inv_data3_v185

     Beginning Time:  08:26:47
        Ending Time:  08:26:47
       Elapsed Time:  00:00:00



MUTHEN & MUTHEN
3463 Stoner Ave.
Los Angeles, CA  90066

Tel: (310) 391-9971
Fax: (310) 391-8971
Web: www.StatModel.com
Support: Support@StatModel.com

Copyright (c) 1998-2017 Muthen & Muthen
