Mplus VERSION 8
MUTHEN & MUTHEN
07/13/2020   8:32 AM

INPUT INSTRUCTIONS

  TITLE: Your title goes here

   DATA: FILE = eq/data.dta;

   VARIABLE:

   NAMES = id_cocas weight comp_mode comp_len mode mm_matrix_group wei_mmf v2 v3 v4 v32
       v33 v34 v35 v36 v37 v46 v47 v48 v49 v50 v65 v66 v67 v68 v69 v70 v82 v83 v84 v98
       v99 v100 v101 v103 v104 v105 v106 v107 v115 v116 v117 v118 v119 v120 v121 v122
       v123 v124 v125 v126 v127 v128 v129 v130 v131 v132 v133 v134 v135 v136 v137 v138
       v139 v140 v141 v145 v146 v147 v148 v149 v150 v151 v152 v153 v154 v155 v156 v157
       v158 v159 v160 v161 v162 v163 v164 v165 v166 v167 v176 v177 v178 v179 v180 v181
       v182 v183 v185 v186 v187 v188 v189 v191 v192 v193 v194 v195 v196 v197 v199 v200
       v201 v202 v203 v205 v206 v207 v208 v209 v210 v211 v212 v213 v214 v215 v216 v217
       v218 v220 v221 v222 v223 v224 v267 v268 v269 v271 v272 v273;

   MISSING=.;

   USEVARIABLES ARE
   v98
   v99
   v100
   v101;

   CATEGORICAL ARE
   v98
   v99
   v100
   v101;

   GROUPING IS comp_len (0=full 1=short);

  WEIGHT IS weight;

   Analysis:

                  ESTIMATOR = WLSMV;

                  ITERATIONS = 100000;

                  PARAMETERIZATION = THETA;

  Model:


  f1 BY v98@1
  v99 (L2)
  v100 (L3)
  v101 (L4)
  ;


   [f1@0];
  [v98$1] (t_v98_1);
  [v98$2] (t_v98_2);

  [v99$1] (t_v99_1);
  [v99$2] (t_v99_2_full);

  [v100$1] (t_v100_1);
  [v100$2] (t_v100_2_full);

  [v101$1] (t_v101_1);
  [v101$2] (t_v101_2_full);


  Model short:

  f1 BY v98@1
  v99 (L2)
  v100 (L3)
  v101 (L4)
  ;


   [f1@0];
  [v98$1] (t_v98_1);
  [v98$2] (t_v98_2);

  [v99$1] (t_v99_1);
  [v99$2] (t_v99_2_short);

  [v100$1] (t_v100_1);
  [v100$2] (t_v100_2_short);

  [v101$1] (t_v101_1);
  [v101$2] (t_v101_2_short);


   SAVEDATA: DIFFTEST IS v98_metric.dat;

   OUTPUT: SAMPSTAT;

                                  MODINDICES;

                                  STDYX;




*** WARNING
  Data set contains unknown or missing values for GROUPING,
  PATTERN, COHORT, CLUSTER and/or STRATIFICATION variables.
  Number of cases with unknown or missing values:  1494
*** WARNING
  Data set contains cases with missing on all variables.
  These cases were not included in the analysis.
  Number of cases with missing on all variables:  1743
   2 WARNING(S) FOUND IN THE INPUT INSTRUCTIONS



Your title goes here

SUMMARY OF ANALYSIS

Number of groups                                                 2
Number of observations
   Group FULL                                                  646
   Group SHORT                                                1533
   Total sample size                                          2179

Number of dependent variables                                    4
Number of independent variables                                  0
Number of continuous latent variables                            1

Observed dependent variables

  Binary and ordered categorical (ordinal)
   V98         V99         V100        V101

Continuous latent variables
   F1

Variables with special functions

  Grouping variable     COMP_LEN
  Weight variable       WEIGHT

Estimator                                                    WLSMV
Maximum number of iterations                                100000
Convergence criterion                                    0.500D-04
Maximum number of steepest descent iterations                   20
Maximum number of iterations for H1                           2000
Convergence criterion for H1                             0.100D-03
Parameterization                                             THETA
Link                                                        PROBIT

Input data file(s)
  eq/data.dta

Input data format  FREE


SUMMARY OF DATA

   Group FULL
     Number of missing data patterns            14

   Group SHORT
     Number of missing data patterns            15


COVARIANCE COVERAGE OF DATA

Minimum covariance coverage value   0.100


     PROPORTION OF DATA PRESENT FOR FULL


           Covariance Coverage
              V98           V99           V100          V101
              ________      ________      ________      ________
 V98            0.969
 V99            0.768         0.783
 V100           0.868         0.735         0.892
 V101           0.734         0.672         0.717         0.754


     PROPORTION OF DATA PRESENT FOR SHORT


           Covariance Coverage
              V98           V99           V100          V101
              ________      ________      ________      ________
 V98            0.967
 V99            0.783         0.798
 V100           0.874         0.763         0.896
 V101           0.762         0.691         0.745         0.785


UNIVARIATE PROPORTIONS AND COUNTS FOR CATEGORICAL VARIABLES

  Group FULL
    V98
      Category 1    0.670          414.578
      Category 2    0.223          138.113
      Category 3    0.107           66.440
    V99
      Category 1    0.091           45.661
      Category 2    0.461          232.105
      Category 3    0.449          226.140
    V100
      Category 1    0.326          185.104
      Category 2    0.472          267.796
      Category 3    0.202          114.352
    V101
      Category 1    0.040           20.105
      Category 2    0.284          141.189
      Category 3    0.676          335.788

  Group SHORT
    V98
      Category 1    0.647          954.163
      Category 2    0.248          366.250
      Category 3    0.105          154.909
    V99
      Category 1    0.113          137.231
      Category 2    0.460          556.551
      Category 3    0.427          517.230
    V100
      Category 1    0.318          434.130
      Category 2    0.455          621.442
      Category 3    0.227          310.748
    V101
      Category 1    0.049           58.988
      Category 2    0.282          340.453
      Category 3    0.669          808.649


SAMPLE STATISTICS


     ESTIMATED SAMPLE STATISTICS FOR FULL


           MEANS/INTERCEPTS/THRESHOLDS
              V98$1         V98$2         V99$1         V99$2         V100$1
              ________      ________      ________      ________      ________
                0.439         1.241        -1.337         0.129        -0.450


           MEANS/INTERCEPTS/THRESHOLDS
              V100$2        V101$1        V101$2
              ________      ________      ________
                0.836        -1.746        -0.455


           CORRELATION MATRIX (WITH VARIANCES ON THE DIAGONAL)
              V98           V99           V100          V101
              ________      ________      ________      ________
 V98
 V99            0.494
 V100           0.612         0.614
 V101           0.405         0.672         0.588


     ESTIMATED SAMPLE STATISTICS FOR SHORT


           MEANS/INTERCEPTS/THRESHOLDS
              V98$1         V98$2         V99$1         V99$2         V100$1
              ________      ________      ________      ________      ________
                0.377         1.254        -1.209         0.184        -0.474


           MEANS/INTERCEPTS/THRESHOLDS
              V100$2        V101$1        V101$2
              ________      ________      ________
                0.747        -1.656        -0.438


           CORRELATION MATRIX (WITH VARIANCES ON THE DIAGONAL)
              V98           V99           V100          V101
              ________      ________      ________      ________
 V98
 V99            0.566
 V100           0.704         0.649
 V101           0.451         0.675         0.593


THE MODEL ESTIMATION TERMINATED NORMALLY



MODEL FIT INFORMATION

Number of Free Parameters                       20

Chi-Square Test of Model Fit

          Value                             38.641*
          Degrees of Freedom                     8
          P-Value                           0.0000

Chi-Square Contribution From Each Group

          FULL                              11.456
          SHORT                             27.184

*   The chi-square value for MLM, MLMV, MLR, ULSMV, WLSM and WLSMV cannot be used
    for chi-square difference testing in the regular way.  MLM, MLR and WLSM
    chi-square difference testing is described on the Mplus website.  MLMV, WLSMV,
    and ULSMV difference testing is done using the DIFFTEST option.

RMSEA (Root Mean Square Error Of Approximation)

          Estimate                           0.059
          90 Percent C.I.                    0.041  0.079
          Probability RMSEA <= .05           0.185

CFI/TLI

          CFI                                0.991
          TLI                                0.986

Chi-Square Test of Model Fit for the Baseline Model

          Value                           3396.967
          Degrees of Freedom                    12
          P-Value                           0.0000

WRMR (Weighted Root Mean Square Residual)

          Value                              1.571



MODEL RESULTS

                                                    Two-Tailed
                    Estimate       S.E.  Est./S.E.    P-Value

Group FULL

 F1       BY
    V98                1.000      0.000    999.000    999.000
    V99                1.406      0.224      6.279      0.000
    V100               1.332      0.236      5.646      0.000
    V101               1.182      0.166      7.101      0.000

 Means
    F1                 0.000      0.000    999.000    999.000

 Thresholds
    V98$1              0.549      0.061      8.950      0.000
    V98$2              1.735      0.143     12.174      0.000
    V99$1             -2.258      0.246     -9.172      0.000
    V99$2              0.219      0.107      2.056      0.040
    V100$1            -0.786      0.099     -7.937      0.000
    V100$2             1.377      0.123     11.200      0.000
    V101$1            -2.724      0.236    -11.555      0.000
    V101$2            -0.698      0.113     -6.169      0.000

 Variances
    F1                 0.967      0.215      4.501      0.000

 Residual Variances
    V98                1.000      0.000    999.000    999.000
    V99                1.000      0.000    999.000    999.000
    V100               1.000      0.000    999.000    999.000
    V101               1.000      0.000    999.000    999.000

Group SHORT

 F1       BY
    V98                1.000      0.000    999.000    999.000
    V99                1.406      0.224      6.279      0.000
    V100               1.332      0.236      5.646      0.000
    V101               1.182      0.166      7.101      0.000

 Means
    F1                 0.000      0.000    999.000    999.000

 Thresholds
    V98$1              0.549      0.061      8.950      0.000
    V98$2              1.735      0.143     12.174      0.000
    V99$1             -2.258      0.246     -9.172      0.000
    V99$2              0.342      0.089      3.832      0.000
    V100$1            -0.786      0.099     -7.937      0.000
    V100$2             1.271      0.186      6.821      0.000
    V101$1            -2.724      0.236    -11.555      0.000
    V101$2            -0.727      0.092     -7.889      0.000

 Variances
    F1                 1.151      0.225      5.126      0.000

 Residual Variances
    V98                0.761      0.168      4.532      0.000
    V99                1.182      0.288      4.100      0.000
    V100               0.850      0.251      3.384      0.001
    V101               1.140      0.227      5.028      0.000


STANDARDIZED MODEL RESULTS


STDYX Standardization

                                                    Two-Tailed
                    Estimate       S.E.  Est./S.E.    P-Value

Group FULL

 F1       BY
    V98                0.701      0.040     17.706      0.000
    V99                0.810      0.036     22.694      0.000
    V100               0.795      0.033     23.973      0.000
    V101               0.758      0.034     22.094      0.000

 Means
    F1                 0.000      0.000    999.000    999.000

 Thresholds
    V98$1              0.391      0.036     10.898      0.000
    V98$2              1.237      0.067     18.489      0.000
    V99$1             -1.324      0.070    -18.878      0.000
    V99$2              0.129      0.064      2.026      0.043
    V100$1            -0.477      0.040    -11.828      0.000
    V100$2             0.836      0.070     11.881      0.000
    V101$1            -1.777      0.092    -19.368      0.000
    V101$2            -0.455      0.065     -7.033      0.000

 Variances
    F1                 1.000      0.000    999.000    999.000

 Residual Variances
    V98                0.508      0.056      9.157      0.000
    V99                0.343      0.058      5.937      0.000
    V100               0.368      0.053      6.988      0.000
    V101               0.425      0.052      8.180      0.000

Group SHORT

 F1       BY
    V98                0.776      0.029     26.964      0.000
    V99                0.811      0.021     39.050      0.000
    V100               0.840      0.022     38.357      0.000
    V101               0.765      0.023     32.551      0.000

 Means
    F1                 0.000      0.000    999.000    999.000

 Thresholds
    V98$1              0.397      0.034     11.844      0.000
    V98$2              1.255      0.052     24.244      0.000
    V99$1             -1.214      0.047    -25.810      0.000
    V99$2              0.184      0.041      4.481      0.000
    V100$1            -0.462      0.034    -13.782      0.000
    V100$2             0.747      0.045     16.546      0.000
    V101$1            -1.643      0.063    -26.162      0.000
    V101$2            -0.438      0.042    -10.530      0.000

 Variances
    F1                 1.000      0.000    999.000    999.000

 Residual Variances
    V98                0.398      0.045      8.907      0.000
    V99                0.342      0.034     10.139      0.000
    V100               0.294      0.037      7.986      0.000
    V101               0.415      0.036     11.541      0.000


R-SQUARE

Group FULL

    Observed                                        Two-Tailed     Scale
    Variable        Estimate       S.E.  Est./S.E.    P-Value     Factors

    V98                0.492      0.056      8.853      0.000      0.713
    V99                0.657      0.058     11.347      0.000      0.586
    V100               0.632      0.053     11.987      0.000      0.607
    V101               0.575      0.052     11.047      0.000      0.652

Group SHORT

    Observed                                        Two-Tailed     Scale
    Variable        Estimate       S.E.  Est./S.E.    P-Value     Factors

    V98                0.602      0.045     13.482      0.000      0.723
    V99                0.658      0.034     19.525      0.000      0.538
    V100               0.706      0.037     19.179      0.000      0.588
    V101               0.585      0.036     16.276      0.000      0.603


QUALITY OF NUMERICAL RESULTS

     Condition Number for the Information Matrix              0.479E-02
       (ratio of smallest to largest eigenvalue)


MODEL MODIFICATION INDICES

NOTE:  Modification indices for direct effects of observed dependent variables
regressed on covariates and residual covariances among observed dependent
variables may not be included.  To include these, request MODINDICES (ALL).

Minimum M.I. value for printing the modification index    10.000

                                   M.I.     E.P.C.  Std E.P.C.  StdYX E.P.C.
Group FULL


No modification indices above the minimum value.

Group SHORT


WITH Statements

V99      WITH V98                 10.341    -0.645     -0.645       -0.681
V100     WITH V98                 47.753     1.102      1.102        1.370
V100     WITH V99                 15.706    -0.949     -0.949       -0.947
V101     WITH V98                 22.653    -0.904     -0.904       -0.971
V101     WITH V99                 49.295     1.470      1.470        1.266
V101     WITH V100                15.705    -0.815     -0.815       -0.828



SAVEDATA INFORMATION


  Difference testing

  Save file
    v98_metric.dat
  Save format      Free

DIAGRAM INFORMATION

  Use View Diagram under the Diagram menu in the Mplus Editor to view the diagram.
  If running Mplus from the Mplus Diagrammer, the diagram opens automatically.

  Diagram output
    c:\users\msassac6\dropbox (the university of manchester)\papers\joe s\evs_mm_de_equivalence\mplus\eq\inv_data3_v98_c

     Beginning Time:  08:32:45
        Ending Time:  08:32:46
       Elapsed Time:  00:00:01



MUTHEN & MUTHEN
3463 Stoner Ave.
Los Angeles, CA  90066

Tel: (310) 391-9971
Fax: (310) 391-8971
Web: www.StatModel.com
Support: Support@StatModel.com

Copyright (c) 1998-2017 Muthen & Muthen
