Mplus VERSION 8
MUTHEN & MUTHEN
07/06/2020   2:39 PM

INPUT INSTRUCTIONS

  TITLE: Your title goes here

   DATA: FILE = eq/data.dta;

   VARIABLE:

   NAMES = id_cocas weight comp_mode comp_len mode mm_matrix_group wei_mmf v2 v3 v4 v32
       v33 v34 v35 v36 v37 v46 v47 v48 v49 v50 v65 v66 v67 v68 v69 v70 v82 v83 v84 v98
       v99 v100 v101 v103 v104 v105 v106 v107 v115 v116 v117 v118 v119 v120 v121 v122
       v123 v124 v125 v126 v127 v128 v129 v130 v131 v132 v133 v134 v135 v136 v137 v138
       v139 v140 v141 v145 v146 v147 v148 v149 v150 v151 v152 v153 v154 v155 v156 v157
       v158 v159 v160 v161 v162 v163 v164 v165 v166 v167 v176 v177 v178 v179 v180 v181
       v182 v183 v185 v186 v187 v188 v189 v191 v192 v193 v194 v195 v196 v197 v199 v200
       v201 v202 v203 v205 v206 v207 v208 v209 v210 v211 v212 v213 v214 v215 v216 v217
       v218 v220 v221 v222 v223 v224 v267 v268 v269 v271 v272 v273;

   MISSING=.;

   USEVARIABLES ARE
   v221
   v222
   v223
   v224;

   CATEGORICAL ARE
   v221
   v222
   v223
   v224;

   GROUPING IS comp_mode (0=sm 1=mm);


   Analysis:

                  ESTIMATOR = WLSMV;

                  ITERATIONS = 100000;

                  PARAMETERIZATION = THETA;

  Model:


  f1 BY v221@1
  v222 (L2_sm)
  v223 (L3_sm)
  v224 (L4_sm)
  ;


  [v221$1] (t_v221_1);
  [v221$2] (t_v221_2);
  [v221$3] (t_v221_3);

   [f1@0];
  [v222$1] (t_v222_1);
  [v222$2] (t_v222_2_sm);
  [v222$3] (t_v222_3_sm);

   [f1@0];
  [v223$1] (t_v223_1);
  [v223$2] (t_v223_2_sm);
  [v223$3] (t_v223_3_sm);

   [f1@0];
  [v224$1] (t_v224_1);
  [v224$2] (t_v224_2_sm);
  [v224$3] (t_v224_3_sm);

   [f1@0];

  Model mm:

  f1 BY v221@1
  v222 (L2_mm)
  v223 (L3_mm)
  v224 (L4_mm)
  ;


  [v221$1] (t_v221_1);
  [v221$2] (t_v221_2);
  [v221$3] (t_v221_3);

   [f1@0];
  [v222$1] (t_v222_1);
  [v222$2] (t_v222_2_mm);
  [v222$3] (t_v222_3_mm);

   [f1@0];
  [v223$1] (t_v223_1);
  [v223$2] (t_v223_2_mm);
  [v223$3] (t_v223_3_mm);

   [f1@0];
  [v224$1] (t_v224_1);
  [v224$2] (t_v224_2_mm);
  [v224$3] (t_v224_3_mm);

   [f1@0];

   SAVEDATA: DIFFTEST IS v221_config.dat;

   OUTPUT: SAMPSTAT;

                                  MODINDICES;

                                  STDYX;




*** WARNING
  Data set contains unknown or missing values for GROUPING,
  PATTERN, COHORT, CLUSTER and/or STRATIFICATION variables.
  Number of cases with unknown or missing values:  3244
*** WARNING
  Data set contains cases with missing on all variables.
  These cases were not included in the analysis.
  Number of cases with missing on all variables:  17
   2 WARNING(S) FOUND IN THE INPUT INSTRUCTIONS



Your title goes here

SUMMARY OF ANALYSIS

Number of groups                                                 2
Number of observations
   Group SM                                                   1489
   Group MM                                                    666
   Total sample size                                          2155

Number of dependent variables                                    4
Number of independent variables                                  0
Number of continuous latent variables                            1

Observed dependent variables

  Binary and ordered categorical (ordinal)
   V221        V222        V223        V224

Continuous latent variables
   F1

Variables with special functions

  Grouping variable     COMP_MOD

Estimator                                                    WLSMV
Maximum number of iterations                                100000
Convergence criterion                                    0.500D-04
Maximum number of steepest descent iterations                   20
Maximum number of iterations for H1                           2000
Convergence criterion for H1                             0.100D-03
Parameterization                                             THETA
Link                                                        PROBIT

Input data file(s)
  eq/data.dta

Input data format  FREE


SUMMARY OF DATA

   Group SM
     Number of missing data patterns             7

   Group MM
     Number of missing data patterns            11


COVARIANCE COVERAGE OF DATA

Minimum covariance coverage value   0.100


     PROPORTION OF DATA PRESENT FOR SM


           Covariance Coverage
              V221          V222          V223          V224
              ________      ________      ________      ________
 V221           0.982
 V222           0.981         0.999
 V223           0.976         0.992         0.993
 V224           0.981         0.997         0.991         0.999


     PROPORTION OF DATA PRESENT FOR MM


           Covariance Coverage
              V221          V222          V223          V224
              ________      ________      ________      ________
 V221           0.944
 V222           0.941         0.992
 V223           0.929         0.970         0.973
 V224           0.932         0.977         0.959         0.985


UNIVARIATE PROPORTIONS AND COUNTS FOR CATEGORICAL VARIABLES

  Group SM
    V221
      Category 1    0.237          346.000
      Category 2    0.548          801.000
      Category 3    0.194          284.000
      Category 4    0.021           31.000
    V222
      Category 1    0.735         1093.000
      Category 2    0.256          381.000
      Category 3    0.007           11.000
      Category 4    0.001            2.000
    V223
      Category 1    0.445          657.000
      Category 2    0.501          740.000
      Category 3    0.050           74.000
      Category 4    0.005            7.000
    V224
      Category 1    0.792         1178.000
      Category 2    0.188          280.000
      Category 3    0.017           25.000
      Category 4    0.003            4.000

  Group MM
    V221
      Category 1    0.232          146.000
      Category 2    0.528          332.000
      Category 3    0.205          129.000
      Category 4    0.035           22.000
    V222
      Category 1    0.738          488.000
      Category 2    0.254          168.000
      Category 3    0.006            4.000
      Category 4    0.002            1.000
    V223
      Category 1    0.440          285.000
      Category 2    0.486          315.000
      Category 3    0.063           41.000
      Category 4    0.011            7.000
    V224
      Category 1    0.845          554.000
      Category 2    0.145           95.000
      Category 3    0.008            5.000
      Category 4    0.003            2.000


SAMPLE STATISTICS


     ESTIMATED SAMPLE STATISTICS FOR SM


           MEANS/INTERCEPTS/THRESHOLDS
              V221$1        V221$2        V221$3        V222$1        V222$2
              ________      ________      ________      ________      ________
               -0.717         0.788         2.029         0.628         2.376


           MEANS/INTERCEPTS/THRESHOLDS
              V222$3        V223$1        V223$2        V223$3        V224$1
              ________      ________      ________      ________      ________
                3.001        -0.140         1.600         2.595         0.814


           MEANS/INTERCEPTS/THRESHOLDS
              V224$2        V224$3
              ________      ________
                2.064         2.783


           CORRELATION MATRIX (WITH VARIANCES ON THE DIAGONAL)
              V221          V222          V223          V224
              ________      ________      ________      ________
 V221
 V222           0.389
 V223           0.194         0.445
 V224           0.085         0.287         0.395


     ESTIMATED SAMPLE STATISTICS FOR MM


           MEANS/INTERCEPTS/THRESHOLDS
              V221$1        V221$2        V221$3        V222$1        V222$2
              ________      ________      ________      ________      ________
               -0.732         0.706         1.812         0.638         2.429


           MEANS/INTERCEPTS/THRESHOLDS
              V222$3        V223$1        V223$2        V223$3        V224$1
              ________      ________      ________      ________      ________
                2.965        -0.151         1.446         2.297         1.013


           MEANS/INTERCEPTS/THRESHOLDS
              V224$2        V224$3
              ________      ________
                2.302         2.742


           CORRELATION MATRIX (WITH VARIANCES ON THE DIAGONAL)
              V221          V222          V223          V224
              ________      ________      ________      ________
 V221
 V222           0.358
 V223           0.197         0.405
 V224           0.117         0.164         0.347


THE MODEL ESTIMATION TERMINATED NORMALLY



MODEL FIT INFORMATION

Number of Free Parameters                       30

Chi-Square Test of Model Fit

          Value                             42.660*
          Degrees of Freedom                     6
          P-Value                           0.0000

Chi-Square Contribution From Each Group

          SM                                31.666
          MM                                10.994

*   The chi-square value for MLM, MLMV, MLR, ULSMV, WLSM and WLSMV cannot be used
    for chi-square difference testing in the regular way.  MLM, MLR and WLSM
    chi-square difference testing is described on the Mplus website.  MLMV, WLSMV,
    and ULSMV difference testing is done using the DIFFTEST option.

RMSEA (Root Mean Square Error Of Approximation)

          Estimate                           0.075
          90 Percent C.I.                    0.055  0.097
          Probability RMSEA <= .05           0.021

CFI/TLI

          CFI                                0.949
          TLI                                0.897

Chi-Square Test of Model Fit for the Baseline Model

          Value                            727.173
          Degrees of Freedom                    12
          P-Value                           0.0000

WRMR (Weighted Root Mean Square Residual)

          Value                              1.483



MODEL RESULTS

                                                    Two-Tailed
                    Estimate       S.E.  Est./S.E.    P-Value

Group SM

 F1       BY
    V221               1.000      0.000    999.000    999.000
    V222               2.528      0.426      5.936      0.000
    V223               2.011      0.333      6.037      0.000
    V224               1.312      0.216      6.062      0.000

 Means
    F1                 0.000      0.000    999.000    999.000

 Thresholds
    V221$1            -0.799      0.036    -21.908      0.000
    V221$2             0.847      0.037     22.762      0.000
    V221$3             2.175      0.077     28.088      0.000
    V222$1             0.913      0.077     11.783      0.000
    V222$2             3.454      0.246     14.049      0.000
    V222$3             4.362      0.401     10.865      0.000
    V223$1            -0.179      0.043     -4.161      0.000
    V223$2             2.088      0.104     20.107      0.000
    V223$3             3.386      0.206     16.467      0.000
    V224$1             0.928      0.047     19.711      0.000
    V224$2             2.353      0.096     24.493      0.000
    V224$3             3.173      0.190     16.693      0.000

 Variances
    F1                 0.174      0.040      4.376      0.000

 Residual Variances
    V221               1.000      0.000    999.000    999.000
    V222               1.000      0.000    999.000    999.000
    V223               1.000      0.000    999.000    999.000
    V224               1.000      0.000    999.000    999.000

Group MM

 F1       BY
    V221               1.000      0.000    999.000    999.000
    V222               2.144      0.471      4.557      0.000
    V223               1.438      0.623      2.308      0.021
    V224               0.748      0.193      3.879      0.000

 Means
    F1                 0.000      0.000    999.000    999.000

 Thresholds
    V221$1            -0.799      0.036    -21.908      0.000
    V221$2             0.847      0.037     22.762      0.000
    V221$3             2.175      0.077     28.088      0.000
    V222$1             0.913      0.077     11.783      0.000
    V222$2             3.474      0.450      7.714      0.000
    V222$3             4.250      0.653      6.511      0.000
    V223$1            -0.179      0.043     -4.161      0.000
    V223$2             1.648      0.675      2.441      0.015
    V223$3             2.619      1.063      2.464      0.014
    V224$1             0.928      0.047     19.711      0.000
    V224$2             2.108      0.189     11.138      0.000
    V224$3             2.509      0.273      9.175      0.000

 Variances
    F1                 0.220      0.066      3.327      0.001

 Residual Variances
    V221               1.159      0.116      9.987      0.000
    V222               1.036      0.323      3.210      0.001
    V223               0.844      0.681      1.240      0.215
    V224               0.715      0.118      6.074      0.000


STANDARDIZED MODEL RESULTS


STDYX Standardization

                                                    Two-Tailed
                    Estimate       S.E.  Est./S.E.    P-Value

Group SM

 F1       BY
    V221               0.385      0.037     10.274      0.000
    V222               0.726      0.040     17.939      0.000
    V223               0.643      0.039     16.473      0.000
    V224               0.480      0.040     11.936      0.000

 Means
    F1                 0.000      0.000    999.000    999.000

 Thresholds
    V221$1            -0.737      0.032    -22.918      0.000
    V221$2             0.781      0.033     23.828      0.000
    V221$3             2.007      0.067     29.812      0.000
    V222$1             0.628      0.035     17.978      0.000
    V222$2             2.376      0.102     23.326      0.000
    V222$3             3.001      0.215     13.950      0.000
    V223$1            -0.137      0.033     -4.184      0.000
    V223$2             1.600      0.053     29.979      0.000
    V223$3             2.594      0.130     20.015      0.000
    V224$1             0.814      0.037     22.158      0.000
    V224$2             2.064      0.076     27.280      0.000
    V224$3             2.784      0.162     17.185      0.000

 Variances
    F1                 1.000      0.000    999.000    999.000

 Residual Variances
    V221               0.852      0.029     29.532      0.000
    V222               0.473      0.059      8.066      0.000
    V223               0.587      0.050     11.703      0.000
    V224               0.769      0.039     19.919      0.000

Group MM

 F1       BY
    V221               0.400      0.054      7.402      0.000
    V222               0.703      0.073      9.583      0.000
    V223               0.592      0.072      8.255      0.000
    V224               0.383      0.069      5.542      0.000

 Means
    F1                 0.000      0.000    999.000    999.000

 Thresholds
    V221$1            -0.680      0.036    -18.687      0.000
    V221$2             0.721      0.037     19.295      0.000
    V221$3             1.852      0.079     23.377      0.000
    V222$1             0.638      0.053     12.142      0.000
    V222$2             2.427      0.162     15.029      0.000
    V222$3             2.969      0.307      9.660      0.000
    V223$1            -0.157      0.049     -3.170      0.002
    V223$2             1.445      0.073     19.701      0.000
    V223$3             2.297      0.142     16.126      0.000
    V224$1             1.013      0.059     17.103      0.000
    V224$2             2.302      0.142     16.187      0.000
    V224$3             2.740      0.232     11.817      0.000

 Variances
    F1                 1.000      0.000    999.000    999.000

 Residual Variances
    V221               0.840      0.043     19.473      0.000
    V222               0.506      0.103      4.902      0.000
    V223               0.650      0.085      7.655      0.000
    V224               0.853      0.053     16.100      0.000


R-SQUARE

Group SM

    Observed                                        Two-Tailed     Scale
    Variable        Estimate       S.E.  Est./S.E.    P-Value     Factors

    V221               0.148      0.029      5.137      0.000      0.923
    V222               0.527      0.059      8.969      0.000      0.688
    V223               0.413      0.050      8.237      0.000      0.766
    V224               0.231      0.039      5.968      0.000      0.877

Group MM

    Observed                                        Two-Tailed     Scale
    Variable        Estimate       S.E.  Est./S.E.    P-Value     Factors

    V221               0.160      0.043      3.701      0.000      0.851
    V222               0.494      0.103      4.792      0.000      0.699
    V223               0.350      0.085      4.128      0.000      0.877
    V224               0.147      0.053      2.771      0.006      1.092


QUALITY OF NUMERICAL RESULTS

     Condition Number for the Information Matrix              0.427E-04
       (ratio of smallest to largest eigenvalue)


MODEL MODIFICATION INDICES

NOTE:  Modification indices for direct effects of observed dependent variables
regressed on covariates and residual covariances among observed dependent
variables may not be included.  To include these, request MODINDICES (ALL).

Minimum M.I. value for printing the modification index    10.000

                                   M.I.     E.P.C.  Std E.P.C.  StdYX E.P.C.
Group SM


WITH Statements

V222     WITH V221                30.351     0.496      0.496        0.496
V223     WITH V221                10.095    -0.228     -0.228       -0.228
V224     WITH V222                10.297    -0.380     -0.380       -0.380
V224     WITH V223                30.762     0.521      0.521        0.521

Means/Intercepts/Thresholds

[ V223     ]                     999.000     0.000      0.000        0.000
[ V223$1   ]                     999.000     0.000      0.000        0.000

Group MM


Means/Intercepts/Thresholds

[ V223     ]                     999.000     0.000      0.000        0.000
[ V223$1   ]                     999.000     0.000      0.000        0.000



SAVEDATA INFORMATION


  Difference testing

  Save file
    v221_config.dat
  Save format      Free

DIAGRAM INFORMATION

  Use View Diagram under the Diagram menu in the Mplus Editor to view the diagram.
  If running Mplus from the Mplus Diagrammer, the diagram opens automatically.

  Diagram output
    c:\users\msassac6\dropbox (the university of manchester)\papers\joe s\evs_mm_de_equivalence\mplus\eq\inv_data3_v221_

     Beginning Time:  14:39:01
        Ending Time:  14:39:02
       Elapsed Time:  00:00:01



MUTHEN & MUTHEN
3463 Stoner Ave.
Los Angeles, CA  90066

Tel: (310) 391-9971
Fax: (310) 391-8971
Web: www.StatModel.com
Support: Support@StatModel.com

Copyright (c) 1998-2017 Muthen & Muthen
