Mplus VERSION 8
MUTHEN & MUTHEN
07/13/2020   8:31 AM

INPUT INSTRUCTIONS

  TITLE: Your title goes here

   DATA: FILE = eq/data.dta;

   VARIABLE:

   NAMES = id_cocas weight comp_mode comp_len mode mm_matrix_group wei_mmf v2 v3 v4 v32
       v33 v34 v35 v36 v37 v46 v47 v48 v49 v50 v65 v66 v67 v68 v69 v70 v82 v83 v84 v98
       v99 v100 v101 v103 v104 v105 v106 v107 v115 v116 v117 v118 v119 v120 v121 v122
       v123 v124 v125 v126 v127 v128 v129 v130 v131 v132 v133 v134 v135 v136 v137 v138
       v139 v140 v141 v145 v146 v147 v148 v149 v150 v151 v152 v153 v154 v155 v156 v157
       v158 v159 v160 v161 v162 v163 v164 v165 v166 v167 v176 v177 v178 v179 v180 v181
       v182 v183 v185 v186 v187 v188 v189 v191 v192 v193 v194 v195 v196 v197 v199 v200
       v201 v202 v203 v205 v206 v207 v208 v209 v210 v211 v212 v213 v214 v215 v216 v217
       v218 v220 v221 v222 v223 v224 v267 v268 v269 v271 v272 v273;

   MISSING=.;

   USEVARIABLES ARE
   v133
   v135
   v136
   v138
   v141;

   GROUPING IS comp_len (0=full 1=short);

  WEIGHT IS weight;

   Analysis:

                  ESTIMATOR = MLR;
  Model:


  f1 BY v133@1
  v135 (L2_full)
  v136 (L3_full)
  v138 (L4_full)
  v141 (L5_full)
  ;


   [f1@0];[v133] (i1_full);
  [v135] (i2_full);
  [v136] (i3_full);
  [v138] (i4_full);
  [v141] (i5_full);


  Model short:

  f1 BY v133@1
  v135 (L2_short)
  v136 (L3_short)
  v138 (L4_short)
  v141 (L5_short)
  ;


   [f1@0];[v133] (i1_short);
  [v135] (i2_short);
  [v136] (i3_short);
  [v138] (i4_short);
  [v141] (i5_short);


   SAVEDATA: DIFFTEST IS v133_config.dat;

   OUTPUT: SAMPSTAT;

                                  MODINDICES;

                                  STDYX;




*** WARNING in SAVEDATA command
  The DIFFTEST option is available only for the estimators MLMV, WLSMV and ULSMV.
  Request for DIFFTEST will be ignored.
*** WARNING
  Data set contains unknown or missing values for GROUPING,
  PATTERN, COHORT, CLUSTER and/or STRATIFICATION variables.
  Number of cases with unknown or missing values:  1494
*** WARNING
  Data set contains cases with missing on all variables.
  These cases were not included in the analysis.
  Number of cases with missing on all variables:  1723
   3 WARNING(S) FOUND IN THE INPUT INSTRUCTIONS



Your title goes here

SUMMARY OF ANALYSIS

Number of groups                                                 2
Number of observations
   Group FULL                                                  657
   Group SHORT                                                1542
   Total sample size                                          2199

Number of dependent variables                                    5
Number of independent variables                                  0
Number of continuous latent variables                            1

Observed dependent variables

  Continuous
   V133        V135        V136        V138        V141

Continuous latent variables
   F1

Variables with special functions

  Grouping variable     COMP_LEN
  Weight variable       WEIGHT

Estimator                                                      MLR
Information matrix                                        OBSERVED
Maximum number of iterations                                  1000
Convergence criterion                                    0.500D-04
Maximum number of steepest descent iterations                   20
Maximum number of iterations for H1                           2000
Convergence criterion for H1                             0.100D-03

Input data file(s)
  eq/data.dta

Input data format  FREE


SUMMARY OF DATA

   Group FULL
     Number of missing data patterns            18

   Group SHORT
     Number of missing data patterns            23


COVARIANCE COVERAGE OF DATA

Minimum covariance coverage value   0.100


     PROPORTION OF DATA PRESENT FOR FULL


           Covariance Coverage
              V133          V135          V136          V138          V141
              ________      ________      ________      ________      ________
 V133           0.939
 V135           0.924         0.979
 V136           0.922         0.953         0.970
 V138           0.889         0.921         0.913         0.930
 V141           0.927         0.970         0.959         0.927         0.988


     PROPORTION OF DATA PRESENT FOR SHORT


           Covariance Coverage
              V133          V135          V136          V138          V141
              ________      ________      ________      ________      ________
 V133           0.964
 V135           0.943         0.971
 V136           0.951         0.959         0.980
 V138           0.931         0.938         0.944         0.957
 V141           0.958         0.966         0.974         0.952         0.992


SAMPLE STATISTICS


     ESTIMATED SAMPLE STATISTICS FOR FULL


           Means
              V133          V135          V136          V138          V141
              ________      ________      ________      ________      ________
                7.421         9.042         7.412         8.513         9.440


           Covariances
              V133          V135          V136          V138          V141
              ________      ________      ________      ________      ________
 V133           6.352
 V135           1.399         4.350
 V136           2.766         2.020         5.970
 V138           1.548         2.425         1.731         5.718
 V141           1.164         1.807         1.220         1.997         3.022


           Correlations
              V133          V135          V136          V138          V141
              ________      ________      ________      ________      ________
 V133           1.000
 V135           0.266         1.000
 V136           0.449         0.396         1.000
 V138           0.257         0.486         0.296         1.000
 V141           0.266         0.498         0.287         0.480         1.000


     ESTIMATED SAMPLE STATISTICS FOR SHORT


           Means
              V133          V135          V136          V138          V141
              ________      ________      ________      ________      ________
                7.703         9.150         7.895         8.769         9.369


           Covariances
              V133          V135          V136          V138          V141
              ________      ________      ________      ________      ________
 V133           5.793
 V135           1.311         3.585
 V136           2.132         1.833         5.548
 V138           1.433         1.858         1.911         4.892
 V141           0.987         1.426         1.211         1.582         3.576


           Correlations
              V133          V135          V136          V138          V141
              ________      ________      ________      ________      ________
 V133           1.000
 V135           0.288         1.000
 V136           0.376         0.411         1.000
 V138           0.269         0.444         0.367         1.000
 V141           0.217         0.398         0.272         0.378         1.000


     MAXIMUM LOG-LIKELIHOOD VALUE FOR THE UNRESTRICTED (H1) MODEL IS -22136.018


UNIVARIATE SAMPLE STATISTICS


     UNIVARIATE HIGHER-ORDER MOMENT DESCRIPTIVE STATISTICS FOR FULL

         Variable/         Mean/     Skewness/   Minimum/ % with                Percentiles
        Sample Size      Variance    Kurtosis    Maximum  Min/Max      20%/60%    40%/80%    Median

     V133                  7.432      -0.832       1.000    3.08%       5.000      7.000      8.000
             617.000       6.309      -0.183      10.000   30.47%       8.000     10.000
     V135                  9.039      -2.408       1.000    1.71%       9.000     10.000     10.000
             643.000       4.372       5.075      10.000   76.52%      10.000     10.000
     V136                  7.401      -0.788       1.000    2.20%       5.000      7.000      8.000
             637.000       5.970      -0.199      10.000   29.51%       8.000     10.000
     V138                  8.544      -1.774       1.000    2.62%       7.000      9.000     10.000
             611.000       5.440       2.351      10.000   59.08%      10.000     10.000
     V141                  9.441      -3.649       1.000    2.16%      10.000     10.000     10.000
             649.000       2.995      13.098      10.000   85.98%      10.000     10.000


     UNIVARIATE HIGHER-ORDER MOMENT DESCRIPTIVE STATISTICS FOR SHORT

         Variable/         Mean/     Skewness/   Minimum/ % with                Percentiles
        Sample Size      Variance    Kurtosis    Maximum  Min/Max      20%/60%    40%/80%    Median

     V133                  7.717      -1.051       1.000    3.03%       6.000      8.000      8.000
            1486.000       5.757       0.419      10.000   33.65%       9.000     10.000
     V135                  9.170      -2.734       1.000    1.67%       9.000     10.000     10.000
            1497.000       3.557       7.219      10.000   78.29%      10.000     10.000
     V136                  7.901      -1.169       1.000    2.51%       6.000      8.000      8.000
            1511.000       5.550       0.706      10.000   37.06%       9.000     10.000
     V138                  8.805      -2.179       1.000    3.19%       8.000     10.000     10.000
            1475.000       4.738       4.179      10.000   64.61%      10.000     10.000
     V141                  9.374      -3.443       1.000    2.55%      10.000     10.000     10.000
            1530.000       3.553      11.166      10.000   85.75%      10.000     10.000


THE MODEL ESTIMATION TERMINATED NORMALLY



MODEL FIT INFORMATION

Number of Free Parameters                       30

Loglikelihood

          H0 Value                      -22193.944
          H0 Scaling Correction Factor      2.8395
            for MLR
          H1 Value                      -22136.018
          H1 Scaling Correction Factor      2.6226
            for MLR

Information Criteria

          Akaike (AIC)                   44447.889
          Bayesian (BIC)                 44618.761
          Sample-Size Adjusted BIC       44523.447
            (n* = (n + 2) / 24)

Chi-Square Test of Model Fit

          Value                             58.745*
          Degrees of Freedom                    10
          P-Value                           0.0000
          Scaling Correction Factor         1.9721
            for MLR

Chi-Square Contribution From Each Group

          FULL                              33.550
          SHORT                             25.195

*   The chi-square value for MLM, MLMV, MLR, ULSMV, WLSM and WLSMV cannot be used
    for chi-square difference testing in the regular way.  MLM, MLR and WLSM
    chi-square difference testing is described on the Mplus website.  MLMV, WLSMV,
    and ULSMV difference testing is done using the DIFFTEST option.

RMSEA (Root Mean Square Error Of Approximation)

          Estimate                           0.067
          90 Percent C.I.                    0.051  0.084
          Probability RMSEA <= .05           0.043

CFI/TLI

          CFI                                0.933
          TLI                                0.866

Chi-Square Test of Model Fit for the Baseline Model

          Value                            750.220
          Degrees of Freedom                    20
          P-Value                           0.0000

SRMR (Standardized Root Mean Square Residual)

          Value                              0.039



MODEL RESULTS

                                                    Two-Tailed
                    Estimate       S.E.  Est./S.E.    P-Value

Group FULL

 F1       BY
    V133               1.000      0.000    999.000    999.000
    V135               1.356      0.176      7.728      0.000
    V136               1.139      0.126      9.015      0.000
    V138               1.391      0.188      7.381      0.000
    V141               1.030      0.184      5.589      0.000

 Means
    F1                 0.000      0.000    999.000    999.000

 Intercepts
    V133               7.419      0.115     64.517      0.000
    V135               9.039      0.097     93.329      0.000
    V136               7.407      0.110     67.214      0.000
    V138               8.514      0.107     79.917      0.000
    V141               9.441      0.078    121.495      0.000

 Variances
    F1                 1.267      0.286      4.429      0.000

 Residual Variances
    V133               5.075      0.406     12.486      0.000
    V135               2.022      0.396      5.109      0.000
    V136               4.327      0.406     10.650      0.000
    V138               3.245      0.433      7.501      0.000
    V141               1.679      0.320      5.242      0.000

Group SHORT

 F1       BY
    V133               1.000      0.000    999.000    999.000
    V135               1.185      0.131      9.082      0.000
    V136               1.272      0.112     11.393      0.000
    V138               1.270      0.155      8.217      0.000
    V141               0.922      0.136      6.803      0.000

 Means
    F1                 0.000      0.000    999.000    999.000

 Intercepts
    V133               7.704      0.072    106.736      0.000
    V135               9.150      0.059    154.016      0.000
    V136               7.897      0.070    113.205      0.000
    V138               8.772      0.065    134.867      0.000
    V141               9.369      0.059    158.763      0.000

 Variances
    F1                 1.224      0.227      5.393      0.000

 Residual Variances
    V133               4.562      0.263     17.346      0.000
    V135               1.864      0.231      8.064      0.000
    V136               3.566      0.228     15.651      0.000
    V138               2.902      0.294      9.858      0.000
    V141               2.536      0.341      7.433      0.000


STANDARDIZED MODEL RESULTS


STDYX Standardization

                                                    Two-Tailed
                    Estimate       S.E.  Est./S.E.    P-Value

Group FULL

 F1       BY
    V133               0.447      0.048      9.291      0.000
    V135               0.732      0.055     13.320      0.000
    V136               0.525      0.050     10.594      0.000
    V138               0.656      0.052     12.729      0.000
    V141               0.667      0.067      9.923      0.000

 Means
    F1                 0.000      0.000    999.000    999.000

 Intercepts
    V133               2.946      0.124     23.804      0.000
    V135               4.333      0.307     14.101      0.000
    V136               3.031      0.129     23.498      0.000
    V138               3.567      0.208     17.162      0.000
    V141               5.431      0.505     10.751      0.000

 Variances
    F1                 1.000      0.000    999.000    999.000

 Residual Variances
    V133               0.800      0.043     18.610      0.000
    V135               0.465      0.080      5.777      0.000
    V136               0.725      0.052     13.940      0.000
    V138               0.570      0.068      8.422      0.000
    V141               0.556      0.090      6.203      0.000

Group SHORT

 F1       BY
    V133               0.460      0.039     11.713      0.000
    V135               0.693      0.042     16.406      0.000
    V136               0.597      0.033     18.109      0.000
    V138               0.636      0.039     16.147      0.000
    V141               0.539      0.057      9.459      0.000

 Means
    F1                 0.000      0.000    999.000    999.000

 Intercepts
    V133               3.203      0.096     33.367      0.000
    V135               4.833      0.254     18.997      0.000
    V136               3.353      0.107     31.357      0.000
    V138               3.972      0.166     23.896      0.000
    V141               4.954      0.308     16.084      0.000

 Variances
    F1                 1.000      0.000    999.000    999.000

 Residual Variances
    V133               0.788      0.036     21.832      0.000
    V135               0.520      0.059      8.890      0.000
    V136               0.643      0.039     16.308      0.000
    V138               0.595      0.050     11.859      0.000
    V141               0.709      0.061     11.533      0.000


R-SQUARE

Group FULL

    Observed                                        Two-Tailed
    Variable        Estimate       S.E.  Est./S.E.    P-Value

    V133               0.200      0.043      4.646      0.000
    V135               0.535      0.080      6.660      0.000
    V136               0.275      0.052      5.297      0.000
    V138               0.430      0.068      6.365      0.000
    V141               0.444      0.090      4.961      0.000

Group SHORT

    Observed                                        Two-Tailed
    Variable        Estimate       S.E.  Est./S.E.    P-Value

    V133               0.212      0.036      5.857      0.000
    V135               0.480      0.059      8.203      0.000
    V136               0.357      0.039      9.054      0.000
    V138               0.405      0.050      8.073      0.000
    V141               0.291      0.061      4.729      0.000


QUALITY OF NUMERICAL RESULTS

     Condition Number for the Information Matrix              0.510E-03
       (ratio of smallest to largest eigenvalue)


MODEL MODIFICATION INDICES

NOTE:  Modification indices for direct effects of observed dependent variables
regressed on covariates may not be included.  To include these, request
MODINDICES (ALL).

Minimum M.I. value for printing the modification index    10.000

                                   M.I.     E.P.C.  Std E.P.C.  StdYX E.P.C.
Group FULL


WITH Statements

V136     WITH V133                27.648     1.618      1.618        0.345

Group SHORT


WITH Statements

V136     WITH V133                21.496     0.853      0.853        0.211



DIAGRAM INFORMATION

  Use View Diagram under the Diagram menu in the Mplus Editor to view the diagram.
  If running Mplus from the Mplus Diagrammer, the diagram opens automatically.

  Diagram output
    c:\users\msassac6\dropbox (the university of manchester)\papers\joe s\evs_mm_de_equivalence\mplus\eq\inv_data3_v133_

     Beginning Time:  08:31:53
        Ending Time:  08:31:54
       Elapsed Time:  00:00:01



MUTHEN & MUTHEN
3463 Stoner Ave.
Los Angeles, CA  90066

Tel: (310) 391-9971
Fax: (310) 391-8971
Web: www.StatModel.com
Support: Support@StatModel.com

Copyright (c) 1998-2017 Muthen & Muthen
