Mplus VERSION 8
MUTHEN & MUTHEN
07/06/2020   1:57 PM

INPUT INSTRUCTIONS

  TITLE: Your title goes here

   DATA: FILE = eq/data.dta;

   VARIABLE:

   NAMES = id_cocas weight comp_mode comp_len mode mm_matrix_group wei_mmf v2 v3 v4 v32
       v33 v34 v35 v36 v37 v46 v47 v48 v49 v50 v65 v66 v67 v68 v69 v70 v82 v83 v84 v98
       v99 v100 v101 v103 v104 v105 v106 v107 v115 v116 v117 v118 v119 v120 v121 v122
       v123 v124 v125 v126 v127 v128 v129 v130 v131 v132 v133 v134 v135 v136 v137 v138
       v139 v140 v141 v145 v146 v147 v148 v149 v150 v151 v152 v153 v154 v155 v156 v157
       v158 v159 v160 v161 v162 v163 v164 v165 v166 v167 v176 v177 v178 v179 v180 v181
       v182 v183 v185 v186 v187 v188 v189 v191 v192 v193 v194 v195 v196 v197 v199 v200
       v201 v202 v203 v205 v206 v207 v208 v209 v210 v211 v212 v213 v214 v215 v216 v217
       v218 v220 v221 v222 v223 v224 v267 v268 v269 v271 v272 v273;

   MISSING=.;

   USEVARIABLES ARE
   v164
   v165
   v166
   v167;

   CATEGORICAL ARE
   v164
   v165
   v166
   v167;

   GROUPING IS comp_mode (0=sm 1=mm);


   Analysis:

                  ESTIMATOR = WLSMV;

                  ITERATIONS = 100000;

                  PARAMETERIZATION = THETA;

  Model:


  f1 BY v164@1
  v165 (L2)
  v166 (L3)
  v167 (L4)
  ;


  [v164$1] (t_v164_1);
  [v164$2] (t_v164_2);
  [v164$3] (t_v164_3);

   [f1@0];
  [v165$1] (t_v165_1);
  [v165$2] (t_v165_2);
  [v165$3] (t_v165_3);

   [f1@0];
  [v166$1] (t_v166_1);
  [v166$2] (t_v166_2);
  [v166$3] (t_v166_3);

   [f1@0];
  [v167$1] (t_v167_1);
  [v167$2] (t_v167_2);
  [v167$3] (t_v167_3);

   [f1@0];

  Model mm:

  f1 BY v164@1
  v165 (L2)
  v166 (L3)
  v167 (L4)
  ;


  [v164$1] (t_v164_1);
  [v164$2] (t_v164_2);
  [v164$3] (t_v164_3);

   [f1@0];
  [v165$1] (t_v165_1);
  [v165$2] (t_v165_2);
  [v165$3] (t_v165_3);

   [f1@0];
  [v166$1] (t_v166_1);
  [v166$2] (t_v166_2);
  [v166$3] (t_v166_3);

   [f1@0];
  [v167$1] (t_v167_1);
  [v167$2] (t_v167_2);
  [v167$3] (t_v167_3);

   [f1@0];

   SAVEDATA: DIFFTEST IS v164_scalar.dat;

   OUTPUT: SAMPSTAT;

                                  MODINDICES;

                                  STDYX;




*** WARNING
  Data set contains unknown or missing values for GROUPING,
  PATTERN, COHORT, CLUSTER and/or STRATIFICATION variables.
  Number of cases with unknown or missing values:  3244
*** WARNING
  Data set contains cases with missing on all variables.
  These cases were not included in the analysis.
  Number of cases with missing on all variables:  19
   2 WARNING(S) FOUND IN THE INPUT INSTRUCTIONS



Your title goes here

SUMMARY OF ANALYSIS

Number of groups                                                 2
Number of observations
   Group SM                                                   1491
   Group MM                                                    662
   Total sample size                                          2153

Number of dependent variables                                    4
Number of independent variables                                  0
Number of continuous latent variables                            1

Observed dependent variables

  Binary and ordered categorical (ordinal)
   V164        V165        V166        V167

Continuous latent variables
   F1

Variables with special functions

  Grouping variable     COMP_MOD

Estimator                                                    WLSMV
Maximum number of iterations                                100000
Convergence criterion                                    0.500D-04
Maximum number of steepest descent iterations                   20
Maximum number of iterations for H1                           2000
Convergence criterion for H1                             0.100D-03
Parameterization                                             THETA
Link                                                        PROBIT

Input data file(s)
  eq/data.dta

Input data format  FREE


SUMMARY OF DATA

   Group SM
     Number of missing data patterns             4

   Group MM
     Number of missing data patterns            10


COVARIANCE COVERAGE OF DATA

Minimum covariance coverage value   0.100


     PROPORTION OF DATA PRESENT FOR SM


           Covariance Coverage
              V164          V165          V166          V167
              ________      ________      ________      ________
 V164           0.999
 V165           0.997         0.997
 V166           0.999         0.997         1.000
 V167           0.991         0.989         0.991         0.991


     PROPORTION OF DATA PRESENT FOR MM


           Covariance Coverage
              V164          V165          V166          V167
              ________      ________      ________      ________
 V164           0.994
 V165           0.985         0.988
 V166           0.976         0.970         0.980
 V167           0.958         0.953         0.952         0.962


UNIVARIATE PROPORTIONS AND COUNTS FOR CATEGORICAL VARIABLES

  Group SM
    V164
      Category 1    0.438          653.000
      Category 2    0.424          632.000
      Category 3    0.122          182.000
      Category 4    0.015           23.000
    V165
      Category 1    0.399          593.000
      Category 2    0.463          689.000
      Category 3    0.121          180.000
      Category 4    0.017           25.000
    V166
      Category 1    0.441          657.000
      Category 2    0.482          718.000
      Category 3    0.072          107.000
      Category 4    0.006            9.000
    V167
      Category 1    0.250          370.000
      Category 2    0.528          781.000
      Category 3    0.194          286.000
      Category 4    0.028           41.000

  Group MM
    V164
      Category 1    0.389          256.000
      Category 2    0.488          321.000
      Category 3    0.103           68.000
      Category 4    0.020           13.000
    V165
      Category 1    0.298          195.000
      Category 2    0.508          332.000
      Category 3    0.138           90.000
      Category 4    0.057           37.000
    V166
      Category 1    0.410          266.000
      Category 2    0.502          326.000
      Category 3    0.076           49.000
      Category 4    0.012            8.000
    V167
      Category 1    0.242          154.000
      Category 2    0.498          317.000
      Category 3    0.220          140.000
      Category 4    0.041           26.000


SAMPLE STATISTICS


     ESTIMATED SAMPLE STATISTICS FOR SM


           MEANS/INTERCEPTS/THRESHOLDS
              V164$1        V164$2        V164$3        V165$1        V165$2
              ________      ________      ________      ________      ________
               -0.155         1.091         2.159        -0.256         1.090


           MEANS/INTERCEPTS/THRESHOLDS
              V165$3        V166$1        V166$2        V166$3        V167$1
              ________      ________      ________      ________      ________
                2.125        -0.149         1.420         2.510        -0.673


           MEANS/INTERCEPTS/THRESHOLDS
              V167$2        V167$3
              ________      ________
                0.768         1.915


           CORRELATION MATRIX (WITH VARIANCES ON THE DIAGONAL)
              V164          V165          V166          V167
              ________      ________      ________      ________
 V164
 V165           0.689
 V166           0.418         0.511
 V167           0.185         0.279         0.548


     ESTIMATED SAMPLE STATISTICS FOR MM


           MEANS/INTERCEPTS/THRESHOLDS
              V164$1        V164$2        V164$3        V165$1        V165$2
              ________      ________      ________      ________      ________
               -0.282         1.160         2.059        -0.530         0.863


           MEANS/INTERCEPTS/THRESHOLDS
              V165$3        V166$1        V166$2        V166$3        V167$1
              ________      ________      ________      ________      ________
                1.584        -0.228         1.354         2.247        -0.701


           MEANS/INTERCEPTS/THRESHOLDS
              V167$2        V167$3
              ________      ________
                0.642         1.741


           CORRELATION MATRIX (WITH VARIANCES ON THE DIAGONAL)
              V164          V165          V166          V167
              ________      ________      ________      ________
 V164
 V165           0.697
 V166           0.482         0.514
 V167           0.205         0.209         0.488


THE MODEL ESTIMATION TERMINATED NORMALLY



MODEL FIT INFORMATION

Number of Free Parameters                       21

Chi-Square Test of Model Fit

          Value                            322.717*
          Degrees of Freedom                    15
          P-Value                           0.0000

Chi-Square Contribution From Each Group

          SM                               220.528
          MM                               102.189

*   The chi-square value for MLM, MLMV, MLR, ULSMV, WLSM and WLSMV cannot be used
    for chi-square difference testing in the regular way.  MLM, MLR and WLSM
    chi-square difference testing is described on the Mplus website.  MLMV, WLSMV,
    and ULSMV difference testing is done using the DIFFTEST option.

RMSEA (Root Mean Square Error Of Approximation)

          Estimate                           0.138
          90 Percent C.I.                    0.125  0.151
          Probability RMSEA <= .05           0.000

CFI/TLI

          CFI                                0.934
          TLI                                0.947

Chi-Square Test of Model Fit for the Baseline Model

          Value                           4660.906
          Degrees of Freedom                    12
          P-Value                           0.0000

WRMR (Weighted Root Mean Square Residual)

          Value                              4.297



MODEL RESULTS

                                                    Two-Tailed
                    Estimate       S.E.  Est./S.E.    P-Value

Group SM

 F1       BY
    V164               1.000      0.000    999.000    999.000
    V165               1.479      0.149      9.923      0.000
    V166               0.837      0.047     17.885      0.000
    V167               0.489      0.033     14.668      0.000

 Means
    F1                 0.000      0.000    999.000    999.000

 Thresholds
    V164$1            -0.290      0.041     -7.104      0.000
    V164$2             1.664      0.066     25.259      0.000
    V164$3             3.177      0.123     25.848      0.000
    V165$1            -0.658      0.063    -10.407      0.000
    V165$2             2.071      0.121     17.091      0.000
    V165$3             3.899      0.214     18.252      0.000
    V166$1            -0.240      0.038     -6.330      0.000
    V166$2             1.959      0.068     28.953      0.000
    V166$3             3.383      0.146     23.174      0.000
    V167$1            -0.803      0.036    -22.094      0.000
    V167$2             0.864      0.038     22.957      0.000
    V167$3             2.206      0.070     31.397      0.000

 Variances
    F1                 1.260      0.123     10.233      0.000

 Residual Variances
    V164               1.000      0.000    999.000    999.000
    V165               1.000      0.000    999.000    999.000
    V166               1.000      0.000    999.000    999.000
    V167               1.000      0.000    999.000    999.000

Group MM

 F1       BY
    V164               1.000      0.000    999.000    999.000
    V165               1.479      0.149      9.923      0.000
    V166               0.837      0.047     17.885      0.000
    V167               0.489      0.033     14.668      0.000

 Means
    F1                 0.000      0.000    999.000    999.000

 Thresholds
    V164$1            -0.290      0.041     -7.104      0.000
    V164$2             1.664      0.066     25.259      0.000
    V164$3             3.177      0.123     25.848      0.000
    V165$1            -0.658      0.063    -10.407      0.000
    V165$2             2.071      0.121     17.091      0.000
    V165$3             3.899      0.214     18.252      0.000
    V166$1            -0.240      0.038     -6.330      0.000
    V166$2             1.959      0.068     28.953      0.000
    V166$3             3.383      0.146     23.174      0.000
    V167$1            -0.803      0.036    -22.094      0.000
    V167$2             0.864      0.038     22.957      0.000
    V167$3             2.206      0.070     31.397      0.000

 Variances
    F1                 1.471      0.179      8.241      0.000

 Residual Variances
    V164               0.724      0.110      6.591      0.000
    V165               1.952      0.284      6.878      0.000
    V166               1.118      0.133      8.387      0.000
    V167               1.325      0.128     10.327      0.000


STANDARDIZED MODEL RESULTS


STDYX Standardization

                                                    Two-Tailed
                    Estimate       S.E.  Est./S.E.    P-Value

Group SM

 F1       BY
    V164               0.747      0.016     46.249      0.000
    V165               0.857      0.016     52.897      0.000
    V166               0.685      0.018     38.566      0.000
    V167               0.481      0.020     23.763      0.000

 Means
    F1                 0.000      0.000    999.000    999.000

 Thresholds
    V164$1            -0.193      0.027     -7.090      0.000
    V164$2             1.107      0.037     30.051      0.000
    V164$3             2.113      0.072     29.411      0.000
    V165$1            -0.340      0.029    -11.673      0.000
    V165$2             1.069      0.037     29.125      0.000
    V165$3             2.012      0.070     28.917      0.000
    V166$1            -0.175      0.028     -6.286      0.000
    V166$2             1.428      0.044     32.736      0.000
    V166$3             2.466      0.098     25.174      0.000
    V167$1            -0.704      0.032    -22.276      0.000
    V167$2             0.758      0.032     23.491      0.000
    V167$3             1.934      0.061     31.959      0.000

 Variances
    F1                 1.000      0.000    999.000    999.000

 Residual Variances
    V164               0.443      0.024     18.356      0.000
    V165               0.266      0.028      9.596      0.000
    V166               0.531      0.024     21.861      0.000
    V167               0.769      0.019     39.496      0.000

Group MM

 F1       BY
    V164               0.819      0.022     36.403      0.000
    V165               0.789      0.022     36.621      0.000
    V166               0.692      0.025     27.998      0.000
    V167               0.458      0.026     17.771      0.000

 Means
    F1                 0.000      0.000    999.000    999.000

 Thresholds
    V164$1            -0.196      0.028     -6.924      0.000
    V164$2             1.123      0.051     22.027      0.000
    V164$3             2.145      0.097     22.046      0.000
    V165$1            -0.290      0.027    -10.920      0.000
    V165$2             0.911      0.042     21.836      0.000
    V165$3             1.715      0.069     24.777      0.000
    V166$1            -0.164      0.026     -6.197      0.000
    V166$2             1.337      0.056     23.954      0.000
    V166$3             2.309      0.107     21.563      0.000
    V167$1            -0.620      0.033    -18.649      0.000
    V167$2             0.667      0.034     19.457      0.000
    V167$3             1.703      0.070     24.173      0.000

 Variances
    F1                 1.000      0.000    999.000    999.000

 Residual Variances
    V164               0.330      0.037      8.955      0.000
    V165               0.377      0.034     11.104      0.000
    V166               0.520      0.034     15.194      0.000
    V167               0.790      0.024     33.526      0.000


R-SQUARE

Group SM

    Observed                                        Two-Tailed     Scale
    Variable        Estimate       S.E.  Est./S.E.    P-Value     Factors

    V164               0.557      0.024     23.124      0.000      0.665
    V165               0.734      0.028     26.448      0.000      0.516
    V166               0.469      0.024     19.283      0.000      0.729
    V167               0.231      0.019     11.882      0.000      0.877

Group MM

    Observed                                        Two-Tailed     Scale
    Variable        Estimate       S.E.  Est./S.E.    P-Value     Factors

    V164               0.670      0.037     18.202      0.000      0.675
    V165               0.623      0.034     18.310      0.000      0.440
    V166               0.480      0.034     13.999      0.000      0.682
    V167               0.210      0.024      8.885      0.000      0.772


QUALITY OF NUMERICAL RESULTS

     Condition Number for the Information Matrix              0.145E-02
       (ratio of smallest to largest eigenvalue)


MODEL MODIFICATION INDICES

NOTE:  Modification indices for direct effects of observed dependent variables
regressed on covariates and residual covariances among observed dependent
variables may not be included.  To include these, request MODINDICES (ALL).

Minimum M.I. value for printing the modification index    10.000

                                   M.I.     E.P.C.  Std E.P.C.  StdYX E.P.C.
Group SM


WITH Statements

V165     WITH V164                71.438     0.902      0.902        0.902
V166     WITH V164                27.687    -0.410     -0.410       -0.410
V166     WITH V165                38.009    -0.627     -0.627       -0.627
V167     WITH V164                48.800    -0.409     -0.409       -0.409
V167     WITH V165                39.869    -0.482     -0.482       -0.482
V167     WITH V166               183.660     0.566      0.566        0.566

Means/Intercepts/Thresholds

[ V165     ]                      17.833    -0.333     -0.333       -0.172
[ F1       ]                      16.994    -0.135     -0.120       -0.120
[ V165$1   ]                      15.439     0.146      0.146        0.075

Group MM


WITH Statements

V165     WITH V164                16.233     0.504      0.504        0.424
V167     WITH V164                10.970    -0.221     -0.221       -0.226
V167     WITH V166                17.477     0.209      0.209        0.172

Means/Intercepts/Thresholds

[ V165     ]                      17.820     0.333      0.333        0.147
[ F1       ]                      16.998     0.135      0.111        0.111
[ V165$1   ]                      15.437    -0.258     -0.258       -0.114



SAVEDATA INFORMATION


  Difference testing

  Save file
    v164_scalar.dat
  Save format      Free

DIAGRAM INFORMATION

  Use View Diagram under the Diagram menu in the Mplus Editor to view the diagram.
  If running Mplus from the Mplus Diagrammer, the diagram opens automatically.

  Diagram output
    c:\users\msassac6\dropbox (the university of manchester)\papers\joe s\evs_mm_de_equivalence\mplus\eq\inv_data3_v164_

     Beginning Time:  13:57:18
        Ending Time:  13:57:19
       Elapsed Time:  00:00:01



MUTHEN & MUTHEN
3463 Stoner Ave.
Los Angeles, CA  90066

Tel: (310) 391-9971
Fax: (310) 391-8971
Web: www.StatModel.com
Support: Support@StatModel.com

Copyright (c) 1998-2017 Muthen & Muthen
