Mplus VERSION 8
MUTHEN & MUTHEN
07/13/2020   8:30 AM

INPUT INSTRUCTIONS

  TITLE: Your title goes here

   DATA: FILE = eq/data.dta;

   VARIABLE:

   NAMES = id_cocas weight comp_mode comp_len mode mm_matrix_group wei_mmf v2 v3 v4 v32
       v33 v34 v35 v36 v37 v46 v47 v48 v49 v50 v65 v66 v67 v68 v69 v70 v82 v83 v84 v98
       v99 v100 v101 v103 v104 v105 v106 v107 v115 v116 v117 v118 v119 v120 v121 v122
       v123 v124 v125 v126 v127 v128 v129 v130 v131 v132 v133 v134 v135 v136 v137 v138
       v139 v140 v141 v145 v146 v147 v148 v149 v150 v151 v152 v153 v154 v155 v156 v157
       v158 v159 v160 v161 v162 v163 v164 v165 v166 v167 v176 v177 v178 v179 v180 v181
       v182 v183 v185 v186 v187 v188 v189 v191 v192 v193 v194 v195 v196 v197 v199 v200
       v201 v202 v203 v205 v206 v207 v208 v209 v210 v211 v212 v213 v214 v215 v216 v217
       v218 v220 v221 v222 v223 v224 v267 v268 v269 v271 v272 v273;

   MISSING=.;

   USEVARIABLES ARE
   v176
   v177
   v178
   v179
   v180
   v181
   v182
   v183;

   CATEGORICAL ARE
   v176
   v177
   v178
   v179
   v180
   v181
   v182
   v183;

   GROUPING IS comp_len (0=full 1=short);

  WEIGHT IS weight;

   Analysis:

                  ESTIMATOR = WLSMV;

                  ITERATIONS = 100000;

                  PARAMETERIZATION = THETA;

  Model:


  f1 BY v176@1
  v177 (L2)
  v178 (L3)
  v179 (L4)
  v180 (L5)
  v181 (L6)
  v182 (L7)
  v183 (L8)
  ;


   [f1@0];
  [v176$1] (t_v176_1);
  [v176$2] (t_v176_2);
  [v176$3] (t_v176_3);

  [v177$1] (t_v177_1);
  [v177$2] (t_v177_2_full);
  [v177$3] (t_v177_3_full);

  [v178$1] (t_v178_1);
  [v178$2] (t_v178_2_full);
  [v178$3] (t_v178_3_full);

  [v179$1] (t_v179_1);
  [v179$2] (t_v179_2_full);
  [v179$3] (t_v179_3_full);

  [v180$1] (t_v180_1);
  [v180$2] (t_v180_2_full);
  [v180$3] (t_v180_3_full);

  [v181$1] (t_v181_1);
  [v181$2] (t_v181_2_full);
  [v181$3] (t_v181_3_full);

  [v182$1] (t_v182_1);
  [v182$2] (t_v182_2_full);
  [v182$3] (t_v182_3_full);

  [v183$1] (t_v183_1);
  [v183$2] (t_v183_2_full);
  [v183$3] (t_v183_3_full);


  Model short:

  f1 BY v176@1
  v177 (L2)
  v178 (L3)
  v179 (L4)
  v180 (L5)
  v181 (L6)
  v182 (L7)
  v183 (L8)
  ;


   [f1@0];
  [v176$1] (t_v176_1);
  [v176$2] (t_v176_2);
  [v176$3] (t_v176_3);

  [v177$1] (t_v177_1);
  [v177$2] (t_v177_2_short);
  [v177$3] (t_v177_3_short);

  [v178$1] (t_v178_1);
  [v178$2] (t_v178_2_short);
  [v178$3] (t_v178_3_short);

  [v179$1] (t_v179_1);
  [v179$2] (t_v179_2_short);
  [v179$3] (t_v179_3_short);

  [v180$1] (t_v180_1);
  [v180$2] (t_v180_2_short);
  [v180$3] (t_v180_3_short);

  [v181$1] (t_v181_1);
  [v181$2] (t_v181_2_short);
  [v181$3] (t_v181_3_short);

  [v182$1] (t_v182_1);
  [v182$2] (t_v182_2_short);
  [v182$3] (t_v182_3_short);

  [v183$1] (t_v183_1);
  [v183$2] (t_v183_2_short);
  [v183$3] (t_v183_3_short);


   SAVEDATA: DIFFTEST IS v176_metric.dat;

   OUTPUT: SAMPSTAT;

                                  MODINDICES;

                                  STDYX;




*** WARNING
  Data set contains unknown or missing values for GROUPING,
  PATTERN, COHORT, CLUSTER and/or STRATIFICATION variables.
  Number of cases with unknown or missing values:  1494
*** WARNING
  Data set contains cases with missing on all variables.
  These cases were not included in the analysis.
  Number of cases with missing on all variables:  1795
   2 WARNING(S) FOUND IN THE INPUT INSTRUCTIONS



Your title goes here

SUMMARY OF ANALYSIS

Number of groups                                                 2
Number of observations
   Group FULL                                                  639
   Group SHORT                                                1488
   Total sample size                                          2127

Number of dependent variables                                    8
Number of independent variables                                  0
Number of continuous latent variables                            1

Observed dependent variables

  Binary and ordered categorical (ordinal)
   V176        V177        V178        V179        V180        V181
   V182        V183

Continuous latent variables
   F1

Variables with special functions

  Grouping variable     COMP_LEN
  Weight variable       WEIGHT

Estimator                                                    WLSMV
Maximum number of iterations                                100000
Convergence criterion                                    0.500D-04
Maximum number of steepest descent iterations                   20
Maximum number of iterations for H1                           2000
Convergence criterion for H1                             0.100D-03
Parameterization                                             THETA
Link                                                        PROBIT

Input data file(s)
  eq/data.dta

Input data format  FREE


SUMMARY OF DATA

   Group FULL
     Number of missing data patterns            96

   Group SHORT
     Number of missing data patterns           129


COVARIANCE COVERAGE OF DATA

Minimum covariance coverage value   0.100


     PROPORTION OF DATA PRESENT FOR FULL


           Covariance Coverage
              V176          V177          V178          V179          V180
              ________      ________      ________      ________      ________
 V176           0.923
 V177           0.710         0.725
 V178           0.790         0.676         0.845
 V179           0.721         0.635         0.682         0.743
 V180           0.839         0.696         0.795         0.703         0.890
 V181           0.822         0.685         0.761         0.707         0.801
 V182           0.698         0.621         0.659         0.656         0.689
 V183           0.836         0.682         0.768         0.710         0.812


           Covariance Coverage
              V181          V182          V183
              ________      ________      ________
 V181           0.854
 V182           0.681         0.725
 V183           0.795         0.700         0.879


     PROPORTION OF DATA PRESENT FOR SHORT


           Covariance Coverage
              V176          V177          V178          V179          V180
              ________      ________      ________      ________      ________
 V176           0.912
 V177           0.711         0.733
 V178           0.803         0.694         0.858
 V179           0.691         0.622         0.664         0.715
 V180           0.864         0.712         0.830         0.690         0.932
 V181           0.816         0.688         0.762         0.674         0.819
 V182           0.674         0.608         0.654         0.624         0.679
 V183           0.815         0.696         0.781         0.683         0.827


           Covariance Coverage
              V181          V182          V183
              ________      ________      ________
 V181           0.849
 V182           0.655         0.700
 V183           0.776         0.677         0.871


UNIVARIATE PROPORTIONS AND COUNTS FOR CATEGORICAL VARIABLES

  Group FULL
    V176
      Category 1    0.577          338.878
      Category 2    0.350          205.576
      Category 3    0.049           28.587
      Category 4    0.024           14.382
    V177
      Category 1    0.029           12.846
      Category 2    0.125           55.182
      Category 3    0.354          155.878
      Category 4    0.492          216.860
    V178
      Category 1    0.142           75.257
      Category 2    0.365          194.085
      Category 3    0.302          160.390
      Category 4    0.191          101.514
    V179
      Category 1    0.043           20.012
      Category 2    0.116           53.323
      Category 3    0.299          137.894
      Category 4    0.542          250.088
    V180
      Category 1    0.202          111.650
      Category 2    0.555          306.634
      Category 3    0.172           95.242
      Category 4    0.071           39.130
    V181
      Category 1    0.559          298.605
      Category 2    0.388          207.254
      Category 3    0.043           22.970
      Category 4    0.010            5.540
    V182
      Category 1    0.067           29.282
      Category 2    0.145           63.110
      Category 3    0.288          125.406
      Category 4    0.500          217.632
    V183
      Category 1    0.015            8.453
      Category 2    0.010            5.386
      Category 3    0.113           62.358
      Category 4    0.861          473.402

  Group SHORT
    V176
      Category 1    0.624          838.496
      Category 2    0.299          402.227
      Category 3    0.063           84.713
      Category 4    0.014           18.306
    V177
      Category 1    0.022           23.579
      Category 2    0.144          152.872
      Category 3    0.332          351.429
      Category 4    0.501          530.764
    V178
      Category 1    0.169          212.641
      Category 2    0.378          474.907
      Category 3    0.288          361.798
      Category 4    0.164          206.037
    V179
      Category 1    0.033           34.583
      Category 2    0.103          107.341
      Category 3    0.282          295.215
      Category 4    0.582          607.989
    V180
      Category 1    0.210          288.322
      Category 2    0.502          688.681
      Category 3    0.228          312.893
      Category 4    0.060           82.414
    V181
      Category 1    0.573          716.370
      Category 2    0.359          449.122
      Category 3    0.055           68.753
      Category 4    0.012           15.141
    V182
      Category 1    0.077           79.377
      Category 2    0.141          143.947
      Category 3    0.291          298.188
      Category 4    0.491          502.874
    V183
      Category 1    0.003            4.111
      Category 2    0.011           14.205
      Category 3    0.064           81.194
      Category 4    0.922         1173.501


SAMPLE STATISTICS


     ESTIMATED SAMPLE STATISTICS FOR FULL


           MEANS/INTERCEPTS/THRESHOLDS
              V176$1        V176$2        V176$3        V177$1        V177$2
              ________      ________      ________      ________      ________
                0.194         1.453         1.969        -1.894        -1.018


           MEANS/INTERCEPTS/THRESHOLDS
              V177$3        V178$1        V178$2        V178$3        V179$1
              ________      ________      ________      ________      ________
                0.020        -1.073         0.018         0.874        -1.713


           MEANS/INTERCEPTS/THRESHOLDS
              V179$2        V179$3        V180$1        V180$2        V180$3
              ________      ________      ________      ________      ________
               -0.999        -0.106        -0.834         0.696         1.470


           MEANS/INTERCEPTS/THRESHOLDS
              V181$1        V181$2        V181$3        V182$1        V182$2
              ________      ________      ________      ________      ________
                0.148         1.613         2.313        -1.497        -0.799


           MEANS/INTERCEPTS/THRESHOLDS
              V182$3        V183$1        V183$2        V183$3
              ________      ________      ________      ________
                0.000        -2.160        -1.957        -1.086


           CORRELATION MATRIX (WITH VARIANCES ON THE DIAGONAL)
              V176          V177          V178          V179          V180
              ________      ________      ________      ________      ________
 V176
 V177          -0.567
 V178          -0.318         0.596
 V179          -0.537         0.766         0.617
 V180           0.287        -0.298        -0.424        -0.188
 V181           0.670        -0.544        -0.410        -0.480         0.378
 V182          -0.468         0.641         0.552         0.790        -0.117
 V183          -0.433         0.699         0.473         0.763        -0.072


           CORRELATION MATRIX (WITH VARIANCES ON THE DIAGONAL)
              V181          V182          V183
              ________      ________      ________
 V182          -0.455
 V183          -0.305         0.731


     ESTIMATED SAMPLE STATISTICS FOR SHORT


           MEANS/INTERCEPTS/THRESHOLDS
              V176$1        V176$2        V176$3        V177$1        V177$2
              ________      ________      ________      ________      ________
                0.316         1.428         2.208        -2.009        -0.967


           MEANS/INTERCEPTS/THRESHOLDS
              V177$3        V178$1        V178$2        V178$3        V179$1
              ________      ________      ________      ________      ________
               -0.003        -0.957         0.120         0.978        -1.837


           MEANS/INTERCEPTS/THRESHOLDS
              V179$2        V179$3        V180$1        V180$2        V180$3
              ________      ________      ________      ________      ________
               -1.099        -0.206        -0.806         0.559         1.554


           MEANS/INTERCEPTS/THRESHOLDS
              V181$1        V181$2        V181$3        V182$1        V182$2
              ________      ________      ________      ________      ________
                0.185         1.497         2.253        -1.422        -0.779


           MEANS/INTERCEPTS/THRESHOLDS
              V182$3        V183$1        V183$2        V183$3
              ________      ________      ________      ________
                0.023        -2.724        -2.187        -1.417


           CORRELATION MATRIX (WITH VARIANCES ON THE DIAGONAL)
              V176          V177          V178          V179          V180
              ________      ________      ________      ________      ________
 V176
 V177          -0.546
 V178          -0.419         0.542
 V179          -0.612         0.709         0.475
 V180           0.338        -0.240        -0.366        -0.232
 V181           0.742        -0.495        -0.352        -0.520         0.472
 V182          -0.557         0.576         0.453         0.725        -0.330
 V183          -0.440         0.544         0.264         0.648        -0.100


           CORRELATION MATRIX (WITH VARIANCES ON THE DIAGONAL)
              V181          V182          V183
              ________      ________      ________
 V182          -0.546
 V183          -0.447         0.583


THE MODEL ESTIMATION TERMINATED NORMALLY



MODEL FIT INFORMATION

Number of Free Parameters                       55

Chi-Square Test of Model Fit

          Value                            417.454*
          Degrees of Freedom                    49
          P-Value                           0.0000

Chi-Square Contribution From Each Group

          FULL                             169.188
          SHORT                            248.266

*   The chi-square value for MLM, MLMV, MLR, ULSMV, WLSM and WLSMV cannot be used
    for chi-square difference testing in the regular way.  MLM, MLR and WLSM
    chi-square difference testing is described on the Mplus website.  MLMV, WLSMV,
    and ULSMV difference testing is done using the DIFFTEST option.

RMSEA (Root Mean Square Error Of Approximation)

          Estimate                           0.084
          90 Percent C.I.                    0.077  0.092
          Probability RMSEA <= .05           0.000

CFI/TLI

          CFI                                0.953
          TLI                                0.946

Chi-Square Test of Model Fit for the Baseline Model

          Value                           7813.145
          Degrees of Freedom                    56
          P-Value                           0.0000

WRMR (Weighted Root Mean Square Residual)

          Value                              2.651



MODEL RESULTS

                                                    Two-Tailed
                    Estimate       S.E.  Est./S.E.    P-Value

Group FULL

 F1       BY
    V176               1.000      0.000    999.000    999.000
    V177              -1.457      0.150     -9.741      0.000
    V178              -0.909      0.091    -10.011      0.000
    V179              -2.186      0.330     -6.618      0.000
    V180               0.414      0.055      7.494      0.000
    V181               0.890      0.116      7.678      0.000
    V182              -1.382      0.143     -9.696      0.000
    V183              -1.051      0.120     -8.791      0.000

 Means
    F1                 0.000      0.000    999.000    999.000

 Thresholds
    V176$1             0.354      0.047      7.602      0.000
    V176$2             1.792      0.123     14.567      0.000
    V176$3             2.691      0.181     14.899      0.000
    V177$1            -3.621      0.257    -14.078      0.000
    V177$2            -1.805      0.152    -11.905      0.000
    V177$3             0.035      0.114      0.310      0.757
    V178$1            -1.450      0.100    -14.561      0.000
    V178$2             0.024      0.081      0.294      0.769
    V178$3             1.184      0.091     12.997      0.000
    V179$1            -4.467      0.512     -8.727      0.000
    V179$2            -2.415      0.313     -7.714      0.000
    V179$3            -0.255      0.160     -1.598      0.110
    V180$1            -0.807      0.080    -10.093      0.000
    V180$2             0.754      0.067     11.311      0.000
    V180$3             1.593      0.091     17.442      0.000
    V181$1             0.197      0.043      4.548      0.000
    V181$2             2.167      0.165     13.119      0.000
    V181$3             3.107      0.213     14.561      0.000
    V182$1            -2.502      0.180    -13.882      0.000
    V182$2            -1.370      0.141     -9.731      0.000
    V182$3             0.001      0.111      0.007      0.994
    V183$1            -3.661      0.247    -14.815      0.000
    V183$2            -2.850      0.197    -14.459      0.000
    V183$3            -1.581      0.134    -11.832      0.000

 Variances
    F1                 1.014      0.175      5.786      0.000

 Residual Variances
    V176               1.000      0.000    999.000    999.000
    V177               1.000      0.000    999.000    999.000
    V178               1.000      0.000    999.000    999.000
    V179               1.000      0.000    999.000    999.000
    V180               1.000      0.000    999.000    999.000
    V181               1.000      0.000    999.000    999.000
    V182               1.000      0.000    999.000    999.000
    V183               1.000      0.000    999.000    999.000

Group SHORT

 F1       BY
    V176               1.000      0.000    999.000    999.000
    V177              -1.457      0.150     -9.741      0.000
    V178              -0.909      0.091    -10.011      0.000
    V179              -2.186      0.330     -6.618      0.000
    V180               0.414      0.055      7.494      0.000
    V181               0.890      0.116      7.678      0.000
    V182              -1.382      0.143     -9.696      0.000
    V183              -1.051      0.120     -8.791      0.000

 Means
    F1                 0.000      0.000    999.000    999.000

 Thresholds
    V176$1             0.354      0.047      7.602      0.000
    V176$2             1.792      0.123     14.567      0.000
    V176$3             2.691      0.181     14.899      0.000
    V177$1            -3.621      0.257    -14.078      0.000
    V177$2            -1.802      0.161    -11.171      0.000
    V177$3            -0.006      0.079     -0.080      0.936
    V178$1            -1.450      0.100    -14.561      0.000
    V178$2             0.181      0.063      2.887      0.004
    V178$3             1.481      0.137     10.809      0.000
    V179$1            -4.467      0.512     -8.727      0.000
    V179$2            -2.766      0.357     -7.747      0.000
    V179$3            -0.519      0.123     -4.239      0.000
    V180$1            -0.807      0.080    -10.093      0.000
    V180$2             0.538      0.076      7.089      0.000
    V180$3             1.495      0.185      8.079      0.000
    V181$1             0.197      0.043      4.548      0.000
    V181$2             1.597      0.221      7.235      0.000
    V181$3             2.403      0.350      6.870      0.000
    V182$1            -2.502      0.180    -13.882      0.000
    V182$2            -1.357      0.126    -10.766      0.000
    V182$3             0.040      0.076      0.526      0.599
    V183$1            -3.661      0.247    -14.815      0.000
    V183$2            -3.402      0.329    -10.345      0.000
    V183$3            -2.203      0.209    -10.522      0.000

 Variances
    F1                 0.944      0.148      6.360      0.000

 Residual Variances
    V176               0.494      0.078      6.301      0.000
    V177               1.465      0.256      5.721      0.000
    V178               1.513      0.247      6.129      0.000
    V179               1.821      0.477      3.816      0.000
    V180               0.763      0.178      4.283      0.000
    V181               0.389      0.116      3.342      0.001
    V182               1.229      0.211      5.823      0.000
    V183               1.373      0.277      4.964      0.000


STANDARDIZED MODEL RESULTS


STDYX Standardization

                                                    Two-Tailed
                    Estimate       S.E.  Est./S.E.    P-Value

Group FULL

 F1       BY
    V176               0.710      0.030     23.306      0.000
    V177              -0.826      0.024    -33.934      0.000
    V178              -0.675      0.030    -22.736      0.000
    V179              -0.910      0.022    -41.974      0.000
    V180               0.385      0.037     10.310      0.000
    V181               0.667      0.041     16.443      0.000
    V182              -0.812      0.024    -34.047      0.000
    V183              -0.727      0.036    -19.933      0.000

 Means
    F1                 0.000      0.000    999.000    999.000

 Thresholds
    V176$1             0.249      0.031      8.163      0.000
    V176$2             1.263      0.070     18.050      0.000
    V176$3             1.896      0.105     18.095      0.000
    V177$1            -2.040      0.132    -15.427      0.000
    V177$2            -1.017      0.083    -12.283      0.000
    V177$3             0.020      0.065      0.309      0.757
    V178$1            -1.070      0.066    -16.213      0.000
    V178$2             0.018      0.060      0.293      0.769
    V178$3             0.874      0.066     13.286      0.000
    V179$1            -1.847      0.118    -15.608      0.000
    V179$2            -0.999      0.087    -11.539      0.000
    V179$3            -0.106      0.065     -1.636      0.102
    V180$1            -0.745      0.067    -11.172      0.000
    V180$2             0.696      0.064     10.956      0.000
    V180$3             1.470      0.090     16.351      0.000
    V181$1             0.147      0.030      4.946      0.000
    V181$2             1.614      0.110     14.613      0.000
    V181$3             2.314      0.162     14.275      0.000
    V182$1            -1.460      0.088    -16.669      0.000
    V182$2            -0.799      0.076    -10.521      0.000
    V182$3             0.000      0.065      0.007      0.994
    V183$1            -2.514      0.153    -16.393      0.000
    V183$2            -1.957      0.134    -14.599      0.000
    V183$3            -1.086      0.079    -13.793      0.000

 Variances
    F1                 1.000      0.000    999.000    999.000

 Residual Variances
    V176               0.497      0.043     11.494      0.000
    V177               0.317      0.040      7.888      0.000
    V178               0.544      0.040     13.578      0.000
    V179               0.171      0.039      4.330      0.000
    V180               0.852      0.029     29.600      0.000
    V181               0.555      0.054     10.236      0.000
    V182               0.340      0.039      8.786      0.000
    V183               0.472      0.053      8.900      0.000

Group SHORT

 F1       BY
    V176               0.810      0.018     46.252      0.000
    V177              -0.760      0.021    -35.547      0.000
    V178              -0.583      0.024    -24.102      0.000
    V179              -0.844      0.017    -48.741      0.000
    V180               0.419      0.027     15.514      0.000
    V181               0.811      0.020     41.009      0.000
    V182              -0.771      0.019    -41.307      0.000
    V183              -0.657      0.033    -19.808      0.000

 Means
    F1                 0.000      0.000    999.000    999.000

 Thresholds
    V176$1             0.295      0.034      8.581      0.000
    V176$2             1.494      0.055     27.345      0.000
    V176$3             2.244      0.086     26.106      0.000
    V177$1            -1.944      0.088    -22.189      0.000
    V177$2            -0.968      0.054    -17.851      0.000
    V177$3            -0.003      0.043     -0.080      0.936
    V178$1            -0.958      0.043    -22.350      0.000
    V178$2             0.120      0.039      3.047      0.002
    V178$3             0.978      0.046     21.197      0.000
    V179$1            -1.775      0.080    -22.272      0.000
    V179$2            -1.099      0.056    -19.720      0.000
    V179$3            -0.206      0.043     -4.748      0.000
    V180$1            -0.839      0.042    -19.783      0.000
    V180$2             0.559      0.041     13.652      0.000
    V180$3             1.554      0.063     24.522      0.000
    V181$1             0.185      0.036      5.163      0.000
    V181$2             1.497      0.072     20.840      0.000
    V181$3             2.254      0.134     16.781      0.000
    V182$1            -1.437      0.060    -24.116      0.000
    V182$2            -0.779      0.050    -15.595      0.000
    V182$3             0.023      0.044      0.530      0.596
    V183$1            -2.355      0.137    -17.160      0.000
    V183$2            -2.188      0.114    -19.271      0.000
    V183$3            -1.417      0.061    -23.093      0.000

 Variances
    F1                 1.000      0.000    999.000    999.000

 Residual Variances
    V176               0.344      0.028     12.109      0.000
    V177               0.422      0.032     12.999      0.000
    V178               0.660      0.028     23.381      0.000
    V179               0.287      0.029      9.833      0.000
    V180               0.825      0.023     36.502      0.000
    V181               0.342      0.032     10.654      0.000
    V182               0.405      0.029     14.070      0.000
    V183               0.568      0.044     13.041      0.000


R-SQUARE

Group FULL

    Observed                                        Two-Tailed     Scale
    Variable        Estimate       S.E.  Est./S.E.    P-Value     Factors

    V176               0.503      0.043     11.653      0.000      0.705
    V177               0.683      0.040     16.967      0.000      0.563
    V178               0.456      0.040     11.368      0.000      0.738
    V179               0.829      0.039     20.987      0.000      0.414
    V180               0.148      0.029      5.155      0.000      0.923
    V181               0.445      0.054      8.221      0.000      0.745
    V182               0.660      0.039     17.024      0.000      0.583
    V183               0.528      0.053      9.966      0.000      0.687

Group SHORT

    Observed                                        Two-Tailed     Scale
    Variable        Estimate       S.E.  Est./S.E.    P-Value     Factors

    V176               0.656      0.028     23.126      0.000      0.834
    V177               0.578      0.032     17.773      0.000      0.537
    V178               0.340      0.028     12.051      0.000      0.660
    V179               0.713      0.029     24.370      0.000      0.397
    V180               0.175      0.023      7.757      0.000      1.039
    V181               0.658      0.032     20.504      0.000      0.938
    V182               0.595      0.029     20.654      0.000      0.574
    V183               0.432      0.044      9.904      0.000      0.643


QUALITY OF NUMERICAL RESULTS

     Condition Number for the Information Matrix              0.367E-03
       (ratio of smallest to largest eigenvalue)


MODEL MODIFICATION INDICES

NOTE:  Modification indices for direct effects of observed dependent variables
regressed on covariates and residual covariances among observed dependent
variables may not be included.  To include these, request MODINDICES (ALL).

Minimum M.I. value for printing the modification index    10.000

                                   M.I.     E.P.C.  Std E.P.C.  StdYX E.P.C.
Group FULL


BY Statements

F1       BY V176                  11.104    -0.299     -0.302       -0.213
F1       BY V183                  15.550    -0.147     -0.148       -0.102

WITH Statements

V178     WITH V176                14.031     0.389      0.389        0.389
V180     WITH V178                21.612    -0.298     -0.298       -0.298
V181     WITH V176                43.094     0.559      0.559        0.559
V181     WITH V179                10.831     0.599      0.599        0.599
V182     WITH V180                13.798     0.418      0.418        0.418
V183     WITH V179                10.716     0.635      0.635        0.635
V183     WITH V180                18.580     0.381      0.381        0.381

Variances/Residual Variances

V177                             999.000     0.000      0.000        0.000

Means/Intercepts/Thresholds

[ V183     ]                      15.798    -1.773     -1.773       -1.218
[ V176$2   ]                      10.940     0.227      0.227        0.160
[ V183$1   ]                      15.952     0.290      0.290        0.200

Group SHORT


BY Statements

F1       BY V176                  11.134     0.300      0.291        0.243
F1       BY V183                  15.583     0.358      0.348        0.224

WITH Statements

V177     WITH V176                18.923     0.485      0.485        0.570
V178     WITH V176                12.681     0.352      0.352        0.407
V178     WITH V177                36.549     0.821      0.821        0.551
V179     WITH V176                26.974     0.883      0.883        0.930
V179     WITH V177                27.228     1.074      1.074        0.657
V180     WITH V177                17.759     0.462      0.462        0.437
V180     WITH V178                51.485    -0.450     -0.450       -0.419
V180     WITH V179                34.743     0.897      0.897        0.761
V181     WITH V176               366.829     1.217      1.217        2.776
V181     WITH V177                34.644     0.607      0.607        0.804
V181     WITH V178                31.054     0.511      0.511        0.666
V181     WITH V179                89.843     1.456      1.456        1.730
V181     WITH V180                62.754     0.437      0.437        0.802
V182     WITH V176                16.601     0.477      0.477        0.612
V182     WITH V179                45.035     1.249      1.249        0.835
V182     WITH V181                24.759     0.517      0.517        0.748
V183     WITH V176                10.340     0.451      0.451        0.548
V183     WITH V180                16.936     0.344      0.344        0.336

Means/Intercepts/Thresholds

[ V183     ]                      15.472     1.754      1.754        1.129
[ V176$2   ]                      10.949    -0.386     -0.386       -0.322
[ V183$1   ]                      15.758    -1.482     -1.482       -0.953



SAVEDATA INFORMATION


  Difference testing

  Save file
    v176_metric.dat
  Save format      Free

DIAGRAM INFORMATION

  Use View Diagram under the Diagram menu in the Mplus Editor to view the diagram.
  If running Mplus from the Mplus Diagrammer, the diagram opens automatically.

  Diagram output
    c:\users\msassac6\dropbox (the university of manchester)\papers\joe s\evs_mm_de_equivalence\mplus\eq\inv_data3_v176_

     Beginning Time:  08:30:21
        Ending Time:  08:30:22
       Elapsed Time:  00:00:01



MUTHEN & MUTHEN
3463 Stoner Ave.
Los Angeles, CA  90066

Tel: (310) 391-9971
Fax: (310) 391-8971
Web: www.StatModel.com
Support: Support@StatModel.com

Copyright (c) 1998-2017 Muthen & Muthen
