Mplus VERSION 8
MUTHEN & MUTHEN
07/13/2020   8:31 AM

INPUT INSTRUCTIONS

  TITLE: Your title goes here

   DATA: FILE = eq/data.dta;

   VARIABLE:

   NAMES = id_cocas weight comp_mode comp_len mode mm_matrix_group wei_mmf v2 v3 v4 v32
       v33 v34 v35 v36 v37 v46 v47 v48 v49 v50 v65 v66 v67 v68 v69 v70 v82 v83 v84 v98
       v99 v100 v101 v103 v104 v105 v106 v107 v115 v116 v117 v118 v119 v120 v121 v122
       v123 v124 v125 v126 v127 v128 v129 v130 v131 v132 v133 v134 v135 v136 v137 v138
       v139 v140 v141 v145 v146 v147 v148 v149 v150 v151 v152 v153 v154 v155 v156 v157
       v158 v159 v160 v161 v162 v163 v164 v165 v166 v167 v176 v177 v178 v179 v180 v181
       v182 v183 v185 v186 v187 v188 v189 v191 v192 v193 v194 v195 v196 v197 v199 v200
       v201 v202 v203 v205 v206 v207 v208 v209 v210 v211 v212 v213 v214 v215 v216 v217
       v218 v220 v221 v222 v223 v224 v267 v268 v269 v271 v272 v273;

   MISSING=.;

   USEVARIABLES ARE
   v145
   v146
   v147
   v148;

   CATEGORICAL ARE
   v145
   v146
   v147
   v148;

   GROUPING IS comp_mode (0=sm 1=mm);

  WEIGHT IS weight;

   Analysis:

                  ESTIMATOR = WLSMV;

                  ITERATIONS = 100000;

                  PARAMETERIZATION = THETA;

  Model:


  f1 BY v145@1
  v146 (L2)
  v147 (L3)
  v148 (L4)
  ;


   [f1@0];
  [v145$1] (t_v145_1);
  [v145$2] (t_v145_2);
  [v145$3] (t_v145_3);

  [v146$1] (t_v146_1);
  [v146$2] (t_v146_2);
  [v146$3] (t_v146_3);

  [v147$1] (t_v147_1);
  [v147$2] (t_v147_2);
  [v147$3] (t_v147_3);

  [v148$1] (t_v148_1);
  [v148$2] (t_v148_2);
  [v148$3] (t_v148_3);


  Model mm:

  f1 BY v145@1
  v146 (L2)
  v147 (L3)
  v148 (L4)
  ;


   [f1@0];
  [v145$1] (t_v145_1);
  [v145$2] (t_v145_2);
  [v145$3] (t_v145_3);

  [v146$1] (t_v146_1);
  [v146$2] (t_v146_2);
  [v146$3] (t_v146_3);

  [v147$1] (t_v147_1);
  [v147$2] (t_v147_2);
  [v147$3] (t_v147_3);

  [v148$1] (t_v148_1);
  [v148$2] (t_v148_2);
  [v148$3] (t_v148_3);


   SAVEDATA: DIFFTEST IS v145_scalar.dat;

   OUTPUT: SAMPSTAT;

                                  MODINDICES;

                                  STDYX;




*** WARNING
  Data set contains unknown or missing values for GROUPING,
  PATTERN, COHORT, CLUSTER and/or STRATIFICATION variables.
  Number of cases with unknown or missing values:  3244
*** WARNING
  Data set contains cases with missing on all variables.
  These cases were not included in the analysis.
  Number of cases with missing on all variables:  39
   2 WARNING(S) FOUND IN THE INPUT INSTRUCTIONS



Your title goes here

SUMMARY OF ANALYSIS

Number of groups                                                 2
Number of observations
   Group SM                                                   1487
   Group MM                                                    646
   Total sample size                                          2133

Number of dependent variables                                    4
Number of independent variables                                  0
Number of continuous latent variables                            1

Observed dependent variables

  Binary and ordered categorical (ordinal)
   V145        V146        V147        V148

Continuous latent variables
   F1

Variables with special functions

  Grouping variable     COMP_MOD
  Weight variable       WEIGHT

Estimator                                                    WLSMV
Maximum number of iterations                                100000
Convergence criterion                                    0.500D-04
Maximum number of steepest descent iterations                   20
Maximum number of iterations for H1                           2000
Convergence criterion for H1                             0.100D-03
Parameterization                                             THETA
Link                                                        PROBIT

Input data file(s)
  eq/data.dta

Input data format  FREE


SUMMARY OF DATA

   Group SM
     Number of missing data patterns            12

   Group MM
     Number of missing data patterns            14


COVARIANCE COVERAGE OF DATA

Minimum covariance coverage value   0.100


     PROPORTION OF DATA PRESENT FOR SM


           Covariance Coverage
              V145          V146          V147          V148
              ________      ________      ________      ________
 V145           0.968
 V146           0.937         0.957
 V147           0.966         0.954         0.994
 V148           0.964         0.952         0.986         0.992


     PROPORTION OF DATA PRESENT FOR MM


           Covariance Coverage
              V145          V146          V147          V148
              ________      ________      ________      ________
 V145           0.879
 V146           0.799         0.873
 V147           0.864         0.850         0.964
 V148           0.842         0.828         0.926         0.950


UNIVARIATE PROPORTIONS AND COUNTS FOR CATEGORICAL VARIABLES

  Group SM
    V145
      Category 1    0.026           36.882
      Category 2    0.174          249.549
      Category 3    0.267          383.203
      Category 4    0.533          764.822
    V146
      Category 1    0.059           83.378
      Category 2    0.357          505.243
      Category 3    0.369          522.441
      Category 4    0.215          304.940
    V147
      Category 1    0.005            7.277
      Category 2    0.017           24.498
      Category 3    0.131          192.629
      Category 4    0.848         1250.820
    V148
      Category 1    0.743         1094.098
      Category 2    0.241          355.443
      Category 3    0.010           15.117
      Category 4    0.006            8.690

  Group MM
    V145
      Category 1    0.048           26.530
      Category 2    0.195          108.589
      Category 3    0.241          134.083
      Category 4    0.516          286.533
    V146
      Category 1    0.079           43.869
      Category 2    0.375          208.026
      Category 3    0.336          186.155
      Category 4    0.210          116.633
    V147
      Category 1    0.009            5.286
      Category 2    0.005            3.063
      Category 3    0.168          103.515
      Category 4    0.819          505.250
    V148
      Category 1    0.675          410.838
      Category 2    0.302          183.934
      Category 3    0.008            4.888
      Category 4    0.014            8.664


SAMPLE STATISTICS


     ESTIMATED SAMPLE STATISTICS FOR SM


           MEANS/INTERCEPTS/THRESHOLDS
              V145$1        V145$2        V145$3        V146$1        V146$2
              ________      ________      ________      ________      ________
               -1.948        -0.843        -0.083        -1.564        -0.213


           MEANS/INTERCEPTS/THRESHOLDS
              V146$3        V147$1        V147$2        V147$3        V148$1
              ________      ________      ________      ________      ________
                0.788        -2.581        -2.023        -1.027         0.651


           MEANS/INTERCEPTS/THRESHOLDS
              V148$2        V148$3
              ________      ________
                2.140         2.518


           CORRELATION MATRIX (WITH VARIANCES ON THE DIAGONAL)
              V145          V146          V147          V148
              ________      ________      ________      ________
 V145
 V146           0.352
 V147           0.463         0.279
 V148          -0.387        -0.187        -0.493


     ESTIMATED SAMPLE STATISTICS FOR MM


           MEANS/INTERCEPTS/THRESHOLDS
              V145$1        V145$2        V145$3        V146$1        V146$2
              ________      ________      ________      ________      ________
               -1.667        -0.696        -0.039        -1.411        -0.115


           MEANS/INTERCEPTS/THRESHOLDS
              V146$3        V147$1        V147$2        V147$3        V148$1
              ________      ________      ________      ________      ________
                0.805        -2.384        -2.211        -0.911         0.455


           MEANS/INTERCEPTS/THRESHOLDS
              V148$2        V148$3
              ________      ________
                2.009         2.191


           CORRELATION MATRIX (WITH VARIANCES ON THE DIAGONAL)
              V145          V146          V147          V148
              ________      ________      ________      ________
 V145
 V146           0.370
 V147           0.569         0.431
 V148          -0.363        -0.186        -0.329


THE MODEL ESTIMATION TERMINATED NORMALLY



MODEL FIT INFORMATION

Number of Free Parameters                       21

Chi-Square Test of Model Fit

          Value                             28.128*
          Degrees of Freedom                    15
          P-Value                           0.0208

Chi-Square Contribution From Each Group

          SM                                15.371
          MM                                12.758

*   The chi-square value for MLM, MLMV, MLR, ULSMV, WLSM and WLSMV cannot be used
    for chi-square difference testing in the regular way.  MLM, MLR and WLSM
    chi-square difference testing is described on the Mplus website.  MLMV, WLSMV,
    and ULSMV difference testing is done using the DIFFTEST option.

RMSEA (Root Mean Square Error Of Approximation)

          Estimate                           0.029
          90 Percent C.I.                    0.011  0.045
          Probability RMSEA <= .05           0.987

CFI/TLI

          CFI                                0.984
          TLI                                0.987

Chi-Square Test of Model Fit for the Baseline Model

          Value                            844.474
          Degrees of Freedom                    12
          P-Value                           0.0000

WRMR (Weighted Root Mean Square Residual)

          Value                              1.189



MODEL RESULTS

                                                    Two-Tailed
                    Estimate       S.E.  Est./S.E.    P-Value

Group SM

 F1       BY
    V145               1.000      0.000    999.000    999.000
    V146               0.502      0.067      7.525      0.000
    V147               1.006      0.160      6.270      0.000
    V148              -0.666      0.094     -7.096      0.000

 Means
    F1                 0.000      0.000    999.000    999.000

 Thresholds
    V145$1            -2.752      0.157    -17.506      0.000
    V145$2            -1.183      0.076    -15.599      0.000
    V145$3            -0.107      0.045     -2.375      0.018
    V146$1            -1.727      0.066    -26.150      0.000
    V146$2            -0.213      0.035     -6.096      0.000
    V146$3             0.900      0.042     21.423      0.000
    V147$1            -3.620      0.255    -14.188      0.000
    V147$2            -2.961      0.203    -14.584      0.000
    V147$3            -1.428      0.105    -13.650      0.000
    V148$1             0.765      0.049     15.584      0.000
    V148$2             2.646      0.128     20.632      0.000
    V148$3             3.070      0.161     19.050      0.000

 Variances
    F1                 1.009      0.185      5.461      0.000

 Residual Variances
    V145               1.000      0.000    999.000    999.000
    V146               1.000      0.000    999.000    999.000
    V147               1.000      0.000    999.000    999.000
    V148               1.000      0.000    999.000    999.000

Group MM

 F1       BY
    V145               1.000      0.000    999.000    999.000
    V146               0.502      0.067      7.525      0.000
    V147               1.006      0.160      6.270      0.000
    V148              -0.666      0.094     -7.096      0.000

 Means
    F1                 0.000      0.000    999.000    999.000

 Thresholds
    V145$1            -2.752      0.157    -17.506      0.000
    V145$2            -1.183      0.076    -15.599      0.000
    V145$3            -0.107      0.045     -2.375      0.018
    V146$1            -1.727      0.066    -26.150      0.000
    V146$2            -0.213      0.035     -6.096      0.000
    V146$3             0.900      0.042     21.423      0.000
    V147$1            -3.620      0.255    -14.188      0.000
    V147$2            -2.961      0.203    -14.584      0.000
    V147$3            -1.428      0.105    -13.650      0.000
    V148$1             0.765      0.049     15.584      0.000
    V148$2             2.646      0.128     20.632      0.000
    V148$3             3.070      0.161     19.050      0.000

 Variances
    F1                 1.329      0.296      4.486      0.000

 Residual Variances
    V145               1.349      0.261      5.161      0.000
    V146               1.055      0.122      8.615      0.000
    V147               0.832      0.191      4.361      0.000
    V148               1.706      0.357      4.781      0.000


STANDARDIZED MODEL RESULTS


STDYX Standardization

                                                    Two-Tailed
                    Estimate       S.E.  Est./S.E.    P-Value

Group SM

 F1       BY
    V145               0.709      0.032     21.944      0.000
    V146               0.450      0.031     14.456      0.000
    V147               0.711      0.041     17.308      0.000
    V148              -0.556      0.039    -14.410      0.000

 Means
    F1                 0.000      0.000    999.000    999.000

 Thresholds
    V145$1            -1.941      0.070    -27.717      0.000
    V145$2            -0.835      0.038    -21.900      0.000
    V145$3            -0.075      0.031     -2.407      0.016
    V146$1            -1.542      0.053    -28.849      0.000
    V146$2            -0.190      0.031     -6.124      0.000
    V146$3             0.803      0.035     22.752      0.000
    V147$1            -2.546      0.114    -22.297      0.000
    V147$2            -2.083      0.079    -26.460      0.000
    V147$3            -1.004      0.041    -24.389      0.000
    V148$1             0.636      0.035     17.986      0.000
    V148$2             2.200      0.093     23.570      0.000
    V148$3             2.552      0.120     21.288      0.000

 Variances
    F1                 1.000      0.000    999.000    999.000

 Residual Variances
    V145               0.498      0.046     10.874      0.000
    V146               0.797      0.028     28.388      0.000
    V147               0.495      0.058      8.477      0.000
    V148               0.691      0.043     16.120      0.000

Group MM

 F1       BY
    V145               0.705      0.044     15.989      0.000
    V146               0.491      0.040     12.419      0.000
    V147               0.786      0.048     16.229      0.000
    V148              -0.507      0.043    -11.876      0.000

 Means
    F1                 0.000      0.000    999.000    999.000

 Thresholds
    V145$1            -1.681      0.094    -17.805      0.000
    V145$2            -0.723      0.048    -15.136      0.000
    V145$3            -0.065      0.027     -2.389      0.017
    V146$1            -1.464      0.069    -21.136      0.000
    V146$2            -0.181      0.030     -6.020      0.000
    V146$3             0.763      0.042     18.072      0.000
    V147$1            -2.453      0.155    -15.791      0.000
    V147$2            -2.007      0.120    -16.723      0.000
    V147$3            -0.968      0.056    -17.437      0.000
    V148$1             0.505      0.043     11.603      0.000
    V148$2             1.747      0.146     11.998      0.000
    V148$3             2.026      0.176     11.493      0.000

 Variances
    F1                 1.000      0.000    999.000    999.000

 Residual Variances
    V145               0.504      0.062      8.113      0.000
    V146               0.759      0.039     19.533      0.000
    V147               0.382      0.076      5.018      0.000
    V148               0.743      0.043     17.202      0.000


R-SQUARE

Group SM

    Observed                                        Two-Tailed     Scale
    Variable        Estimate       S.E.  Est./S.E.    P-Value     Factors

    V145               0.502      0.046     10.972      0.000      0.706
    V146               0.203      0.028      7.228      0.000      0.893
    V147               0.505      0.058      8.654      0.000      0.703
    V148               0.309      0.043      7.205      0.000      0.831

Group MM

    Observed                                        Two-Tailed     Scale
    Variable        Estimate       S.E.  Est./S.E.    P-Value     Factors

    V145               0.496      0.062      7.994      0.000      0.611
    V146               0.241      0.039      6.209      0.000      0.848
    V147               0.618      0.076      8.115      0.000      0.678
    V148               0.257      0.043      5.938      0.000      0.660


QUALITY OF NUMERICAL RESULTS

     Condition Number for the Information Matrix              0.352E-02
       (ratio of smallest to largest eigenvalue)


MODEL MODIFICATION INDICES

NOTE:  Modification indices for direct effects of observed dependent variables
regressed on covariates and residual covariances among observed dependent
variables may not be included.  To include these, request MODINDICES (ALL).

Minimum M.I. value for printing the modification index    10.000

                                   M.I.     E.P.C.  Std E.P.C.  StdYX E.P.C.
Group SM


WITH Statements

V148     WITH V147                10.786    -0.308     -0.308       -0.308

Group MM


No modification indices above the minimum value.



SAVEDATA INFORMATION


  Difference testing

  Save file
    v145_scalar.dat
  Save format      Free

DIAGRAM INFORMATION

  Use View Diagram under the Diagram menu in the Mplus Editor to view the diagram.
  If running Mplus from the Mplus Diagrammer, the diagram opens automatically.

  Diagram output
    c:\users\msassac6\dropbox (the university of manchester)\papers\joe s\evs_mm_de_equivalence\mplus\eq\inv_data3_v145_

     Beginning Time:  08:31:12
        Ending Time:  08:31:13
       Elapsed Time:  00:00:01



MUTHEN & MUTHEN
3463 Stoner Ave.
Los Angeles, CA  90066

Tel: (310) 391-9971
Fax: (310) 391-8971
Web: www.StatModel.com
Support: Support@StatModel.com

Copyright (c) 1998-2017 Muthen & Muthen
