Mplus VERSION 8
MUTHEN & MUTHEN
07/13/2020   8:28 AM

INPUT INSTRUCTIONS

  TITLE: Your title goes here

   DATA: FILE = eq/data.dta;

   VARIABLE:

   NAMES = id_cocas weight comp_mode comp_len mode mm_matrix_group wei_mmf v2 v3 v4 v32
       v33 v34 v35 v36 v37 v46 v47 v48 v49 v50 v65 v66 v67 v68 v69 v70 v82 v83 v84 v98
       v99 v100 v101 v103 v104 v105 v106 v107 v115 v116 v117 v118 v119 v120 v121 v122
       v123 v124 v125 v126 v127 v128 v129 v130 v131 v132 v133 v134 v135 v136 v137 v138
       v139 v140 v141 v145 v146 v147 v148 v149 v150 v151 v152 v153 v154 v155 v156 v157
       v158 v159 v160 v161 v162 v163 v164 v165 v166 v167 v176 v177 v178 v179 v180 v181
       v182 v183 v185 v186 v187 v188 v189 v191 v192 v193 v194 v195 v196 v197 v199 v200
       v201 v202 v203 v205 v206 v207 v208 v209 v210 v211 v212 v213 v214 v215 v216 v217
       v218 v220 v221 v222 v223 v224 v267 v268 v269 v271 v272 v273;

   MISSING=.;

   USEVARIABLES ARE
   v212
   v213
   v214
   v215
   v216;

   GROUPING IS comp_len (0=full 1=short);

  WEIGHT IS weight;

   Analysis:

                  ESTIMATOR = MLR;
  Model:


  f1 BY v212@1
  v213 (L2)
  v214 (L3)
  v215 (L4)
  v216 (L5)
  ;

  v212 WITH v213; v215 WITH v216;


   [f1@0];[v212] (i1);
  [v213] (i2);
  [v214] (i3);
  [v215] (i4);
  [v216] (i5);


  Model short:

  f1 BY v212@1
  v213 (L2)
  v214 (L3)
  v215 (L4)
  v216 (L5)
  ;

  v212 WITH v213; v215 WITH v216;


   [f1@0];[v212] (i1);
  [v213] (i2);
  [v214] (i3);
  [v215] (i4);
  [v216] (i5);


   SAVEDATA: DIFFTEST IS v212_scalar.dat;

   OUTPUT: SAMPSTAT;

                                  MODINDICES;

                                  STDYX;




*** WARNING in SAVEDATA command
  The DIFFTEST option is available only for the estimators MLMV, WLSMV and ULSMV.
  Request for DIFFTEST will be ignored.
*** WARNING
  Data set contains unknown or missing values for GROUPING,
  PATTERN, COHORT, CLUSTER and/or STRATIFICATION variables.
  Number of cases with unknown or missing values:  1494
*** WARNING
  Data set contains cases with missing on all variables.
  These cases were not included in the analysis.
  Number of cases with missing on all variables:  1679
   3 WARNING(S) FOUND IN THE INPUT INSTRUCTIONS



Your title goes here

SUMMARY OF ANALYSIS

Number of groups                                                 2
Number of observations
   Group FULL                                                  658
   Group SHORT                                                1585
   Total sample size                                          2243

Number of dependent variables                                    5
Number of independent variables                                  0
Number of continuous latent variables                            1

Observed dependent variables

  Continuous
   V212        V213        V214        V215        V216

Continuous latent variables
   F1

Variables with special functions

  Grouping variable     COMP_LEN
  Weight variable       WEIGHT

Estimator                                                      MLR
Information matrix                                        OBSERVED
Maximum number of iterations                                  1000
Convergence criterion                                    0.500D-04
Maximum number of steepest descent iterations                   20
Maximum number of iterations for H1                           2000
Convergence criterion for H1                             0.100D-03

Input data file(s)
  eq/data.dta

Input data format  FREE


SUMMARY OF DATA

   Group FULL
     Number of missing data patterns            16

   Group SHORT
     Number of missing data patterns            21


COVARIANCE COVERAGE OF DATA

Minimum covariance coverage value   0.100


     PROPORTION OF DATA PRESENT FOR FULL


           Covariance Coverage
              V212          V213          V214          V215          V216
              ________      ________      ________      ________      ________
 V212           0.985
 V213           0.970         0.979
 V214           0.970         0.965         0.980
 V215           0.959         0.953         0.959         0.968
 V216           0.954         0.945         0.951         0.951         0.962


     PROPORTION OF DATA PRESENT FOR SHORT


           Covariance Coverage
              V212          V213          V214          V215          V216
              ________      ________      ________      ________      ________
 V212           0.991
 V213           0.970         0.974
 V214           0.966         0.956         0.970
 V215           0.956         0.949         0.951         0.960
 V216           0.956         0.946         0.946         0.946         0.964


SAMPLE STATISTICS


     ESTIMATED SAMPLE STATISTICS FOR FULL


           Means
              V212          V213          V214          V215          V216
              ________      ________      ________      ________      ________
                2.230         2.388         2.341         2.656         2.591


           Covariances
              V212          V213          V214          V215          V216
              ________      ________      ________      ________      ________
 V212           0.706
 V213           0.545         0.801
 V214           0.399         0.461         0.654
 V215           0.409         0.470         0.495         0.826
 V216           0.328         0.373         0.381         0.640         0.949


           Correlations
              V212          V213          V214          V215          V216
              ________      ________      ________      ________      ________
 V212           1.000
 V213           0.725         1.000
 V214           0.587         0.637         1.000
 V215           0.535         0.577         0.674         1.000
 V216           0.401         0.428         0.484         0.723         1.000


     ESTIMATED SAMPLE STATISTICS FOR SHORT


           Means
              V212          V213          V214          V215          V216
              ________      ________      ________      ________      ________
                2.240         2.368         2.297         2.470         2.418


           Covariances
              V212          V213          V214          V215          V216
              ________      ________      ________      ________      ________
 V212           0.727
 V213           0.547         0.766
 V214           0.424         0.504         0.683
 V215           0.341         0.453         0.471         0.717
 V216           0.281         0.388         0.359         0.562         0.850


           Correlations
              V212          V213          V214          V215          V216
              ________      ________      ________      ________      ________
 V212           1.000
 V213           0.733         1.000
 V214           0.601         0.697         1.000
 V215           0.473         0.611         0.674         1.000
 V216           0.357         0.480         0.471         0.720         1.000


     MAXIMUM LOG-LIKELIHOOD VALUE FOR THE UNRESTRICTED (H1) MODEL IS -10839.210


UNIVARIATE SAMPLE STATISTICS


     UNIVARIATE HIGHER-ORDER MOMENT DESCRIPTIVE STATISTICS FOR FULL

         Variable/         Mean/     Skewness/   Minimum/ % with                Percentiles
        Sample Size      Variance    Kurtosis    Maximum  Min/Max      20%/60%    40%/80%    Median

     V212                  2.236       0.637       1.000   16.51%       2.000      2.000      2.000
             648.000       0.706       0.562       5.000    1.08%       2.000      3.000
     V213                  2.380       0.511       1.000   13.35%       2.000      2.000      2.000
             644.000       0.790       0.297       5.000    2.48%       2.000      3.000
     V214                  2.336       0.444       1.000   12.56%       2.000      2.000      2.000
             645.000       0.647       0.553       5.000    1.40%       2.000      3.000
     V215                  2.655       0.320       1.000    7.22%       2.000      2.000      3.000
             637.000       0.819      -0.190       5.000    2.04%       3.000      3.000
     V216                  2.581       0.413       1.000   10.74%       2.000      2.000      2.000
             633.000       0.944      -0.200       5.000    2.69%       3.000      3.000


     UNIVARIATE HIGHER-ORDER MOMENT DESCRIPTIVE STATISTICS FOR SHORT

         Variable/         Mean/     Skewness/   Minimum/ % with                Percentiles
        Sample Size      Variance    Kurtosis    Maximum  Min/Max      20%/60%    40%/80%    Median

     V212                  2.243       0.506       1.000   17.96%       2.000      2.000      2.000
            1570.000       0.726       0.152       5.000    0.70%       2.000      3.000
     V213                  2.363       0.659       1.000   12.64%       2.000      2.000      2.000
            1543.000       0.762       0.549       5.000    1.88%       2.000      3.000
     V214                  2.293       0.540       1.000   13.66%       2.000      2.000      2.000
            1537.000       0.681       0.338       5.000    0.85%       2.000      3.000
     V215                  2.470       0.378       1.000   10.25%       2.000      2.000      2.000
            1522.000       0.713       0.148       5.000    1.12%       3.000      3.000
     V216                  2.409       0.343       1.000   14.40%       2.000      2.000      2.000
            1528.000       0.846      -0.225       5.000    1.31%       3.000      3.000


THE MODEL ESTIMATION TERMINATED NORMALLY



MODEL FIT INFORMATION

Number of Free Parameters                       25

Loglikelihood

          H0 Value                      -10874.570
          H0 Scaling Correction Factor      2.6278
            for MLR
          H1 Value                      -10839.210
          H1 Scaling Correction Factor      2.4045
            for MLR

Information Criteria

          Akaike (AIC)                   21799.139
          Bayesian (BIC)                 21942.028
          Sample-Size Adjusted BIC       21862.599
            (n* = (n + 2) / 24)

Chi-Square Test of Model Fit

          Value                             34.795*
          Degrees of Freedom                    15
          P-Value                           0.0026
          Scaling Correction Factor         2.0324
            for MLR

Chi-Square Contribution From Each Group

          FULL                              14.477
          SHORT                             20.318

*   The chi-square value for MLM, MLMV, MLR, ULSMV, WLSM and WLSMV cannot be used
    for chi-square difference testing in the regular way.  MLM, MLR and WLSM
    chi-square difference testing is described on the Mplus website.  MLMV, WLSMV,
    and ULSMV difference testing is done using the DIFFTEST option.

RMSEA (Root Mean Square Error Of Approximation)

          Estimate                           0.034
          90 Percent C.I.                    0.019  0.049
          Probability RMSEA <= .05           0.957

CFI/TLI

          CFI                                0.989
          TLI                                0.985

Chi-Square Test of Model Fit for the Baseline Model

          Value                           1788.987
          Degrees of Freedom                    20
          P-Value                           0.0000

SRMR (Standardized Root Mean Square Residual)

          Value                              0.029



MODEL RESULTS

                                                    Two-Tailed
                    Estimate       S.E.  Est./S.E.    P-Value

Group FULL

 F1       BY
    V212               1.000      0.000    999.000    999.000
    V213               1.208      0.038     31.638      0.000
    V214               1.276      0.057     22.566      0.000
    V215               1.168      0.055     21.376      0.000
    V216               0.921      0.055     16.882      0.000

 V212     WITH
    V213               0.170      0.031      5.468      0.000

 V215     WITH
    V216               0.278      0.054      5.167      0.000

 Means
    F1                 0.000      0.000    999.000    999.000

 Intercepts
    V212               2.237      0.021    106.440      0.000
    V213               2.376      0.022    110.141      0.000
    V214               2.310      0.020    113.584      0.000
    V215               2.521      0.022    117.236      0.000
    V216               2.464      0.023    105.653      0.000

 Variances
    F1                 0.318      0.034      9.398      0.000

 Residual Variances
    V212               0.385      0.035     10.850      0.000
    V213               0.365      0.060      6.051      0.000
    V214               0.150      0.036      4.184      0.000
    V215               0.359      0.055      6.549      0.000
    V216               0.669      0.067     10.045      0.000

Group SHORT

 F1       BY
    V212               1.000      0.000    999.000    999.000
    V213               1.208      0.038     31.638      0.000
    V214               1.276      0.057     22.566      0.000
    V215               1.168      0.055     21.376      0.000
    V216               0.921      0.055     16.882      0.000

 V212     WITH
    V213               0.155      0.025      6.337      0.000

 V215     WITH
    V216               0.230      0.027      8.558      0.000

 Means
    F1                 0.000      0.000    999.000    999.000

 Intercepts
    V212               2.237      0.021    106.440      0.000
    V213               2.376      0.022    110.141      0.000
    V214               2.310      0.020    113.584      0.000
    V215               2.521      0.022    117.236      0.000
    V216               2.464      0.023    105.653      0.000

 Variances
    F1                 0.323      0.028     11.375      0.000

 Residual Variances
    V212               0.407      0.031     13.020      0.000
    V213               0.287      0.030      9.612      0.000
    V214               0.153      0.022      6.792      0.000
    V215               0.297      0.026     11.375      0.000
    V216               0.587      0.035     16.949      0.000


STANDARDIZED MODEL RESULTS


STDYX Standardization

                                                    Two-Tailed
                    Estimate       S.E.  Est./S.E.    P-Value

Group FULL

 F1       BY
    V212               0.673      0.028     24.192      0.000
    V213               0.748      0.036     20.843      0.000
    V214               0.880      0.028     31.323      0.000
    V215               0.739      0.034     22.036      0.000
    V216               0.536      0.034     15.935      0.000

 V212     WITH
    V213               0.455      0.056      8.105      0.000

 V215     WITH
    V216               0.567      0.060      9.402      0.000

 Means
    F1                 0.000      0.000    999.000    999.000

 Intercepts
    V212               2.668      0.084     31.855      0.000
    V213               2.610      0.098     26.638      0.000
    V214               2.827      0.100     28.344      0.000
    V215               2.831      0.106     26.729      0.000
    V216               2.544      0.091     27.805      0.000

 Variances
    F1                 1.000      0.000    999.000    999.000

 Residual Variances
    V212               0.548      0.037     14.641      0.000
    V213               0.440      0.054      8.186      0.000
    V214               0.225      0.049      4.551      0.000
    V215               0.453      0.050      9.130      0.000
    V216               0.713      0.036     19.779      0.000

Group SHORT

 F1       BY
    V212               0.665      0.026     25.843      0.000
    V213               0.788      0.023     34.332      0.000
    V214               0.880      0.019     46.723      0.000
    V215               0.773      0.021     36.887      0.000
    V216               0.564      0.029     19.304      0.000

 V212     WITH
    V213               0.455      0.043     10.518      0.000

 V215     WITH
    V216               0.550      0.042     13.171      0.000

 Means
    F1                 0.000      0.000    999.000    999.000

 Intercepts
    V212               2.619      0.054     48.148      0.000
    V213               2.728      0.060     45.445      0.000
    V214               2.806      0.060     46.848      0.000
    V215               2.936      0.061     48.293      0.000
    V216               2.656      0.052     51.395      0.000

 Variances
    F1                 1.000      0.000    999.000    999.000

 Residual Variances
    V212               0.558      0.034     16.285      0.000
    V213               0.379      0.036     10.466      0.000
    V214               0.225      0.033      6.791      0.000
    V215               0.403      0.032     12.458      0.000
    V216               0.682      0.033     20.738      0.000


R-SQUARE

Group FULL

    Observed                                        Two-Tailed
    Variable        Estimate       S.E.  Est./S.E.    P-Value

    V212               0.452      0.037     12.096      0.000
    V213               0.560      0.054     10.421      0.000
    V214               0.775      0.049     15.661      0.000
    V215               0.547      0.050     11.018      0.000
    V216               0.287      0.036      7.967      0.000

Group SHORT

    Observed                                        Two-Tailed
    Variable        Estimate       S.E.  Est./S.E.    P-Value

    V212               0.442      0.034     12.922      0.000
    V213               0.621      0.036     17.166      0.000
    V214               0.775      0.033     23.361      0.000
    V215               0.597      0.032     18.444      0.000
    V216               0.318      0.033      9.652      0.000


QUALITY OF NUMERICAL RESULTS

     Condition Number for the Information Matrix              0.658E-02
       (ratio of smallest to largest eigenvalue)


MODEL MODIFICATION INDICES

NOTE:  Modification indices for direct effects of observed dependent variables
regressed on covariates may not be included.  To include these, request
MODINDICES (ALL).

Minimum M.I. value for printing the modification index    10.000

                                   M.I.     E.P.C.  Std E.P.C.  StdYX E.P.C.
Group FULL


No modification indices above the minimum value.

Group SHORT


No modification indices above the minimum value.



DIAGRAM INFORMATION

  Use View Diagram under the Diagram menu in the Mplus Editor to view the diagram.
  If running Mplus from the Mplus Diagrammer, the diagram opens automatically.

  Diagram output
    c:\users\msassac6\dropbox (the university of manchester)\papers\joe s\evs_mm_de_equivalence\mplus\eq\inv_data3_v212_

     Beginning Time:  08:28:36
        Ending Time:  08:28:36
       Elapsed Time:  00:00:00



MUTHEN & MUTHEN
3463 Stoner Ave.
Los Angeles, CA  90066

Tel: (310) 391-9971
Fax: (310) 391-8971
Web: www.StatModel.com
Support: Support@StatModel.com

Copyright (c) 1998-2017 Muthen & Muthen
