Mplus VERSION 8
MUTHEN & MUTHEN
07/13/2020   8:29 AM

INPUT INSTRUCTIONS

  TITLE: Your title goes here

   DATA: FILE = eq/data.dta;

   VARIABLE:

   NAMES = id_cocas weight comp_mode comp_len mode mm_matrix_group wei_mmf v2 v3 v4 v32
       v33 v34 v35 v36 v37 v46 v47 v48 v49 v50 v65 v66 v67 v68 v69 v70 v82 v83 v84 v98
       v99 v100 v101 v103 v104 v105 v106 v107 v115 v116 v117 v118 v119 v120 v121 v122
       v123 v124 v125 v126 v127 v128 v129 v130 v131 v132 v133 v134 v135 v136 v137 v138
       v139 v140 v141 v145 v146 v147 v148 v149 v150 v151 v152 v153 v154 v155 v156 v157
       v158 v159 v160 v161 v162 v163 v164 v165 v166 v167 v176 v177 v178 v179 v180 v181
       v182 v183 v185 v186 v187 v188 v189 v191 v192 v193 v194 v195 v196 v197 v199 v200
       v201 v202 v203 v205 v206 v207 v208 v209 v210 v211 v212 v213 v214 v215 v216 v217
       v218 v220 v221 v222 v223 v224 v267 v268 v269 v271 v272 v273;

   MISSING=.;

   USEVARIABLES ARE
   v205
   v206
   v207;

   CATEGORICAL ARE
   v205
   v206
   v207;

   GROUPING IS comp_len (0=full 1=short);

  WEIGHT IS weight;

   Analysis:

                  ESTIMATOR = WLSMV;

                  ITERATIONS = 100000;

                  PARAMETERIZATION = THETA;

  Model:


  f1 BY v205@1
  v206 (L2)
  v207 (L3)
  ;


   [f1@0];
  [v205$1] (t_v205_1);
  [v205$2] (t_v205_2);
  [v205$3] (t_v205_3);

  [v206$1] (t_v206_1);
  [v206$2] (t_v206_2_full);
  [v206$3] (t_v206_3_full);

  [v207$1] (t_v207_1);
  [v207$2] (t_v207_2_full);
  [v207$3] (t_v207_3_full);


  Model short:

  f1 BY v205@1
  v206 (L2)
  v207 (L3)
  ;


   [f1@0];
  [v205$1] (t_v205_1);
  [v205$2] (t_v205_2);
  [v205$3] (t_v205_3);

  [v206$1] (t_v206_1);
  [v206$2] (t_v206_2_short);
  [v206$3] (t_v206_3_short);

  [v207$1] (t_v207_1);
  [v207$2] (t_v207_2_short);
  [v207$3] (t_v207_3_short);


   SAVEDATA: DIFFTEST IS v205_metric.dat;

   OUTPUT: SAMPSTAT;

                                  MODINDICES;

                                  STDYX;




*** WARNING
  Data set contains unknown or missing values for GROUPING,
  PATTERN, COHORT, CLUSTER and/or STRATIFICATION variables.
  Number of cases with unknown or missing values:  1494
*** WARNING
  Data set contains cases with missing on all variables.
  These cases were not included in the analysis.
  Number of cases with missing on all variables:  1717
   2 WARNING(S) FOUND IN THE INPUT INSTRUCTIONS



Your title goes here

SUMMARY OF ANALYSIS

Number of groups                                                 2
Number of observations
   Group FULL                                                  660
   Group SHORT                                                1545
   Total sample size                                          2205

Number of dependent variables                                    3
Number of independent variables                                  0
Number of continuous latent variables                            1

Observed dependent variables

  Binary and ordered categorical (ordinal)
   V205        V206        V207

Continuous latent variables
   F1

Variables with special functions

  Grouping variable     COMP_LEN
  Weight variable       WEIGHT

Estimator                                                    WLSMV
Maximum number of iterations                                100000
Convergence criterion                                    0.500D-04
Maximum number of steepest descent iterations                   20
Maximum number of iterations for H1                           2000
Convergence criterion for H1                             0.100D-03
Parameterization                                             THETA
Link                                                        PROBIT

Input data file(s)
  eq/data.dta

Input data format  FREE


SUMMARY OF DATA

   Group FULL
     Number of missing data patterns             6

   Group SHORT
     Number of missing data patterns             7


COVARIANCE COVERAGE OF DATA

Minimum covariance coverage value   0.100


     PROPORTION OF DATA PRESENT FOR FULL


           Covariance Coverage
              V205          V206          V207
              ________      ________      ________
 V205           0.976
 V206           0.953         0.976
 V207           0.945         0.956         0.970


     PROPORTION OF DATA PRESENT FOR SHORT


           Covariance Coverage
              V205          V206          V207
              ________      ________      ________
 V205           0.975
 V206           0.953         0.974
 V207           0.951         0.954         0.973


UNIVARIATE PROPORTIONS AND COUNTS FOR CATEGORICAL VARIABLES

  Group FULL
    V205
      Category 1    0.231          147.921
      Category 2    0.454          291.259
      Category 3    0.190          121.917
      Category 4    0.125           79.852
    V206
      Category 1    0.051           32.439
      Category 2    0.179          114.588
      Category 3    0.347          221.726
      Category 4    0.423          270.558
    V207
      Category 1    0.039           24.897
      Category 2    0.135           85.720
      Category 3    0.292          185.499
      Category 4    0.534          339.352

  Group SHORT
    V205
      Category 1    0.259          388.615
      Category 2    0.405          607.272
      Category 3    0.172          257.376
      Category 4    0.164          246.494
    V206
      Category 1    0.076          113.650
      Category 2    0.237          356.857
      Category 3    0.295          443.850
      Category 4    0.392          589.694
    V207
      Category 1    0.054           81.285
      Category 2    0.155          233.088
      Category 3    0.258          388.066
      Category 4    0.533          803.195


SAMPLE STATISTICS


     ESTIMATED SAMPLE STATISTICS FOR FULL


           MEANS/INTERCEPTS/THRESHOLDS
              V205$1        V205$2        V205$3        V206$1        V206$2
              ________      ________      ________      ________      ________
               -0.736         0.482         1.152        -1.638        -0.739


           MEANS/INTERCEPTS/THRESHOLDS
              V206$3        V207$1        V207$2        V207$3
              ________      ________      ________      ________
                0.194        -1.760        -0.938        -0.085


           CORRELATION MATRIX (WITH VARIANCES ON THE DIAGONAL)
              V205          V206          V207
              ________      ________      ________
 V205
 V206           0.558
 V207           0.413         0.694


     ESTIMATED SAMPLE STATISTICS FOR SHORT


           MEANS/INTERCEPTS/THRESHOLDS
              V205$1        V205$2        V205$3        V206$1        V206$2
              ________      ________      ________      ________      ________
               -0.646         0.423         0.977        -1.436        -0.488


           MEANS/INTERCEPTS/THRESHOLDS
              V206$3        V207$1        V207$2        V207$3
              ________      ________      ________      ________
                0.274        -1.607        -0.811        -0.084


           CORRELATION MATRIX (WITH VARIANCES ON THE DIAGONAL)
              V205          V206          V207
              ________      ________      ________
 V205
 V206           0.679
 V207           0.498         0.725


THE MODEL ESTIMATION TERMINATED NORMALLY

     WARNING:  THE RESIDUAL COVARIANCE MATRIX (THETA) IN GROUP SHORT IS NOT
     POSITIVE DEFINITE.  THIS COULD INDICATE A NEGATIVE VARIANCE/RESIDUAL
     VARIANCE FOR AN OBSERVED VARIABLE, A CORRELATION GREATER OR EQUAL TO ONE
     BETWEEN TWO OBSERVED VARIABLES, OR A LINEAR DEPENDENCY AMONG MORE THAN TWO
     OBSERVED VARIABLES.  CHECK THE RESULTS SECTION FOR MORE INFORMATION.
     PROBLEM INVOLVING VARIABLE V206.




MODEL FIT INFORMATION

Number of Free Parameters                       20

Chi-Square Test of Model Fit

          Value                              3.661*
          Degrees of Freedom                     4
          P-Value                           0.4538

Chi-Square Contribution From Each Group

          FULL                               2.569
          SHORT                              1.092

*   The chi-square value for MLM, MLMV, MLR, ULSMV, WLSM and WLSMV cannot be used
    for chi-square difference testing in the regular way.  MLM, MLR and WLSM
    chi-square difference testing is described on the Mplus website.  MLMV, WLSMV,
    and ULSMV difference testing is done using the DIFFTEST option.

RMSEA (Root Mean Square Error Of Approximation)

          Estimate                           0.000
          90 Percent C.I.                    0.000  0.044
          Probability RMSEA <= .05           0.978

CFI/TLI

          CFI                                1.000
          TLI                                1.000

Chi-Square Test of Model Fit for the Baseline Model

          Value                           3545.393
          Degrees of Freedom                     6
          P-Value                           0.0000

WRMR (Weighted Root Mean Square Residual)

          Value                              0.528



MODEL RESULTS

                                                    Two-Tailed
                    Estimate       S.E.  Est./S.E.    P-Value

Group FULL

 F1       BY
    V205               1.000      0.000    999.000    999.000
    V206               4.768      2.461      1.938      0.053
    V207               1.284      0.104     12.336      0.000

 Means
    F1                 0.000      0.000    999.000    999.000

 Thresholds
    V205$1            -0.908      0.062    -14.585      0.000
    V205$2             0.596      0.051     11.585      0.000
    V205$3             1.391      0.085     16.416      0.000
    V206$1            -6.331      2.991     -2.117      0.034
    V206$2            -2.818      1.351     -2.086      0.037
    V206$3             0.739      0.361      2.048      0.041
    V207$1            -2.577      0.158    -16.283      0.000
    V207$2            -1.321      0.107    -12.361      0.000
    V207$3            -0.120      0.078     -1.530      0.126

 Variances
    F1                 0.595      0.102      5.851      0.000

 Residual Variances
    V205               1.000      0.000    999.000    999.000
    V206               1.000      0.000    999.000    999.000
    V207               1.000      0.000    999.000    999.000

Group SHORT

 F1       BY
    V205               1.000      0.000    999.000    999.000
    V206               4.768      2.461      1.938      0.053
    V207               1.284      0.104     12.336      0.000

 Means
    F1                 0.000      0.000    999.000    999.000

 Thresholds
    V205$1            -0.908      0.062    -14.585      0.000
    V205$2             0.596      0.051     11.585      0.000
    V205$3             1.391      0.085     16.416      0.000
    V206$1            -6.331      2.991     -2.117      0.034
    V206$2            -2.164      1.032     -2.096      0.036
    V206$3             1.215      0.616      1.971      0.049
    V207$1            -2.577      0.158    -16.283      0.000
    V207$2            -1.328      0.105    -12.671      0.000
    V207$3            -0.138      0.060     -2.301      0.021

 Variances
    F1                 0.870      0.130      6.670      0.000

 Residual Variances
    V205               1.062      0.140      7.574      0.000
    V206              -0.120      0.870     -0.138      0.890
    V207               1.251      0.182      6.891      0.000


STANDARDIZED MODEL RESULTS


STDYX Standardization

                                                    Two-Tailed
                    Estimate       S.E.  Est./S.E.    P-Value

Group FULL

 F1       BY
    V205               0.611      0.033     18.670      0.000
    V206               0.965      0.033     29.630      0.000
    V207               0.704      0.029     24.497      0.000

 Means
    F1                 0.000      0.000    999.000    999.000

 Thresholds
    V205$1            -0.719      0.042    -16.918      0.000
    V205$2             0.472      0.037     12.726      0.000
    V205$3             1.101      0.054     20.215      0.000
    V206$1            -1.660      0.098    -16.924      0.000
    V206$2            -0.739      0.061    -12.112      0.000
    V206$3             0.194      0.056      3.462      0.001
    V207$1            -1.831      0.087    -21.150      0.000
    V207$2            -0.938      0.064    -14.631      0.000
    V207$3            -0.085      0.055     -1.549      0.121

 Variances
    F1                 1.000      0.000    999.000    999.000

 Residual Variances
    V205               0.627      0.040     15.676      0.000
    V206               0.069      0.063      1.094      0.274
    V207               0.505      0.040     12.485      0.000

Group SHORT

 F1       BY
    V205               0.671      0.022     30.009      0.000
    V206               1.003      0.021     47.679      0.000
    V207               0.731      0.023     32.056      0.000

 Means
    F1                 0.000      0.000    999.000    999.000

 Thresholds
    V205$1            -0.654      0.033    -19.940      0.000
    V205$2             0.429      0.032     13.477      0.000
    V205$3             1.001      0.040     24.732      0.000
    V206$1            -1.428      0.056    -25.696      0.000
    V206$2            -0.488      0.038    -12.843      0.000
    V206$3             0.274      0.037      7.399      0.000
    V207$1            -1.573      0.061    -25.933      0.000
    V207$2            -0.811      0.043    -18.875      0.000
    V207$3            -0.084      0.037     -2.297      0.022

 Variances
    F1                 1.000      0.000    999.000    999.000

 Residual Variances
    V205               0.550      0.030     18.312      0.000
    V206              -0.006    999.000    999.000    999.000
    V207               0.466      0.033     13.994      0.000


R-SQUARE

Group FULL

    Observed                                        Two-Tailed     Scale
    Variable        Estimate       S.E.  Est./S.E.    P-Value     Factors

    V205               0.373      0.040      9.335      0.000      0.792
    V206               0.931      0.063     14.815      0.000      0.262
    V207               0.495      0.040     12.249      0.000      0.710

Group SHORT

    Observed                                        Two-Tailed     Scale
    Variable        Estimate       S.E.  Est./S.E.    P-Value     Factors

    V205               0.450      0.030     15.005      0.000      0.720
    V206            Undefined   0.10061E+01                        0.226
    V207               0.534      0.033     16.028      0.000      0.610


QUALITY OF NUMERICAL RESULTS

     Condition Number for the Information Matrix              0.918E-04
       (ratio of smallest to largest eigenvalue)


MODEL MODIFICATION INDICES

NOTE:  Modification indices for direct effects of observed dependent variables
regressed on covariates and residual covariances among observed dependent
variables may not be included.  To include these, request MODINDICES (ALL).

Minimum M.I. value for printing the modification index    10.000

                                   M.I.     E.P.C.  Std E.P.C.  StdYX E.P.C.
Group FULL


No modification indices above the minimum value.

Group SHORT


No modification indices above the minimum value.



SAVEDATA INFORMATION


  Difference testing

  Save file
    v205_metric.dat
  Save format      Free

DIAGRAM INFORMATION

  Use View Diagram under the Diagram menu in the Mplus Editor to view the diagram.
  If running Mplus from the Mplus Diagrammer, the diagram opens automatically.

  Diagram output
    c:\users\msassac6\dropbox (the university of manchester)\papers\joe s\evs_mm_de_equivalence\mplus\eq\inv_data3_v205_

     Beginning Time:  08:29:08
        Ending Time:  08:29:08
       Elapsed Time:  00:00:00



MUTHEN & MUTHEN
3463 Stoner Ave.
Los Angeles, CA  90066

Tel: (310) 391-9971
Fax: (310) 391-8971
Web: www.StatModel.com
Support: Support@StatModel.com

Copyright (c) 1998-2017 Muthen & Muthen
