Mplus VERSION 8
MUTHEN & MUTHEN
07/13/2020   8:30 AM

INPUT INSTRUCTIONS

  TITLE: Your title goes here

   DATA: FILE = eq/data.dta;

   VARIABLE:

   NAMES = id_cocas weight comp_mode comp_len mode mm_matrix_group wei_mmf v2 v3 v4 v32
       v33 v34 v35 v36 v37 v46 v47 v48 v49 v50 v65 v66 v67 v68 v69 v70 v82 v83 v84 v98
       v99 v100 v101 v103 v104 v105 v106 v107 v115 v116 v117 v118 v119 v120 v121 v122
       v123 v124 v125 v126 v127 v128 v129 v130 v131 v132 v133 v134 v135 v136 v137 v138
       v139 v140 v141 v145 v146 v147 v148 v149 v150 v151 v152 v153 v154 v155 v156 v157
       v158 v159 v160 v161 v162 v163 v164 v165 v166 v167 v176 v177 v178 v179 v180 v181
       v182 v183 v185 v186 v187 v188 v189 v191 v192 v193 v194 v195 v196 v197 v199 v200
       v201 v202 v203 v205 v206 v207 v208 v209 v210 v211 v212 v213 v214 v215 v216 v217
       v218 v220 v221 v222 v223 v224 v267 v268 v269 v271 v272 v273;

   MISSING=.;

   USEVARIABLES ARE
   v151
   v153
   v154
   v155
   v156
   v157
   v158
   v160
   v161
   v163;

   GROUPING IS comp_mode (0=sm 1=mm);

  WEIGHT IS weight;

   Analysis:

                  ESTIMATOR = MLR;
  Model:


  f1 BY v151@1
  v153 (L2)
  v154 (L3)
  v155 (L4)
  v156 (L5)
  v157 (L6)
  v158 (L7)
  v160 (L8)
  v161 (L9)
  v163 (L10)
  ;


   [f1@0];[v151] (i1_sm);
  [v153] (i2_sm);
  [v154] (i3_sm);
  [v155] (i4_sm);
  [v156] (i5_sm);
  [v157] (i6_sm);
  [v158] (i7_sm);
  [v160] (i8_sm);
  [v161] (i9_sm);
  [v163] (i10_sm);


  Model mm:

  f1 BY v151@1
  v153 (L2)
  v154 (L3)
  v155 (L4)
  v156 (L5)
  v157 (L6)
  v158 (L7)
  v160 (L8)
  v161 (L9)
  v163 (L10)
  ;


   [f1@0];[v151] (i1_mm);
  [v153] (i2_mm);
  [v154] (i3_mm);
  [v155] (i4_mm);
  [v156] (i5_mm);
  [v157] (i6_mm);
  [v158] (i7_mm);
  [v160] (i8_mm);
  [v161] (i9_mm);
  [v163] (i10_mm);


   SAVEDATA: DIFFTEST IS v151_metric.dat;

   OUTPUT: SAMPSTAT;

                                  MODINDICES;

                                  STDYX;




*** WARNING in SAVEDATA command
  The DIFFTEST option is available only for the estimators MLMV, WLSMV and ULSMV.
  Request for DIFFTEST will be ignored.
*** WARNING
  Data set contains unknown or missing values for GROUPING,
  PATTERN, COHORT, CLUSTER and/or STRATIFICATION variables.
  Number of cases with unknown or missing values:  3244
*** WARNING
  Data set contains cases with missing on all variables.
  These cases were not included in the analysis.
  Number of cases with missing on all variables:  10
   3 WARNING(S) FOUND IN THE INPUT INSTRUCTIONS



Your title goes here

SUMMARY OF ANALYSIS

Number of groups                                                 2
Number of observations
   Group SM                                                   1492
   Group MM                                                    670
   Total sample size                                          2162

Number of dependent variables                                   10
Number of independent variables                                  0
Number of continuous latent variables                            1

Observed dependent variables

  Continuous
   V151        V153        V154        V155        V156        V157
   V158        V160        V161        V163

Continuous latent variables
   F1

Variables with special functions

  Grouping variable     COMP_MOD
  Weight variable       WEIGHT

Estimator                                                      MLR
Information matrix                                        OBSERVED
Maximum number of iterations                                  1000
Convergence criterion                                    0.500D-04
Maximum number of steepest descent iterations                   20
Maximum number of iterations for H1                           2000
Convergence criterion for H1                             0.100D-03

Input data file(s)
  eq/data.dta

Input data format  FREE


SUMMARY OF DATA

   Group SM
     Number of missing data patterns            54

   Group MM
     Number of missing data patterns            82


COVARIANCE COVERAGE OF DATA

Minimum covariance coverage value   0.100


     PROPORTION OF DATA PRESENT FOR SM


           Covariance Coverage
              V151          V153          V154          V155          V156
              ________      ________      ________      ________      ________
 V151           0.995
 V153           0.981         0.986
 V154           0.971         0.968         0.976
 V155           0.985         0.981         0.973         0.991
 V156           0.973         0.968         0.961         0.973         0.979
 V157           0.952         0.948         0.941         0.954         0.944
 V158           0.968         0.963         0.956         0.966         0.954
 V160           0.979         0.974         0.964         0.978         0.966
 V161           0.979         0.973         0.964         0.977         0.965
 V163           0.988         0.980         0.971         0.986         0.975


           Covariance Coverage
              V157          V158          V160          V161          V163
              ________      ________      ________      ________      ________
 V157           0.957
 V158           0.940         0.972
 V160           0.949         0.962         0.983
 V161           0.948         0.960         0.973         0.984
 V163           0.952         0.966         0.978         0.979         0.993


     PROPORTION OF DATA PRESENT FOR MM


           Covariance Coverage
              V151          V153          V154          V155          V156
              ________      ________      ________      ________      ________
 V151           0.982
 V153           0.927         0.943
 V154           0.909         0.899         0.924
 V155           0.936         0.918         0.904         0.951
 V156           0.922         0.903         0.882         0.910         0.939
 V157           0.864         0.839         0.836         0.849         0.840
 V158           0.916         0.882         0.866         0.894         0.878
 V160           0.910         0.875         0.857         0.879         0.866
 V161           0.912         0.899         0.885         0.904         0.893
 V163           0.943         0.912         0.897         0.921         0.907


           Covariance Coverage
              V157          V158          V160          V161          V163
              ________      ________      ________      ________      ________
 V157           0.876
 V158           0.833         0.927
 V160           0.819         0.881         0.919
 V161           0.827         0.872         0.861         0.925
 V163           0.852         0.899         0.890         0.896         0.957


SAMPLE STATISTICS


     ESTIMATED SAMPLE STATISTICS FOR SM


           Means
              V151          V153          V154          V155          V156
              ________      ________      ________      ________      ________
                2.448         7.495         5.633         7.267         6.999


           Means
              V157          V158          V160          V161          V163
              ________      ________      ________      ________      ________
                3.840         4.278         4.066         6.872         2.632


           Covariances
              V151          V153          V154          V155          V156
              ________      ________      ________      ________      ________
 V151           6.240
 V153           2.257         9.835
 V154           2.723         5.021         9.464
 V155           2.226         5.230         5.238         8.039
 V156           1.806         3.692         3.984         4.014         9.223
 V157           3.031         3.218         4.126         3.447         3.424
 V158           3.829         4.488         4.794         4.671         3.164
 V160           2.604         2.830         3.401         3.049         2.667
 V161           1.305         3.748         3.106         3.151         2.706
 V163          -0.087        -0.315         0.622         0.524         1.331


           Covariances
              V157          V158          V160          V161          V163
              ________      ________      ________      ________      ________
 V157           9.845
 V158           5.313        10.991
 V160           3.576         4.701         8.801
 V161           2.374         3.390         2.328         9.535
 V163           0.413        -0.014         0.743         0.212         7.384


           Correlations
              V151          V153          V154          V155          V156
              ________      ________      ________      ________      ________
 V151           1.000
 V153           0.288         1.000
 V154           0.354         0.520         1.000
 V155           0.314         0.588         0.601         1.000
 V156           0.238         0.388         0.426         0.466         1.000
 V157           0.387         0.327         0.427         0.387         0.359
 V158           0.462         0.432         0.470         0.497         0.314
 V160           0.351         0.304         0.373         0.363         0.296
 V161           0.169         0.387         0.327         0.360         0.289
 V163          -0.013        -0.037         0.074         0.068         0.161


           Correlations
              V157          V158          V160          V161          V163
              ________      ________      ________      ________      ________
 V157           1.000
 V158           0.511         1.000
 V160           0.384         0.478         1.000
 V161           0.245         0.331         0.254         1.000
 V163           0.048        -0.002         0.092         0.025         1.000


     ESTIMATED SAMPLE STATISTICS FOR MM


           Means
              V151          V153          V154          V155          V156
              ________      ________      ________      ________      ________
                2.676         7.553         6.274         7.525         7.583


           Means
              V157          V158          V160          V161          V163
              ________      ________      ________      ________      ________
                3.824         4.144         4.009         7.246         3.006


           Covariances
              V151          V153          V154          V155          V156
              ________      ________      ________      ________      ________
 V151           6.767
 V153           2.303        10.272
 V154           1.934         5.269         9.056
 V155           1.549         5.630         5.861         7.995
 V156           1.854         3.946         4.649         3.720         8.094
 V157           2.798         3.121         4.336         3.472         3.398
 V158           4.151         3.918         4.078         4.005         3.059
 V160           2.585         2.259         3.389         2.876         2.544
 V161           1.676         4.245         3.368         3.378         3.000
 V163           0.463        -0.554         0.870         0.362         1.294


           Covariances
              V157          V158          V160          V161          V163
              ________      ________      ________      ________      ________
 V157          10.202
 V158           5.005        10.479
 V160           3.925         4.419         8.513
 V161           2.227         3.184         2.579         8.555
 V163           1.352         0.542         1.445         0.530         8.699


           Correlations
              V151          V153          V154          V155          V156
              ________      ________      ________      ________      ________
 V151           1.000
 V153           0.276         1.000
 V154           0.247         0.546         1.000
 V155           0.211         0.621         0.689         1.000
 V156           0.250         0.433         0.543         0.462         1.000
 V157           0.337         0.305         0.451         0.384         0.374
 V158           0.493         0.378         0.419         0.438         0.332
 V160           0.341         0.242         0.386         0.349         0.306
 V161           0.220         0.453         0.383         0.408         0.360
 V163           0.060        -0.059         0.098         0.043         0.154


           Correlations
              V157          V158          V160          V161          V163
              ________      ________      ________      ________      ________
 V157           1.000
 V158           0.484         1.000
 V160           0.421         0.468         1.000
 V161           0.238         0.336         0.302         1.000
 V163           0.143         0.057         0.168         0.061         1.000


     MAXIMUM LOG-LIKELIHOOD VALUE FOR THE UNRESTRICTED (H1) MODEL IS -49038.089


UNIVARIATE SAMPLE STATISTICS


     UNIVARIATE HIGHER-ORDER MOMENT DESCRIPTIVE STATISTICS FOR SM

         Variable/         Mean/     Skewness/   Minimum/ % with                Percentiles
        Sample Size      Variance    Kurtosis    Maximum  Min/Max      20%/60%    40%/80%    Median

     V151                  2.442       1.741       1.000   62.06%       1.000      1.000      1.000
            1484.000       6.230       1.949      10.000    4.18%       1.000      5.000
     V153                  7.514      -0.935       1.000    8.84%       5.000      8.000     10.000
            1471.000       9.852      -0.532      10.000   53.23%      10.000     10.000
     V154                  5.643      -0.045       1.000   14.42%       3.000      5.000      5.000
            1456.000       9.462      -1.144      10.000   21.43%       7.000     10.000
     V155                  7.284      -0.650       1.000    4.60%       5.000      7.000      8.000
            1478.000       8.031      -0.721      10.000   42.35%      10.000     10.000
     V156                  7.011      -0.753       1.000    8.97%       5.000      7.000      8.000
            1460.000       9.223      -0.670      10.000   34.52%       9.000     10.000
     V157                  3.837       0.738       1.000   37.89%       1.000      2.000      3.000
            1428.000       9.861      -0.824      10.000   10.78%       5.000      7.000
     V158                  4.283       0.555       1.000   33.38%       1.000      2.000      4.000
            1450.000      11.008      -1.123      10.000   15.66%       5.000      8.000
     V160                  4.068       0.603       1.000   30.95%       1.000      3.000      4.000
            1467.000       8.804      -0.788      10.000    9.27%       5.000      7.000
     V161                  6.886      -0.612       1.000    9.47%       5.000      7.000      8.000
            1468.000       9.522      -0.896      10.000   34.74%       9.000     10.000
     V163                  2.634       1.579       1.000   65.18%       1.000      1.000      1.000
            1482.000       7.384       1.260      10.000    5.40%       1.000      5.000


     UNIVARIATE HIGHER-ORDER MOMENT DESCRIPTIVE STATISTICS FOR MM

         Variable/         Mean/     Skewness/   Minimum/ % with                Percentiles
        Sample Size      Variance    Kurtosis    Maximum  Min/Max      20%/60%    40%/80%    Median

     V151                  2.662       1.473       1.000   59.12%       1.000      1.000      1.000
             658.000       6.751       1.016      10.000    3.19%       2.000      5.000
     V153                  7.657      -1.101       1.000    9.34%       5.000      9.000     10.000
             632.000      10.069      -0.250      10.000   54.11%      10.000     10.000
     V154                  6.340      -0.382       1.000    9.85%       4.000      6.000      7.000
             619.000       9.129      -1.011      10.000   26.98%       8.000     10.000
     V155                  7.616      -0.928       1.000    4.55%       5.000      8.000      9.000
             637.000       7.871      -0.283      10.000   47.57%      10.000     10.000
     V156                  7.666      -1.144       1.000    6.36%       5.000      8.000      9.000
             629.000       7.953       0.173      10.000   40.22%      10.000     10.000
     V157                  3.829       0.773       1.000   37.31%       1.000      2.000      3.000
             587.000      10.279      -0.820      10.000   12.27%       5.000      8.000
     V158                  4.184       0.553       1.000   33.17%       1.000      2.000      4.000
             621.000      10.608      -1.138      10.000   11.27%       5.000      8.000
     V160                  3.976       0.611       1.000   29.22%       1.000      3.000      4.000
             616.000       8.535      -0.801      10.000    7.95%       5.000      7.000
     V161                  7.323      -0.882       1.000    7.26%       5.000      8.000      8.000
             620.000       8.467      -0.392      10.000   36.61%       9.000     10.000
     V163                  3.011       1.275       1.000   58.97%       1.000      1.000      1.000
             641.000       8.701       0.254      10.000    7.33%       2.000      5.000


THE MODEL ESTIMATION TERMINATED NORMALLY



MODEL FIT INFORMATION

Number of Free Parameters                       51

Loglikelihood

          H0 Value                      -49426.241
          H0 Scaling Correction Factor      1.2336
            for MLR
          H1 Value                      -49038.089
          H1 Scaling Correction Factor      1.3323
            for MLR

Information Criteria

          Akaike (AIC)                   98954.482
          Bayesian (BIC)                 99244.100
          Sample-Size Adjusted BIC       99082.066
            (n* = (n + 2) / 24)

Chi-Square Test of Model Fit

          Value                            556.068*
          Degrees of Freedom                    79
          P-Value                           0.0000
          Scaling Correction Factor         1.3961
            for MLR

Chi-Square Contribution From Each Group

          SM                               314.153
          MM                               241.915

*   The chi-square value for MLM, MLMV, MLR, ULSMV, WLSM and WLSMV cannot be used
    for chi-square difference testing in the regular way.  MLM, MLR and WLSM
    chi-square difference testing is described on the Mplus website.  MLMV, WLSMV,
    and ULSMV difference testing is done using the DIFFTEST option.

RMSEA (Root Mean Square Error Of Approximation)

          Estimate                           0.075
          90 Percent C.I.                    0.069  0.081
          Probability RMSEA <= .05           0.000

CFI/TLI

          CFI                                0.888
          TLI                                0.872

Chi-Square Test of Model Fit for the Baseline Model

          Value                           4347.017
          Degrees of Freedom                    90
          P-Value                           0.0000

SRMR (Standardized Root Mean Square Residual)

          Value                              0.054



MODEL RESULTS

                                                    Two-Tailed
                    Estimate       S.E.  Est./S.E.    P-Value

Group SM

 F1       BY
    V151               1.000      0.000    999.000    999.000
    V153               1.788      0.119     15.010      0.000
    V154               1.920      0.111     17.243      0.000
    V155               1.807      0.114     15.852      0.000
    V156               1.439      0.099     14.501      0.000
    V157               1.544      0.083     18.554      0.000
    V158               1.847      0.083     22.341      0.000
    V160               1.324      0.073     18.125      0.000
    V161               1.237      0.093     13.318      0.000
    V163               0.190      0.061      3.111      0.002

 Means
    F1                 0.000      0.000    999.000    999.000

 Intercepts
    V151               2.447      0.066     36.964      0.000
    V153               7.492      0.090     83.088      0.000
    V154               5.632      0.086     65.598      0.000
    V155               7.266      0.081     89.269      0.000
    V156               6.997      0.088     79.700      0.000
    V157               3.842      0.087     44.369      0.000
    V158               4.275      0.091     46.982      0.000
    V160               4.067      0.082     49.475      0.000
    V161               6.874      0.088     78.294      0.000
    V163               2.633      0.077     34.279      0.000

 Variances
    F1                 1.445      0.152      9.521      0.000

 Residual Variances
    V151               4.705      0.240     19.624      0.000
    V153               5.285      0.270     19.543      0.000
    V154               4.270      0.249     17.178      0.000
    V155               3.355      0.213     15.772      0.000
    V156               6.278      0.265     23.700      0.000
    V157               6.384      0.275     23.191      0.000
    V158               5.783      0.265     21.787      0.000
    V160               6.202      0.243     25.531      0.000
    V161               7.405      0.285     25.993      0.000
    V163               7.346      0.375     19.576      0.000

Group MM

 F1       BY
    V151               1.000      0.000    999.000    999.000
    V153               1.788      0.119     15.010      0.000
    V154               1.920      0.111     17.243      0.000
    V155               1.807      0.114     15.852      0.000
    V156               1.439      0.099     14.501      0.000
    V157               1.544      0.083     18.554      0.000
    V158               1.847      0.083     22.341      0.000
    V160               1.324      0.073     18.125      0.000
    V161               1.237      0.093     13.318      0.000
    V163               0.190      0.061      3.111      0.002

 Means
    F1                 0.000      0.000    999.000    999.000

 Intercepts
    V151               2.674      0.114     23.499      0.000
    V153               7.536      0.149     50.581      0.000
    V154               6.257      0.137     45.819      0.000
    V155               7.508      0.133     56.310      0.000
    V156               7.582      0.131     57.713      0.000
    V157               3.861      0.143     26.959      0.000
    V158               4.183      0.145     28.860      0.000
    V160               4.020      0.130     30.960      0.000
    V161               7.246      0.134     54.069      0.000
    V163               3.009      0.131     22.908      0.000

 Variances
    F1                 1.452      0.164      8.828      0.000

 Residual Variances
    V151               5.518      0.415     13.281      0.000
    V153               5.439      0.556      9.787      0.000
    V154               3.440      0.326     10.557      0.000
    V155               3.179      0.315     10.088      0.000
    V156               4.991      0.334     14.941      0.000
    V157               6.739      0.449     14.995      0.000
    V158               6.308      0.405     15.575      0.000
    V160               6.105      0.386     15.810      0.000
    V161               6.152      0.407     15.097      0.000
    V163               8.612      0.577     14.914      0.000


STANDARDIZED MODEL RESULTS


STDYX Standardization

                                                    Two-Tailed
                    Estimate       S.E.  Est./S.E.    P-Value

Group SM

 F1       BY
    V151               0.485      0.020     23.983      0.000
    V153               0.683      0.019     36.530      0.000
    V154               0.745      0.016     45.817      0.000
    V155               0.764      0.017     46.284      0.000
    V156               0.568      0.021     26.765      0.000
    V157               0.592      0.020     29.188      0.000
    V158               0.678      0.018     37.560      0.000
    V160               0.538      0.021     26.239      0.000
    V161               0.479      0.023     21.190      0.000
    V163               0.084      0.026      3.234      0.001

 Means
    F1                 0.000      0.000    999.000    999.000

 Intercepts
    V151               0.987      0.014     70.302      0.000
    V153               2.380      0.065     36.385      0.000
    V154               1.818      0.039     46.487      0.000
    V155               2.557      0.063     40.468      0.000
    V156               2.298      0.060     38.068      0.000
    V157               1.225      0.022     54.954      0.000
    V158               1.306      0.024     53.466      0.000
    V160               1.376      0.025     55.448      0.000
    V161               2.217      0.055     40.366      0.000
    V163               0.968      0.014     70.970      0.000

 Variances
    F1                 1.000      0.000    999.000    999.000

 Residual Variances
    V151               0.765      0.020     39.041      0.000
    V153               0.533      0.026     20.886      0.000
    V154               0.445      0.024     18.371      0.000
    V155               0.416      0.025     16.457      0.000
    V156               0.677      0.024     28.073      0.000
    V157               0.649      0.024     27.031      0.000
    V158               0.540      0.025     22.029      0.000
    V160               0.710      0.022     32.139      0.000
    V161               0.770      0.022     35.487      0.000
    V163               0.993      0.004    228.688      0.000

Group MM

 F1       BY
    V151               0.456      0.023     19.565      0.000
    V153               0.679      0.030     22.936      0.000
    V154               0.780      0.023     34.335      0.000
    V155               0.774      0.024     32.333      0.000
    V156               0.613      0.026     23.613      0.000
    V157               0.583      0.024     24.087      0.000
    V158               0.663      0.021     31.392      0.000
    V160               0.542      0.025     21.603      0.000
    V161               0.515      0.029     17.553      0.000
    V163               0.078      0.025      3.141      0.002

 Means
    F1                 0.000      0.000    999.000    999.000

 Intercepts
    V151               1.013      0.027     38.142      0.000
    V153               2.373      0.108     22.028      0.000
    V154               2.110      0.081     25.986      0.000
    V155               2.668      0.110     24.208      0.000
    V156               2.681      0.113     23.828      0.000
    V157               1.209      0.040     30.427      0.000
    V158               1.247      0.043     29.190      0.000
    V160               1.367      0.042     32.297      0.000
    V161               2.504      0.101     24.784      0.000
    V163               1.022      0.024     41.825      0.000

 Variances
    F1                 1.000      0.000    999.000    999.000

 Residual Variances
    V151               0.792      0.021     37.178      0.000
    V153               0.539      0.040     13.433      0.000
    V154               0.391      0.035     11.040      0.000
    V155               0.401      0.037     10.843      0.000
    V156               0.624      0.032     19.598      0.000
    V157               0.661      0.028     23.435      0.000
    V158               0.560      0.028     19.991      0.000
    V160               0.706      0.027     25.923      0.000
    V161               0.735      0.030     24.307      0.000
    V163               0.994      0.004    259.164      0.000


R-SQUARE

Group SM

    Observed                                        Two-Tailed
    Variable        Estimate       S.E.  Est./S.E.    P-Value

    V151               0.235      0.020     11.992      0.000
    V153               0.467      0.026     18.265      0.000
    V154               0.555      0.024     22.909      0.000
    V155               0.584      0.025     23.142      0.000
    V156               0.323      0.024     13.383      0.000
    V157               0.351      0.024     14.594      0.000
    V158               0.460      0.025     18.780      0.000
    V160               0.290      0.022     13.120      0.000
    V161               0.230      0.022     10.595      0.000
    V163               0.007      0.004      1.617      0.106

Group MM

    Observed                                        Two-Tailed
    Variable        Estimate       S.E.  Est./S.E.    P-Value

    V151               0.208      0.021      9.782      0.000
    V153               0.461      0.040     11.468      0.000
    V154               0.609      0.035     17.167      0.000
    V155               0.599      0.037     16.166      0.000
    V156               0.376      0.032     11.807      0.000
    V157               0.339      0.028     12.043      0.000
    V158               0.440      0.028     15.696      0.000
    V160               0.294      0.027     10.801      0.000
    V161               0.265      0.030      8.777      0.000
    V163               0.006      0.004      1.570      0.116


QUALITY OF NUMERICAL RESULTS

     Condition Number for the Information Matrix              0.252E-02
       (ratio of smallest to largest eigenvalue)


MODEL MODIFICATION INDICES

NOTE:  Modification indices for direct effects of observed dependent variables
regressed on covariates may not be included.  To include these, request
MODINDICES (ALL).

Minimum M.I. value for printing the modification index    10.000

                                   M.I.     E.P.C.  Std E.P.C.  StdYX E.P.C.
Group SM


WITH Statements

V155     WITH V151                19.341    -0.637     -0.637       -0.160
V155     WITH V153                35.801     1.012      1.012        0.240
V155     WITH V154                12.346     0.573      0.573        0.151
V157     WITH V151                20.470     0.836      0.836        0.153
V157     WITH V153                21.359    -0.967     -0.967       -0.166
V157     WITH V155                24.127    -0.872     -0.872       -0.188
V158     WITH V151                47.052     1.236      1.236        0.237
V158     WITH V154                10.988    -0.649     -0.649       -0.131
V158     WITH V156                20.564    -0.970     -0.970       -0.161
V158     WITH V157                39.652     1.379      1.379        0.227
V160     WITH V151                14.783     0.683      0.683        0.126
V160     WITH V153                14.412    -0.760     -0.760       -0.133
V160     WITH V155                13.799    -0.629     -0.629       -0.138
V160     WITH V157                10.035     0.680      0.680        0.108
V160     WITH V158                38.592     1.304      1.304        0.218
V161     WITH V153                12.911     0.776      0.776        0.124
V163     WITH V153                16.902    -0.852     -0.852       -0.137
V163     WITH V156                24.190     1.077      1.077        0.159

Group MM


WITH Statements

V154     WITH V151                15.110    -0.959     -0.959       -0.220
V155     WITH V151                26.755    -1.205     -1.205       -0.288
V155     WITH V153                23.319     1.227      1.227        0.295
V155     WITH V154                31.254     1.272      1.272        0.385
V157     WITH V153                10.202    -1.091     -1.091       -0.180
V158     WITH V151                54.046     2.271      2.271        0.385
V158     WITH V154                18.254    -1.243     -1.243       -0.267
V158     WITH V157                16.758     1.497      1.497        0.230
V160     WITH V151                10.016     0.930      0.930        0.160
V160     WITH V153                20.689    -1.438     -1.438       -0.250
V160     WITH V157                10.250     1.119      1.119        0.174
V160     WITH V158                19.293     1.480      1.480        0.238
V163     WITH V153                16.262    -1.421     -1.421       -0.208



DIAGRAM INFORMATION

  Use View Diagram under the Diagram menu in the Mplus Editor to view the diagram.
  If running Mplus from the Mplus Diagrammer, the diagram opens automatically.

  Diagram output
    c:\users\msassac6\dropbox (the university of manchester)\papers\joe s\evs_mm_de_equivalence\mplus\eq\inv_data3_v151_

     Beginning Time:  08:30:45
        Ending Time:  08:30:46
       Elapsed Time:  00:00:01



MUTHEN & MUTHEN
3463 Stoner Ave.
Los Angeles, CA  90066

Tel: (310) 391-9971
Fax: (310) 391-8971
Web: www.StatModel.com
Support: Support@StatModel.com

Copyright (c) 1998-2017 Muthen & Muthen
