Mplus VERSION 8
MUTHEN & MUTHEN
07/06/2020   1:51 PM

INPUT INSTRUCTIONS

  TITLE: Your title goes here

   DATA: FILE = eq/data.dta;

   VARIABLE:

   NAMES = id_cocas weight comp_mode comp_len mode mm_matrix_group wei_mmf v2 v3 v4 v32
       v33 v34 v35 v36 v37 v46 v47 v48 v49 v50 v65 v66 v67 v68 v69 v70 v82 v83 v84 v98
       v99 v100 v101 v103 v104 v105 v106 v107 v115 v116 v117 v118 v119 v120 v121 v122
       v123 v124 v125 v126 v127 v128 v129 v130 v131 v132 v133 v134 v135 v136 v137 v138
       v139 v140 v141 v145 v146 v147 v148 v149 v150 v151 v152 v153 v154 v155 v156 v157
       v158 v159 v160 v161 v162 v163 v164 v165 v166 v167 v176 v177 v178 v179 v180 v181
       v182 v183 v185 v186 v187 v188 v189 v191 v192 v193 v194 v195 v196 v197 v199 v200
       v201 v202 v203 v205 v206 v207 v208 v209 v210 v211 v212 v213 v214 v215 v216 v217
       v218 v220 v221 v222 v223 v224 v267 v268 v269 v271 v272 v273;

   MISSING=.;

   USEVARIABLES ARE
   v151
   v153
   v154
   v155
   v156
   v157
   v158
   v160
   v161
   v163;

   GROUPING IS comp_mode (0=sm 1=mm);

  Model:


  f1 BY v151@1
  v153 (L2_sm)
  v154 (L3_sm)
  v155 (L4_sm)
  v156 (L5_sm)
  v157 (L6_sm)
  v158 (L7_sm)
  v160 (L8_sm)
  v161 (L9_sm)
  v163 (L10_sm)
  ;

  [v151] (i1_sm);
  [v153] (i2_sm);
  [v154] (i3_sm);
  [v155] (i4_sm);
  [v156] (i5_sm);
  [v157] (i6_sm);
  [v158] (i7_sm);
  [v160] (i8_sm);
  [v161] (i9_sm);
  [v163] (i10_sm);

   [f1@0];

  Model mm:

  f1 BY v151@1
  v153 (L2_mm)
  v154 (L3_mm)
  v155 (L4_mm)
  v156 (L5_mm)
  v157 (L6_mm)
  v158 (L7_mm)
  v160 (L8_mm)
  v161 (L9_mm)
  v163 (L10_mm)
  ;

  [v151] (i1_mm);
  [v153] (i2_mm);
  [v154] (i3_mm);
  [v155] (i4_mm);
  [v156] (i5_mm);
  [v157] (i6_mm);
  [v158] (i7_mm);
  [v160] (i8_mm);
  [v161] (i9_mm);
  [v163] (i10_mm);

   [f1@0];

   SAVEDATA: DIFFTEST IS v151_config.dat;

   OUTPUT: SAMPSTAT;

                                  MODINDICES;

                                  STDYX;




*** WARNING in SAVEDATA command
  The DIFFTEST option is available only for the estimators MLMV, WLSMV and ULSMV.
  Request for DIFFTEST will be ignored.
*** WARNING
  Data set contains unknown or missing values for GROUPING,
  PATTERN, COHORT, CLUSTER and/or STRATIFICATION variables.
  Number of cases with unknown or missing values:  3244
*** WARNING
  Data set contains cases with missing on all variables.
  These cases were not included in the analysis.
  Number of cases with missing on all variables:  10
   3 WARNING(S) FOUND IN THE INPUT INSTRUCTIONS



Your title goes here

SUMMARY OF ANALYSIS

Number of groups                                                 2
Number of observations
   Group SM                                                   1492
   Group MM                                                    670
   Total sample size                                          2162

Number of dependent variables                                   10
Number of independent variables                                  0
Number of continuous latent variables                            1

Observed dependent variables

  Continuous
   V151        V153        V154        V155        V156        V157
   V158        V160        V161        V163

Continuous latent variables
   F1

Variables with special functions

  Grouping variable     COMP_MOD

Estimator                                                       ML
Information matrix                                        OBSERVED
Maximum number of iterations                                  1000
Convergence criterion                                    0.500D-04
Maximum number of steepest descent iterations                   20
Maximum number of iterations for H1                           2000
Convergence criterion for H1                             0.100D-03

Input data file(s)
  eq/data.dta

Input data format  FREE


SUMMARY OF DATA

   Group SM
     Number of missing data patterns            54

   Group MM
     Number of missing data patterns            82


COVARIANCE COVERAGE OF DATA

Minimum covariance coverage value   0.100


     PROPORTION OF DATA PRESENT FOR SM


           Covariance Coverage
              V151          V153          V154          V155          V156
              ________      ________      ________      ________      ________
 V151           0.995
 V153           0.981         0.986
 V154           0.971         0.968         0.976
 V155           0.985         0.981         0.973         0.991
 V156           0.973         0.968         0.961         0.973         0.979
 V157           0.952         0.948         0.941         0.954         0.944
 V158           0.968         0.963         0.956         0.966         0.954
 V160           0.979         0.974         0.964         0.978         0.966
 V161           0.979         0.973         0.964         0.977         0.965
 V163           0.988         0.980         0.971         0.986         0.975


           Covariance Coverage
              V157          V158          V160          V161          V163
              ________      ________      ________      ________      ________
 V157           0.957
 V158           0.940         0.972
 V160           0.949         0.962         0.983
 V161           0.948         0.960         0.973         0.984
 V163           0.952         0.966         0.978         0.979         0.993


     PROPORTION OF DATA PRESENT FOR MM


           Covariance Coverage
              V151          V153          V154          V155          V156
              ________      ________      ________      ________      ________
 V151           0.982
 V153           0.927         0.943
 V154           0.909         0.899         0.924
 V155           0.936         0.918         0.904         0.951
 V156           0.922         0.903         0.882         0.910         0.939
 V157           0.864         0.839         0.836         0.849         0.840
 V158           0.916         0.882         0.866         0.894         0.878
 V160           0.910         0.875         0.857         0.879         0.866
 V161           0.912         0.899         0.885         0.904         0.893
 V163           0.943         0.912         0.897         0.921         0.907


           Covariance Coverage
              V157          V158          V160          V161          V163
              ________      ________      ________      ________      ________
 V157           0.876
 V158           0.833         0.927
 V160           0.819         0.881         0.919
 V161           0.827         0.872         0.861         0.925
 V163           0.852         0.899         0.890         0.896         0.957


SAMPLE STATISTICS


     ESTIMATED SAMPLE STATISTICS FOR SM


           Means
              V151          V153          V154          V155          V156
              ________      ________      ________      ________      ________
                2.610         7.707         5.892         7.475         7.196


           Means
              V157          V158          V160          V161          V163
              ________      ________      ________      ________      ________
                4.041         4.475         4.203         7.007         2.532


           Covariances
              V151          V153          V154          V155          V156
              ________      ________      ________      ________      ________
 V151           6.689
 V153           2.294         9.205
 V154           2.805         4.694         9.254
 V155           2.244         4.719         5.113         7.461
 V156           1.688         3.257         3.827         3.652         8.580
 V157           3.240         3.110         4.134         3.387         3.247
 V158           4.049         4.270         4.692         4.504         2.932
 V160           2.751         2.598         3.392         2.938         2.516
 V161           1.339         3.533         2.988         2.882         2.431
 V163          -0.213        -0.541         0.386         0.389         1.172


           Covariances
              V157          V158          V160          V161          V163
              ________      ________      ________      ________      ________
 V157          10.076
 V158           5.400        11.131
 V160           3.513         4.697         8.763
 V161           2.267         3.164         2.208         9.097
 V163           0.326        -0.091         0.655         0.099         6.959


           Correlations
              V151          V153          V154          V155          V156
              ________      ________      ________      ________      ________
 V151           1.000
 V153           0.292         1.000
 V154           0.357         0.509         1.000
 V155           0.318         0.569         0.615         1.000
 V156           0.223         0.366         0.430         0.456         1.000
 V157           0.395         0.323         0.428         0.391         0.349
 V158           0.469         0.422         0.462         0.494         0.300
 V160           0.359         0.289         0.377         0.363         0.290
 V161           0.172         0.386         0.326         0.350         0.275
 V163          -0.031        -0.068         0.048         0.054         0.152


           Correlations
              V157          V158          V160          V161          V163
              ________      ________      ________      ________      ________
 V157           1.000
 V158           0.510         1.000
 V160           0.374         0.476         1.000
 V161           0.237         0.314         0.247         1.000
 V163           0.039        -0.010         0.084         0.012         1.000


     ESTIMATED SAMPLE STATISTICS FOR MM


           Means
              V151          V153          V154          V155          V156
              ________      ________      ________      ________      ________
                2.727         7.818         6.625         7.821         7.701


           Means
              V157          V158          V160          V161          V163
              ________      ________      ________      ________      ________
                4.108         4.329         4.285         7.354         2.894


           Covariances
              V151          V153          V154          V155          V156
              ________      ________      ________      ________      ________
 V151           6.740
 V153           2.208         9.161
 V154           1.629         4.696         8.595
 V155           1.432         5.018         5.424         7.068
 V156           1.465         3.451         4.385         3.237         7.534
 V157           2.815         3.072         3.895         3.345         3.215
 V158           3.984         3.486         3.582         3.598         2.611
 V160           2.433         2.067         3.041         2.693         2.506
 V161           1.494         3.708         3.055         2.875         2.598
 V163           0.228        -0.566         0.703         0.322         1.254


           Covariances
              V157          V158          V160          V161          V163
              ________      ________      ________      ________      ________
 V157          10.408
 V158           4.840        10.287
 V160           3.933         4.552         8.605
 V161           2.232         3.010         2.673         8.078
 V163           1.441         0.710         1.748         0.662         8.378


           Correlations
              V151          V153          V154          V155          V156
              ________      ________      ________      ________      ________
 V151           1.000
 V153           0.281         1.000
 V154           0.214         0.529         1.000
 V155           0.207         0.624         0.696         1.000
 V156           0.206         0.415         0.545         0.444         1.000
 V157           0.336         0.315         0.412         0.390         0.363
 V158           0.478         0.359         0.381         0.422         0.297
 V160           0.320         0.233         0.354         0.345         0.311
 V161           0.203         0.431         0.367         0.381         0.333
 V163           0.030        -0.065         0.083         0.042         0.158


           Correlations
              V157          V158          V160          V161          V163
              ________      ________      ________      ________      ________
 V157           1.000
 V158           0.468         1.000
 V160           0.416         0.484         1.000
 V161           0.243         0.330         0.321         1.000
 V163           0.154         0.076         0.206         0.080         1.000


     MAXIMUM LOG-LIKELIHOOD VALUE FOR THE UNRESTRICTED (H1) MODEL IS -48986.248


UNIVARIATE SAMPLE STATISTICS


     UNIVARIATE HIGHER-ORDER MOMENT DESCRIPTIVE STATISTICS FOR SM

         Variable/         Mean/     Skewness/   Minimum/ % with                Percentiles
        Sample Size      Variance    Kurtosis    Maximum  Min/Max      20%/60%    40%/80%    Median

     V151                  2.603       1.566       1.000   62.06%       1.000      1.000      1.000
            1484.000       6.679       1.327      10.000    4.18%       1.000      5.000
     V153                  7.723      -1.062       1.000    8.84%       5.000      8.000     10.000
            1471.000       9.220      -0.234      10.000   53.23%      10.000     10.000
     V154                  5.896      -0.136       1.000   14.42%       3.000      5.000      5.000
            1456.000       9.265      -1.114      10.000   21.43%       7.000     10.000
     V155                  7.489      -0.734       1.000    4.60%       5.000      7.000      8.000
            1478.000       7.454      -0.570      10.000   42.35%      10.000     10.000
     V156                  7.207      -0.853       1.000    8.97%       5.000      7.000      8.000
            1460.000       8.575      -0.430      10.000   34.52%       9.000     10.000
     V157                  4.041       0.632       1.000   37.89%       1.000      2.000      3.000
            1428.000      10.090      -0.978      10.000   10.78%       5.000      7.000
     V158                  4.479       0.461       1.000   33.38%       1.000      2.000      4.000
            1450.000      11.145      -1.222      10.000   15.66%       5.000      8.000
     V160                  4.204       0.529       1.000   30.95%       1.000      3.000      4.000
            1467.000       8.763      -0.861      10.000    9.27%       5.000      7.000
     V161                  7.018      -0.675       1.000    9.47%       5.000      7.000      8.000
            1468.000       9.083      -0.771      10.000   34.74%       9.000     10.000
     V163                  2.534       1.682       1.000   65.18%       1.000      1.000      1.000
            1482.000       6.959       1.640      10.000    5.40%       1.000      5.000


     UNIVARIATE HIGHER-ORDER MOMENT DESCRIPTIVE STATISTICS FOR MM

         Variable/         Mean/     Skewness/   Minimum/ % with                Percentiles
        Sample Size      Variance    Kurtosis    Maximum  Min/Max      20%/60%    40%/80%    Median

     V151                  2.719       1.401       1.000   59.12%       1.000      1.000      1.000
             658.000       6.728       0.811      10.000    3.19%       2.000      5.000
     V153                  7.886      -1.241       1.000    9.34%       5.000      9.000     10.000
             632.000       9.044       0.168      10.000   54.11%      10.000     10.000
     V154                  6.672      -0.513       1.000    9.85%       4.000      6.000      7.000
             619.000       8.640      -0.849      10.000   26.98%       8.000     10.000
     V155                  7.882      -1.070       1.000    4.55%       5.000      8.000      9.000
             637.000       6.955       0.098      10.000   47.57%      10.000     10.000
     V156                  7.754      -1.193       1.000    6.36%       5.000      8.000      9.000
             629.000       7.435       0.364      10.000   40.22%      10.000     10.000
     V157                  4.101       0.621       1.000   37.31%       1.000      2.000      3.000
             587.000      10.482      -1.034      10.000   12.27%       5.000      8.000
     V158                  4.359       0.471       1.000   33.17%       1.000      2.000      4.000
             621.000      10.372      -1.185      10.000   11.27%       5.000      8.000
     V160                  4.258       0.497       1.000   29.22%       1.000      3.000      4.000
             616.000       8.627      -0.912      10.000    7.95%       5.000      7.000
     V161                  7.416      -0.916       1.000    7.26%       5.000      8.000      8.000
             620.000       8.001      -0.279      10.000   36.61%       9.000     10.000
     V163                  2.897       1.370       1.000   58.97%       1.000      1.000      1.000
             641.000       8.379       0.517      10.000    7.33%       2.000      5.000


THE MODEL ESTIMATION TERMINATED NORMALLY



MODEL FIT INFORMATION

Number of Free Parameters                       60

Loglikelihood

          H0 Value                      -49398.463
          H1 Value                      -48986.248

Information Criteria

          Akaike (AIC)                   98916.926
          Bayesian (BIC)                 99257.653
          Sample-Size Adjusted BIC       99067.026
            (n* = (n + 2) / 24)

Chi-Square Test of Model Fit

          Value                            824.430
          Degrees of Freedom                    70
          P-Value                           0.0000

Chi-Square Contribution From Each Group

          SM                               453.830
          MM                               370.600

RMSEA (Root Mean Square Error Of Approximation)

          Estimate                           0.100
          90 Percent C.I.                    0.094  0.106
          Probability RMSEA <= .05           0.000

CFI/TLI

          CFI                                0.876
          TLI                                0.840

Chi-Square Test of Model Fit for the Baseline Model

          Value                           6168.125
          Degrees of Freedom                    90
          P-Value                           0.0000

SRMR (Standardized Root Mean Square Residual)

          Value                              0.056



MODEL RESULTS

                                                    Two-Tailed
                    Estimate       S.E.  Est./S.E.    P-Value

Group SM

 F1       BY
    V151               1.000      0.000    999.000    999.000
    V153               1.530      0.091     16.903      0.000
    V154               1.723      0.096     17.975      0.000
    V155               1.584      0.088     17.938      0.000
    V156               1.224      0.081     15.164      0.000
    V157               1.441      0.088     16.415      0.000
    V158               1.754      0.098     17.936      0.000
    V160               1.228      0.079     15.582      0.000
    V161               1.055      0.078     13.536      0.000
    V163               0.091      0.057      1.608      0.108

 Means
    F1                 0.000      0.000    999.000    999.000

 Intercepts
    V151               2.609      0.067     38.906      0.000
    V153               7.704      0.079     97.564      0.000
    V154               5.891      0.079     74.294      0.000
    V155               7.474      0.071    105.396      0.000
    V156               7.195      0.076     94.074      0.000
    V157               4.044      0.083     48.458      0.000
    V158               4.473      0.087     51.301      0.000
    V160               4.204      0.077     54.507      0.000
    V161               7.008      0.079     89.171      0.000
    V163               2.533      0.069     36.967      0.000

 Variances
    F1                 1.724      0.178      9.688      0.000

 Residual Variances
    V151               4.957      0.194     25.529      0.000
    V153               5.180      0.220     23.496      0.000
    V154               4.129      0.193     21.407      0.000
    V155               3.132      0.152     20.628      0.000
    V156               6.001      0.239     25.067      0.000
    V157               6.488      0.269     24.112      0.000
    V158               5.832      0.260     22.465      0.000
    V160               6.158      0.246     25.073      0.000
    V161               7.172      0.277     25.895      0.000
    V163               6.944      0.255     27.212      0.000

Group MM

 F1       BY
    V151               1.000      0.000    999.000    999.000
    V153               2.097      0.239      8.789      0.000
    V154               2.317      0.258      8.976      0.000
    V155               2.123      0.237      8.949      0.000
    V156               1.669      0.199      8.403      0.000
    V157               1.811      0.217      8.353      0.000
    V158               1.889      0.217      8.690      0.000
    V160               1.496      0.185      8.078      0.000
    V161               1.470      0.186      7.908      0.000
    V163               0.322      0.129      2.494      0.013

 Means
    F1                 0.000      0.000    999.000    999.000

 Intercepts
    V151               2.725      0.101     26.969      0.000
    V153               7.808      0.119     65.464      0.000
    V154               6.611      0.116     57.123      0.000
    V155               7.813      0.104     74.924      0.000
    V156               7.709      0.108     71.053      0.000
    V157               4.143      0.131     31.640      0.000
    V158               4.364      0.128     34.185      0.000
    V160               4.292      0.117     36.644      0.000
    V161               7.356      0.113     64.892      0.000
    V163               2.892      0.114     25.296      0.000

 Variances
    F1                 0.996      0.213      4.688      0.000

 Residual Variances
    V151               5.735      0.327     17.514      0.000
    V153               4.784      0.319     15.018      0.000
    V154               3.240      0.254     12.761      0.000
    V155               2.585      0.208     12.447      0.000
    V156               4.754      0.298     15.949      0.000
    V157               7.120      0.452     15.742      0.000
    V158               6.773      0.428     15.811      0.000
    V160               6.364      0.389     16.343      0.000
    V161               5.922      0.358     16.548      0.000
    V163               8.279      0.463     17.863      0.000


STANDARDIZED MODEL RESULTS


STDYX Standardization

                                                    Two-Tailed
                    Estimate       S.E.  Est./S.E.    P-Value

Group SM

 F1       BY
    V151               0.508      0.022     23.403      0.000
    V153               0.662      0.017     38.483      0.000
    V154               0.744      0.014     51.480      0.000
    V155               0.762      0.014     54.539      0.000
    V156               0.548      0.021     26.592      0.000
    V157               0.596      0.020     30.558      0.000
    V158               0.690      0.017     41.642      0.000
    V160               0.545      0.021     26.264      0.000
    V161               0.460      0.023     20.135      0.000
    V163               0.045      0.028      1.616      0.106

 Means
    F1                 0.000      0.000    999.000    999.000

 Intercepts
    V151               1.009      0.032     31.698      0.000
    V153               2.538      0.054     47.331      0.000
    V154               1.937      0.044     43.717      0.000
    V155               2.737      0.057     48.244      0.000
    V156               2.456      0.053     46.762      0.000
    V157               1.274      0.035     35.962      0.000
    V158               1.340      0.036     37.151      0.000
    V160               1.420      0.037     38.429      0.000
    V161               2.324      0.050     46.211      0.000
    V163               0.960      0.031     30.579      0.000

 Variances
    F1                 1.000      0.000    999.000    999.000

 Residual Variances
    V151               0.742      0.022     33.652      0.000
    V153               0.562      0.023     24.705      0.000
    V154               0.446      0.022     20.763      0.000
    V155               0.420      0.021     19.734      0.000
    V156               0.699      0.023     30.901      0.000
    V157               0.644      0.023     27.688      0.000
    V158               0.524      0.023     22.885      0.000
    V160               0.703      0.023     31.083      0.000
    V161               0.789      0.021     37.608      0.000
    V163               0.998      0.003    391.569      0.000

Group MM

 F1       BY
    V151               0.385      0.037     10.363      0.000
    V153               0.691      0.025     27.694      0.000
    V154               0.789      0.020     39.845      0.000
    V155               0.797      0.020     40.343      0.000
    V156               0.607      0.029     20.725      0.000
    V157               0.561      0.032     17.735      0.000
    V158               0.587      0.030     19.331      0.000
    V160               0.509      0.034     15.138      0.000
    V161               0.516      0.033     15.474      0.000
    V163               0.111      0.043      2.588      0.010

 Means
    F1                 0.000      0.000    999.000    999.000

 Intercepts
    V151               1.050      0.048     21.671      0.000
    V153               2.579      0.084     30.807      0.000
    V154               2.256      0.075     29.975      0.000
    V155               2.937      0.092     31.860      0.000
    V156               2.809      0.090     31.350      0.000
    V157               1.285      0.055     23.512      0.000
    V158               1.358      0.055     24.622      0.000
    V160               1.464      0.057     25.571      0.000
    V161               2.588      0.085     30.493      0.000
    V163               0.999      0.048     20.636      0.000

 Variances
    F1                 1.000      0.000    999.000    999.000

 Residual Variances
    V151               0.852      0.029     29.826      0.000
    V153               0.522      0.035     15.129      0.000
    V154               0.377      0.031     12.073      0.000
    V155               0.365      0.031     11.612      0.000
    V156               0.631      0.036     17.752      0.000
    V157               0.685      0.035     19.318      0.000
    V158               0.656      0.036     18.421      0.000
    V160               0.740      0.034     21.591      0.000
    V161               0.733      0.034     21.281      0.000
    V163               0.988      0.010    103.875      0.000


R-SQUARE

Group SM

    Observed                                        Two-Tailed
    Variable        Estimate       S.E.  Est./S.E.    P-Value

    V151               0.258      0.022     11.702      0.000
    V153               0.438      0.023     19.241      0.000
    V154               0.554      0.022     25.740      0.000
    V155               0.580      0.021     27.269      0.000
    V156               0.301      0.023     13.296      0.000
    V157               0.356      0.023     15.279      0.000
    V158               0.476      0.023     20.821      0.000
    V160               0.297      0.023     13.132      0.000
    V161               0.211      0.021     10.067      0.000
    V163               0.002      0.003      0.808      0.419

Group MM

    Observed                                        Two-Tailed
    Variable        Estimate       S.E.  Est./S.E.    P-Value

    V151               0.148      0.029      5.181      0.000
    V153               0.478      0.035     13.847      0.000
    V154               0.623      0.031     19.923      0.000
    V155               0.635      0.031     20.171      0.000
    V156               0.369      0.036     10.363      0.000
    V157               0.315      0.035      8.867      0.000
    V158               0.344      0.036      9.666      0.000
    V160               0.260      0.034      7.569      0.000
    V161               0.267      0.034      7.737      0.000
    V163               0.012      0.010      1.294      0.196


QUALITY OF NUMERICAL RESULTS

     Condition Number for the Information Matrix              0.528E-03
       (ratio of smallest to largest eigenvalue)


MODEL MODIFICATION INDICES

NOTE:  Modification indices for direct effects of observed dependent variables
regressed on covariates may not be included.  To include these, request
MODINDICES (ALL).

Minimum M.I. value for printing the modification index    10.000

                                   M.I.     E.P.C.  Std E.P.C.  StdYX E.P.C.
Group SM


WITH Statements

V155     WITH V151                33.409    -0.713     -0.713       -0.181
V155     WITH V153                43.913     0.906      0.906        0.225
V155     WITH V154                35.801     0.804      0.804        0.223
V156     WITH V151                10.182    -0.491     -0.491       -0.090
V156     WITH V155                11.042     0.460      0.460        0.106
V157     WITH V151                28.633     0.876      0.876        0.154
V157     WITH V153                24.914    -0.881     -0.881       -0.152
V157     WITH V155                32.856    -0.851     -0.851       -0.189
V158     WITH V151                66.501     1.307      1.307        0.243
V158     WITH V154                27.019    -0.875     -0.875       -0.178
V158     WITH V155                11.350    -0.504     -0.504       -0.118
V158     WITH V156                31.434    -1.006     -1.006       -0.170
V158     WITH V157                52.589     1.386      1.386        0.225
V160     WITH V151                21.302     0.717      0.717        0.130
V160     WITH V153                22.960    -0.800     -0.800       -0.142
V160     WITH V155                19.524    -0.618     -0.618       -0.141
V160     WITH V158                51.027     1.292      1.292        0.216
V161     WITH V151                11.030    -0.548     -0.548       -0.092
V161     WITH V153                26.033     0.902      0.902        0.148
V163     WITH V153                28.602    -0.897     -0.897       -0.150
V163     WITH V156                36.388     1.059      1.059        0.164

Group MM


WITH Statements

V154     WITH V151                20.987    -0.952     -0.952       -0.221
V155     WITH V151                27.431    -0.971     -0.971       -0.252
V155     WITH V153                30.833     1.100      1.100        0.313
V155     WITH V154                49.495     1.355      1.355        0.468
V156     WITH V154                16.304     0.833      0.833        0.212
V157     WITH V151                13.472     1.029      1.029        0.161
V157     WITH V155                10.324    -0.730     -0.730       -0.170
V158     WITH V151                82.407     2.430      2.430        0.390
V158     WITH V154                22.766    -1.171     -1.171       -0.250
V158     WITH V157                28.457     1.715      1.715        0.247
V160     WITH V151                15.197     0.999      0.999        0.165
V160     WITH V153                28.319    -1.366     -1.366       -0.248
V160     WITH V155                10.344    -0.667     -0.667       -0.164
V160     WITH V157                18.361     1.322      1.322        0.196
V160     WITH V158                45.235     1.971      1.971        0.300
V163     WITH V153                26.953    -1.429     -1.429       -0.227
V163     WITH V160                19.711     1.360      1.360        0.187



DIAGRAM INFORMATION

  Use View Diagram under the Diagram menu in the Mplus Editor to view the diagram.
  If running Mplus from the Mplus Diagrammer, the diagram opens automatically.

  Diagram output
    c:\users\msassac6\dropbox (the university of manchester)\papers\joe s\evs_mm_de_equivalence\mplus\eq\inv_data3_v151_

     Beginning Time:  13:51:34
        Ending Time:  13:51:35
       Elapsed Time:  00:00:01



MUTHEN & MUTHEN
3463 Stoner Ave.
Los Angeles, CA  90066

Tel: (310) 391-9971
Fax: (310) 391-8971
Web: www.StatModel.com
Support: Support@StatModel.com

Copyright (c) 1998-2017 Muthen & Muthen
