Mplus VERSION 8
MUTHEN & MUTHEN
07/06/2020   1:56 PM

INPUT INSTRUCTIONS

  TITLE: Your title goes here

   DATA: FILE = eq/data.dta;

   VARIABLE:

   NAMES = id_cocas weight comp_mode comp_len mode mm_matrix_group wei_mmf v2 v3 v4 v32
       v33 v34 v35 v36 v37 v46 v47 v48 v49 v50 v65 v66 v67 v68 v69 v70 v82 v83 v84 v98
       v99 v100 v101 v103 v104 v105 v106 v107 v115 v116 v117 v118 v119 v120 v121 v122
       v123 v124 v125 v126 v127 v128 v129 v130 v131 v132 v133 v134 v135 v136 v137 v138
       v139 v140 v141 v145 v146 v147 v148 v149 v150 v151 v152 v153 v154 v155 v156 v157
       v158 v159 v160 v161 v162 v163 v164 v165 v166 v167 v176 v177 v178 v179 v180 v181
       v182 v183 v185 v186 v187 v188 v189 v191 v192 v193 v194 v195 v196 v197 v199 v200
       v201 v202 v203 v205 v206 v207 v208 v209 v210 v211 v212 v213 v214 v215 v216 v217
       v218 v220 v221 v222 v223 v224 v267 v268 v269 v271 v272 v273;

   MISSING=.;

   USEVARIABLES ARE
   v32
   v33
   v34
   v35
   v36
   v37;

   CATEGORICAL ARE
   v32
   v33
   v34
   v35
   v36
   v37;

   GROUPING IS comp_len (0=full 1=short);


   Analysis:

                  ESTIMATOR = WLSMV;

                  ITERATIONS = 100000;

                  PARAMETERIZATION = THETA;

  Model:


  f1 BY v32@1
  v33 (L2)
  v34 (L3)
  v35 (L4)
  v36 (L5)
  v37 (L6)
  ;


  [v32$1] (t_v32_1);
  [v32$2] (t_v32_2);
  [v32$3] (t_v32_3);

   [f1@0];
  [v33$1] (t_v33_1);
  [v33$2] (t_v33_2);
  [v33$3] (t_v33_3);

   [f1@0];
  [v34$1] (t_v34_1);
  [v34$2] (t_v34_2);
  [v34$3] (t_v34_3);

   [f1@0];
  [v35$1] (t_v35_1);
  [v35$2] (t_v35_2);
  [v35$3] (t_v35_3);

   [f1@0];
  [v36$1] (t_v36_1);
  [v36$2] (t_v36_2);
  [v36$3] (t_v36_3);

   [f1@0];
  [v37$1] (t_v37_1);
  [v37$2] (t_v37_2);
  [v37$3] (t_v37_3);

   [f1@0];

  Model short:

  f1 BY v32@1
  v33 (L2)
  v34 (L3)
  v35 (L4)
  v36 (L5)
  v37 (L6)
  ;


  [v32$1] (t_v32_1);
  [v32$2] (t_v32_2);
  [v32$3] (t_v32_3);

   [f1@0];
  [v33$1] (t_v33_1);
  [v33$2] (t_v33_2);
  [v33$3] (t_v33_3);

   [f1@0];
  [v34$1] (t_v34_1);
  [v34$2] (t_v34_2);
  [v34$3] (t_v34_3);

   [f1@0];
  [v35$1] (t_v35_1);
  [v35$2] (t_v35_2);
  [v35$3] (t_v35_3);

   [f1@0];
  [v36$1] (t_v36_1);
  [v36$2] (t_v36_2);
  [v36$3] (t_v36_3);

   [f1@0];
  [v37$1] (t_v37_1);
  [v37$2] (t_v37_2);
  [v37$3] (t_v37_3);

   [f1@0];

   SAVEDATA: DIFFTEST IS v32_scalar.dat;

   OUTPUT: SAMPSTAT;

                                  MODINDICES;

                                  STDYX;




*** WARNING
  Data set contains unknown or missing values for GROUPING,
  PATTERN, COHORT, CLUSTER and/or STRATIFICATION variables.
  Number of cases with unknown or missing values:  1494
*** WARNING
  Data set contains cases with missing on all variables.
  These cases were not included in the analysis.
  Number of cases with missing on all variables:  1647
   2 WARNING(S) FOUND IN THE INPUT INSTRUCTIONS



Your title goes here

SUMMARY OF ANALYSIS

Number of groups                                                 2
Number of observations
   Group FULL                                                  674
   Group SHORT                                                1601
   Total sample size                                          2275

Number of dependent variables                                    6
Number of independent variables                                  0
Number of continuous latent variables                            1

Observed dependent variables

  Binary and ordered categorical (ordinal)
   V32         V33         V34         V35         V36         V37

Continuous latent variables
   F1

Variables with special functions

  Grouping variable     COMP_LEN

Estimator                                                    WLSMV
Maximum number of iterations                                100000
Convergence criterion                                    0.500D-04
Maximum number of steepest descent iterations                   20
Maximum number of iterations for H1                           2000
Convergence criterion for H1                             0.100D-03
Parameterization                                             THETA
Link                                                        PROBIT

Input data file(s)
  eq/data.dta

Input data format  FREE


SUMMARY OF DATA

   Group FULL
     Number of missing data patterns            24

   Group SHORT
     Number of missing data patterns            36


COVARIANCE COVERAGE OF DATA

Minimum covariance coverage value   0.100


     PROPORTION OF DATA PRESENT FOR FULL


           Covariance Coverage
              V32           V33           V34           V35           V36
              ________      ________      ________      ________      ________
 V32            0.996
 V33            0.945         0.947
 V34            0.975         0.933         0.978
 V35            0.871         0.846         0.859         0.874
 V36            0.680         0.669         0.672         0.636         0.680
 V37            0.693         0.684         0.684         0.648         0.651


           Covariance Coverage
              V37
              ________
 V37            0.693


     PROPORTION OF DATA PRESENT FOR SHORT


           Covariance Coverage
              V32           V33           V34           V35           V36
              ________      ________      ________      ________      ________
 V32            0.991
 V33            0.936         0.941
 V34            0.962         0.923         0.969
 V35            0.877         0.848         0.863         0.883
 V36            0.716         0.700         0.703         0.683         0.719
 V37            0.745         0.728         0.734         0.706         0.695


           Covariance Coverage
              V37
              ________
 V37            0.748


UNIVARIATE PROPORTIONS AND COUNTS FOR CATEGORICAL VARIABLES

  Group FULL
    V32
      Category 1    0.811          544.000
      Category 2    0.170          114.000
      Category 3    0.016           11.000
      Category 4    0.003            2.000
    V33
      Category 1    0.069           44.000
      Category 2    0.718          458.000
      Category 3    0.179          114.000
      Category 4    0.034           22.000
    V34
      Category 1    0.178          117.000
      Category 2    0.750          494.000
      Category 3    0.070           46.000
      Category 4    0.003            2.000
    V35
      Category 1    0.005            3.000
      Category 2    0.219          129.000
      Category 3    0.537          316.000
      Category 4    0.239          141.000
    V36
      Category 1    0.031           14.000
      Category 2    0.546          250.000
      Category 3    0.325          149.000
      Category 4    0.098           45.000
    V37
      Category 1    0.039           18.000
      Category 2    0.544          254.000
      Category 3    0.323          151.000
      Category 4    0.094           44.000

  Group SHORT
    V32
      Category 1    0.785         1246.000
      Category 2    0.200          318.000
      Category 3    0.009           14.000
      Category 4    0.006            9.000
    V33
      Category 1    0.078          118.000
      Category 2    0.712         1073.000
      Category 3    0.187          282.000
      Category 4    0.023           34.000
    V34
      Category 1    0.196          304.000
      Category 2    0.739         1147.000
      Category 3    0.062           96.000
      Category 4    0.003            5.000
    V35
      Category 1    0.001            2.000
      Category 2    0.263          372.000
      Category 3    0.523          739.000
      Category 4    0.213          301.000
    V36
      Category 1    0.036           41.000
      Category 2    0.493          567.000
      Category 3    0.350          403.000
      Category 4    0.122          140.000
    V37
      Category 1    0.036           43.000
      Category 2    0.528          633.000
      Category 3    0.346          415.000
      Category 4    0.089          107.000


SAMPLE STATISTICS


     ESTIMATED SAMPLE STATISTICS FOR FULL


           MEANS/INTERCEPTS/THRESHOLDS
              V32$1         V32$2         V32$3         V33$1         V33$2
              ________      ________      ________      ________      ________
                0.881         2.067         2.750        -1.484         0.795


           MEANS/INTERCEPTS/THRESHOLDS
              V33$3         V34$1         V34$2         V34$3         V35$1
              ________      ________      ________      ________      ________
                1.819        -0.925         1.455         2.744        -2.569


           MEANS/INTERCEPTS/THRESHOLDS
              V35$2         V35$3         V36$1         V36$2         V36$3
              ________      ________      ________      ________      ________
               -0.758         0.708        -1.873         0.193         1.292


           MEANS/INTERCEPTS/THRESHOLDS
              V37$1         V37$2         V37$3
              ________      ________      ________
               -1.768         0.208         1.315


           CORRELATION MATRIX (WITH VARIANCES ON THE DIAGONAL)
              V32           V33           V34           V35           V36
              ________      ________      ________      ________      ________
 V32
 V33            0.407
 V34            0.310         0.620
 V35            0.069         0.489         0.477
 V36            0.113         0.418         0.436         0.674
 V37            0.107         0.395         0.487         0.686         0.977


           CORRELATION MATRIX (WITH VARIANCES ON THE DIAGONAL)
              V37
              ________


     ESTIMATED SAMPLE STATISTICS FOR SHORT


           MEANS/INTERCEPTS/THRESHOLDS
              V32$1         V32$2         V32$3         V33$1         V33$2
              ________      ________      ________      ________      ________
                0.790         2.184         2.532        -1.417         0.808


           MEANS/INTERCEPTS/THRESHOLDS
              V33$3         V34$1         V34$2         V34$3         V35$1
              ________      ________      ________      ________      ________
                2.004        -0.856         1.513         2.724        -2.986


           MEANS/INTERCEPTS/THRESHOLDS
              V35$2         V35$3         V36$1         V36$2         V36$3
              ________      ________      ________      ________      ________
               -0.630         0.796        -1.804         0.071         1.167


           MEANS/INTERCEPTS/THRESHOLDS
              V37$1         V37$2         V37$3
              ________      ________      ________
               -1.800         0.162         1.345


           CORRELATION MATRIX (WITH VARIANCES ON THE DIAGONAL)
              V32           V33           V34           V35           V36
              ________      ________      ________      ________      ________
 V32
 V33            0.422
 V34            0.333         0.566
 V35            0.174         0.536         0.456
 V36            0.220         0.422         0.403         0.605
 V37            0.191         0.382         0.397         0.579         0.932


           CORRELATION MATRIX (WITH VARIANCES ON THE DIAGONAL)
              V37
              ________


THE MODEL ESTIMATION TERMINATED NORMALLY



MODEL FIT INFORMATION

Number of Free Parameters                       31

Chi-Square Test of Model Fit

          Value                            443.301*
          Degrees of Freedom                    35
          P-Value                           0.0000

Chi-Square Contribution From Each Group

          FULL                             149.434
          SHORT                            293.866

*   The chi-square value for MLM, MLMV, MLR, ULSMV, WLSM and WLSMV cannot be used
    for chi-square difference testing in the regular way.  MLM, MLR and WLSM
    chi-square difference testing is described on the Mplus website.  MLMV, WLSMV,
    and ULSMV difference testing is done using the DIFFTEST option.

RMSEA (Root Mean Square Error Of Approximation)

          Estimate                           0.101
          90 Percent C.I.                    0.093  0.110
          Probability RMSEA <= .05           0.000

CFI/TLI

          CFI                                0.990
          TLI                                0.992

Chi-Square Test of Model Fit for the Baseline Model

          Value                          42191.517
          Degrees of Freedom                    30
          P-Value                           0.0000

WRMR (Weighted Root Mean Square Residual)

          Value                              3.818



MODEL RESULTS

                                                    Two-Tailed
                    Estimate       S.E.  Est./S.E.    P-Value

Group FULL

 F1       BY
    V32                1.000      0.000    999.000    999.000
    V33                1.999      0.245      8.175      0.000
    V34                2.080      0.260      8.006      0.000
    V35                2.747      0.343      8.021      0.000
    V36               17.039      7.587      2.246      0.025
    V37               17.051      6.958      2.451      0.014

 Means
    F1                 0.000      0.000    999.000    999.000

 Thresholds
    V32$1              0.861      0.050     17.212      0.000
    V32$2              2.263      0.118     19.242      0.000
    V32$3              2.717      0.164     16.610      0.000
    V33$1             -1.696      0.073    -23.288      0.000
    V33$2              0.951      0.048     20.001      0.000
    V33$3              2.299      0.098     23.557      0.000
    V34$1             -1.102      0.054    -20.526      0.000
    V34$2              1.879      0.081     23.132      0.000
    V34$3              3.433      0.194     17.672      0.000
    V35$1             -3.917      0.214    -18.289      0.000
    V35$2             -0.959      0.056    -17.142      0.000
    V35$3              1.105      0.056     19.733      0.000
    V36$1            -11.214      4.801     -2.336      0.020
    V36$2              0.651      0.339      1.922      0.055
    V36$3              7.388      3.157      2.341      0.019
    V37$1            -11.152      4.267     -2.614      0.009
    V37$2              1.089      0.464      2.348      0.019
    V37$3              8.316      3.185      2.611      0.009

 Variances
    F1                 0.124      0.030      4.196      0.000

 Residual Variances
    V32                1.000      0.000    999.000    999.000
    V33                1.000      0.000    999.000    999.000
    V34                1.000      0.000    999.000    999.000
    V35                1.000      0.000    999.000    999.000
    V36                1.000      0.000    999.000    999.000
    V37                1.000      0.000    999.000    999.000

Group SHORT

 F1       BY
    V32                1.000      0.000    999.000    999.000
    V33                1.999      0.245      8.175      0.000
    V34                2.080      0.260      8.006      0.000
    V35                2.747      0.343      8.021      0.000
    V36               17.039      7.587      2.246      0.025
    V37               17.051      6.958      2.451      0.014

 Means
    F1                 0.000      0.000    999.000    999.000

 Thresholds
    V32$1              0.861      0.050     17.212      0.000
    V32$2              2.263      0.118     19.242      0.000
    V32$3              2.717      0.164     16.610      0.000
    V33$1             -1.696      0.073    -23.288      0.000
    V33$2              0.951      0.048     20.001      0.000
    V33$3              2.299      0.098     23.557      0.000
    V34$1             -1.102      0.054    -20.526      0.000
    V34$2              1.879      0.081     23.132      0.000
    V34$3              3.433      0.194     17.672      0.000
    V35$1             -3.917      0.214    -18.289      0.000
    V35$2             -0.959      0.056    -17.142      0.000
    V35$3              1.105      0.056     19.733      0.000
    V36$1            -11.214      4.801     -2.336      0.020
    V36$2              0.651      0.339      1.922      0.055
    V36$3              7.388      3.157      2.341      0.019
    V37$1            -11.152      4.267     -2.614      0.009
    V37$2              1.089      0.464      2.348      0.019
    V37$3              8.316      3.185      2.611      0.009

 Variances
    F1                 0.123      0.029      4.296      0.000

 Residual Variances
    V32                0.986      0.118      8.326      0.000
    V33                0.869      0.080     10.921      0.000
    V34                1.067      0.103     10.356      0.000
    V35                1.197      0.112     10.644      0.000
    V36                2.420      2.008      1.206      0.228
    V37                3.623      2.678      1.353      0.176


STANDARDIZED MODEL RESULTS


STDYX Standardization

                                                    Two-Tailed
                    Estimate       S.E.  Est./S.E.    P-Value

Group FULL

 F1       BY
    V32                0.332      0.035      9.435      0.000
    V33                0.576      0.024     23.531      0.000
    V34                0.591      0.025     23.459      0.000
    V35                0.696      0.021     33.496      0.000
    V36                0.986      0.012     85.661      0.000
    V37                0.986      0.010     95.136      0.000

 Means
    F1                 0.000      0.000    999.000    999.000

 Thresholds
    V32$1              0.812      0.043     18.799      0.000
    V32$2              2.135      0.101     21.206      0.000
    V32$3              2.563      0.143     17.868      0.000
    V33$1             -1.386      0.052    -26.796      0.000
    V33$2              0.777      0.035     22.152      0.000
    V33$3              1.880      0.070     26.969      0.000
    V34$1             -0.889      0.038    -23.135      0.000
    V34$2              1.516      0.055     27.369      0.000
    V34$3              2.769      0.144     19.203      0.000
    V35$1             -2.814      0.156    -18.007      0.000
    V35$2             -0.689      0.036    -19.417      0.000
    V35$3              0.794      0.037     21.361      0.000
    V36$1             -1.843      0.088    -20.902      0.000
    V36$2              0.107      0.032      3.350      0.001
    V36$3              1.214      0.060     20.345      0.000
    V37$1             -1.831      0.084    -21.822      0.000
    V37$2              0.179      0.032      5.552      0.000
    V37$3              1.365      0.063     21.642      0.000

 Variances
    F1                 1.000      0.000    999.000    999.000

 Residual Variances
    V32                0.890      0.023     37.999      0.000
    V33                0.668      0.028     23.714      0.000
    V34                0.651      0.030     21.840      0.000
    V35                0.516      0.029     17.874      0.000
    V36                0.027      0.023      1.188      0.235
    V37                0.027      0.020      1.318      0.188

Group SHORT

 F1       BY
    V32                0.333      0.031     10.651      0.000
    V33                0.602      0.021     28.974      0.000
    V34                0.577      0.021     26.975      0.000
    V35                0.661      0.015     43.206      0.000
    V36                0.968      0.009    108.916      0.000
    V37                0.953      0.009    109.669      0.000

 Means
    F1                 0.000      0.000    999.000    999.000

 Thresholds
    V32$1              0.817      0.032     25.301      0.000
    V32$2              2.148      0.077     28.047      0.000
    V32$3              2.579      0.110     23.364      0.000
    V33$1             -1.453      0.043    -34.067      0.000
    V33$2              0.815      0.032     25.620      0.000
    V33$3              1.970      0.062     31.836      0.000
    V34$1             -0.871      0.032    -27.337      0.000
    V34$2              1.485      0.044     33.717      0.000
    V34$3              2.714      0.127     21.384      0.000
    V35$1             -2.685      0.150    -17.904      0.000
    V35$2             -0.658      0.031    -21.501      0.000
    V35$3              0.757      0.032     23.902      0.000
    V36$1             -1.814      0.063    -28.653      0.000
    V36$2              0.105      0.031      3.377      0.001
    V36$3              1.195      0.043     27.784      0.000
    V37$1             -1.775      0.061    -29.011      0.000
    V37$2              0.173      0.031      5.656      0.000
    V37$3              1.324      0.046     28.940      0.000

 Variances
    F1                 1.000      0.000    999.000    999.000

 Residual Variances
    V32                0.889      0.021     42.596      0.000
    V33                0.638      0.025     25.541      0.000
    V34                0.667      0.025     26.980      0.000
    V35                0.563      0.020     27.776      0.000
    V36                0.063      0.017      3.681      0.000
    V37                0.092      0.017      5.540      0.000


R-SQUARE

Group FULL

    Observed                                        Two-Tailed     Scale
    Variable        Estimate       S.E.  Est./S.E.    P-Value     Factors

    V32                0.110      0.023      4.717      0.000      0.943
    V33                0.332      0.028     11.766      0.000      0.818
    V34                0.349      0.030     11.729      0.000      0.807
    V35                0.484      0.029     16.748      0.000      0.719
    V36                0.973      0.023     42.830      0.000      0.164
    V37                0.973      0.020     47.568      0.000      0.164

Group SHORT

    Observed                                        Two-Tailed     Scale
    Variable        Estimate       S.E.  Est./S.E.    P-Value     Factors

    V32                0.111      0.021      5.325      0.000      0.949
    V33                0.362      0.025     14.487      0.000      0.857
    V34                0.333      0.025     13.488      0.000      0.790
    V35                0.437      0.020     21.603      0.000      0.686
    V36                0.937      0.017     54.458      0.000      0.162
    V37                0.908      0.017     54.835      0.000      0.159


QUALITY OF NUMERICAL RESULTS

     Condition Number for the Information Matrix              0.343E-06
       (ratio of smallest to largest eigenvalue)


MODEL MODIFICATION INDICES

NOTE:  Modification indices for direct effects of observed dependent variables
regressed on covariates and residual covariances among observed dependent
variables may not be included.  To include these, request MODINDICES (ALL).

Minimum M.I. value for printing the modification index    10.000

                                   M.I.     E.P.C.  Std E.P.C.  StdYX E.P.C.
Group FULL


WITH Statements

V33      WITH V32                 11.712     0.306      0.306        0.306
V34      WITH V33                 56.510     0.522      0.522        0.522
V36      WITH V33                 17.622    -1.624     -1.624       -1.624
V36      WITH V34                 13.834    -1.588     -1.588       -1.588
V37      WITH V33                 27.250    -1.966     -1.966       -1.966
V37      WITH V36                 31.425    11.285     11.285       11.285

Variances/Residual Variances

V37                              999.000     0.000      0.000        0.000

Group SHORT


WITH Statements

V33      WITH V32                154.289     1.060      1.060        1.144
V34      WITH V32                 39.836     0.555      0.555        0.541
V34      WITH V33                171.817     0.893      0.893        0.927
V35      WITH V33                 73.714     0.616      0.616        0.604
V35      WITH V34                 16.696     0.355      0.355        0.314
V36      WITH V32                 19.820    -2.595     -2.595       -1.679
V36      WITH V33                 70.007    -3.178     -3.178       -2.191
V36      WITH V34                 67.157    -3.607     -3.607       -2.244
V36      WITH V35                 16.983    -1.701     -1.701       -0.999
V37      WITH V32                 25.753    -3.002     -3.002       -1.588
V37      WITH V33                 94.210    -3.625     -3.625       -2.043
V37      WITH V34                 54.699    -3.108     -3.108       -1.581
V37      WITH V35                 25.864    -2.076     -2.076       -0.997
V37      WITH V36                221.240    30.211     30.211       10.203



SAVEDATA INFORMATION


  Difference testing

  Save file
    v32_scalar.dat
  Save format      Free

DIAGRAM INFORMATION

  Use View Diagram under the Diagram menu in the Mplus Editor to view the diagram.
  If running Mplus from the Mplus Diagrammer, the diagram opens automatically.

  Diagram output
    c:\users\msassac6\dropbox (the university of manchester)\papers\joe s\evs_mm_de_equivalence\mplus\eq\inv_data3_v32_c

     Beginning Time:  13:56:25
        Ending Time:  13:56:26
       Elapsed Time:  00:00:01



MUTHEN & MUTHEN
3463 Stoner Ave.
Los Angeles, CA  90066

Tel: (310) 391-9971
Fax: (310) 391-8971
Web: www.StatModel.com
Support: Support@StatModel.com

Copyright (c) 1998-2017 Muthen & Muthen
