Mplus VERSION 8
MUTHEN & MUTHEN
07/06/2020   2:40 PM

INPUT INSTRUCTIONS

  TITLE: Your title goes here

   DATA: FILE = eq/data.dta;

   VARIABLE:

   NAMES = id_cocas weight comp_mode comp_len mode mm_matrix_group wei_mmf v2 v3 v4 v32
       v33 v34 v35 v36 v37 v46 v47 v48 v49 v50 v65 v66 v67 v68 v69 v70 v82 v83 v84 v98
       v99 v100 v101 v103 v104 v105 v106 v107 v115 v116 v117 v118 v119 v120 v121 v122
       v123 v124 v125 v126 v127 v128 v129 v130 v131 v132 v133 v134 v135 v136 v137 v138
       v139 v140 v141 v145 v146 v147 v148 v149 v150 v151 v152 v153 v154 v155 v156 v157
       v158 v159 v160 v161 v162 v163 v164 v165 v166 v167 v176 v177 v178 v179 v180 v181
       v182 v183 v185 v186 v187 v188 v189 v191 v192 v193 v194 v195 v196 v197 v199 v200
       v201 v202 v203 v205 v206 v207 v208 v209 v210 v211 v212 v213 v214 v215 v216 v217
       v218 v220 v221 v222 v223 v224 v267 v268 v269 v271 v272 v273;

   MISSING=.;

   USEVARIABLES ARE
   v212
   v213
   v214
   v215
   v216;

   GROUPING IS comp_len (0=full 1=short);

  Model:


  f1 BY v212@1
  v213 (L2_full)
  v214 (L3_full)
  v215 (L4_full)
  v216 (L5_full)
  ;

  [v212] (i1_full);
  [v213] (i2_full);
  [v214] (i3_full);
  [v215] (i4_full);
  [v216] (i5_full);

   [f1@0];

  Model short:

  f1 BY v212@1
  v213 (L2_short)
  v214 (L3_short)
  v215 (L4_short)
  v216 (L5_short)
  ;

  [v212] (i1_short);
  [v213] (i2_short);
  [v214] (i3_short);
  [v215] (i4_short);
  [v216] (i5_short);

   [f1@0];

   SAVEDATA: DIFFTEST IS v212_config.dat;

   OUTPUT: SAMPSTAT;

                                  MODINDICES;

                                  STDYX;




*** WARNING in SAVEDATA command
  The DIFFTEST option is available only for the estimators MLMV, WLSMV and ULSMV.
  Request for DIFFTEST will be ignored.
*** WARNING
  Data set contains unknown or missing values for GROUPING,
  PATTERN, COHORT, CLUSTER and/or STRATIFICATION variables.
  Number of cases with unknown or missing values:  1494
*** WARNING
  Data set contains cases with missing on all variables.
  These cases were not included in the analysis.
  Number of cases with missing on all variables:  1679
   3 WARNING(S) FOUND IN THE INPUT INSTRUCTIONS



Your title goes here

SUMMARY OF ANALYSIS

Number of groups                                                 2
Number of observations
   Group FULL                                                  658
   Group SHORT                                                1585
   Total sample size                                          2243

Number of dependent variables                                    5
Number of independent variables                                  0
Number of continuous latent variables                            1

Observed dependent variables

  Continuous
   V212        V213        V214        V215        V216

Continuous latent variables
   F1

Variables with special functions

  Grouping variable     COMP_LEN

Estimator                                                       ML
Information matrix                                        OBSERVED
Maximum number of iterations                                  1000
Convergence criterion                                    0.500D-04
Maximum number of steepest descent iterations                   20
Maximum number of iterations for H1                           2000
Convergence criterion for H1                             0.100D-03

Input data file(s)
  eq/data.dta

Input data format  FREE


SUMMARY OF DATA

   Group FULL
     Number of missing data patterns            16

   Group SHORT
     Number of missing data patterns            21


COVARIANCE COVERAGE OF DATA

Minimum covariance coverage value   0.100


     PROPORTION OF DATA PRESENT FOR FULL


           Covariance Coverage
              V212          V213          V214          V215          V216
              ________      ________      ________      ________      ________
 V212           0.985
 V213           0.970         0.979
 V214           0.970         0.965         0.980
 V215           0.959         0.953         0.959         0.968
 V216           0.954         0.945         0.951         0.951         0.962


     PROPORTION OF DATA PRESENT FOR SHORT


           Covariance Coverage
              V212          V213          V214          V215          V216
              ________      ________      ________      ________      ________
 V212           0.991
 V213           0.970         0.974
 V214           0.966         0.956         0.970
 V215           0.956         0.949         0.951         0.960
 V216           0.956         0.946         0.946         0.946         0.964


SAMPLE STATISTICS


     ESTIMATED SAMPLE STATISTICS FOR FULL


           Means
              V212          V213          V214          V215          V216
              ________      ________      ________      ________      ________
                2.211         2.372         2.322         2.617         2.579


           Covariances
              V212          V213          V214          V215          V216
              ________      ________      ________      ________      ________
 V212           0.665
 V213           0.513         0.788
 V214           0.383         0.484         0.647
 V215           0.369         0.483         0.475         0.772
 V216           0.273         0.364         0.369         0.598         0.900


           Correlations
              V212          V213          V214          V215          V216
              ________      ________      ________      ________      ________
 V212           1.000
 V213           0.709         1.000
 V214           0.584         0.677         1.000
 V215           0.515         0.619         0.671         1.000
 V216           0.353         0.432         0.484         0.718         1.000


     ESTIMATED SAMPLE STATISTICS FOR SHORT


           Means
              V212          V213          V214          V215          V216
              ________      ________      ________      ________      ________
                2.202         2.340         2.270         2.439         2.409


           Covariances
              V212          V213          V214          V215          V216
              ________      ________      ________      ________      ________
 V212           0.676
 V213           0.496         0.723
 V214           0.385         0.464         0.633
 V215           0.323         0.422         0.443         0.682
 V216           0.265         0.359         0.330         0.531         0.803


           Correlations
              V212          V213          V214          V215          V216
              ________      ________      ________      ________      ________
 V212           1.000
 V213           0.709         1.000
 V214           0.589         0.685         1.000
 V215           0.476         0.601         0.675         1.000
 V216           0.360         0.472         0.463         0.718         1.000


     MAXIMUM LOG-LIKELIHOOD VALUE FOR THE UNRESTRICTED (H1) MODEL IS -10640.887


UNIVARIATE SAMPLE STATISTICS


     UNIVARIATE HIGHER-ORDER MOMENT DESCRIPTIVE STATISTICS FOR FULL

         Variable/         Mean/     Skewness/   Minimum/ % with                Percentiles
        Sample Size      Variance    Kurtosis    Maximum  Min/Max      20%/60%    40%/80%    Median

     V212                  2.215       0.629       1.000   16.51%       2.000      2.000      2.000
             648.000       0.665       0.663       5.000    1.08%       2.000      3.000
     V213                  2.366       0.658       1.000   13.35%       2.000      2.000      2.000
             644.000       0.782       0.586       5.000    2.48%       2.000      3.000
     V214                  2.315       0.553       1.000   12.56%       2.000      2.000      2.000
             645.000       0.640       0.745       5.000    1.40%       2.000      3.000
     V215                  2.615       0.367       1.000    7.22%       2.000      2.000      3.000
             637.000       0.767      -0.107       5.000    2.04%       3.000      3.000
     V216                  2.573       0.373       1.000   10.74%       2.000      2.000      2.000
             633.000       0.899      -0.251       5.000    2.69%       3.000      3.000


     UNIVARIATE HIGHER-ORDER MOMENT DESCRIPTIVE STATISTICS FOR SHORT

         Variable/         Mean/     Skewness/   Minimum/ % with                Percentiles
        Sample Size      Variance    Kurtosis    Maximum  Min/Max      20%/60%    40%/80%    Median

     V212                  2.205       0.508       1.000   17.96%       2.000      2.000      2.000
            1570.000       0.675       0.254       5.000    0.70%       2.000      3.000
     V213                  2.338       0.679       1.000   12.64%       2.000      2.000      2.000
            1543.000       0.721       0.677       5.000    1.88%       2.000      3.000
     V214                  2.267       0.564       1.000   13.66%       2.000      2.000      2.000
            1537.000       0.633       0.531       5.000    0.85%       2.000      3.000
     V215                  2.440       0.379       1.000   10.25%       2.000      2.000      2.000
            1522.000       0.681       0.134       5.000    1.12%       3.000      3.000
     V216                  2.404       0.367       1.000   14.40%       2.000      2.000      2.000
            1528.000       0.801      -0.142       5.000    1.31%       3.000      3.000


THE MODEL ESTIMATION TERMINATED NORMALLY



MODEL FIT INFORMATION

Number of Free Parameters                       30

Loglikelihood

          H0 Value                      -11086.376
          H1 Value                      -10640.887

Information Criteria

          Akaike (AIC)                   22232.751
          Bayesian (BIC)                 22404.218
          Sample-Size Adjusted BIC       22308.903
            (n* = (n + 2) / 24)

Chi-Square Test of Model Fit

          Value                            890.977
          Degrees of Freedom                    10
          P-Value                           0.0000

Chi-Square Contribution From Each Group

          FULL                             249.715
          SHORT                            641.262

RMSEA (Root Mean Square Error Of Approximation)

          Estimate                           0.280
          90 Percent C.I.                    0.265  0.296
          Probability RMSEA <= .05           0.000

CFI/TLI

          CFI                                0.852
          TLI                                0.704

Chi-Square Test of Model Fit for the Baseline Model

          Value                           5977.530
          Degrees of Freedom                    20
          P-Value                           0.0000

SRMR (Standardized Root Mean Square Residual)

          Value                              0.065



MODEL RESULTS

                                                    Two-Tailed
                    Estimate       S.E.  Est./S.E.    P-Value

Group FULL

 F1       BY
    V212               1.000      0.000    999.000    999.000
    V213               1.231      0.062     19.833      0.000
    V214               1.122      0.060     18.776      0.000
    V215               1.236      0.072     17.283      0.000
    V216               1.047      0.077     13.638      0.000

 Means
    F1                 0.000      0.000    999.000    999.000

 Intercepts
    V212               2.213      0.032     69.271      0.000
    V213               2.370      0.035     68.193      0.000
    V214               2.321      0.032     73.641      0.000
    V215               2.619      0.035     75.794      0.000
    V216               2.577      0.038     68.707      0.000

 Variances
    F1                 0.342      0.035      9.759      0.000

 Residual Variances
    V212               0.323      0.023     14.318      0.000
    V213               0.268      0.023     11.765      0.000
    V214               0.217      0.017     13.093      0.000
    V215               0.251      0.023     11.049      0.000
    V216               0.527      0.035     14.906      0.000

Group SHORT

 F1       BY
    V212               1.000      0.000    999.000    999.000
    V213               1.196      0.038     31.481      0.000
    V214               1.102      0.038     29.002      0.000
    V215               1.109      0.043     26.020      0.000
    V216               0.972      0.045     21.382      0.000

 Means
    F1                 0.000      0.000    999.000    999.000

 Intercepts
    V212               2.201      0.021    106.284      0.000
    V213               2.339      0.022    108.730      0.000
    V214               2.269      0.020    112.629      0.000
    V215               2.442      0.021    116.428      0.000
    V216               2.410      0.023    105.736      0.000

 Variances
    F1                 0.349      0.023     15.252      0.000

 Residual Variances
    V212               0.326      0.015     22.314      0.000
    V213               0.224      0.013     17.259      0.000
    V214               0.209      0.010     19.946      0.000
    V215               0.252      0.014     18.557      0.000
    V216               0.473      0.020     23.538      0.000


STANDARDIZED MODEL RESULTS


STDYX Standardization

                                                    Two-Tailed
                    Estimate       S.E.  Est./S.E.    P-Value

Group FULL

 F1       BY
    V212               0.717      0.024     30.021      0.000
    V213               0.812      0.019     42.530      0.000
    V214               0.815      0.017     47.558      0.000
    V215               0.822      0.019     43.042      0.000
    V216               0.645      0.029     22.529      0.000

 Means
    F1                 0.000      0.000    999.000    999.000

 Intercepts
    V212               2.713      0.085     31.948      0.000
    V213               2.673      0.084     31.782      0.000
    V214               2.886      0.089     32.258      0.000
    V215               2.978      0.092     32.317      0.000
    V216               2.714      0.086     31.624      0.000

 Variances
    F1                 1.000      0.000    999.000    999.000

 Residual Variances
    V212               0.486      0.034     14.212      0.000
    V213               0.341      0.031     10.999      0.000
    V214               0.336      0.028     12.027      0.000
    V215               0.325      0.031     10.364      0.000
    V216               0.585      0.037     15.847      0.000

Group SHORT

 F1       BY
    V212               0.719      0.015     47.228      0.000
    V213               0.831      0.012     71.935      0.000
    V214               0.819      0.011     74.856      0.000
    V215               0.794      0.013     59.869      0.000
    V216               0.641      0.018     35.094      0.000

 Means
    F1                 0.000      0.000    999.000    999.000

 Intercepts
    V212               2.678      0.054     49.481      0.000
    V213               2.751      0.056     49.538      0.000
    V214               2.853      0.057     49.891      0.000
    V215               2.957      0.059     50.033      0.000
    V216               2.689      0.055     49.127      0.000

 Variances
    F1                 1.000      0.000    999.000    999.000

 Residual Variances
    V212               0.483      0.022     22.074      0.000
    V213               0.309      0.019     16.121      0.000
    V214               0.330      0.018     18.414      0.000
    V215               0.370      0.021     17.571      0.000
    V216               0.590      0.023     25.209      0.000


R-SQUARE

Group FULL

    Observed                                        Two-Tailed
    Variable        Estimate       S.E.  Est./S.E.    P-Value

    V212               0.514      0.034     15.010      0.000
    V213               0.659      0.031     21.265      0.000
    V214               0.664      0.028     23.779      0.000
    V215               0.675      0.031     21.521      0.000
    V216               0.415      0.037     11.265      0.000

Group SHORT

    Observed                                        Two-Tailed
    Variable        Estimate       S.E.  Est./S.E.    P-Value

    V212               0.517      0.022     23.614      0.000
    V213               0.691      0.019     35.968      0.000
    V214               0.670      0.018     37.428      0.000
    V215               0.630      0.021     29.935      0.000
    V216               0.410      0.023     17.547      0.000


QUALITY OF NUMERICAL RESULTS

     Condition Number for the Information Matrix              0.664E-02
       (ratio of smallest to largest eigenvalue)


MODEL MODIFICATION INDICES

NOTE:  Modification indices for direct effects of observed dependent variables
regressed on covariates may not be included.  To include these, request
MODINDICES (ALL).

Minimum M.I. value for printing the modification index    10.000

                                   M.I.     E.P.C.  Std E.P.C.  StdYX E.P.C.
Group FULL


WITH Statements

V213     WITH V212               114.282     0.174      0.174        0.591
V215     WITH V212                39.486    -0.102     -0.102       -0.356
V215     WITH V213                39.326    -0.114     -0.114       -0.439
V216     WITH V212                34.090    -0.112     -0.112       -0.272
V216     WITH V213                45.509    -0.132     -0.132       -0.351
V216     WITH V215               204.662     0.276      0.276        0.758

Group SHORT


WITH Statements

V213     WITH V212               275.000     0.169      0.169        0.625
V215     WITH V212               128.398    -0.113     -0.113       -0.392
V215     WITH V213               116.617    -0.114     -0.114       -0.479
V215     WITH V214                18.855     0.042      0.042        0.185
V216     WITH V212                68.846    -0.098     -0.098       -0.249
V216     WITH V213                49.640    -0.080     -0.080       -0.246
V216     WITH V214                45.471    -0.072     -0.072       -0.229
V216     WITH V215               470.647     0.244      0.244        0.706



DIAGRAM INFORMATION

  Use View Diagram under the Diagram menu in the Mplus Editor to view the diagram.
  If running Mplus from the Mplus Diagrammer, the diagram opens automatically.

  Diagram output
    c:\users\msassac6\dropbox (the university of manchester)\papers\joe s\evs_mm_de_equivalence\mplus\eq\inv_data3_v212_

     Beginning Time:  14:40:36
        Ending Time:  14:40:37
       Elapsed Time:  00:00:01



MUTHEN & MUTHEN
3463 Stoner Ave.
Los Angeles, CA  90066

Tel: (310) 391-9971
Fax: (310) 391-8971
Web: www.StatModel.com
Support: Support@StatModel.com

Copyright (c) 1998-2017 Muthen & Muthen
