Mplus VERSION 8
MUTHEN & MUTHEN
07/13/2020   8:33 AM

INPUT INSTRUCTIONS

  TITLE: Your title goes here

   DATA: FILE = eq/data.dta;

   VARIABLE:

   NAMES = id_cocas weight comp_mode comp_len mode mm_matrix_group wei_mmf v2 v3 v4 v32
       v33 v34 v35 v36 v37 v46 v47 v48 v49 v50 v65 v66 v67 v68 v69 v70 v82 v83 v84 v98
       v99 v100 v101 v103 v104 v105 v106 v107 v115 v116 v117 v118 v119 v120 v121 v122
       v123 v124 v125 v126 v127 v128 v129 v130 v131 v132 v133 v134 v135 v136 v137 v138
       v139 v140 v141 v145 v146 v147 v148 v149 v150 v151 v152 v153 v154 v155 v156 v157
       v158 v159 v160 v161 v162 v163 v164 v165 v166 v167 v176 v177 v178 v179 v180 v181
       v182 v183 v185 v186 v187 v188 v189 v191 v192 v193 v194 v195 v196 v197 v199 v200
       v201 v202 v203 v205 v206 v207 v208 v209 v210 v211 v212 v213 v214 v215 v216 v217
       v218 v220 v221 v222 v223 v224 v267 v268 v269 v271 v272 v273;

   MISSING=.;

   USEVARIABLES ARE
   v65
   v66
   v67
   v68
   v69
   v70;

   CATEGORICAL ARE
   v65
   v66
   v67
   v68
   v69
   v70;

   GROUPING IS comp_mode (0=sm 1=mm);

  WEIGHT IS weight;

   Analysis:

                  ESTIMATOR = WLSMV;

                  ITERATIONS = 100000;

                  PARAMETERIZATION = THETA;

  Model:


  f1 BY v65@1
  v66 (L2)
  v67 (L3)
  v68 (L4)
  v69 (L5)
  v70 (L6)
  ;


   [f1@0];
  [v65$1] (t_v65_1);
  [v65$2] (t_v65_2);

  [v66$1] (t_v66_1);
  [v66$2] (t_v66_2);

  [v67$1] (t_v67_1);
  [v67$2] (t_v67_2);

  [v68$1] (t_v68_1);
  [v68$2] (t_v68_2);

  [v69$1] (t_v69_1);
  [v69$2] (t_v69_2);

  [v70$1] (t_v70_1);
  [v70$2] (t_v70_2);


  Model mm:

  f1 BY v65@1
  v66 (L2)
  v67 (L3)
  v68 (L4)
  v69 (L5)
  v70 (L6)
  ;


   [f1@0];
  [v65$1] (t_v65_1);
  [v65$2] (t_v65_2);

  [v66$1] (t_v66_1);
  [v66$2] (t_v66_2);

  [v67$1] (t_v67_1);
  [v67$2] (t_v67_2);

  [v68$1] (t_v68_1);
  [v68$2] (t_v68_2);

  [v69$1] (t_v69_1);
  [v69$2] (t_v69_2);

  [v70$1] (t_v70_1);
  [v70$2] (t_v70_2);


   SAVEDATA: DIFFTEST IS v65_scalar.dat;

   OUTPUT: SAMPSTAT;

                                  MODINDICES;

                                  STDYX;




*** WARNING
  Data set contains unknown or missing values for GROUPING,
  PATTERN, COHORT, CLUSTER and/or STRATIFICATION variables.
  Number of cases with unknown or missing values:  3244
*** WARNING
  Data set contains cases with missing on all variables.
  These cases were not included in the analysis.
  Number of cases with missing on all variables:  8
   2 WARNING(S) FOUND IN THE INPUT INSTRUCTIONS



Your title goes here

SUMMARY OF ANALYSIS

Number of groups                                                 2
Number of observations
   Group SM                                                   1491
   Group MM                                                    673
   Total sample size                                          2164

Number of dependent variables                                    6
Number of independent variables                                  0
Number of continuous latent variables                            1

Observed dependent variables

  Binary and ordered categorical (ordinal)
   V65         V66         V67         V68         V69         V70

Continuous latent variables
   F1

Variables with special functions

  Grouping variable     COMP_MOD
  Weight variable       WEIGHT

Estimator                                                    WLSMV
Maximum number of iterations                                100000
Convergence criterion                                    0.500D-04
Maximum number of steepest descent iterations                   20
Maximum number of iterations for H1                           2000
Convergence criterion for H1                             0.100D-03
Parameterization                                             THETA
Link                                                        PROBIT

Input data file(s)
  eq/data.dta

Input data format  FREE


SUMMARY OF DATA

   Group SM
     Number of missing data patterns             8

   Group MM
     Number of missing data patterns            23


COVARIANCE COVERAGE OF DATA

Minimum covariance coverage value   0.100


     PROPORTION OF DATA PRESENT FOR SM


           Covariance Coverage
              V65           V66           V67           V68           V69
              ________      ________      ________      ________      ________
 V65            1.000
 V66            0.999         0.999
 V67            0.999         0.998         0.999
 V68            0.992         0.991         0.991         0.992
 V69            0.985         0.983         0.983         0.979         0.985
 V70            0.998         0.997         0.997         0.991         0.983


           Covariance Coverage
              V70
              ________
 V70            0.998


     PROPORTION OF DATA PRESENT FOR MM


           Covariance Coverage
              V65           V66           V67           V68           V69
              ________      ________      ________      ________      ________
 V65            0.991
 V66            0.964         0.972
 V67            0.957         0.954         0.966
 V68            0.970         0.963         0.958         0.979
 V69            0.911         0.902         0.899         0.905         0.915
 V70            0.972         0.960         0.954         0.966         0.906


           Covariance Coverage
              V70
              ________
 V70            0.981


UNIVARIATE PROPORTIONS AND COUNTS FOR CATEGORICAL VARIABLES

  Group SM
    V65
      Category 1    0.860         1282.403
      Category 2    0.130          194.062
      Category 3    0.010           14.534
    V66
      Category 1    0.267          397.057
      Category 2    0.497          740.423
      Category 3    0.236          352.053
    V67
      Category 1    0.324          483.182
      Category 2    0.577          859.582
      Category 3    0.098          146.388
    V68
      Category 1    0.288          426.086
      Category 2    0.504          745.169
      Category 3    0.208          307.503
    V69
      Category 1    0.612          900.391
      Category 2    0.253          372.259
      Category 3    0.134          197.570
    V70
      Category 1    0.450          669.158
      Category 2    0.483          718.534
      Category 3    0.067          100.248

  Group MM
    V65
      Category 1    0.843          562.805
      Category 2    0.144           96.394
      Category 3    0.013            8.621
    V66
      Category 1    0.234          152.633
      Category 2    0.499          325.492
      Category 3    0.267          173.959
    V67
      Category 1    0.327          212.134
      Category 2    0.602          389.896
      Category 3    0.071           46.049
    V68
      Category 1    0.283          185.404
      Category 2    0.540          354.191
      Category 3    0.177          115.965
    V69
      Category 1    0.590          361.591
      Category 2    0.265          162.226
      Category 3    0.146           89.226
    V70
      Category 1    0.401          264.127
      Category 2    0.497          327.922
      Category 3    0.102           67.120


SAMPLE STATISTICS


     ESTIMATED SAMPLE STATISTICS FOR SM


           MEANS/INTERCEPTS/THRESHOLDS
              V65$1         V65$2         V66$1         V66$2         V67$1
              ________      ________      ________      ________      ________
                1.081         2.336        -0.623         0.718        -0.455


           MEANS/INTERCEPTS/THRESHOLDS
              V67$2         V68$1         V68$2         V69$1         V69$2
              ________      ________      ________      ________      ________
                1.291        -0.559         0.814         0.286         1.106


           MEANS/INTERCEPTS/THRESHOLDS
              V70$1         V70$2
              ________      ________
               -0.126         1.496


           CORRELATION MATRIX (WITH VARIANCES ON THE DIAGONAL)
              V65           V66           V67           V68           V69
              ________      ________      ________      ________      ________
 V65
 V66            0.161
 V67            0.164         0.752
 V68            0.076         0.238         0.300
 V69            0.274         0.348         0.378         0.085
 V70            0.074         0.138         0.180         0.191         0.164


           CORRELATION MATRIX (WITH VARIANCES ON THE DIAGONAL)
              V70
              ________


     ESTIMATED SAMPLE STATISTICS FOR MM


           MEANS/INTERCEPTS/THRESHOLDS
              V65$1         V65$2         V66$1         V66$2         V67$1
              ________      ________      ________      ________      ________
                1.006         2.229        -0.726         0.623        -0.447


           MEANS/INTERCEPTS/THRESHOLDS
              V67$2         V68$1         V68$2         V69$1         V69$2
              ________      ________      ________      ________      ________
                1.468        -0.574         0.927         0.227         1.056


           MEANS/INTERCEPTS/THRESHOLDS
              V70$1         V70$2
              ________      ________
               -0.252         1.271


           CORRELATION MATRIX (WITH VARIANCES ON THE DIAGONAL)
              V65           V66           V67           V68           V69
              ________      ________      ________      ________      ________
 V65
 V66            0.067
 V67            0.204         0.679
 V68            0.176         0.183         0.306
 V69            0.321         0.251         0.343         0.046
 V70            0.205         0.134         0.152         0.225         0.128


           CORRELATION MATRIX (WITH VARIANCES ON THE DIAGONAL)
              V70
              ________


THE MODEL ESTIMATION TERMINATED NORMALLY



MODEL FIT INFORMATION

Number of Free Parameters                       25

Chi-Square Test of Model Fit

          Value                             84.535*
          Degrees of Freedom                    29
          P-Value                           0.0000

Chi-Square Contribution From Each Group

          SM                                40.835
          MM                                43.699

*   The chi-square value for MLM, MLMV, MLR, ULSMV, WLSM and WLSMV cannot be used
    for chi-square difference testing in the regular way.  MLM, MLR and WLSM
    chi-square difference testing is described on the Mplus website.  MLMV, WLSMV,
    and ULSMV difference testing is done using the DIFFTEST option.

RMSEA (Root Mean Square Error Of Approximation)

          Estimate                           0.042
          90 Percent C.I.                    0.032  0.053
          Probability RMSEA <= .05           0.888

CFI/TLI

          CFI                                0.983
          TLI                                0.983

Chi-Square Test of Model Fit for the Baseline Model

          Value                           3352.661
          Degrees of Freedom                    30
          P-Value                           0.0000

WRMR (Weighted Root Mean Square Residual)

          Value                              1.760



MODEL RESULTS

                                                    Two-Tailed
                    Estimate       S.E.  Est./S.E.    P-Value

Group SM

 F1       BY
    V65                1.000      0.000    999.000    999.000
    V66                4.936      0.931      5.302      0.000
    V67                8.747      2.279      3.838      0.000
    V68                1.205      0.239      5.051      0.000
    V69                1.732      0.321      5.399      0.000
    V70                0.890      0.191      4.659      0.000

 Means
    F1                 0.000      0.000    999.000    999.000

 Thresholds
    V65$1              1.113      0.044     25.476      0.000
    V65$2              2.424      0.101     24.001      0.000
    V66$1             -1.108      0.083    -13.376      0.000
    V66$2              1.185      0.083     14.234      0.000
    V67$1             -1.150      0.202     -5.690      0.000
    V67$2              3.406      0.549      6.204      0.000
    V68$1             -0.578      0.034    -17.116      0.000
    V68$2              0.868      0.039     22.206      0.000
    V69$1              0.304      0.034      8.879      0.000
    V69$2              1.231      0.049     25.374      0.000
    V70$1             -0.168      0.031     -5.359      0.000
    V70$2              1.522      0.057     26.860      0.000

 Variances
    F1                 0.076      0.026      2.896      0.004

 Residual Variances
    V65                1.000      0.000    999.000    999.000
    V66                1.000      0.000    999.000    999.000
    V67                1.000      0.000    999.000    999.000
    V68                1.000      0.000    999.000    999.000
    V69                1.000      0.000    999.000    999.000
    V70                1.000      0.000    999.000    999.000

Group MM

 F1       BY
    V65                1.000      0.000    999.000    999.000
    V66                4.936      0.931      5.302      0.000
    V67                8.747      2.279      3.838      0.000
    V68                1.205      0.239      5.051      0.000
    V69                1.732      0.321      5.399      0.000
    V70                0.890      0.191      4.659      0.000

 Means
    F1                 0.000      0.000    999.000    999.000

 Thresholds
    V65$1              1.113      0.044     25.476      0.000
    V65$2              2.424      0.101     24.001      0.000
    V66$1             -1.108      0.083    -13.376      0.000
    V66$2              1.185      0.083     14.234      0.000
    V67$1             -1.150      0.202     -5.690      0.000
    V67$2              3.406      0.549      6.204      0.000
    V68$1             -0.578      0.034    -17.116      0.000
    V68$2              0.868      0.039     22.206      0.000
    V69$1              0.304      0.034      8.879      0.000
    V69$2              1.231      0.049     25.374      0.000
    V70$1             -0.168      0.031     -5.359      0.000
    V70$2              1.522      0.057     26.860      0.000

 Variances
    F1                 0.066      0.023      2.836      0.005

 Residual Variances
    V65                1.119      0.137      8.166      0.000
    V66                1.521      0.264      5.751      0.000
    V67                0.617      0.377      1.637      0.102
    V68                0.830      0.104      7.951      0.000
    V69                1.190      0.189      6.282      0.000
    V70                1.290      0.176      7.343      0.000


STANDARDIZED MODEL RESULTS


STDYX Standardization

                                                    Two-Tailed
                    Estimate       S.E.  Est./S.E.    P-Value

Group SM

 F1       BY
    V65                0.266      0.043      6.233      0.000
    V66                0.806      0.024     33.783      0.000
    V67                0.924      0.026     36.220      0.000
    V68                0.316      0.028     11.388      0.000
    V69                0.432      0.028     15.170      0.000
    V70                0.239      0.031      7.748      0.000

 Means
    F1                 0.000      0.000    999.000    999.000

 Thresholds
    V65$1              1.073      0.040     27.063      0.000
    V65$2              2.337      0.095     24.477      0.000
    V66$1             -0.655      0.034    -19.083      0.000
    V66$2              0.701      0.034     20.596      0.000
    V67$1             -0.440      0.031    -14.243      0.000
    V67$2              1.302      0.044     29.582      0.000
    V68$1             -0.548      0.032    -17.171      0.000
    V68$2              0.824      0.036     22.908      0.000
    V69$1              0.274      0.030      9.009      0.000
    V69$2              1.110      0.041     27.193      0.000
    V70$1             -0.163      0.030     -5.352      0.000
    V70$2              1.478      0.054     27.458      0.000

 Variances
    F1                 1.000      0.000    999.000    999.000

 Residual Variances
    V65                0.929      0.023     40.833      0.000
    V66                0.350      0.038      9.083      0.000
    V67                0.146      0.047      3.101      0.002
    V68                0.900      0.018     51.357      0.000
    V69                0.814      0.025     33.127      0.000
    V70                0.943      0.015     64.030      0.000

Group MM

 F1       BY
    V65                0.235      0.040      5.863      0.000
    V66                0.716      0.033     21.938      0.000
    V67                0.944      0.037     25.178      0.000
    V68                0.321      0.033      9.683      0.000
    V69                0.377      0.035     10.692      0.000
    V70                0.197      0.029      6.868      0.000

 Means
    F1                 0.000      0.000    999.000    999.000

 Thresholds
    V65$1              1.023      0.053     19.242      0.000
    V65$2              2.227      0.119     18.781      0.000
    V66$1             -0.628      0.041    -15.281      0.000
    V66$2              0.671      0.041     16.340      0.000
    V67$1             -0.485      0.038    -12.875      0.000
    V67$2              1.435      0.072     19.927      0.000
    V68$1             -0.600      0.041    -14.824      0.000
    V68$2              0.902      0.052     17.454      0.000
    V69$1              0.258      0.031      8.272      0.000
    V69$2              1.045      0.062     16.866      0.000
    V70$1             -0.145      0.028     -5.207      0.000
    V70$2              1.313      0.075     17.606      0.000

 Variances
    F1                 1.000      0.000    999.000    999.000

 Residual Variances
    V65                0.945      0.019     50.037      0.000
    V66                0.488      0.047     10.443      0.000
    V67                0.110      0.071      1.549      0.121
    V68                0.897      0.021     42.217      0.000
    V69                0.858      0.027     32.354      0.000
    V70                0.961      0.011     85.273      0.000


R-SQUARE

Group SM

    Observed                                        Two-Tailed     Scale
    Variable        Estimate       S.E.  Est./S.E.    P-Value     Factors

    V65                0.071      0.023      3.117      0.002      0.964
    V66                0.650      0.038     16.892      0.000      0.591
    V67                0.854      0.047     18.110      0.000      0.382
    V68                0.100      0.018      5.694      0.000      0.949
    V69                0.186      0.025      7.585      0.000      0.902
    V70                0.057      0.015      3.874      0.000      0.971

Group MM

    Observed                                        Two-Tailed     Scale
    Variable        Estimate       S.E.  Est./S.E.    P-Value     Factors

    V65                0.055      0.019      2.932      0.003      0.919
    V66                0.512      0.047     10.969      0.000      0.566
    V67                0.890      0.071     12.589      0.000      0.421
    V68                0.103      0.021      4.842      0.000      1.039
    V69                0.142      0.027      5.346      0.000      0.849
    V70                0.039      0.011      3.434      0.001      0.863


QUALITY OF NUMERICAL RESULTS

     Condition Number for the Information Matrix              0.132E-04
       (ratio of smallest to largest eigenvalue)


MODEL MODIFICATION INDICES

NOTE:  Modification indices for direct effects of observed dependent variables
regressed on covariates and residual covariances among observed dependent
variables may not be included.  To include these, request MODINDICES (ALL).

Minimum M.I. value for printing the modification index    10.000

                                   M.I.     E.P.C.  Std E.P.C.  StdYX E.P.C.
Group SM


WITH Statements

V69      WITH V65                 12.413     0.199      0.199        0.199
V70      WITH V68                 12.423     0.133      0.133        0.133

Group MM


No modification indices above the minimum value.



SAVEDATA INFORMATION


  Difference testing

  Save file
    v65_scalar.dat
  Save format      Free

DIAGRAM INFORMATION

  Use View Diagram under the Diagram menu in the Mplus Editor to view the diagram.
  If running Mplus from the Mplus Diagrammer, the diagram opens automatically.

  Diagram output
    c:\users\msassac6\dropbox (the university of manchester)\papers\joe s\evs_mm_de_equivalence\mplus\eq\inv_data3_v65_c

     Beginning Time:  08:33:38
        Ending Time:  08:33:39
       Elapsed Time:  00:00:01



MUTHEN & MUTHEN
3463 Stoner Ave.
Los Angeles, CA  90066

Tel: (310) 391-9971
Fax: (310) 391-8971
Web: www.StatModel.com
Support: Support@StatModel.com

Copyright (c) 1998-2017 Muthen & Muthen
