Mplus VERSION 8
MUTHEN & MUTHEN
07/06/2020   2:43 PM

INPUT INSTRUCTIONS

  TITLE: Your title goes here

   DATA: FILE = eq/data.dta;

   VARIABLE:

   NAMES = id_cocas weight comp_mode comp_len mode mm_matrix_group wei_mmf v2 v3 v4 v32
       v33 v34 v35 v36 v37 v46 v47 v48 v49 v50 v65 v66 v67 v68 v69 v70 v82 v83 v84 v98
       v99 v100 v101 v103 v104 v105 v106 v107 v115 v116 v117 v118 v119 v120 v121 v122
       v123 v124 v125 v126 v127 v128 v129 v130 v131 v132 v133 v134 v135 v136 v137 v138
       v139 v140 v141 v145 v146 v147 v148 v149 v150 v151 v152 v153 v154 v155 v156 v157
       v158 v159 v160 v161 v162 v163 v164 v165 v166 v167 v176 v177 v178 v179 v180 v181
       v182 v183 v185 v186 v187 v188 v189 v191 v192 v193 v194 v195 v196 v197 v199 v200
       v201 v202 v203 v205 v206 v207 v208 v209 v210 v211 v212 v213 v214 v215 v216 v217
       v218 v220 v221 v222 v223 v224 v267 v268 v269 v271 v272 v273;

   MISSING=.;

   USEVARIABLES ARE
   v194
   v195
   v196
   v197;

   CATEGORICAL ARE
   v194
   v195
   v196
   v197;

   GROUPING IS comp_mode (0=sm 1=mm);


   Analysis:

                  ESTIMATOR = WLSMV;

                  ITERATIONS = 100000;

                  PARAMETERIZATION = THETA;

  Model:


  f1 BY v194@1
  v195 (L2)
  v196 (L3)
  v197 (L4)
  ;


  [v194$1] (t_v194_1);
  [v194$2] (t_v194_2);
  [v194$3] (t_v194_3);

   [f1@0];
  [v195$1] (t_v195_1);
  [v195$2] (t_v195_2);
  [v195$3] (t_v195_3);

   [f1@0];
  [v196$1] (t_v196_1);
  [v196$2] (t_v196_2);
  [v196$3] (t_v196_3);

   [f1@0];
  [v197$1] (t_v197_1);
  [v197$2] (t_v197_2);
  [v197$3] (t_v197_3);

   [f1@0];

  Model mm:

  f1 BY v194@1
  v195 (L2)
  v196 (L3)
  v197 (L4)
  ;


  [v194$1] (t_v194_1);
  [v194$2] (t_v194_2);
  [v194$3] (t_v194_3);

   [f1@0];
  [v195$1] (t_v195_1);
  [v195$2] (t_v195_2);
  [v195$3] (t_v195_3);

   [f1@0];
  [v196$1] (t_v196_1);
  [v196$2] (t_v196_2);
  [v196$3] (t_v196_3);

   [f1@0];
  [v197$1] (t_v197_1);
  [v197$2] (t_v197_2);
  [v197$3] (t_v197_3);

   [f1@0];

   SAVEDATA: DIFFTEST IS v194_scalar.dat;

   OUTPUT: SAMPSTAT;

                                  MODINDICES;

                                  STDYX;




*** WARNING
  Data set contains unknown or missing values for GROUPING,
  PATTERN, COHORT, CLUSTER and/or STRATIFICATION variables.
  Number of cases with unknown or missing values:  3244
*** WARNING
  Data set contains cases with missing on all variables.
  These cases were not included in the analysis.
  Number of cases with missing on all variables:  36
   2 WARNING(S) FOUND IN THE INPUT INSTRUCTIONS



Your title goes here

SUMMARY OF ANALYSIS

Number of groups                                                 2
Number of observations
   Group SM                                                   1473
   Group MM                                                    663
   Total sample size                                          2136

Number of dependent variables                                    4
Number of independent variables                                  0
Number of continuous latent variables                            1

Observed dependent variables

  Binary and ordered categorical (ordinal)
   V194        V195        V196        V197

Continuous latent variables
   F1

Variables with special functions

  Grouping variable     COMP_MOD

Estimator                                                    WLSMV
Maximum number of iterations                                100000
Convergence criterion                                    0.500D-04
Maximum number of steepest descent iterations                   20
Maximum number of iterations for H1                           2000
Convergence criterion for H1                             0.100D-03
Parameterization                                             THETA
Link                                                        PROBIT

Input data file(s)
  eq/data.dta

Input data format  FREE


SUMMARY OF DATA

   Group SM
     Number of missing data patterns            10

   Group MM
     Number of missing data patterns            12


COVARIANCE COVERAGE OF DATA

Minimum covariance coverage value   0.100


     PROPORTION OF DATA PRESENT FOR SM


           Covariance Coverage
              V194          V195          V196          V197
              ________      ________      ________      ________
 V194           0.996
 V195           0.989         0.991
 V196           0.987         0.984         0.990
 V197           0.980         0.977         0.976         0.983


     PROPORTION OF DATA PRESENT FOR MM


           Covariance Coverage
              V194          V195          V196          V197
              ________      ________      ________      ________
 V194           0.974
 V195           0.952         0.955
 V196           0.944         0.931         0.955
 V197           0.940         0.922         0.926         0.962


UNIVARIATE PROPORTIONS AND COUNTS FOR CATEGORICAL VARIABLES

  Group SM
    V194
      Category 1    0.130          190.000
      Category 2    0.308          452.000
      Category 3    0.422          619.000
      Category 4    0.140          206.000
    V195
      Category 1    0.058           84.000
      Category 2    0.227          332.000
      Category 3    0.542          792.000
      Category 4    0.173          252.000
    V196
      Category 1    0.045           65.000
      Category 2    0.143          208.000
      Category 3    0.511          745.000
      Category 4    0.302          441.000
    V197
      Category 1    0.215          312.000
      Category 2    0.540          782.000
      Category 3    0.202          293.000
      Category 4    0.042           61.000

  Group MM
    V194
      Category 1    0.181          117.000
      Category 2    0.316          204.000
      Category 3    0.381          246.000
      Category 4    0.122           79.000
    V195
      Category 1    0.101           64.000
      Category 2    0.239          151.000
      Category 3    0.488          309.000
      Category 4    0.172          109.000
    V196
      Category 1    0.068           43.000
      Category 2    0.134           85.000
      Category 3    0.471          298.000
      Category 4    0.327          207.000
    V197
      Category 1    0.328          209.000
      Category 2    0.494          315.000
      Category 3    0.127           81.000
      Category 4    0.052           33.000


SAMPLE STATISTICS


     ESTIMATED SAMPLE STATISTICS FOR SM


           MEANS/INTERCEPTS/THRESHOLDS
              V194$1        V194$2        V194$3        V195$1        V195$2
              ________      ________      ________      ________      ________
               -1.129        -0.157         1.078        -1.576        -0.568


           MEANS/INTERCEPTS/THRESHOLDS
              V195$3        V196$1        V196$2        V196$3        V197$1
              ________      ________      ________      ________      ________
                0.944        -1.700        -0.889         0.518        -0.788


           MEANS/INTERCEPTS/THRESHOLDS
              V197$2        V197$3
              ________      ________
                0.692         1.727


           CORRELATION MATRIX (WITH VARIANCES ON THE DIAGONAL)
              V194          V195          V196          V197
              ________      ________      ________      ________
 V194
 V195           0.808
 V196           0.463         0.529
 V197           0.164         0.147         0.214


     ESTIMATED SAMPLE STATISTICS FOR MM


           MEANS/INTERCEPTS/THRESHOLDS
              V194$1        V194$2        V194$3        V195$1        V195$2
              ________      ________      ________      ________      ________
               -0.911        -0.008         1.164        -1.275        -0.413


           MEANS/INTERCEPTS/THRESHOLDS
              V195$3        V196$1        V196$2        V196$3        V197$1
              ________      ________      ________      ________      ________
                0.946        -1.491        -0.834         0.448        -0.447


           MEANS/INTERCEPTS/THRESHOLDS
              V197$2        V197$3
              ________      ________
                0.920         1.628


           CORRELATION MATRIX (WITH VARIANCES ON THE DIAGONAL)
              V194          V195          V196          V197
              ________      ________      ________      ________
 V194
 V195           0.819
 V196           0.432         0.504
 V197           0.181         0.186         0.329


THE MODEL ESTIMATION TERMINATED NORMALLY



MODEL FIT INFORMATION

Number of Free Parameters                       21

Chi-Square Test of Model Fit

          Value                             91.946*
          Degrees of Freedom                    15
          P-Value                           0.0000

Chi-Square Contribution From Each Group

          SM                                30.089
          MM                                61.857

*   The chi-square value for MLM, MLMV, MLR, ULSMV, WLSM and WLSMV cannot be used
    for chi-square difference testing in the regular way.  MLM, MLR and WLSM
    chi-square difference testing is described on the Mplus website.  MLMV, WLSMV,
    and ULSMV difference testing is done using the DIFFTEST option.

RMSEA (Root Mean Square Error Of Approximation)

          Estimate                           0.069
          90 Percent C.I.                    0.056  0.083
          Probability RMSEA <= .05           0.009

CFI/TLI

          CFI                                0.993
          TLI                                0.994

Chi-Square Test of Model Fit for the Baseline Model

          Value                          10318.729
          Degrees of Freedom                    12
          P-Value                           0.0000

WRMR (Weighted Root Mean Square Residual)

          Value                              2.408



MODEL RESULTS

                                                    Two-Tailed
                    Estimate       S.E.  Est./S.E.    P-Value

Group SM

 F1       BY
    V194               1.000      0.000    999.000    999.000
    V195               2.114      0.444      4.762      0.000
    V196               0.426      0.025     17.330      0.000
    V197               0.144      0.017      8.652      0.000

 Means
    F1                 0.000      0.000    999.000    999.000

 Thresholds
    V194$1            -2.021      0.090    -22.437      0.000
    V194$2            -0.217      0.053     -4.129      0.000
    V194$3             2.093      0.093     22.417      0.000
    V195$1            -5.325      0.814     -6.542      0.000
    V195$2            -1.881      0.306     -6.150      0.000
    V195$3             3.383      0.521      6.489      0.000
    V196$1            -2.042      0.065    -31.564      0.000
    V196$2            -1.086      0.042    -25.634      0.000
    V196$3             0.620      0.036     17.047      0.000
    V197$1            -0.705      0.033    -21.168      0.000
    V197$2             0.783      0.033     23.700      0.000
    V197$3             1.768      0.056     31.784      0.000

 Variances
    F1                 2.442      0.260      9.381      0.000

 Residual Variances
    V194               1.000      0.000    999.000    999.000
    V195               1.000      0.000    999.000    999.000
    V196               1.000      0.000    999.000    999.000
    V197               1.000      0.000    999.000    999.000

Group MM

 F1       BY
    V194               1.000      0.000    999.000    999.000
    V195               2.114      0.444      4.762      0.000
    V196               0.426      0.025     17.330      0.000
    V197               0.144      0.017      8.652      0.000

 Means
    F1                 0.000      0.000    999.000    999.000

 Thresholds
    V194$1            -2.021      0.090    -22.437      0.000
    V194$2            -0.217      0.053     -4.129      0.000
    V194$3             2.093      0.093     22.417      0.000
    V195$1            -5.325      0.814     -6.542      0.000
    V195$2            -1.881      0.306     -6.150      0.000
    V195$3             3.383      0.521      6.489      0.000
    V196$1            -2.042      0.065    -31.564      0.000
    V196$2            -1.086      0.042    -25.634      0.000
    V196$3             0.620      0.036     17.047      0.000
    V197$1            -0.705      0.033    -21.168      0.000
    V197$2             0.783      0.033     23.700      0.000
    V197$3             1.768      0.056     31.784      0.000

 Variances
    F1                 3.118      0.413      7.551      0.000

 Residual Variances
    V194               1.011      0.129      7.868      0.000
    V195               1.911      0.600      3.184      0.001
    V196               1.308      0.130     10.052      0.000
    V197               1.110      0.104     10.662      0.000


STANDARDIZED MODEL RESULTS


STDYX Standardization

                                                    Two-Tailed
                    Estimate       S.E.  Est./S.E.    P-Value

Group SM

 F1       BY
    V194               0.842      0.013     64.584      0.000
    V195               0.957      0.014     70.578      0.000
    V196               0.554      0.018     30.207      0.000
    V197               0.219      0.023      9.658      0.000

 Means
    F1                 0.000      0.000    999.000    999.000

 Thresholds
    V194$1            -1.089      0.037    -29.078      0.000
    V194$2            -0.117      0.028     -4.154      0.000
    V194$3             1.128      0.037     30.169      0.000
    V195$1            -1.543      0.049    -31.803      0.000
    V195$2            -0.545      0.031    -17.734      0.000
    V195$3             0.980      0.035     27.620      0.000
    V196$1            -1.700      0.052    -32.902      0.000
    V196$2            -0.904      0.034    -26.613      0.000
    V196$3             0.516      0.030     17.052      0.000
    V197$1            -0.688      0.032    -21.280      0.000
    V197$2             0.764      0.032     23.846      0.000
    V197$3             1.725      0.054     32.072      0.000

 Variances
    F1                 1.000      0.000    999.000    999.000

 Residual Variances
    V194               0.291      0.022     13.222      0.000
    V195               0.084      0.026      3.233      0.001
    V196               0.693      0.020     34.121      0.000
    V197               0.952      0.010     95.525      0.000

Group MM

 F1       BY
    V194               0.869      0.017     52.306      0.000
    V195               0.938      0.017     54.342      0.000
    V196               0.549      0.024     22.508      0.000
    V197               0.234      0.026      9.107      0.000

 Means
    F1                 0.000      0.000    999.000    999.000

 Thresholds
    V194$1            -0.994      0.044    -22.407      0.000
    V194$2            -0.107      0.026     -4.131      0.000
    V194$3             1.030      0.047     22.094      0.000
    V195$1            -1.338      0.057    -23.425      0.000
    V195$2            -0.472      0.030    -15.527      0.000
    V195$3             0.850      0.041     20.744      0.000
    V196$1            -1.492      0.060    -24.807      0.000
    V196$2            -0.794      0.037    -21.230      0.000
    V196$3             0.453      0.029     15.460      0.000
    V197$1            -0.651      0.035    -18.783      0.000
    V197$2             0.722      0.038     18.787      0.000
    V197$3             1.631      0.069     23.565      0.000

 Variances
    F1                 1.000      0.000    999.000    999.000

 Residual Variances
    V194               0.245      0.029      8.483      0.000
    V195               0.121      0.032      3.726      0.000
    V196               0.698      0.027     26.050      0.000
    V197               0.945      0.012     78.344      0.000


R-SQUARE

Group SM

    Observed                                        Two-Tailed     Scale
    Variable        Estimate       S.E.  Est./S.E.    P-Value     Factors

    V194               0.709      0.022     32.292      0.000      0.539
    V195               0.916      0.026     35.289      0.000      0.290
    V196               0.307      0.020     15.104      0.000      0.833
    V197               0.048      0.010      4.829      0.000      0.976

Group MM

    Observed                                        Two-Tailed     Scale
    Variable        Estimate       S.E.  Est./S.E.    P-Value     Factors

    V194               0.755      0.029     26.153      0.000      0.492
    V195               0.879      0.032     27.171      0.000      0.251
    V196               0.302      0.027     11.254      0.000      0.731
    V197               0.055      0.012      4.554      0.000      0.923


QUALITY OF NUMERICAL RESULTS

     Condition Number for the Information Matrix              0.479E-04
       (ratio of smallest to largest eigenvalue)


MODEL MODIFICATION INDICES

NOTE:  Modification indices for direct effects of observed dependent variables
regressed on covariates and residual covariances among observed dependent
variables may not be included.  To include these, request MODINDICES (ALL).

Minimum M.I. value for printing the modification index    10.000

                                   M.I.     E.P.C.  Std E.P.C.  StdYX E.P.C.
Group SM


WITH Statements

V197     WITH V196                10.409     0.126      0.126        0.126

Means/Intercepts/Thresholds

[ V197     ]                      18.283     0.173      0.173        0.169
[ F1       ]                      11.659     0.144      0.092        0.092
[ V197$1   ]                      16.076    -0.101     -0.101       -0.098

Group MM


WITH Statements

V197     WITH V196                10.466     0.153      0.153        0.127

Means/Intercepts/Thresholds

[ V197     ]                      18.284    -0.173     -0.173       -0.160
[ F1       ]                      11.660    -0.144     -0.081       -0.081
[ V197$1   ]                      16.077     0.167      0.167        0.154



SAVEDATA INFORMATION


  Difference testing

  Save file
    v194_scalar.dat
  Save format      Free

DIAGRAM INFORMATION

  Use View Diagram under the Diagram menu in the Mplus Editor to view the diagram.
  If running Mplus from the Mplus Diagrammer, the diagram opens automatically.

  Diagram output
    c:\users\msassac6\dropbox (the university of manchester)\papers\joe s\evs_mm_de_equivalence\mplus\eq\inv_data3_v194_

     Beginning Time:  14:43:34
        Ending Time:  14:43:34
       Elapsed Time:  00:00:00



MUTHEN & MUTHEN
3463 Stoner Ave.
Los Angeles, CA  90066

Tel: (310) 391-9971
Fax: (310) 391-8971
Web: www.StatModel.com
Support: Support@StatModel.com

Copyright (c) 1998-2017 Muthen & Muthen
