Mplus VERSION 8
MUTHEN & MUTHEN
07/06/2020   1:52 PM

INPUT INSTRUCTIONS

  TITLE: Your title goes here

   DATA: FILE = eq/data.dta;

   VARIABLE:

   NAMES = id_cocas weight comp_mode comp_len mode mm_matrix_group wei_mmf v2 v3 v4 v32
       v33 v34 v35 v36 v37 v46 v47 v48 v49 v50 v65 v66 v67 v68 v69 v70 v82 v83 v84 v98
       v99 v100 v101 v103 v104 v105 v106 v107 v115 v116 v117 v118 v119 v120 v121 v122
       v123 v124 v125 v126 v127 v128 v129 v130 v131 v132 v133 v134 v135 v136 v137 v138
       v139 v140 v141 v145 v146 v147 v148 v149 v150 v151 v152 v153 v154 v155 v156 v157
       v158 v159 v160 v161 v162 v163 v164 v165 v166 v167 v176 v177 v178 v179 v180 v181
       v182 v183 v185 v186 v187 v188 v189 v191 v192 v193 v194 v195 v196 v197 v199 v200
       v201 v202 v203 v205 v206 v207 v208 v209 v210 v211 v212 v213 v214 v215 v216 v217
       v218 v220 v221 v222 v223 v224 v267 v268 v269 v271 v272 v273;

   MISSING=.;

   USEVARIABLES ARE
   v134
   v137
   v139
   v140;

   GROUPING IS comp_len (0=full 1=short);

  Model:


  f1 BY v134@1
  v137 (L2)
  v139 (L3)
  v140 (L4)
  ;

  [v134] (i1);
  [v137] (i2);
  [v139] (i3);
  [v140] (i4);

   [f1@0];

  Model short:

  f1 BY v134@1
  v137 (L2)
  v139 (L3)
  v140 (L4)
  ;

  [v134] (i1);
  [v137] (i2);
  [v139] (i3);
  [v140] (i4);

   [f1@0];

   SAVEDATA: DIFFTEST IS v134_scalar.dat;

   OUTPUT: SAMPSTAT;

                                  MODINDICES;

                                  STDYX;




*** WARNING in SAVEDATA command
  The DIFFTEST option is available only for the estimators MLMV, WLSMV and ULSMV.
  Request for DIFFTEST will be ignored.
*** WARNING
  Data set contains unknown or missing values for GROUPING,
  PATTERN, COHORT, CLUSTER and/or STRATIFICATION variables.
  Number of cases with unknown or missing values:  1494
*** WARNING
  Data set contains cases with missing on all variables.
  These cases were not included in the analysis.
  Number of cases with missing on all variables:  1754
   3 WARNING(S) FOUND IN THE INPUT INSTRUCTIONS



Your title goes here

SUMMARY OF ANALYSIS

Number of groups                                                 2
Number of observations
   Group FULL                                                  646
   Group SHORT                                                1522
   Total sample size                                          2168

Number of dependent variables                                    4
Number of independent variables                                  0
Number of continuous latent variables                            1

Observed dependent variables

  Continuous
   V134        V137        V139        V140

Continuous latent variables
   F1

Variables with special functions

  Grouping variable     COMP_LEN

Estimator                                                       ML
Information matrix                                        OBSERVED
Maximum number of iterations                                  1000
Convergence criterion                                    0.500D-04
Maximum number of steepest descent iterations                   20
Maximum number of iterations for H1                           2000
Convergence criterion for H1                             0.100D-03

Input data file(s)
  eq/data.dta

Input data format  FREE


SUMMARY OF DATA

   Group FULL
     Number of missing data patterns            15

   Group SHORT
     Number of missing data patterns            15


COVARIANCE COVERAGE OF DATA

Minimum covariance coverage value   0.100


     PROPORTION OF DATA PRESENT FOR FULL


           Covariance Coverage
              V134          V137          V139          V140
              ________      ________      ________      ________
 V134           0.940
 V137           0.890         0.918
 V139           0.893         0.873         0.943
 V140           0.899         0.879         0.902         0.944


     PROPORTION OF DATA PRESENT FOR SHORT


           Covariance Coverage
              V134          V137          V139          V140
              ________      ________      ________      ________
 V134           0.945
 V137           0.897         0.928
 V139           0.918         0.901         0.966
 V140           0.913         0.895         0.926         0.951


SAMPLE STATISTICS


     ESTIMATED SAMPLE STATISTICS FOR FULL


           Means
              V134          V137          V139          V140
              ________      ________      ________      ________
                1.699         2.547         5.416         2.574


           Covariances
              V134          V137          V139          V140
              ________      ________      ________      ________
 V134           2.643
 V137           1.028         5.954
 V139           0.413         1.326        10.058
 V140           1.418         1.372         0.923         5.350


           Correlations
              V134          V137          V139          V140
              ________      ________      ________      ________
 V134           1.000
 V137           0.259         1.000
 V139           0.080         0.171         1.000
 V140           0.377         0.243         0.126         1.000


     ESTIMATED SAMPLE STATISTICS FOR SHORT


           Means
              V134          V137          V139          V140
              ________      ________      ________      ________
                1.764         2.485         5.785         2.650


           Covariances
              V134          V137          V139          V140
              ________      ________      ________      ________
 V134           3.215
 V137           1.376         5.977
 V139           0.564         0.864        10.144
 V140           1.321         1.752         0.945         5.732


           Correlations
              V134          V137          V139          V140
              ________      ________      ________      ________
 V134           1.000
 V137           0.314         1.000
 V139           0.099         0.111         1.000
 V140           0.308         0.299         0.124         1.000


     MAXIMUM LOG-LIKELIHOOD VALUE FOR THE UNRESTRICTED (H1) MODEL IS -18450.596


UNIVARIATE SAMPLE STATISTICS


     UNIVARIATE HIGHER-ORDER MOMENT DESCRIPTIVE STATISTICS FOR FULL

         Variable/         Mean/     Skewness/   Minimum/ % with                Percentiles
        Sample Size      Variance    Kurtosis    Maximum  Min/Max      20%/60%    40%/80%    Median

     V134                  1.694       2.887       1.000   76.44%       1.000      1.000      1.000
             607.000       2.634       8.629      10.000    0.66%       1.000      2.000
     V137                  2.540       1.610       1.000   59.53%       1.000      1.000      1.000
             593.000       5.948       1.571      10.000    2.53%       2.000      4.000
     V139                  5.424      -0.004       1.000   18.56%       2.000      4.000      5.000
             609.000      10.064      -1.351      10.000   15.93%       7.000      9.000
     V140                  2.544       1.481       1.000   55.08%       1.000      1.000      1.000
             610.000       5.245       1.203      10.000    1.48%       2.000      5.000


     UNIVARIATE HIGHER-ORDER MOMENT DESCRIPTIVE STATISTICS FOR SHORT

         Variable/         Mean/     Skewness/   Minimum/ % with                Percentiles
        Sample Size      Variance    Kurtosis    Maximum  Min/Max      20%/60%    40%/80%    Median

     V134                  1.746       2.967       1.000   76.51%       1.000      1.000      1.000
            1439.000       3.198       8.855      10.000    1.74%       1.000      2.000
     V137                  2.467       1.770       1.000   60.55%       1.000      1.000      1.000
            1412.000       5.947       2.196      10.000    3.97%       1.000      4.000
     V139                  5.785      -0.140       1.000   16.11%       2.000      5.000      6.000
            1471.000      10.146      -1.322      10.000   19.51%       7.000      9.000
     V140                  2.631       1.432       1.000   56.32%       1.000      1.000      1.000
            1447.000       5.701       1.113      10.000    2.35%       2.000      5.000


THE MODEL ESTIMATION TERMINATED NORMALLY



MODEL FIT INFORMATION

Number of Free Parameters                       17

Loglikelihood

          H0 Value                      -18459.895
          H1 Value                      -18450.596

Information Criteria

          Akaike (AIC)                   36953.789
          Bayesian (BIC)                 37050.376
          Sample-Size Adjusted BIC       36996.365
            (n* = (n + 2) / 24)

Chi-Square Test of Model Fit

          Value                             18.597
          Degrees of Freedom                    11
          P-Value                           0.0687

Chi-Square Contribution From Each Group

          FULL                              14.699
          SHORT                              3.897

RMSEA (Root Mean Square Error Of Approximation)

          Estimate                           0.025
          90 Percent C.I.                    0.000  0.044
          Probability RMSEA <= .05           0.985

CFI/TLI

          CFI                                0.985
          TLI                                0.984

Chi-Square Test of Model Fit for the Baseline Model

          Value                            515.217
          Degrees of Freedom                    12
          P-Value                           0.0000

SRMR (Standardized Root Mean Square Residual)

          Value                              0.025



MODEL RESULTS

                                                    Two-Tailed
                    Estimate       S.E.  Est./S.E.    P-Value

Group FULL

 F1       BY
    V134               1.000      0.000    999.000    999.000
    V137               1.257      0.109     11.529      0.000
    V139               0.653      0.103      6.337      0.000
    V140               1.339      0.116     11.524      0.000

 Means
    F1                 0.000      0.000    999.000    999.000

 Intercepts
    V134               1.742      0.038     45.466      0.000
    V137               2.499      0.054     45.957      0.000
    V139               5.677      0.070     81.103      0.000
    V140               2.625      0.052     50.382      0.000

 Variances
    F1                 0.928      0.134      6.947      0.000

 Residual Variances
    V134               1.702      0.148     11.509      0.000
    V137               4.654      0.328     14.207      0.000
    V139               9.689      0.570     17.000      0.000
    V140               3.593      0.293     12.260      0.000

Group SHORT

 F1       BY
    V134               1.000      0.000    999.000    999.000
    V137               1.257      0.109     11.529      0.000
    V139               0.653      0.103      6.337      0.000
    V140               1.339      0.116     11.524      0.000

 Means
    F1                 0.000      0.000    999.000    999.000

 Intercepts
    V134               1.742      0.038     45.466      0.000
    V137               2.499      0.054     45.957      0.000
    V139               5.677      0.070     81.103      0.000
    V140               2.625      0.052     50.382      0.000

 Variances
    F1                 1.032      0.124      8.320      0.000

 Residual Variances
    V134               2.191      0.127     17.267      0.000
    V137               4.282      0.228     18.769      0.000
    V139               9.732      0.371     26.255      0.000
    V140               3.921      0.226     17.313      0.000


STANDARDIZED MODEL RESULTS


STDYX Standardization

                                                    Two-Tailed
                    Estimate       S.E.  Est./S.E.    P-Value

Group FULL

 F1       BY
    V134               0.594      0.038     15.492      0.000
    V137               0.489      0.033     14.653      0.000
    V139               0.198      0.030      6.641      0.000
    V140               0.563      0.039     14.409      0.000

 Means
    F1                 0.000      0.000    999.000    999.000

 Intercepts
    V134               1.074      0.038     28.487      0.000
    V137               1.010      0.036     27.784      0.000
    V139               1.788      0.054     33.158      0.000
    V140               1.145      0.039     29.685      0.000

 Variances
    F1                 1.000      0.000    999.000    999.000

 Residual Variances
    V134               0.647      0.046     14.209      0.000
    V137               0.761      0.033     23.265      0.000
    V139               0.961      0.012     81.203      0.000
    V140               0.684      0.044     15.565      0.000

Group SHORT

 F1       BY
    V134               0.566      0.031     18.448      0.000
    V137               0.525      0.031     16.908      0.000
    V139               0.208      0.030      7.054      0.000
    V140               0.566      0.031     18.557      0.000

 Means
    F1                 0.000      0.000    999.000    999.000

 Intercepts
    V134               0.970      0.028     34.744      0.000
    V137               1.028      0.029     35.269      0.000
    V139               1.780      0.040     44.408      0.000
    V140               1.093      0.030     36.839      0.000

 Variances
    F1                 1.000      0.000    999.000    999.000

 Residual Variances
    V134               0.680      0.035     19.577      0.000
    V137               0.724      0.033     22.202      0.000
    V139               0.957      0.012     77.888      0.000
    V140               0.679      0.035     19.668      0.000


R-SQUARE

Group FULL

    Observed                                        Two-Tailed
    Variable        Estimate       S.E.  Est./S.E.    P-Value

    V134               0.353      0.046      7.746      0.000
    V137               0.239      0.033      7.327      0.000
    V139               0.039      0.012      3.321      0.001
    V140               0.316      0.044      7.205      0.000

Group SHORT

    Observed                                        Two-Tailed
    Variable        Estimate       S.E.  Est./S.E.    P-Value

    V134               0.320      0.035      9.224      0.000
    V137               0.276      0.033      8.454      0.000
    V139               0.043      0.012      3.527      0.000
    V140               0.321      0.035      9.279      0.000


QUALITY OF NUMERICAL RESULTS

     Condition Number for the Information Matrix              0.101E-01
       (ratio of smallest to largest eigenvalue)


MODEL MODIFICATION INDICES

NOTE:  Modification indices for direct effects of observed dependent variables
regressed on covariates may not be included.  To include these, request
MODINDICES (ALL).

Minimum M.I. value for printing the modification index    10.000

                                   M.I.     E.P.C.  Std E.P.C.  StdYX E.P.C.
Group FULL


No modification indices above the minimum value.

Group SHORT


No modification indices above the minimum value.



DIAGRAM INFORMATION

  Use View Diagram under the Diagram menu in the Mplus Editor to view the diagram.
  If running Mplus from the Mplus Diagrammer, the diagram opens automatically.

  Diagram output
    c:\users\msassac6\dropbox (the university of manchester)\papers\joe s\evs_mm_de_equivalence\mplus\eq\inv_data3_v134_

     Beginning Time:  13:52:50
        Ending Time:  13:52:50
       Elapsed Time:  00:00:00



MUTHEN & MUTHEN
3463 Stoner Ave.
Los Angeles, CA  90066

Tel: (310) 391-9971
Fax: (310) 391-8971
Web: www.StatModel.com
Support: Support@StatModel.com

Copyright (c) 1998-2017 Muthen & Muthen
