Mplus VERSION 8
MUTHEN & MUTHEN
07/13/2020   8:31 AM

INPUT INSTRUCTIONS

  TITLE: Your title goes here

   DATA: FILE = eq/data.dta;

   VARIABLE:

   NAMES = id_cocas weight comp_mode comp_len mode mm_matrix_group wei_mmf v2 v3 v4 v32
       v33 v34 v35 v36 v37 v46 v47 v48 v49 v50 v65 v66 v67 v68 v69 v70 v82 v83 v84 v98
       v99 v100 v101 v103 v104 v105 v106 v107 v115 v116 v117 v118 v119 v120 v121 v122
       v123 v124 v125 v126 v127 v128 v129 v130 v131 v132 v133 v134 v135 v136 v137 v138
       v139 v140 v141 v145 v146 v147 v148 v149 v150 v151 v152 v153 v154 v155 v156 v157
       v158 v159 v160 v161 v162 v163 v164 v165 v166 v167 v176 v177 v178 v179 v180 v181
       v182 v183 v185 v186 v187 v188 v189 v191 v192 v193 v194 v195 v196 v197 v199 v200
       v201 v202 v203 v205 v206 v207 v208 v209 v210 v211 v212 v213 v214 v215 v216 v217
       v218 v220 v221 v222 v223 v224 v267 v268 v269 v271 v272 v273;

   MISSING=.;

   USEVARIABLES ARE
   v145
   v146
   v147
   v148;

   CATEGORICAL ARE
   v145
   v146
   v147
   v148;

   GROUPING IS comp_len (0=full 1=short);

  WEIGHT IS weight;

   Analysis:

                  ESTIMATOR = WLSMV;

                  ITERATIONS = 100000;

                  PARAMETERIZATION = THETA;

  Model:


  f1 BY v145@1
  v146 (L2)
  v147 (L3)
  v148 (L4)
  ;


   [f1@0];
  [v145$1] (t_v145_1);
  [v145$2] (t_v145_2);
  [v145$3] (t_v145_3);

  [v146$1] (t_v146_1);
  [v146$2] (t_v146_2_full);
  [v146$3] (t_v146_3_full);

  [v147$1] (t_v147_1);
  [v147$2] (t_v147_2_full);
  [v147$3] (t_v147_3_full);

  [v148$1] (t_v148_1);
  [v148$2] (t_v148_2_full);
  [v148$3] (t_v148_3_full);


  Model short:

  f1 BY v145@1
  v146 (L2)
  v147 (L3)
  v148 (L4)
  ;


   [f1@0];
  [v145$1] (t_v145_1);
  [v145$2] (t_v145_2);
  [v145$3] (t_v145_3);

  [v146$1] (t_v146_1);
  [v146$2] (t_v146_2_short);
  [v146$3] (t_v146_3_short);

  [v147$1] (t_v147_1);
  [v147$2] (t_v147_2_short);
  [v147$3] (t_v147_3_short);

  [v148$1] (t_v148_1);
  [v148$2] (t_v148_2_short);
  [v148$3] (t_v148_3_short);


   SAVEDATA: DIFFTEST IS v145_metric.dat;

   OUTPUT: SAMPSTAT;

                                  MODINDICES;

                                  STDYX;




*** WARNING
  Data set contains unknown or missing values for GROUPING,
  PATTERN, COHORT, CLUSTER and/or STRATIFICATION variables.
  Number of cases with unknown or missing values:  1494
*** WARNING
  Data set contains cases with missing on all variables.
  These cases were not included in the analysis.
  Number of cases with missing on all variables:  1753
   2 WARNING(S) FOUND IN THE INPUT INSTRUCTIONS



Your title goes here

SUMMARY OF ANALYSIS

Number of groups                                                 2
Number of observations
   Group FULL                                                  646
   Group SHORT                                                1523
   Total sample size                                          2169

Number of dependent variables                                    4
Number of independent variables                                  0
Number of continuous latent variables                            1

Observed dependent variables

  Binary and ordered categorical (ordinal)
   V145        V146        V147        V148

Continuous latent variables
   F1

Variables with special functions

  Grouping variable     COMP_LEN
  Weight variable       WEIGHT

Estimator                                                    WLSMV
Maximum number of iterations                                100000
Convergence criterion                                    0.500D-04
Maximum number of steepest descent iterations                   20
Maximum number of iterations for H1                           2000
Convergence criterion for H1                             0.100D-03
Parameterization                                             THETA
Link                                                        PROBIT

Input data file(s)
  eq/data.dta

Input data format  FREE


SUMMARY OF DATA

   Group FULL
     Number of missing data patterns            14

   Group SHORT
     Number of missing data patterns            15


COVARIANCE COVERAGE OF DATA

Minimum covariance coverage value   0.100


     PROPORTION OF DATA PRESENT FOR FULL


           Covariance Coverage
              V145          V146          V147          V148
              ________      ________      ________      ________
 V145           0.879
 V146           0.799         0.873
 V147           0.864         0.850         0.964
 V148           0.842         0.828         0.926         0.950


     PROPORTION OF DATA PRESENT FOR SHORT


           Covariance Coverage
              V145          V146          V147          V148
              ________      ________      ________      ________
 V145           0.898
 V146           0.820         0.883
 V147           0.882         0.868         0.967
 V148           0.871         0.854         0.936         0.957


UNIVARIATE PROPORTIONS AND COUNTS FOR CATEGORICAL VARIABLES

  Group FULL
    V145
      Category 1    0.048           26.530
      Category 2    0.195          108.589
      Category 3    0.241          134.083
      Category 4    0.516          286.533
    V146
      Category 1    0.079           43.869
      Category 2    0.375          208.026
      Category 3    0.336          186.155
      Category 4    0.210          116.633
    V147
      Category 1    0.009            5.286
      Category 2    0.005            3.063
      Category 3    0.168          103.515
      Category 4    0.819          505.250
    V148
      Category 1    0.675          410.838
      Category 2    0.302          183.934
      Category 3    0.008            4.888
      Category 4    0.014            8.664

  Group SHORT
    V145
      Category 1    0.056           76.006
      Category 2    0.172          232.752
      Category 3    0.211          286.795
      Category 4    0.561          761.599
    V146
      Category 1    0.075           99.698
      Category 2    0.319          425.343
      Category 3    0.357          476.039
      Category 4    0.248          331.028
    V147
      Category 1    0.003            4.967
      Category 2    0.022           31.924
      Category 3    0.132          193.563
      Category 4    0.843         1234.006
    V148
      Category 1    0.672          981.743
      Category 2    0.301          439.019
      Category 3    0.019           28.418
      Category 4    0.007           10.699


SAMPLE STATISTICS


     ESTIMATED SAMPLE STATISTICS FOR FULL


           MEANS/INTERCEPTS/THRESHOLDS
              V145$1        V145$2        V145$3        V146$1        V146$2
              ________      ________      ________      ________      ________
               -1.667        -0.696        -0.039        -1.411        -0.115


           MEANS/INTERCEPTS/THRESHOLDS
              V146$3        V147$1        V147$2        V147$3        V148$1
              ________      ________      ________      ________      ________
                0.805        -2.384        -2.211        -0.911         0.455


           MEANS/INTERCEPTS/THRESHOLDS
              V148$2        V148$3
              ________      ________
                2.009         2.191


           CORRELATION MATRIX (WITH VARIANCES ON THE DIAGONAL)
              V145          V146          V147          V148
              ________      ________      ________      ________
 V145
 V146           0.370
 V147           0.569         0.431
 V148          -0.363        -0.186        -0.329


     ESTIMATED SAMPLE STATISTICS FOR SHORT


           MEANS/INTERCEPTS/THRESHOLDS
              V145$1        V145$2        V145$3        V146$1        V146$2
              ________      ________      ________      ________      ________
               -1.589        -0.747        -0.154        -1.441        -0.269


           MEANS/INTERCEPTS/THRESHOLDS
              V146$3        V147$1        V147$2        V147$3        V148$1
              ________      ________      ________      ________      ________
                0.679        -2.707        -1.957        -1.005         0.447


           MEANS/INTERCEPTS/THRESHOLDS
              V148$2        V148$3
              ________      ________
                1.930         2.441


           CORRELATION MATRIX (WITH VARIANCES ON THE DIAGONAL)
              V145          V146          V147          V148
              ________      ________      ________      ________
 V145
 V146           0.359
 V147           0.601         0.323
 V148          -0.460        -0.239        -0.443


THE MODEL ESTIMATION TERMINATED NORMALLY



MODEL FIT INFORMATION

Number of Free Parameters                       27

Chi-Square Test of Model Fit

          Value                             11.256*
          Degrees of Freedom                     9
          P-Value                           0.2585

Chi-Square Contribution From Each Group

          FULL                               8.221
          SHORT                              3.035

*   The chi-square value for MLM, MLMV, MLR, ULSMV, WLSM and WLSMV cannot be used
    for chi-square difference testing in the regular way.  MLM, MLR and WLSM
    chi-square difference testing is described on the Mplus website.  MLMV, WLSMV,
    and ULSMV difference testing is done using the DIFFTEST option.

RMSEA (Root Mean Square Error Of Approximation)

          Estimate                           0.015
          90 Percent C.I.                    0.000  0.039
          Probability RMSEA <= .05           0.995

CFI/TLI

          CFI                                0.997
          TLI                                0.996

Chi-Square Test of Model Fit for the Baseline Model

          Value                            834.844
          Degrees of Freedom                    12
          P-Value                           0.0000

WRMR (Weighted Root Mean Square Residual)

          Value                              0.712



MODEL RESULTS

                                                    Two-Tailed
                    Estimate       S.E.  Est./S.E.    P-Value

Group FULL

 F1       BY
    V145               1.000      0.000    999.000    999.000
    V146               0.416      0.079      5.270      0.000
    V147               0.840      0.195      4.305      0.000
    V148              -0.426      0.093     -4.590      0.000

 Means
    F1                 0.000      0.000    999.000    999.000

 Thresholds
    V145$1            -2.597      0.306     -8.480      0.000
    V145$2            -1.180      0.148     -7.993      0.000
    V145$3            -0.193      0.057     -3.386      0.001
    V146$1            -1.640      0.105    -15.595      0.000
    V146$2            -0.131      0.067     -1.943      0.052
    V146$3             0.914      0.074     12.376      0.000
    V147$1            -3.610      0.366     -9.877      0.000
    V147$2            -3.259      0.316    -10.321      0.000
    V147$3            -1.341      0.140     -9.558      0.000
    V148$1             0.450      0.063      7.154      0.000
    V148$2             2.288      0.209     10.925      0.000
    V148$3             2.498      0.279      8.965      0.000

 Variances
    F1                 1.657      0.551      3.005      0.003

 Residual Variances
    V145               1.000      0.000    999.000    999.000
    V146               1.000      0.000    999.000    999.000
    V147               1.000      0.000    999.000    999.000
    V148               1.000      0.000    999.000    999.000

Group SHORT

 F1       BY
    V145               1.000      0.000    999.000    999.000
    V146               0.416      0.079      5.270      0.000
    V147               0.840      0.195      4.305      0.000
    V148              -0.426      0.093     -4.590      0.000

 Means
    F1                 0.000      0.000    999.000    999.000

 Thresholds
    V145$1            -2.597      0.306     -8.480      0.000
    V145$2            -1.180      0.148     -7.993      0.000
    V145$3            -0.193      0.057     -3.386      0.001
    V146$1            -1.640      0.105    -15.595      0.000
    V146$2            -0.309      0.047     -6.648      0.000
    V146$3             0.783      0.081      9.696      0.000
    V147$1            -3.610      0.366     -9.877      0.000
    V147$2            -2.679      0.347     -7.714      0.000
    V147$3            -1.376      0.187     -7.353      0.000
    V148$1             0.450      0.063      7.154      0.000
    V148$2             1.854      0.288      6.436      0.000
    V148$3             2.345      0.374      6.276      0.000

 Variances
    F1                 1.589      0.478      3.324      0.001

 Residual Variances
    V145               0.980      0.255      3.848      0.000
    V146               1.052      0.163      6.452      0.000
    V147               0.752      0.218      3.445      0.001
    V148               0.635      0.200      3.167      0.002


STANDARDIZED MODEL RESULTS


STDYX Standardization

                                                    Two-Tailed
                    Estimate       S.E.  Est./S.E.    P-Value

Group FULL

 F1       BY
    V145               0.790      0.049     15.969      0.000
    V146               0.473      0.040     11.871      0.000
    V147               0.734      0.050     14.757      0.000
    V148              -0.481      0.052     -9.284      0.000

 Means
    F1                 0.000      0.000    999.000    999.000

 Thresholds
    V145$1            -1.593      0.096    -16.681      0.000
    V145$2            -0.724      0.051    -14.244      0.000
    V145$3            -0.119      0.032     -3.655      0.000
    V146$1            -1.445      0.083    -17.404      0.000
    V146$2            -0.116      0.059     -1.944      0.052
    V146$3             0.805      0.064     12.582      0.000
    V147$1            -2.451      0.168    -14.616      0.000
    V147$2            -2.212      0.151    -14.647      0.000
    V147$3            -0.911      0.068    -13.432      0.000
    V148$1             0.394      0.048      8.235      0.000
    V148$2             2.006      0.185     10.817      0.000
    V148$3             2.190      0.251      8.715      0.000

 Variances
    F1                 1.000      0.000    999.000    999.000

 Residual Variances
    V145               0.376      0.078      4.818      0.000
    V146               0.777      0.038     20.649      0.000
    V147               0.461      0.073      6.306      0.000
    V148               0.769      0.050     15.452      0.000

Group SHORT

 F1       BY
    V145               0.786      0.036     21.889      0.000
    V146               0.456      0.034     13.444      0.000
    V147               0.774      0.042     18.586      0.000
    V148              -0.559      0.038    -14.686      0.000

 Means
    F1                 0.000      0.000    999.000    999.000

 Thresholds
    V145$1            -1.620      0.065    -25.096      0.000
    V145$2            -0.736      0.040    -18.353      0.000
    V145$3            -0.121      0.033     -3.690      0.000
    V146$1            -1.424      0.059    -24.155      0.000
    V146$2            -0.269      0.039     -6.862      0.000
    V146$3             0.679      0.042     16.073      0.000
    V147$1            -2.637      0.182    -14.520      0.000
    V147$2            -1.957      0.092    -21.382      0.000
    V147$3            -1.006      0.048    -21.012      0.000
    V148$1             0.468      0.037     12.514      0.000
    V148$2             1.930      0.084     23.050      0.000
    V148$3             2.441      0.128     19.116      0.000

 Variances
    F1                 1.000      0.000    999.000    999.000

 Residual Variances
    V145               0.382      0.057      6.752      0.000
    V146               0.792      0.031     25.649      0.000
    V147               0.401      0.064      6.226      0.000
    V148               0.688      0.043     16.177      0.000


R-SQUARE

Group FULL

    Observed                                        Two-Tailed     Scale
    Variable        Estimate       S.E.  Est./S.E.    P-Value     Factors

    V145               0.624      0.078      7.985      0.000      0.613
    V146               0.223      0.038      5.935      0.000      0.881
    V147               0.539      0.073      7.379      0.000      0.679
    V148               0.231      0.050      4.642      0.000      0.877

Group SHORT

    Observed                                        Two-Tailed     Scale
    Variable        Estimate       S.E.  Est./S.E.    P-Value     Factors

    V145               0.618      0.057     10.945      0.000      0.624
    V146               0.208      0.031      6.722      0.000      0.868
    V147               0.599      0.064      9.293      0.000      0.731
    V148               0.312      0.043      7.343      0.000      1.041


QUALITY OF NUMERICAL RESULTS

     Condition Number for the Information Matrix              0.646E-03
       (ratio of smallest to largest eigenvalue)


MODEL MODIFICATION INDICES

NOTE:  Modification indices for direct effects of observed dependent variables
regressed on covariates and residual covariances among observed dependent
variables may not be included.  To include these, request MODINDICES (ALL).

Minimum M.I. value for printing the modification index    10.000

                                   M.I.     E.P.C.  Std E.P.C.  StdYX E.P.C.
Group FULL


No modification indices above the minimum value.

Group SHORT


No modification indices above the minimum value.



SAVEDATA INFORMATION


  Difference testing

  Save file
    v145_metric.dat
  Save format      Free

DIAGRAM INFORMATION

  Use View Diagram under the Diagram menu in the Mplus Editor to view the diagram.
  If running Mplus from the Mplus Diagrammer, the diagram opens automatically.

  Diagram output
    c:\users\msassac6\dropbox (the university of manchester)\papers\joe s\evs_mm_de_equivalence\mplus\eq\inv_data3_v145_

     Beginning Time:  08:31:22
        Ending Time:  08:31:22
       Elapsed Time:  00:00:00



MUTHEN & MUTHEN
3463 Stoner Ave.
Los Angeles, CA  90066

Tel: (310) 391-9971
Fax: (310) 391-8971
Web: www.StatModel.com
Support: Support@StatModel.com

Copyright (c) 1998-2017 Muthen & Muthen
