Mplus VERSION 8
MUTHEN & MUTHEN
07/06/2020   1:53 PM

INPUT INSTRUCTIONS

  TITLE: Your title goes here

   DATA: FILE = eq/data.dta;

   VARIABLE:

   NAMES = id_cocas weight comp_mode comp_len mode mm_matrix_group wei_mmf v2 v3 v4 v32
       v33 v34 v35 v36 v37 v46 v47 v48 v49 v50 v65 v66 v67 v68 v69 v70 v82 v83 v84 v98
       v99 v100 v101 v103 v104 v105 v106 v107 v115 v116 v117 v118 v119 v120 v121 v122
       v123 v124 v125 v126 v127 v128 v129 v130 v131 v132 v133 v134 v135 v136 v137 v138
       v139 v140 v141 v145 v146 v147 v148 v149 v150 v151 v152 v153 v154 v155 v156 v157
       v158 v159 v160 v161 v162 v163 v164 v165 v166 v167 v176 v177 v178 v179 v180 v181
       v182 v183 v185 v186 v187 v188 v189 v191 v192 v193 v194 v195 v196 v197 v199 v200
       v201 v202 v203 v205 v206 v207 v208 v209 v210 v211 v212 v213 v214 v215 v216 v217
       v218 v220 v221 v222 v223 v224 v267 v268 v269 v271 v272 v273;

   MISSING=.;

   USEVARIABLES ARE
   v133
   v135
   v136
   v138
   v141;

   GROUPING IS comp_len (0=full 1=short);

  Model:


  f1 BY v133@1
  v135 (L2)
  v136 (L3)
  v138 (L4)
  v141 (L5)
  ;

  [v133] (i1);
  [v135] (i2);
  [v136] (i3);
  [v138] (i4);
  [v141] (i5);

   [f1@0];

  Model short:

  f1 BY v133@1
  v135 (L2)
  v136 (L3)
  v138 (L4)
  v141 (L5)
  ;

  [v133] (i1);
  [v135] (i2);
  [v136] (i3);
  [v138] (i4);
  [v141] (i5);

   [f1@0];

   SAVEDATA: DIFFTEST IS v133_scalar.dat;

   OUTPUT: SAMPSTAT;

                                  MODINDICES;

                                  STDYX;




*** WARNING in SAVEDATA command
  The DIFFTEST option is available only for the estimators MLMV, WLSMV and ULSMV.
  Request for DIFFTEST will be ignored.
*** WARNING
  Data set contains unknown or missing values for GROUPING,
  PATTERN, COHORT, CLUSTER and/or STRATIFICATION variables.
  Number of cases with unknown or missing values:  1494
*** WARNING
  Data set contains cases with missing on all variables.
  These cases were not included in the analysis.
  Number of cases with missing on all variables:  1723
   3 WARNING(S) FOUND IN THE INPUT INSTRUCTIONS



Your title goes here

SUMMARY OF ANALYSIS

Number of groups                                                 2
Number of observations
   Group FULL                                                  657
   Group SHORT                                                1542
   Total sample size                                          2199

Number of dependent variables                                    5
Number of independent variables                                  0
Number of continuous latent variables                            1

Observed dependent variables

  Continuous
   V133        V135        V136        V138        V141

Continuous latent variables
   F1

Variables with special functions

  Grouping variable     COMP_LEN

Estimator                                                       ML
Information matrix                                        OBSERVED
Maximum number of iterations                                  1000
Convergence criterion                                    0.500D-04
Maximum number of steepest descent iterations                   20
Maximum number of iterations for H1                           2000
Convergence criterion for H1                             0.100D-03

Input data file(s)
  eq/data.dta

Input data format  FREE


SUMMARY OF DATA

   Group FULL
     Number of missing data patterns            18

   Group SHORT
     Number of missing data patterns            23


COVARIANCE COVERAGE OF DATA

Minimum covariance coverage value   0.100


     PROPORTION OF DATA PRESENT FOR FULL


           Covariance Coverage
              V133          V135          V136          V138          V141
              ________      ________      ________      ________      ________
 V133           0.939
 V135           0.924         0.979
 V136           0.922         0.953         0.970
 V138           0.889         0.921         0.913         0.930
 V141           0.927         0.970         0.959         0.927         0.988


     PROPORTION OF DATA PRESENT FOR SHORT


           Covariance Coverage
              V133          V135          V136          V138          V141
              ________      ________      ________      ________      ________
 V133           0.964
 V135           0.943         0.971
 V136           0.951         0.959         0.980
 V138           0.931         0.938         0.944         0.957
 V141           0.958         0.966         0.974         0.952         0.992


SAMPLE STATISTICS


     ESTIMATED SAMPLE STATISTICS FOR FULL


           Means
              V133          V135          V136          V138          V141
              ________      ________      ________      ________      ________
                7.469         9.182         7.529         8.580         9.496


           Covariances
              V133          V135          V136          V138          V141
              ________      ________      ________      ________      ________
 V133           6.087
 V135           1.289         3.616
 V136           2.701         1.715         5.637
 V138           1.410         2.127         1.610         5.443
 V141           0.994         1.478         1.074         1.732         2.761


           Correlations
              V133          V135          V136          V138          V141
              ________      ________      ________      ________      ________
 V133           1.000
 V135           0.275         1.000
 V136           0.461         0.380         1.000
 V138           0.245         0.479         0.291         1.000
 V141           0.242         0.468         0.272         0.447         1.000


     ESTIMATED SAMPLE STATISTICS FOR SHORT


           Means
              V133          V135          V136          V138          V141
              ________      ________      ________      ________      ________
                7.780         9.273         7.907         8.826         9.449


           Covariances
              V133          V135          V136          V138          V141
              ________      ________      ________      ________      ________
 V133           5.530
 V135           1.087         3.168
 V136           1.986         1.527         5.403
 V138           1.304         1.805         1.768         4.779
 V141           0.927         1.316         1.114         1.526         3.134


           Correlations
              V133          V135          V136          V138          V141
              ________      ________      ________      ________      ________
 V133           1.000
 V135           0.260         1.000
 V136           0.363         0.369         1.000
 V138           0.254         0.464         0.348         1.000
 V141           0.223         0.418         0.271         0.394         1.000


     MAXIMUM LOG-LIKELIHOOD VALUE FOR THE UNRESTRICTED (H1) MODEL IS -21954.332


UNIVARIATE SAMPLE STATISTICS


     UNIVARIATE HIGHER-ORDER MOMENT DESCRIPTIVE STATISTICS FOR FULL

         Variable/         Mean/     Skewness/   Minimum/ % with                Percentiles
        Sample Size      Variance    Kurtosis    Maximum  Min/Max      20%/60%    40%/80%    Median

     V133                  7.486      -0.863       1.000    3.08%       5.000      7.000      8.000
             617.000       6.029      -0.058      10.000   30.47%       8.000     10.000
     V135                  9.185      -2.729       1.000    1.71%       9.000     10.000     10.000
             643.000       3.619       7.055      10.000   76.52%      10.000     10.000
     V136                  7.526      -0.830       1.000    2.20%       5.000      7.000      8.000
             637.000       5.631      -0.084      10.000   29.51%       8.000     10.000
     V138                  8.607      -1.834       1.000    2.62%       7.000      9.000     10.000
             611.000       5.227       2.603      10.000   59.08%      10.000     10.000
     V141                  9.496      -3.953       1.000    2.16%      10.000     10.000     10.000
             649.000       2.746      15.570      10.000   85.98%      10.000     10.000


     UNIVARIATE HIGHER-ORDER MOMENT DESCRIPTIVE STATISTICS FOR SHORT

         Variable/         Mean/     Skewness/   Minimum/ % with                Percentiles
        Sample Size      Variance    Kurtosis    Maximum  Min/Max      20%/60%    40%/80%    Median

     V133                  7.792      -1.126       1.000    3.03%       6.000      8.000      8.000
            1486.000       5.511       0.677      10.000   33.65%       9.000     10.000
     V135                  9.293      -3.071       1.000    1.67%       9.000     10.000     10.000
            1497.000       3.137       9.422      10.000   78.29%      10.000     10.000
     V136                  7.914      -1.169       1.000    2.51%       6.000      8.000      8.000
            1511.000       5.404       0.735      10.000   37.06%       9.000     10.000
     V138                  8.861      -2.280       1.000    3.19%       8.000     10.000     10.000
            1475.000       4.634       4.662      10.000   64.61%      10.000     10.000
     V141                  9.453      -3.750       1.000    2.55%      10.000     10.000     10.000
            1530.000       3.121      13.571      10.000   85.75%      10.000     10.000


THE MODEL ESTIMATION TERMINATED NORMALLY



MODEL FIT INFORMATION

Number of Free Parameters                       21

Loglikelihood

          H0 Value                      -22030.344
          H1 Value                      -21954.332

Information Criteria

          Akaike (AIC)                   44102.688
          Bayesian (BIC)                 44222.299
          Sample-Size Adjusted BIC       44155.579
            (n* = (n + 2) / 24)

Chi-Square Test of Model Fit

          Value                            152.024
          Degrees of Freedom                    19
          P-Value                           0.0000

Chi-Square Contribution From Each Group

          FULL                              86.443
          SHORT                             65.581

RMSEA (Root Mean Square Error Of Approximation)

          Estimate                           0.080
          90 Percent C.I.                    0.068  0.092
          Probability RMSEA <= .05           0.000

CFI/TLI

          CFI                                0.927
          TLI                                0.923

Chi-Square Test of Model Fit for the Baseline Model

          Value                           1833.999
          Degrees of Freedom                    20
          P-Value                           0.0000

SRMR (Standardized Root Mean Square Residual)

          Value                              0.049



MODEL RESULTS

                                                    Two-Tailed
                    Estimate       S.E.  Est./S.E.    P-Value

Group FULL

 F1       BY
    V133               1.000      0.000    999.000    999.000
    V135               1.221      0.079     15.412      0.000
    V136               1.217      0.079     15.391      0.000
    V138               1.394      0.093     14.989      0.000
    V141               0.971      0.066     14.680      0.000

 Means
    F1                 0.000      0.000    999.000    999.000

 Intercepts
    V133               7.695      0.052    147.902      0.000
    V135               9.248      0.039    236.052      0.000
    V136               7.803      0.051    153.934      0.000
    V138               8.763      0.049    180.577      0.000
    V141               9.473      0.037    254.500      0.000

 Variances
    F1                 1.190      0.157      7.603      0.000

 Residual Variances
    V133               4.846      0.300     16.161      0.000
    V135               1.776      0.141     12.595      0.000
    V136               4.065      0.262     15.489      0.000
    V138               3.169      0.229     13.827      0.000
    V141               1.677      0.116     14.433      0.000

Group SHORT

 F1       BY
    V133               1.000      0.000    999.000    999.000
    V135               1.221      0.079     15.412      0.000
    V136               1.217      0.079     15.391      0.000
    V138               1.394      0.093     14.989      0.000
    V141               0.971      0.066     14.680      0.000

 Means
    F1                 0.000      0.000    999.000    999.000

 Intercepts
    V133               7.695      0.052    147.902      0.000
    V135               9.248      0.039    236.052      0.000
    V136               7.803      0.051    153.934      0.000
    V138               8.763      0.049    180.577      0.000
    V141               9.473      0.037    254.500      0.000

 Variances
    F1                 1.055      0.124      8.523      0.000

 Residual Variances
    V133               4.511      0.181     24.972      0.000
    V135               1.624      0.090     18.142      0.000
    V136               3.806      0.164     23.273      0.000
    V138               2.717      0.137     19.845      0.000
    V141               2.122      0.093     22.853      0.000


STANDARDIZED MODEL RESULTS


STDYX Standardization

                                                    Two-Tailed
                    Estimate       S.E.  Est./S.E.    P-Value

Group FULL

 F1       BY
    V133               0.444      0.027     16.280      0.000
    V135               0.707      0.024     29.100      0.000
    V136               0.550      0.026     21.500      0.000
    V138               0.650      0.025     25.868      0.000
    V141               0.633      0.025     25.276      0.000

 Means
    F1                 0.000      0.000    999.000    999.000

 Intercepts
    V133               3.132      0.084     37.211      0.000
    V135               4.907      0.128     38.307      0.000
    V136               3.232      0.085     38.040      0.000
    V138               3.743      0.101     37.201      0.000
    V141               5.663      0.148     38.137      0.000

 Variances
    F1                 1.000      0.000    999.000    999.000

 Residual Variances
    V133               0.803      0.024     33.146      0.000
    V135               0.500      0.034     14.551      0.000
    V136               0.698      0.028     24.797      0.000
    V138               0.578      0.033     17.717      0.000
    V141               0.599      0.032     18.900      0.000

Group SHORT

 F1       BY
    V133               0.435      0.023     18.882      0.000
    V135               0.702      0.019     37.463      0.000
    V136               0.539      0.021     25.243      0.000
    V138               0.656      0.020     32.427      0.000
    V141               0.565      0.021     27.420      0.000

 Means
    F1                 0.000      0.000    999.000    999.000

 Intercepts
    V133               3.262      0.063     51.533      0.000
    V135               5.172      0.096     54.018      0.000
    V136               3.368      0.064     52.849      0.000
    V138               4.013      0.077     52.114      0.000
    V141               5.367      0.095     56.496      0.000

 Variances
    F1                 1.000      0.000    999.000    999.000

 Residual Variances
    V133               0.810      0.020     40.374      0.000
    V135               0.508      0.026     19.328      0.000
    V136               0.709      0.023     30.752      0.000
    V138               0.570      0.027     21.485      0.000
    V141               0.681      0.023     29.271      0.000


R-SQUARE

Group FULL

    Observed                                        Two-Tailed
    Variable        Estimate       S.E.  Est./S.E.    P-Value

    V133               0.197      0.024      8.140      0.000
    V135               0.500      0.034     14.550      0.000
    V136               0.302      0.028     10.750      0.000
    V138               0.422      0.033     12.934      0.000
    V141               0.401      0.032     12.638      0.000

Group SHORT

    Observed                                        Two-Tailed
    Variable        Estimate       S.E.  Est./S.E.    P-Value

    V133               0.190      0.020      9.441      0.000
    V135               0.492      0.026     18.731      0.000
    V136               0.291      0.023     12.622      0.000
    V138               0.430      0.027     16.213      0.000
    V141               0.319      0.023     13.710      0.000


QUALITY OF NUMERICAL RESULTS

     Condition Number for the Information Matrix              0.724E-03
       (ratio of smallest to largest eigenvalue)


MODEL MODIFICATION INDICES

NOTE:  Modification indices for direct effects of observed dependent variables
regressed on covariates may not be included.  To include these, request
MODINDICES (ALL).

Minimum M.I. value for printing the modification index    10.000

                                   M.I.     E.P.C.  Std E.P.C.  StdYX E.P.C.
Group FULL


WITH Statements

V136     WITH V133                59.350     1.561      1.561        0.352
V141     WITH V136                11.414    -0.442     -0.442       -0.169

Group SHORT


WITH Statements

V135     WITH V133                10.120    -0.307     -0.307       -0.113
V136     WITH V133                53.704     0.911      0.911        0.220



DIAGRAM INFORMATION

  Use View Diagram under the Diagram menu in the Mplus Editor to view the diagram.
  If running Mplus from the Mplus Diagrammer, the diagram opens automatically.

  Diagram output
    c:\users\msassac6\dropbox (the university of manchester)\papers\joe s\evs_mm_de_equivalence\mplus\eq\inv_data3_v133_

     Beginning Time:  13:53:12
        Ending Time:  13:53:13
       Elapsed Time:  00:00:01



MUTHEN & MUTHEN
3463 Stoner Ave.
Los Angeles, CA  90066

Tel: (310) 391-9971
Fax: (310) 391-8971
Web: www.StatModel.com
Support: Support@StatModel.com

Copyright (c) 1998-2017 Muthen & Muthen
