Mplus VERSION 8
MUTHEN & MUTHEN
07/13/2020   8:33 AM

INPUT INSTRUCTIONS

  TITLE: Your title goes here

   DATA: FILE = eq/data.dta;

   VARIABLE:

   NAMES = id_cocas weight comp_mode comp_len mode mm_matrix_group wei_mmf v2 v3 v4 v32
       v33 v34 v35 v36 v37 v46 v47 v48 v49 v50 v65 v66 v67 v68 v69 v70 v82 v83 v84 v98
       v99 v100 v101 v103 v104 v105 v106 v107 v115 v116 v117 v118 v119 v120 v121 v122
       v123 v124 v125 v126 v127 v128 v129 v130 v131 v132 v133 v134 v135 v136 v137 v138
       v139 v140 v141 v145 v146 v147 v148 v149 v150 v151 v152 v153 v154 v155 v156 v157
       v158 v159 v160 v161 v162 v163 v164 v165 v166 v167 v176 v177 v178 v179 v180 v181
       v182 v183 v185 v186 v187 v188 v189 v191 v192 v193 v194 v195 v196 v197 v199 v200
       v201 v202 v203 v205 v206 v207 v208 v209 v210 v211 v212 v213 v214 v215 v216 v217
       v218 v220 v221 v222 v223 v224 v267 v268 v269 v271 v272 v273;

   MISSING=.;

   USEVARIABLES ARE
   v65
   v66
   v67
   v68
   v69
   v70;

   CATEGORICAL ARE
   v65
   v66
   v67
   v68
   v69
   v70;

   GROUPING IS comp_len (0=full 1=short);

  WEIGHT IS weight;

   Analysis:

                  ESTIMATOR = WLSMV;

                  ITERATIONS = 100000;

                  PARAMETERIZATION = THETA;

  Model:


  f1 BY v65@1
  v66 (L2)
  v67 (L3)
  v68 (L4)
  v69 (L5)
  v70 (L6)
  ;


   [f1@0];
  [v65$1] (t_v65_1);
  [v65$2] (t_v65_2);

  [v66$1] (t_v66_1);
  [v66$2] (t_v66_2_full);

  [v67$1] (t_v67_1);
  [v67$2] (t_v67_2_full);

  [v68$1] (t_v68_1);
  [v68$2] (t_v68_2_full);

  [v69$1] (t_v69_1);
  [v69$2] (t_v69_2_full);

  [v70$1] (t_v70_1);
  [v70$2] (t_v70_2_full);


  Model short:

  f1 BY v65@1
  v66 (L2)
  v67 (L3)
  v68 (L4)
  v69 (L5)
  v70 (L6)
  ;


   [f1@0];
  [v65$1] (t_v65_1);
  [v65$2] (t_v65_2);

  [v66$1] (t_v66_1);
  [v66$2] (t_v66_2_short);

  [v67$1] (t_v67_1);
  [v67$2] (t_v67_2_short);

  [v68$1] (t_v68_1);
  [v68$2] (t_v68_2_short);

  [v69$1] (t_v69_1);
  [v69$2] (t_v69_2_short);

  [v70$1] (t_v70_1);
  [v70$2] (t_v70_2_short);


   SAVEDATA: DIFFTEST IS v65_metric.dat;

   OUTPUT: SAMPSTAT;

                                  MODINDICES;

                                  STDYX;




*** WARNING
  Data set contains unknown or missing values for GROUPING,
  PATTERN, COHORT, CLUSTER and/or STRATIFICATION variables.
  Number of cases with unknown or missing values:  1494
*** WARNING
  Data set contains cases with missing on all variables.
  These cases were not included in the analysis.
  Number of cases with missing on all variables:  1623
   2 WARNING(S) FOUND IN THE INPUT INSTRUCTIONS



Your title goes here

SUMMARY OF ANALYSIS

Number of groups                                                 2
Number of observations
   Group FULL                                                  673
   Group SHORT                                                1626
   Total sample size                                          2299

Number of dependent variables                                    6
Number of independent variables                                  0
Number of continuous latent variables                            1

Observed dependent variables

  Binary and ordered categorical (ordinal)
   V65         V66         V67         V68         V69         V70

Continuous latent variables
   F1

Variables with special functions

  Grouping variable     COMP_LEN
  Weight variable       WEIGHT

Estimator                                                    WLSMV
Maximum number of iterations                                100000
Convergence criterion                                    0.500D-04
Maximum number of steepest descent iterations                   20
Maximum number of iterations for H1                           2000
Convergence criterion for H1                             0.100D-03
Parameterization                                             THETA
Link                                                        PROBIT

Input data file(s)
  eq/data.dta

Input data format  FREE


SUMMARY OF DATA

   Group FULL
     Number of missing data patterns            23

   Group SHORT
     Number of missing data patterns            25


COVARIANCE COVERAGE OF DATA

Minimum covariance coverage value   0.100


     PROPORTION OF DATA PRESENT FOR FULL


           Covariance Coverage
              V65           V66           V67           V68           V69
              ________      ________      ________      ________      ________
 V65            0.991
 V66            0.964         0.972
 V67            0.957         0.954         0.966
 V68            0.970         0.963         0.958         0.979
 V69            0.911         0.902         0.899         0.905         0.915
 V70            0.972         0.960         0.954         0.966         0.906


           Covariance Coverage
              V70
              ________
 V70            0.981


     PROPORTION OF DATA PRESENT FOR SHORT


           Covariance Coverage
              V65           V66           V67           V68           V69
              ________      ________      ________      ________      ________
 V65            0.993
 V66            0.970         0.975
 V67            0.983         0.967         0.990
 V68            0.969         0.953         0.966         0.974
 V69            0.923         0.911         0.921         0.911         0.928
 V70            0.977         0.961         0.974         0.962         0.916


           Covariance Coverage
              V70
              ________
 V70            0.982


UNIVARIATE PROPORTIONS AND COUNTS FOR CATEGORICAL VARIABLES

  Group FULL
    V65
      Category 1    0.843          562.805
      Category 2    0.144           96.394
      Category 3    0.013            8.621
    V66
      Category 1    0.234          152.633
      Category 2    0.499          325.492
      Category 3    0.267          173.959
    V67
      Category 1    0.327          212.134
      Category 2    0.602          389.896
      Category 3    0.071           46.049
    V68
      Category 1    0.283          185.404
      Category 2    0.540          354.191
      Category 3    0.177          115.965
    V69
      Category 1    0.590          361.591
      Category 2    0.265          162.226
      Category 3    0.146           89.226
    V70
      Category 1    0.401          264.127
      Category 2    0.497          327.922
      Category 3    0.102           67.120

  Group SHORT
    V65
      Category 1    0.827         1336.954
      Category 2    0.157          253.588
      Category 3    0.016           25.782
    V66
      Category 1    0.213          336.729
      Category 2    0.519          822.052
      Category 3    0.268          425.268
    V67
      Category 1    0.320          514.435
      Category 2    0.582          935.471
      Category 3    0.098          157.712
    V68
      Category 1    0.304          480.513
      Category 2    0.522          825.058
      Category 3    0.174          275.163
    V69
      Category 1    0.512          771.560
      Category 2    0.314          473.064
      Category 3    0.174          262.286
    V70
      Category 1    0.359          571.034
      Category 2    0.535          850.510
      Category 3    0.106          168.874


SAMPLE STATISTICS


     ESTIMATED SAMPLE STATISTICS FOR FULL


           MEANS/INTERCEPTS/THRESHOLDS
              V65$1         V65$2         V66$1         V66$2         V67$1
              ________      ________      ________      ________      ________
                1.006         2.229        -0.726         0.623        -0.447


           MEANS/INTERCEPTS/THRESHOLDS
              V67$2         V68$1         V68$2         V69$1         V69$2
              ________      ________      ________      ________      ________
                1.468        -0.574         0.927         0.227         1.056


           MEANS/INTERCEPTS/THRESHOLDS
              V70$1         V70$2
              ________      ________
               -0.252         1.271


           CORRELATION MATRIX (WITH VARIANCES ON THE DIAGONAL)
              V65           V66           V67           V68           V69
              ________      ________      ________      ________      ________
 V65
 V66            0.067
 V67            0.204         0.679
 V68            0.176         0.183         0.306
 V69            0.321         0.251         0.343         0.046
 V70            0.205         0.134         0.152         0.225         0.128


           CORRELATION MATRIX (WITH VARIANCES ON THE DIAGONAL)
              V70
              ________


     ESTIMATED SAMPLE STATISTICS FOR SHORT


           MEANS/INTERCEPTS/THRESHOLDS
              V65$1         V65$2         V66$1         V66$2         V67$1
              ________      ________      ________      ________      ________
                0.943         2.146        -0.798         0.617        -0.468


           MEANS/INTERCEPTS/THRESHOLDS
              V67$2         V68$1         V68$2         V69$1         V69$2
              ________      ________      ________      ________      ________
                1.292        -0.513         0.938         0.030         0.938


           MEANS/INTERCEPTS/THRESHOLDS
              V70$1         V70$2
              ________      ________
               -0.361         1.247


           CORRELATION MATRIX (WITH VARIANCES ON THE DIAGONAL)
              V65           V66           V67           V68           V69
              ________      ________      ________      ________      ________
 V65
 V66            0.051
 V67            0.133         0.739
 V68            0.075         0.188         0.257
 V69            0.242         0.305         0.371         0.133
 V70            0.027         0.051         0.095         0.284         0.051


           CORRELATION MATRIX (WITH VARIANCES ON THE DIAGONAL)
              V70
              ________


THE MODEL ESTIMATION TERMINATED NORMALLY



MODEL FIT INFORMATION

Number of Free Parameters                       30

Chi-Square Test of Model Fit

          Value                            144.990*
          Degrees of Freedom                    24
          P-Value                           0.0000

Chi-Square Contribution From Each Group

          FULL                              49.762
          SHORT                             95.229

*   The chi-square value for MLM, MLMV, MLR, ULSMV, WLSM and WLSMV cannot be used
    for chi-square difference testing in the regular way.  MLM, MLR and WLSM
    chi-square difference testing is described on the Mplus website.  MLMV, WLSMV,
    and ULSMV difference testing is done using the DIFFTEST option.

RMSEA (Root Mean Square Error Of Approximation)

          Estimate                           0.066
          90 Percent C.I.                    0.056  0.077
          Probability RMSEA <= .05           0.005

CFI/TLI

          CFI                                0.951
          TLI                                0.938

Chi-Square Test of Model Fit for the Baseline Model

          Value                           2483.325
          Degrees of Freedom                    30
          P-Value                           0.0000

WRMR (Weighted Root Mean Square Residual)

          Value                              2.217



MODEL RESULTS

                                                    Two-Tailed
                    Estimate       S.E.  Est./S.E.    P-Value

Group FULL

 F1       BY
    V65                1.000      0.000    999.000    999.000
    V66                4.264      1.001      4.258      0.000
    V67               13.240      7.380      1.794      0.073
    V68                1.470      0.364      4.040      0.000
    V69                1.812      0.478      3.790      0.000
    V70                0.704      0.217      3.243      0.001

 Means
    F1                 0.000      0.000    999.000    999.000

 Thresholds
    V65$1              1.034      0.057     18.020      0.000
    V65$2              2.330      0.128     18.172      0.000
    V66$1             -0.996      0.100     -9.975      0.000
    V66$2              0.880      0.096      9.120      0.000
    V67$1             -1.432      0.700     -2.046      0.041
    V67$2              4.784      2.096      2.282      0.022
    V68$1             -0.589      0.060     -9.742      0.000
    V68$2              0.981      0.070     14.066      0.000
    V69$1              0.087      0.034      2.568      0.010
    V69$2              1.147      0.075     15.342      0.000
    V70$1             -0.315      0.053     -5.915      0.000
    V70$2              1.288      0.080     16.160      0.000

 Variances
    F1                 0.055      0.025      2.229      0.026

 Residual Variances
    V65                1.000      0.000    999.000    999.000
    V66                1.000      0.000    999.000    999.000
    V67                1.000      0.000    999.000    999.000
    V68                1.000      0.000    999.000    999.000
    V69                1.000      0.000    999.000    999.000
    V70                1.000      0.000    999.000    999.000

Group SHORT

 F1       BY
    V65                1.000      0.000    999.000    999.000
    V66                4.264      1.001      4.258      0.000
    V67               13.240      7.380      1.794      0.073
    V68                1.470      0.364      4.040      0.000
    V69                1.812      0.478      3.790      0.000
    V70                0.704      0.217      3.243      0.001

 Means
    F1                 0.000      0.000    999.000    999.000

 Thresholds
    V65$1              1.034      0.057     18.020      0.000
    V65$2              2.330      0.128     18.172      0.000
    V66$1             -0.996      0.100     -9.975      0.000
    V66$2              0.764      0.103      7.434      0.000
    V67$1             -1.432      0.700     -2.046      0.041
    V67$2              3.934      2.006      1.961      0.050
    V68$1             -0.589      0.060     -9.742      0.000
    V68$2              1.061      0.145      7.334      0.000
    V69$1              0.087      0.034      2.568      0.010
    V69$2              0.941      0.182      5.168      0.000
    V70$1             -0.315      0.053     -5.915      0.000
    V70$2              1.159      0.232      5.001      0.000

 Variances
    F1                 0.049      0.021      2.341      0.019

 Residual Variances
    V65                1.154      0.146      7.932      0.000
    V66                0.648      0.151      4.303      0.000
    V67                0.726      0.824      0.882      0.378
    V68                1.174      0.290      4.053      0.000
    V69                0.846      0.326      2.594      0.009
    V70                0.839      0.324      2.587      0.010


STANDARDIZED MODEL RESULTS


STDYX Standardization

                                                    Two-Tailed
                    Estimate       S.E.  Est./S.E.    P-Value

Group FULL

 F1       BY
    V65                0.228      0.049      4.702      0.000
    V66                0.707      0.039     18.134      0.000
    V67                0.952      0.044     21.675      0.000
    V68                0.326      0.040      8.081      0.000
    V69                0.391      0.053      7.419      0.000
    V70                0.163      0.038      4.251      0.000

 Means
    F1                 0.000      0.000    999.000    999.000

 Thresholds
    V65$1              1.007      0.053     19.056      0.000
    V65$2              2.269      0.120     18.877      0.000
    V66$1             -0.705      0.061    -11.541      0.000
    V66$2              0.623      0.061     10.243      0.000
    V67$1             -0.439      0.052     -8.466      0.000
    V67$2              1.468      0.084     17.426      0.000
    V68$1             -0.557      0.055    -10.161      0.000
    V68$2              0.927      0.065     14.159      0.000
    V69$1              0.080      0.031      2.611      0.009
    V69$2              1.056      0.064     16.514      0.000
    V70$1             -0.310      0.052     -6.004      0.000
    V70$2              1.271      0.079     16.059      0.000

 Variances
    F1                 1.000      0.000    999.000    999.000

 Residual Variances
    V65                0.948      0.022     42.821      0.000
    V66                0.500      0.055      9.085      0.000
    V67                0.094      0.084      1.126      0.260
    V68                0.894      0.026     34.044      0.000
    V69                0.847      0.041     20.586      0.000
    V70                0.973      0.012     78.069      0.000

Group SHORT

 F1       BY
    V65                0.201      0.040      4.992      0.000
    V66                0.760      0.029     26.395      0.000
    V67                0.960      0.032     30.416      0.000
    V68                0.287      0.030      9.591      0.000
    V69                0.399      0.033     12.030      0.000
    V70                0.167      0.032      5.260      0.000

 Means
    F1                 0.000      0.000    999.000    999.000

 Thresholds
    V65$1              0.943      0.038     24.519      0.000
    V65$2              2.124      0.092     23.088      0.000
    V66$1             -0.805      0.041    -19.691      0.000
    V66$2              0.617      0.038     16.201      0.000
    V67$1             -0.471      0.036    -13.158      0.000
    V67$2              1.292      0.050     25.671      0.000
    V68$1             -0.521      0.037    -13.993      0.000
    V68$2              0.938      0.041     22.917      0.000
    V69$1              0.086      0.032      2.742      0.006
    V69$2              0.938      0.041     22.927      0.000
    V70$1             -0.339      0.035     -9.627      0.000
    V70$2              1.247      0.048     26.192      0.000

 Variances
    F1                 1.000      0.000    999.000    999.000

 Residual Variances
    V65                0.960      0.016     59.156      0.000
    V66                0.422      0.044      9.654      0.000
    V67                0.078      0.061      1.294      0.196
    V68                0.918      0.017     53.478      0.000
    V69                0.841      0.026     31.852      0.000
    V70                0.972      0.011     91.402      0.000


R-SQUARE

Group FULL

    Observed                                        Two-Tailed     Scale
    Variable        Estimate       S.E.  Est./S.E.    P-Value     Factors

    V65                0.052      0.022      2.351      0.019      0.974
    V66                0.500      0.055      9.067      0.000      0.707
    V67                0.906      0.084     10.838      0.000      0.307
    V68                0.106      0.026      4.040      0.000      0.945
    V69                0.153      0.041      3.710      0.000      0.920
    V70                0.027      0.012      2.125      0.034      0.987

Group SHORT

    Observed                                        Two-Tailed     Scale
    Variable        Estimate       S.E.  Est./S.E.    P-Value     Factors

    V65                0.040      0.016      2.496      0.013      0.912
    V66                0.578      0.044     13.198      0.000      0.808
    V67                0.922      0.061     15.208      0.000      0.329
    V68                0.082      0.017      4.795      0.000      0.884
    V69                0.159      0.026      6.015      0.000      0.997
    V70                0.028      0.011      2.630      0.009      1.076


QUALITY OF NUMERICAL RESULTS

     Condition Number for the Information Matrix              0.596E-06
       (ratio of smallest to largest eigenvalue)


MODEL MODIFICATION INDICES

NOTE:  Modification indices for direct effects of observed dependent variables
regressed on covariates and residual covariances among observed dependent
variables may not be included.  To include these, request MODINDICES (ALL).

Minimum M.I. value for printing the modification index    10.000

                                   M.I.     E.P.C.  Std E.P.C.  StdYX E.P.C.
Group FULL


BY Statements

F1       BY V69                   14.053    -0.128     -0.030       -0.028

WITH Statements

V69      WITH V65                 15.363     0.286      0.286        0.286
V70      WITH V68                 11.004     0.195      0.195        0.195

Means/Intercepts/Thresholds

[ V69      ]                      14.005    -0.307     -0.307       -0.283
[ V69$1    ]                      14.002     0.159      0.159        0.147

Group SHORT


BY Statements

F1       BY V69                   13.961     6.284      1.387        1.382

WITH Statements

V66      WITH V65                 13.147    -0.389     -0.389       -0.450
V67      WITH V66                 25.368     2.794      2.794        4.074
V69      WITH V65                 30.749     0.395      0.395        0.399
V70      WITH V66                 18.719    -0.327     -0.327       -0.443
V70      WITH V67                 16.414    -0.819     -0.819       -1.049
V70      WITH V68                188.654     0.789      0.789        0.794

Means/Intercepts/Thresholds

[ V69      ]                      13.986     0.307      0.307        0.306
[ V69$1    ]                      13.993    -0.148     -0.148       -0.147



SAVEDATA INFORMATION


  Difference testing

  Save file
    v65_metric.dat
  Save format      Free

DIAGRAM INFORMATION

  Use View Diagram under the Diagram menu in the Mplus Editor to view the diagram.
  If running Mplus from the Mplus Diagrammer, the diagram opens automatically.

  Diagram output
    c:\users\msassac6\dropbox (the university of manchester)\papers\joe s\evs_mm_de_equivalence\mplus\eq\inv_data3_v65_c

     Beginning Time:  08:33:18
        Ending Time:  08:33:19
       Elapsed Time:  00:00:01



MUTHEN & MUTHEN
3463 Stoner Ave.
Los Angeles, CA  90066

Tel: (310) 391-9971
Fax: (310) 391-8971
Web: www.StatModel.com
Support: Support@StatModel.com

Copyright (c) 1998-2017 Muthen & Muthen
