Mplus VERSION 8
MUTHEN & MUTHEN
07/06/2020   1:57 PM

INPUT INSTRUCTIONS

  TITLE: Your title goes here

   DATA: FILE = eq/data.dta;

   VARIABLE:

   NAMES = id_cocas weight comp_mode comp_len mode mm_matrix_group wei_mmf v2 v3 v4 v32
       v33 v34 v35 v36 v37 v46 v47 v48 v49 v50 v65 v66 v67 v68 v69 v70 v82 v83 v84 v98
       v99 v100 v101 v103 v104 v105 v106 v107 v115 v116 v117 v118 v119 v120 v121 v122
       v123 v124 v125 v126 v127 v128 v129 v130 v131 v132 v133 v134 v135 v136 v137 v138
       v139 v140 v141 v145 v146 v147 v148 v149 v150 v151 v152 v153 v154 v155 v156 v157
       v158 v159 v160 v161 v162 v163 v164 v165 v166 v167 v176 v177 v178 v179 v180 v181
       v182 v183 v185 v186 v187 v188 v189 v191 v192 v193 v194 v195 v196 v197 v199 v200
       v201 v202 v203 v205 v206 v207 v208 v209 v210 v211 v212 v213 v214 v215 v216 v217
       v218 v220 v221 v222 v223 v224 v267 v268 v269 v271 v272 v273;

   MISSING=.;

   USEVARIABLES ARE
   v164
   v165
   v166
   v167;

   CATEGORICAL ARE
   v164
   v165
   v166
   v167;

   GROUPING IS comp_len (0=full 1=short);


   Analysis:

                  ESTIMATOR = WLSMV;

                  ITERATIONS = 100000;

                  PARAMETERIZATION = THETA;

  Model:


  f1 BY v164@1
  v165 (L2_full)
  v166 (L3_full)
  v167 (L4_full)
  ;


  [v164$1] (t_v164_1);
  [v164$2] (t_v164_2);
  [v164$3] (t_v164_3);

   [f1@0];
  [v165$1] (t_v165_1);
  [v165$2] (t_v165_2_full);
  [v165$3] (t_v165_3_full);

   [f1@0];
  [v166$1] (t_v166_1);
  [v166$2] (t_v166_2_full);
  [v166$3] (t_v166_3_full);

   [f1@0];
  [v167$1] (t_v167_1);
  [v167$2] (t_v167_2_full);
  [v167$3] (t_v167_3_full);

   [f1@0];

  Model short:

  f1 BY v164@1
  v165 (L2_short)
  v166 (L3_short)
  v167 (L4_short)
  ;


  [v164$1] (t_v164_1);
  [v164$2] (t_v164_2);
  [v164$3] (t_v164_3);

   [f1@0];
  [v165$1] (t_v165_1);
  [v165$2] (t_v165_2_short);
  [v165$3] (t_v165_3_short);

   [f1@0];
  [v166$1] (t_v166_1);
  [v166$2] (t_v166_2_short);
  [v166$3] (t_v166_3_short);

   [f1@0];
  [v167$1] (t_v167_1);
  [v167$2] (t_v167_2_short);
  [v167$3] (t_v167_3_short);

   [f1@0];

   SAVEDATA: DIFFTEST IS v164_config.dat;

   OUTPUT: SAMPSTAT;

                                  MODINDICES;

                                  STDYX;




*** WARNING
  Data set contains unknown or missing values for GROUPING,
  PATTERN, COHORT, CLUSTER and/or STRATIFICATION variables.
  Number of cases with unknown or missing values:  1494
*** WARNING
  Data set contains cases with missing on all variables.
  These cases were not included in the analysis.
  Number of cases with missing on all variables:  1635
   2 WARNING(S) FOUND IN THE INPUT INSTRUCTIONS



Your title goes here

SUMMARY OF ANALYSIS

Number of groups                                                 2
Number of observations
   Group FULL                                                  662
   Group SHORT                                                1625
   Total sample size                                          2287

Number of dependent variables                                    4
Number of independent variables                                  0
Number of continuous latent variables                            1

Observed dependent variables

  Binary and ordered categorical (ordinal)
   V164        V165        V166        V167

Continuous latent variables
   F1

Variables with special functions

  Grouping variable     COMP_LEN

Estimator                                                    WLSMV
Maximum number of iterations                                100000
Convergence criterion                                    0.500D-04
Maximum number of steepest descent iterations                   20
Maximum number of iterations for H1                           2000
Convergence criterion for H1                             0.100D-03
Parameterization                                             THETA
Link                                                        PROBIT

Input data file(s)
  eq/data.dta

Input data format  FREE


SUMMARY OF DATA

   Group FULL
     Number of missing data patterns            10

   Group SHORT
     Number of missing data patterns            11


COVARIANCE COVERAGE OF DATA

Minimum covariance coverage value   0.100


     PROPORTION OF DATA PRESENT FOR FULL


           Covariance Coverage
              V164          V165          V166          V167
              ________      ________      ________      ________
 V164           0.994
 V165           0.985         0.988
 V166           0.976         0.970         0.980
 V167           0.958         0.953         0.952         0.962


     PROPORTION OF DATA PRESENT FOR SHORT


           Covariance Coverage
              V164          V165          V166          V167
              ________      ________      ________      ________
 V164           0.993
 V165           0.978         0.982
 V166           0.983         0.975         0.989
 V167           0.961         0.954         0.963         0.967


UNIVARIATE PROPORTIONS AND COUNTS FOR CATEGORICAL VARIABLES

  Group FULL
    V164
      Category 1    0.389          256.000
      Category 2    0.488          321.000
      Category 3    0.103           68.000
      Category 4    0.020           13.000
    V165
      Category 1    0.298          195.000
      Category 2    0.508          332.000
      Category 3    0.138           90.000
      Category 4    0.057           37.000
    V166
      Category 1    0.410          266.000
      Category 2    0.502          326.000
      Category 3    0.076           49.000
      Category 4    0.012            8.000
    V167
      Category 1    0.242          154.000
      Category 2    0.498          317.000
      Category 3    0.220          140.000
      Category 4    0.041           26.000

  Group SHORT
    V164
      Category 1    0.365          589.000
      Category 2    0.468          756.000
      Category 3    0.149          241.000
      Category 4    0.017           28.000
    V165
      Category 1    0.324          517.000
      Category 2    0.485          774.000
      Category 3    0.155          248.000
      Category 4    0.036           57.000
    V166
      Category 1    0.431          693.000
      Category 2    0.484          777.000
      Category 3    0.076          122.000
      Category 4    0.009           15.000
    V167
      Category 1    0.258          406.000
      Category 2    0.501          787.000
      Category 3    0.202          318.000
      Category 4    0.038           60.000


SAMPLE STATISTICS


     ESTIMATED SAMPLE STATISTICS FOR FULL


           MEANS/INTERCEPTS/THRESHOLDS
              V164$1        V164$2        V164$3        V165$1        V165$2
              ________      ________      ________      ________      ________
               -0.282         1.160         2.059        -0.530         0.863


           MEANS/INTERCEPTS/THRESHOLDS
              V165$3        V166$1        V166$2        V166$3        V167$1
              ________      ________      ________      ________      ________
                1.584        -0.228         1.354         2.247        -0.701


           MEANS/INTERCEPTS/THRESHOLDS
              V167$2        V167$3
              ________      ________
                0.642         1.741


           CORRELATION MATRIX (WITH VARIANCES ON THE DIAGONAL)
              V164          V165          V166          V167
              ________      ________      ________      ________
 V164
 V165           0.697
 V166           0.482         0.514
 V167           0.205         0.209         0.488


     ESTIMATED SAMPLE STATISTICS FOR SHORT


           MEANS/INTERCEPTS/THRESHOLDS
              V164$1        V164$2        V164$3        V165$1        V165$2
              ________      ________      ________      ________      ________
               -0.345         0.967         2.112        -0.457         0.874


           MEANS/INTERCEPTS/THRESHOLDS
              V165$3        V166$1        V166$2        V166$3        V167$1
              ________      ________      ________      ________      ________
                1.803        -0.173         1.371         2.352        -0.648


           MEANS/INTERCEPTS/THRESHOLDS
              V167$2        V167$3
              ________      ________
                0.704         1.772


           CORRELATION MATRIX (WITH VARIANCES ON THE DIAGONAL)
              V164          V165          V166          V167
              ________      ________      ________      ________
 V164
 V165           0.681
 V166           0.437         0.444
 V167           0.156         0.223         0.477


THE MODEL ESTIMATION TERMINATED NORMALLY



MODEL FIT INFORMATION

Number of Free Parameters                       30

Chi-Square Test of Model Fit

          Value                            332.410*
          Degrees of Freedom                     6
          P-Value                           0.0000

Chi-Square Contribution From Each Group

          FULL                              95.534
          SHORT                            236.875

*   The chi-square value for MLM, MLMV, MLR, ULSMV, WLSM and WLSMV cannot be used
    for chi-square difference testing in the regular way.  MLM, MLR and WLSM
    chi-square difference testing is described on the Mplus website.  MLMV, WLSMV,
    and ULSMV difference testing is done using the DIFFTEST option.

RMSEA (Root Mean Square Error Of Approximation)

          Estimate                           0.218
          90 Percent C.I.                    0.199  0.238
          Probability RMSEA <= .05           0.000

CFI/TLI

          CFI                                0.926
          TLI                                0.851

Chi-Square Test of Model Fit for the Baseline Model

          Value                           4400.288
          Degrees of Freedom                    12
          P-Value                           0.0000

WRMR (Weighted Root Mean Square Residual)

          Value                              3.778



MODEL RESULTS

                                                    Two-Tailed
                    Estimate       S.E.  Est./S.E.    P-Value

Group FULL

 F1       BY
    V164               1.000      0.000    999.000    999.000
    V165               1.095      0.190      5.777      0.000
    V166               0.713      0.085      8.405      0.000
    V167               0.349      0.049      7.164      0.000

 Means
    F1                 0.000      0.000    999.000    999.000

 Thresholds
    V164$1            -0.563      0.057     -9.829      0.000
    V164$2             1.763      0.126     13.938      0.000
    V164$3             3.613      0.255     14.155      0.000
    V165$1            -0.936      0.106     -8.839      0.000
    V165$2             1.524      0.136     11.224      0.000
    V165$3             2.799      0.196     14.296      0.000
    V166$1            -0.314      0.068     -4.621      0.000
    V166$2             1.866      0.108     17.305      0.000
    V166$3             3.096      0.199     15.572      0.000
    V167$1            -0.772      0.060    -12.919      0.000
    V167$2             0.707      0.060     11.847      0.000
    V167$3             1.919      0.100     19.276      0.000

 Variances
    F1                 1.768      0.335      5.284      0.000

 Residual Variances
    V164               1.000      0.000    999.000    999.000
    V165               1.000      0.000    999.000    999.000
    V166               1.000      0.000    999.000    999.000
    V167               1.000      0.000    999.000    999.000

Group SHORT

 F1       BY
    V164               1.000      0.000    999.000    999.000
    V165               1.221      0.222      5.509      0.000
    V166               0.839      0.254      3.306      0.001
    V167               0.360      0.050      7.164      0.000

 Means
    F1                 0.000      0.000    999.000    999.000

 Thresholds
    V164$1            -0.563      0.057     -9.829      0.000
    V164$2             1.763      0.126     13.938      0.000
    V164$3             3.613      0.255     14.155      0.000
    V165$1            -0.936      0.106     -8.839      0.000
    V165$2             1.791      0.263      6.806      0.000
    V165$3             3.694      0.517      7.145      0.000
    V166$1            -0.314      0.068     -4.621      0.000
    V166$2             2.487      0.721      3.451      0.001
    V166$3             4.268      1.227      3.478      0.001
    V167$1            -0.772      0.060    -12.919      0.000
    V167$2             0.839      0.095      8.801      0.000
    V167$3             2.111      0.214      9.874      0.000

 Variances
    F1                 1.894      0.298      6.347      0.000

 Residual Variances
    V164               1.186      0.190      6.256      0.000
    V165               1.378      0.389      3.544      0.000
    V166               1.959      1.104      1.775      0.076
    V167               1.175      0.220      5.335      0.000


STANDARDIZED MODEL RESULTS


STDYX Standardization

                                                    Two-Tailed
                    Estimate       S.E.  Est./S.E.    P-Value

Group FULL

 F1       BY
    V164               0.799      0.027     29.256      0.000
    V165               0.824      0.027     30.420      0.000
    V166               0.688      0.030     22.727      0.000
    V167               0.421      0.037     11.316      0.000

 Means
    F1                 0.000      0.000    999.000    999.000

 Thresholds
    V164$1            -0.338      0.030    -11.232      0.000
    V164$2             1.059      0.051     20.833      0.000
    V164$3             2.172      0.099     22.016      0.000
    V165$1            -0.530      0.052    -10.268      0.000
    V165$2             0.862      0.056     15.334      0.000
    V165$3             1.584      0.079     19.946      0.000
    V166$1            -0.228      0.050     -4.593      0.000
    V166$2             1.354      0.070     19.436      0.000
    V166$3             2.247      0.135     16.585      0.000
    V167$1            -0.701      0.054    -12.891      0.000
    V167$2             0.642      0.054     11.978      0.000
    V167$3             1.741      0.089     19.458      0.000

 Variances
    F1                 1.000      0.000    999.000    999.000

 Residual Variances
    V164               0.361      0.044      8.272      0.000
    V165               0.320      0.045      7.169      0.000
    V166               0.527      0.042     12.647      0.000
    V167               0.823      0.031     26.336      0.000

Group SHORT

 F1       BY
    V164               0.784      0.019     40.735      0.000
    V165               0.820      0.020     41.482      0.000
    V166               0.636      0.021     30.889      0.000
    V167               0.415      0.025     16.531      0.000

 Means
    F1                 0.000      0.000    999.000    999.000

 Thresholds
    V164$1            -0.321      0.027    -11.944      0.000
    V164$2             1.004      0.034     29.360      0.000
    V164$3             2.059      0.070     29.570      0.000
    V165$1            -0.457      0.033    -14.013      0.000
    V165$2             0.874      0.036     24.178      0.000
    V165$3             1.803      0.059     30.486      0.000
    V166$1            -0.173      0.031     -5.510      0.000
    V166$2             1.371      0.045     30.686      0.000
    V166$3             2.352      0.096     24.607      0.000
    V167$1            -0.648      0.034    -18.976      0.000
    V167$2             0.704      0.035     20.331      0.000
    V167$3             1.772      0.058     30.412      0.000

 Variances
    F1                 1.000      0.000    999.000    999.000

 Residual Variances
    V164               0.385      0.030     12.752      0.000
    V165               0.328      0.032     10.130      0.000
    V166               0.595      0.026     22.702      0.000
    V167               0.827      0.021     39.650      0.000


R-SQUARE

Group FULL

    Observed                                        Two-Tailed     Scale
    Variable        Estimate       S.E.  Est./S.E.    P-Value     Factors

    V164               0.639      0.044     14.628      0.000      0.601
    V165               0.680      0.045     15.210      0.000      0.566
    V166               0.473      0.042     11.363      0.000      0.726
    V167               0.177      0.031      5.658      0.000      0.907

Group SHORT

    Observed                                        Two-Tailed     Scale
    Variable        Estimate       S.E.  Est./S.E.    P-Value     Factors

    V164               0.615      0.030     20.367      0.000      0.570
    V165               0.672      0.032     20.741      0.000      0.488
    V166               0.405      0.026     15.445      0.000      0.551
    V167               0.173      0.021      8.266      0.000      0.839


QUALITY OF NUMERICAL RESULTS

     Condition Number for the Information Matrix              0.171E-03
       (ratio of smallest to largest eigenvalue)


MODEL MODIFICATION INDICES

NOTE:  Modification indices for direct effects of observed dependent variables
regressed on covariates and residual covariances among observed dependent
variables may not be included.  To include these, request MODINDICES (ALL).

Minimum M.I. value for printing the modification index    10.000

                                   M.I.     E.P.C.  Std E.P.C.  StdYX E.P.C.
Group FULL


WITH Statements

V165     WITH V164                88.844     2.409      2.409        2.409
V166     WITH V164                28.960    -0.949     -0.949       -0.949
V166     WITH V165                22.484    -0.937     -0.937       -0.937
V167     WITH V164                22.521    -0.419     -0.419       -0.419
V167     WITH V165                28.896    -0.508     -0.508       -0.508
V167     WITH V166                89.060     0.547      0.547        0.547

Means/Intercepts/Thresholds

[ V164$2   ]                      11.687     0.167      0.167        0.100

Group SHORT


WITH Statements

V165     WITH V164               521.284     7.453      7.453        5.830
V166     WITH V164               103.695    -2.374     -2.374       -1.558
V166     WITH V165               191.485    -4.032     -4.032       -2.454
V167     WITH V164               191.832    -1.417     -1.417       -1.201
V167     WITH V165               103.599    -1.241     -1.241       -0.976
V167     WITH V166               520.490     1.840      1.840        1.213

Means/Intercepts/Thresholds

[ V164$2   ]                      11.676    -0.427     -0.427       -0.243



SAVEDATA INFORMATION


  Difference testing

  Save file
    v164_config.dat
  Save format      Free

DIAGRAM INFORMATION

  Use View Diagram under the Diagram menu in the Mplus Editor to view the diagram.
  If running Mplus from the Mplus Diagrammer, the diagram opens automatically.

  Diagram output
    c:\users\msassac6\dropbox (the university of manchester)\papers\joe s\evs_mm_de_equivalence\mplus\eq\inv_data3_v164_

     Beginning Time:  13:57:39
        Ending Time:  13:57:40
       Elapsed Time:  00:00:01



MUTHEN & MUTHEN
3463 Stoner Ave.
Los Angeles, CA  90066

Tel: (310) 391-9971
Fax: (310) 391-8971
Web: www.StatModel.com
Support: Support@StatModel.com

Copyright (c) 1998-2017 Muthen & Muthen
