Mplus VERSION 8
MUTHEN & MUTHEN
07/13/2020   8:27 AM

INPUT INSTRUCTIONS

  TITLE: Your title goes here

   DATA: FILE = eq/data.dta;

   VARIABLE:

   NAMES = id_cocas weight comp_mode comp_len mode mm_matrix_group wei_mmf v2 v3 v4 v32
       v33 v34 v35 v36 v37 v46 v47 v48 v49 v50 v65 v66 v67 v68 v69 v70 v82 v83 v84 v98
       v99 v100 v101 v103 v104 v105 v106 v107 v115 v116 v117 v118 v119 v120 v121 v122
       v123 v124 v125 v126 v127 v128 v129 v130 v131 v132 v133 v134 v135 v136 v137 v138
       v139 v140 v141 v145 v146 v147 v148 v149 v150 v151 v152 v153 v154 v155 v156 v157
       v158 v159 v160 v161 v162 v163 v164 v165 v166 v167 v176 v177 v178 v179 v180 v181
       v182 v183 v185 v186 v187 v188 v189 v191 v192 v193 v194 v195 v196 v197 v199 v200
       v201 v202 v203 v205 v206 v207 v208 v209 v210 v211 v212 v213 v214 v215 v216 v217
       v218 v220 v221 v222 v223 v224 v267 v268 v269 v271 v272 v273;

   MISSING=.;

   USEVARIABLES ARE
   v267
   v268
   v269
   v271
   v272
   v273;

   CATEGORICAL ARE
   v267
   v268
   v269
   v271
   v272
   v273;

   GROUPING IS comp_len (0=full 1=short);

  WEIGHT IS weight;

   Analysis:

                  ESTIMATOR = WLSMV;

                  ITERATIONS = 100000;

                  PARAMETERIZATION = THETA;

  Model:


  f1 BY v267@1
  v268 (L2)
  v269 (L3)
  v271 (L4)
  v272 (L5)
  v273 (L6)
  ;


   [f1@0];
  [v267$1] (t_v267_1);
  [v267$2] (t_v267_2);
  [v267$3] (t_v267_3);

  [v268$1] (t_v268_1);
  [v268$2] (t_v268_2_full);
  [v268$3] (t_v268_3_full);

  [v269$1] (t_v269_1);
  [v269$2] (t_v269_2_full);
  [v269$3] (t_v269_3_full);

  [v271$1] (t_v271_1);
  [v271$2] (t_v271_2_full);
  [v271$3] (t_v271_3_full);

  [v272$1] (t_v272_1);
  [v272$2] (t_v272_2_full);
  [v272$3] (t_v272_3_full);

  [v273$1] (t_v273_1);
  [v273$2] (t_v273_2_full);
  [v273$3] (t_v273_3_full);


  Model short:

  f1 BY v267@1
  v268 (L2)
  v269 (L3)
  v271 (L4)
  v272 (L5)
  v273 (L6)
  ;


   [f1@0];
  [v267$1] (t_v267_1);
  [v267$2] (t_v267_2);
  [v267$3] (t_v267_3);

  [v268$1] (t_v268_1);
  [v268$2] (t_v268_2_short);
  [v268$3] (t_v268_3_short);

  [v269$1] (t_v269_1);
  [v269$2] (t_v269_2_short);
  [v269$3] (t_v269_3_short);

  [v271$1] (t_v271_1);
  [v271$2] (t_v271_2_short);
  [v271$3] (t_v271_3_short);

  [v272$1] (t_v272_1);
  [v272$2] (t_v272_2_short);
  [v272$3] (t_v272_3_short);

  [v273$1] (t_v273_1);
  [v273$2] (t_v273_2_short);
  [v273$3] (t_v273_3_short);


   SAVEDATA: DIFFTEST IS v267_metric.dat;

   OUTPUT: SAMPSTAT;

                                  MODINDICES;

                                  STDYX;




*** WARNING
  Data set contains unknown or missing values for GROUPING,
  PATTERN, COHORT, CLUSTER and/or STRATIFICATION variables.
  Number of cases with unknown or missing values:  1494
*** WARNING
  Data set contains cases with missing on all variables.
  These cases were not included in the analysis.
  Number of cases with missing on all variables:  1709
   2 WARNING(S) FOUND IN THE INPUT INSTRUCTIONS



Your title goes here

SUMMARY OF ANALYSIS

Number of groups                                                 2
Number of observations
   Group FULL                                                  641
   Group SHORT                                                1572
   Total sample size                                          2213

Number of dependent variables                                    6
Number of independent variables                                  0
Number of continuous latent variables                            1

Observed dependent variables

  Binary and ordered categorical (ordinal)
   V267        V268        V269        V271        V272        V273

Continuous latent variables
   F1

Variables with special functions

  Grouping variable     COMP_LEN
  Weight variable       WEIGHT

Estimator                                                    WLSMV
Maximum number of iterations                                100000
Convergence criterion                                    0.500D-04
Maximum number of steepest descent iterations                   20
Maximum number of iterations for H1                           2000
Convergence criterion for H1                             0.100D-03
Parameterization                                             THETA
Link                                                        PROBIT

Input data file(s)
  eq/data.dta

Input data format  FREE


SUMMARY OF DATA

   Group FULL
     Number of missing data patterns            35

   Group SHORT
     Number of missing data patterns            49


COVARIANCE COVERAGE OF DATA

Minimum covariance coverage value   0.100


     PROPORTION OF DATA PRESENT FOR FULL


           Covariance Coverage
              V267          V268          V269          V271          V272
              ________      ________      ________      ________      ________
 V267           0.945
 V268           0.925         0.966
 V269           0.913         0.928         0.947
 V271           0.860         0.861         0.847         0.885
 V272           0.883         0.906         0.885         0.864         0.924
 V273           0.867         0.881         0.869         0.863         0.886


           Covariance Coverage
              V273
              ________
 V273           0.910


     PROPORTION OF DATA PRESENT FOR SHORT


           Covariance Coverage
              V267          V268          V269          V271          V272
              ________      ________      ________      ________      ________
 V267           0.938
 V268           0.923         0.961
 V269           0.906         0.924         0.942
 V271           0.860         0.868         0.853         0.885
 V272           0.889         0.913         0.891         0.871         0.930
 V273           0.871         0.888         0.881         0.866         0.892


           Covariance Coverage
              V273
              ________
 V273           0.919


UNIVARIATE PROPORTIONS AND COUNTS FOR CATEGORICAL VARIABLES

  Group FULL
    V267
      Category 1    0.302          183.192
      Category 2    0.293          178.098
      Category 3    0.208          126.221
      Category 4    0.197          119.595
    V268
      Category 1    0.069           42.760
      Category 2    0.146           90.398
      Category 3    0.289          179.393
      Category 4    0.497          308.720
    V269
      Category 1    0.335          203.536
      Category 2    0.353          213.938
      Category 3    0.233          141.326
      Category 4    0.079           47.998
    V271
      Category 1    0.183          102.503
      Category 2    0.212          118.964
      Category 3    0.247          138.601
      Category 4    0.357          200.015
    V272
      Category 1    0.149           87.493
      Category 2    0.173          100.990
      Category 3    0.264          154.248
      Category 4    0.415          242.645
    V273
      Category 1    0.535          307.618
      Category 2    0.291          167.471
      Category 3    0.123           70.482
      Category 4    0.051           29.529

  Group SHORT
    V267
      Category 1    0.334          494.022
      Category 2    0.236          348.060
      Category 3    0.210          310.540
      Category 4    0.220          324.338
    V268
      Category 1    0.075          113.371
      Category 2    0.142          214.920
      Category 3    0.286          431.786
      Category 4    0.497          749.521
    V269
      Category 1    0.356          526.813
      Category 2    0.343          507.806
      Category 3    0.190          281.884
      Category 4    0.111          164.936
    V271
      Category 1    0.253          349.036
      Category 2    0.162          223.180
      Category 3    0.249          342.801
      Category 4    0.336          462.405
    V272
      Category 1    0.133          193.447
      Category 2    0.209          304.090
      Category 3    0.234          340.996
      Category 4    0.423          615.877
    V273
      Category 1    0.590          848.478
      Category 2    0.268          385.243
      Category 3    0.094          134.557
      Category 4    0.048           69.061


SAMPLE STATISTICS


     ESTIMATED SAMPLE STATISTICS FOR FULL


           MEANS/INTERCEPTS/THRESHOLDS
              V267$1        V267$2        V267$3        V268$1        V268$2
              ________      ________      ________      ________      ________
               -0.519         0.241         0.852        -1.485        -0.791


           MEANS/INTERCEPTS/THRESHOLDS
              V268$3        V269$1        V269$2        V269$3        V271$1
              ________      ________      ________      ________      ________
                0.008        -0.425         0.490         1.411        -0.904


           MEANS/INTERCEPTS/THRESHOLDS
              V271$2        V271$3        V272$1        V272$2        V272$3
              ________      ________      ________      ________      ________
               -0.265         0.366        -1.039        -0.462         0.216


           MEANS/INTERCEPTS/THRESHOLDS
              V273$1        V273$2        V273$3
              ________      ________      ________
                0.088         0.939         1.632


           CORRELATION MATRIX (WITH VARIANCES ON THE DIAGONAL)
              V267          V268          V269          V271          V272
              ________      ________      ________      ________      ________
 V267
 V268           0.458
 V269           0.401         0.590
 V271           0.396         0.292         0.126
 V272           0.261         0.659         0.277         0.451
 V273           0.199         0.330         0.479         0.412         0.598


           CORRELATION MATRIX (WITH VARIANCES ON THE DIAGONAL)
              V273
              ________


     ESTIMATED SAMPLE STATISTICS FOR SHORT


           MEANS/INTERCEPTS/THRESHOLDS
              V267$1        V267$2        V267$3        V268$1        V268$2
              ________      ________      ________      ________      ________
               -0.428         0.177         0.774        -1.439        -0.781


           MEANS/INTERCEPTS/THRESHOLDS
              V268$3        V269$1        V269$2        V269$3        V271$1
              ________      ________      ________      ________      ________
                0.009        -0.370         0.520         1.219        -0.664


           MEANS/INTERCEPTS/THRESHOLDS
              V271$2        V271$3        V272$1        V272$2        V272$3
              ________      ________      ________      ________      ________
               -0.214         0.424        -1.112        -0.407         0.193


           MEANS/INTERCEPTS/THRESHOLDS
              V273$1        V273$2        V273$3
              ________      ________      ________
                0.228         1.073         1.664


           CORRELATION MATRIX (WITH VARIANCES ON THE DIAGONAL)
              V267          V268          V269          V271          V272
              ________      ________      ________      ________      ________
 V267
 V268           0.475
 V269           0.424         0.597
 V271           0.317         0.226         0.164
 V272           0.224         0.651         0.336         0.445
 V273           0.163         0.291         0.510         0.383         0.591


           CORRELATION MATRIX (WITH VARIANCES ON THE DIAGONAL)
              V273
              ________


THE MODEL ESTIMATION TERMINATED NORMALLY



MODEL FIT INFORMATION

Number of Free Parameters                       41

Chi-Square Test of Model Fit

          Value                            317.296*
          Degrees of Freedom                    25
          P-Value                           0.0000

Chi-Square Contribution From Each Group

          FULL                              99.625
          SHORT                            217.671

*   The chi-square value for MLM, MLMV, MLR, ULSMV, WLSM and WLSMV cannot be used
    for chi-square difference testing in the regular way.  MLM, MLR and WLSM
    chi-square difference testing is described on the Mplus website.  MLMV, WLSMV,
    and ULSMV difference testing is done using the DIFFTEST option.

RMSEA (Root Mean Square Error Of Approximation)

          Estimate                           0.103
          90 Percent C.I.                    0.093  0.113
          Probability RMSEA <= .05           0.000

CFI/TLI

          CFI                                0.921
          TLI                                0.905

Chi-Square Test of Model Fit for the Baseline Model

          Value                           3737.447
          Degrees of Freedom                    30
          P-Value                           0.0000

WRMR (Weighted Root Mean Square Residual)

          Value                              3.026



MODEL RESULTS

                                                    Two-Tailed
                    Estimate       S.E.  Est./S.E.    P-Value

Group FULL

 F1       BY
    V267               1.000      0.000    999.000    999.000
    V268               2.243      0.256      8.778      0.000
    V269               1.304      0.152      8.601      0.000
    V271               1.018      0.123      8.295      0.000
    V272               1.809      0.194      9.341      0.000
    V273               1.316      0.161      8.176      0.000

 Means
    F1                 0.000      0.000    999.000    999.000

 Thresholds
    V267$1            -0.578      0.048    -11.952      0.000
    V267$2             0.249      0.041      6.131      0.000
    V267$3             1.011      0.062     16.413      0.000
    V268$1            -2.575      0.216    -11.943      0.000
    V268$2            -1.361      0.143     -9.530      0.000
    V268$3             0.013      0.097      0.136      0.892
    V269$1            -0.492      0.060     -8.271      0.000
    V269$2             0.632      0.075      8.414      0.000
    V269$3             1.820      0.110     16.528      0.000
    V271$1            -1.007      0.086    -11.723      0.000
    V271$2            -0.314      0.072     -4.335      0.000
    V271$3             0.434      0.073      5.942      0.000
    V272$1            -1.654      0.125    -13.233      0.000
    V272$2            -0.697      0.097     -7.196      0.000
    V272$3             0.326      0.087      3.736      0.000
    V273$1             0.244      0.046      5.276      0.000
    V273$2             1.214      0.099     12.298      0.000
    V273$3             2.111      0.135     15.586      0.000

 Variances
    F1                 0.389      0.068      5.753      0.000

 Residual Variances
    V267               1.000      0.000    999.000    999.000
    V268               1.000      0.000    999.000    999.000
    V269               1.000      0.000    999.000    999.000
    V271               1.000      0.000    999.000    999.000
    V272               1.000      0.000    999.000    999.000
    V273               1.000      0.000    999.000    999.000

Group SHORT

 F1       BY
    V267               1.000      0.000    999.000    999.000
    V268               2.243      0.256      8.778      0.000
    V269               1.304      0.152      8.601      0.000
    V271               1.018      0.123      8.295      0.000
    V272               1.809      0.194      9.341      0.000
    V273               1.316      0.161      8.176      0.000

 Means
    F1                 0.000      0.000    999.000    999.000

 Thresholds
    V267$1            -0.578      0.048    -11.952      0.000
    V267$2             0.249      0.041      6.131      0.000
    V267$3             1.011      0.062     16.413      0.000
    V268$1            -2.575      0.216    -11.943      0.000
    V268$2            -1.401      0.134    -10.459      0.000
    V268$3             0.016      0.066      0.240      0.810
    V269$1            -0.492      0.060     -8.271      0.000
    V269$2             0.662      0.093      7.112      0.000
    V269$3             1.552      0.188      8.277      0.000
    V271$1            -1.007      0.086    -11.723      0.000
    V271$2            -0.313      0.056     -5.565      0.000
    V271$3             0.621      0.093      6.705      0.000
    V272$1            -1.654      0.125    -13.233      0.000
    V272$2            -0.617      0.068     -9.091      0.000
    V272$3             0.293      0.065      4.486      0.000
    V273$1             0.244      0.046      5.276      0.000
    V273$2             1.408      0.171      8.237      0.000
    V273$3             2.185      0.265      8.236      0.000

 Variances
    F1                 0.419      0.062      6.711      0.000

 Residual Variances
    V267               1.301      0.169      7.721      0.000
    V268               1.111      0.214      5.182      0.000
    V269               0.907      0.212      4.272      0.000
    V271               1.708      0.359      4.757      0.000
    V272               0.929      0.170      5.468      0.000
    V273               0.997      0.251      3.973      0.000


STANDARDIZED MODEL RESULTS


STDYX Standardization

                                                    Two-Tailed
                    Estimate       S.E.  Est./S.E.    P-Value

Group FULL

 F1       BY
    V267               0.529      0.033     15.981      0.000
    V268               0.814      0.027     30.482      0.000
    V269               0.631      0.036     17.615      0.000
    V271               0.536      0.041     12.973      0.000
    V272               0.748      0.028     26.639      0.000
    V273               0.634      0.037     17.317      0.000

 Means
    F1                 0.000      0.000    999.000    999.000

 Thresholds
    V267$1            -0.490      0.039    -12.632      0.000
    V267$2             0.212      0.034      6.197      0.000
    V267$3             0.858      0.048     18.004      0.000
    V268$1            -1.497      0.082    -18.351      0.000
    V268$2            -0.791      0.065    -12.200      0.000
    V268$3             0.008      0.057      0.136      0.892
    V269$1            -0.382      0.040     -9.520      0.000
    V269$2             0.490      0.059      8.278      0.000
    V269$3             1.412      0.082     17.197      0.000
    V271$1            -0.850      0.061    -14.048      0.000
    V271$2            -0.265      0.060     -4.426      0.000
    V271$3             0.366      0.062      5.906      0.000
    V272$1            -1.097      0.064    -17.280      0.000
    V272$2            -0.463      0.060     -7.721      0.000
    V272$3             0.216      0.059      3.662      0.000
    V273$1             0.188      0.034      5.618      0.000
    V273$2             0.939      0.071     13.284      0.000
    V273$3             1.632      0.097     16.748      0.000

 Variances
    F1                 1.000      0.000    999.000    999.000

 Residual Variances
    V267               0.720      0.035     20.544      0.000
    V268               0.338      0.043      7.787      0.000
    V269               0.602      0.045     13.312      0.000
    V271               0.713      0.044     16.104      0.000
    V272               0.440      0.042     10.462      0.000
    V273               0.597      0.046     12.853      0.000

Group SHORT

 F1       BY
    V267               0.494      0.025     19.765      0.000
    V268               0.809      0.018     45.291      0.000
    V269               0.664      0.022     30.056      0.000
    V271               0.450      0.028     16.301      0.000
    V272               0.772      0.019     40.399      0.000
    V273               0.649      0.028     23.051      0.000

 Means
    F1                 0.000      0.000    999.000    999.000

 Thresholds
    V267$1            -0.441      0.031    -13.995      0.000
    V267$2             0.190      0.031      6.216      0.000
    V267$3             0.771      0.037     20.668      0.000
    V268$1            -1.435      0.051    -27.974      0.000
    V268$2            -0.781      0.040    -19.382      0.000
    V268$3             0.009      0.036      0.240      0.810
    V269$1            -0.387      0.033    -11.798      0.000
    V269$2             0.520      0.039     13.287      0.000
    V269$3             1.220      0.052     23.318      0.000
    V271$1            -0.688      0.039    -17.565      0.000
    V271$2            -0.214      0.038     -5.625      0.000
    V271$3             0.424      0.039     10.871      0.000
    V272$1            -1.090      0.043    -25.075      0.000
    V272$2            -0.407      0.038    -10.794      0.000
    V272$3             0.193      0.037      5.154      0.000
    V273$1             0.186      0.032      5.779      0.000
    V273$2             1.073      0.047     23.029      0.000
    V273$3             1.664      0.066     25.340      0.000

 Variances
    F1                 1.000      0.000    999.000    999.000

 Residual Variances
    V267               0.756      0.025     30.670      0.000
    V268               0.345      0.029     11.918      0.000
    V269               0.560      0.029     19.108      0.000
    V271               0.797      0.025     32.055      0.000
    V272               0.404      0.030     13.677      0.000
    V273               0.579      0.037     15.819      0.000


R-SQUARE

Group FULL

    Observed                                        Two-Tailed     Scale
    Variable        Estimate       S.E.  Est./S.E.    P-Value     Factors

    V267               0.280      0.035      7.991      0.000      0.849
    V268               0.662      0.043     15.241      0.000      0.582
    V269               0.398      0.045      8.808      0.000      0.776
    V271               0.287      0.044      6.487      0.000      0.844
    V272               0.560      0.042     13.319      0.000      0.663
    V273               0.403      0.046      8.658      0.000      0.773

Group SHORT

    Observed                                        Two-Tailed     Scale
    Variable        Estimate       S.E.  Est./S.E.    P-Value     Factors

    V267               0.244      0.025      9.882      0.000      0.762
    V268               0.655      0.029     22.645      0.000      0.557
    V269               0.440      0.029     15.028      0.000      0.786
    V271               0.203      0.025      8.151      0.000      0.683
    V272               0.596      0.030     20.199      0.000      0.659
    V273               0.421      0.037     11.526      0.000      0.762


QUALITY OF NUMERICAL RESULTS

     Condition Number for the Information Matrix              0.715E-03
       (ratio of smallest to largest eigenvalue)


MODEL MODIFICATION INDICES

NOTE:  Modification indices for direct effects of observed dependent variables
regressed on covariates and residual covariances among observed dependent
variables may not be included.  To include these, request MODINDICES (ALL).

Minimum M.I. value for printing the modification index    10.000

                                   M.I.     E.P.C.  Std E.P.C.  StdYX E.P.C.
Group FULL


WITH Statements

V271     WITH V269                19.211    -0.414     -0.414       -0.414
V272     WITH V267                10.221    -0.336     -0.336       -0.336
V272     WITH V269                22.480    -0.585     -0.585       -0.585
V273     WITH V268                22.146    -0.705     -0.705       -0.705
V273     WITH V272                14.969     0.442      0.442        0.442

Group SHORT


WITH Statements

V268     WITH V267                27.417     0.699      0.699        0.581
V269     WITH V267                34.699     0.507      0.507        0.467
V269     WITH V268                29.248     0.733      0.733        0.730
V271     WITH V267                20.553     0.438      0.438        0.294
V271     WITH V268                51.194    -1.221     -1.221       -0.886
V271     WITH V269                45.001    -0.762     -0.762       -0.612
V272     WITH V267                65.378    -0.949     -0.949       -0.863
V272     WITH V268                17.053     0.687      0.687        0.677
V272     WITH V269               143.429    -1.521     -1.521       -1.656
V272     WITH V271                39.659     0.793      0.793        0.630
V273     WITH V267                48.102    -0.711     -0.711       -0.624
V273     WITH V268               136.422    -1.872     -1.872       -1.779
V273     WITH V269                33.478     0.542      0.542        0.570
V273     WITH V271                23.477     0.541      0.541        0.414
V273     WITH V272                40.730     0.766      0.766        0.796



SAVEDATA INFORMATION


  Difference testing

  Save file
    v267_metric.dat
  Save format      Free

DIAGRAM INFORMATION

  Use View Diagram under the Diagram menu in the Mplus Editor to view the diagram.
  If running Mplus from the Mplus Diagrammer, the diagram opens automatically.

  Diagram output
    c:\users\msassac6\dropbox (the university of manchester)\papers\joe s\evs_mm_de_equivalence\mplus\eq\inv_data3_v267_

     Beginning Time:  08:27:50
        Ending Time:  08:27:50
       Elapsed Time:  00:00:00



MUTHEN & MUTHEN
3463 Stoner Ave.
Los Angeles, CA  90066

Tel: (310) 391-9971
Fax: (310) 391-8971
Web: www.StatModel.com
Support: Support@StatModel.com

Copyright (c) 1998-2017 Muthen & Muthen
