Mplus VERSION 8
MUTHEN & MUTHEN
07/06/2020   1:51 PM

INPUT INSTRUCTIONS

  TITLE: Your title goes here

   DATA: FILE = eq/data.dta;

   VARIABLE:

   NAMES = id_cocas weight comp_mode comp_len mode mm_matrix_group wei_mmf v2 v3 v4 v32
       v33 v34 v35 v36 v37 v46 v47 v48 v49 v50 v65 v66 v67 v68 v69 v70 v82 v83 v84 v98
       v99 v100 v101 v103 v104 v105 v106 v107 v115 v116 v117 v118 v119 v120 v121 v122
       v123 v124 v125 v126 v127 v128 v129 v130 v131 v132 v133 v134 v135 v136 v137 v138
       v139 v140 v141 v145 v146 v147 v148 v149 v150 v151 v152 v153 v154 v155 v156 v157
       v158 v159 v160 v161 v162 v163 v164 v165 v166 v167 v176 v177 v178 v179 v180 v181
       v182 v183 v185 v186 v187 v188 v189 v191 v192 v193 v194 v195 v196 v197 v199 v200
       v201 v202 v203 v205 v206 v207 v208 v209 v210 v211 v212 v213 v214 v215 v216 v217
       v218 v220 v221 v222 v223 v224 v267 v268 v269 v271 v272 v273;

   MISSING=.;

   USEVARIABLES ARE
   v151
   v153
   v154
   v155
   v156
   v157
   v158
   v160
   v161
   v163;

   GROUPING IS comp_len (0=full 1=short);

  Model:


  f1 BY v151@1
  v153 (L2)
  v154 (L3)
  v155 (L4)
  v156 (L5)
  v157 (L6)
  v158 (L7)
  v160 (L8)
  v161 (L9)
  v163 (L10)
  ;

  [v151] (i1_full);
  [v153] (i2_full);
  [v154] (i3_full);
  [v155] (i4_full);
  [v156] (i5_full);
  [v157] (i6_full);
  [v158] (i7_full);
  [v160] (i8_full);
  [v161] (i9_full);
  [v163] (i10_full);

   [f1@0];

  Model short:

  f1 BY v151@1
  v153 (L2)
  v154 (L3)
  v155 (L4)
  v156 (L5)
  v157 (L6)
  v158 (L7)
  v160 (L8)
  v161 (L9)
  v163 (L10)
  ;

  [v151] (i1_short);
  [v153] (i2_short);
  [v154] (i3_short);
  [v155] (i4_short);
  [v156] (i5_short);
  [v157] (i6_short);
  [v158] (i7_short);
  [v160] (i8_short);
  [v161] (i9_short);
  [v163] (i10_short);

   [f1@0];

   SAVEDATA: DIFFTEST IS v151_metric.dat;

   OUTPUT: SAMPSTAT;

                                  MODINDICES;

                                  STDYX;




*** WARNING in SAVEDATA command
  The DIFFTEST option is available only for the estimators MLMV, WLSMV and ULSMV.
  Request for DIFFTEST will be ignored.
*** WARNING
  Data set contains unknown or missing values for GROUPING,
  PATTERN, COHORT, CLUSTER and/or STRATIFICATION variables.
  Number of cases with unknown or missing values:  1494
*** WARNING
  Data set contains cases with missing on all variables.
  These cases were not included in the analysis.
  Number of cases with missing on all variables:  591
   3 WARNING(S) FOUND IN THE INPUT INSTRUCTIONS



Your title goes here

SUMMARY OF ANALYSIS

Number of groups                                                 2
Number of observations
   Group FULL                                                  670
   Group SHORT                                                2661
   Total sample size                                          3331

Number of dependent variables                                   10
Number of independent variables                                  0
Number of continuous latent variables                            1

Observed dependent variables

  Continuous
   V151        V153        V154        V155        V156        V157
   V158        V160        V161        V163

Continuous latent variables
   F1

Variables with special functions

  Grouping variable     COMP_LEN

Estimator                                                       ML
Information matrix                                        OBSERVED
Maximum number of iterations                                  1000
Convergence criterion                                    0.500D-04
Maximum number of steepest descent iterations                   20
Maximum number of iterations for H1                           2000
Convergence criterion for H1                             0.100D-03

Input data file(s)
  eq/data.dta

Input data format  FREE


SUMMARY OF DATA

   Group FULL
     Number of missing data patterns            82

   Group SHORT
     Number of missing data patterns           159


COVARIANCE COVERAGE OF DATA

Minimum covariance coverage value   0.100


     PROPORTION OF DATA PRESENT FOR FULL


           Covariance Coverage
              V151          V153          V154          V155          V156
              ________      ________      ________      ________      ________
 V151           0.982
 V153           0.927         0.943
 V154           0.909         0.899         0.924
 V155           0.936         0.918         0.904         0.951
 V156           0.922         0.903         0.882         0.910         0.939
 V157           0.864         0.839         0.836         0.849         0.840
 V158           0.916         0.882         0.866         0.894         0.878
 V160           0.910         0.875         0.857         0.879         0.866
 V161           0.912         0.899         0.885         0.904         0.893
 V163           0.943         0.912         0.897         0.921         0.907


           Covariance Coverage
              V157          V158          V160          V161          V163
              ________      ________      ________      ________      ________
 V157           0.876
 V158           0.833         0.927
 V160           0.819         0.881         0.919
 V161           0.827         0.872         0.861         0.925
 V163           0.852         0.899         0.890         0.896         0.957


     PROPORTION OF DATA PRESENT FOR SHORT


           Covariance Coverage
              V151          V153          V154          V155          V156
              ________      ________      ________      ________      ________
 V151           0.601
 V153           0.570         0.576
 V154           0.566         0.553         0.575
 V155           0.573         0.559         0.562         0.582
 V156           0.188         0.181         0.184         0.182         0.558
 V157           0.536         0.520         0.517         0.523         0.171
 V158           0.562         0.543         0.541         0.545         0.176
 V160           0.557         0.540         0.540         0.544         0.177
 V161           0.560         0.548         0.546         0.553         0.177
 V163           0.190         0.183         0.183         0.182         0.539


           Covariance Coverage
              V157          V158          V160          V161          V163
              ________      ________      ________      ________      ________
 V157           0.541
 V158           0.513         0.567
 V160           0.512         0.537         0.564
 V161           0.514         0.536         0.536         0.567
 V163           0.170         0.178         0.178         0.177         0.571


SAMPLE STATISTICS


     ESTIMATED SAMPLE STATISTICS FOR FULL


           Means
              V151          V153          V154          V155          V156
              ________      ________      ________      ________      ________
                2.727         7.818         6.625         7.821         7.701


           Means
              V157          V158          V160          V161          V163
              ________      ________      ________      ________      ________
                4.108         4.329         4.285         7.354         2.894


           Covariances
              V151          V153          V154          V155          V156
              ________      ________      ________      ________      ________
 V151           6.740
 V153           2.208         9.161
 V154           1.629         4.696         8.595
 V155           1.432         5.018         5.424         7.068
 V156           1.465         3.451         4.385         3.237         7.534
 V157           2.815         3.072         3.895         3.345         3.215
 V158           3.984         3.486         3.582         3.598         2.611
 V160           2.433         2.067         3.041         2.693         2.506
 V161           1.494         3.708         3.055         2.875         2.598
 V163           0.228        -0.566         0.703         0.322         1.254


           Covariances
              V157          V158          V160          V161          V163
              ________      ________      ________      ________      ________
 V157          10.408
 V158           4.840        10.287
 V160           3.933         4.552         8.605
 V161           2.232         3.010         2.673         8.078
 V163           1.441         0.710         1.748         0.662         8.378


           Correlations
              V151          V153          V154          V155          V156
              ________      ________      ________      ________      ________
 V151           1.000
 V153           0.281         1.000
 V154           0.214         0.529         1.000
 V155           0.207         0.624         0.696         1.000
 V156           0.206         0.415         0.545         0.444         1.000
 V157           0.336         0.315         0.412         0.390         0.363
 V158           0.478         0.359         0.381         0.422         0.297
 V160           0.320         0.233         0.354         0.345         0.311
 V161           0.203         0.431         0.367         0.381         0.333
 V163           0.030        -0.065         0.083         0.042         0.158


           Correlations
              V157          V158          V160          V161          V163
              ________      ________      ________      ________      ________
 V157           1.000
 V158           0.468         1.000
 V160           0.416         0.484         1.000
 V161           0.243         0.330         0.321         1.000
 V163           0.154         0.076         0.206         0.080         1.000


     ESTIMATED SAMPLE STATISTICS FOR SHORT


           Means
              V151          V153          V154          V155          V156
              ________      ________      ________      ________      ________
                3.006         7.676         6.193         7.698         7.359


           Means
              V157          V158          V160          V161          V163
              ________      ________      ________      ________      ________
                4.096         4.250         4.048         7.201         2.857


           Covariances
              V151          V153          V154          V155          V156
              ________      ________      ________      ________      ________
 V151           7.307
 V153           2.525         9.440
 V154           2.440         4.274         9.025
 V155           1.868         4.176         4.983         7.136
 V156           1.633         3.713         4.901         3.763         8.027
 V157           2.799         3.460         4.184         3.268         3.136
 V158           4.159         3.609         4.090         3.355         2.477
 V160           2.634         2.411         3.264         2.617         2.815
 V161           1.446         3.687         2.885         3.293         2.902
 V163          -0.061        -0.572         0.177         0.784         1.589


           Covariances
              V157          V158          V160          V161          V163
              ________      ________      ________      ________      ________
 V157          10.292
 V158           4.029        10.094
 V160           3.533         4.754         8.370
 V161           2.043         2.642         2.033         8.376
 V163           1.096         0.778         1.009         0.654         7.612


           Correlations
              V151          V153          V154          V155          V156
              ________      ________      ________      ________      ________
 V151           1.000
 V153           0.304         1.000
 V154           0.300         0.463         1.000
 V155           0.259         0.509         0.621         1.000
 V156           0.213         0.426         0.576         0.497         1.000
 V157           0.323         0.351         0.434         0.381         0.345
 V158           0.484         0.370         0.429         0.395         0.275
 V160           0.337         0.271         0.376         0.339         0.343
 V161           0.185         0.415         0.332         0.426         0.354
 V163          -0.008        -0.068         0.021         0.106         0.203


           Correlations
              V157          V158          V160          V161          V163
              ________      ________      ________      ________      ________
 V157           1.000
 V158           0.395         1.000
 V160           0.381         0.517         1.000
 V161           0.220         0.287         0.243         1.000
 V163           0.124         0.089         0.126         0.082         1.000


     MAXIMUM LOG-LIKELIHOOD VALUE FOR THE UNRESTRICTED (H1) MODEL IS -50363.255


UNIVARIATE SAMPLE STATISTICS


     UNIVARIATE HIGHER-ORDER MOMENT DESCRIPTIVE STATISTICS FOR FULL

         Variable/         Mean/     Skewness/   Minimum/ % with                Percentiles
        Sample Size      Variance    Kurtosis    Maximum  Min/Max      20%/60%    40%/80%    Median

     V151                  2.719       1.401       1.000   59.12%       1.000      1.000      1.000
             658.000       6.728       0.811      10.000    3.19%       2.000      5.000
     V153                  7.886      -1.241       1.000    9.34%       5.000      9.000     10.000
             632.000       9.044       0.168      10.000   54.11%      10.000     10.000
     V154                  6.672      -0.513       1.000    9.85%       4.000      6.000      7.000
             619.000       8.640      -0.849      10.000   26.98%       8.000     10.000
     V155                  7.882      -1.070       1.000    4.55%       5.000      8.000      9.000
             637.000       6.955       0.098      10.000   47.57%      10.000     10.000
     V156                  7.754      -1.193       1.000    6.36%       5.000      8.000      9.000
             629.000       7.435       0.364      10.000   40.22%      10.000     10.000
     V157                  4.101       0.621       1.000   37.31%       1.000      2.000      3.000
             587.000      10.482      -1.034      10.000   12.27%       5.000      8.000
     V158                  4.359       0.471       1.000   33.17%       1.000      2.000      4.000
             621.000      10.372      -1.185      10.000   11.27%       5.000      8.000
     V160                  4.258       0.497       1.000   29.22%       1.000      3.000      4.000
             616.000       8.627      -0.912      10.000    7.95%       5.000      7.000
     V161                  7.416      -0.916       1.000    7.26%       5.000      8.000      8.000
             620.000       8.001      -0.279      10.000   36.61%       9.000     10.000
     V163                  2.897       1.370       1.000   58.97%       1.000      1.000      1.000
             641.000       8.379       0.517      10.000    7.33%       2.000      5.000


     UNIVARIATE HIGHER-ORDER MOMENT DESCRIPTIVE STATISTICS FOR SHORT

         Variable/         Mean/     Skewness/   Minimum/ % with                Percentiles
        Sample Size      Variance    Kurtosis    Maximum  Min/Max      20%/60%    40%/80%    Median

     V151                  3.013       1.136       1.000   51.88%       1.000      1.000      1.000
            1600.000       7.304       0.025      10.000    3.56%       2.000      5.000
     V153                  7.765      -1.111       1.000    8.81%       5.000      9.000     10.000
            1532.000       9.391      -0.187      10.000   53.79%      10.000     10.000
     V154                  6.284      -0.327       1.000   11.18%       3.000      5.000      6.000
            1529.000       9.012      -1.078      10.000   22.43%       8.000     10.000
     V155                  7.779      -1.001       1.000    4.33%       5.000      8.000      9.000
            1548.000       7.057      -0.062      10.000   44.64%      10.000     10.000
     V156                  7.387      -0.951       1.000    7.88%       5.000      8.000      8.000
            1485.000       8.074      -0.204      10.000   35.49%       9.000     10.000
     V157                  4.109       0.588       1.000   36.90%       1.000      2.000      3.000
            1439.000      10.320      -1.084      10.000   10.49%       5.000      8.000
     V158                  4.274       0.498       1.000   33.77%       1.000      2.000      4.000
            1510.000      10.163      -1.156      10.000   10.13%       5.000      8.000
     V160                  4.091       0.519       1.000   31.38%       1.000      3.000      4.000
            1501.000       8.356      -0.920      10.000    6.26%       5.000      7.000
     V161                  7.264      -0.822       1.000    7.88%       5.000      7.000      8.000
            1510.000       8.344      -0.477      10.000   35.50%       9.000     10.000
     V163                  2.850       1.325       1.000   58.62%       1.000      1.000      1.000
            1520.000       7.614       0.477      10.000    4.93%       2.000      5.000


THE MODEL ESTIMATION TERMINATED NORMALLY



MODEL FIT INFORMATION

Number of Free Parameters                       51

Loglikelihood

          H0 Value                      -50829.107
          H1 Value                      -50363.255

Information Criteria

          Akaike (AIC)                  101760.215
          Bayesian (BIC)                102071.877
          Sample-Size Adjusted BIC      101909.827
            (n* = (n + 2) / 24)

Chi-Square Test of Model Fit

          Value                            931.705
          Degrees of Freedom                    79
          P-Value                           0.0000

Chi-Square Contribution From Each Group

          FULL                             380.349
          SHORT                            551.356

RMSEA (Root Mean Square Error Of Approximation)

          Estimate                           0.081
          90 Percent C.I.                    0.076  0.085
          Probability RMSEA <= .05           0.000

CFI/TLI

          CFI                                0.851
          TLI                                0.831

Chi-Square Test of Model Fit for the Baseline Model

          Value                           5826.591
          Degrees of Freedom                    90
          P-Value                           0.0000

SRMR (Standardized Root Mean Square Residual)

          Value                              0.064



MODEL RESULTS

                                                    Two-Tailed
                    Estimate       S.E.  Est./S.E.    P-Value

Group FULL

 F1       BY
    V151               1.000      0.000    999.000    999.000
    V153               1.673      0.092     18.115      0.000
    V154               1.899      0.100     18.908      0.000
    V155               1.680      0.090     18.667      0.000
    V156               1.500      0.091     16.517      0.000
    V157               1.539      0.089     17.302      0.000
    V158               1.646      0.089     18.515      0.000
    V160               1.321      0.078     16.991      0.000
    V161               1.215      0.077     15.834      0.000
    V163               0.413      0.064      6.409      0.000

 Means
    F1                 0.000      0.000    999.000    999.000

 Intercepts
    V151               2.726      0.104     26.332      0.000
    V153               7.812      0.118     66.437      0.000
    V154               6.611      0.115     57.496      0.000
    V155               7.817      0.102     76.470      0.000
    V156               7.704      0.111     69.495      0.000
    V157               4.141      0.131     31.693      0.000
    V158               4.362      0.128     33.988      0.000
    V160               4.293      0.118     36.453      0.000
    V161               7.356      0.113     65.192      0.000
    V163               2.890      0.115     25.093      0.000

 Variances
    F1                 1.420      0.159      8.916      0.000

 Residual Variances
    V151               5.653      0.325     17.406      0.000
    V153               4.928      0.318     15.496      0.000
    V154               3.352      0.250     13.412      0.000
    V155               2.787      0.205     13.608      0.000
    V156               4.683      0.295     15.887      0.000
    V157               6.996      0.441     15.850      0.000
    V158               6.606      0.415     15.922      0.000
    V160               6.229      0.380     16.398      0.000
    V161               5.914      0.355     16.659      0.000
    V163               8.266      0.464     17.822      0.000

Group SHORT

 F1       BY
    V151               1.000      0.000    999.000    999.000
    V153               1.673      0.092     18.115      0.000
    V154               1.899      0.100     18.908      0.000
    V155               1.680      0.090     18.667      0.000
    V156               1.500      0.091     16.517      0.000
    V157               1.539      0.089     17.302      0.000
    V158               1.646      0.089     18.515      0.000
    V160               1.321      0.078     16.991      0.000
    V161               1.215      0.077     15.834      0.000
    V163               0.413      0.064      6.409      0.000

 Means
    F1                 0.000      0.000    999.000    999.000

 Intercepts
    V151               2.988      0.066     45.099      0.000
    V153               7.657      0.077     99.430      0.000
    V154               6.178      0.074     83.135      0.000
    V155               7.688      0.066    116.240      0.000
    V156               7.366      0.069    106.436      0.000
    V157               4.097      0.082     49.819      0.000
    V158               4.252      0.079     53.534      0.000
    V160               4.050      0.073     55.500      0.000
    V161               7.198      0.073     98.218      0.000
    V163               2.846      0.070     40.505      0.000

 Variances
    F1                 1.452      0.147      9.902      0.000

 Residual Variances
    V151               5.735      0.215     26.693      0.000
    V153               5.573      0.232     24.032      0.000
    V154               3.932      0.188     20.943      0.000
    V155               3.205      0.151     21.184      0.000
    V156               4.607      0.280     16.474      0.000
    V157               6.920      0.284     24.377      0.000
    V158               6.183      0.260     23.821      0.000
    V160               5.848      0.234     24.980      0.000
    V161               6.276      0.244     25.743      0.000
    V163               7.315      0.272     26.874      0.000


STANDARDIZED MODEL RESULTS


STDYX Standardization

                                                    Two-Tailed
                    Estimate       S.E.  Est./S.E.    P-Value

Group FULL

 F1       BY
    V151               0.448      0.023     19.740      0.000
    V153               0.668      0.021     32.286      0.000
    V154               0.777      0.017     44.829      0.000
    V155               0.768      0.018     42.544      0.000
    V156               0.637      0.022     28.931      0.000
    V157               0.570      0.022     25.407      0.000
    V158               0.607      0.021     28.300      0.000
    V160               0.533      0.023     23.669      0.000
    V161               0.512      0.023     22.020      0.000
    V163               0.169      0.025      6.701      0.000

 Means
    F1                 0.000      0.000    999.000    999.000

 Intercepts
    V151               1.025      0.047     21.896      0.000
    V153               2.618      0.075     34.825      0.000
    V154               2.271      0.070     32.567      0.000
    V155               2.999      0.084     35.556      0.000
    V156               2.745      0.081     33.729      0.000
    V157               1.287      0.052     24.808      0.000
    V158               1.349      0.052     26.063      0.000
    V160               1.455      0.054     26.951      0.000
    V161               2.599      0.077     33.809      0.000
    V163               0.991      0.048     20.597      0.000

 Variances
    F1                 1.000      0.000    999.000    999.000

 Residual Variances
    V151               0.799      0.020     39.290      0.000
    V153               0.554      0.028     20.018      0.000
    V154               0.396      0.027     14.675      0.000
    V155               0.410      0.028     14.792      0.000
    V156               0.594      0.028     21.193      0.000
    V157               0.675      0.026     26.434      0.000
    V158               0.632      0.026     24.296      0.000
    V160               0.716      0.024     29.769      0.000
    V161               0.738      0.024     31.066      0.000
    V163               0.972      0.009    114.243      0.000

Group SHORT

 F1       BY
    V151               0.449      0.020     22.230      0.000
    V153               0.649      0.016     41.082      0.000
    V154               0.756      0.013     57.526      0.000
    V155               0.749      0.013     56.241      0.000
    V156               0.644      0.023     27.632      0.000
    V157               0.576      0.018     31.871      0.000
    V158               0.624      0.017     36.545      0.000
    V160               0.550      0.019     29.181      0.000
    V161               0.504      0.019     26.256      0.000
    V163               0.181      0.027      6.726      0.000

 Means
    F1                 0.000      0.000    999.000    999.000

 Intercepts
    V151               1.115      0.031     35.759      0.000
    V153               2.467      0.050     49.571      0.000
    V154               2.041      0.043     47.111      0.000
    V155               2.845      0.055     51.410      0.000
    V156               2.625      0.051     51.499      0.000
    V157               1.273      0.034     37.307      0.000
    V158               1.337      0.034     39.221      0.000
    V160               1.399      0.035     39.652      0.000
    V161               2.481      0.051     49.084      0.000
    V163               1.035      0.032     32.740      0.000

 Variances
    F1                 1.000      0.000    999.000    999.000

 Residual Variances
    V151               0.798      0.018     43.914      0.000
    V153               0.578      0.021     28.177      0.000
    V154               0.429      0.020     21.609      0.000
    V155               0.439      0.020     21.999      0.000
    V156               0.585      0.030     19.481      0.000
    V157               0.668      0.021     32.089      0.000
    V158               0.611      0.021     28.726      0.000
    V160               0.698      0.021     33.706      0.000
    V161               0.745      0.019     38.453      0.000
    V163               0.967      0.010     99.273      0.000


R-SQUARE

Group FULL

    Observed                                        Two-Tailed
    Variable        Estimate       S.E.  Est./S.E.    P-Value

    V151               0.201      0.020      9.870      0.000
    V153               0.446      0.028     16.143      0.000
    V154               0.604      0.027     22.415      0.000
    V155               0.590      0.028     21.272      0.000
    V156               0.406      0.028     14.465      0.000
    V157               0.325      0.026     12.703      0.000
    V158               0.368      0.026     14.150      0.000
    V160               0.284      0.024     11.835      0.000
    V161               0.262      0.024     11.010      0.000
    V163               0.028      0.009      3.350      0.001

Group SHORT

    Observed                                        Two-Tailed
    Variable        Estimate       S.E.  Est./S.E.    P-Value

    V151               0.202      0.018     11.115      0.000
    V153               0.422      0.021     20.541      0.000
    V154               0.571      0.020     28.763      0.000
    V155               0.561      0.020     28.121      0.000
    V156               0.415      0.030     13.816      0.000
    V157               0.332      0.021     15.936      0.000
    V158               0.389      0.021     18.272      0.000
    V160               0.302      0.021     14.591      0.000
    V161               0.255      0.019     13.128      0.000
    V163               0.033      0.010      3.363      0.001


QUALITY OF NUMERICAL RESULTS

     Condition Number for the Information Matrix              0.189E-02
       (ratio of smallest to largest eigenvalue)


MODEL MODIFICATION INDICES

NOTE:  Modification indices for direct effects of observed dependent variables
regressed on covariates may not be included.  To include these, request
MODINDICES (ALL).

Minimum M.I. value for printing the modification index    10.000

                                   M.I.     E.P.C.  Std E.P.C.  StdYX E.P.C.
Group FULL


WITH Statements

V154     WITH V151                25.438    -1.043     -1.043       -0.240
V155     WITH V151                29.379    -1.000     -1.000       -0.252
V155     WITH V153                37.896     1.164      1.164        0.314
V155     WITH V154                56.759     1.333      1.333        0.436
V156     WITH V154                14.896     0.788      0.788        0.199
V157     WITH V151                10.652     0.905      0.905        0.144
V158     WITH V151                76.113     2.308      2.308        0.378
V158     WITH V154                24.664    -1.191     -1.191       -0.253
V158     WITH V156                11.014    -0.852     -0.852       -0.153
V158     WITH V157                24.091     1.546      1.546        0.227
V160     WITH V151                12.263     0.888      0.888        0.150
V160     WITH V153                29.582    -1.381     -1.381       -0.249
V160     WITH V157                15.268     1.183      1.183        0.179
V160     WITH V158                39.841     1.814      1.814        0.283
V163     WITH V153                29.085    -1.487     -1.487       -0.233
V163     WITH V160                17.991     1.289      1.289        0.180

Group SHORT


WITH Statements

V154     WITH V151                14.401    -0.553     -0.553       -0.117
V155     WITH V151                41.920    -0.843     -0.843       -0.197
V155     WITH V154                61.563     1.063      1.063        0.299
V156     WITH V151                11.131    -0.831     -0.831       -0.162
V156     WITH V154                20.070     1.048      1.048        0.246
V157     WITH V155                11.903    -0.537     -0.537       -0.114
V158     WITH V151               143.534     2.023      2.023        0.340
V158     WITH V154                14.597    -0.635     -0.635       -0.129
V158     WITH V155                36.786    -0.900     -0.900       -0.202
V158     WITH V156                28.949    -1.492     -1.492       -0.280
V160     WITH V151                21.651     0.749      0.749        0.129
V160     WITH V153                26.314    -0.876     -0.876       -0.153
V160     WITH V155                27.933    -0.735     -0.735       -0.170
V160     WITH V157                15.552     0.747      0.747        0.117
V160     WITH V158               123.224     1.980      1.980        0.329
V161     WITH V153                32.324     0.986      0.986        0.167
V161     WITH V154                11.608    -0.537     -0.537       -0.108
V161     WITH V155                17.151     0.582      0.582        0.130
V161     WITH V157                13.572    -0.714     -0.714       -0.108
V163     WITH V153                22.286    -1.454     -1.454       -0.228
V163     WITH V156                26.861     1.090      1.090        0.188



DIAGRAM INFORMATION

  Use View Diagram under the Diagram menu in the Mplus Editor to view the diagram.
  If running Mplus from the Mplus Diagrammer, the diagram opens automatically.

  Diagram output
    c:\users\msassac6\dropbox (the university of manchester)\papers\joe s\evs_mm_de_equivalence\mplus\eq\inv_data3_v151_

     Beginning Time:  13:51:43
        Ending Time:  13:51:44
       Elapsed Time:  00:00:01



MUTHEN & MUTHEN
3463 Stoner Ave.
Los Angeles, CA  90066

Tel: (310) 391-9971
Fax: (310) 391-8971
Web: www.StatModel.com
Support: Support@StatModel.com

Copyright (c) 1998-2017 Muthen & Muthen
