Mplus VERSION 8
MUTHEN & MUTHEN
07/06/2020   2:39 PM

INPUT INSTRUCTIONS

  TITLE: Your title goes here

   DATA: FILE = eq/data.dta;

   VARIABLE:

   NAMES = id_cocas weight comp_mode comp_len mode mm_matrix_group wei_mmf v2 v3 v4 v32
       v33 v34 v35 v36 v37 v46 v47 v48 v49 v50 v65 v66 v67 v68 v69 v70 v82 v83 v84 v98
       v99 v100 v101 v103 v104 v105 v106 v107 v115 v116 v117 v118 v119 v120 v121 v122
       v123 v124 v125 v126 v127 v128 v129 v130 v131 v132 v133 v134 v135 v136 v137 v138
       v139 v140 v141 v145 v146 v147 v148 v149 v150 v151 v152 v153 v154 v155 v156 v157
       v158 v159 v160 v161 v162 v163 v164 v165 v166 v167 v176 v177 v178 v179 v180 v181
       v182 v183 v185 v186 v187 v188 v189 v191 v192 v193 v194 v195 v196 v197 v199 v200
       v201 v202 v203 v205 v206 v207 v208 v209 v210 v211 v212 v213 v214 v215 v216 v217
       v218 v220 v221 v222 v223 v224 v267 v268 v269 v271 v272 v273;

   MISSING=.;

   USEVARIABLES ARE
   v212
   v213
   v214
   v215
   v216;

   GROUPING IS comp_len (0=full 1=short);

  Model:


  f1 BY v212@1
  v213 (L2)
  v214 (L3)
  v215 (L4)
  v216 (L5)
  ;

  [v212] (i1_full);
  [v213] (i2_full);
  [v214] (i3_full);
  [v215] (i4_full);
  [v216] (i5_full);

   [f1@0];

  Model short:

  f1 BY v212@1
  v213 (L2)
  v214 (L3)
  v215 (L4)
  v216 (L5)
  ;

  [v212] (i1_short);
  [v213] (i2_short);
  [v214] (i3_short);
  [v215] (i4_short);
  [v216] (i5_short);

   [f1@0];

   SAVEDATA: DIFFTEST IS v212_metric.dat;

   OUTPUT: SAMPSTAT;

                                  MODINDICES;

                                  STDYX;




*** WARNING in SAVEDATA command
  The DIFFTEST option is available only for the estimators MLMV, WLSMV and ULSMV.
  Request for DIFFTEST will be ignored.
*** WARNING
  Data set contains unknown or missing values for GROUPING,
  PATTERN, COHORT, CLUSTER and/or STRATIFICATION variables.
  Number of cases with unknown or missing values:  1494
*** WARNING
  Data set contains cases with missing on all variables.
  These cases were not included in the analysis.
  Number of cases with missing on all variables:  1679
   3 WARNING(S) FOUND IN THE INPUT INSTRUCTIONS



Your title goes here

SUMMARY OF ANALYSIS

Number of groups                                                 2
Number of observations
   Group FULL                                                  658
   Group SHORT                                                1585
   Total sample size                                          2243

Number of dependent variables                                    5
Number of independent variables                                  0
Number of continuous latent variables                            1

Observed dependent variables

  Continuous
   V212        V213        V214        V215        V216

Continuous latent variables
   F1

Variables with special functions

  Grouping variable     COMP_LEN

Estimator                                                       ML
Information matrix                                        OBSERVED
Maximum number of iterations                                  1000
Convergence criterion                                    0.500D-04
Maximum number of steepest descent iterations                   20
Maximum number of iterations for H1                           2000
Convergence criterion for H1                             0.100D-03

Input data file(s)
  eq/data.dta

Input data format  FREE


SUMMARY OF DATA

   Group FULL
     Number of missing data patterns            16

   Group SHORT
     Number of missing data patterns            21


COVARIANCE COVERAGE OF DATA

Minimum covariance coverage value   0.100


     PROPORTION OF DATA PRESENT FOR FULL


           Covariance Coverage
              V212          V213          V214          V215          V216
              ________      ________      ________      ________      ________
 V212           0.985
 V213           0.970         0.979
 V214           0.970         0.965         0.980
 V215           0.959         0.953         0.959         0.968
 V216           0.954         0.945         0.951         0.951         0.962


     PROPORTION OF DATA PRESENT FOR SHORT


           Covariance Coverage
              V212          V213          V214          V215          V216
              ________      ________      ________      ________      ________
 V212           0.991
 V213           0.970         0.974
 V214           0.966         0.956         0.970
 V215           0.956         0.949         0.951         0.960
 V216           0.956         0.946         0.946         0.946         0.964


SAMPLE STATISTICS


     ESTIMATED SAMPLE STATISTICS FOR FULL


           Means
              V212          V213          V214          V215          V216
              ________      ________      ________      ________      ________
                2.211         2.372         2.322         2.617         2.579


           Covariances
              V212          V213          V214          V215          V216
              ________      ________      ________      ________      ________
 V212           0.665
 V213           0.513         0.788
 V214           0.383         0.484         0.647
 V215           0.369         0.483         0.475         0.772
 V216           0.273         0.364         0.369         0.598         0.900


           Correlations
              V212          V213          V214          V215          V216
              ________      ________      ________      ________      ________
 V212           1.000
 V213           0.709         1.000
 V214           0.584         0.677         1.000
 V215           0.515         0.619         0.671         1.000
 V216           0.353         0.432         0.484         0.718         1.000


     ESTIMATED SAMPLE STATISTICS FOR SHORT


           Means
              V212          V213          V214          V215          V216
              ________      ________      ________      ________      ________
                2.202         2.340         2.270         2.439         2.409


           Covariances
              V212          V213          V214          V215          V216
              ________      ________      ________      ________      ________
 V212           0.676
 V213           0.496         0.723
 V214           0.385         0.464         0.633
 V215           0.323         0.422         0.443         0.682
 V216           0.265         0.359         0.330         0.531         0.803


           Correlations
              V212          V213          V214          V215          V216
              ________      ________      ________      ________      ________
 V212           1.000
 V213           0.709         1.000
 V214           0.589         0.685         1.000
 V215           0.476         0.601         0.675         1.000
 V216           0.360         0.472         0.463         0.718         1.000


     MAXIMUM LOG-LIKELIHOOD VALUE FOR THE UNRESTRICTED (H1) MODEL IS -10640.887


UNIVARIATE SAMPLE STATISTICS


     UNIVARIATE HIGHER-ORDER MOMENT DESCRIPTIVE STATISTICS FOR FULL

         Variable/         Mean/     Skewness/   Minimum/ % with                Percentiles
        Sample Size      Variance    Kurtosis    Maximum  Min/Max      20%/60%    40%/80%    Median

     V212                  2.215       0.629       1.000   16.51%       2.000      2.000      2.000
             648.000       0.665       0.663       5.000    1.08%       2.000      3.000
     V213                  2.366       0.658       1.000   13.35%       2.000      2.000      2.000
             644.000       0.782       0.586       5.000    2.48%       2.000      3.000
     V214                  2.315       0.553       1.000   12.56%       2.000      2.000      2.000
             645.000       0.640       0.745       5.000    1.40%       2.000      3.000
     V215                  2.615       0.367       1.000    7.22%       2.000      2.000      3.000
             637.000       0.767      -0.107       5.000    2.04%       3.000      3.000
     V216                  2.573       0.373       1.000   10.74%       2.000      2.000      2.000
             633.000       0.899      -0.251       5.000    2.69%       3.000      3.000


     UNIVARIATE HIGHER-ORDER MOMENT DESCRIPTIVE STATISTICS FOR SHORT

         Variable/         Mean/     Skewness/   Minimum/ % with                Percentiles
        Sample Size      Variance    Kurtosis    Maximum  Min/Max      20%/60%    40%/80%    Median

     V212                  2.205       0.508       1.000   17.96%       2.000      2.000      2.000
            1570.000       0.675       0.254       5.000    0.70%       2.000      3.000
     V213                  2.338       0.679       1.000   12.64%       2.000      2.000      2.000
            1543.000       0.721       0.677       5.000    1.88%       2.000      3.000
     V214                  2.267       0.564       1.000   13.66%       2.000      2.000      2.000
            1537.000       0.633       0.531       5.000    0.85%       2.000      3.000
     V215                  2.440       0.379       1.000   10.25%       2.000      2.000      2.000
            1522.000       0.681       0.134       5.000    1.12%       3.000      3.000
     V216                  2.404       0.367       1.000   14.40%       2.000      2.000      2.000
            1528.000       0.801      -0.142       5.000    1.31%       3.000      3.000


THE MODEL ESTIMATION TERMINATED NORMALLY



MODEL FIT INFORMATION

Number of Free Parameters                       26

Loglikelihood

          H0 Value                      -11088.052
          H1 Value                      -10640.887

Information Criteria

          Akaike (AIC)                   22228.104
          Bayesian (BIC)                 22376.709
          Sample-Size Adjusted BIC       22294.103
            (n* = (n + 2) / 24)

Chi-Square Test of Model Fit

          Value                            894.331
          Degrees of Freedom                    14
          P-Value                           0.0000

Chi-Square Contribution From Each Group

          FULL                             252.091
          SHORT                            642.240

RMSEA (Root Mean Square Error Of Approximation)

          Estimate                           0.237
          90 Percent C.I.                    0.224  0.250
          Probability RMSEA <= .05           0.000

CFI/TLI

          CFI                                0.852
          TLI                                0.789

Chi-Square Test of Model Fit for the Baseline Model

          Value                           5977.530
          Degrees of Freedom                    20
          P-Value                           0.0000

SRMR (Standardized Root Mean Square Residual)

          Value                              0.066



MODEL RESULTS

                                                    Two-Tailed
                    Estimate       S.E.  Est./S.E.    P-Value

Group FULL

 F1       BY
    V212               1.000      0.000    999.000    999.000
    V213               1.207      0.032     37.193      0.000
    V214               1.109      0.032     34.538      0.000
    V215               1.146      0.037     31.208      0.000
    V216               0.993      0.039     25.334      0.000

 Means
    F1                 0.000      0.000    999.000    999.000

 Intercepts
    V212               2.212      0.032     68.600      0.000
    V213               2.370      0.035     68.130      0.000
    V214               2.322      0.032     72.904      0.000
    V215               2.619      0.034     77.217      0.000
    V216               2.577      0.037     68.782      0.000

 Variances
    F1                 0.363      0.028     13.140      0.000

 Residual Variances
    V212               0.315      0.021     14.871      0.000
    V213               0.258      0.020     12.669      0.000
    V214               0.214      0.016     13.338      0.000
    V215               0.267      0.021     12.954      0.000
    V216               0.541      0.034     15.792      0.000

Group SHORT

 F1       BY
    V212               1.000      0.000    999.000    999.000
    V213               1.207      0.032     37.193      0.000
    V214               1.109      0.032     34.538      0.000
    V215               1.146      0.037     31.208      0.000
    V216               0.993      0.039     25.334      0.000

 Means
    F1                 0.000      0.000    999.000    999.000

 Intercepts
    V212               2.201      0.021    106.736      0.000
    V213               2.339      0.022    108.763      0.000
    V214               2.269      0.020    113.088      0.000
    V215               2.442      0.021    115.516      0.000
    V216               2.410      0.023    105.689      0.000

 Variances
    F1                 0.340      0.020     16.743      0.000

 Residual Variances
    V212               0.330      0.015     22.762      0.000
    V213               0.228      0.013     17.915      0.000
    V214               0.210      0.010     20.333      0.000
    V215               0.247      0.013     18.779      0.000
    V216               0.469      0.020     23.711      0.000


STANDARDIZED MODEL RESULTS


STDYX Standardization

                                                    Two-Tailed
                    Estimate       S.E.  Est./S.E.    P-Value

Group FULL

 F1       BY
    V212               0.732      0.018     40.474      0.000
    V213               0.820      0.015     54.626      0.000
    V214               0.822      0.014     58.121      0.000
    V215               0.801      0.016     48.924      0.000
    V216               0.631      0.021     29.986      0.000

 Means
    F1                 0.000      0.000    999.000    999.000

 Intercepts
    V212               2.686      0.076     35.156      0.000
    V213               2.670      0.078     34.186      0.000
    V214               2.857      0.082     34.644      0.000
    V215               3.035      0.085     35.641      0.000
    V216               2.717      0.077     35.482      0.000

 Variances
    F1                 1.000      0.000    999.000    999.000

 Residual Variances
    V212               0.464      0.026     17.529      0.000
    V213               0.327      0.025     13.290      0.000
    V214               0.324      0.023     13.897      0.000
    V215               0.359      0.026     13.689      0.000
    V216               0.601      0.027     22.622      0.000

Group SHORT

 F1       BY
    V212               0.712      0.014     50.168      0.000
    V213               0.828      0.011     75.567      0.000
    V214               0.816      0.010     78.075      0.000
    V215               0.802      0.012     67.601      0.000
    V216               0.646      0.016     39.307      0.000

 Means
    F1                 0.000      0.000    999.000    999.000

 Intercepts
    V212               2.690      0.052     51.964      0.000
    V213               2.752      0.054     50.915      0.000
    V214               2.865      0.055     51.693      0.000
    V215               2.933      0.057     51.367      0.000
    V216               2.688      0.053     51.157      0.000

 Variances
    F1                 1.000      0.000    999.000    999.000

 Residual Variances
    V212               0.493      0.020     24.386      0.000
    V213               0.315      0.018     17.359      0.000
    V214               0.334      0.017     19.618      0.000
    V215               0.356      0.019     18.710      0.000
    V216               0.583      0.021     27.491      0.000


R-SQUARE

Group FULL

    Observed                                        Two-Tailed
    Variable        Estimate       S.E.  Est./S.E.    P-Value

    V212               0.536      0.026     20.237      0.000
    V213               0.673      0.025     27.313      0.000
    V214               0.676      0.023     29.060      0.000
    V215               0.641      0.026     24.462      0.000
    V216               0.399      0.027     14.993      0.000

Group SHORT

    Observed                                        Two-Tailed
    Variable        Estimate       S.E.  Est./S.E.    P-Value

    V212               0.507      0.020     25.084      0.000
    V213               0.685      0.018     37.783      0.000
    V214               0.666      0.017     39.037      0.000
    V215               0.644      0.019     33.801      0.000
    V216               0.417      0.021     19.654      0.000


QUALITY OF NUMERICAL RESULTS

     Condition Number for the Information Matrix              0.226E-01
       (ratio of smallest to largest eigenvalue)


MODEL MODIFICATION INDICES

NOTE:  Modification indices for direct effects of observed dependent variables
regressed on covariates may not be included.  To include these, request
MODINDICES (ALL).

Minimum M.I. value for printing the modification index    10.000

                                   M.I.     E.P.C.  Std E.P.C.  StdYX E.P.C.
Group FULL


WITH Statements

V213     WITH V212                95.562     0.152      0.152        0.533
V215     WITH V212                32.519    -0.087     -0.087       -0.301
V215     WITH V213                25.621    -0.082     -0.082       -0.312
V216     WITH V212                31.591    -0.107     -0.107       -0.258
V216     WITH V213                39.442    -0.119     -0.119       -0.318
V216     WITH V215               193.054     0.260      0.260        0.683

Group SHORT


WITH Statements

V213     WITH V212               270.272     0.163      0.163        0.594
V215     WITH V212               128.442    -0.111     -0.111       -0.389
V215     WITH V213               117.217    -0.111     -0.111       -0.468
V215     WITH V214                13.798     0.035      0.035        0.155
V216     WITH V212                68.525    -0.097     -0.097       -0.246
V216     WITH V213                50.320    -0.079     -0.079       -0.243
V216     WITH V214                48.660    -0.073     -0.073       -0.233
V216     WITH V215               458.355     0.238      0.238        0.699



DIAGRAM INFORMATION

  Use View Diagram under the Diagram menu in the Mplus Editor to view the diagram.
  If running Mplus from the Mplus Diagrammer, the diagram opens automatically.

  Diagram output
    c:\users\msassac6\dropbox (the university of manchester)\papers\joe s\evs_mm_de_equivalence\mplus\eq\inv_data3_v212_

     Beginning Time:  14:39:51
        Ending Time:  14:39:52
       Elapsed Time:  00:00:01



MUTHEN & MUTHEN
3463 Stoner Ave.
Los Angeles, CA  90066

Tel: (310) 391-9971
Fax: (310) 391-8971
Web: www.StatModel.com
Support: Support@StatModel.com

Copyright (c) 1998-2017 Muthen & Muthen
