Mplus VERSION 8
MUTHEN & MUTHEN
07/13/2020   8:29 AM

INPUT INSTRUCTIONS

  TITLE: Your title goes here

   DATA: FILE = eq/data.dta;

   VARIABLE:

   NAMES = id_cocas weight comp_mode comp_len mode mm_matrix_group wei_mmf v2 v3 v4 v32
       v33 v34 v35 v36 v37 v46 v47 v48 v49 v50 v65 v66 v67 v68 v69 v70 v82 v83 v84 v98
       v99 v100 v101 v103 v104 v105 v106 v107 v115 v116 v117 v118 v119 v120 v121 v122
       v123 v124 v125 v126 v127 v128 v129 v130 v131 v132 v133 v134 v135 v136 v137 v138
       v139 v140 v141 v145 v146 v147 v148 v149 v150 v151 v152 v153 v154 v155 v156 v157
       v158 v159 v160 v161 v162 v163 v164 v165 v166 v167 v176 v177 v178 v179 v180 v181
       v182 v183 v185 v186 v187 v188 v189 v191 v192 v193 v194 v195 v196 v197 v199 v200
       v201 v202 v203 v205 v206 v207 v208 v209 v210 v211 v212 v213 v214 v215 v216 v217
       v218 v220 v221 v222 v223 v224 v267 v268 v269 v271 v272 v273;

   MISSING=.;

   USEVARIABLES ARE
   v199
   v200
   v201
   v202
   v203;

   GROUPING IS comp_mode (0=sm 1=mm);

  WEIGHT IS weight;

   Analysis:

                  ESTIMATOR = MLR;
  Model:


  f1 BY v199@1
  v200 (L2)
  v201 (L3)
  v202 (L4)
  v203 (L5)
  ;


   [f1@0];[v199] (i1_sm);
  [v200] (i2_sm);
  [v201] (i3_sm);
  [v202] (i4_sm);
  [v203] (i5_sm);


  Model mm:

  f1 BY v199@1
  v200 (L2)
  v201 (L3)
  v202 (L4)
  v203 (L5)
  ;


   [f1@0];[v199] (i1_mm);
  [v200] (i2_mm);
  [v201] (i3_mm);
  [v202] (i4_mm);
  [v203] (i5_mm);


   SAVEDATA: DIFFTEST IS v199_metric.dat;

   OUTPUT: SAMPSTAT;

                                  MODINDICES;

                                  STDYX;




*** WARNING in SAVEDATA command
  The DIFFTEST option is available only for the estimators MLMV, WLSMV and ULSMV.
  Request for DIFFTEST will be ignored.
*** WARNING
  Data set contains unknown or missing values for GROUPING,
  PATTERN, COHORT, CLUSTER and/or STRATIFICATION variables.
  Number of cases with unknown or missing values:  3244
*** WARNING
  Data set contains cases with missing on all variables.
  These cases were not included in the analysis.
  Number of cases with missing on all variables:  14
   3 WARNING(S) FOUND IN THE INPUT INSTRUCTIONS



Your title goes here

SUMMARY OF ANALYSIS

Number of groups                                                 2
Number of observations
   Group SM                                                   1490
   Group MM                                                    668
   Total sample size                                          2158

Number of dependent variables                                    5
Number of independent variables                                  0
Number of continuous latent variables                            1

Observed dependent variables

  Continuous
   V199        V200        V201        V202        V203

Continuous latent variables
   F1

Variables with special functions

  Grouping variable     COMP_MOD
  Weight variable       WEIGHT

Estimator                                                      MLR
Information matrix                                        OBSERVED
Maximum number of iterations                                  1000
Convergence criterion                                    0.500D-04
Maximum number of steepest descent iterations                   20
Maximum number of iterations for H1                           2000
Convergence criterion for H1                             0.100D-03

Input data file(s)
  eq/data.dta

Input data format  FREE


SUMMARY OF DATA

   Group SM
     Number of missing data patterns            14

   Group MM
     Number of missing data patterns            21


COVARIANCE COVERAGE OF DATA

Minimum covariance coverage value   0.100


     PROPORTION OF DATA PRESENT FOR SM


           Covariance Coverage
              V199          V200          V201          V202          V203
              ________      ________      ________      ________      ________
 V199           0.989
 V200           0.985         0.995
 V201           0.985         0.992         0.995
 V202           0.985         0.992         0.994         0.996
 V203           0.970         0.976         0.978         0.979         0.980


     PROPORTION OF DATA PRESENT FOR MM


           Covariance Coverage
              V199          V200          V201          V202          V203
              ________      ________      ________      ________      ________
 V199           0.954
 V200           0.922         0.960
 V201           0.937         0.948         0.982
 V202           0.927         0.939         0.960         0.972
 V203           0.909         0.916         0.936         0.928         0.946


SAMPLE STATISTICS


     ESTIMATED SAMPLE STATISTICS FOR SM


           Means
              V199          V200          V201          V202          V203
              ________      ________      ________      ________      ________
                2.676         3.532         3.654         3.522         3.785


           Covariances
              V199          V200          V201          V202          V203
              ________      ________      ________      ________      ________
 V199           1.403
 V200          -0.200         1.083
 V201          -0.249         0.290         1.069
 V202          -0.349         0.463         0.415         1.371
 V203          -0.345         0.306         0.466         0.371         1.056


           Correlations
              V199          V200          V201          V202          V203
              ________      ________      ________      ________      ________
 V199           1.000
 V200          -0.162         1.000
 V201          -0.203         0.269         1.000
 V202          -0.252         0.380         0.343         1.000
 V203          -0.283         0.286         0.439         0.308         1.000


     ESTIMATED SAMPLE STATISTICS FOR MM


           Means
              V199          V200          V201          V202          V203
              ________      ________      ________      ________      ________
                2.803         3.518         3.797         3.591         3.862


           Covariances
              V199          V200          V201          V202          V203
              ________      ________      ________      ________      ________
 V199           1.401
 V200          -0.138         1.123
 V201          -0.255         0.352         1.055
 V202          -0.292         0.505         0.535         1.494
 V203          -0.364         0.372         0.521         0.640         1.196


           Correlations
              V199          V200          V201          V202          V203
              ________      ________      ________      ________      ________
 V199           1.000
 V200          -0.110         1.000
 V201          -0.209         0.323         1.000
 V202          -0.202         0.390         0.426         1.000
 V203          -0.281         0.321         0.464         0.479         1.000


     MAXIMUM LOG-LIKELIHOOD VALUE FOR THE UNRESTRICTED (H1) MODEL IS -15173.588


UNIVARIATE SAMPLE STATISTICS


     UNIVARIATE HIGHER-ORDER MOMENT DESCRIPTIVE STATISTICS FOR SM

         Variable/         Mean/     Skewness/   Minimum/ % with                Percentiles
        Sample Size      Variance    Kurtosis    Maximum  Min/Max      20%/60%    40%/80%    Median

     V199                  2.673       0.562       1.000   13.65%       2.000      2.000      2.000
            1473.000       1.403      -0.677       5.000    9.16%       3.000      4.000
     V200                  3.532      -0.591       1.000    2.43%       3.000      4.000      4.000
            1483.000       1.084      -0.487       5.000   15.51%       4.000      4.000
     V201                  3.655      -0.528       1.000    2.09%       3.000      4.000      4.000
            1483.000       1.069      -0.465       5.000   21.98%       4.000      5.000
     V202                  3.524      -0.621       1.000    5.46%       2.000      4.000      4.000
            1484.000       1.371      -0.693       5.000   20.01%       4.000      4.000
     V203                  3.793      -0.716       1.000    1.58%       3.000      4.000      4.000
            1460.000       1.054      -0.259       5.000   27.33%       4.000      5.000


     UNIVARIATE HIGHER-ORDER MOMENT DESCRIPTIVE STATISTICS FOR MM

         Variable/         Mean/     Skewness/   Minimum/ % with                Percentiles
        Sample Size      Variance    Kurtosis    Maximum  Min/Max      20%/60%    40%/80%    Median

     V199                  2.804       0.347       1.000   11.62%       2.000      2.000      3.000
             637.000       1.403      -0.825       5.000   10.99%       3.000      4.000
     V200                  3.531      -0.549       1.000    2.81%       2.000      4.000      4.000
             641.000       1.120      -0.527       5.000   16.69%       4.000      4.000
     V201                  3.803      -0.683       1.000    2.59%       3.000      4.000      4.000
             656.000       1.056      -0.090       5.000   28.51%       4.000      5.000
     V202                  3.599      -0.662       1.000    6.32%       2.000      4.000      4.000
             649.000       1.494      -0.653       5.000   26.04%       4.000      5.000
     V203                  3.877      -0.979       1.000    3.80%       3.000      4.000      4.000
             632.000       1.196       0.215       5.000   33.23%       4.000      5.000


THE MODEL ESTIMATION TERMINATED NORMALLY



MODEL FIT INFORMATION

Number of Free Parameters                       26

Loglikelihood

          H0 Value                      -15216.620
          H0 Scaling Correction Factor      1.2642
            for MLR
          H1 Value                      -15173.588
          H1 Scaling Correction Factor      1.3341
            for MLR

Information Criteria

          Akaike (AIC)                   30485.240
          Bayesian (BIC)                 30632.840
          Sample-Size Adjusted BIC       30550.235
            (n* = (n + 2) / 24)

Chi-Square Test of Model Fit

          Value                             58.794*
          Degrees of Freedom                    14
          P-Value                           0.0000
          Scaling Correction Factor         1.4638
            for MLR

Chi-Square Contribution From Each Group

          SM                                46.765
          MM                                12.030

*   The chi-square value for MLM, MLMV, MLR, ULSMV, WLSM and WLSMV cannot be used
    for chi-square difference testing in the regular way.  MLM, MLR and WLSM
    chi-square difference testing is described on the Mplus website.  MLMV, WLSMV,
    and ULSMV difference testing is done using the DIFFTEST option.

RMSEA (Root Mean Square Error Of Approximation)

          Estimate                           0.054
          90 Percent C.I.                    0.041  0.069
          Probability RMSEA <= .05           0.282

CFI/TLI

          CFI                                0.953
          TLI                                0.933

Chi-Square Test of Model Fit for the Baseline Model

          Value                            976.821
          Degrees of Freedom                    20
          P-Value                           0.0000

SRMR (Standardized Root Mean Square Residual)

          Value                              0.038



MODEL RESULTS

                                                    Two-Tailed
                    Estimate       S.E.  Est./S.E.    P-Value

Group SM

 F1       BY
    V199               1.000      0.000    999.000    999.000
    V200              -1.195      0.132     -9.034      0.000
    V201              -1.465      0.142    -10.283      0.000
    V202              -1.664      0.159    -10.440      0.000
    V203              -1.565      0.143    -10.919      0.000

 Means
    F1                 0.000      0.000    999.000    999.000

 Intercepts
    V199               2.675      0.033     81.240      0.000
    V200               3.532      0.030    119.580      0.000
    V201               3.654      0.029    127.501      0.000
    V202               3.522      0.032    108.894      0.000
    V203               3.786      0.029    130.408      0.000

 Variances
    F1                 0.179      0.031      5.825      0.000

 Residual Variances
    V199               1.200      0.051     23.496      0.000
    V200               0.817      0.040     20.340      0.000
    V201               0.673      0.038     17.525      0.000
    V202               0.898      0.054     16.774      0.000
    V203               0.631      0.041     15.541      0.000

Group MM

 F1       BY
    V199               1.000      0.000    999.000    999.000
    V200              -1.195      0.132     -9.034      0.000
    V201              -1.465      0.142    -10.283      0.000
    V202              -1.664      0.159    -10.440      0.000
    V203              -1.565      0.143    -10.919      0.000

 Means
    F1                 0.000      0.000    999.000    999.000

 Intercepts
    V199               2.802      0.052     53.727      0.000
    V200               3.517      0.046     75.691      0.000
    V201               3.797      0.044     86.512      0.000
    V202               3.591      0.054     66.404      0.000
    V203               3.863      0.047     82.295      0.000

 Variances
    F1                 0.222      0.039      5.655      0.000

 Residual Variances
    V199               1.237      0.072     17.106      0.000
    V200               0.833      0.060     13.835      0.000
    V201               0.601      0.056     10.723      0.000
    V202               0.830      0.088      9.457      0.000
    V203               0.618      0.060     10.343      0.000


STANDARDIZED MODEL RESULTS


STDYX Standardization

                                                    Two-Tailed
                    Estimate       S.E.  Est./S.E.    P-Value

Group SM

 F1       BY
    V199               0.360      0.031     11.785      0.000
    V200              -0.488      0.029    -16.991      0.000
    V201              -0.603      0.027    -22.306      0.000
    V202              -0.597      0.028    -21.639      0.000
    V203              -0.641      0.027    -23.999      0.000

 Means
    F1                 0.000      0.000    999.000    999.000

 Intercepts
    V199               2.278      0.034     67.479      0.000
    V200               3.409      0.079     43.102      0.000
    V201               3.553      0.078     45.646      0.000
    V202               2.983      0.067     44.252      0.000
    V203               3.660      0.087     42.257      0.000

 Variances
    F1                 1.000      0.000    999.000    999.000

 Residual Variances
    V199               0.870      0.022     39.453      0.000
    V200               0.761      0.028     27.116      0.000
    V201               0.636      0.033     19.490      0.000
    V202               0.644      0.033     19.587      0.000
    V203               0.590      0.034     17.234      0.000

Group MM

 F1       BY
    V199               0.390      0.033     11.855      0.000
    V200              -0.525      0.034    -15.666      0.000
    V201              -0.665      0.031    -21.180      0.000
    V202              -0.652      0.038    -17.302      0.000
    V203              -0.684      0.033    -20.878      0.000

 Means
    F1                 0.000      0.000    999.000    999.000

 Intercepts
    V199               2.320      0.066     35.339      0.000
    V200               3.278      0.115     28.560      0.000
    V201               3.657      0.131     27.873      0.000
    V202               2.987      0.111     26.886      0.000
    V203               3.582      0.140     25.528      0.000

 Variances
    F1                 1.000      0.000    999.000    999.000

 Residual Variances
    V199               0.848      0.026     32.964      0.000
    V200               0.724      0.035     20.552      0.000
    V201               0.557      0.042     13.330      0.000
    V202               0.574      0.049     11.670      0.000
    V203               0.531      0.045     11.842      0.000


R-SQUARE

Group SM

    Observed                                        Two-Tailed
    Variable        Estimate       S.E.  Est./S.E.    P-Value

    V199               0.130      0.022      5.892      0.000
    V200               0.239      0.028      8.496      0.000
    V201               0.364      0.033     11.153      0.000
    V202               0.356      0.033     10.819      0.000
    V203               0.410      0.034     12.000      0.000

Group MM

    Observed                                        Two-Tailed
    Variable        Estimate       S.E.  Est./S.E.    P-Value

    V199               0.152      0.026      5.927      0.000
    V200               0.276      0.035      7.833      0.000
    V201               0.443      0.042     10.590      0.000
    V202               0.426      0.049      8.651      0.000
    V203               0.469      0.045     10.439      0.000


QUALITY OF NUMERICAL RESULTS

     Condition Number for the Information Matrix              0.201E-02
       (ratio of smallest to largest eigenvalue)


MODEL MODIFICATION INDICES

NOTE:  Modification indices for direct effects of observed dependent variables
regressed on covariates may not be included.  To include these, request
MODINDICES (ALL).

Minimum M.I. value for printing the modification index    10.000

                                   M.I.     E.P.C.  Std E.P.C.  StdYX E.P.C.
Group SM


WITH Statements

V202     WITH V200                27.174     0.184      0.184        0.215
V203     WITH V201                19.420     0.151      0.151        0.231
V203     WITH V202                27.731    -0.205     -0.205       -0.273

Group MM


No modification indices above the minimum value.



DIAGRAM INFORMATION

  Use View Diagram under the Diagram menu in the Mplus Editor to view the diagram.
  If running Mplus from the Mplus Diagrammer, the diagram opens automatically.

  Diagram output
    c:\users\msassac6\dropbox (the university of manchester)\papers\joe s\evs_mm_de_equivalence\mplus\eq\inv_data3_v199_

     Beginning Time:  08:29:15
        Ending Time:  08:29:16
       Elapsed Time:  00:00:01



MUTHEN & MUTHEN
3463 Stoner Ave.
Los Angeles, CA  90066

Tel: (310) 391-9971
Fax: (310) 391-8971
Web: www.StatModel.com
Support: Support@StatModel.com

Copyright (c) 1998-2017 Muthen & Muthen
