Mplus VERSION 8
MUTHEN & MUTHEN
07/06/2020   1:52 PM

INPUT INSTRUCTIONS

  TITLE: Your title goes here

   DATA: FILE = eq/data.dta;

   VARIABLE:

   NAMES = id_cocas weight comp_mode comp_len mode mm_matrix_group wei_mmf v2 v3 v4 v32
       v33 v34 v35 v36 v37 v46 v47 v48 v49 v50 v65 v66 v67 v68 v69 v70 v82 v83 v84 v98
       v99 v100 v101 v103 v104 v105 v106 v107 v115 v116 v117 v118 v119 v120 v121 v122
       v123 v124 v125 v126 v127 v128 v129 v130 v131 v132 v133 v134 v135 v136 v137 v138
       v139 v140 v141 v145 v146 v147 v148 v149 v150 v151 v152 v153 v154 v155 v156 v157
       v158 v159 v160 v161 v162 v163 v164 v165 v166 v167 v176 v177 v178 v179 v180 v181
       v182 v183 v185 v186 v187 v188 v189 v191 v192 v193 v194 v195 v196 v197 v199 v200
       v201 v202 v203 v205 v206 v207 v208 v209 v210 v211 v212 v213 v214 v215 v216 v217
       v218 v220 v221 v222 v223 v224 v267 v268 v269 v271 v272 v273;

   MISSING=.;

   USEVARIABLES ARE
   v151
   v153
   v154
   v155
   v156
   v157
   v158
   v160
   v161
   v163;

   GROUPING IS comp_mode (0=sm 1=mm);

  Model:


  f1 BY v151@1
  v153 (L2)
  v154 (L3)
  v155 (L4)
  v156 (L5)
  v157 (L6)
  v158 (L7)
  v160 (L8)
  v161 (L9)
  v163 (L10)
  ;

  [v151] (i1);
  [v153] (i2);
  [v154] (i3);
  [v155] (i4);
  [v156] (i5);
  [v157] (i6);
  [v158] (i7);
  [v160] (i8);
  [v161] (i9);
  [v163] (i10);

   [f1@0];

  Model mm:

  f1 BY v151@1
  v153 (L2)
  v154 (L3)
  v155 (L4)
  v156 (L5)
  v157 (L6)
  v158 (L7)
  v160 (L8)
  v161 (L9)
  v163 (L10)
  ;

  [v151] (i1);
  [v153] (i2);
  [v154] (i3);
  [v155] (i4);
  [v156] (i5);
  [v157] (i6);
  [v158] (i7);
  [v160] (i8);
  [v161] (i9);
  [v163] (i10);

   [f1@0];

   SAVEDATA: DIFFTEST IS v151_scalar.dat;

   OUTPUT: SAMPSTAT;

                                  MODINDICES;

                                  STDYX;




*** WARNING in SAVEDATA command
  The DIFFTEST option is available only for the estimators MLMV, WLSMV and ULSMV.
  Request for DIFFTEST will be ignored.
*** WARNING
  Data set contains unknown or missing values for GROUPING,
  PATTERN, COHORT, CLUSTER and/or STRATIFICATION variables.
  Number of cases with unknown or missing values:  3244
*** WARNING
  Data set contains cases with missing on all variables.
  These cases were not included in the analysis.
  Number of cases with missing on all variables:  10
   3 WARNING(S) FOUND IN THE INPUT INSTRUCTIONS



Your title goes here

SUMMARY OF ANALYSIS

Number of groups                                                 2
Number of observations
   Group SM                                                   1492
   Group MM                                                    670
   Total sample size                                          2162

Number of dependent variables                                   10
Number of independent variables                                  0
Number of continuous latent variables                            1

Observed dependent variables

  Continuous
   V151        V153        V154        V155        V156        V157
   V158        V160        V161        V163

Continuous latent variables
   F1

Variables with special functions

  Grouping variable     COMP_MOD

Estimator                                                       ML
Information matrix                                        OBSERVED
Maximum number of iterations                                  1000
Convergence criterion                                    0.500D-04
Maximum number of steepest descent iterations                   20
Maximum number of iterations for H1                           2000
Convergence criterion for H1                             0.100D-03

Input data file(s)
  eq/data.dta

Input data format  FREE


SUMMARY OF DATA

   Group SM
     Number of missing data patterns            54

   Group MM
     Number of missing data patterns            82


COVARIANCE COVERAGE OF DATA

Minimum covariance coverage value   0.100


     PROPORTION OF DATA PRESENT FOR SM


           Covariance Coverage
              V151          V153          V154          V155          V156
              ________      ________      ________      ________      ________
 V151           0.995
 V153           0.981         0.986
 V154           0.971         0.968         0.976
 V155           0.985         0.981         0.973         0.991
 V156           0.973         0.968         0.961         0.973         0.979
 V157           0.952         0.948         0.941         0.954         0.944
 V158           0.968         0.963         0.956         0.966         0.954
 V160           0.979         0.974         0.964         0.978         0.966
 V161           0.979         0.973         0.964         0.977         0.965
 V163           0.988         0.980         0.971         0.986         0.975


           Covariance Coverage
              V157          V158          V160          V161          V163
              ________      ________      ________      ________      ________
 V157           0.957
 V158           0.940         0.972
 V160           0.949         0.962         0.983
 V161           0.948         0.960         0.973         0.984
 V163           0.952         0.966         0.978         0.979         0.993


     PROPORTION OF DATA PRESENT FOR MM


           Covariance Coverage
              V151          V153          V154          V155          V156
              ________      ________      ________      ________      ________
 V151           0.982
 V153           0.927         0.943
 V154           0.909         0.899         0.924
 V155           0.936         0.918         0.904         0.951
 V156           0.922         0.903         0.882         0.910         0.939
 V157           0.864         0.839         0.836         0.849         0.840
 V158           0.916         0.882         0.866         0.894         0.878
 V160           0.910         0.875         0.857         0.879         0.866
 V161           0.912         0.899         0.885         0.904         0.893
 V163           0.943         0.912         0.897         0.921         0.907


           Covariance Coverage
              V157          V158          V160          V161          V163
              ________      ________      ________      ________      ________
 V157           0.876
 V158           0.833         0.927
 V160           0.819         0.881         0.919
 V161           0.827         0.872         0.861         0.925
 V163           0.852         0.899         0.890         0.896         0.957


SAMPLE STATISTICS


     ESTIMATED SAMPLE STATISTICS FOR SM


           Means
              V151          V153          V154          V155          V156
              ________      ________      ________      ________      ________
                2.610         7.707         5.892         7.475         7.196


           Means
              V157          V158          V160          V161          V163
              ________      ________      ________      ________      ________
                4.041         4.475         4.203         7.007         2.532


           Covariances
              V151          V153          V154          V155          V156
              ________      ________      ________      ________      ________
 V151           6.689
 V153           2.294         9.205
 V154           2.805         4.694         9.254
 V155           2.244         4.719         5.113         7.461
 V156           1.688         3.257         3.827         3.652         8.580
 V157           3.240         3.110         4.134         3.387         3.247
 V158           4.049         4.270         4.692         4.504         2.932
 V160           2.751         2.598         3.392         2.938         2.516
 V161           1.339         3.533         2.988         2.882         2.431
 V163          -0.213        -0.541         0.386         0.389         1.172


           Covariances
              V157          V158          V160          V161          V163
              ________      ________      ________      ________      ________
 V157          10.076
 V158           5.400        11.131
 V160           3.513         4.697         8.763
 V161           2.267         3.164         2.208         9.097
 V163           0.326        -0.091         0.655         0.099         6.959


           Correlations
              V151          V153          V154          V155          V156
              ________      ________      ________      ________      ________
 V151           1.000
 V153           0.292         1.000
 V154           0.357         0.509         1.000
 V155           0.318         0.569         0.615         1.000
 V156           0.223         0.366         0.430         0.456         1.000
 V157           0.395         0.323         0.428         0.391         0.349
 V158           0.469         0.422         0.462         0.494         0.300
 V160           0.359         0.289         0.377         0.363         0.290
 V161           0.172         0.386         0.326         0.350         0.275
 V163          -0.031        -0.068         0.048         0.054         0.152


           Correlations
              V157          V158          V160          V161          V163
              ________      ________      ________      ________      ________
 V157           1.000
 V158           0.510         1.000
 V160           0.374         0.476         1.000
 V161           0.237         0.314         0.247         1.000
 V163           0.039        -0.010         0.084         0.012         1.000


     ESTIMATED SAMPLE STATISTICS FOR MM


           Means
              V151          V153          V154          V155          V156
              ________      ________      ________      ________      ________
                2.727         7.818         6.625         7.821         7.701


           Means
              V157          V158          V160          V161          V163
              ________      ________      ________      ________      ________
                4.108         4.329         4.285         7.354         2.894


           Covariances
              V151          V153          V154          V155          V156
              ________      ________      ________      ________      ________
 V151           6.740
 V153           2.208         9.161
 V154           1.629         4.696         8.595
 V155           1.432         5.018         5.424         7.068
 V156           1.465         3.451         4.385         3.237         7.534
 V157           2.815         3.072         3.895         3.345         3.215
 V158           3.984         3.486         3.582         3.598         2.611
 V160           2.433         2.067         3.041         2.693         2.506
 V161           1.494         3.708         3.055         2.875         2.598
 V163           0.228        -0.566         0.703         0.322         1.254


           Covariances
              V157          V158          V160          V161          V163
              ________      ________      ________      ________      ________
 V157          10.408
 V158           4.840        10.287
 V160           3.933         4.552         8.605
 V161           2.232         3.010         2.673         8.078
 V163           1.441         0.710         1.748         0.662         8.378


           Correlations
              V151          V153          V154          V155          V156
              ________      ________      ________      ________      ________
 V151           1.000
 V153           0.281         1.000
 V154           0.214         0.529         1.000
 V155           0.207         0.624         0.696         1.000
 V156           0.206         0.415         0.545         0.444         1.000
 V157           0.336         0.315         0.412         0.390         0.363
 V158           0.478         0.359         0.381         0.422         0.297
 V160           0.320         0.233         0.354         0.345         0.311
 V161           0.203         0.431         0.367         0.381         0.333
 V163           0.030        -0.065         0.083         0.042         0.158


           Correlations
              V157          V158          V160          V161          V163
              ________      ________      ________      ________      ________
 V157           1.000
 V158           0.468         1.000
 V160           0.416         0.484         1.000
 V161           0.243         0.330         0.321         1.000
 V163           0.154         0.076         0.206         0.080         1.000


     MAXIMUM LOG-LIKELIHOOD VALUE FOR THE UNRESTRICTED (H1) MODEL IS -48986.248


UNIVARIATE SAMPLE STATISTICS


     UNIVARIATE HIGHER-ORDER MOMENT DESCRIPTIVE STATISTICS FOR SM

         Variable/         Mean/     Skewness/   Minimum/ % with                Percentiles
        Sample Size      Variance    Kurtosis    Maximum  Min/Max      20%/60%    40%/80%    Median

     V151                  2.603       1.566       1.000   62.06%       1.000      1.000      1.000
            1484.000       6.679       1.327      10.000    4.18%       1.000      5.000
     V153                  7.723      -1.062       1.000    8.84%       5.000      8.000     10.000
            1471.000       9.220      -0.234      10.000   53.23%      10.000     10.000
     V154                  5.896      -0.136       1.000   14.42%       3.000      5.000      5.000
            1456.000       9.265      -1.114      10.000   21.43%       7.000     10.000
     V155                  7.489      -0.734       1.000    4.60%       5.000      7.000      8.000
            1478.000       7.454      -0.570      10.000   42.35%      10.000     10.000
     V156                  7.207      -0.853       1.000    8.97%       5.000      7.000      8.000
            1460.000       8.575      -0.430      10.000   34.52%       9.000     10.000
     V157                  4.041       0.632       1.000   37.89%       1.000      2.000      3.000
            1428.000      10.090      -0.978      10.000   10.78%       5.000      7.000
     V158                  4.479       0.461       1.000   33.38%       1.000      2.000      4.000
            1450.000      11.145      -1.222      10.000   15.66%       5.000      8.000
     V160                  4.204       0.529       1.000   30.95%       1.000      3.000      4.000
            1467.000       8.763      -0.861      10.000    9.27%       5.000      7.000
     V161                  7.018      -0.675       1.000    9.47%       5.000      7.000      8.000
            1468.000       9.083      -0.771      10.000   34.74%       9.000     10.000
     V163                  2.534       1.682       1.000   65.18%       1.000      1.000      1.000
            1482.000       6.959       1.640      10.000    5.40%       1.000      5.000


     UNIVARIATE HIGHER-ORDER MOMENT DESCRIPTIVE STATISTICS FOR MM

         Variable/         Mean/     Skewness/   Minimum/ % with                Percentiles
        Sample Size      Variance    Kurtosis    Maximum  Min/Max      20%/60%    40%/80%    Median

     V151                  2.719       1.401       1.000   59.12%       1.000      1.000      1.000
             658.000       6.728       0.811      10.000    3.19%       2.000      5.000
     V153                  7.886      -1.241       1.000    9.34%       5.000      9.000     10.000
             632.000       9.044       0.168      10.000   54.11%      10.000     10.000
     V154                  6.672      -0.513       1.000    9.85%       4.000      6.000      7.000
             619.000       8.640      -0.849      10.000   26.98%       8.000     10.000
     V155                  7.882      -1.070       1.000    4.55%       5.000      8.000      9.000
             637.000       6.955       0.098      10.000   47.57%      10.000     10.000
     V156                  7.754      -1.193       1.000    6.36%       5.000      8.000      9.000
             629.000       7.435       0.364      10.000   40.22%      10.000     10.000
     V157                  4.101       0.621       1.000   37.31%       1.000      2.000      3.000
             587.000      10.482      -1.034      10.000   12.27%       5.000      8.000
     V158                  4.359       0.471       1.000   33.17%       1.000      2.000      4.000
             621.000      10.372      -1.185      10.000   11.27%       5.000      8.000
     V160                  4.258       0.497       1.000   29.22%       1.000      3.000      4.000
             616.000       8.627      -0.912      10.000    7.95%       5.000      7.000
     V161                  7.416      -0.916       1.000    7.26%       5.000      8.000      8.000
             620.000       8.001      -0.279      10.000   36.61%       9.000     10.000
     V163                  2.897       1.370       1.000   58.97%       1.000      1.000      1.000
             641.000       8.379       0.517      10.000    7.33%       2.000      5.000


THE MODEL ESTIMATION TERMINATED NORMALLY



MODEL FIT INFORMATION

Number of Free Parameters                       41

Loglikelihood

          H0 Value                      -49437.399
          H1 Value                      -48986.248

Information Criteria

          Akaike (AIC)                   98956.798
          Bayesian (BIC)                 99189.628
          Sample-Size Adjusted BIC       99059.366
            (n* = (n + 2) / 24)

Chi-Square Test of Model Fit

          Value                            902.302
          Degrees of Freedom                    89
          P-Value                           0.0000

Chi-Square Contribution From Each Group

          SM                               478.674
          MM                               423.628

RMSEA (Root Mean Square Error Of Approximation)

          Estimate                           0.092
          90 Percent C.I.                    0.087  0.097
          Probability RMSEA <= .05           0.000

CFI/TLI

          CFI                                0.866
          TLI                                0.865

Chi-Square Test of Model Fit for the Baseline Model

          Value                           6168.125
          Degrees of Freedom                    90
          P-Value                           0.0000

SRMR (Standardized Root Mean Square Residual)

          Value                              0.061



MODEL RESULTS

                                                    Two-Tailed
                    Estimate       S.E.  Est./S.E.    P-Value

Group SM

 F1       BY
    V151               1.000      0.000    999.000    999.000
    V153               1.658      0.087     19.097      0.000
    V154               1.873      0.093     20.062      0.000
    V155               1.712      0.086     20.006      0.000
    V156               1.341      0.076     17.592      0.000
    V157               1.524      0.083     18.359      0.000
    V158               1.776      0.090     19.697      0.000
    V160               1.289      0.074     17.528      0.000
    V161               1.163      0.073     15.975      0.000
    V163               0.153      0.053      2.914      0.004

 Means
    F1                 0.000      0.000    999.000    999.000

 Intercepts
    V151               2.647      0.056     47.324      0.000
    V153               7.738      0.066    117.144      0.000
    V154               6.123      0.067     92.074      0.000
    V155               7.581      0.059    128.609      0.000
    V156               7.366      0.063    116.895      0.000
    V157               4.080      0.070     57.877      0.000
    V158               4.453      0.072     61.432      0.000
    V160               4.235      0.065     65.637      0.000
    V161               7.121      0.065    109.893      0.000
    V163               2.630      0.059     44.538      0.000

 Variances
    F1                 1.517      0.147     10.344      0.000

 Residual Variances
    V151               5.021      0.195     25.719      0.000
    V153               5.136      0.218     23.604      0.000
    V154               4.090      0.191     21.450      0.000
    V155               3.073      0.148     20.783      0.000
    V156               5.968      0.238     25.070      0.000
    V157               6.546      0.269     24.298      0.000
    V158               6.006      0.261     22.980      0.000
    V160               6.204      0.246     25.222      0.000
    V161               7.151      0.276     25.903      0.000
    V163               6.952      0.256     27.176      0.000

Group MM

 F1       BY
    V151               1.000      0.000    999.000    999.000
    V153               1.658      0.087     19.097      0.000
    V154               1.873      0.093     20.062      0.000
    V155               1.712      0.086     20.006      0.000
    V156               1.341      0.076     17.592      0.000
    V157               1.524      0.083     18.359      0.000
    V158               1.776      0.090     19.697      0.000
    V160               1.289      0.074     17.528      0.000
    V161               1.163      0.073     15.975      0.000
    V163               0.153      0.053      2.914      0.004

 Means
    F1                 0.000      0.000    999.000    999.000

 Intercepts
    V151               2.647      0.056     47.324      0.000
    V153               7.738      0.066    117.144      0.000
    V154               6.123      0.067     92.074      0.000
    V155               7.581      0.059    128.609      0.000
    V156               7.366      0.063    116.895      0.000
    V157               4.080      0.070     57.877      0.000
    V158               4.453      0.072     61.432      0.000
    V160               4.235      0.065     65.637      0.000
    V161               7.121      0.065    109.893      0.000
    V163               2.630      0.059     44.538      0.000

 Variances
    F1                 1.468      0.158      9.309      0.000

 Residual Variances
    V151               5.636      0.324     17.377      0.000
    V153               4.896      0.316     15.475      0.000
    V154               3.492      0.260     13.426      0.000
    V155               2.721      0.204     13.333      0.000
    V156               4.852      0.301     16.146      0.000
    V157               6.995      0.442     15.835      0.000
    V158               6.594      0.423     15.577      0.000
    V160               6.247      0.381     16.417      0.000
    V161               5.956      0.357     16.682      0.000
    V163               8.362      0.469     17.836      0.000


STANDARDIZED MODEL RESULTS


STDYX Standardization

                                                    Two-Tailed
                    Estimate       S.E.  Est./S.E.    P-Value

Group SM

 F1       BY
    V151               0.482      0.020     23.881      0.000
    V153               0.669      0.015     43.678      0.000
    V154               0.752      0.013     57.911      0.000
    V155               0.769      0.013     60.884      0.000
    V156               0.560      0.018     31.560      0.000
    V157               0.592      0.018     33.264      0.000
    V158               0.666      0.016     40.834      0.000
    V160               0.538      0.019     28.653      0.000
    V161               0.472      0.019     24.357      0.000
    V163               0.071      0.024      2.951      0.003

 Means
    F1                 0.000      0.000    999.000    999.000

 Intercepts
    V151               1.035      0.028     36.660      0.000
    V153               2.536      0.049     51.247      0.000
    V154               1.996      0.040     49.603      0.000
    V155               2.765      0.053     52.534      0.000
    V156               2.498      0.048     51.916      0.000
    V157               1.286      0.032     40.496      0.000
    V158               1.356      0.032     41.903      0.000
    V160               1.434      0.033     43.094      0.000
    V161               2.347      0.046     50.487      0.000
    V163               0.995      0.028     35.156      0.000

 Variances
    F1                 1.000      0.000    999.000    999.000

 Residual Variances
    V151               0.768      0.019     39.525      0.000
    V153               0.552      0.021     26.886      0.000
    V154               0.435      0.020     22.262      0.000
    V155               0.409      0.019     21.040      0.000
    V156               0.686      0.020     34.505      0.000
    V157               0.650      0.021     30.897      0.000
    V158               0.557      0.022     25.632      0.000
    V160               0.711      0.020     35.246      0.000
    V161               0.777      0.018     42.448      0.000
    V163               0.995      0.003    287.904      0.000

Group MM

 F1       BY
    V151               0.455      0.022     20.599      0.000
    V153               0.672      0.020     33.160      0.000
    V154               0.772      0.018     43.795      0.000
    V155               0.783      0.017     45.622      0.000
    V156               0.594      0.022     26.499      0.000
    V157               0.573      0.022     25.942      0.000
    V158               0.642      0.020     32.063      0.000
    V160               0.530      0.023     23.535      0.000
    V161               0.500      0.024     20.985      0.000
    V163               0.064      0.022      2.919      0.004

 Means
    F1                 0.000      0.000    999.000    999.000

 Intercepts
    V151               0.993      0.033     30.370      0.000
    V153               2.589      0.067     38.808      0.000
    V154               2.083      0.059     35.334      0.000
    V155               2.860      0.076     37.451      0.000
    V156               2.691      0.072     37.507      0.000
    V157               1.265      0.038     32.884      0.000
    V158               1.329      0.039     33.828      0.000
    V160               1.437      0.042     34.164      0.000
    V161               2.527      0.069     36.806      0.000
    V163               0.908      0.033     27.120      0.000

 Variances
    F1                 1.000      0.000    999.000    999.000

 Residual Variances
    V151               0.793      0.020     39.537      0.000
    V153               0.548      0.027     20.102      0.000
    V154               0.404      0.027     14.852      0.000
    V155               0.387      0.027     14.420      0.000
    V156               0.647      0.027     24.336      0.000
    V157               0.672      0.025     26.602      0.000
    V158               0.587      0.026     22.827      0.000
    V160               0.719      0.024     30.122      0.000
    V161               0.750      0.024     31.471      0.000
    V163               0.996      0.003    353.914      0.000


R-SQUARE

Group SM

    Observed                                        Two-Tailed
    Variable        Estimate       S.E.  Est./S.E.    P-Value

    V151               0.232      0.019     11.940      0.000
    V153               0.448      0.021     21.839      0.000
    V154               0.565      0.020     28.956      0.000
    V155               0.591      0.019     30.442      0.000
    V156               0.314      0.020     15.780      0.000
    V157               0.350      0.021     16.632      0.000
    V158               0.443      0.022     20.417      0.000
    V160               0.289      0.020     14.327      0.000
    V161               0.223      0.018     12.178      0.000
    V163               0.005      0.003      1.475      0.140

Group MM

    Observed                                        Two-Tailed
    Variable        Estimate       S.E.  Est./S.E.    P-Value

    V151               0.207      0.020     10.299      0.000
    V153               0.452      0.027     16.580      0.000
    V154               0.596      0.027     21.897      0.000
    V155               0.613      0.027     22.811      0.000
    V156               0.353      0.027     13.249      0.000
    V157               0.328      0.025     12.971      0.000
    V158               0.413      0.026     16.031      0.000
    V160               0.281      0.024     11.767      0.000
    V161               0.250      0.024     10.492      0.000
    V163               0.004      0.003      1.459      0.144


QUALITY OF NUMERICAL RESULTS

     Condition Number for the Information Matrix              0.145E-02
       (ratio of smallest to largest eigenvalue)


MODEL MODIFICATION INDICES

NOTE:  Modification indices for direct effects of observed dependent variables
regressed on covariates may not be included.  To include these, request
MODINDICES (ALL).

Minimum M.I. value for printing the modification index    10.000

                                   M.I.     E.P.C.  Std E.P.C.  StdYX E.P.C.
Group SM


WITH Statements

V155     WITH V151                29.204    -0.658     -0.658       -0.168
V155     WITH V153                36.574     0.815      0.815        0.205
V155     WITH V154                27.315     0.692      0.692        0.195
V157     WITH V151                32.248     0.930      0.930        0.162
V157     WITH V153                23.902    -0.859     -0.859       -0.148
V157     WITH V155                32.383    -0.835     -0.835       -0.186
V158     WITH V151                73.830     1.373      1.373        0.250
V158     WITH V154                22.502    -0.786     -0.786       -0.159
V158     WITH V156                29.203    -0.965     -0.965       -0.161
V158     WITH V157                58.284     1.454      1.454        0.232
V160     WITH V151                24.303     0.766      0.766        0.137
V160     WITH V153                21.998    -0.779     -0.779       -0.138
V160     WITH V155                19.016    -0.603     -0.603       -0.138
V160     WITH V157                10.576     0.600      0.600        0.094
V160     WITH V158                56.175     1.352      1.352        0.221
V161     WITH V151                10.057    -0.523     -0.523       -0.087
V161     WITH V153                23.831     0.858      0.858        0.142
V163     WITH V153                30.995    -0.931     -0.931       -0.156
V163     WITH V156                35.675     1.047      1.047        0.163

Means/Intercepts/Thresholds

[ V154     ]                      23.955    -0.164     -0.164       -0.053
[ V158     ]                      12.042     0.126      0.126        0.038

Group MM


WITH Statements

V154     WITH V151                25.065    -1.049     -1.049       -0.236
V155     WITH V151                33.466    -1.068     -1.068       -0.273
V155     WITH V153                34.177     1.110      1.110        0.304
V155     WITH V154                57.717     1.372      1.372        0.445
V156     WITH V154                23.181     0.989      0.989        0.240
V157     WITH V151                10.089     0.880      0.880        0.140
V157     WITH V155                10.059    -0.705     -0.705       -0.162
V158     WITH V151                74.259     2.299      2.299        0.377
V158     WITH V154                30.796    -1.370     -1.370       -0.285
V158     WITH V155                11.901    -0.753     -0.753       -0.178
V158     WITH V156                11.859    -0.896     -0.896       -0.158
V158     WITH V157                23.383     1.539      1.539        0.227
V160     WITH V151                11.904     0.874      0.874        0.147
V160     WITH V153                29.385    -1.374     -1.374       -0.248
V160     WITH V155                10.960    -0.675     -0.675       -0.164
V160     WITH V157                15.389     1.189      1.189        0.180
V160     WITH V158                39.178     1.818      1.818        0.283
V163     WITH V153                25.088    -1.381     -1.381       -0.216
V163     WITH V156                10.528     0.873      0.873        0.137
V163     WITH V160                19.115     1.333      1.333        0.184

Means/Intercepts/Thresholds

[ V154     ]                      23.961     0.337      0.337        0.115
[ V158     ]                      12.040    -0.319     -0.319       -0.095



DIAGRAM INFORMATION

  Use View Diagram under the Diagram menu in the Mplus Editor to view the diagram.
  If running Mplus from the Mplus Diagrammer, the diagram opens automatically.

  Diagram output
    c:\users\msassac6\dropbox (the university of manchester)\papers\joe s\evs_mm_de_equivalence\mplus\eq\inv_data3_v151_

     Beginning Time:  13:52:07
        Ending Time:  13:52:08
       Elapsed Time:  00:00:01



MUTHEN & MUTHEN
3463 Stoner Ave.
Los Angeles, CA  90066

Tel: (310) 391-9971
Fax: (310) 391-8971
Web: www.StatModel.com
Support: Support@StatModel.com

Copyright (c) 1998-2017 Muthen & Muthen
