Mplus VERSION 8
MUTHEN & MUTHEN
07/13/2020   8:30 AM

INPUT INSTRUCTIONS

  TITLE: Your title goes here

   DATA: FILE = eq/data.dta;

   VARIABLE:

   NAMES = id_cocas weight comp_mode comp_len mode mm_matrix_group wei_mmf v2 v3 v4 v32
       v33 v34 v35 v36 v37 v46 v47 v48 v49 v50 v65 v66 v67 v68 v69 v70 v82 v83 v84 v98
       v99 v100 v101 v103 v104 v105 v106 v107 v115 v116 v117 v118 v119 v120 v121 v122
       v123 v124 v125 v126 v127 v128 v129 v130 v131 v132 v133 v134 v135 v136 v137 v138
       v139 v140 v141 v145 v146 v147 v148 v149 v150 v151 v152 v153 v154 v155 v156 v157
       v158 v159 v160 v161 v162 v163 v164 v165 v166 v167 v176 v177 v178 v179 v180 v181
       v182 v183 v185 v186 v187 v188 v189 v191 v192 v193 v194 v195 v196 v197 v199 v200
       v201 v202 v203 v205 v206 v207 v208 v209 v210 v211 v212 v213 v214 v215 v216 v217
       v218 v220 v221 v222 v223 v224 v267 v268 v269 v271 v272 v273;

   MISSING=.;

   USEVARIABLES ARE
   v185
   v186
   v187
   v188;

   GROUPING IS comp_len (0=full 1=short);

  WEIGHT IS weight;

   Analysis:

                  ESTIMATOR = MLR;
  Model:


  f1 BY v185@1
  v186 (L2)
  v187 (L3)
  v188 (L4)
  ;


   [f1@0];[v185] (i1_full);
  [v186] (i2_full);
  [v187] (i3_full);
  [v188] (i4_full);


  Model short:

  f1 BY v185@1
  v186 (L2)
  v187 (L3)
  v188 (L4)
  ;


   [f1@0];[v185] (i1_short);
  [v186] (i2_short);
  [v187] (i3_short);
  [v188] (i4_short);


   SAVEDATA: DIFFTEST IS v185_metric.dat;

   OUTPUT: SAMPSTAT;

                                  MODINDICES;

                                  STDYX;




*** WARNING in SAVEDATA command
  The DIFFTEST option is available only for the estimators MLMV, WLSMV and ULSMV.
  Request for DIFFTEST will be ignored.
*** WARNING
  Data set contains unknown or missing values for GROUPING,
  PATTERN, COHORT, CLUSTER and/or STRATIFICATION variables.
  Number of cases with unknown or missing values:  1494
*** WARNING
  Data set contains cases with missing on all variables.
  These cases were not included in the analysis.
  Number of cases with missing on all variables:  1664
   3 WARNING(S) FOUND IN THE INPUT INSTRUCTIONS



Your title goes here

SUMMARY OF ANALYSIS

Number of groups                                                 2
Number of observations
   Group FULL                                                  667
   Group SHORT                                                1591
   Total sample size                                          2258

Number of dependent variables                                    4
Number of independent variables                                  0
Number of continuous latent variables                            1

Observed dependent variables

  Continuous
   V185        V186        V187        V188

Continuous latent variables
   F1

Variables with special functions

  Grouping variable     COMP_LEN
  Weight variable       WEIGHT

Estimator                                                      MLR
Information matrix                                        OBSERVED
Maximum number of iterations                                  1000
Convergence criterion                                    0.500D-04
Maximum number of steepest descent iterations                   20
Maximum number of iterations for H1                           2000
Convergence criterion for H1                             0.100D-03

Input data file(s)
  eq/data.dta

Input data format  FREE


SUMMARY OF DATA

   Group FULL
     Number of missing data patterns            14

   Group SHORT
     Number of missing data patterns            14


COVARIANCE COVERAGE OF DATA

Minimum covariance coverage value   0.100


     PROPORTION OF DATA PRESENT FOR FULL


           Covariance Coverage
              V185          V186          V187          V188
              ________      ________      ________      ________
 V185           0.955
 V186           0.949         0.984
 V187           0.942         0.970         0.976
 V188           0.916         0.939         0.933         0.952


     PROPORTION OF DATA PRESENT FOR SHORT


           Covariance Coverage
              V185          V186          V187          V188
              ________      ________      ________      ________
 V185           0.953
 V186           0.932         0.976
 V187           0.923         0.948         0.962
 V188           0.898         0.922         0.914         0.937


SAMPLE STATISTICS


     ESTIMATED SAMPLE STATISTICS FOR FULL


           Means
              V185          V186          V187          V188
              ________      ________      ________      ________
                7.340         4.362         4.030         5.897


           Covariances
              V185          V186          V187          V188
              ________      ________      ________      ________
 V185           6.932
 V186           3.537         7.618
 V187           3.322         5.633         7.119
 V188          -1.751        -2.569        -1.959         6.282


           Correlations
              V185          V186          V187          V188
              ________      ________      ________      ________
 V185           1.000
 V186           0.487         1.000
 V187           0.473         0.765         1.000
 V188          -0.265        -0.371        -0.293         1.000


     ESTIMATED SAMPLE STATISTICS FOR SHORT


           Means
              V185          V186          V187          V188
              ________      ________      ________      ________
                7.169         4.303         4.202         5.876


           Covariances
              V185          V186          V187          V188
              ________      ________      ________      ________
 V185           6.719
 V186           3.510         7.132
 V187           3.403         5.279         7.314
 V188          -1.589        -2.090        -2.106         6.139


           Correlations
              V185          V186          V187          V188
              ________      ________      ________      ________
 V185           1.000
 V186           0.507         1.000
 V187           0.485         0.731         1.000
 V188          -0.247        -0.316        -0.314         1.000


     MAXIMUM LOG-LIKELIHOOD VALUE FOR THE UNRESTRICTED (H1) MODEL IS -19155.714


UNIVARIATE SAMPLE STATISTICS


     UNIVARIATE HIGHER-ORDER MOMENT DESCRIPTIVE STATISTICS FOR FULL

         Variable/         Mean/     Skewness/   Minimum/ % with                Percentiles
        Sample Size      Variance    Kurtosis    Maximum  Min/Max      20%/60%    40%/80%    Median

     V185                  7.342      -0.802       1.000    2.98%       5.000      7.000      8.000
             637.000       6.965      -0.394      10.000   30.14%       9.000     10.000
     V186                  4.347       0.549       1.000   19.05%       2.000      3.000      4.000
             656.000       7.608      -0.789      10.000    5.49%       5.000      7.000
     V187                  4.010       0.698       1.000   22.58%       1.000      3.000      3.000
             651.000       7.125      -0.553      10.000    4.15%       4.000      7.000
     V188                  5.921      -0.061       1.000    5.83%       4.000      5.000      6.000
             635.000       6.271      -0.715      10.000   11.02%       7.000      8.000


     UNIVARIATE HIGHER-ORDER MOMENT DESCRIPTIVE STATISTICS FOR SHORT

         Variable/         Mean/     Skewness/   Minimum/ % with                Percentiles
        Sample Size      Variance    Kurtosis    Maximum  Min/Max      20%/60%    40%/80%    Median

     V185                  7.191      -0.613       1.000    2.84%       5.000      7.000      8.000
            1516.000       6.747      -0.664      10.000   27.57%       8.000     10.000
     V186                  4.274       0.592       1.000   17.64%       2.000      3.000      4.000
            1553.000       7.123      -0.674      10.000    5.09%       5.000      7.000
     V187                  4.162       0.640       1.000   20.90%       1.000      3.000      4.000
            1531.000       7.325      -0.615      10.000    5.55%       4.000      7.000
     V188                  5.882      -0.013       1.000    5.10%       4.000      5.000      6.000
            1491.000       6.142      -0.712      10.000   11.07%       6.000      8.000


THE MODEL ESTIMATION TERMINATED NORMALLY



MODEL FIT INFORMATION

Number of Free Parameters                       21

Loglikelihood

          H0 Value                      -19162.874
          H0 Scaling Correction Factor      1.4152
            for MLR
          H1 Value                      -19155.714
          H1 Scaling Correction Factor      1.4406
            for MLR

Information Criteria

          Akaike (AIC)                   38367.749
          Bayesian (BIC)                 38487.916
          Sample-Size Adjusted BIC       38421.195
            (n* = (n + 2) / 24)

Chi-Square Test of Model Fit

          Value                              9.441*
          Degrees of Freedom                     7
          P-Value                           0.2225
          Scaling Correction Factor         1.5168
            for MLR

Chi-Square Contribution From Each Group

          FULL                               6.922
          SHORT                              2.519

*   The chi-square value for MLM, MLMV, MLR, ULSMV, WLSM and WLSMV cannot be used
    for chi-square difference testing in the regular way.  MLM, MLR and WLSM
    chi-square difference testing is described on the Mplus website.  MLMV, WLSMV,
    and ULSMV difference testing is done using the DIFFTEST option.

RMSEA (Root Mean Square Error Of Approximation)

          Estimate                           0.018
          90 Percent C.I.                    0.000  0.043
          Probability RMSEA <= .05           0.986

CFI/TLI

          CFI                                0.998
          TLI                                0.997

Chi-Square Test of Model Fit for the Baseline Model

          Value                           1419.367
          Degrees of Freedom                    12
          P-Value                           0.0000

SRMR (Standardized Root Mean Square Residual)

          Value                              0.016



MODEL RESULTS

                                                    Two-Tailed
                    Estimate       S.E.  Est./S.E.    P-Value

Group FULL

 F1       BY
    V185               1.000      0.000    999.000    999.000
    V186               1.592      0.068     23.422      0.000
    V187               1.514      0.063     24.093      0.000
    V188              -0.629      0.050    -12.677      0.000

 Means
    F1                 0.000      0.000    999.000    999.000

 Intercepts
    V185               7.341      0.118     61.982      0.000
    V186               4.362      0.124     35.230      0.000
    V187               4.031      0.121     33.384      0.000
    V188               5.898      0.112     52.456      0.000

 Variances
    F1                 2.327      0.215     10.817      0.000

 Residual Variances
    V185               4.795      0.332     14.442      0.000
    V186               1.576      0.258      6.109      0.000
    V187               1.902      0.232      8.185      0.000
    V188               5.324      0.361     14.767      0.000

Group SHORT

 F1       BY
    V185               1.000      0.000    999.000    999.000
    V186               1.592      0.068     23.422      0.000
    V187               1.514      0.063     24.093      0.000
    V188              -0.629      0.050    -12.677      0.000

 Means
    F1                 0.000      0.000    999.000    999.000

 Intercepts
    V185               7.170      0.076     94.077      0.000
    V186               4.303      0.077     56.074      0.000
    V187               4.201      0.077     54.347      0.000
    V188               5.876      0.073     80.921      0.000

 Variances
    F1                 2.190      0.175     12.547      0.000

 Residual Variances
    V185               4.455      0.203     21.905      0.000
    V186               1.646      0.197      8.368      0.000
    V187               2.239      0.244      9.179      0.000
    V188               5.288      0.212     24.991      0.000


STANDARDIZED MODEL RESULTS


STDYX Standardization

                                                    Two-Tailed
                    Estimate       S.E.  Est./S.E.    P-Value

Group FULL

 F1       BY
    V185               0.572      0.023     24.522      0.000
    V186               0.888      0.020     43.979      0.000
    V187               0.859      0.019     45.976      0.000
    V188              -0.384      0.031    -12.344      0.000

 Means
    F1                 0.000      0.000    999.000    999.000

 Intercepts
    V185               2.751      0.101     27.140      0.000
    V186               1.596      0.042     37.606      0.000
    V187               1.499      0.040     37.853      0.000
    V188               2.360      0.081     28.993      0.000

 Variances
    F1                 1.000      0.000    999.000    999.000

 Residual Variances
    V185               0.673      0.027     25.271      0.000
    V186               0.211      0.036      5.877      0.000
    V187               0.263      0.032      8.201      0.000
    V188               0.853      0.024     35.671      0.000

Group SHORT

 F1       BY
    V185               0.574      0.020     28.547      0.000
    V186               0.878      0.016     56.574      0.000
    V187               0.832      0.019     42.902      0.000
    V188              -0.375      0.028    -13.590      0.000

 Means
    F1                 0.000      0.000    999.000    999.000

 Intercepts
    V185               2.781      0.065     42.750      0.000
    V186               1.604      0.027     59.873      0.000
    V187               1.559      0.027     58.545      0.000
    V188               2.369      0.051     46.780      0.000

 Variances
    F1                 1.000      0.000    999.000    999.000

 Residual Variances
    V185               0.670      0.023     29.036      0.000
    V186               0.229      0.027      8.388      0.000
    V187               0.308      0.032      9.568      0.000
    V188               0.859      0.021     41.440      0.000


R-SQUARE

Group FULL

    Observed                                        Two-Tailed
    Variable        Estimate       S.E.  Est./S.E.    P-Value

    V185               0.327      0.027     12.261      0.000
    V186               0.789      0.036     21.989      0.000
    V187               0.737      0.032     22.988      0.000
    V188               0.147      0.024      6.172      0.000

Group SHORT

    Observed                                        Two-Tailed
    Variable        Estimate       S.E.  Est./S.E.    P-Value

    V185               0.330      0.023     14.274      0.000
    V186               0.771      0.027     28.287      0.000
    V187               0.692      0.032     21.451      0.000
    V188               0.141      0.021      6.795      0.000


QUALITY OF NUMERICAL RESULTS

     Condition Number for the Information Matrix              0.313E-02
       (ratio of smallest to largest eigenvalue)


MODEL MODIFICATION INDICES

NOTE:  Modification indices for direct effects of observed dependent variables
regressed on covariates may not be included.  To include these, request
MODINDICES (ALL).

Minimum M.I. value for printing the modification index    10.000

                                   M.I.     E.P.C.  Std E.P.C.  StdYX E.P.C.
Group FULL


No modification indices above the minimum value.

Group SHORT


No modification indices above the minimum value.



DIAGRAM INFORMATION

  Use View Diagram under the Diagram menu in the Mplus Editor to view the diagram.
  If running Mplus from the Mplus Diagrammer, the diagram opens automatically.

  Diagram output
    c:\users\msassac6\dropbox (the university of manchester)\papers\joe s\evs_mm_de_equivalence\mplus\eq\inv_data3_v185_

     Beginning Time:  08:30:05
        Ending Time:  08:30:06
       Elapsed Time:  00:00:01



MUTHEN & MUTHEN
3463 Stoner Ave.
Los Angeles, CA  90066

Tel: (310) 391-9971
Fax: (310) 391-8971
Web: www.StatModel.com
Support: Support@StatModel.com

Copyright (c) 1998-2017 Muthen & Muthen
