Mplus VERSION 8
MUTHEN & MUTHEN
12/14/2020   3:09 PM

INPUT INSTRUCTIONS

  TITLE: Your title goes here

   DATA: FILE = eq/data.dta;

   VARIABLE:

   NAMES = id_cocas weight comp_mode comp_len mode mm_matrix_group wei_mmf v2 v3 v4 v32
       v33 v34 v35 v36 v37 v46 v47 v48 v49 v50 v65 v66 v67 v68 v69 v70 v82 v83 v84 v98
       v99 v100 v101 v103 v104 v105 v106 v107 v115 v116 v117 v118 v119 v120 v121 v122
       v123 v124 v125 v126 v127 v128 v129 v130 v131 v132 v133 v134 v135 v136 v137 v138
       v139 v140 v141 v145 v146 v147 v148 v149 v150 v151 v152 v153 v154 v155 v156 v157
       v158 v159 v160 v161 v162 v163 v164 v165 v166 v167 v176 v177 v178 v179 v180 v181
       v182 v183 v185 v186 v187 v188 v189 v191 v192 v193 v194 v195 v196 v197 v199 v200
       v201 v202 v203 v205 v206 v207 v208 v209 v210 v211 v212 v213 v214 v215 v216 v217
       v218 v220 v221 v222 v223 v224 v267 v268 v269 v271 v272 v273;

   MISSING=.;

   USEVARIABLES ARE
   v133
   v135
   v136
   v138
   v141;

   GROUPING IS comp_mode (0=sm 1=mm);

  WEIGHT IS weight;

   Analysis:

                  ESTIMATOR = MLR;
  Model:


  f1 BY v133@1
  v135 (L2)
  v136 (L3)
  v138 (L4)
  v141 (L5)
  ;


   [f1@0];[v133] (i1_sm);
  [v135] (i2_sm);
  [v136] (i3_sm);
  [v138] (i4_sm);
  [v141] (i5_sm);


  Model mm:

  f1 BY v133@1
  v135 (L2)
  v136 (L3)
  v138 (L4)
  v141 (L5)
  ;


   [f1@0];[v133] (i1_mm);
  [v135] (i2_mm);
  [v136] (i3_mm);
  [v138] (i4_mm);
  [v141] (i5_mm);


   SAVEDATA: DIFFTEST IS v133_metric.dat;

   OUTPUT: SAMPSTAT;

                                  MODINDICES;

                                  STDYX;




*** WARNING in SAVEDATA command
  The DIFFTEST option is available only for the estimators MLMV, WLSMV and ULSMV.
  Request for DIFFTEST will be ignored.
*** WARNING
  Data set contains unknown or missing values for GROUPING,
  PATTERN, COHORT, CLUSTER and/or STRATIFICATION variables.
  Number of cases with unknown or missing values:  3244
*** WARNING
  Data set contains cases with missing on all variables.
  These cases were not included in the analysis.
  Number of cases with missing on all variables:  28
   3 WARNING(S) FOUND IN THE INPUT INSTRUCTIONS



Your title goes here

SUMMARY OF ANALYSIS

Number of groups                                                 2
Number of observations
   Group SM                                                   1487
   Group MM                                                    657
   Total sample size                                          2144

Number of dependent variables                                    5
Number of independent variables                                  0
Number of continuous latent variables                            1

Observed dependent variables

  Continuous
   V133        V135        V136        V138        V141

Continuous latent variables
   F1

Variables with special functions

  Grouping variable     COMP_MOD
  Weight variable       WEIGHT

Estimator                                                      MLR
Information matrix                                        OBSERVED
Maximum number of iterations                                  1000
Convergence criterion                                    0.500D-04
Maximum number of steepest descent iterations                   20
Maximum number of iterations for H1                           2000
Convergence criterion for H1                             0.100D-03

Input data file(s)
  eq/data.dta

Input data format  FREE


SUMMARY OF DATA

   Group SM
     Number of missing data patterns            16

   Group MM
     Number of missing data patterns            18


COVARIANCE COVERAGE OF DATA

Minimum covariance coverage value   0.100


     PROPORTION OF DATA PRESENT FOR SM


           Covariance Coverage
              V133          V135          V136          V138          V141
              ________      ________      ________      ________      ________
 V133           0.987
 V135           0.982         0.993
 V136           0.983         0.991         0.994
 V138           0.961         0.969         0.969         0.972
 V141           0.980         0.989         0.989         0.968         0.994


     PROPORTION OF DATA PRESENT FOR MM


           Covariance Coverage
              V133          V135          V136          V138          V141
              ________      ________      ________      ________      ________
 V133           0.939
 V135           0.924         0.979
 V136           0.922         0.953         0.970
 V138           0.889         0.921         0.913         0.930
 V141           0.927         0.970         0.959         0.927         0.988


SAMPLE STATISTICS


     ESTIMATED SAMPLE STATISTICS FOR SM


           Means
              V133          V135          V136          V138          V141
              ________      ________      ________      ________      ________
                7.479         9.361         8.133         8.429         9.485


           Covariances
              V133          V135          V136          V138          V141
              ________      ________      ________      ________      ________
 V133           6.826
 V135           0.938         2.618
 V136           1.714         1.116         4.715
 V138           1.818         1.351         1.307         5.759
 V141           0.776         0.941         0.699         0.982         2.173


           Correlations
              V133          V135          V136          V138          V141
              ________      ________      ________      ________      ________
 V133           1.000
 V135           0.222         1.000
 V136           0.302         0.318         1.000
 V138           0.290         0.348         0.251         1.000
 V141           0.202         0.395         0.218         0.278         1.000


     ESTIMATED SAMPLE STATISTICS FOR MM


           Means
              V133          V135          V136          V138          V141
              ________      ________      ________      ________      ________
                7.421         9.042         7.412         8.513         9.440


           Covariances
              V133          V135          V136          V138          V141
              ________      ________      ________      ________      ________
 V133           6.352
 V135           1.399         4.350
 V136           2.766         2.020         5.970
 V138           1.548         2.425         1.731         5.718
 V141           1.164         1.807         1.220         1.997         3.022


           Correlations
              V133          V135          V136          V138          V141
              ________      ________      ________      ________      ________
 V133           1.000
 V135           0.266         1.000
 V136           0.449         0.396         1.000
 V138           0.257         0.486         0.296         1.000
 V141           0.266         0.498         0.287         0.480         1.000


     MAXIMUM LOG-LIKELIHOOD VALUE FOR THE UNRESTRICTED (H1) MODEL IS -21533.697


UNIVARIATE SAMPLE STATISTICS


     UNIVARIATE HIGHER-ORDER MOMENT DESCRIPTIVE STATISTICS FOR SM

         Variable/         Mean/     Skewness/   Minimum/ % with                Percentiles
        Sample Size      Variance    Kurtosis    Maximum  Min/Max      20%/60%    40%/80%    Median

     V133                  7.492      -1.003       1.000    5.11%       5.000      8.000      8.000
            1467.000       6.805       0.146      10.000   31.97%       9.000     10.000
     V135                  9.362      -3.295       1.000    1.15%       9.000     10.000     10.000
            1477.000       2.619      11.540      10.000   80.03%      10.000     10.000
     V136                  8.135      -1.159       1.000    1.35%       7.000      8.000      9.000
            1478.000       4.712       0.807      10.000   42.08%      10.000     10.000
     V138                  8.429      -1.688       1.000    3.18%       7.000      9.000     10.000
            1445.000       5.768       2.051      10.000   56.96%      10.000     10.000
     V141                  9.485      -3.670       1.000    0.74%      10.000     10.000     10.000
            1478.000       2.173      14.420      10.000   84.10%      10.000     10.000


     UNIVARIATE HIGHER-ORDER MOMENT DESCRIPTIVE STATISTICS FOR MM

         Variable/         Mean/     Skewness/   Minimum/ % with                Percentiles
        Sample Size      Variance    Kurtosis    Maximum  Min/Max      20%/60%    40%/80%    Median

     V133                  7.432      -0.832       1.000    3.08%       5.000      7.000      8.000
             617.000       6.309      -0.183      10.000   30.47%       8.000     10.000
     V135                  9.039      -2.408       1.000    1.71%       9.000     10.000     10.000
             643.000       4.372       5.075      10.000   76.52%      10.000     10.000
     V136                  7.401      -0.788       1.000    2.20%       5.000      7.000      8.000
             637.000       5.970      -0.199      10.000   29.51%       8.000     10.000
     V138                  8.544      -1.774       1.000    2.62%       7.000      9.000     10.000
             611.000       5.440       2.351      10.000   59.08%      10.000     10.000
     V141                  9.441      -3.649       1.000    2.16%      10.000     10.000     10.000
             649.000       2.995      13.098      10.000   85.98%      10.000     10.000


THE MODEL ESTIMATION TERMINATED NORMALLY



MODEL FIT INFORMATION

Number of Free Parameters                       26

Loglikelihood

          H0 Value                      -21597.787
          H0 Scaling Correction Factor      2.9873
            for MLR
          H1 Value                      -21533.697
          H1 Scaling Correction Factor      2.6863
            for MLR

Information Criteria

          Akaike (AIC)                   43247.574
          Bayesian (BIC)                 43395.005
          Sample-Size Adjusted BIC       43312.400
            (n* = (n + 2) / 24)

Chi-Square Test of Model Fit

          Value                             60.251*
          Degrees of Freedom                    14
          P-Value                           0.0000
          Scaling Correction Factor         2.1274
            for MLR

Chi-Square Contribution From Each Group

          SM                                26.514
          MM                                33.737

*   The chi-square value for MLM, MLMV, MLR, ULSMV, WLSM and WLSMV cannot be used
    for chi-square difference testing in the regular way.  MLM, MLR and WLSM
    chi-square difference testing is described on the Mplus website.  MLMV, WLSMV,
    and ULSMV difference testing is done using the DIFFTEST option.

RMSEA (Root Mean Square Error Of Approximation)

          Estimate                           0.056
          90 Percent C.I.                    0.042  0.070
          Probability RMSEA <= .05           0.244

CFI/TLI

          CFI                                0.924
          TLI                                0.892

Chi-Square Test of Model Fit for the Baseline Model

          Value                            629.337
          Degrees of Freedom                    20
          P-Value                           0.0000

SRMR (Standardized Root Mean Square Residual)

          Value                              0.050



MODEL RESULTS

                                                    Two-Tailed
                    Estimate       S.E.  Est./S.E.    P-Value

Group SM

 F1       BY
    V133               1.000      0.000    999.000    999.000
    V135               1.096      0.125      8.797      0.000
    V136               1.021      0.094     10.858      0.000
    V138               1.232      0.103     12.005      0.000
    V141               0.824      0.107      7.680      0.000

 Means
    F1                 0.000      0.000    999.000    999.000

 Intercepts
    V133               7.478      0.074    101.348      0.000
    V135               9.361      0.048    194.422      0.000
    V136               8.134      0.062    131.336      0.000
    V138               8.430      0.070    121.110      0.000
    V141               9.484      0.046    207.655      0.000

 Variances
    F1                 1.015      0.202      5.019      0.000

 Residual Variances
    V133               5.668      0.300     18.919      0.000
    V135               1.433      0.181      7.916      0.000
    V136               3.632      0.240     15.150      0.000
    V138               4.149      0.326     12.739      0.000
    V141               1.521      0.199      7.662      0.000

Group MM

 F1       BY
    V133               1.000      0.000    999.000    999.000
    V135               1.096      0.125      8.797      0.000
    V136               1.021      0.094     10.858      0.000
    V138               1.232      0.103     12.005      0.000
    V141               0.824      0.107      7.680      0.000

 Means
    F1                 0.000      0.000    999.000    999.000

 Intercepts
    V133               7.418      0.115     64.461      0.000
    V135               9.038      0.097     93.200      0.000
    V136               7.408      0.110     67.257      0.000
    V138               8.514      0.107     79.785      0.000
    V141               9.442      0.078    121.718      0.000

 Variances
    F1                 1.739      0.293      5.938      0.000

 Residual Variances
    V133               4.922      0.394     12.505      0.000
    V135               2.143      0.396      5.411      0.000
    V136               4.223      0.388     10.879      0.000
    V138               3.203      0.418      7.660      0.000
    V141               1.744      0.326      5.344      0.000


STANDARDIZED MODEL RESULTS


STDYX Standardization

                                                    Two-Tailed
                    Estimate       S.E.  Est./S.E.    P-Value

Group SM

 F1       BY
    V133               0.390      0.038     10.382      0.000
    V135               0.678      0.038     17.745      0.000
    V136               0.475      0.041     11.675      0.000
    V138               0.520      0.037     14.248      0.000
    V141               0.558      0.044     12.565      0.000

 Means
    F1                 0.000      0.000    999.000    999.000

 Intercepts
    V133               2.893      0.083     35.004      0.000
    V135               5.746      0.333     17.257      0.000
    V136               3.756      0.114     33.052      0.000
    V138               3.534      0.130     27.259      0.000
    V141               6.380      0.415     15.372      0.000

 Variances
    F1                 1.000      0.000    999.000    999.000

 Residual Variances
    V133               0.848      0.029     28.986      0.000
    V135               0.540      0.052     10.420      0.000
    V136               0.774      0.039     20.037      0.000
    V138               0.729      0.038     19.183      0.000
    V141               0.688      0.050     13.880      0.000

Group MM

 F1       BY
    V133               0.511      0.038     13.336      0.000
    V135               0.703      0.059     11.962      0.000
    V136               0.548      0.049     11.173      0.000
    V138               0.672      0.046     14.624      0.000
    V141               0.635      0.061     10.424      0.000

 Means
    F1                 0.000      0.000    999.000    999.000

 Intercepts
    V133               2.874      0.125     22.957      0.000
    V135               4.393      0.309     14.221      0.000
    V136               3.015      0.140     21.555      0.000
    V138               3.522      0.209     16.834      0.000
    V141               5.522      0.477     11.572      0.000

 Variances
    F1                 1.000      0.000    999.000    999.000

 Residual Variances
    V133               0.739      0.039     18.871      0.000
    V135               0.506      0.083      6.129      0.000
    V136               0.700      0.054     13.012      0.000
    V138               0.548      0.062      8.870      0.000
    V141               0.597      0.077      7.706      0.000


R-SQUARE

Group SM

    Observed                                        Two-Tailed
    Variable        Estimate       S.E.  Est./S.E.    P-Value

    V133               0.152      0.029      5.191      0.000
    V135               0.460      0.052      8.872      0.000
    V136               0.226      0.039      5.837      0.000
    V138               0.271      0.038      7.124      0.000
    V141               0.312      0.050      6.283      0.000

Group MM

    Observed                                        Two-Tailed
    Variable        Estimate       S.E.  Est./S.E.    P-Value

    V133               0.261      0.039      6.668      0.000
    V135               0.494      0.083      5.981      0.000
    V136               0.300      0.054      5.586      0.000
    V138               0.452      0.062      7.312      0.000
    V141               0.403      0.077      5.212      0.000


QUALITY OF NUMERICAL RESULTS

     Condition Number for the Information Matrix              0.576E-03
       (ratio of smallest to largest eigenvalue)


MODEL MODIFICATION INDICES

NOTE:  Modification indices for direct effects of observed dependent variables
regressed on covariates may not be included.  To include these, request
MODINDICES (ALL).

Minimum M.I. value for printing the modification index    10.000

                                   M.I.     E.P.C.  Std E.P.C.  StdYX E.P.C.
Group SM


WITH Statements

V136     WITH V133                14.402     0.744      0.744        0.164

Group MM


WITH Statements

V136     WITH V133                22.241     1.490      1.490        0.327



DIAGRAM INFORMATION

  Use View Diagram under the Diagram menu in the Mplus Editor to view the diagram.
  If running Mplus from the Mplus Diagrammer, the diagram opens automatically.

  Diagram output
    c:\users\msassac6\dropbox (the university of manchester)\papers\joe s\evs_mm_de_equivalence\mplus\eq\inv_data3_v133_

     Beginning Time:  15:09:49
        Ending Time:  15:09:50
       Elapsed Time:  00:00:01



MUTHEN & MUTHEN
3463 Stoner Ave.
Los Angeles, CA  90066

Tel: (310) 391-9971
Fax: (310) 391-8971
Web: www.StatModel.com
Support: Support@StatModel.com

Copyright (c) 1998-2017 Muthen & Muthen
