Mplus VERSION 8
MUTHEN & MUTHEN
12/14/2020   3:09 PM

INPUT INSTRUCTIONS

  TITLE: Your title goes here

   DATA: FILE = eq/data.dta;

   VARIABLE:

   NAMES = id_cocas weight comp_mode comp_len mode mm_matrix_group wei_mmf v2 v3 v4 v32
       v33 v34 v35 v36 v37 v46 v47 v48 v49 v50 v65 v66 v67 v68 v69 v70 v82 v83 v84 v98
       v99 v100 v101 v103 v104 v105 v106 v107 v115 v116 v117 v118 v119 v120 v121 v122
       v123 v124 v125 v126 v127 v128 v129 v130 v131 v132 v133 v134 v135 v136 v137 v138
       v139 v140 v141 v145 v146 v147 v148 v149 v150 v151 v152 v153 v154 v155 v156 v157
       v158 v159 v160 v161 v162 v163 v164 v165 v166 v167 v176 v177 v178 v179 v180 v181
       v182 v183 v185 v186 v187 v188 v189 v191 v192 v193 v194 v195 v196 v197 v199 v200
       v201 v202 v203 v205 v206 v207 v208 v209 v210 v211 v212 v213 v214 v215 v216 v217
       v218 v220 v221 v222 v223 v224 v267 v268 v269 v271 v272 v273;

   MISSING=.;

   USEVARIABLES ARE
   v134
   v137
   v139
   v140;

   GROUPING IS comp_mode (0=sm 1=mm);

  WEIGHT IS weight;

   Analysis:

                  ESTIMATOR = MLR;
  Model:


  f1 BY v134@1
  v137 (L2)
  v139 (L3)
  v140 (L4)
  ;


   [f1@0];[v134] (i1);
  [v137] (i2);
  [v139] (i3);
  [v140] (i4);


  Model mm:

  f1 BY v134@1
  v137 (L2)
  v139 (L3)
  v140 (L4)
  ;


   [f1@0];[v134] (i1);
  [v137] (i2);
  [v139] (i3);
  [v140] (i4);


   SAVEDATA: DIFFTEST IS v134_scalar.dat;

   OUTPUT: SAMPSTAT;

                                  MODINDICES;

                                  STDYX;




*** WARNING in SAVEDATA command
  The DIFFTEST option is available only for the estimators MLMV, WLSMV and ULSMV.
  Request for DIFFTEST will be ignored.
*** WARNING
  Data set contains unknown or missing values for GROUPING,
  PATTERN, COHORT, CLUSTER and/or STRATIFICATION variables.
  Number of cases with unknown or missing values:  3244
*** WARNING
  Data set contains cases with missing on all variables.
  These cases were not included in the analysis.
  Number of cases with missing on all variables:  47
   3 WARNING(S) FOUND IN THE INPUT INSTRUCTIONS



Your title goes here

SUMMARY OF ANALYSIS

Number of groups                                                 2
Number of observations
   Group SM                                                   1479
   Group MM                                                    646
   Total sample size                                          2125

Number of dependent variables                                    4
Number of independent variables                                  0
Number of continuous latent variables                            1

Observed dependent variables

  Continuous
   V134        V137        V139        V140

Continuous latent variables
   F1

Variables with special functions

  Grouping variable     COMP_MOD
  Weight variable       WEIGHT

Estimator                                                      MLR
Information matrix                                        OBSERVED
Maximum number of iterations                                  1000
Convergence criterion                                    0.500D-04
Maximum number of steepest descent iterations                   20
Maximum number of iterations for H1                           2000
Convergence criterion for H1                             0.100D-03

Input data file(s)
  eq/data.dta

Input data format  FREE


SUMMARY OF DATA

   Group SM
     Number of missing data patterns            15

   Group MM
     Number of missing data patterns            15


COVARIANCE COVERAGE OF DATA

Minimum covariance coverage value   0.100


     PROPORTION OF DATA PRESENT FOR SM


           Covariance Coverage
              V134          V137          V139          V140
              ________      ________      ________      ________
 V134           0.905
 V137           0.867         0.909
 V139           0.892         0.897         0.984
 V140           0.874         0.882         0.919         0.932


     PROPORTION OF DATA PRESENT FOR MM


           Covariance Coverage
              V134          V137          V139          V140
              ________      ________      ________      ________
 V134           0.940
 V137           0.890         0.918
 V139           0.893         0.873         0.943
 V140           0.899         0.879         0.902         0.944


SAMPLE STATISTICS


     ESTIMATED SAMPLE STATISTICS FOR SM


           Means
              V134          V137          V139          V140
              ________      ________      ________      ________
                1.756         2.534         5.285         2.654


           Covariances
              V134          V137          V139          V140
              ________      ________      ________      ________
 V134           2.854
 V137           1.248         6.303
 V139           0.543         0.835         9.489
 V140           1.342         1.910         1.361         6.010


           Correlations
              V134          V137          V139          V140
              ________      ________      ________      ________
 V134           1.000
 V137           0.294         1.000
 V139           0.104         0.108         1.000
 V140           0.324         0.310         0.180         1.000


     ESTIMATED SAMPLE STATISTICS FOR MM


           Means
              V134          V137          V139          V140
              ________      ________      ________      ________
                1.828         2.719         5.655         2.650


           Covariances
              V134          V137          V139          V140
              ________      ________      ________      ________
 V134           2.939
 V137           1.133         6.450
 V139           0.367         1.407         9.814
 V140           1.494         1.432         0.965         5.476


           Correlations
              V134          V137          V139          V140
              ________      ________      ________      ________
 V134           1.000
 V137           0.260         1.000
 V139           0.068         0.177         1.000
 V140           0.372         0.241         0.132         1.000


     MAXIMUM LOG-LIKELIHOOD VALUE FOR THE UNRESTRICTED (H1) MODEL IS -17798.948


UNIVARIATE SAMPLE STATISTICS


     UNIVARIATE HIGHER-ORDER MOMENT DESCRIPTIVE STATISTICS FOR SM

         Variable/         Mean/     Skewness/   Minimum/ % with                Percentiles
        Sample Size      Variance    Kurtosis    Maximum  Min/Max      20%/60%    40%/80%    Median

     V134                  1.750       2.831       1.000   75.65%       1.000      1.000      1.000
            1339.000       2.847       8.403      10.000    0.97%       1.000      2.000
     V137                  2.515       1.662       1.000   62.20%       1.000      1.000      1.000
            1344.000       6.249       1.649      10.000    2.98%       1.000      4.000
     V139                  5.290       0.071       1.000   17.80%       2.000      4.000      5.000
            1455.000       9.491      -1.268      10.000   13.20%       6.000      8.000
     V140                  2.660       1.473       1.000   57.26%       1.000      1.000      1.000
            1378.000       6.002       1.216      10.000    2.69%       2.000      5.000


     UNIVARIATE HIGHER-ORDER MOMENT DESCRIPTIVE STATISTICS FOR MM

         Variable/         Mean/     Skewness/   Minimum/ % with                Percentiles
        Sample Size      Variance    Kurtosis    Maximum  Min/Max      20%/60%    40%/80%    Median

     V134                  1.818       2.450       1.000   76.44%       1.000      1.000      1.000
             607.000       2.929       5.892      10.000    0.66%       1.000      2.000
     V137                  2.710       1.466       1.000   59.53%       1.000      1.000      1.000
             593.000       6.448       1.099      10.000    2.53%       2.000      4.000
     V139                  5.661      -0.136       1.000   18.56%       2.000      4.000      5.000
             609.000       9.821      -1.302      10.000   15.93%       7.000      9.000
     V140                  2.609       1.405       1.000   55.08%       1.000      1.000      1.000
             610.000       5.365       0.964      10.000    1.48%       2.000      5.000


THE MODEL ESTIMATION TERMINATED NORMALLY



MODEL FIT INFORMATION

Number of Free Parameters                       17

Loglikelihood

          H0 Value                      -17811.398
          H0 Scaling Correction Factor      2.1004
            for MLR
          H1 Value                      -17798.948
          H1 Scaling Correction Factor      1.7982
            for MLR

Information Criteria

          Akaike (AIC)                   35656.796
          Bayesian (BIC)                 35753.042
          Sample-Size Adjusted BIC       35699.031
            (n* = (n + 2) / 24)

Chi-Square Test of Model Fit

          Value                             18.705*
          Degrees of Freedom                    11
          P-Value                           0.0666
          Scaling Correction Factor         1.3312
            for MLR

Chi-Square Contribution From Each Group

          SM                                 5.927
          MM                                12.778

*   The chi-square value for MLM, MLMV, MLR, ULSMV, WLSM and WLSMV cannot be used
    for chi-square difference testing in the regular way.  MLM, MLR and WLSM
    chi-square difference testing is described on the Mplus website.  MLMV, WLSMV,
    and ULSMV difference testing is done using the DIFFTEST option.

RMSEA (Root Mean Square Error Of Approximation)

          Estimate                           0.026
          90 Percent C.I.                    0.000  0.045
          Probability RMSEA <= .05           0.983

CFI/TLI

          CFI                                0.974
          TLI                                0.972

Chi-Square Test of Model Fit for the Baseline Model

          Value                            311.438
          Degrees of Freedom                    12
          P-Value                           0.0000

SRMR (Standardized Root Mean Square Residual)

          Value                              0.028



MODEL RESULTS

                                                    Two-Tailed
                    Estimate       S.E.  Est./S.E.    P-Value

Group SM

 F1       BY
    V134               1.000      0.000    999.000    999.000
    V137               1.331      0.162      8.209      0.000
    V139               0.782      0.155      5.054      0.000
    V140               1.574      0.197      7.987      0.000

 Means
    F1                 0.000      0.000    999.000    999.000

 Intercepts
    V134               1.778      0.044     40.057      0.000
    V137               2.587      0.064     40.529      0.000
    V139               5.392      0.073     73.529      0.000
    V140               2.652      0.060     43.887      0.000

 Variances
    F1                 0.893      0.188      4.742      0.000

 Residual Variances
    V134               1.988      0.213      9.336      0.000
    V137               4.674      0.384     12.162      0.000
    V139               8.948      0.266     33.584      0.000
    V140               3.790      0.360     10.539      0.000

Group MM

 F1       BY
    V134               1.000      0.000    999.000    999.000
    V137               1.331      0.162      8.209      0.000
    V139               0.782      0.155      5.054      0.000
    V140               1.574      0.197      7.987      0.000

 Means
    F1                 0.000      0.000    999.000    999.000

 Intercepts
    V134               1.778      0.044     40.057      0.000
    V137               2.587      0.064     40.529      0.000
    V139               5.392      0.073     73.529      0.000
    V140               2.652      0.060     43.887      0.000

 Variances
    F1                 0.843      0.220      3.827      0.000

 Residual Variances
    V134               2.036      0.312      6.515      0.000
    V137               5.093      0.531      9.583      0.000
    V139               9.388      0.390     24.042      0.000
    V140               3.412      0.448      7.622      0.000


STANDARDIZED MODEL RESULTS


STDYX Standardization

                                                    Two-Tailed
                    Estimate       S.E.  Est./S.E.    P-Value

Group SM

 F1       BY
    V134               0.557      0.046     12.223      0.000
    V137               0.503      0.047     10.704      0.000
    V139               0.240      0.035      6.768      0.000
    V140               0.607      0.045     13.345      0.000

 Means
    F1                 0.000      0.000    999.000    999.000

 Intercepts
    V134               1.047      0.036     29.226      0.000
    V137               1.034      0.019     54.466      0.000
    V139               1.750      0.030     58.251      0.000
    V140               1.083      0.022     48.662      0.000

 Variances
    F1                 1.000      0.000    999.000    999.000

 Residual Variances
    V134               0.690      0.051     13.609      0.000
    V137               0.747      0.047     15.805      0.000
    V139               0.942      0.017     55.464      0.000
    V140               0.631      0.055     11.434      0.000

Group MM

 F1       BY
    V134               0.541      0.062      8.680      0.000
    V137               0.476      0.050      9.592      0.000
    V139               0.228      0.038      5.932      0.000
    V140               0.616      0.055     11.206      0.000

 Means
    F1                 0.000      0.000    999.000    999.000

 Intercepts
    V134               1.048      0.056     18.781      0.000
    V137               1.008      0.041     24.792      0.000
    V139               1.713      0.042     41.090      0.000
    V140               1.131      0.038     29.414      0.000

 Variances
    F1                 1.000      0.000    999.000    999.000

 Residual Variances
    V134               0.707      0.067     10.480      0.000
    V137               0.773      0.047     16.344      0.000
    V139               0.948      0.018     54.007      0.000
    V140               0.620      0.068      9.156      0.000


R-SQUARE

Group SM

    Observed                                        Two-Tailed
    Variable        Estimate       S.E.  Est./S.E.    P-Value

    V134               0.310      0.051      6.111      0.000
    V137               0.253      0.047      5.352      0.000
    V139               0.058      0.017      3.384      0.001
    V140               0.369      0.055      6.672      0.000

Group MM

    Observed                                        Two-Tailed
    Variable        Estimate       S.E.  Est./S.E.    P-Value

    V134               0.293      0.067      4.340      0.000
    V137               0.227      0.047      4.796      0.000
    V139               0.052      0.018      2.966      0.003
    V140               0.380      0.068      5.603      0.000


QUALITY OF NUMERICAL RESULTS

     Condition Number for the Information Matrix              0.957E-02
       (ratio of smallest to largest eigenvalue)


MODEL MODIFICATION INDICES

NOTE:  Modification indices for direct effects of observed dependent variables
regressed on covariates may not be included.  To include these, request
MODINDICES (ALL).

Minimum M.I. value for printing the modification index    10.000

                                   M.I.     E.P.C.  Std E.P.C.  StdYX E.P.C.
Group SM


No modification indices above the minimum value.

Group MM


No modification indices above the minimum value.



DIAGRAM INFORMATION

  Use View Diagram under the Diagram menu in the Mplus Editor to view the diagram.
  If running Mplus from the Mplus Diagrammer, the diagram opens automatically.

  Diagram output
    c:\users\msassac6\dropbox (the university of manchester)\papers\joe s\evs_mm_de_equivalence\mplus\eq\inv_data3_v134_

     Beginning Time:  15:09:28
        Ending Time:  15:09:28
       Elapsed Time:  00:00:00



MUTHEN & MUTHEN
3463 Stoner Ave.
Los Angeles, CA  90066

Tel: (310) 391-9971
Fax: (310) 391-8971
Web: www.StatModel.com
Support: Support@StatModel.com

Copyright (c) 1998-2017 Muthen & Muthen
