Mplus VERSION 8
MUTHEN & MUTHEN
07/13/2020   8:32 AM

INPUT INSTRUCTIONS

  TITLE: Your title goes here

   DATA: FILE = eq/data.dta;

   VARIABLE:

   NAMES = id_cocas weight comp_mode comp_len mode mm_matrix_group wei_mmf v2 v3 v4 v32
       v33 v34 v35 v36 v37 v46 v47 v48 v49 v50 v65 v66 v67 v68 v69 v70 v82 v83 v84 v98
       v99 v100 v101 v103 v104 v105 v106 v107 v115 v116 v117 v118 v119 v120 v121 v122
       v123 v124 v125 v126 v127 v128 v129 v130 v131 v132 v133 v134 v135 v136 v137 v138
       v139 v140 v141 v145 v146 v147 v148 v149 v150 v151 v152 v153 v154 v155 v156 v157
       v158 v159 v160 v161 v162 v163 v164 v165 v166 v167 v176 v177 v178 v179 v180 v181
       v182 v183 v185 v186 v187 v188 v189 v191 v192 v193 v194 v195 v196 v197 v199 v200
       v201 v202 v203 v205 v206 v207 v208 v209 v210 v211 v212 v213 v214 v215 v216 v217
       v218 v220 v221 v222 v223 v224 v267 v268 v269 v271 v272 v273;

   MISSING=.;

   USEVARIABLES ARE
   v98
   v99
   v100
   v101;

   CATEGORICAL ARE
   v98
   v99
   v100
   v101;

   GROUPING IS comp_mode (0=sm 1=mm);

  WEIGHT IS weight;

   Analysis:

                  ESTIMATOR = WLSMV;

                  ITERATIONS = 100000;

                  PARAMETERIZATION = THETA;

  Model:


  f1 BY v98@1
  v99 (L2_sm)
  v100 (L3_sm)
  v101 (L4_sm)
  ;


   [f1@0];
  [v98$1] (t_v98_1);
  [v98$2] (t_v98_2);

  [v99$1] (t_v99_1);
  [v99$2] (t_v99_2_sm);

  [v100$1] (t_v100_1);
  [v100$2] (t_v100_2_sm);

  [v101$1] (t_v101_1);
  [v101$2] (t_v101_2_sm);


  Model mm:

  f1 BY v98@1
  v99 (L2_mm)
  v100 (L3_mm)
  v101 (L4_mm)
  ;


   [f1@0];
  [v98$1] (t_v98_1);
  [v98$2] (t_v98_2);

  [v99$1] (t_v99_1);
  [v99$2] (t_v99_2_mm);

  [v100$1] (t_v100_1);
  [v100$2] (t_v100_2_mm);

  [v101$1] (t_v101_1);
  [v101$2] (t_v101_2_mm);


   SAVEDATA: DIFFTEST IS v98_config.dat;

   OUTPUT: SAMPSTAT;

                                  MODINDICES;

                                  STDYX;




*** WARNING
  Data set contains unknown or missing values for GROUPING,
  PATTERN, COHORT, CLUSTER and/or STRATIFICATION variables.
  Number of cases with unknown or missing values:  3244
*** WARNING
  Data set contains cases with missing on all variables.
  These cases were not included in the analysis.
  Number of cases with missing on all variables:  43
   2 WARNING(S) FOUND IN THE INPUT INSTRUCTIONS



Your title goes here

SUMMARY OF ANALYSIS

Number of groups                                                 2
Number of observations
   Group SM                                                   1483
   Group MM                                                    646
   Total sample size                                          2129

Number of dependent variables                                    4
Number of independent variables                                  0
Number of continuous latent variables                            1

Observed dependent variables

  Binary and ordered categorical (ordinal)
   V98         V99         V100        V101

Continuous latent variables
   F1

Variables with special functions

  Grouping variable     COMP_MOD
  Weight variable       WEIGHT

Estimator                                                    WLSMV
Maximum number of iterations                                100000
Convergence criterion                                    0.500D-04
Maximum number of steepest descent iterations                   20
Maximum number of iterations for H1                           2000
Convergence criterion for H1                             0.100D-03
Parameterization                                             THETA
Link                                                        PROBIT

Input data file(s)
  eq/data.dta

Input data format  FREE


SUMMARY OF DATA

   Group SM
     Number of missing data patterns            10

   Group MM
     Number of missing data patterns            14


COVARIANCE COVERAGE OF DATA

Minimum covariance coverage value   0.100


     PROPORTION OF DATA PRESENT FOR SM


           Covariance Coverage
              V98           V99           V100          V101
              ________      ________      ________      ________
 V98            0.993
 V99            0.962         0.966
 V100           0.982         0.961         0.989
 V101           0.954         0.939         0.954         0.961


     PROPORTION OF DATA PRESENT FOR MM


           Covariance Coverage
              V98           V99           V100          V101
              ________      ________      ________      ________
 V98            0.969
 V99            0.768         0.783
 V100           0.868         0.735         0.892
 V101           0.734         0.672         0.717         0.754


UNIVARIATE PROPORTIONS AND COUNTS FOR CATEGORICAL VARIABLES

  Group SM
    V98
      Category 1    0.599          881.256
      Category 2    0.236          347.777
      Category 3    0.165          242.052
    V99
      Category 1    0.118          168.826
      Category 2    0.363          519.475
      Category 3    0.519          741.234
    V100
      Category 1    0.330          483.525
      Category 2    0.354          519.526
      Category 3    0.316          463.707
    V101
      Category 1    0.042           59.765
      Category 2    0.249          355.149
      Category 3    0.709         1011.124

  Group MM
    V98
      Category 1    0.670          414.578
      Category 2    0.223          138.113
      Category 3    0.107           66.440
    V99
      Category 1    0.091           45.661
      Category 2    0.461          232.105
      Category 3    0.449          226.140
    V100
      Category 1    0.326          185.104
      Category 2    0.472          267.796
      Category 3    0.202          114.352
    V101
      Category 1    0.040           20.105
      Category 2    0.284          141.189
      Category 3    0.676          335.788


SAMPLE STATISTICS


     ESTIMATED SAMPLE STATISTICS FOR SM


           MEANS/INTERCEPTS/THRESHOLDS
              V98$1         V98$2         V99$1         V99$2         V100$1
              ________      ________      ________      ________      ________
                0.251         0.976        -1.185        -0.046        -0.441


           MEANS/INTERCEPTS/THRESHOLDS
              V100$2        V101$1        V101$2
              ________      ________      ________
                0.479        -1.729        -0.551


           CORRELATION MATRIX (WITH VARIANCES ON THE DIAGONAL)
              V98           V99           V100          V101
              ________      ________      ________      ________
 V98
 V99            0.585
 V100           0.654         0.609
 V101           0.420         0.582         0.620


     ESTIMATED SAMPLE STATISTICS FOR MM


           MEANS/INTERCEPTS/THRESHOLDS
              V98$1         V98$2         V99$1         V99$2         V100$1
              ________      ________      ________      ________      ________
                0.439         1.241        -1.337         0.129        -0.450


           MEANS/INTERCEPTS/THRESHOLDS
              V100$2        V101$1        V101$2
              ________      ________      ________
                0.836        -1.746        -0.455


           CORRELATION MATRIX (WITH VARIANCES ON THE DIAGONAL)
              V98           V99           V100          V101
              ________      ________      ________      ________
 V98
 V99            0.494
 V100           0.612         0.614
 V101           0.405         0.672         0.588


THE MODEL ESTIMATION TERMINATED NORMALLY



MODEL FIT INFORMATION

Number of Free Parameters                       23

Chi-Square Test of Model Fit

          Value                             43.762*
          Degrees of Freedom                     5
          P-Value                           0.0000

Chi-Square Contribution From Each Group

          SM                                26.491
          MM                                17.271

*   The chi-square value for MLM, MLMV, MLR, ULSMV, WLSM and WLSMV cannot be used
    for chi-square difference testing in the regular way.  MLM, MLR and WLSM
    chi-square difference testing is described on the Mplus website.  MLMV, WLSMV,
    and ULSMV difference testing is done using the DIFFTEST option.

RMSEA (Root Mean Square Error Of Approximation)

          Estimate                           0.085
          90 Percent C.I.                    0.063  0.109
          Probability RMSEA <= .05           0.005

CFI/TLI

          CFI                                0.989
          TLI                                0.973

Chi-Square Test of Model Fit for the Baseline Model

          Value                           3409.919
          Degrees of Freedom                    12
          P-Value                           0.0000

WRMR (Weighted Root Mean Square Residual)

          Value                              1.371



MODEL RESULTS

                                                    Two-Tailed
                    Estimate       S.E.  Est./S.E.    P-Value

Group SM

 F1       BY
    V98                1.000      0.000    999.000    999.000
    V99                1.069      0.106     10.108      0.000
    V100               1.438      0.176      8.169      0.000
    V101               0.924      0.095      9.745      0.000

 Means
    F1                 0.000      0.000    999.000    999.000

 Thresholds
    V98$1              0.421      0.046      9.214      0.000
    V98$2              1.435      0.082     17.501      0.000
    V99$1             -1.836      0.092    -19.852      0.000
    V99$2             -0.072      0.055     -1.312      0.190
    V100$1            -0.829      0.077    -10.710      0.000
    V100$2             0.900      0.080     11.275      0.000
    V101$1            -2.474      0.109    -22.663      0.000
    V101$2            -0.788      0.061    -12.861      0.000

 Variances
    F1                 1.227      0.187      6.550      0.000

 Residual Variances
    V98                1.000      0.000    999.000    999.000
    V99                1.000      0.000    999.000    999.000
    V100               1.000      0.000    999.000    999.000
    V101               1.000      0.000    999.000    999.000

Group MM

 F1       BY
    V98                1.000      0.000    999.000    999.000
    V99                1.430      0.222      6.453      0.000
    V100               1.928      0.433      4.456      0.000
    V101               1.416      0.225      6.305      0.000

 Means
    F1                 0.000      0.000    999.000    999.000

 Thresholds
    V98$1              0.421      0.046      9.214      0.000
    V98$2              1.435      0.082     17.501      0.000
    V99$1             -1.836      0.092    -19.852      0.000
    V99$2              0.177      0.091      1.934      0.053
    V100$1            -0.829      0.077    -10.710      0.000
    V100$2             1.539      0.309      4.977      0.000
    V101$1            -2.474      0.109    -22.663      0.000
    V101$2            -0.646      0.093     -6.932      0.000

 Variances
    F1                 0.592      0.145      4.086      0.000

 Residual Variances
    V98                0.670      0.132      5.059      0.000
    V99                0.675      0.160      4.203      0.000
    V100               1.188      0.422      2.816      0.005
    V101               0.826      0.168      4.915      0.000


STANDARDIZED MODEL RESULTS


STDYX Standardization

                                                    Two-Tailed
                    Estimate       S.E.  Est./S.E.    P-Value

Group SM

 F1       BY
    V98                0.742      0.025     29.168      0.000
    V99                0.764      0.022     34.517      0.000
    V100               0.847      0.019     44.803      0.000
    V101               0.715      0.025     28.507      0.000

 Means
    F1                 0.000      0.000    999.000    999.000

 Thresholds
    V98$1              0.282      0.029      9.601      0.000
    V98$2              0.962      0.046     20.695      0.000
    V99$1             -1.185      0.043    -27.681      0.000
    V99$2             -0.046      0.035     -1.324      0.186
    V100$1            -0.441      0.035    -12.567      0.000
    V100$2             0.479      0.038     12.736      0.000
    V101$1            -1.729      0.059    -29.246      0.000
    V101$2            -0.551      0.036    -15.125      0.000

 Variances
    F1                 1.000      0.000    999.000    999.000

 Residual Variances
    V98                0.449      0.038     11.890      0.000
    V99                0.416      0.034     12.316      0.000
    V100               0.283      0.032      8.831      0.000
    V101               0.488      0.036     13.602      0.000

Group MM

 F1       BY
    V98                0.685      0.045     15.116      0.000
    V99                0.801      0.042     19.250      0.000
    V100               0.806      0.034     23.761      0.000
    V101               0.768      0.042     18.292      0.000

 Means
    F1                 0.000      0.000    999.000    999.000

 Thresholds
    V98$1              0.375      0.042      8.933      0.000
    V98$2              1.277      0.086     14.849      0.000
    V99$1             -1.337      0.081    -16.460      0.000
    V99$2              0.129      0.064      2.026      0.043
    V100$1            -0.450      0.058     -7.735      0.000
    V100$2             0.836      0.070     11.882      0.000
    V101$1            -1.745      0.107    -16.342      0.000
    V101$2            -0.455      0.065     -7.037      0.000

 Variances
    F1                 1.000      0.000    999.000    999.000

 Residual Variances
    V98                0.531      0.062      8.552      0.000
    V99                0.358      0.067      5.363      0.000
    V100               0.351      0.055      6.414      0.000
    V101               0.410      0.064      6.365      0.000


R-SQUARE

Group SM

    Observed                                        Two-Tailed     Scale
    Variable        Estimate       S.E.  Est./S.E.    P-Value     Factors

    V98                0.551      0.038     14.584      0.000      0.670
    V99                0.584      0.034     17.259      0.000      0.645
    V100               0.717      0.032     22.401      0.000      0.532
    V101               0.512      0.036     14.253      0.000      0.699

Group MM

    Observed                                        Two-Tailed     Scale
    Variable        Estimate       S.E.  Est./S.E.    P-Value     Factors

    V98                0.469      0.062      7.558      0.000      0.890
    V99                0.642      0.067      9.625      0.000      0.728
    V100               0.649      0.055     11.880      0.000      0.543
    V101               0.590      0.064      9.146      0.000      0.705


QUALITY OF NUMERICAL RESULTS

     Condition Number for the Information Matrix              0.227E-02
       (ratio of smallest to largest eigenvalue)


MODEL MODIFICATION INDICES

NOTE:  Modification indices for direct effects of observed dependent variables
regressed on covariates and residual covariances among observed dependent
variables may not be included.  To include these, request MODINDICES (ALL).

Minimum M.I. value for printing the modification index    10.000

                                   M.I.     E.P.C.  Std E.P.C.  StdYX E.P.C.
Group SM


WITH Statements

V100     WITH V99                 24.669    -0.668     -0.668       -0.668
V101     WITH V98                 24.440    -0.400     -0.400       -0.400

Group MM


No modification indices above the minimum value.



SAVEDATA INFORMATION


  Difference testing

  Save file
    v98_config.dat
  Save format      Free

DIAGRAM INFORMATION

  Use View Diagram under the Diagram menu in the Mplus Editor to view the diagram.
  If running Mplus from the Mplus Diagrammer, the diagram opens automatically.

  Diagram output
    c:\users\msassac6\dropbox (the university of manchester)\papers\joe s\evs_mm_de_equivalence\mplus\eq\inv_data3_v98_c

     Beginning Time:  08:32:40
        Ending Time:  08:32:41
       Elapsed Time:  00:00:01



MUTHEN & MUTHEN
3463 Stoner Ave.
Los Angeles, CA  90066

Tel: (310) 391-9971
Fax: (310) 391-8971
Web: www.StatModel.com
Support: Support@StatModel.com

Copyright (c) 1998-2017 Muthen & Muthen
