Mplus VERSION 8
MUTHEN & MUTHEN
07/13/2020   8:29 AM

INPUT INSTRUCTIONS

  TITLE: Your title goes here

   DATA: FILE = eq/data.dta;

   VARIABLE:

   NAMES = id_cocas weight comp_mode comp_len mode mm_matrix_group wei_mmf v2 v3 v4 v32
       v33 v34 v35 v36 v37 v46 v47 v48 v49 v50 v65 v66 v67 v68 v69 v70 v82 v83 v84 v98
       v99 v100 v101 v103 v104 v105 v106 v107 v115 v116 v117 v118 v119 v120 v121 v122
       v123 v124 v125 v126 v127 v128 v129 v130 v131 v132 v133 v134 v135 v136 v137 v138
       v139 v140 v141 v145 v146 v147 v148 v149 v150 v151 v152 v153 v154 v155 v156 v157
       v158 v159 v160 v161 v162 v163 v164 v165 v166 v167 v176 v177 v178 v179 v180 v181
       v182 v183 v185 v186 v187 v188 v189 v191 v192 v193 v194 v195 v196 v197 v199 v200
       v201 v202 v203 v205 v206 v207 v208 v209 v210 v211 v212 v213 v214 v215 v216 v217
       v218 v220 v221 v222 v223 v224 v267 v268 v269 v271 v272 v273;

   MISSING=.;

   USEVARIABLES ARE
   v199
   v200
   v201
   v202
   v203;

   GROUPING IS comp_len (0=full 1=short);

  WEIGHT IS weight;

   Analysis:

                  ESTIMATOR = MLR;
  Model:


  f1 BY v199@1
  v200 (L2)
  v201 (L3)
  v202 (L4)
  v203 (L5)
  ;


   [f1@0];[v199] (i1_full);
  [v200] (i2_full);
  [v201] (i3_full);
  [v202] (i4_full);
  [v203] (i5_full);


  Model short:

  f1 BY v199@1
  v200 (L2)
  v201 (L3)
  v202 (L4)
  v203 (L5)
  ;


   [f1@0];[v199] (i1_short);
  [v200] (i2_short);
  [v201] (i3_short);
  [v202] (i4_short);
  [v203] (i5_short);


   SAVEDATA: DIFFTEST IS v199_metric.dat;

   OUTPUT: SAMPSTAT;

                                  MODINDICES;

                                  STDYX;




*** WARNING in SAVEDATA command
  The DIFFTEST option is available only for the estimators MLMV, WLSMV and ULSMV.
  Request for DIFFTEST will be ignored.
*** WARNING
  Data set contains unknown or missing values for GROUPING,
  PATTERN, COHORT, CLUSTER and/or STRATIFICATION variables.
  Number of cases with unknown or missing values:  1494
*** WARNING
  Data set contains cases with missing on all variables.
  These cases were not included in the analysis.
  Number of cases with missing on all variables:  1707
   3 WARNING(S) FOUND IN THE INPUT INSTRUCTIONS



Your title goes here

SUMMARY OF ANALYSIS

Number of groups                                                 2
Number of observations
   Group FULL                                                  668
   Group SHORT                                                1547
   Total sample size                                          2215

Number of dependent variables                                    5
Number of independent variables                                  0
Number of continuous latent variables                            1

Observed dependent variables

  Continuous
   V199        V200        V201        V202        V203

Continuous latent variables
   F1

Variables with special functions

  Grouping variable     COMP_LEN
  Weight variable       WEIGHT

Estimator                                                      MLR
Information matrix                                        OBSERVED
Maximum number of iterations                                  1000
Convergence criterion                                    0.500D-04
Maximum number of steepest descent iterations                   20
Maximum number of iterations for H1                           2000
Convergence criterion for H1                             0.100D-03

Input data file(s)
  eq/data.dta

Input data format  FREE


SUMMARY OF DATA

   Group FULL
     Number of missing data patterns            21

   Group SHORT
     Number of missing data patterns            26


COVARIANCE COVERAGE OF DATA

Minimum covariance coverage value   0.100


     PROPORTION OF DATA PRESENT FOR FULL


           Covariance Coverage
              V199          V200          V201          V202          V203
              ________      ________      ________      ________      ________
 V199           0.954
 V200           0.922         0.960
 V201           0.937         0.948         0.982
 V202           0.927         0.939         0.960         0.972
 V203           0.909         0.916         0.936         0.928         0.946


     PROPORTION OF DATA PRESENT FOR SHORT


           Covariance Coverage
              V199          V200          V201          V202          V203
              ________      ________      ________      ________      ________
 V199           0.947
 V200           0.923         0.966
 V201           0.925         0.945         0.970
 V202           0.928         0.952         0.954         0.977
 V203           0.902         0.921         0.925         0.935         0.943


SAMPLE STATISTICS


     ESTIMATED SAMPLE STATISTICS FOR FULL


           Means
              V199          V200          V201          V202          V203
              ________      ________      ________      ________      ________
                2.803         3.518         3.797         3.591         3.862


           Covariances
              V199          V200          V201          V202          V203
              ________      ________      ________      ________      ________
 V199           1.401
 V200          -0.138         1.123
 V201          -0.255         0.352         1.055
 V202          -0.292         0.505         0.535         1.494
 V203          -0.364         0.372         0.521         0.640         1.196


           Correlations
              V199          V200          V201          V202          V203
              ________      ________      ________      ________      ________
 V199           1.000
 V200          -0.110         1.000
 V201          -0.209         0.323         1.000
 V202          -0.202         0.390         0.426         1.000
 V203          -0.281         0.321         0.464         0.479         1.000


     ESTIMATED SAMPLE STATISTICS FOR SHORT


           Means
              V199          V200          V201          V202          V203
              ________      ________      ________      ________      ________
                2.862         3.472         3.837         3.592         3.861


           Covariances
              V199          V200          V201          V202          V203
              ________      ________      ________      ________      ________
 V199           1.537
 V200          -0.106         1.265
 V201          -0.241         0.402         1.121
 V202          -0.422         0.588         0.588         1.528
 V203          -0.364         0.428         0.559         0.643         1.244


           Correlations
              V199          V200          V201          V202          V203
              ________      ________      ________      ________      ________
 V199           1.000
 V200          -0.076         1.000
 V201          -0.184         0.338         1.000
 V202          -0.275         0.423         0.449         1.000
 V203          -0.263         0.341         0.473         0.466         1.000


     MAXIMUM LOG-LIKELIHOOD VALUE FOR THE UNRESTRICTED (H1) MODEL IS -15457.790


UNIVARIATE SAMPLE STATISTICS


     UNIVARIATE HIGHER-ORDER MOMENT DESCRIPTIVE STATISTICS FOR FULL

         Variable/         Mean/     Skewness/   Minimum/ % with                Percentiles
        Sample Size      Variance    Kurtosis    Maximum  Min/Max      20%/60%    40%/80%    Median

     V199                  2.804       0.347       1.000   11.62%       2.000      2.000      3.000
             637.000       1.403      -0.825       5.000   10.99%       3.000      4.000
     V200                  3.531      -0.549       1.000    2.81%       2.000      4.000      4.000
             641.000       1.120      -0.527       5.000   16.69%       4.000      4.000
     V201                  3.803      -0.683       1.000    2.59%       3.000      4.000      4.000
             656.000       1.056      -0.090       5.000   28.51%       4.000      5.000
     V202                  3.599      -0.662       1.000    6.32%       2.000      4.000      4.000
             649.000       1.494      -0.653       5.000   26.04%       4.000      5.000
     V203                  3.877      -0.979       1.000    3.80%       3.000      4.000      4.000
             632.000       1.196       0.215       5.000   33.23%       4.000      5.000


     UNIVARIATE HIGHER-ORDER MOMENT DESCRIPTIVE STATISTICS FOR SHORT

         Variable/         Mean/     Skewness/   Minimum/ % with                Percentiles
        Sample Size      Variance    Kurtosis    Maximum  Min/Max      20%/60%    40%/80%    Median

     V199                  2.859       0.337       1.000   12.08%       2.000      2.000      3.000
            1465.000       1.537      -0.987       5.000   12.63%       3.000      4.000
     V200                  3.484      -0.489       1.000    4.02%       2.000      4.000      4.000
            1494.000       1.262      -0.680       5.000   18.61%       4.000      4.000
     V201                  3.849      -0.757       1.000    2.07%       3.000      4.000      4.000
            1500.000       1.116      -0.121       5.000   32.07%       4.000      5.000
     V202                  3.601      -0.646       1.000    5.96%       2.000      4.000      4.000
            1511.000       1.526      -0.709       5.000   27.40%       4.000      5.000
     V203                  3.889      -0.929       1.000    2.95%       3.000      4.000      4.000
            1459.000       1.234       0.035       5.000   35.57%       4.000      5.000


THE MODEL ESTIMATION TERMINATED NORMALLY



MODEL FIT INFORMATION

Number of Free Parameters                       26

Loglikelihood

          H0 Value                      -15490.318
          H0 Scaling Correction Factor      1.4348
            for MLR
          H1 Value                      -15457.790
          H1 Scaling Correction Factor      1.4780
            for MLR

Information Criteria

          Akaike (AIC)                   31032.636
          Bayesian (BIC)                 31180.914
          Sample-Size Adjusted BIC       31098.308
            (n* = (n + 2) / 24)

Chi-Square Test of Model Fit

          Value                             41.749*
          Degrees of Freedom                    14
          P-Value                           0.0001
          Scaling Correction Factor         1.5583
            for MLR

Chi-Square Contribution From Each Group

          FULL                               8.081
          SHORT                             33.668

*   The chi-square value for MLM, MLMV, MLR, ULSMV, WLSM and WLSMV cannot be used
    for chi-square difference testing in the regular way.  MLM, MLR and WLSM
    chi-square difference testing is described on the Mplus website.  MLMV, WLSMV,
    and ULSMV difference testing is done using the DIFFTEST option.

RMSEA (Root Mean Square Error Of Approximation)

          Estimate                           0.042
          90 Percent C.I.                    0.028  0.057
          Probability RMSEA <= .05           0.786

CFI/TLI

          CFI                                0.973
          TLI                                0.962

Chi-Square Test of Model Fit for the Baseline Model

          Value                           1066.742
          Degrees of Freedom                    20
          P-Value                           0.0000

SRMR (Standardized Root Mean Square Residual)

          Value                              0.029



MODEL RESULTS

                                                    Two-Tailed
                    Estimate       S.E.  Est./S.E.    P-Value

Group FULL

 F1       BY
    V199               1.000      0.000    999.000    999.000
    V200              -1.429      0.180     -7.949      0.000
    V201              -1.684      0.192     -8.784      0.000
    V202              -2.170      0.233     -9.328      0.000
    V203              -1.895      0.203     -9.345      0.000

 Means
    F1                 0.000      0.000    999.000    999.000

 Intercepts
    V199               2.803      0.052     53.750      0.000
    V200               3.517      0.046     75.752      0.000
    V201               3.797      0.044     86.509      0.000
    V202               3.590      0.054     66.368      0.000
    V203               3.862      0.047     82.268      0.000

 Variances
    F1                 0.154      0.033      4.639      0.000

 Residual Variances
    V199               1.252      0.070     17.893      0.000
    V200               0.831      0.060     13.930      0.000
    V201               0.621      0.055     11.253      0.000
    V202               0.777      0.087      8.969      0.000
    V203               0.619      0.059     10.574      0.000

Group SHORT

 F1       BY
    V199               1.000      0.000    999.000    999.000
    V200              -1.429      0.180     -7.949      0.000
    V201              -1.684      0.192     -8.784      0.000
    V202              -2.170      0.233     -9.328      0.000
    V203              -1.895      0.203     -9.345      0.000

 Means
    F1                 0.000      0.000    999.000    999.000

 Intercepts
    V199               2.861      0.037     76.932      0.000
    V200               3.473      0.034    102.846      0.000
    V201               3.836      0.033    117.144      0.000
    V202               3.591      0.037     97.196      0.000
    V203               3.861      0.034    112.182      0.000

 Variances
    F1                 0.166      0.034      4.896      0.000

 Residual Variances
    V199               1.369      0.053     25.676      0.000
    V200               0.917      0.049     18.586      0.000
    V201               0.649      0.042     15.571      0.000
    V202               0.745      0.065     11.400      0.000
    V203               0.659      0.050     13.176      0.000


STANDARDIZED MODEL RESULTS


STDYX Standardization

                                                    Two-Tailed
                    Estimate       S.E.  Est./S.E.    P-Value

Group FULL

 F1       BY
    V199               0.331      0.035      9.558      0.000
    V200              -0.524      0.032    -16.522      0.000
    V201              -0.643      0.031    -20.424      0.000
    V202              -0.695      0.034    -20.507      0.000
    V203              -0.687      0.031    -22.401      0.000

 Means
    F1                 0.000      0.000    999.000    999.000

 Intercepts
    V199               2.363      0.066     35.665      0.000
    V200               3.286      0.115     28.589      0.000
    V201               3.692      0.132     28.018      0.000
    V202               2.928      0.111     26.484      0.000
    V203               3.566      0.139     25.722      0.000

 Variances
    F1                 1.000      0.000    999.000    999.000

 Residual Variances
    V199               0.890      0.023     38.827      0.000
    V200               0.725      0.033     21.813      0.000
    V201               0.587      0.040     14.504      0.000
    V202               0.517      0.047     10.985      0.000
    V203               0.528      0.042     12.532      0.000

Group SHORT

 F1       BY
    V199               0.329      0.033      9.938      0.000
    V200              -0.519      0.031    -16.670      0.000
    V201              -0.648      0.027    -24.304      0.000
    V202              -0.716      0.028    -25.364      0.000
    V203              -0.689      0.027    -25.837      0.000

 Means
    F1                 0.000      0.000    999.000    999.000

 Intercepts
    V199               2.309      0.038     61.481      0.000
    V200               3.099      0.075     41.445      0.000
    V201               3.624      0.102     35.570      0.000
    V202               2.907      0.075     38.861      0.000
    V203               3.448      0.102     33.944      0.000

 Variances
    F1                 1.000      0.000    999.000    999.000

 Residual Variances
    V199               0.892      0.022     41.007      0.000
    V200               0.730      0.032     22.565      0.000
    V201               0.580      0.035     16.766      0.000
    V202               0.488      0.040     12.087      0.000
    V203               0.525      0.037     14.275      0.000


R-SQUARE

Group FULL

    Observed                                        Two-Tailed
    Variable        Estimate       S.E.  Est./S.E.    P-Value

    V199               0.110      0.023      4.779      0.000
    V200               0.275      0.033      8.261      0.000
    V201               0.413      0.040     10.212      0.000
    V202               0.483      0.047     10.253      0.000
    V203               0.472      0.042     11.200      0.000

Group SHORT

    Observed                                        Two-Tailed
    Variable        Estimate       S.E.  Est./S.E.    P-Value

    V199               0.108      0.022      4.969      0.000
    V200               0.270      0.032      8.335      0.000
    V201               0.420      0.035     12.152      0.000
    V202               0.512      0.040     12.682      0.000
    V203               0.475      0.037     12.919      0.000


QUALITY OF NUMERICAL RESULTS

     Condition Number for the Information Matrix              0.884E-03
       (ratio of smallest to largest eigenvalue)


MODEL MODIFICATION INDICES

NOTE:  Modification indices for direct effects of observed dependent variables
regressed on covariates may not be included.  To include these, request
MODINDICES (ALL).

Minimum M.I. value for printing the modification index    10.000

                                   M.I.     E.P.C.  Std E.P.C.  StdYX E.P.C.
Group FULL


No modification indices above the minimum value.

Group SHORT


WITH Statements

V200     WITH V199                15.822     0.161      0.161        0.143
V202     WITH V200                12.168     0.136      0.136        0.165



DIAGRAM INFORMATION

  Use View Diagram under the Diagram menu in the Mplus Editor to view the diagram.
  If running Mplus from the Mplus Diagrammer, the diagram opens automatically.

  Diagram output
    c:\users\msassac6\dropbox (the university of manchester)\papers\joe s\evs_mm_de_equivalence\mplus\eq\inv_data3_v199_

     Beginning Time:  08:29:22
        Ending Time:  08:29:22
       Elapsed Time:  00:00:00



MUTHEN & MUTHEN
3463 Stoner Ave.
Los Angeles, CA  90066

Tel: (310) 391-9971
Fax: (310) 391-8971
Web: www.StatModel.com
Support: Support@StatModel.com

Copyright (c) 1998-2017 Muthen & Muthen
