Mplus VERSION 8
MUTHEN & MUTHEN
07/13/2020   8:29 AM

INPUT INSTRUCTIONS

  TITLE: Your title goes here

   DATA: FILE = eq/data.dta;

   VARIABLE:

   NAMES = id_cocas weight comp_mode comp_len mode mm_matrix_group wei_mmf v2 v3 v4 v32
       v33 v34 v35 v36 v37 v46 v47 v48 v49 v50 v65 v66 v67 v68 v69 v70 v82 v83 v84 v98
       v99 v100 v101 v103 v104 v105 v106 v107 v115 v116 v117 v118 v119 v120 v121 v122
       v123 v124 v125 v126 v127 v128 v129 v130 v131 v132 v133 v134 v135 v136 v137 v138
       v139 v140 v141 v145 v146 v147 v148 v149 v150 v151 v152 v153 v154 v155 v156 v157
       v158 v159 v160 v161 v162 v163 v164 v165 v166 v167 v176 v177 v178 v179 v180 v181
       v182 v183 v185 v186 v187 v188 v189 v191 v192 v193 v194 v195 v196 v197 v199 v200
       v201 v202 v203 v205 v206 v207 v208 v209 v210 v211 v212 v213 v214 v215 v216 v217
       v218 v220 v221 v222 v223 v224 v267 v268 v269 v271 v272 v273;

   MISSING=.;

   USEVARIABLES ARE
   v194
   v195
   v196
   v197;

   CATEGORICAL ARE
   v194
   v195
   v196
   v197;

   GROUPING IS comp_mode (0=sm 1=mm);

  WEIGHT IS weight;

   Analysis:

                  ESTIMATOR = WLSMV;

                  ITERATIONS = 100000;

                  PARAMETERIZATION = THETA;

  Model:


  f1 BY v194@1
  v195 (L2)
  v196 (L3)
  v197 (L4)
  ;


   [f1@0];
  [v194$1] (t_v194_1);
  [v194$2] (t_v194_2);
  [v194$3] (t_v194_3);

  [v195$1] (t_v195_1);
  [v195$2] (t_v195_2_sm);
  [v195$3] (t_v195_3_sm);

  [v196$1] (t_v196_1);
  [v196$2] (t_v196_2_sm);
  [v196$3] (t_v196_3_sm);

  [v197$1] (t_v197_1);
  [v197$2] (t_v197_2_sm);
  [v197$3] (t_v197_3_sm);


  Model mm:

  f1 BY v194@1
  v195 (L2)
  v196 (L3)
  v197 (L4)
  ;


   [f1@0];
  [v194$1] (t_v194_1);
  [v194$2] (t_v194_2);
  [v194$3] (t_v194_3);

  [v195$1] (t_v195_1);
  [v195$2] (t_v195_2_mm);
  [v195$3] (t_v195_3_mm);

  [v196$1] (t_v196_1);
  [v196$2] (t_v196_2_mm);
  [v196$3] (t_v196_3_mm);

  [v197$1] (t_v197_1);
  [v197$2] (t_v197_2_mm);
  [v197$3] (t_v197_3_mm);


   SAVEDATA: DIFFTEST IS v194_metric.dat;

   OUTPUT: SAMPSTAT;

                                  MODINDICES;

                                  STDYX;




*** WARNING
  Data set contains unknown or missing values for GROUPING,
  PATTERN, COHORT, CLUSTER and/or STRATIFICATION variables.
  Number of cases with unknown or missing values:  3244
*** WARNING
  Data set contains cases with missing on all variables.
  These cases were not included in the analysis.
  Number of cases with missing on all variables:  36
   2 WARNING(S) FOUND IN THE INPUT INSTRUCTIONS



Your title goes here

SUMMARY OF ANALYSIS

Number of groups                                                 2
Number of observations
   Group SM                                                   1473
   Group MM                                                    663
   Total sample size                                          2136

Number of dependent variables                                    4
Number of independent variables                                  0
Number of continuous latent variables                            1

Observed dependent variables

  Binary and ordered categorical (ordinal)
   V194        V195        V196        V197

Continuous latent variables
   F1

Variables with special functions

  Grouping variable     COMP_MOD
  Weight variable       WEIGHT

Estimator                                                    WLSMV
Maximum number of iterations                                100000
Convergence criterion                                    0.500D-04
Maximum number of steepest descent iterations                   20
Maximum number of iterations for H1                           2000
Convergence criterion for H1                             0.100D-03
Parameterization                                             THETA
Link                                                        PROBIT

Input data file(s)
  eq/data.dta

Input data format  FREE


SUMMARY OF DATA

   Group SM
     Number of missing data patterns            10

   Group MM
     Number of missing data patterns            12


COVARIANCE COVERAGE OF DATA

Minimum covariance coverage value   0.100


     PROPORTION OF DATA PRESENT FOR SM


           Covariance Coverage
              V194          V195          V196          V197
              ________      ________      ________      ________
 V194           0.996
 V195           0.989         0.991
 V196           0.987         0.984         0.990
 V197           0.980         0.977         0.976         0.983


     PROPORTION OF DATA PRESENT FOR MM


           Covariance Coverage
              V194          V195          V196          V197
              ________      ________      ________      ________
 V194           0.974
 V195           0.952         0.955
 V196           0.944         0.931         0.955
 V197           0.940         0.922         0.926         0.962


UNIVARIATE PROPORTIONS AND COUNTS FOR CATEGORICAL VARIABLES

  Group SM
    V194
      Category 1    0.132          193.098
      Category 2    0.311          454.950
      Category 3    0.414          606.743
      Category 4    0.144          210.395
    V195
      Category 1    0.060           87.653
      Category 2    0.235          341.855
      Category 3    0.534          778.170
      Category 4    0.172          250.043
    V196
      Category 1    0.047           68.638
      Category 2    0.143          209.265
      Category 3    0.504          737.039
      Category 4    0.305          446.348
    V197
      Category 1    0.203          293.151
      Category 2    0.535          772.838
      Category 3    0.212          306.037
      Category 4    0.050           72.584

  Group MM
    V194
      Category 1    0.203          130.068
      Category 2    0.310          198.533
      Category 3    0.383          245.201
      Category 4    0.104           66.308
    V195
      Category 1    0.124           77.721
      Category 2    0.235          146.944
      Category 3    0.486          303.699
      Category 4    0.154           96.252
    V196
      Category 1    0.082           51.410
      Category 2    0.134           83.811
      Category 3    0.466          291.331
      Category 4    0.318          198.870
    V197
      Category 1    0.318          200.613
      Category 2    0.502          317.013
      Category 3    0.124           78.102
      Category 4    0.057           35.809


SAMPLE STATISTICS


     ESTIMATED SAMPLE STATISTICS FOR SM


           MEANS/INTERCEPTS/THRESHOLDS
              V194$1        V194$2        V194$3        V195$1        V195$2
              ________      ________      ________      ________      ________
               -1.118        -0.145         1.064        -1.554        -0.540


           MEANS/INTERCEPTS/THRESHOLDS
              V195$3        V196$1        V196$2        V196$3        V197$1
              ________      ________      ________      ________      ________
                0.948        -1.675        -0.877         0.509        -0.831


           MEANS/INTERCEPTS/THRESHOLDS
              V197$2        V197$3
              ________      ________
                0.637         1.642


           CORRELATION MATRIX (WITH VARIANCES ON THE DIAGONAL)
              V194          V195          V196          V197
              ________      ________      ________      ________
 V194
 V195           0.811
 V196           0.467         0.521
 V197           0.204         0.192         0.244


     ESTIMATED SAMPLE STATISTICS FOR MM


           MEANS/INTERCEPTS/THRESHOLDS
              V194$1        V194$2        V194$3        V195$1        V195$2
              ________      ________      ________      ________      ________
               -0.830         0.033         1.261        -1.153        -0.359


           MEANS/INTERCEPTS/THRESHOLDS
              V195$3        V196$1        V196$2        V196$3        V197$1
              ________      ________      ________      ________      ________
                1.019        -1.390        -0.785         0.473        -0.474


           MEANS/INTERCEPTS/THRESHOLDS
              V197$2        V197$3
              ________      ________
                0.914         1.583


           CORRELATION MATRIX (WITH VARIANCES ON THE DIAGONAL)
              V194          V195          V196          V197
              ________      ________      ________      ________
 V194
 V195           0.832
 V196           0.466         0.548
 V197           0.255         0.260         0.362


THE MODEL ESTIMATION TERMINATED NORMALLY



MODEL FIT INFORMATION

Number of Free Parameters                       27

Chi-Square Test of Model Fit

          Value                             82.307*
          Degrees of Freedom                     9
          P-Value                           0.0000

Chi-Square Contribution From Each Group

          SM                                27.594
          MM                                54.713

*   The chi-square value for MLM, MLMV, MLR, ULSMV, WLSM and WLSMV cannot be used
    for chi-square difference testing in the regular way.  MLM, MLR and WLSM
    chi-square difference testing is described on the Mplus website.  MLMV, WLSMV,
    and ULSMV difference testing is done using the DIFFTEST option.

RMSEA (Root Mean Square Error Of Approximation)

          Estimate                           0.087
          90 Percent C.I.                    0.071  0.105
          Probability RMSEA <= .05           0.000

CFI/TLI

          CFI                                0.992
          TLI                                0.989

Chi-Square Test of Model Fit for the Baseline Model

          Value                           9319.593
          Degrees of Freedom                    12
          P-Value                           0.0000

WRMR (Weighted Root Mean Square Residual)

          Value                              2.059



MODEL RESULTS

                                                    Two-Tailed
                    Estimate       S.E.  Est./S.E.    P-Value

Group SM

 F1       BY
    V194               1.000      0.000    999.000    999.000
    V195               2.235      0.531      4.211      0.000
    V196               0.434      0.027     15.972      0.000
    V197               0.191      0.021      9.162      0.000

 Means
    F1                 0.000      0.000    999.000    999.000

 Thresholds
    V194$1            -1.983      0.093    -21.249      0.000
    V194$2            -0.189      0.056     -3.349      0.001
    V194$3             2.125      0.099     21.531      0.000
    V195$1            -5.547      0.993     -5.587      0.000
    V195$2            -1.941      0.374     -5.193      0.000
    V195$3             3.409      0.590      5.774      0.000
    V196$1            -2.012      0.070    -28.597      0.000
    V196$2            -1.056      0.049    -21.454      0.000
    V196$3             0.612      0.044     14.073      0.000
    V197$1            -0.827      0.040    -20.614      0.000
    V197$2             0.664      0.040     16.530      0.000
    V197$3             1.713      0.066     25.847      0.000

 Variances
    F1                 2.387      0.270      8.841      0.000

 Residual Variances
    V194               1.000      0.000    999.000    999.000
    V195               1.000      0.000    999.000    999.000
    V196               1.000      0.000    999.000    999.000
    V197               1.000      0.000    999.000    999.000

Group MM

 F1       BY
    V194               1.000      0.000    999.000    999.000
    V195               2.235      0.531      4.211      0.000
    V196               0.434      0.027     15.972      0.000
    V197               0.191      0.021      9.162      0.000

 Means
    F1                 0.000      0.000    999.000    999.000

 Thresholds
    V194$1            -1.983      0.093    -21.249      0.000
    V194$2            -0.189      0.056     -3.349      0.001
    V194$3             2.125      0.099     21.531      0.000
    V195$1            -5.547      0.993     -5.587      0.000
    V195$2            -1.687      0.377     -4.481      0.000
    V195$3             4.786      1.076      4.447      0.000
    V196$1            -2.012      0.070    -28.597      0.000
    V196$2            -1.130      0.090    -12.598      0.000
    V196$3             0.681      0.096      7.088      0.000
    V197$1            -0.827      0.040    -20.614      0.000
    V197$2             1.281      0.172      7.449      0.000
    V197$3             2.219      0.272      8.152      0.000

 Variances
    F1                 3.707      0.539      6.881      0.000

 Residual Variances
    V194               0.773      0.153      5.035      0.000
    V195               3.526      1.597      2.208      0.027
    V196               1.376      0.177      7.774      0.000
    V197               1.828      0.368      4.975      0.000


STANDARDIZED MODEL RESULTS


STDYX Standardization

                                                    Two-Tailed
                    Estimate       S.E.  Est./S.E.    P-Value

Group SM

 F1       BY
    V194               0.839      0.014     59.884      0.000
    V195               0.961      0.014     66.813      0.000
    V196               0.556      0.020     27.712      0.000
    V197               0.284      0.026     10.823      0.000

 Means
    F1                 0.000      0.000    999.000    999.000

 Thresholds
    V194$1            -1.078      0.040    -26.803      0.000
    V194$2            -0.103      0.030     -3.367      0.001
    V194$3             1.155      0.041     27.859      0.000
    V195$1            -1.543      0.055    -28.293      0.000
    V195$2            -0.540      0.037    -14.674      0.000
    V195$3             0.948      0.042     22.690      0.000
    V196$1            -1.672      0.057    -29.501      0.000
    V196$2            -0.877      0.040    -21.853      0.000
    V196$3             0.509      0.037     13.850      0.000
    V197$1            -0.793      0.038    -20.983      0.000
    V197$2             0.637      0.039     16.474      0.000
    V197$3             1.642      0.065     25.430      0.000

 Variances
    F1                 1.000      0.000    999.000    999.000

 Residual Variances
    V194               0.295      0.024     12.546      0.000
    V195               0.077      0.028      2.802      0.005
    V196               0.690      0.022     30.892      0.000
    V197               0.920      0.015     61.844      0.000

Group MM

 F1       BY
    V194               0.910      0.020     45.923      0.000
    V195               0.917      0.019     49.008      0.000
    V196               0.580      0.028     20.562      0.000
    V197               0.263      0.030      8.686      0.000

 Means
    F1                 0.000      0.000    999.000    999.000

 Thresholds
    V194$1            -0.937      0.051    -18.438      0.000
    V194$2            -0.089      0.027     -3.310      0.001
    V194$3             1.004      0.053     18.977      0.000
    V195$1            -1.181      0.076    -15.531      0.000
    V195$2            -0.359      0.058     -6.182      0.000
    V195$3             1.019      0.064     15.905      0.000
    V196$1            -1.398      0.073    -19.245      0.000
    V196$2            -0.785      0.064    -12.362      0.000
    V196$3             0.473      0.058      8.220      0.000
    V197$1            -0.590      0.051    -11.505      0.000
    V197$2             0.914      0.065     14.163      0.000
    V197$3             1.584      0.094     16.857      0.000

 Variances
    F1                 1.000      0.000    999.000    999.000

 Residual Variances
    V194               0.172      0.036      4.785      0.000
    V195               0.160      0.034      4.665      0.000
    V196               0.664      0.033     20.302      0.000
    V197               0.931      0.016     58.416      0.000


R-SQUARE

Group SM

    Observed                                        Two-Tailed     Scale
    Variable        Estimate       S.E.  Est./S.E.    P-Value     Factors

    V194               0.705      0.024     29.942      0.000      0.543
    V195               0.923      0.028     33.407      0.000      0.278
    V196               0.310      0.022     13.856      0.000      0.831
    V197               0.080      0.015      5.411      0.000      0.959

Group MM

    Observed                                        Two-Tailed     Scale
    Variable        Estimate       S.E.  Est./S.E.    P-Value     Factors

    V194               0.828      0.036     22.961      0.000      0.472
    V195               0.840      0.034     24.504      0.000      0.213
    V196               0.336      0.033     10.281      0.000      0.695
    V197               0.069      0.016      4.343      0.000      0.714


QUALITY OF NUMERICAL RESULTS

     Condition Number for the Information Matrix              0.336E-04
       (ratio of smallest to largest eigenvalue)


MODEL MODIFICATION INDICES

NOTE:  Modification indices for direct effects of observed dependent variables
regressed on covariates and residual covariances among observed dependent
variables may not be included.  To include these, request MODINDICES (ALL).

Minimum M.I. value for printing the modification index    10.000

                                   M.I.     E.P.C.  Std E.P.C.  StdYX E.P.C.
Group SM


WITH Statements

V197     WITH V195                12.976    -0.486     -0.486       -0.486
V197     WITH V196                10.314     0.125      0.125        0.125

Means/Intercepts/Thresholds

[ V194     ]                      13.818     0.236      0.236        0.128
[ F1       ]                      16.705     0.252      0.163        0.163
[ V194$3   ]                      16.424    -0.045     -0.045       -0.025

Group MM


WITH Statements

V197     WITH V196                11.952     0.215      0.215        0.136

Means/Intercepts/Thresholds

[ V194     ]                      13.813    -0.236     -0.236       -0.111
[ F1       ]                      16.701    -0.252     -0.131       -0.131
[ V194$3   ]                      16.425     0.577      0.577        0.273



SAVEDATA INFORMATION


  Difference testing

  Save file
    v194_metric.dat
  Save format      Free

DIAGRAM INFORMATION

  Use View Diagram under the Diagram menu in the Mplus Editor to view the diagram.
  If running Mplus from the Mplus Diagrammer, the diagram opens automatically.

  Diagram output
    c:\users\msassac6\dropbox (the university of manchester)\papers\joe s\evs_mm_de_equivalence\mplus\eq\inv_data3_v194_

     Beginning Time:  08:29:29
        Ending Time:  08:29:30
       Elapsed Time:  00:00:01



MUTHEN & MUTHEN
3463 Stoner Ave.
Los Angeles, CA  90066

Tel: (310) 391-9971
Fax: (310) 391-8971
Web: www.StatModel.com
Support: Support@StatModel.com

Copyright (c) 1998-2017 Muthen & Muthen
