Mplus VERSION 8
MUTHEN & MUTHEN
07/13/2020   8:30 AM

INPUT INSTRUCTIONS

  TITLE: Your title goes here

   DATA: FILE = eq/data.dta;

   VARIABLE:

   NAMES = id_cocas weight comp_mode comp_len mode mm_matrix_group wei_mmf v2 v3 v4 v32
       v33 v34 v35 v36 v37 v46 v47 v48 v49 v50 v65 v66 v67 v68 v69 v70 v82 v83 v84 v98
       v99 v100 v101 v103 v104 v105 v106 v107 v115 v116 v117 v118 v119 v120 v121 v122
       v123 v124 v125 v126 v127 v128 v129 v130 v131 v132 v133 v134 v135 v136 v137 v138
       v139 v140 v141 v145 v146 v147 v148 v149 v150 v151 v152 v153 v154 v155 v156 v157
       v158 v159 v160 v161 v162 v163 v164 v165 v166 v167 v176 v177 v178 v179 v180 v181
       v182 v183 v185 v186 v187 v188 v189 v191 v192 v193 v194 v195 v196 v197 v199 v200
       v201 v202 v203 v205 v206 v207 v208 v209 v210 v211 v212 v213 v214 v215 v216 v217
       v218 v220 v221 v222 v223 v224 v267 v268 v269 v271 v272 v273;

   MISSING=.;

   USEVARIABLES ARE
   v176
   v177
   v178
   v179
   v180
   v181
   v182
   v183;

   CATEGORICAL ARE
   v176
   v177
   v178
   v179
   v180
   v181
   v182
   v183;

   GROUPING IS comp_mode (0=sm 1=mm);

  WEIGHT IS weight;

   Analysis:

                  ESTIMATOR = WLSMV;

                  ITERATIONS = 100000;

                  PARAMETERIZATION = THETA;

  Model:


  f1 BY v176@1
  v177 (L2)
  v178 (L3)
  v179 (L4)
  v180 (L5)
  v181 (L6)
  v182 (L7)
  v183 (L8)
  ;


   [f1@0];
  [v176$1] (t_v176_1);
  [v176$2] (t_v176_2);
  [v176$3] (t_v176_3);

  [v177$1] (t_v177_1);
  [v177$2] (t_v177_2);
  [v177$3] (t_v177_3);

  [v178$1] (t_v178_1);
  [v178$2] (t_v178_2);
  [v178$3] (t_v178_3);

  [v179$1] (t_v179_1);
  [v179$2] (t_v179_2);
  [v179$3] (t_v179_3);

  [v180$1] (t_v180_1);
  [v180$2] (t_v180_2);
  [v180$3] (t_v180_3);

  [v181$1] (t_v181_1);
  [v181$2] (t_v181_2);
  [v181$3] (t_v181_3);

  [v182$1] (t_v182_1);
  [v182$2] (t_v182_2);
  [v182$3] (t_v182_3);

  [v183$1] (t_v183_1);
  [v183$2] (t_v183_2);
  [v183$3] (t_v183_3);


  Model mm:

  f1 BY v176@1
  v177 (L2)
  v178 (L3)
  v179 (L4)
  v180 (L5)
  v181 (L6)
  v182 (L7)
  v183 (L8)
  ;


   [f1@0];
  [v176$1] (t_v176_1);
  [v176$2] (t_v176_2);
  [v176$3] (t_v176_3);

  [v177$1] (t_v177_1);
  [v177$2] (t_v177_2);
  [v177$3] (t_v177_3);

  [v178$1] (t_v178_1);
  [v178$2] (t_v178_2);
  [v178$3] (t_v178_3);

  [v179$1] (t_v179_1);
  [v179$2] (t_v179_2);
  [v179$3] (t_v179_3);

  [v180$1] (t_v180_1);
  [v180$2] (t_v180_2);
  [v180$3] (t_v180_3);

  [v181$1] (t_v181_1);
  [v181$2] (t_v181_2);
  [v181$3] (t_v181_3);

  [v182$1] (t_v182_1);
  [v182$2] (t_v182_2);
  [v182$3] (t_v182_3);

  [v183$1] (t_v183_1);
  [v183$2] (t_v183_2);
  [v183$3] (t_v183_3);


   SAVEDATA: DIFFTEST IS v176_scalar.dat;

   OUTPUT: SAMPSTAT;

                                  MODINDICES;

                                  STDYX;




*** WARNING
  Data set contains unknown or missing values for GROUPING,
  PATTERN, COHORT, CLUSTER and/or STRATIFICATION variables.
  Number of cases with unknown or missing values:  3244
*** WARNING
  Data set contains cases with missing on all variables.
  These cases were not included in the analysis.
  Number of cases with missing on all variables:  74
   2 WARNING(S) FOUND IN THE INPUT INSTRUCTIONS



Your title goes here

SUMMARY OF ANALYSIS

Number of groups                                                 2
Number of observations
   Group SM                                                   1459
   Group MM                                                    639
   Total sample size                                          2098

Number of dependent variables                                    8
Number of independent variables                                  0
Number of continuous latent variables                            1

Observed dependent variables

  Binary and ordered categorical (ordinal)
   V176        V177        V178        V179        V180        V181
   V182        V183

Continuous latent variables
   F1

Variables with special functions

  Grouping variable     COMP_MOD
  Weight variable       WEIGHT

Estimator                                                    WLSMV
Maximum number of iterations                                100000
Convergence criterion                                    0.500D-04
Maximum number of steepest descent iterations                   20
Maximum number of iterations for H1                           2000
Convergence criterion for H1                             0.100D-03
Parameterization                                             THETA
Link                                                        PROBIT

Input data file(s)
  eq/data.dta

Input data format  FREE


SUMMARY OF DATA

   Group SM
     Number of missing data patterns            86

   Group MM
     Number of missing data patterns            96


COVARIANCE COVERAGE OF DATA

Minimum covariance coverage value   0.100


     PROPORTION OF DATA PRESENT FOR SM


           Covariance Coverage
              V176          V177          V178          V179          V180
              ________      ________      ________      ________      ________
 V176           0.974
 V177           0.891         0.902
 V178           0.899         0.846         0.916
 V179           0.901         0.853         0.853         0.917
 V180           0.944         0.883         0.899         0.894         0.964
 V181           0.939         0.880         0.888         0.895         0.931
 V182           0.900         0.856         0.857         0.869         0.894
 V183           0.956         0.894         0.902         0.908         0.949


           Covariance Coverage
              V181          V182          V183
              ________      ________      ________
 V181           0.955
 V182           0.897         0.914
 V183           0.944         0.910         0.977


     PROPORTION OF DATA PRESENT FOR MM


           Covariance Coverage
              V176          V177          V178          V179          V180
              ________      ________      ________      ________      ________
 V176           0.923
 V177           0.710         0.725
 V178           0.790         0.676         0.845
 V179           0.721         0.635         0.682         0.743
 V180           0.839         0.696         0.795         0.703         0.890
 V181           0.822         0.685         0.761         0.707         0.801
 V182           0.698         0.621         0.659         0.656         0.689
 V183           0.836         0.682         0.768         0.710         0.812


           Covariance Coverage
              V181          V182          V183
              ________      ________      ________
 V181           0.854
 V182           0.681         0.725
 V183           0.795         0.700         0.879


UNIVARIATE PROPORTIONS AND COUNTS FOR CATEGORICAL VARIABLES

  Group SM
    V176
      Category 1    0.694          983.895
      Category 2    0.247          350.431
      Category 3    0.047           66.482
      Category 4    0.012           16.356
    V177
      Category 1    0.010           12.898
      Category 2    0.092          119.599
      Category 3    0.331          431.653
      Category 4    0.567          739.315
    V178
      Category 1    0.108          142.803
      Category 2    0.383          504.716
      Category 3    0.287          378.296
      Category 4    0.221          291.464
    V179
      Category 1    0.014           18.751
      Category 2    0.082          108.640
      Category 3    0.280          373.234
      Category 4    0.624          830.126
    V180
      Category 1    0.209          292.523
      Category 2    0.547          765.505
      Category 3    0.185          258.103
      Category 4    0.059           82.123
    V181
      Category 1    0.662          914.910
      Category 2    0.291          402.915
      Category 3    0.034           46.470
      Category 4    0.013           18.634
    V182
      Category 1    0.031           41.559
      Category 2    0.115          151.158
      Category 3    0.277          365.844
      Category 4    0.577          761.025
    V183
      Category 1    0.002            2.859
      Category 2    0.008           11.532
      Category 3    0.051           72.220
      Category 4    0.939         1330.498

  Group MM
    V176
      Category 1    0.577          338.878
      Category 2    0.350          205.576
      Category 3    0.049           28.587
      Category 4    0.024           14.382
    V177
      Category 1    0.029           12.846
      Category 2    0.125           55.182
      Category 3    0.354          155.878
      Category 4    0.492          216.860
    V178
      Category 1    0.142           75.257
      Category 2    0.365          194.085
      Category 3    0.302          160.390
      Category 4    0.191          101.514
    V179
      Category 1    0.043           20.012
      Category 2    0.116           53.323
      Category 3    0.299          137.894
      Category 4    0.542          250.088
    V180
      Category 1    0.202          111.650
      Category 2    0.555          306.634
      Category 3    0.172           95.242
      Category 4    0.071           39.130
    V181
      Category 1    0.559          298.605
      Category 2    0.388          207.254
      Category 3    0.043           22.970
      Category 4    0.010            5.540
    V182
      Category 1    0.067           29.282
      Category 2    0.145           63.110
      Category 3    0.288          125.406
      Category 4    0.500          217.632
    V183
      Category 1    0.015            8.453
      Category 2    0.010            5.386
      Category 3    0.113           62.358
      Category 4    0.861          473.402


SAMPLE STATISTICS


     ESTIMATED SAMPLE STATISTICS FOR SM


           MEANS/INTERCEPTS/THRESHOLDS
              V176$1        V176$2        V176$3        V177$1        V177$2
              ________      ________      ________      ________      ________
                0.508         1.568         2.272        -2.330        -1.272


           MEANS/INTERCEPTS/THRESHOLDS
              V177$3        V178$1        V178$2        V178$3        V179$1
              ________      ________      ________      ________      ________
               -0.169        -1.235        -0.021         0.768        -2.195


           MEANS/INTERCEPTS/THRESHOLDS
              V179$2        V179$3        V180$1        V180$2        V180$3
              ________      ________      ________      ________      ________
               -1.306        -0.315        -0.809         0.696         1.566


           MEANS/INTERCEPTS/THRESHOLDS
              V181$1        V181$2        V181$3        V182$1        V182$2
              ________      ________      ________      ________      ________
                0.417         1.674         2.212        -1.859        -1.054


           MEANS/INTERCEPTS/THRESHOLDS
              V182$3        V183$1        V183$2        V183$3
              ________      ________      ________      ________
               -0.193        -2.875        -2.321        -1.545


           CORRELATION MATRIX (WITH VARIANCES ON THE DIAGONAL)
              V176          V177          V178          V179          V180
              ________      ________      ________      ________      ________
 V176
 V177          -0.500
 V178          -0.239         0.520
 V179          -0.470         0.594         0.384
 V180           0.357        -0.270        -0.390        -0.208
 V181           0.629        -0.493        -0.259        -0.475         0.426
 V182          -0.388         0.507         0.346         0.647        -0.193
 V183          -0.228         0.518         0.254         0.424        -0.151


           CORRELATION MATRIX (WITH VARIANCES ON THE DIAGONAL)
              V181          V182          V183
              ________      ________      ________
 V182          -0.452
 V183          -0.461         0.440


     ESTIMATED SAMPLE STATISTICS FOR MM


           MEANS/INTERCEPTS/THRESHOLDS
              V176$1        V176$2        V176$3        V177$1        V177$2
              ________      ________      ________      ________      ________
                0.194         1.453         1.969        -1.894        -1.018


           MEANS/INTERCEPTS/THRESHOLDS
              V177$3        V178$1        V178$2        V178$3        V179$1
              ________      ________      ________      ________      ________
                0.020        -1.073         0.018         0.874        -1.713


           MEANS/INTERCEPTS/THRESHOLDS
              V179$2        V179$3        V180$1        V180$2        V180$3
              ________      ________      ________      ________      ________
               -0.999        -0.106        -0.834         0.696         1.470


           MEANS/INTERCEPTS/THRESHOLDS
              V181$1        V181$2        V181$3        V182$1        V182$2
              ________      ________      ________      ________      ________
                0.148         1.613         2.313        -1.497        -0.799


           MEANS/INTERCEPTS/THRESHOLDS
              V182$3        V183$1        V183$2        V183$3
              ________      ________      ________      ________
                0.000        -2.160        -1.957        -1.086


           CORRELATION MATRIX (WITH VARIANCES ON THE DIAGONAL)
              V176          V177          V178          V179          V180
              ________      ________      ________      ________      ________
 V176
 V177          -0.567
 V178          -0.318         0.596
 V179          -0.537         0.766         0.617
 V180           0.287        -0.298        -0.424        -0.188
 V181           0.670        -0.544        -0.410        -0.480         0.378
 V182          -0.468         0.641         0.552         0.790        -0.117
 V183          -0.433         0.699         0.473         0.763        -0.072


           CORRELATION MATRIX (WITH VARIANCES ON THE DIAGONAL)
              V181          V182          V183
              ________      ________      ________
 V182          -0.455
 V183          -0.305         0.731


THE MODEL ESTIMATION TERMINATED NORMALLY



MODEL FIT INFORMATION

Number of Free Parameters                       41

Chi-Square Test of Model Fit

          Value                            436.669*
          Degrees of Freedom                    63
          P-Value                           0.0000

Chi-Square Contribution From Each Group

          SM                               231.801
          MM                               204.869

*   The chi-square value for MLM, MLMV, MLR, ULSMV, WLSM and WLSMV cannot be used
    for chi-square difference testing in the regular way.  MLM, MLR and WLSM
    chi-square difference testing is described on the Mplus website.  MLMV, WLSMV,
    and ULSMV difference testing is done using the DIFFTEST option.

RMSEA (Root Mean Square Error Of Approximation)

          Estimate                           0.075
          90 Percent C.I.                    0.069  0.082
          Probability RMSEA <= .05           0.000

CFI/TLI

          CFI                                0.935
          TLI                                0.943

Chi-Square Test of Model Fit for the Baseline Model

          Value                           5833.147
          Degrees of Freedom                    56
          P-Value                           0.0000

WRMR (Weighted Root Mean Square Residual)

          Value                              2.942



MODEL RESULTS

                                                    Two-Tailed
                    Estimate       S.E.  Est./S.E.    P-Value

Group SM

 F1       BY
    V176               1.000      0.000    999.000    999.000
    V177              -1.342      0.105    -12.815      0.000
    V178              -0.737      0.060    -12.294      0.000
    V179              -1.449      0.118    -12.295      0.000
    V180               0.497      0.045     10.947      0.000
    V181               1.064      0.080     13.385      0.000
    V182              -1.145      0.092    -12.499      0.000
    V183              -0.918      0.096     -9.531      0.000

 Means
    F1                 0.000      0.000    999.000    999.000

 Thresholds
    V176$1             0.604      0.049     12.289      0.000
    V176$2             2.162      0.091     23.847      0.000
    V176$3             3.111      0.145     21.494      0.000
    V177$1            -3.597      0.183    -19.635      0.000
    V177$2            -1.959      0.093    -21.174      0.000
    V177$3            -0.208      0.053     -3.908      0.000
    V178$1            -1.439      0.056    -25.660      0.000
    V178$2            -0.013      0.038     -0.357      0.721
    V178$3             0.962      0.045     21.227      0.000
    V179$1            -3.457      0.169    -20.442      0.000
    V179$2            -2.065      0.102    -20.319      0.000
    V179$3            -0.449      0.058     -7.736      0.000
    V180$1            -0.924      0.041    -22.367      0.000
    V180$2             0.789      0.039     20.201      0.000
    V180$3             1.755      0.062     28.399      0.000
    V181$1             0.510      0.049     10.403      0.000
    V181$2             2.387      0.100     23.802      0.000
    V181$3             3.236      0.139     23.234      0.000
    V182$1            -2.606      0.108    -24.118      0.000
    V182$2            -1.464      0.070    -20.943      0.000
    V182$3            -0.223      0.048     -4.657      0.000
    V183$1            -3.445      0.226    -15.233      0.000
    V183$2            -2.980      0.156    -19.044      0.000
    V183$3            -1.895      0.096    -19.797      0.000

 Variances
    F1                 0.782      0.102      7.703      0.000

 Residual Variances
    V176               1.000      0.000    999.000    999.000
    V177               1.000      0.000    999.000    999.000
    V178               1.000      0.000    999.000    999.000
    V179               1.000      0.000    999.000    999.000
    V180               1.000      0.000    999.000    999.000
    V181               1.000      0.000    999.000    999.000
    V182               1.000      0.000    999.000    999.000
    V183               1.000      0.000    999.000    999.000

Group MM

 F1       BY
    V176               1.000      0.000    999.000    999.000
    V177              -1.342      0.105    -12.815      0.000
    V178              -0.737      0.060    -12.294      0.000
    V179              -1.449      0.118    -12.295      0.000
    V180               0.497      0.045     10.947      0.000
    V181               1.064      0.080     13.385      0.000
    V182              -1.145      0.092    -12.499      0.000
    V183              -0.918      0.096     -9.531      0.000

 Means
    F1                 0.000      0.000    999.000    999.000

 Thresholds
    V176$1             0.604      0.049     12.289      0.000
    V176$2             2.162      0.091     23.847      0.000
    V176$3             3.111      0.145     21.494      0.000
    V177$1            -3.597      0.183    -19.635      0.000
    V177$2            -1.959      0.093    -21.174      0.000
    V177$3            -0.208      0.053     -3.908      0.000
    V178$1            -1.439      0.056    -25.660      0.000
    V178$2            -0.013      0.038     -0.357      0.721
    V178$3             0.962      0.045     21.227      0.000
    V179$1            -3.457      0.169    -20.442      0.000
    V179$2            -2.065      0.102    -20.319      0.000
    V179$3            -0.449      0.058     -7.736      0.000
    V180$1            -0.924      0.041    -22.367      0.000
    V180$2             0.789      0.039     20.201      0.000
    V180$3             1.755      0.062     28.399      0.000
    V181$1             0.510      0.049     10.403      0.000
    V181$2             2.387      0.100     23.802      0.000
    V181$3             3.236      0.139     23.234      0.000
    V182$1            -2.606      0.108    -24.118      0.000
    V182$2            -1.464      0.070    -20.943      0.000
    V182$3            -0.223      0.048     -4.657      0.000
    V183$1            -3.445      0.226    -15.233      0.000
    V183$2            -2.980      0.156    -19.044      0.000
    V183$3            -1.895      0.096    -19.797      0.000

 Variances
    F1                 1.330      0.210      6.344      0.000

 Residual Variances
    V176               1.444      0.218      6.612      0.000
    V177               1.088      0.176      6.178      0.000
    V178               0.841      0.102      8.236      0.000
    V179               0.659      0.154      4.287      0.000
    V180               1.340      0.169      7.936      0.000
    V181               1.465      0.266      5.515      0.000
    V182               1.039      0.161      6.455      0.000
    V183               1.173      0.176      6.662      0.000


STANDARDIZED MODEL RESULTS


STDYX Standardization

                                                    Two-Tailed
                    Estimate       S.E.  Est./S.E.    P-Value

Group SM

 F1       BY
    V176               0.662      0.024     27.450      0.000
    V177              -0.765      0.019    -40.751      0.000
    V178              -0.546      0.022    -24.402      0.000
    V179              -0.788      0.018    -42.787      0.000
    V180               0.403      0.026     15.250      0.000
    V181               0.685      0.023     30.107      0.000
    V182              -0.711      0.020    -35.747      0.000
    V183              -0.630      0.032    -19.776      0.000

 Means
    F1                 0.000      0.000    999.000    999.000

 Thresholds
    V176$1             0.453      0.034     13.488      0.000
    V176$2             1.619      0.055     29.271      0.000
    V176$3             2.331      0.096     24.294      0.000
    V177$1            -2.318      0.098    -23.712      0.000
    V177$2            -1.262      0.047    -26.640      0.000
    V177$3            -0.134      0.033     -4.009      0.000
    V178$1            -1.205      0.044    -27.521      0.000
    V178$2            -0.011      0.031     -0.357      0.721
    V178$3             0.806      0.036     22.263      0.000
    V179$1            -2.127      0.088    -24.165      0.000
    V179$2            -1.271      0.047    -26.848      0.000
    V179$3            -0.276      0.033     -8.339      0.000
    V180$1            -0.846      0.037    -22.982      0.000
    V180$2             0.722      0.035     20.394      0.000
    V180$3             1.606      0.056     28.634      0.000
    V181$1             0.372      0.034     11.013      0.000
    V181$2             1.738      0.064     27.256      0.000
    V181$3             2.357      0.098     24.118      0.000
    V182$1            -1.831      0.067    -27.243      0.000
    V182$2            -1.029      0.042    -24.274      0.000
    V182$3            -0.157      0.033     -4.743      0.000
    V183$1            -2.675      0.162    -16.546      0.000
    V183$2            -2.314      0.103    -22.514      0.000
    V183$3            -1.471      0.053    -28.006      0.000

 Variances
    F1                 1.000      0.000    999.000    999.000

 Residual Variances
    V176               0.561      0.032     17.555      0.000
    V177               0.415      0.029     14.461      0.000
    V178               0.702      0.024     28.714      0.000
    V179               0.378      0.029     13.027      0.000
    V180               0.838      0.021     39.420      0.000
    V181               0.530      0.031     17.001      0.000
    V182               0.494      0.028     17.441      0.000
    V183               0.603      0.040     15.006      0.000

Group MM

 F1       BY
    V176               0.692      0.029     23.498      0.000
    V177              -0.829      0.023    -36.010      0.000
    V178              -0.680      0.029    -23.852      0.000
    V179              -0.900      0.022    -41.702      0.000
    V180               0.444      0.031     14.302      0.000
    V181               0.712      0.031     22.690      0.000
    V182              -0.792      0.024    -33.590      0.000
    V183              -0.699      0.035    -20.076      0.000

 Means
    F1                 0.000      0.000    999.000    999.000

 Thresholds
    V176$1             0.363      0.031     11.857      0.000
    V176$2             1.298      0.069     18.733      0.000
    V176$3             1.868      0.100     18.668      0.000
    V177$1            -1.927      0.115    -16.809      0.000
    V177$2            -1.049      0.058    -18.042      0.000
    V177$3            -0.111      0.028     -3.956      0.000
    V178$1            -1.151      0.059    -19.465      0.000
    V178$2            -0.011      0.030     -0.357      0.721
    V178$3             0.769      0.043     18.059      0.000
    V179$1            -1.860      0.110    -16.848      0.000
    V179$2            -1.111      0.065    -17.045      0.000
    V179$3            -0.242      0.031     -7.781      0.000
    V180$1            -0.715      0.045    -15.989      0.000
    V180$2             0.611      0.039     15.550      0.000
    V180$3             1.358      0.072     18.779      0.000
    V181$1             0.296      0.030      9.967      0.000
    V181$2             1.385      0.082     16.870      0.000
    V181$3             1.878      0.119     15.803      0.000
    V182$1            -1.562      0.087    -17.869      0.000
    V182$2            -0.878      0.051    -17.128      0.000
    V182$3            -0.134      0.029     -4.646      0.000
    V183$1            -2.274      0.153    -14.904      0.000
    V183$2            -1.967      0.109    -18.101      0.000
    V183$3            -1.251      0.065    -19.167      0.000

 Variances
    F1                 1.000      0.000    999.000    999.000

 Residual Variances
    V176               0.521      0.041     12.753      0.000
    V177               0.312      0.038      8.172      0.000
    V178               0.538      0.039     13.870      0.000
    V179               0.191      0.039      4.914      0.000
    V180               0.803      0.028     29.122      0.000
    V181               0.493      0.045     11.030      0.000
    V182               0.373      0.037     10.010      0.000
    V183               0.511      0.049     10.506      0.000


R-SQUARE

Group SM

    Observed                                        Two-Tailed     Scale
    Variable        Estimate       S.E.  Est./S.E.    P-Value     Factors

    V176               0.439      0.032     13.725      0.000      0.749
    V177               0.585      0.029     20.375      0.000      0.644
    V178               0.298      0.024     12.201      0.000      0.838
    V179               0.622      0.029     21.394      0.000      0.615
    V180               0.162      0.021      7.625      0.000      0.915
    V181               0.470      0.031     15.054      0.000      0.728
    V182               0.506      0.028     17.873      0.000      0.703
    V183               0.397      0.040      9.888      0.000      0.776

Group MM

    Observed                                        Two-Tailed     Scale
    Variable        Estimate       S.E.  Est./S.E.    P-Value     Factors

    V176               0.479      0.041     11.749      0.000      0.600
    V177               0.688      0.038     18.005      0.000      0.536
    V178               0.462      0.039     11.926      0.000      0.800
    V179               0.809      0.039     20.851      0.000      0.538
    V180               0.197      0.028      7.151      0.000      0.774
    V181               0.507      0.045     11.345      0.000      0.580
    V182               0.627      0.037     16.795      0.000      0.599
    V183               0.489      0.049     10.038      0.000      0.660


QUALITY OF NUMERICAL RESULTS

     Condition Number for the Information Matrix              0.346E-02
       (ratio of smallest to largest eigenvalue)


MODEL MODIFICATION INDICES

NOTE:  Modification indices for direct effects of observed dependent variables
regressed on covariates and residual covariances among observed dependent
variables may not be included.  To include these, request MODINDICES (ALL).

Minimum M.I. value for printing the modification index    10.000

                                   M.I.     E.P.C.  Std E.P.C.  StdYX E.P.C.
Group SM


BY Statements

F1       BY V180                  14.102     0.075      0.067        0.061
F1       BY V183                  10.942     0.157      0.139        0.108

WITH Statements

V178     WITH V176                12.067     0.231      0.231        0.231
V178     WITH V177                15.805     0.259      0.259        0.259
V180     WITH V178                49.896    -0.265     -0.265       -0.265
V181     WITH V176                58.772     0.470      0.470        0.470
V181     WITH V178                11.668     0.226      0.226        0.226
V181     WITH V180                22.860     0.261      0.261        0.261
V182     WITH V179                23.753     0.370      0.370        0.370
V183     WITH V176                10.408     0.362      0.362        0.362

Means/Intercepts/Thresholds

[ V183     ]                      10.875     0.574      0.574        0.446
[ F1       ]                      19.679    -0.128     -0.145       -0.145

Group MM


BY Statements

F1       BY V180                  14.102    -0.073     -0.085       -0.065
F1       BY V183                  10.940    -0.095     -0.109       -0.072

WITH Statements

V181     WITH V176                13.385     0.348      0.348        0.239
V183     WITH V179                14.658     0.625      0.625        0.712
V183     WITH V180                17.191     0.456      0.456        0.364

Means/Intercepts/Thresholds

[ V183     ]                      10.905    -0.575     -0.575       -0.380
[ F1       ]                      19.642     0.128      0.111        0.111



SAVEDATA INFORMATION


  Difference testing

  Save file
    v176_scalar.dat
  Save format      Free

DIAGRAM INFORMATION

  Use View Diagram under the Diagram menu in the Mplus Editor to view the diagram.
  If running Mplus from the Mplus Diagrammer, the diagram opens automatically.

  Diagram output
    c:\users\msassac6\dropbox (the university of manchester)\papers\joe s\evs_mm_de_equivalence\mplus\eq\inv_data3_v176_

     Beginning Time:  08:30:10
        Ending Time:  08:30:11
       Elapsed Time:  00:00:01



MUTHEN & MUTHEN
3463 Stoner Ave.
Los Angeles, CA  90066

Tel: (310) 391-9971
Fax: (310) 391-8971
Web: www.StatModel.com
Support: Support@StatModel.com

Copyright (c) 1998-2017 Muthen & Muthen
