Mplus VERSION 8
MUTHEN & MUTHEN
07/06/2020   2:40 PM

INPUT INSTRUCTIONS

  TITLE: Your title goes here

   DATA: FILE = eq/data.dta;

   VARIABLE:

   NAMES = id_cocas weight comp_mode comp_len mode mm_matrix_group wei_mmf v2 v3 v4 v32
       v33 v34 v35 v36 v37 v46 v47 v48 v49 v50 v65 v66 v67 v68 v69 v70 v82 v83 v84 v98
       v99 v100 v101 v103 v104 v105 v106 v107 v115 v116 v117 v118 v119 v120 v121 v122
       v123 v124 v125 v126 v127 v128 v129 v130 v131 v132 v133 v134 v135 v136 v137 v138
       v139 v140 v141 v145 v146 v147 v148 v149 v150 v151 v152 v153 v154 v155 v156 v157
       v158 v159 v160 v161 v162 v163 v164 v165 v166 v167 v176 v177 v178 v179 v180 v181
       v182 v183 v185 v186 v187 v188 v189 v191 v192 v193 v194 v195 v196 v197 v199 v200
       v201 v202 v203 v205 v206 v207 v208 v209 v210 v211 v212 v213 v214 v215 v216 v217
       v218 v220 v221 v222 v223 v224 v267 v268 v269 v271 v272 v273;

   MISSING=.;

   USEVARIABLES ARE
   v205
   v206
   v207;

   CATEGORICAL ARE
   v205
   v206
   v207;

   GROUPING IS comp_mode (0=sm 1=mm);


   Analysis:

                  ESTIMATOR = WLSMV;

                  ITERATIONS = 100000;

                  PARAMETERIZATION = THETA;

  Model:


  f1 BY v205@1
  v206 (L2_sm)
  v207 (L3_sm)
  ;


  [v205$1] (t_v205_1);
  [v205$2] (t_v205_2);
  [v205$3] (t_v205_3);

   [f1@0];
  [v206$1] (t_v206_1);
  [v206$2] (t_v206_2_sm);
  [v206$3] (t_v206_3_sm);

   [f1@0];
  [v207$1] (t_v207_1);
  [v207$2] (t_v207_2_sm);
  [v207$3] (t_v207_3_sm);

   [f1@0];

  Model mm:

  f1 BY v205@1
  v206 (L2_mm)
  v207 (L3_mm)
  ;


  [v205$1] (t_v205_1);
  [v205$2] (t_v205_2);
  [v205$3] (t_v205_3);

   [f1@0];
  [v206$1] (t_v206_1);
  [v206$2] (t_v206_2_mm);
  [v206$3] (t_v206_3_mm);

   [f1@0];
  [v207$1] (t_v207_1);
  [v207$2] (t_v207_2_mm);
  [v207$3] (t_v207_3_mm);

   [f1@0];

   SAVEDATA: DIFFTEST IS v205_config.dat;

   OUTPUT: SAMPSTAT;

                                  MODINDICES;

                                  STDYX;




*** WARNING
  Data set contains unknown or missing values for GROUPING,
  PATTERN, COHORT, CLUSTER and/or STRATIFICATION variables.
  Number of cases with unknown or missing values:  3244
*** WARNING
  Data set contains cases with missing on all variables.
  These cases were not included in the analysis.
  Number of cases with missing on all variables:  27
   2 WARNING(S) FOUND IN THE INPUT INSTRUCTIONS



Your title goes here

SUMMARY OF ANALYSIS

Number of groups                                                 2
Number of observations
   Group SM                                                   1485
   Group MM                                                    660
   Total sample size                                          2145

Number of dependent variables                                    3
Number of independent variables                                  0
Number of continuous latent variables                            1

Observed dependent variables

  Binary and ordered categorical (ordinal)
   V205        V206        V207

Continuous latent variables
   F1

Variables with special functions

  Grouping variable     COMP_MOD

Estimator                                                    WLSMV
Maximum number of iterations                                100000
Convergence criterion                                    0.500D-04
Maximum number of steepest descent iterations                   20
Maximum number of iterations for H1                           2000
Convergence criterion for H1                             0.100D-03
Parameterization                                             THETA
Link                                                        PROBIT

Input data file(s)
  eq/data.dta

Input data format  FREE


SUMMARY OF DATA

   Group SM
     Number of missing data patterns             6

   Group MM
     Number of missing data patterns             6


COVARIANCE COVERAGE OF DATA

Minimum covariance coverage value   0.100


     PROPORTION OF DATA PRESENT FOR SM


           Covariance Coverage
              V205          V206          V207
              ________      ________      ________
 V205           0.994
 V206           0.975         0.980
 V207           0.982         0.973         0.989


     PROPORTION OF DATA PRESENT FOR MM


           Covariance Coverage
              V205          V206          V207
              ________      ________      ________
 V205           0.976
 V206           0.953         0.976
 V207           0.945         0.956         0.970


UNIVARIATE PROPORTIONS AND COUNTS FOR CATEGORICAL VARIABLES

  Group SM
    V205
      Category 1    0.289          427.000
      Category 2    0.397          586.000
      Category 3    0.175          258.000
      Category 4    0.139          205.000
    V206
      Category 1    0.069          100.000
      Category 2    0.195          284.000
      Category 3    0.326          474.000
      Category 4    0.411          598.000
    V207
      Category 1    0.044           64.000
      Category 2    0.106          155.000
      Category 3    0.224          329.000
      Category 4    0.627          920.000

  Group MM
    V205
      Category 1    0.236          152.000
      Category 2    0.455          293.000
      Category 3    0.188          121.000
      Category 4    0.121           78.000
    V206
      Category 1    0.048           31.000
      Category 2    0.196          126.000
      Category 3    0.349          225.000
      Category 4    0.407          262.000
    V207
      Category 1    0.039           25.000
      Category 2    0.139           89.000
      Category 3    0.286          183.000
      Category 4    0.536          343.000


SAMPLE STATISTICS


     ESTIMATED SAMPLE STATISTICS FOR SM


           MEANS/INTERCEPTS/THRESHOLDS
              V205$1        V205$2        V205$3        V206$1        V206$2
              ________      ________      ________      ________      ________
               -0.555         0.485         1.085        -1.486        -0.632


           MEANS/INTERCEPTS/THRESHOLDS
              V206$3        V207$1        V207$2        V207$3
              ________      ________      ________      ________
                0.226        -1.710        -1.040        -0.323


           CORRELATION MATRIX (WITH VARIANCES ON THE DIAGONAL)
              V205          V206          V207
              ________      ________      ________
 V205
 V206           0.535
 V207           0.420         0.642


     ESTIMATED SAMPLE STATISTICS FOR MM


           MEANS/INTERCEPTS/THRESHOLDS
              V205$1        V205$2        V205$3        V206$1        V206$2
              ________      ________      ________      ________      ________
               -0.719         0.499         1.169        -1.663        -0.694


           MEANS/INTERCEPTS/THRESHOLDS
              V206$3        V207$1        V207$2        V207$3
              ________      ________      ________      ________
                0.236        -1.762        -0.923        -0.090


           CORRELATION MATRIX (WITH VARIANCES ON THE DIAGONAL)
              V205          V206          V207
              ________      ________      ________
 V205
 V206           0.555
 V207           0.450         0.691


THE MODEL ESTIMATION TERMINATED NORMALLY



MODEL FIT INFORMATION

Number of Free Parameters                       22

Chi-Square Test of Model Fit

          Value                              2.862*
          Degrees of Freedom                     2
          P-Value                           0.2390

Chi-Square Contribution From Each Group

          SM                                 0.969
          MM                                 1.894

*   The chi-square value for MLM, MLMV, MLR, ULSMV, WLSM and WLSMV cannot be used
    for chi-square difference testing in the regular way.  MLM, MLR and WLSM
    chi-square difference testing is described on the Mplus website.  MLMV, WLSMV,
    and ULSMV difference testing is done using the DIFFTEST option.

RMSEA (Root Mean Square Error Of Approximation)

          Estimate                           0.020
          90 Percent C.I.                    0.000  0.067
          Probability RMSEA <= .05           0.813

CFI/TLI

          CFI                                1.000
          TLI                                0.999

Chi-Square Test of Model Fit for the Baseline Model

          Value                           2810.731
          Degrees of Freedom                     6
          P-Value                           0.0000

WRMR (Weighted Root Mean Square Residual)

          Value                              0.496



MODEL RESULTS

                                                    Two-Tailed
                    Estimate       S.E.  Est./S.E.    P-Value

Group SM

 F1       BY
    V205               1.000      0.000    999.000    999.000
    V206               2.901      0.616      4.709      0.000
    V207               1.374      0.110     12.450      0.000

 Means
    F1                 0.000      0.000    999.000    999.000

 Thresholds
    V205$1            -0.725      0.038    -18.886      0.000
    V205$2             0.585      0.037     15.912      0.000
    V205$3             1.329      0.052     25.689      0.000
    V206$1            -3.493      0.499     -6.996      0.000
    V206$2            -1.486      0.227     -6.541      0.000
    V206$3             0.531      0.104      5.092      0.000
    V207$1            -2.428      0.111    -21.862      0.000
    V207$2            -1.476      0.075    -19.655      0.000
    V207$3            -0.459      0.051     -8.988      0.000

 Variances
    F1                 0.538      0.073      7.395      0.000

 Residual Variances
    V205               1.000      0.000    999.000    999.000
    V206               1.000      0.000    999.000    999.000
    V207               1.000      0.000    999.000    999.000

Group MM

 F1       BY
    V205               1.000      0.000    999.000    999.000
    V206               2.906      0.548      5.299      0.000
    V207               1.548      0.172      8.974      0.000

 Means
    F1                 0.000      0.000    999.000    999.000

 Thresholds
    V205$1            -0.725      0.038    -18.886      0.000
    V205$2             0.585      0.037     15.912      0.000
    V205$3             1.329      0.052     25.689      0.000
    V206$1            -3.493      0.499     -6.996      0.000
    V206$2            -1.458      0.235     -6.211      0.000
    V206$3             0.495      0.133      3.732      0.000
    V207$1            -2.428      0.111    -21.862      0.000
    V207$2            -1.271      0.098    -13.029      0.000
    V207$3            -0.124      0.068     -1.841      0.066

 Variances
    F1                 0.444      0.076      5.863      0.000

 Residual Variances
    V205               0.784      0.089      8.862      0.000
    V206               0.658      0.354      1.856      0.063
    V207               0.834      0.132      6.320      0.000


STANDARDIZED MODEL RESULTS


STDYX Standardization

                                                    Two-Tailed
                    Estimate       S.E.  Est./S.E.    P-Value

Group SM

 F1       BY
    V205               0.591      0.026     22.744      0.000
    V206               0.905      0.029     31.641      0.000
    V207               0.710      0.027     25.904      0.000

 Means
    F1                 0.000      0.000    999.000    999.000

 Thresholds
    V205$1            -0.585      0.030    -19.788      0.000
    V205$2             0.471      0.029     16.450      0.000
    V205$3             1.072      0.038     28.300      0.000
    V206$1            -1.486      0.050    -29.658      0.000
    V206$2            -0.632      0.035    -17.878      0.000
    V206$3             0.226      0.033      6.809      0.000
    V207$1            -1.710      0.058    -29.653      0.000
    V207$2            -1.040      0.040    -25.981      0.000
    V207$3            -0.323      0.033     -9.692      0.000

 Variances
    F1                 1.000      0.000    999.000    999.000

 Residual Variances
    V205               0.650      0.031     21.143      0.000
    V206               0.181      0.052      3.494      0.000
    V207               0.496      0.039     12.760      0.000

Group MM

 F1       BY
    V205               0.601      0.034     17.700      0.000
    V206               0.922      0.037     24.996      0.000
    V207               0.749      0.035     21.591      0.000

 Means
    F1                 0.000      0.000    999.000    999.000

 Thresholds
    V205$1            -0.654      0.039    -16.750      0.000
    V205$2             0.527      0.035     14.935      0.000
    V205$3             1.199      0.055     21.842      0.000
    V206$1            -1.663      0.084    -19.729      0.000
    V206$2            -0.694      0.054    -12.863      0.000
    V206$3             0.236      0.050      4.725      0.000
    V207$1            -1.762      0.091    -19.444      0.000
    V207$2            -0.923      0.058    -15.900      0.000
    V207$3            -0.090      0.050     -1.818      0.069

 Variances
    F1                 1.000      0.000    999.000    999.000

 Residual Variances
    V205               0.638      0.041     15.620      0.000
    V206               0.149      0.068      2.190      0.029
    V207               0.439      0.052      8.457      0.000


R-SQUARE

Group SM

    Observed                                        Two-Tailed     Scale
    Variable        Estimate       S.E.  Est./S.E.    P-Value     Factors

    V205               0.350      0.031     11.372      0.000      0.806
    V206               0.819      0.052     15.820      0.000      0.425
    V207               0.504      0.039     12.952      0.000      0.704

Group MM

    Observed                                        Two-Tailed     Scale
    Variable        Estimate       S.E.  Est./S.E.    P-Value     Factors

    V205               0.362      0.041      8.850      0.000      0.902
    V206               0.851      0.068     12.498      0.000      0.476
    V207               0.561      0.052     10.795      0.000      0.726


QUALITY OF NUMERICAL RESULTS

     Condition Number for the Information Matrix              0.408E-03
       (ratio of smallest to largest eigenvalue)


MODEL MODIFICATION INDICES

NOTE:  Modification indices for direct effects of observed dependent variables
regressed on covariates and residual covariances among observed dependent
variables may not be included.  To include these, request MODINDICES (ALL).

Minimum M.I. value for printing the modification index    10.000

                                   M.I.     E.P.C.  Std E.P.C.  StdYX E.P.C.
Group SM


No modification indices above the minimum value.

Group MM


No modification indices above the minimum value.



SAVEDATA INFORMATION


  Difference testing

  Save file
    v205_config.dat
  Save format      Free

DIAGRAM INFORMATION

  Use View Diagram under the Diagram menu in the Mplus Editor to view the diagram.
  If running Mplus from the Mplus Diagrammer, the diagram opens automatically.

  Diagram output
    c:\users\msassac6\dropbox (the university of manchester)\papers\joe s\evs_mm_de_equivalence\mplus\eq\inv_data3_v205_

     Beginning Time:  14:40:25
        Ending Time:  14:40:26
       Elapsed Time:  00:00:01



MUTHEN & MUTHEN
3463 Stoner Ave.
Los Angeles, CA  90066

Tel: (310) 391-9971
Fax: (310) 391-8971
Web: www.StatModel.com
Support: Support@StatModel.com

Copyright (c) 1998-2017 Muthen & Muthen
