Mplus VERSION 8
MUTHEN & MUTHEN
07/13/2020   8:28 AM

INPUT INSTRUCTIONS

  TITLE: Your title goes here

   DATA: FILE = eq/data.dta;

   VARIABLE:

   NAMES = id_cocas weight comp_mode comp_len mode mm_matrix_group wei_mmf v2 v3 v4 v32
       v33 v34 v35 v36 v37 v46 v47 v48 v49 v50 v65 v66 v67 v68 v69 v70 v82 v83 v84 v98
       v99 v100 v101 v103 v104 v105 v106 v107 v115 v116 v117 v118 v119 v120 v121 v122
       v123 v124 v125 v126 v127 v128 v129 v130 v131 v132 v133 v134 v135 v136 v137 v138
       v139 v140 v141 v145 v146 v147 v148 v149 v150 v151 v152 v153 v154 v155 v156 v157
       v158 v159 v160 v161 v162 v163 v164 v165 v166 v167 v176 v177 v178 v179 v180 v181
       v182 v183 v185 v186 v187 v188 v189 v191 v192 v193 v194 v195 v196 v197 v199 v200
       v201 v202 v203 v205 v206 v207 v208 v209 v210 v211 v212 v213 v214 v215 v216 v217
       v218 v220 v221 v222 v223 v224 v267 v268 v269 v271 v272 v273;

   MISSING=.;

   USEVARIABLES ARE
   v221
   v222
   v223
   v224;

   CATEGORICAL ARE
   v221
   v222
   v223
   v224;

   GROUPING IS comp_len (0=full 1=short);

  WEIGHT IS weight;

   Analysis:

                  ESTIMATOR = WLSMV;

                  ITERATIONS = 100000;

                  PARAMETERIZATION = THETA;

  Model:


  f1 BY v221@1
  v222 (L2)
  v223 (L3)
  v224 (L4)
  ;


   [f1@0];
  [v221$1] (t_v221_1);
  [v221$2] (t_v221_2);
  [v221$3] (t_v221_3);

  [v222$1] (t_v222_1);
  [v222$2] (t_v222_2);
  [v222$3] (t_v222_3);

  [v223$1] (t_v223_1);
  [v223$2] (t_v223_2);
  [v223$3] (t_v223_3);

  [v224$1] (t_v224_1);
  [v224$2] (t_v224_2);
  [v224$3] (t_v224_3);


  Model short:

  f1 BY v221@1
  v222 (L2)
  v223 (L3)
  v224 (L4)
  ;


   [f1@0];
  [v221$1] (t_v221_1);
  [v221$2] (t_v221_2);
  [v221$3] (t_v221_3);

  [v222$1] (t_v222_1);
  [v222$2] (t_v222_2);
  [v222$3] (t_v222_3);

  [v223$1] (t_v223_1);
  [v223$2] (t_v223_2);
  [v223$3] (t_v223_3);

  [v224$1] (t_v224_1);
  [v224$2] (t_v224_2);
  [v224$3] (t_v224_3);


   SAVEDATA: DIFFTEST IS v221_scalar.dat;

   OUTPUT: SAMPSTAT;

                                  MODINDICES;

                                  STDYX;




*** WARNING
  Data set contains unknown or missing values for GROUPING,
  PATTERN, COHORT, CLUSTER and/or STRATIFICATION variables.
  Number of cases with unknown or missing values:  1494
*** WARNING
  Data set contains cases with missing on all variables.
  These cases were not included in the analysis.
  Number of cases with missing on all variables:  1705
   2 WARNING(S) FOUND IN THE INPUT INSTRUCTIONS



Your title goes here

SUMMARY OF ANALYSIS

Number of groups                                                 2
Number of observations
   Group FULL                                                  666
   Group SHORT                                                1551
   Total sample size                                          2217

Number of dependent variables                                    4
Number of independent variables                                  0
Number of continuous latent variables                            1

Observed dependent variables

  Binary and ordered categorical (ordinal)
   V221        V222        V223        V224

Continuous latent variables
   F1

Variables with special functions

  Grouping variable     COMP_LEN
  Weight variable       WEIGHT

Estimator                                                    WLSMV
Maximum number of iterations                                100000
Convergence criterion                                    0.500D-04
Maximum number of steepest descent iterations                   20
Maximum number of iterations for H1                           2000
Convergence criterion for H1                             0.100D-03
Parameterization                                             THETA
Link                                                        PROBIT

Input data file(s)
  eq/data.dta

Input data format  FREE


SUMMARY OF DATA

   Group FULL
     Number of missing data patterns            11

   Group SHORT
     Number of missing data patterns            11


COVARIANCE COVERAGE OF DATA

Minimum covariance coverage value   0.100


     PROPORTION OF DATA PRESENT FOR FULL


           Covariance Coverage
              V221          V222          V223          V224
              ________      ________      ________      ________
 V221           0.944
 V222           0.941         0.992
 V223           0.929         0.970         0.973
 V224           0.932         0.977         0.959         0.985


     PROPORTION OF DATA PRESENT FOR SHORT


           Covariance Coverage
              V221          V222          V223          V224
              ________      ________      ________      ________
 V221           0.957
 V222           0.952         0.992
 V223           0.940         0.974         0.977
 V224           0.950         0.986         0.972         0.993


UNIVARIATE PROPORTIONS AND COUNTS FOR CATEGORICAL VARIABLES

  Group FULL
    V221
      Category 1    0.251          156.459
      Category 2    0.531          330.844
      Category 3    0.187          116.639
      Category 4    0.031           19.135
    V222
      Category 1    0.743          489.436
      Category 2    0.249          163.765
      Category 3    0.007            4.379
      Category 4    0.001            0.956
    V223
      Category 1    0.457          295.500
      Category 2    0.469          302.964
      Category 3    0.062           40.102
      Category 4    0.012            7.921
    V224
      Category 1    0.857          560.360
      Category 2    0.132           86.486
      Category 3    0.008            5.459
      Category 4    0.002            1.482

  Group SHORT
    V221
      Category 1    0.259          384.159
      Category 2    0.496          734.401
      Category 3    0.204          301.672
      Category 4    0.041           60.205
    V222
      Category 1    0.768         1182.669
      Category 2    0.219          336.595
      Category 3    0.013           19.561
      Category 4    0.001            1.524
    V223
      Category 1    0.518          780.956
      Category 2    0.419          632.735
      Category 3    0.057           86.087
      Category 4    0.006            9.263
    V224
      Category 1    0.817         1258.658
      Category 2    0.157          242.468
      Category 3    0.021           32.523
      Category 4    0.005            7.265


SAMPLE STATISTICS


     ESTIMATED SAMPLE STATISTICS FOR FULL


           MEANS/INTERCEPTS/THRESHOLDS
              V221$1        V221$2        V221$3        V222$1        V222$2
              ________      ________      ________      ________      ________
               -0.671         0.779         1.870         0.653         2.404


           MEANS/INTERCEPTS/THRESHOLDS
              V222$3        V223$1        V223$2        V223$3        V224$1
              ________      ________      ________      ________      ________
                2.978        -0.108         1.445         2.249         1.067


           MEANS/INTERCEPTS/THRESHOLDS
              V224$2        V224$3
              ________      ________
                2.304         2.838


           CORRELATION MATRIX (WITH VARIANCES ON THE DIAGONAL)
              V221          V222          V223          V224
              ________      ________      ________      ________
 V221
 V222           0.374
 V223           0.258         0.455
 V224           0.151         0.168         0.342


     ESTIMATED SAMPLE STATISTICS FOR SHORT


           MEANS/INTERCEPTS/THRESHOLDS
              V221$1        V221$2        V221$3        V222$1        V222$2
              ________      ________      ________      ________      ________
               -0.645         0.692         1.743         0.732         2.206


           MEANS/INTERCEPTS/THRESHOLDS
              V222$3        V223$1        V223$2        V223$3        V224$1
              ________      ________      ________      ________      ________
                3.093         0.044         1.529         2.504         0.903


           MEANS/INTERCEPTS/THRESHOLDS
              V224$2        V224$3
              ________      ________
                1.946         2.596


           CORRELATION MATRIX (WITH VARIANCES ON THE DIAGONAL)
              V221          V222          V223          V224
              ________      ________      ________      ________
 V221
 V222           0.388
 V223           0.220         0.461
 V224           0.086         0.230         0.351


THE MODEL ESTIMATION TERMINATED NORMALLY



MODEL FIT INFORMATION

Number of Free Parameters                       21

Chi-Square Test of Model Fit

          Value                             33.049*
          Degrees of Freedom                    15
          P-Value                           0.0046

Chi-Square Contribution From Each Group

          FULL                              12.921
          SHORT                             20.129

*   The chi-square value for MLM, MLMV, MLR, ULSMV, WLSM and WLSMV cannot be used
    for chi-square difference testing in the regular way.  MLM, MLR and WLSM
    chi-square difference testing is described on the Mplus website.  MLMV, WLSMV,
    and ULSMV difference testing is done using the DIFFTEST option.

RMSEA (Root Mean Square Error Of Approximation)

          Estimate                           0.033
          90 Percent C.I.                    0.018  0.048
          Probability RMSEA <= .05           0.968

CFI/TLI

          CFI                                0.968
          TLI                                0.974

Chi-Square Test of Model Fit for the Baseline Model

          Value                            568.318
          Degrees of Freedom                    12
          P-Value                           0.0000

WRMR (Weighted Root Mean Square Residual)

          Value                              1.275



MODEL RESULTS

                                                    Two-Tailed
                    Estimate       S.E.  Est./S.E.    P-Value

Group FULL

 F1       BY
    V221               1.000      0.000    999.000    999.000
    V222               2.236      0.404      5.537      0.000
    V223               1.451      0.226      6.427      0.000
    V224               0.857      0.147      5.811      0.000

 Means
    F1                 0.000      0.000    999.000    999.000

 Thresholds
    V221$1            -0.772      0.050    -15.505      0.000
    V221$2             0.850      0.052     16.473      0.000
    V221$3             2.106      0.105     20.014      0.000
    V222$1             1.058      0.133      7.933      0.000
    V222$2             3.380      0.433      7.810      0.000
    V222$3             4.572      0.564      8.100      0.000
    V223$1             0.001      0.036      0.018      0.986
    V223$2             1.794      0.127     14.145      0.000
    V223$3             2.868      0.209     13.711      0.000
    V224$1             1.148      0.070     16.467      0.000
    V224$2             2.472      0.151     16.355      0.000
    V224$3             3.189      0.215     14.830      0.000

 Variances
    F1                 0.261      0.056      4.631      0.000

 Residual Variances
    V221               1.000      0.000    999.000    999.000
    V222               1.000      0.000    999.000    999.000
    V223               1.000      0.000    999.000    999.000
    V224               1.000      0.000    999.000    999.000

Group SHORT

 F1       BY
    V221               1.000      0.000    999.000    999.000
    V222               2.236      0.404      5.537      0.000
    V223               1.451      0.226      6.427      0.000
    V224               0.857      0.147      5.811      0.000

 Means
    F1                 0.000      0.000    999.000    999.000

 Thresholds
    V221$1            -0.772      0.050    -15.505      0.000
    V221$2             0.850      0.052     16.473      0.000
    V221$3             2.106      0.105     20.014      0.000
    V222$1             1.058      0.133      7.933      0.000
    V222$2             3.380      0.433      7.810      0.000
    V222$3             4.572      0.564      8.100      0.000
    V223$1             0.001      0.036      0.018      0.986
    V223$2             1.794      0.127     14.145      0.000
    V223$3             2.868      0.209     13.711      0.000
    V224$1             1.148      0.070     16.467      0.000
    V224$2             2.472      0.151     16.355      0.000
    V224$3             3.189      0.215     14.830      0.000

 Variances
    F1                 0.258      0.053      4.867      0.000

 Residual Variances
    V221               1.207      0.136      8.907      0.000
    V222               0.921      0.238      3.869      0.000
    V223               0.831      0.131      6.330      0.000
    V224               1.400      0.189      7.399      0.000


STANDARDIZED MODEL RESULTS


STDYX Standardization

                                                    Two-Tailed
                    Estimate       S.E.  Est./S.E.    P-Value

Group FULL

 F1       BY
    V221               0.455      0.039     11.677      0.000
    V222               0.752      0.055     13.785      0.000
    V223               0.595      0.045     13.142      0.000
    V224               0.401      0.048      8.340      0.000

 Means
    F1                 0.000      0.000    999.000    999.000

 Thresholds
    V221$1            -0.687      0.042    -16.385      0.000
    V221$2             0.757      0.041     18.263      0.000
    V221$3             1.876      0.083     22.655      0.000
    V222$1             0.697      0.046     15.253      0.000
    V222$2             2.227      0.143     15.528      0.000
    V222$3             3.012      0.231     13.060      0.000
    V223$1             0.001      0.029      0.018      0.986
    V223$2             1.441      0.073     19.780      0.000
    V223$3             2.305      0.131     17.571      0.000
    V224$1             1.052      0.055     19.252      0.000
    V224$2             2.264      0.120     18.879      0.000
    V224$3             2.922      0.179     16.292      0.000

 Variances
    F1                 1.000      0.000    999.000    999.000

 Residual Variances
    V221               0.793      0.035     22.387      0.000
    V222               0.434      0.082      5.286      0.000
    V223               0.646      0.054     11.966      0.000
    V224               0.839      0.039     21.776      0.000

Group SHORT

 F1       BY
    V221               0.420      0.034     12.251      0.000
    V222               0.764      0.043     17.937      0.000
    V223               0.629      0.043     14.621      0.000
    V224               0.345      0.040      8.544      0.000

 Means
    F1                 0.000      0.000    999.000    999.000

 Thresholds
    V221$1            -0.637      0.034    -18.580      0.000
    V221$2             0.702      0.034     20.386      0.000
    V221$3             1.740      0.064     27.077      0.000
    V222$1             0.712      0.037     19.479      0.000
    V222$2             2.273      0.110     20.720      0.000
    V222$3             3.075      0.193     15.933      0.000
    V223$1             0.001      0.031      0.018      0.986
    V223$2             1.530      0.058     26.197      0.000
    V223$3             2.447      0.130     18.880      0.000
    V224$1             0.911      0.040     22.883      0.000
    V224$2             1.961      0.084     23.451      0.000
    V224$3             2.530      0.154     16.450      0.000

 Variances
    F1                 1.000      0.000    999.000    999.000

 Residual Variances
    V221               0.824      0.029     28.667      0.000
    V222               0.417      0.065      6.406      0.000
    V223               0.605      0.054     11.187      0.000
    V224               0.881      0.028     31.578      0.000


R-SQUARE

Group FULL

    Observed                                        Two-Tailed     Scale
    Variable        Estimate       S.E.  Est./S.E.    P-Value     Factors

    V221               0.207      0.035      5.838      0.000      0.891
    V222               0.566      0.082      6.893      0.000      0.659
    V223               0.354      0.054      6.571      0.000      0.803
    V224               0.161      0.039      4.170      0.000      0.916

Group SHORT

    Observed                                        Two-Tailed     Scale
    Variable        Estimate       S.E.  Est./S.E.    P-Value     Factors

    V221               0.176      0.029      6.125      0.000      0.826
    V222               0.583      0.065      8.968      0.000      0.673
    V223               0.395      0.054      7.310      0.000      0.853
    V224               0.119      0.028      4.272      0.000      0.793


QUALITY OF NUMERICAL RESULTS

     Condition Number for the Information Matrix              0.764E-03
       (ratio of smallest to largest eigenvalue)


MODEL MODIFICATION INDICES

NOTE:  Modification indices for direct effects of observed dependent variables
regressed on covariates and residual covariances among observed dependent
variables may not be included.  To include these, request MODINDICES (ALL).

Minimum M.I. value for printing the modification index    10.000

                                   M.I.     E.P.C.  Std E.P.C.  StdYX E.P.C.
Group FULL


No modification indices above the minimum value.

Group SHORT


WITH Statements

V222     WITH V221                16.791     0.597      0.597        0.566
V224     WITH V223                25.057     0.575      0.575        0.533



SAVEDATA INFORMATION


  Difference testing

  Save file
    v221_scalar.dat
  Save format      Free

DIAGRAM INFORMATION

  Use View Diagram under the Diagram menu in the Mplus Editor to view the diagram.
  If running Mplus from the Mplus Diagrammer, the diagram opens automatically.

  Diagram output
    c:\users\msassac6\dropbox (the university of manchester)\papers\joe s\evs_mm_de_equivalence\mplus\eq\inv_data3_v221_

     Beginning Time:  08:28:07
        Ending Time:  08:28:07
       Elapsed Time:  00:00:00



MUTHEN & MUTHEN
3463 Stoner Ave.
Los Angeles, CA  90066

Tel: (310) 391-9971
Fax: (310) 391-8971
Web: www.StatModel.com
Support: Support@StatModel.com

Copyright (c) 1998-2017 Muthen & Muthen
