Mplus VERSION 8
MUTHEN & MUTHEN
07/13/2020   8:33 AM

INPUT INSTRUCTIONS

  TITLE: Your title goes here

   DATA: FILE = eq/data.dta;

   VARIABLE:

   NAMES = id_cocas weight comp_mode comp_len mode mm_matrix_group wei_mmf v2 v3 v4 v32
       v33 v34 v35 v36 v37 v46 v47 v48 v49 v50 v65 v66 v67 v68 v69 v70 v82 v83 v84 v98
       v99 v100 v101 v103 v104 v105 v106 v107 v115 v116 v117 v118 v119 v120 v121 v122
       v123 v124 v125 v126 v127 v128 v129 v130 v131 v132 v133 v134 v135 v136 v137 v138
       v139 v140 v141 v145 v146 v147 v148 v149 v150 v151 v152 v153 v154 v155 v156 v157
       v158 v159 v160 v161 v162 v163 v164 v165 v166 v167 v176 v177 v178 v179 v180 v181
       v182 v183 v185 v186 v187 v188 v189 v191 v192 v193 v194 v195 v196 v197 v199 v200
       v201 v202 v203 v205 v206 v207 v208 v209 v210 v211 v212 v213 v214 v215 v216 v217
       v218 v220 v221 v222 v223 v224 v267 v268 v269 v271 v272 v273;

   MISSING=.;

   USEVARIABLES ARE
   v32
   v33
   v34
   v35
   v36
   v37;

   CATEGORICAL ARE
   v32
   v33
   v34
   v35
   v36
   v37;

   GROUPING IS comp_mode (0=sm 1=mm);

  WEIGHT IS weight;

   Analysis:

                  ESTIMATOR = WLSMV;

                  ITERATIONS = 100000;

                  PARAMETERIZATION = THETA;

  Model:


  f1 BY v32@1
  v33 (L2)
  v34 (L3)
  v35 (L4)
  v36 (L5)
  v37 (L6)
  ;


   [f1@0];
  [v32$1] (t_v32_1);
  [v32$2] (t_v32_2);
  [v32$3] (t_v32_3);

  [v33$1] (t_v33_1);
  [v33$2] (t_v33_2_sm);
  [v33$3] (t_v33_3_sm);

  [v34$1] (t_v34_1);
  [v34$2] (t_v34_2_sm);
  [v34$3] (t_v34_3_sm);

  [v35$1] (t_v35_1);
  [v35$2] (t_v35_2_sm);
  [v35$3] (t_v35_3_sm);

  [v36$1] (t_v36_1);
  [v36$2] (t_v36_2_sm);
  [v36$3] (t_v36_3_sm);

  [v37$1] (t_v37_1);
  [v37$2] (t_v37_2_sm);
  [v37$3] (t_v37_3_sm);


  Model mm:

  f1 BY v32@1
  v33 (L2)
  v34 (L3)
  v35 (L4)
  v36 (L5)
  v37 (L6)
  ;


   [f1@0];
  [v32$1] (t_v32_1);
  [v32$2] (t_v32_2);
  [v32$3] (t_v32_3);

  [v33$1] (t_v33_1);
  [v33$2] (t_v33_2_mm);
  [v33$3] (t_v33_3_mm);

  [v34$1] (t_v34_1);
  [v34$2] (t_v34_2_mm);
  [v34$3] (t_v34_3_mm);

  [v35$1] (t_v35_1);
  [v35$2] (t_v35_2_mm);
  [v35$3] (t_v35_3_mm);

  [v36$1] (t_v36_1);
  [v36$2] (t_v36_2_mm);
  [v36$3] (t_v36_3_mm);

  [v37$1] (t_v37_1);
  [v37$2] (t_v37_2_mm);
  [v37$3] (t_v37_3_mm);


   SAVEDATA: DIFFTEST IS v32_metric.dat;

   OUTPUT: SAMPSTAT;

                                  MODINDICES;

                                  STDYX;




*** WARNING
  Data set contains unknown or missing values for GROUPING,
  PATTERN, COHORT, CLUSTER and/or STRATIFICATION variables.
  Number of cases with unknown or missing values:  3244
*** WARNING
  Data set contains cases with missing on all variables.
  These cases were not included in the analysis.
  Number of cases with missing on all variables:  4
   2 WARNING(S) FOUND IN THE INPUT INSTRUCTIONS



Your title goes here

SUMMARY OF ANALYSIS

Number of groups                                                 2
Number of observations
   Group SM                                                   1494
   Group MM                                                    674
   Total sample size                                          2168

Number of dependent variables                                    6
Number of independent variables                                  0
Number of continuous latent variables                            1

Observed dependent variables

  Binary and ordered categorical (ordinal)
   V32         V33         V34         V35         V36         V37

Continuous latent variables
   F1

Variables with special functions

  Grouping variable     COMP_MOD
  Weight variable       WEIGHT

Estimator                                                    WLSMV
Maximum number of iterations                                100000
Convergence criterion                                    0.500D-04
Maximum number of steepest descent iterations                   20
Maximum number of iterations for H1                           2000
Convergence criterion for H1                             0.100D-03
Parameterization                                             THETA
Link                                                        PROBIT

Input data file(s)
  eq/data.dta

Input data format  FREE


SUMMARY OF DATA

   Group SM
     Number of missing data patterns            20

   Group MM
     Number of missing data patterns            24


COVARIANCE COVERAGE OF DATA

Minimum covariance coverage value   0.100


     PROPORTION OF DATA PRESENT FOR SM


           Covariance Coverage
              V32           V33           V34           V35           V36
              ________      ________      ________      ________      ________
 V32            0.997
 V33            0.985         0.988
 V34            0.990         0.981         0.992
 V35            0.971         0.963         0.968         0.973
 V36            0.898         0.893         0.898         0.888         0.900
 V37            0.908         0.902         0.908         0.898         0.893


           Covariance Coverage
              V37
              ________
 V37            0.910


     PROPORTION OF DATA PRESENT FOR MM


           Covariance Coverage
              V32           V33           V34           V35           V36
              ________      ________      ________      ________      ________
 V32            0.996
 V33            0.945         0.947
 V34            0.975         0.933         0.978
 V35            0.871         0.846         0.859         0.874
 V36            0.680         0.669         0.672         0.636         0.680
 V37            0.693         0.684         0.684         0.648         0.651


           Covariance Coverage
              V37
              ________
 V37            0.693


UNIVARIATE PROPORTIONS AND COUNTS FOR CATEGORICAL VARIABLES

  Group SM
    V32
      Category 1    0.874         1300.381
      Category 2    0.110          164.226
      Category 3    0.013           18.696
      Category 4    0.003            4.793
    V33
      Category 1    0.186          274.015
      Category 2    0.636          938.893
      Category 3    0.157          232.302
      Category 4    0.021           30.471
    V34
      Category 1    0.317          470.426
      Category 2    0.629          932.715
      Category 3    0.050           74.053
      Category 4    0.003            4.583
    V35
      Category 1    0.013           18.444
      Category 2    0.321          466.578
      Category 3    0.523          760.928
      Category 4    0.144          209.441
    V36
      Category 1    0.067           90.621
      Category 2    0.583          786.110
      Category 3    0.300          404.830
      Category 4    0.050           67.666
    V37
      Category 1    0.074          100.428
      Category 2    0.577          786.104
      Category 3    0.307          418.732
      Category 4    0.042           57.638

  Group MM
    V32
      Category 1    0.822          551.842
      Category 2    0.159          106.513
      Category 3    0.016           10.663
      Category 4    0.003            2.179
    V33
      Category 1    0.074           46.639
      Category 2    0.697          441.079
      Category 3    0.182          115.227
      Category 4    0.048           30.173
    V34
      Category 1    0.172          113.187
      Category 2    0.744          490.951
      Category 3    0.081           53.206
      Category 4    0.004            2.615
    V35
      Category 1    0.008            4.385
      Category 2    0.206          120.502
      Category 3    0.513          300.093
      Category 4    0.273          159.477
    V36
      Category 1    0.037           17.080
      Category 2    0.533          244.712
      Category 3    0.324          148.805
      Category 4    0.105           48.378
    V37
      Category 1    0.044           20.684
      Category 2    0.523          242.965
      Category 3    0.332          154.402
      Category 4    0.101           46.934


SAMPLE STATISTICS


     ESTIMATED SAMPLE STATISTICS FOR SM


           MEANS/INTERCEPTS/THRESHOLDS
              V32$1         V32$2         V32$3         V33$1         V33$2
              ________      ________      ________      ________      ________
                1.145         2.150         2.724        -0.894         0.923


           MEANS/INTERCEPTS/THRESHOLDS
              V33$3         V34$1         V34$2         V34$3         V35$1
              ________      ________      ________      ________      ________
                2.041        -0.475         1.616         2.738        -2.236


           MEANS/INTERCEPTS/THRESHOLDS
              V35$2         V35$3         V36$1         V36$2         V36$3
              ________      ________      ________      ________      ________
               -0.431         1.063        -1.497         0.385         1.643


           MEANS/INTERCEPTS/THRESHOLDS
              V37$1         V37$2         V37$3
              ________      ________      ________
               -1.449         0.387         1.725


           CORRELATION MATRIX (WITH VARIANCES ON THE DIAGONAL)
              V32           V33           V34           V35           V36
              ________      ________      ________      ________      ________
 V32
 V33            0.416
 V34            0.402         0.596
 V35            0.056         0.464         0.353
 V36            0.226         0.433         0.406         0.616
 V37            0.225         0.440         0.417         0.567         0.933


           CORRELATION MATRIX (WITH VARIANCES ON THE DIAGONAL)
              V37
              ________


     ESTIMATED SAMPLE STATISTICS FOR MM


           MEANS/INTERCEPTS/THRESHOLDS
              V32$1         V32$2         V32$3         V33$1         V33$2
              ________      ________      ________      ________      ________
                0.924         2.072         2.722        -1.449         0.740


           MEANS/INTERCEPTS/THRESHOLDS
              V33$3         V34$1         V34$2         V34$3         V35$1
              ________      ________      ________      ________      ________
                1.668        -0.948         1.375         2.655        -2.432


           MEANS/INTERCEPTS/THRESHOLDS
              V35$2         V35$3         V36$1         V36$2         V36$3
              ________      ________      ________      ________      ________
               -0.794         0.604        -1.784         0.177         1.251


           MEANS/INTERCEPTS/THRESHOLDS
              V37$1         V37$2         V37$3
              ________      ________      ________
               -1.701         0.169         1.276


           CORRELATION MATRIX (WITH VARIANCES ON THE DIAGONAL)
              V32           V33           V34           V35           V36
              ________      ________      ________      ________      ________
 V32
 V33            0.344
 V34            0.307         0.621
 V35            0.051         0.523         0.524
 V36            0.158         0.448         0.452         0.671
 V37            0.130         0.441         0.502         0.703         0.978


           CORRELATION MATRIX (WITH VARIANCES ON THE DIAGONAL)
              V37
              ________


THE MODEL ESTIMATION TERMINATED NORMALLY



MODEL FIT INFORMATION

Number of Free Parameters                       41

Chi-Square Test of Model Fit

          Value                            457.098*
          Degrees of Freedom                    25
          P-Value                           0.0000

Chi-Square Contribution From Each Group

          SM                               321.680
          MM                               135.418

*   The chi-square value for MLM, MLMV, MLR, ULSMV, WLSM and WLSMV cannot be used
    for chi-square difference testing in the regular way.  MLM, MLR and WLSM
    chi-square difference testing is described on the Mplus website.  MLMV, WLSMV,
    and ULSMV difference testing is done using the DIFFTEST option.

RMSEA (Root Mean Square Error Of Approximation)

          Estimate                           0.126
          90 Percent C.I.                    0.116  0.137
          Probability RMSEA <= .05           0.000

CFI/TLI

          CFI                                0.987
          TLI                                0.985

Chi-Square Test of Model Fit for the Baseline Model

          Value                          33919.836
          Degrees of Freedom                    30
          P-Value                           0.0000

WRMR (Weighted Root Mean Square Residual)

          Value                              3.526



MODEL RESULTS

                                                    Two-Tailed
                    Estimate       S.E.  Est./S.E.    P-Value

Group SM

 F1       BY
    V32                1.000      0.000    999.000    999.000
    V33                2.031      0.302      6.732      0.000
    V34                1.900      0.282      6.738      0.000
    V35                2.351      0.357      6.588      0.000
    V36               11.724      2.584      4.537      0.000
    V37                8.743      1.563      5.595      0.000

 Means
    F1                 0.000      0.000    999.000    999.000

 Thresholds
    V32$1              1.175      0.046     25.746      0.000
    V32$2              2.324      0.088     26.324      0.000
    V32$3              2.966      0.148     20.063      0.000
    V33$1             -1.169      0.051    -22.723      0.000
    V33$2              1.139      0.052     21.789      0.000
    V33$3              2.518      0.106     23.739      0.000
    V34$1             -0.659      0.042    -15.764      0.000
    V34$2              1.951      0.076     25.660      0.000
    V34$3              3.305      0.210     15.769      0.000
    V35$1             -2.741      0.125    -21.886      0.000
    V35$2             -0.562      0.047    -11.931      0.000
    V35$3              1.386      0.059     23.520      0.000
    V36$1             -6.328      1.067     -5.931      0.000
    V36$2              1.651      0.328      5.038      0.000
    V36$3              7.052      1.106      6.378      0.000
    V37$1             -4.598      0.472     -9.748      0.000
    V37$2              1.264      0.179      7.078      0.000
    V37$3              5.639      0.535     10.539      0.000

 Variances
    F1                 0.127      0.037      3.446      0.001

 Residual Variances
    V32                1.000      0.000    999.000    999.000
    V33                1.000      0.000    999.000    999.000
    V34                1.000      0.000    999.000    999.000
    V35                1.000      0.000    999.000    999.000
    V36                1.000      0.000    999.000    999.000
    V37                1.000      0.000    999.000    999.000

Group MM

 F1       BY
    V32                1.000      0.000    999.000    999.000
    V33                2.031      0.302      6.732      0.000
    V34                1.900      0.282      6.738      0.000
    V35                2.351      0.357      6.588      0.000
    V36               11.724      2.584      4.537      0.000
    V37                8.743      1.563      5.595      0.000

 Means
    F1                 0.000      0.000    999.000    999.000

 Thresholds
    V32$1              1.175      0.046     25.746      0.000
    V32$2              2.324      0.088     26.324      0.000
    V32$3              2.966      0.148     20.063      0.000
    V33$1             -1.169      0.051    -22.723      0.000
    V33$2              0.687      0.081      8.437      0.000
    V33$3              1.548      0.165      9.359      0.000
    V34$1             -0.659      0.042    -15.764      0.000
    V34$2              1.145      0.123      9.298      0.000
    V34$3              2.211      0.281      7.863      0.000
    V35$1             -2.741      0.125    -21.886      0.000
    V35$2             -0.751      0.070    -10.657      0.000
    V35$3              0.571      0.079      7.223      0.000
    V36$1             -6.328      1.067     -5.931      0.000
    V36$2              0.599      0.258      2.323      0.020
    V36$3              4.225      0.840      5.028      0.000
    V37$1             -4.598      0.472     -9.748      0.000
    V37$2              0.420      0.178      2.365      0.018
    V37$3              3.181      0.451      7.049      0.000

 Variances
    F1                 0.080      0.024      3.262      0.001

 Residual Variances
    V32                1.289      0.154      8.388      0.000
    V33                0.533      0.087      6.118      0.000
    V34                0.405      0.078      5.173      0.000
    V35                0.453      0.065      6.921      0.000
    V36                0.426      0.300      1.422      0.155
    V37                0.114      0.131      0.869      0.385


STANDARDIZED MODEL RESULTS


STDYX Standardization

                                                    Two-Tailed
                    Estimate       S.E.  Est./S.E.    P-Value

Group SM

 F1       BY
    V32                0.335      0.043      7.765      0.000
    V33                0.586      0.021     27.634      0.000
    V34                0.560      0.023     23.988      0.000
    V35                0.642      0.020     32.815      0.000
    V36                0.972      0.009    105.798      0.000
    V37                0.952      0.010     98.898      0.000

 Means
    F1                 0.000      0.000    999.000    999.000

 Thresholds
    V32$1              1.107      0.041     26.834      0.000
    V32$2              2.189      0.080     27.446      0.000
    V32$3              2.794      0.137     20.423      0.000
    V33$1             -0.948      0.039    -24.523      0.000
    V33$2              0.923      0.042     22.004      0.000
    V33$3              2.041      0.088     23.255      0.000
    V34$1             -0.546      0.032    -16.954      0.000
    V34$2              1.616      0.062     26.181      0.000
    V34$3              2.738      0.175     15.613      0.000
    V35$1             -2.102      0.090    -23.472      0.000
    V35$2             -0.431      0.036    -12.092      0.000
    V35$3              1.063      0.044     23.937      0.000
    V36$1             -1.474      0.055    -26.630      0.000
    V36$2              0.385      0.038     10.196      0.000
    V36$3              1.643      0.064     25.722      0.000
    V37$1             -1.406      0.054    -26.191      0.000
    V37$2              0.387      0.038     10.247      0.000
    V37$3              1.725      0.068     25.522      0.000

 Variances
    F1                 1.000      0.000    999.000    999.000

 Residual Variances
    V32                0.888      0.029     30.634      0.000
    V33                0.657      0.025     26.430      0.000
    V34                0.686      0.026     26.221      0.000
    V35                0.588      0.025     23.414      0.000
    V36                0.054      0.018      3.036      0.002
    V37                0.094      0.018      5.104      0.000

Group MM

 F1       BY
    V32                0.242      0.036      6.666      0.000
    V33                0.618      0.032     19.200      0.000
    V34                0.645      0.032     20.113      0.000
    V35                0.703      0.024     29.197      0.000
    V36                0.981      0.012     79.420      0.000
    V37                0.991      0.011     93.616      0.000

 Means
    F1                 0.000      0.000    999.000    999.000

 Thresholds
    V32$1              1.004      0.051     19.587      0.000
    V32$2              1.986      0.102     19.492      0.000
    V32$3              2.535      0.157     16.179      0.000
    V33$1             -1.260      0.073    -17.155      0.000
    V33$2              0.740      0.064     11.588      0.000
    V33$3              1.668      0.120     13.913      0.000
    V34$1             -0.792      0.054    -14.637      0.000
    V34$2              1.375      0.085     16.258      0.000
    V34$3              2.655      0.247     10.768      0.000
    V35$1             -2.898      0.171    -16.968      0.000
    V35$2             -0.794      0.064    -12.388      0.000
    V35$3              0.604      0.066      9.219      0.000
    V36$1             -1.874      0.119    -15.792      0.000
    V36$2              0.177      0.067      2.658      0.008
    V36$3              1.252      0.089     14.076      0.000
    V37$1             -1.844      0.114    -16.220      0.000
    V37$2              0.169      0.066      2.541      0.011
    V37$3              1.276      0.089     14.282      0.000

 Variances
    F1                 1.000      0.000    999.000    999.000

 Residual Variances
    V32                0.942      0.018     53.807      0.000
    V33                0.618      0.040     15.528      0.000
    V34                0.584      0.041     14.140      0.000
    V35                0.506      0.034     14.979      0.000
    V36                0.037      0.024      1.542      0.123
    V37                0.018      0.021      0.872      0.383


R-SQUARE

Group SM

    Observed                                        Two-Tailed     Scale
    Variable        Estimate       S.E.  Est./S.E.    P-Value     Factors

    V32                0.112      0.029      3.883      0.000      0.942
    V33                0.343      0.025     13.817      0.000      0.810
    V34                0.314      0.026     11.994      0.000      0.828
    V35                0.412      0.025     16.407      0.000      0.767
    V36                0.946      0.018     52.899      0.000      0.233
    V37                0.906      0.018     49.449      0.000      0.306

Group MM

    Observed                                        Two-Tailed     Scale
    Variable        Estimate       S.E.  Est./S.E.    P-Value     Factors

    V32                0.058      0.018      3.333      0.001      0.855
    V33                0.382      0.040      9.600      0.000      1.077
    V34                0.416      0.041     10.057      0.000      1.201
    V35                0.494      0.034     14.599      0.000      1.058
    V36                0.963      0.024     39.710      0.000      0.296
    V37                0.982      0.021     46.808      0.000      0.401


QUALITY OF NUMERICAL RESULTS

     Condition Number for the Information Matrix              0.424E-05
       (ratio of smallest to largest eigenvalue)


MODEL MODIFICATION INDICES

NOTE:  Modification indices for direct effects of observed dependent variables
regressed on covariates and residual covariances among observed dependent
variables may not be included.  To include these, request MODINDICES (ALL).

Minimum M.I. value for printing the modification index    10.000

                                   M.I.     E.P.C.  Std E.P.C.  StdYX E.P.C.
Group SM


WITH Statements

V33      WITH V32                 24.105     0.318      0.318        0.318
V34      WITH V32                 25.962     0.305      0.305        0.305
V34      WITH V33                193.744     0.553      0.553        0.553
V35      WITH V32                 14.116    -0.250     -0.250       -0.250
V35      WITH V33                 15.462     0.183      0.183        0.183
V36      WITH V33                 45.776    -1.238     -1.238       -1.238
V36      WITH V34                 35.510    -1.165     -1.165       -1.165
V37      WITH V33                 34.269    -0.800     -0.800       -0.800
V37      WITH V34                 24.596    -0.731     -0.731       -0.731
V37      WITH V36                 78.101     4.827      4.827        4.827

Group MM


WITH Statements

V34      WITH V33                 10.229     0.068      0.068        0.145
V36      WITH V34                 10.645    -0.350     -0.350       -0.842
V37      WITH V33                 11.649    -0.269     -0.269       -1.092
V37      WITH V36                 26.359     1.640      1.640        7.448



SAVEDATA INFORMATION


  Difference testing

  Save file
    v32_metric.dat
  Save format      Free

DIAGRAM INFORMATION

  Use View Diagram under the Diagram menu in the Mplus Editor to view the diagram.
  If running Mplus from the Mplus Diagrammer, the diagram opens automatically.

  Diagram output
    c:\users\msassac6\dropbox (the university of manchester)\papers\joe s\evs_mm_de_equivalence\mplus\eq\inv_data3_v32_c

     Beginning Time:  08:33:41
        Ending Time:  08:33:41
       Elapsed Time:  00:00:00



MUTHEN & MUTHEN
3463 Stoner Ave.
Los Angeles, CA  90066

Tel: (310) 391-9971
Fax: (310) 391-8971
Web: www.StatModel.com
Support: Support@StatModel.com

Copyright (c) 1998-2017 Muthen & Muthen
