Mplus VERSION 8
MUTHEN & MUTHEN
07/06/2020   2:11 PM

INPUT INSTRUCTIONS

  TITLE: Your title goes here

   DATA: FILE = eq/data.dta;

   VARIABLE:

   NAMES = id_cocas weight comp_mode comp_len mode mm_matrix_group wei_mmf v2 v3 v4 v32
       v33 v34 v35 v36 v37 v46 v47 v48 v49 v50 v65 v66 v67 v68 v69 v70 v82 v83 v84 v98
       v99 v100 v101 v103 v104 v105 v106 v107 v115 v116 v117 v118 v119 v120 v121 v122
       v123 v124 v125 v126 v127 v128 v129 v130 v131 v132 v133 v134 v135 v136 v137 v138
       v139 v140 v141 v145 v146 v147 v148 v149 v150 v151 v152 v153 v154 v155 v156 v157
       v158 v159 v160 v161 v162 v163 v164 v165 v166 v167 v176 v177 v178 v179 v180 v181
       v182 v183 v185 v186 v187 v188 v189 v191 v192 v193 v194 v195 v196 v197 v199 v200
       v201 v202 v203 v205 v206 v207 v208 v209 v210 v211 v212 v213 v214 v215 v216 v217
       v218 v220 v221 v222 v223 v224 v267 v268 v269 v271 v272 v273;

   MISSING=.;

   USEVARIABLES ARE
   v189
   v191
   v192
   v193;

   CATEGORICAL ARE
   v189
   v191
   v192
   v193;

   GROUPING IS comp_mode (0=sm 1=mm);


   Analysis:

                  ESTIMATOR = WLSMV;

                  ITERATIONS = 100000;

                  PARAMETERIZATION = THETA;

  Model:


  f1 BY v189@1
  v191 (L2)
  v192 (L3)
  v193 (L4)
  ;


  [v189$1] (t_v189_1);
  [v189$2] (t_v189_2);
  [v189$3] (t_v189_3);

   [f1@0];
  [v191$1] (t_v191_1);
  [v191$2] (t_v191_2);
  [v191$3] (t_v191_3);

   [f1@0];
  [v192$1] (t_v192_1);
  [v192$2] (t_v192_2);
  [v192$3] (t_v192_3);

   [f1@0];
  [v193$1] (t_v193_1);
  [v193$2] (t_v193_2);
  [v193$3] (t_v193_3);

   [f1@0];

  Model mm:

  f1 BY v189@1
  v191 (L2)
  v192 (L3)
  v193 (L4)
  ;


  [v189$1] (t_v189_1);
  [v189$2] (t_v189_2);
  [v189$3] (t_v189_3);

   [f1@0];
  [v191$1] (t_v191_1);
  [v191$2] (t_v191_2);
  [v191$3] (t_v191_3);

   [f1@0];
  [v192$1] (t_v192_1);
  [v192$2] (t_v192_2);
  [v192$3] (t_v192_3);

   [f1@0];
  [v193$1] (t_v193_1);
  [v193$2] (t_v193_2);
  [v193$3] (t_v193_3);

   [f1@0];

   SAVEDATA: DIFFTEST IS v189_scalar.dat;

   OUTPUT: SAMPSTAT;

                                  MODINDICES;

                                  STDYX;




*** WARNING
  Data set contains unknown or missing values for GROUPING,
  PATTERN, COHORT, CLUSTER and/or STRATIFICATION variables.
  Number of cases with unknown or missing values:  3244
*** WARNING
  Data set contains cases with missing on all variables.
  These cases were not included in the analysis.
  Number of cases with missing on all variables:  13
   2 WARNING(S) FOUND IN THE INPUT INSTRUCTIONS



Your title goes here

SUMMARY OF ANALYSIS

Number of groups                                                 2
Number of observations
   Group SM                                                   1491
   Group MM                                                    668
   Total sample size                                          2159

Number of dependent variables                                    4
Number of independent variables                                  0
Number of continuous latent variables                            1

Observed dependent variables

  Binary and ordered categorical (ordinal)
   V189        V191        V192        V193

Continuous latent variables
   F1

Variables with special functions

  Grouping variable     COMP_MOD

Estimator                                                    WLSMV
Maximum number of iterations                                100000
Convergence criterion                                    0.500D-04
Maximum number of steepest descent iterations                   20
Maximum number of iterations for H1                           2000
Convergence criterion for H1                             0.100D-03
Parameterization                                             THETA
Link                                                        PROBIT

Input data file(s)
  eq/data.dta

Input data format  FREE


SUMMARY OF DATA

   Group SM
     Number of missing data patterns             8

   Group MM
     Number of missing data patterns            10


COVARIANCE COVERAGE OF DATA

Minimum covariance coverage value   0.100


     PROPORTION OF DATA PRESENT FOR SM


           Covariance Coverage
              V189          V191          V192          V193
              ________      ________      ________      ________
 V189           0.994
 V191           0.993         0.997
 V192           0.993         0.996         0.999
 V193           0.984         0.987         0.989         0.989


     PROPORTION OF DATA PRESENT FOR MM


           Covariance Coverage
              V189          V191          V192          V193
              ________      ________      ________      ________
 V189           0.978
 V191           0.957         0.966
 V192           0.975         0.964         0.996
 V193           0.948         0.940         0.963         0.967


UNIVARIATE PROPORTIONS AND COUNTS FOR CATEGORICAL VARIABLES

  Group SM
    V189
      Category 1    0.157          233.000
      Category 2    0.230          341.000
      Category 3    0.453          672.000
      Category 4    0.159          236.000
    V191
      Category 1    0.070          104.000
      Category 2    0.162          240.000
      Category 3    0.511          759.000
      Category 4    0.258          383.000
    V192
      Category 1    0.729         1086.000
      Category 2    0.252          375.000
      Category 3    0.017           26.000
      Category 4    0.002            3.000
    V193
      Category 1    0.195          287.000
      Category 2    0.483          712.000
      Category 3    0.283          417.000
      Category 4    0.040           59.000

  Group MM
    V189
      Category 1    0.158          103.000
      Category 2    0.245          160.000
      Category 3    0.461          301.000
      Category 4    0.136           89.000
    V191
      Category 1    0.073           47.000
      Category 2    0.152           98.000
      Category 3    0.538          347.000
      Category 4    0.237          153.000
    V192
      Category 1    0.705          469.000
      Category 2    0.284          189.000
      Category 3    0.008            5.000
      Category 4    0.003            2.000
    V193
      Category 1    0.241          156.000
      Category 2    0.483          312.000
      Category 3    0.237          153.000
      Category 4    0.039           25.000


SAMPLE STATISTICS


     ESTIMATED SAMPLE STATISTICS FOR SM


           MEANS/INTERCEPTS/THRESHOLDS
              V189$1        V189$2        V189$3        V191$1        V191$2
              ________      ________      ________      ________      ________
               -1.006        -0.286         0.998        -1.476        -0.734


           MEANS/INTERCEPTS/THRESHOLDS
              V191$3        V192$1        V192$2        V192$3        V193$1
              ________      ________      ________      ________      ________
                0.650         0.609         2.065         2.876        -0.861


           MEANS/INTERCEPTS/THRESHOLDS
              V193$2        V193$3
              ________      ________
                0.460         1.751


           CORRELATION MATRIX (WITH VARIANCES ON THE DIAGONAL)
              V189          V191          V192          V193
              ________      ________      ________      ________
 V189
 V191           0.700
 V192           0.341         0.359
 V193           0.449         0.491         0.484


     ESTIMATED SAMPLE STATISTICS FOR MM


           MEANS/INTERCEPTS/THRESHOLDS
              V189$1        V189$2        V189$3        V191$1        V191$2
              ________      ________      ________      ________      ________
               -1.004        -0.246         1.097        -1.455        -0.756


           MEANS/INTERCEPTS/THRESHOLDS
              V191$3        V192$1        V192$2        V192$3        V193$1
              ________      ________      ________      ________      ________
                0.715         0.540         2.307         2.747        -0.702


           MEANS/INTERCEPTS/THRESHOLDS
              V193$2        V193$3
              ________      ________
                0.596         1.766


           CORRELATION MATRIX (WITH VARIANCES ON THE DIAGONAL)
              V189          V191          V192          V193
              ________      ________      ________      ________
 V189
 V191           0.698
 V192           0.466         0.406
 V193           0.445         0.517         0.511


THE MODEL ESTIMATION TERMINATED NORMALLY



MODEL FIT INFORMATION

Number of Free Parameters                       21

Chi-Square Test of Model Fit

          Value                             81.802*
          Degrees of Freedom                    15
          P-Value                           0.0000

Chi-Square Contribution From Each Group

          SM                                51.227
          MM                                30.575

*   The chi-square value for MLM, MLMV, MLR, ULSMV, WLSM and WLSMV cannot be used
    for chi-square difference testing in the regular way.  MLM, MLR and WLSM
    chi-square difference testing is described on the Mplus website.  MLMV, WLSMV,
    and ULSMV difference testing is done using the DIFFTEST option.

RMSEA (Root Mean Square Error Of Approximation)

          Estimate                           0.064
          90 Percent C.I.                    0.051  0.078
          Probability RMSEA <= .05           0.039

CFI/TLI

          CFI                                0.985
          TLI                                0.988

Chi-Square Test of Model Fit for the Baseline Model

          Value                           4588.105
          Degrees of Freedom                    12
          P-Value                           0.0000

WRMR (Weighted Root Mean Square Residual)

          Value                              2.205



MODEL RESULTS

                                                    Two-Tailed
                    Estimate       S.E.  Est./S.E.    P-Value

Group SM

 F1       BY
    V189               1.000      0.000    999.000    999.000
    V191               1.232      0.142      8.653      0.000
    V192               0.501      0.045     11.097      0.000
    V193               0.593      0.041     14.398      0.000

 Means
    F1                 0.000      0.000    999.000    999.000

 Thresholds
    V189$1            -1.650      0.078    -21.038      0.000
    V189$2            -0.449      0.048     -9.291      0.000
    V189$3             1.685      0.078     21.559      0.000
    V191$1            -2.785      0.166    -16.790      0.000
    V191$2            -1.403      0.094    -14.903      0.000
    V191$3             1.269      0.085     15.001      0.000
    V192$1             0.688      0.040     17.197      0.000
    V192$2             2.501      0.101     24.669      0.000
    V192$3             3.301      0.191     17.293      0.000
    V193$1            -1.026      0.043    -23.839      0.000
    V193$2             0.633      0.038     16.720      0.000
    V193$3             2.224      0.073     30.614      0.000

 Variances
    F1                 1.706      0.200      8.542      0.000

 Residual Variances
    V189               1.000      0.000    999.000    999.000
    V191               1.000      0.000    999.000    999.000
    V192               1.000      0.000    999.000    999.000
    V193               1.000      0.000    999.000    999.000

Group MM

 F1       BY
    V189               1.000      0.000    999.000    999.000
    V191               1.232      0.142      8.653      0.000
    V192               0.501      0.045     11.097      0.000
    V193               0.593      0.041     14.398      0.000

 Means
    F1                 0.000      0.000    999.000    999.000

 Thresholds
    V189$1            -1.650      0.078    -21.038      0.000
    V189$2            -0.449      0.048     -9.291      0.000
    V189$3             1.685      0.078     21.559      0.000
    V191$1            -2.785      0.166    -16.790      0.000
    V191$2            -1.403      0.094    -14.903      0.000
    V191$3             1.269      0.085     15.001      0.000
    V192$1             0.688      0.040     17.197      0.000
    V192$2             2.501      0.101     24.669      0.000
    V192$3             3.301      0.191     17.293      0.000
    V193$1            -1.026      0.043    -23.839      0.000
    V193$2             0.633      0.038     16.720      0.000
    V193$3             2.224      0.073     30.614      0.000

 Variances
    F1                 1.735      0.236      7.367      0.000

 Residual Variances
    V189               0.928      0.122      7.577      0.000
    V191               0.963      0.165      5.824      0.000
    V192               0.843      0.120      7.009      0.000
    V193               1.004      0.096     10.427      0.000


STANDARDIZED MODEL RESULTS


STDYX Standardization

                                                    Two-Tailed
                    Estimate       S.E.  Est./S.E.    P-Value

Group SM

 F1       BY
    V189               0.794      0.017     46.229      0.000
    V191               0.849      0.018     47.922      0.000
    V192               0.547      0.028     19.256      0.000
    V193               0.613      0.019     32.524      0.000

 Means
    F1                 0.000      0.000    999.000    999.000

 Thresholds
    V189$1            -1.003      0.035    -28.646      0.000
    V189$2            -0.273      0.028     -9.882      0.000
    V189$3             1.024      0.035     29.268      0.000
    V191$1            -1.470      0.045    -32.561      0.000
    V191$2            -0.741      0.031    -23.540      0.000
    V191$3             0.670      0.031     21.897      0.000
    V192$1             0.576      0.030     19.220      0.000
    V192$2             2.093      0.071     29.591      0.000
    V192$3             2.763      0.146     18.920      0.000
    V193$1            -0.811      0.032    -25.205      0.000
    V193$2             0.501      0.029     17.265      0.000
    V193$3             1.758      0.053     33.122      0.000

 Variances
    F1                 1.000      0.000    999.000    999.000

 Residual Variances
    V189               0.370      0.027     13.550      0.000
    V191               0.279      0.030      9.256      0.000
    V192               0.700      0.031     22.498      0.000
    V193               0.625      0.023     27.080      0.000

Group MM

 F1       BY
    V189               0.807      0.022     36.685      0.000
    V191               0.856      0.022     38.829      0.000
    V192               0.584      0.033     17.467      0.000
    V193               0.615      0.025     25.088      0.000

 Means
    F1                 0.000      0.000    999.000    999.000

 Thresholds
    V189$1            -1.011      0.044    -23.204      0.000
    V189$2            -0.275      0.029     -9.592      0.000
    V189$3             1.032      0.045     22.974      0.000
    V191$1            -1.468      0.060    -24.604      0.000
    V191$2            -0.740      0.037    -19.883      0.000
    V191$3             0.669      0.036     18.705      0.000
    V192$1             0.609      0.036     16.861      0.000
    V192$2             2.213      0.110     20.148      0.000
    V192$3             2.920      0.179     16.310      0.000
    V193$1            -0.807      0.036    -22.211      0.000
    V193$2             0.498      0.031     16.015      0.000
    V193$3             1.750      0.066     26.607      0.000

 Variances
    F1                 1.000      0.000    999.000    999.000

 Residual Variances
    V189               0.348      0.036      9.808      0.000
    V191               0.268      0.038      7.097      0.000
    V192               0.659      0.039     16.908      0.000
    V193               0.622      0.030     20.615      0.000


R-SQUARE

Group SM

    Observed                                        Two-Tailed     Scale
    Variable        Estimate       S.E.  Est./S.E.    P-Value     Factors

    V189               0.630      0.027     23.114      0.000      0.608
    V191               0.721      0.030     23.961      0.000      0.528
    V192               0.300      0.031      9.628      0.000      0.837
    V193               0.375      0.023     16.262      0.000      0.790

Group MM

    Observed                                        Two-Tailed     Scale
    Variable        Estimate       S.E.  Est./S.E.    P-Value     Factors

    V189               0.652      0.036     18.342      0.000      0.613
    V191               0.732      0.038     19.415      0.000      0.527
    V192               0.341      0.039      8.733      0.000      0.885
    V193               0.378      0.030     12.544      0.000      0.787


QUALITY OF NUMERICAL RESULTS

     Condition Number for the Information Matrix              0.155E-02
       (ratio of smallest to largest eigenvalue)


MODEL MODIFICATION INDICES

NOTE:  Modification indices for direct effects of observed dependent variables
regressed on covariates and residual covariances among observed dependent
variables may not be included.  To include these, request MODINDICES (ALL).

Minimum M.I. value for printing the modification index    10.000

                                   M.I.     E.P.C.  Std E.P.C.  StdYX E.P.C.
Group SM


WITH Statements

V191     WITH V189                19.329     0.558      0.558        0.558
V192     WITH V191                12.154    -0.363     -0.363       -0.363
V193     WITH V192                31.134     0.304      0.304        0.304

Group MM


No modification indices above the minimum value.



SAVEDATA INFORMATION


  Difference testing

  Save file
    v189_scalar.dat
  Save format      Free

DIAGRAM INFORMATION

  Use View Diagram under the Diagram menu in the Mplus Editor to view the diagram.
  If running Mplus from the Mplus Diagrammer, the diagram opens automatically.

  Diagram output
    c:\users\msassac6\dropbox (the university of manchester)\papers\joe s\evs_mm_de_equivalence\mplus\eq\inv_data3_v189_

     Beginning Time:  14:11:30
        Ending Time:  14:11:30
       Elapsed Time:  00:00:00



MUTHEN & MUTHEN
3463 Stoner Ave.
Los Angeles, CA  90066

Tel: (310) 391-9971
Fax: (310) 391-8971
Web: www.StatModel.com
Support: Support@StatModel.com

Copyright (c) 1998-2017 Muthen & Muthen
