Mplus VERSION 8
MUTHEN & MUTHEN
07/06/2020   1:57 PM

INPUT INSTRUCTIONS

  TITLE: Your title goes here

   DATA: FILE = eq/data.dta;

   VARIABLE:

   NAMES = id_cocas weight comp_mode comp_len mode mm_matrix_group wei_mmf v2 v3 v4 v32
       v33 v34 v35 v36 v37 v46 v47 v48 v49 v50 v65 v66 v67 v68 v69 v70 v82 v83 v84 v98
       v99 v100 v101 v103 v104 v105 v106 v107 v115 v116 v117 v118 v119 v120 v121 v122
       v123 v124 v125 v126 v127 v128 v129 v130 v131 v132 v133 v134 v135 v136 v137 v138
       v139 v140 v141 v145 v146 v147 v148 v149 v150 v151 v152 v153 v154 v155 v156 v157
       v158 v159 v160 v161 v162 v163 v164 v165 v166 v167 v176 v177 v178 v179 v180 v181
       v182 v183 v185 v186 v187 v188 v189 v191 v192 v193 v194 v195 v196 v197 v199 v200
       v201 v202 v203 v205 v206 v207 v208 v209 v210 v211 v212 v213 v214 v215 v216 v217
       v218 v220 v221 v222 v223 v224 v267 v268 v269 v271 v272 v273;

   MISSING=.;

   USEVARIABLES ARE
   v164
   v165
   v166
   v167;

   CATEGORICAL ARE
   v164
   v165
   v166
   v167;

   GROUPING IS comp_mode (0=sm 1=mm);


   Analysis:

                  ESTIMATOR = WLSMV;

                  ITERATIONS = 100000;

                  PARAMETERIZATION = THETA;

  Model:


  f1 BY v164@1
  v165 (L2)
  v166 (L3)
  v167 (L4)
  ;


  [v164$1] (t_v164_1);
  [v164$2] (t_v164_2);
  [v164$3] (t_v164_3);

   [f1@0];
  [v165$1] (t_v165_1);
  [v165$2] (t_v165_2_sm);
  [v165$3] (t_v165_3_sm);

   [f1@0];
  [v166$1] (t_v166_1);
  [v166$2] (t_v166_2_sm);
  [v166$3] (t_v166_3_sm);

   [f1@0];
  [v167$1] (t_v167_1);
  [v167$2] (t_v167_2_sm);
  [v167$3] (t_v167_3_sm);

   [f1@0];

  Model mm:

  f1 BY v164@1
  v165 (L2)
  v166 (L3)
  v167 (L4)
  ;


  [v164$1] (t_v164_1);
  [v164$2] (t_v164_2);
  [v164$3] (t_v164_3);

   [f1@0];
  [v165$1] (t_v165_1);
  [v165$2] (t_v165_2_mm);
  [v165$3] (t_v165_3_mm);

   [f1@0];
  [v166$1] (t_v166_1);
  [v166$2] (t_v166_2_mm);
  [v166$3] (t_v166_3_mm);

   [f1@0];
  [v167$1] (t_v167_1);
  [v167$2] (t_v167_2_mm);
  [v167$3] (t_v167_3_mm);

   [f1@0];

   SAVEDATA: DIFFTEST IS v164_metric.dat;

   OUTPUT: SAMPSTAT;

                                  MODINDICES;

                                  STDYX;




*** WARNING
  Data set contains unknown or missing values for GROUPING,
  PATTERN, COHORT, CLUSTER and/or STRATIFICATION variables.
  Number of cases with unknown or missing values:  3244
*** WARNING
  Data set contains cases with missing on all variables.
  These cases were not included in the analysis.
  Number of cases with missing on all variables:  19
   2 WARNING(S) FOUND IN THE INPUT INSTRUCTIONS



Your title goes here

SUMMARY OF ANALYSIS

Number of groups                                                 2
Number of observations
   Group SM                                                   1491
   Group MM                                                    662
   Total sample size                                          2153

Number of dependent variables                                    4
Number of independent variables                                  0
Number of continuous latent variables                            1

Observed dependent variables

  Binary and ordered categorical (ordinal)
   V164        V165        V166        V167

Continuous latent variables
   F1

Variables with special functions

  Grouping variable     COMP_MOD

Estimator                                                    WLSMV
Maximum number of iterations                                100000
Convergence criterion                                    0.500D-04
Maximum number of steepest descent iterations                   20
Maximum number of iterations for H1                           2000
Convergence criterion for H1                             0.100D-03
Parameterization                                             THETA
Link                                                        PROBIT

Input data file(s)
  eq/data.dta

Input data format  FREE


SUMMARY OF DATA

   Group SM
     Number of missing data patterns             4

   Group MM
     Number of missing data patterns            10


COVARIANCE COVERAGE OF DATA

Minimum covariance coverage value   0.100


     PROPORTION OF DATA PRESENT FOR SM


           Covariance Coverage
              V164          V165          V166          V167
              ________      ________      ________      ________
 V164           0.999
 V165           0.997         0.997
 V166           0.999         0.997         1.000
 V167           0.991         0.989         0.991         0.991


     PROPORTION OF DATA PRESENT FOR MM


           Covariance Coverage
              V164          V165          V166          V167
              ________      ________      ________      ________
 V164           0.994
 V165           0.985         0.988
 V166           0.976         0.970         0.980
 V167           0.958         0.953         0.952         0.962


UNIVARIATE PROPORTIONS AND COUNTS FOR CATEGORICAL VARIABLES

  Group SM
    V164
      Category 1    0.438          653.000
      Category 2    0.424          632.000
      Category 3    0.122          182.000
      Category 4    0.015           23.000
    V165
      Category 1    0.399          593.000
      Category 2    0.463          689.000
      Category 3    0.121          180.000
      Category 4    0.017           25.000
    V166
      Category 1    0.441          657.000
      Category 2    0.482          718.000
      Category 3    0.072          107.000
      Category 4    0.006            9.000
    V167
      Category 1    0.250          370.000
      Category 2    0.528          781.000
      Category 3    0.194          286.000
      Category 4    0.028           41.000

  Group MM
    V164
      Category 1    0.389          256.000
      Category 2    0.488          321.000
      Category 3    0.103           68.000
      Category 4    0.020           13.000
    V165
      Category 1    0.298          195.000
      Category 2    0.508          332.000
      Category 3    0.138           90.000
      Category 4    0.057           37.000
    V166
      Category 1    0.410          266.000
      Category 2    0.502          326.000
      Category 3    0.076           49.000
      Category 4    0.012            8.000
    V167
      Category 1    0.242          154.000
      Category 2    0.498          317.000
      Category 3    0.220          140.000
      Category 4    0.041           26.000


SAMPLE STATISTICS


     ESTIMATED SAMPLE STATISTICS FOR SM


           MEANS/INTERCEPTS/THRESHOLDS
              V164$1        V164$2        V164$3        V165$1        V165$2
              ________      ________      ________      ________      ________
               -0.155         1.091         2.159        -0.256         1.090


           MEANS/INTERCEPTS/THRESHOLDS
              V165$3        V166$1        V166$2        V166$3        V167$1
              ________      ________      ________      ________      ________
                2.125        -0.149         1.420         2.510        -0.673


           MEANS/INTERCEPTS/THRESHOLDS
              V167$2        V167$3
              ________      ________
                0.768         1.915


           CORRELATION MATRIX (WITH VARIANCES ON THE DIAGONAL)
              V164          V165          V166          V167
              ________      ________      ________      ________
 V164
 V165           0.689
 V166           0.418         0.511
 V167           0.185         0.279         0.548


     ESTIMATED SAMPLE STATISTICS FOR MM


           MEANS/INTERCEPTS/THRESHOLDS
              V164$1        V164$2        V164$3        V165$1        V165$2
              ________      ________      ________      ________      ________
               -0.282         1.160         2.059        -0.530         0.863


           MEANS/INTERCEPTS/THRESHOLDS
              V165$3        V166$1        V166$2        V166$3        V167$1
              ________      ________      ________      ________      ________
                1.584        -0.228         1.354         2.247        -0.701


           MEANS/INTERCEPTS/THRESHOLDS
              V167$2        V167$3
              ________      ________
                0.642         1.741


           CORRELATION MATRIX (WITH VARIANCES ON THE DIAGONAL)
              V164          V165          V166          V167
              ________      ________      ________      ________
 V164
 V165           0.697
 V166           0.482         0.514
 V167           0.205         0.209         0.488


THE MODEL ESTIMATION TERMINATED NORMALLY



MODEL FIT INFORMATION

Number of Free Parameters                       27

Chi-Square Test of Model Fit

          Value                            317.384*
          Degrees of Freedom                     9
          P-Value                           0.0000

Chi-Square Contribution From Each Group

          SM                               229.625
          MM                                87.759

*   The chi-square value for MLM, MLMV, MLR, ULSMV, WLSM and WLSMV cannot be used
    for chi-square difference testing in the regular way.  MLM, MLR and WLSM
    chi-square difference testing is described on the Mplus website.  MLMV, WLSMV,
    and ULSMV difference testing is done using the DIFFTEST option.

RMSEA (Root Mean Square Error Of Approximation)

          Estimate                           0.178
          90 Percent C.I.                    0.162  0.196
          Probability RMSEA <= .05           0.000

CFI/TLI

          CFI                                0.934
          TLI                                0.912

Chi-Square Test of Model Fit for the Baseline Model

          Value                           4660.906
          Degrees of Freedom                    12
          P-Value                           0.0000

WRMR (Weighted Root Mean Square Residual)

          Value                              4.135



MODEL RESULTS

                                                    Two-Tailed
                    Estimate       S.E.  Est./S.E.    P-Value

Group SM

 F1       BY
    V164               1.000      0.000    999.000    999.000
    V165               1.155      0.120      9.602      0.000
    V166               0.773      0.052     14.905      0.000
    V167               0.459      0.035     13.140      0.000

 Means
    F1                 0.000      0.000    999.000    999.000

 Thresholds
    V164$1            -0.303      0.043     -7.104      0.000
    V164$2             1.722      0.077     22.445      0.000
    V164$3             3.271      0.143     22.916      0.000
    V165$1            -0.565      0.055    -10.301      0.000
    V165$2             1.899      0.093     20.413      0.000
    V165$3             3.701      0.166     22.243      0.000
    V166$1            -0.232      0.037     -6.303      0.000
    V166$2             1.964      0.071     27.796      0.000
    V166$3             3.473      0.169     20.608      0.000
    V167$1            -0.787      0.040    -19.884      0.000
    V167$2             0.883      0.042     21.015      0.000
    V167$3             2.201      0.076     29.018      0.000

 Variances
    F1                 1.526      0.179      8.545      0.000

 Residual Variances
    V164               1.000      0.000    999.000    999.000
    V165               1.000      0.000    999.000    999.000
    V166               1.000      0.000    999.000    999.000
    V167               1.000      0.000    999.000    999.000

Group MM

 F1       BY
    V164               1.000      0.000    999.000    999.000
    V165               1.155      0.120      9.602      0.000
    V166               0.773      0.052     14.905      0.000
    V167               0.459      0.035     13.140      0.000

 Means
    F1                 0.000      0.000    999.000    999.000

 Thresholds
    V164$1            -0.303      0.043     -7.104      0.000
    V164$2             1.722      0.077     22.445      0.000
    V164$3             3.271      0.143     22.916      0.000
    V165$1            -0.565      0.055    -10.301      0.000
    V165$2             1.244      0.155      8.009      0.000
    V165$3             2.284      0.266      8.589      0.000
    V166$1            -0.232      0.037     -6.303      0.000
    V166$2             1.664      0.163     10.222      0.000
    V166$3             2.760      0.265     10.418      0.000
    V167$1            -0.787      0.040    -19.884      0.000
    V167$2             0.748      0.094      7.986      0.000
    V167$3             2.031      0.197     10.288      0.000

 Variances
    F1                 1.194      0.159      7.524      0.000

 Residual Variances
    V164               0.950      0.137      6.948      0.000
    V165               0.488      0.168      2.908      0.004
    V166               0.795      0.157      5.057      0.000
    V167               1.110      0.188      5.903      0.000


STANDARDIZED MODEL RESULTS


STDYX Standardization

                                                    Two-Tailed
                    Estimate       S.E.  Est./S.E.    P-Value

Group SM

 F1       BY
    V164               0.777      0.018     43.163      0.000
    V165               0.819      0.017     48.093      0.000
    V166               0.691      0.019     36.256      0.000
    V167               0.493      0.021     23.236      0.000

 Means
    F1                 0.000      0.000    999.000    999.000

 Thresholds
    V164$1            -0.191      0.027     -7.144      0.000
    V164$2             1.084      0.037     29.420      0.000
    V164$3             2.058      0.073     28.291      0.000
    V165$1            -0.324      0.028    -11.629      0.000
    V165$2             1.090      0.041     26.849      0.000
    V165$3             2.124      0.080     26.606      0.000
    V166$1            -0.168      0.027     -6.315      0.000
    V166$2             1.420      0.048     29.802      0.000
    V166$3             2.511      0.117     21.401      0.000
    V167$1            -0.684      0.033    -20.531      0.000
    V167$2             0.768      0.036     21.130      0.000
    V167$3             1.915      0.067     28.581      0.000

 Variances
    F1                 1.000      0.000    999.000    999.000

 Residual Variances
    V164               0.396      0.028     14.146      0.000
    V165               0.329      0.028     11.816      0.000
    V166               0.523      0.026     19.863      0.000
    V167               0.757      0.021     36.207      0.000

Group MM

 F1       BY
    V164               0.746      0.027     27.314      0.000
    V165               0.875      0.028     31.015      0.000
    V166               0.688      0.030     23.154      0.000
    V167               0.430      0.030     14.264      0.000

 Means
    F1                 0.000      0.000    999.000    999.000

 Thresholds
    V164$1            -0.207      0.030     -7.003      0.000
    V164$2             1.176      0.052     22.814      0.000
    V164$3             2.234      0.096     23.157      0.000
    V165$1            -0.392      0.037    -10.598      0.000
    V165$2             0.862      0.056     15.331      0.000
    V165$3             1.583      0.079     19.938      0.000
    V166$1            -0.189      0.031     -6.192      0.000
    V166$2             1.354      0.070     19.440      0.000
    V166$3             2.247      0.135     16.586      0.000
    V167$1            -0.674      0.045    -14.900      0.000
    V167$2             0.642      0.054     11.979      0.000
    V167$3             1.741      0.089     19.459      0.000

 Variances
    F1                 1.000      0.000    999.000    999.000

 Residual Variances
    V164               0.443      0.041     10.869      0.000
    V165               0.235      0.049      4.754      0.000
    V166               0.527      0.041     12.893      0.000
    V167               0.816      0.026     31.526      0.000


R-SQUARE

Group SM

    Observed                                        Two-Tailed     Scale
    Variable        Estimate       S.E.  Est./S.E.    P-Value     Factors

    V164               0.604      0.028     21.582      0.000      0.629
    V165               0.671      0.028     24.047      0.000      0.574
    V166               0.477      0.026     18.128      0.000      0.723
    V167               0.243      0.021     11.618      0.000      0.870

Group MM

    Observed                                        Two-Tailed     Scale
    Variable        Estimate       S.E.  Est./S.E.    P-Value     Factors

    V164               0.557      0.041     13.657      0.000      0.683
    V165               0.765      0.049     15.507      0.000      0.693
    V166               0.473      0.041     11.577      0.000      0.814
    V167               0.184      0.026      7.132      0.000      0.857


QUALITY OF NUMERICAL RESULTS

     Condition Number for the Information Matrix              0.154E-02
       (ratio of smallest to largest eigenvalue)


MODEL MODIFICATION INDICES

NOTE:  Modification indices for direct effects of observed dependent variables
regressed on covariates and residual covariances among observed dependent
variables may not be included.  To include these, request MODINDICES (ALL).

Minimum M.I. value for printing the modification index    10.000

                                   M.I.     E.P.C.  Std E.P.C.  StdYX E.P.C.
Group SM


WITH Statements

V165     WITH V164               153.268     1.622      1.622        1.622
V166     WITH V164                70.159    -0.813     -0.813       -0.813
V166     WITH V165                35.239    -0.683     -0.683       -0.683
V167     WITH V164                79.125    -0.583     -0.583       -0.583
V167     WITH V165                40.443    -0.443     -0.443       -0.443
V167     WITH V166               202.392     0.627      0.627        0.627

Variances/Residual Variances

V165                             999.000     0.000      0.000        0.000

Means/Intercepts/Thresholds

[ F1       ]                      11.646    -0.129     -0.104       -0.104

Group MM


WITH Statements

V165     WITH V164                27.270     0.576      0.576        0.847
V166     WITH V165                17.698    -0.409     -0.409       -0.656
V167     WITH V165                13.569    -0.214     -0.214       -0.291
V167     WITH V166                25.932     0.195      0.195        0.208

Means/Intercepts/Thresholds

[ F1       ]                      11.625     0.129      0.118        0.118



SAVEDATA INFORMATION


  Difference testing

  Save file
    v164_metric.dat
  Save format      Free

DIAGRAM INFORMATION

  Use View Diagram under the Diagram menu in the Mplus Editor to view the diagram.
  If running Mplus from the Mplus Diagrammer, the diagram opens automatically.

  Diagram output
    c:\users\msassac6\dropbox (the university of manchester)\papers\joe s\evs_mm_de_equivalence\mplus\eq\inv_data3_v164_

     Beginning Time:  13:57:22
        Ending Time:  13:57:22
       Elapsed Time:  00:00:00



MUTHEN & MUTHEN
3463 Stoner Ave.
Los Angeles, CA  90066

Tel: (310) 391-9971
Fax: (310) 391-8971
Web: www.StatModel.com
Support: Support@StatModel.com

Copyright (c) 1998-2017 Muthen & Muthen
