Mplus VERSION 8
MUTHEN & MUTHEN
07/13/2020   8:32 AM

INPUT INSTRUCTIONS

  TITLE: Your title goes here

   DATA: FILE = eq/data.dta;

   VARIABLE:

   NAMES = id_cocas weight comp_mode comp_len mode mm_matrix_group wei_mmf v2 v3 v4 v32
       v33 v34 v35 v36 v37 v46 v47 v48 v49 v50 v65 v66 v67 v68 v69 v70 v82 v83 v84 v98
       v99 v100 v101 v103 v104 v105 v106 v107 v115 v116 v117 v118 v119 v120 v121 v122
       v123 v124 v125 v126 v127 v128 v129 v130 v131 v132 v133 v134 v135 v136 v137 v138
       v139 v140 v141 v145 v146 v147 v148 v149 v150 v151 v152 v153 v154 v155 v156 v157
       v158 v159 v160 v161 v162 v163 v164 v165 v166 v167 v176 v177 v178 v179 v180 v181
       v182 v183 v185 v186 v187 v188 v189 v191 v192 v193 v194 v195 v196 v197 v199 v200
       v201 v202 v203 v205 v206 v207 v208 v209 v210 v211 v212 v213 v214 v215 v216 v217
       v218 v220 v221 v222 v223 v224 v267 v268 v269 v271 v272 v273;

   MISSING=.;

   USEVARIABLES ARE
   v115
   v116
   v117
   v118
   v119
   v120
   v121
   v122
   v123
   v124
   v125
   v126
   v127
   v128
   v129
   v130
   v131
   v132;

   CATEGORICAL ARE
   v115
   v116
   v117
   v118
   v119
   v120
   v121
   v122
   v123
   v124
   v125
   v126
   v127
   v128
   v129
   v130
   v131
   v132;

   GROUPING IS comp_len (0=full 1=short);

  WEIGHT IS weight;

   Analysis:

                  ESTIMATOR = WLSMV;

                  ITERATIONS = 100000;

                  PARAMETERIZATION = THETA;

  Model:


  f1 BY v115@1
  v116 (L2)
  v117 (L3)
  v118 (L4)
  v119 (L5)
  v120 (L6)
  v121 (L7)
  v122 (L8)
  v123 (L9)
  v124 (L10)
  v125 (L11)
  v126 (L12)
  v127 (L13)
  v128 (L14)
  v129 (L15)
  v130 (L16)
  v131 (L17)
  v132 (L18)
  ;


   [f1@0];
  [v115$1] (t_v115_1);
  [v115$2] (t_v115_2);
  [v115$3] (t_v115_3);

  [v116$1] (t_v116_1);
  [v116$2] (t_v116_2_full);
  [v116$3] (t_v116_3_full);

  [v117$1] (t_v117_1);
  [v117$2] (t_v117_2_full);
  [v117$3] (t_v117_3_full);

  [v118$1] (t_v118_1);
  [v118$2] (t_v118_2_full);
  [v118$3] (t_v118_3_full);

  [v119$1] (t_v119_1);
  [v119$2] (t_v119_2_full);
  [v119$3] (t_v119_3_full);

  [v120$1] (t_v120_1);
  [v120$2] (t_v120_2_full);
  [v120$3] (t_v120_3_full);

  [v121$1] (t_v121_1);
  [v121$2] (t_v121_2_full);
  [v121$3] (t_v121_3_full);

  [v122$1] (t_v122_1);
  [v122$2] (t_v122_2_full);
  [v122$3] (t_v122_3_full);

  [v123$1] (t_v123_1);
  [v123$2] (t_v123_2_full);
  [v123$3] (t_v123_3_full);

  [v124$1] (t_v124_1);
  [v124$2] (t_v124_2_full);
  [v124$3] (t_v124_3_full);

  [v125$1] (t_v125_1);
  [v125$2] (t_v125_2_full);
  [v125$3] (t_v125_3_full);

  [v126$1] (t_v126_1);
  [v126$2] (t_v126_2_full);
  [v126$3] (t_v126_3_full);

  [v127$1] (t_v127_1);
  [v127$2] (t_v127_2_full);
  [v127$3] (t_v127_3_full);

  [v128$1] (t_v128_1);
  [v128$2] (t_v128_2_full);
  [v128$3] (t_v128_3_full);

  [v129$1] (t_v129_1);
  [v129$2] (t_v129_2_full);
  [v129$3] (t_v129_3_full);

  [v130$1] (t_v130_1);
  [v130$2] (t_v130_2_full);
  [v130$3] (t_v130_3_full);

  [v131$1] (t_v131_1);
  [v131$2] (t_v131_2_full);
  [v131$3] (t_v131_3_full);

  [v132$1] (t_v132_1);
  [v132$2] (t_v132_2_full);
  [v132$3] (t_v132_3_full);


  Model short:

  f1 BY v115@1
  v116 (L2)
  v117 (L3)
  v118 (L4)
  v119 (L5)
  v120 (L6)
  v121 (L7)
  v122 (L8)
  v123 (L9)
  v124 (L10)
  v125 (L11)
  v126 (L12)
  v127 (L13)
  v128 (L14)
  v129 (L15)
  v130 (L16)
  v131 (L17)
  v132 (L18)
  ;


   [f1@0];
  [v115$1] (t_v115_1);
  [v115$2] (t_v115_2);
  [v115$3] (t_v115_3);

  [v116$1] (t_v116_1);
  [v116$2] (t_v116_2_short);
  [v116$3] (t_v116_3_short);

  [v117$1] (t_v117_1);
  [v117$2] (t_v117_2_short);
  [v117$3] (t_v117_3_short);

  [v118$1] (t_v118_1);
  [v118$2] (t_v118_2_short);
  [v118$3] (t_v118_3_short);

  [v119$1] (t_v119_1);
  [v119$2] (t_v119_2_short);
  [v119$3] (t_v119_3_short);

  [v120$1] (t_v120_1);
  [v120$2] (t_v120_2_short);
  [v120$3] (t_v120_3_short);

  [v121$1] (t_v121_1);
  [v121$2] (t_v121_2_short);
  [v121$3] (t_v121_3_short);

  [v122$1] (t_v122_1);
  [v122$2] (t_v122_2_short);
  [v122$3] (t_v122_3_short);

  [v123$1] (t_v123_1);
  [v123$2] (t_v123_2_short);
  [v123$3] (t_v123_3_short);

  [v124$1] (t_v124_1);
  [v124$2] (t_v124_2_short);
  [v124$3] (t_v124_3_short);

  [v125$1] (t_v125_1);
  [v125$2] (t_v125_2_short);
  [v125$3] (t_v125_3_short);

  [v126$1] (t_v126_1);
  [v126$2] (t_v126_2_short);
  [v126$3] (t_v126_3_short);

  [v127$1] (t_v127_1);
  [v127$2] (t_v127_2_short);
  [v127$3] (t_v127_3_short);

  [v128$1] (t_v128_1);
  [v128$2] (t_v128_2_short);
  [v128$3] (t_v128_3_short);

  [v129$1] (t_v129_1);
  [v129$2] (t_v129_2_short);
  [v129$3] (t_v129_3_short);

  [v130$1] (t_v130_1);
  [v130$2] (t_v130_2_short);
  [v130$3] (t_v130_3_short);

  [v131$1] (t_v131_1);
  [v131$2] (t_v131_2_short);
  [v131$3] (t_v131_3_short);

  [v132$1] (t_v132_1);
  [v132$2] (t_v132_2_short);
  [v132$3] (t_v132_3_short);


   SAVEDATA: DIFFTEST IS v115_metric.dat;

   OUTPUT: SAMPSTAT;

                                  MODINDICES;

                                  STDYX;




*** WARNING
  Data set contains unknown or missing values for GROUPING,
  PATTERN, COHORT, CLUSTER and/or STRATIFICATION variables.
  Number of cases with unknown or missing values:  1494
*** WARNING
  Data set contains cases with missing on all variables.
  These cases were not included in the analysis.
  Number of cases with missing on all variables:  54
   2 WARNING(S) FOUND IN THE INPUT INSTRUCTIONS



Your title goes here

SUMMARY OF ANALYSIS

Number of groups                                                 2
Number of observations
   Group FULL                                                  672
   Group SHORT                                                3196
   Total sample size                                          3868

Number of dependent variables                                   18
Number of independent variables                                  0
Number of continuous latent variables                            1

Observed dependent variables

  Binary and ordered categorical (ordinal)
   V115        V116        V117        V118        V119        V120
   V121        V122        V123        V124        V125        V126
   V127        V128        V129        V130        V131        V132

Continuous latent variables
   F1

Variables with special functions

  Grouping variable     COMP_LEN
  Weight variable       WEIGHT

Estimator                                                    WLSMV
Maximum number of iterations                                100000
Convergence criterion                                    0.500D-04
Maximum number of steepest descent iterations                   20
Maximum number of iterations for H1                           2000
Convergence criterion for H1                             0.100D-03
Parameterization                                             THETA
Link                                                        PROBIT

Input data file(s)
  eq/data.dta

Input data format  FREE


SUMMARY OF DATA

   Group FULL
     Number of missing data patterns           183

   Group SHORT
     Number of missing data patterns           494


COVARIANCE COVERAGE OF DATA

Minimum covariance coverage value   0.100


     PROPORTION OF DATA PRESENT FOR FULL


           Covariance Coverage
              V115          V116          V117          V118          V119
              ________      ________      ________      ________      ________
 V115           0.917
 V116           0.851         0.896
 V117           0.894         0.876         0.966
 V118           0.885         0.865         0.932         0.949
 V119           0.763         0.762         0.799         0.799         0.812
 V120           0.896         0.885         0.942         0.930         0.804
 V121           0.863         0.854         0.909         0.906         0.790
 V122           0.848         0.836         0.890         0.882         0.784
 V123           0.866         0.848         0.909         0.896         0.790
 V124           0.842         0.835         0.881         0.875         0.774
 V125           0.796         0.789         0.829         0.829         0.749
 V126           0.902         0.884         0.952         0.940         0.805
 V127           0.881         0.860         0.926         0.920         0.790
 V128           0.815         0.802         0.847         0.838         0.756
 V129           0.836         0.815         0.866         0.857         0.756
 V130           0.854         0.838         0.884         0.878         0.765
 V131           0.869         0.844         0.902         0.894         0.783
 V132           0.851         0.830         0.893         0.881         0.772


           Covariance Coverage
              V120          V121          V122          V123          V124
              ________      ________      ________      ________      ________
 V120           0.970
 V121           0.914         0.930
 V122           0.899         0.884         0.912
 V123           0.915         0.890         0.881         0.935
 V124           0.890         0.879         0.856         0.866         0.905
 V125           0.833         0.832         0.811         0.821         0.838
 V126           0.952         0.924         0.905         0.927         0.899
 V127           0.930         0.903         0.887         0.908         0.882
 V128           0.850         0.836         0.835         0.839         0.821
 V129           0.871         0.847         0.838         0.854         0.832
 V130           0.885         0.869         0.850         0.859         0.848
 V131           0.902         0.885         0.865         0.876         0.865
 V132           0.893         0.874         0.848         0.872         0.863


           Covariance Coverage
              V125          V126          V127          V128          V129
              ________      ________      ________      ________      ________
 V125           0.845
 V126           0.841         0.978
 V127           0.832         0.946         0.954
 V128           0.786         0.857         0.848         0.865
 V129           0.792         0.876         0.865         0.812         0.888
 V130           0.802         0.894         0.881         0.815         0.835
 V131           0.818         0.915         0.899         0.833         0.850
 V132           0.814         0.905         0.894         0.826         0.839


           Covariance Coverage
              V130          V131          V132
              ________      ________      ________
 V130           0.902
 V131           0.875         0.923
 V132           0.850         0.874         0.909


     PROPORTION OF DATA PRESENT FOR SHORT


           Covariance Coverage
              V115          V116          V117          V118          V119
              ________      ________      ________      ________      ________
 V115           0.912
 V116           0.423         0.448
 V117           0.448         0.150         0.487
 V118           0.884         0.434         0.473         0.960
 V119           0.394         0.391         0.142         0.407         0.418
 V120           0.454         0.152         0.479         0.477         0.144
 V121           0.865         0.424         0.458         0.904         0.400
 V122           0.430         0.142         0.451         0.452         0.137
 V123           0.435         0.425         0.156         0.451         0.405
 V124           0.431         0.142         0.450         0.450         0.136
 V125           0.396         0.393         0.142         0.410         0.376
 V126           0.452         0.150         0.476         0.474         0.142
 V127           0.437         0.428         0.157         0.453         0.406
 V128           0.836         0.406         0.443         0.876         0.387
 V129           0.424         0.140         0.444         0.445         0.133
 V130           0.421         0.415         0.149         0.438         0.392
 V131           0.432         0.143         0.454         0.453         0.137
 V132           0.418         0.413         0.150         0.435         0.388


           Covariance Coverage
              V120          V121          V122          V123          V124
              ________      ________      ________      ________      ________
 V120           0.497
 V121           0.465         0.927
 V122           0.459         0.448         0.466
 V123           0.158         0.439         0.150         0.467
 V124           0.458         0.447         0.439         0.150         0.463
 V125           0.143         0.405         0.136         0.410         0.141
 V126           0.484         0.462         0.457         0.157         0.455
 V127           0.161         0.440         0.151         0.449         0.150
 V128           0.449         0.860         0.432         0.425         0.434
 V129           0.450         0.438         0.432         0.144         0.432
 V130           0.150         0.430         0.142         0.430         0.144
 V131           0.461         0.450         0.443         0.149         0.443
 V132           0.151         0.423         0.141         0.426         0.141


           Covariance Coverage
              V125          V126          V127          V128          V129
              ________      ________      ________      ________      ________
 V125           0.421
 V126           0.142         0.493
 V127           0.410         0.158         0.470
 V128           0.396         0.449         0.426         0.896
 V129           0.136         0.450         0.147         0.432         0.457
 V130           0.400         0.147         0.435         0.419         0.142
 V131           0.138         0.459         0.151         0.436         0.437
 V132           0.395         0.150         0.430         0.413         0.139


           Covariance Coverage
              V130          V131          V132
              ________      ________      ________
 V130           0.449
 V131           0.146         0.468
 V132           0.421         0.144         0.448


UNIVARIATE PROPORTIONS AND COUNTS FOR CATEGORICAL VARIABLES

  Group FULL
    V115
      Category 1    0.036           22.106
      Category 2    0.202          123.742
      Category 3    0.534          327.001
      Category 4    0.228          139.479
    V116
      Category 1    0.048           28.166
      Category 2    0.414          244.754
      Category 3    0.458          271.130
      Category 4    0.080           47.569
    V117
      Category 1    0.075           48.200
      Category 2    0.450          290.423
      Category 3    0.411          265.308
      Category 4    0.065           42.074
    V118
      Category 1    0.028           17.748
      Category 2    0.299          189.367
      Category 3    0.470          297.625
      Category 4    0.204          128.979
    V119
      Category 1    0.043           22.876
      Category 2    0.388          206.717
      Category 3    0.458          244.036
      Category 4    0.112           59.656
    V120
      Category 1    0.201          130.546
      Category 2    0.613          398.707
      Category 3    0.163          106.225
      Category 4    0.022           14.497
    V121
      Category 1    0.041           25.098
      Category 2    0.291          179.289
      Category 3    0.481          295.763
      Category 4    0.187          115.212
    V122
      Category 1    0.035           21.033
      Category 2    0.429          257.643
      Category 3    0.472          282.919
      Category 4    0.064           38.305
    V123
      Category 1    0.081           50.029
      Category 2    0.474          294.546
      Category 3    0.374          232.203
      Category 4    0.071           44.201
    V124
      Category 1    0.053           31.279
      Category 2    0.318          189.342
      Category 3    0.447          266.378
      Category 4    0.182          108.317
    V125
      Category 1    0.062           33.999
      Category 2    0.339          187.141
      Category 3    0.444          245.409
      Category 4    0.156           85.991
    V126
      Category 1    0.088           57.278
      Category 2    0.523          341.603
      Category 3    0.343          224.258
      Category 4    0.046           29.866
    V127
      Category 1    0.100           63.559
      Category 2    0.491          311.337
      Category 3    0.315          199.659
      Category 4    0.094           59.505
    V128
      Category 1    0.023           12.946
      Category 2    0.171           97.483
      Category 3    0.598          340.433
      Category 4    0.209          118.813
    V129
      Category 1    0.068           39.988
      Category 2    0.503          294.694
      Category 3    0.351          205.472
      Category 4    0.078           45.628
    V130
      Category 1    0.006            3.742
      Category 2    0.129           77.093
      Category 3    0.585          348.345
      Category 4    0.280          166.520
    V131
      Category 1    0.030           18.056
      Category 2    0.265          161.137
      Category 3    0.492          299.506
      Category 4    0.214          130.246
    V132
      Category 1    0.016            9.745
      Category 2    0.135           82.258
      Category 3    0.581          353.331
      Category 4    0.267          162.604

  Group SHORT
    V115
      Category 1    0.042          120.486
      Category 2    0.257          739.613
      Category 3    0.483         1392.965
      Category 4    0.218          628.224
    V116
      Category 1    0.061           86.580
      Category 2    0.475          674.475
      Category 3    0.382          542.418
      Category 4    0.081          115.044
    V117
      Category 1    0.058           91.927
      Category 2    0.487          772.229
      Category 3    0.412          653.221
      Category 4    0.043           68.660
    V118
      Category 1    0.031           94.623
      Category 2    0.305          925.870
      Category 3    0.507         1541.040
      Category 4    0.157          476.171
    V119
      Category 1    0.054           70.776
      Category 2    0.410          537.442
      Category 3    0.424          555.475
      Category 4    0.111          145.590
    V120
      Category 1    0.212          344.753
      Category 2    0.610          991.488
      Category 3    0.163          264.607
      Category 4    0.015           24.413
    V121
      Category 1    0.051          148.887
      Category 2    0.369         1079.853
      Category 3    0.452         1321.973
      Category 4    0.128          374.380
    V122
      Category 1    0.047           70.085
      Category 2    0.455          679.372
      Category 3    0.427          638.536
      Category 4    0.071          106.703
    V123
      Category 1    0.086          126.039
      Category 2    0.475          697.359
      Category 3    0.373          548.382
      Category 4    0.066           96.736
    V124
      Category 1    0.050           74.868
      Category 2    0.349          523.333
      Category 3    0.445          667.319
      Category 4    0.157          235.271
    V125
      Category 1    0.061           79.699
      Category 2    0.378          496.857
      Category 3    0.452          594.589
      Category 4    0.110          144.153
    V126
      Category 1    0.104          167.422
      Category 2    0.501          808.040
      Category 3    0.333          536.303
      Category 4    0.062           99.529
    V127
      Category 1    0.115          169.331
      Category 2    0.467          690.388
      Category 3    0.325          480.528
      Category 4    0.093          137.818
    V128
      Category 1    0.019           53.452
      Category 2    0.186          524.592
      Category 3    0.547         1544.285
      Category 4    0.248          701.027
    V129
      Category 1    0.101          148.759
      Category 2    0.498          734.965
      Category 3    0.316          466.778
      Category 4    0.085          125.810
    V130
      Category 1    0.013           18.378
      Category 2    0.164          231.091
      Category 3    0.590          829.654
      Category 4    0.232          326.356
    V131
      Category 1    0.042           64.000
      Category 2    0.370          562.450
      Category 3    0.438          664.573
      Category 4    0.150          227.631
    V132
      Category 1    0.008           11.913
      Category 2    0.176          249.102
      Category 3    0.542          766.307
      Category 4    0.274          387.286


SAMPLE STATISTICS


     ESTIMATED SAMPLE STATISTICS FOR FULL


           MEANS/INTERCEPTS/THRESHOLDS
              V115$1        V115$2        V115$3        V116$1        V116$2
              ________      ________      ________      ________      ________
               -1.798        -0.712         0.746        -1.669        -0.097


           MEANS/INTERCEPTS/THRESHOLDS
              V116$3        V117$1        V117$2        V117$3        V118$1
              ________      ________      ________      ________      ________
                1.402        -1.442         0.061         1.513        -1.911


           MEANS/INTERCEPTS/THRESHOLDS
              V118$2        V118$3        V119$1        V119$2        V119$3
              ________      ________      ________      ________      ________
               -0.449         0.829        -1.718        -0.175         1.217


           MEANS/INTERCEPTS/THRESHOLDS
              V120$1        V120$2        V120$3        V121$1        V121$2
              ________      ________      ________      ________      ________
               -0.839         0.894         2.008        -1.742        -0.434


           MEANS/INTERCEPTS/THRESHOLDS
              V121$3        V122$1        V122$2        V122$3        V123$1
              ________      ________      ________      ________      ________
                0.888        -1.811        -0.089         1.523        -1.401


           MEANS/INTERCEPTS/THRESHOLDS
              V123$2        V123$3        V124$1        V124$2        V124$3
              ________      ________      ________      ________      ________
                0.138         1.467        -1.621        -0.330         0.908


           MEANS/INTERCEPTS/THRESHOLDS
              V125$1        V125$2        V125$3        V126$1        V126$2
              ________      ________      ________      ________      ________
               -1.542        -0.253         1.013        -1.355         0.282


           MEANS/INTERCEPTS/THRESHOLDS
              V126$3        V127$1        V127$2        V127$3        V128$1
              ________      ________      ________      ________      ________
                1.688        -1.280         0.231         1.317        -2.000


           MEANS/INTERCEPTS/THRESHOLDS
              V128$2        V128$3        V129$1        V129$2        V129$3
              ________      ________      ________      ________      ________
               -0.864         0.811        -1.489         0.180         1.419


           MEANS/INTERCEPTS/THRESHOLDS
              V130$1        V130$2        V130$3        V131$1        V131$2
              ________      ________      ________      ________      ________
               -2.496        -1.100         0.584        -1.886        -0.541


           MEANS/INTERCEPTS/THRESHOLDS
              V131$3        V132$1        V132$2        V132$3
              ________      ________      ________      ________
                0.793        -2.144        -1.031         0.620


           CORRELATION MATRIX (WITH VARIANCES ON THE DIAGONAL)
              V115          V116          V117          V118          V119
              ________      ________      ________      ________      ________
 V115
 V116           0.404
 V117           0.262         0.405
 V118           0.125         0.232         0.326
 V119           0.057         0.131         0.274         0.315
 V120           0.266         0.423         0.357         0.343         0.196
 V121           0.344         0.305         0.423         0.531         0.157
 V122           0.348         0.344         0.441         0.376         0.284
 V123           0.317         0.356         0.354         0.345         0.266
 V124           0.429         0.373         0.336         0.441         0.289
 V125           0.350         0.362         0.369         0.467         0.339
 V126           0.306         0.360         0.398         0.207         0.255
 V127           0.284         0.301         0.397         0.487         0.234
 V128           0.179         0.414         0.423         0.312         0.251
 V129           0.216         0.168         0.250         0.402         0.358
 V130           0.338         0.285         0.402         0.466         0.257
 V131           0.445         0.358         0.420         0.439         0.241
 V132           0.237         0.268         0.257         0.468         0.156


           CORRELATION MATRIX (WITH VARIANCES ON THE DIAGONAL)
              V120          V121          V122          V123          V124
              ________      ________      ________      ________      ________
 V121           0.453
 V122           0.512         0.649
 V123           0.463         0.521         0.667
 V124           0.248         0.644         0.566         0.565
 V125           0.326         0.507         0.476         0.448         0.781
 V126           0.366         0.406         0.519         0.642         0.498
 V127           0.518         0.661         0.615         0.572         0.548
 V128           0.300         0.426         0.535         0.448         0.381
 V129           0.243         0.405         0.370         0.299         0.475
 V130           0.328         0.750         0.531         0.491         0.584
 V131           0.420         0.816         0.639         0.564         0.639
 V132           0.217         0.361         0.377         0.359         0.366


           CORRELATION MATRIX (WITH VARIANCES ON THE DIAGONAL)
              V125          V126          V127          V128          V129
              ________      ________      ________      ________      ________
 V126           0.413
 V127           0.449         0.492
 V128           0.318         0.448         0.468
 V129           0.438         0.235         0.451         0.185
 V130           0.515         0.405         0.549         0.514         0.423
 V131           0.508         0.532         0.646         0.460         0.410
 V132           0.354         0.194         0.226         0.409         0.268


           CORRELATION MATRIX (WITH VARIANCES ON THE DIAGONAL)
              V130          V131          V132
              ________      ________      ________
 V131           0.730
 V132           0.500         0.398


     ESTIMATED SAMPLE STATISTICS FOR SHORT


           MEANS/INTERCEPTS/THRESHOLDS
              V115$1        V115$2        V115$3        V116$1        V116$2
              ________      ________      ________      ________      ________
               -1.730        -0.529         0.779        -1.546         0.092


           MEANS/INTERCEPTS/THRESHOLDS
              V116$3        V117$1        V117$2        V117$3        V118$1
              ________      ________      ________      ________      ________
                1.398        -1.572         0.113         1.714        -1.864


           MEANS/INTERCEPTS/THRESHOLDS
              V118$2        V118$3        V119$1        V119$2        V119$3
              ________      ________      ________      ________      ________
               -0.424         1.008        -1.607        -0.089         1.220


           MEANS/INTERCEPTS/THRESHOLDS
              V120$1        V120$2        V120$3        V121$1        V121$2
              ________      ________      ________      ________      ________
               -0.799         0.924         2.170        -1.636        -0.202


           MEANS/INTERCEPTS/THRESHOLDS
              V121$3        V122$1        V122$2        V122$3        V123$1
              ________      ________      ________      ________      ________
                1.136        -1.676         0.004         1.466        -1.367


           MEANS/INTERCEPTS/THRESHOLDS
              V123$2        V123$3        V124$1        V124$2        V124$3
              ________      ________      ________      ________      ________
                0.153         1.507        -1.646        -0.257         1.008


           MEANS/INTERCEPTS/THRESHOLDS
              V125$1        V125$2        V125$3        V126$1        V126$2
              ________      ________      ________      ________      ________
               -1.550        -0.155         1.229        -1.260         0.267


           MEANS/INTERCEPTS/THRESHOLDS
              V126$3        V127$1        V127$2        V127$3        V128$1
              ________      ________      ________      ________      ________
                1.540        -1.203         0.206         1.321        -2.076


           MEANS/INTERCEPTS/THRESHOLDS
              V128$2        V128$3        V129$1        V129$2        V129$3
              ________      ________      ________      ________      ________
               -0.825         0.680        -1.277         0.250         1.371


           MEANS/INTERCEPTS/THRESHOLDS
              V130$1        V130$2        V130$3        V131$1        V131$2
              ________      ________      ________      ________      ________
               -2.224        -0.925         0.732        -1.726        -0.221


           MEANS/INTERCEPTS/THRESHOLDS
              V131$3        V132$1        V132$2        V132$3
              ________      ________      ________      ________
                1.037        -2.390        -0.898         0.601


           CORRELATION MATRIX (WITH VARIANCES ON THE DIAGONAL)
              V115          V116          V117          V118          V119
              ________      ________      ________      ________      ________
 V115
 V116           0.342
 V117           0.307         0.516
 V118           0.259         0.209         0.325
 V119           0.194         0.223         0.373         0.422
 V120           0.262         0.453         0.471         0.369         0.408
 V121           0.359         0.323         0.404         0.502         0.341
 V122           0.268         0.329         0.398         0.383         0.286
 V123           0.262         0.305         0.372         0.335         0.400
 V124           0.231         0.246         0.342         0.425         0.311
 V125           0.207         0.299         0.075         0.400         0.372
 V126           0.216         0.355         0.409         0.267         0.360
 V127           0.253         0.280         0.402         0.474         0.334
 V128           0.233         0.378         0.365         0.222         0.157
 V129           0.222         0.115         0.227         0.367         0.428
 V130           0.380         0.286         0.236         0.506         0.382
 V131           0.327         0.395         0.423         0.428         0.298
 V132           0.209         0.156         0.257         0.414         0.279


           CORRELATION MATRIX (WITH VARIANCES ON THE DIAGONAL)
              V120          V121          V122          V123          V124
              ________      ________      ________      ________      ________
 V121           0.517
 V122           0.482         0.611
 V123           0.469         0.582         0.696
 V124           0.398         0.641         0.542         0.627
 V125           0.254         0.541         0.455         0.508         0.720
 V126           0.411         0.386         0.457         0.660         0.447
 V127           0.461         0.610         0.460         0.500         0.523
 V128           0.322         0.366         0.390         0.398         0.337
 V129           0.309         0.340         0.387         0.355         0.433
 V130           0.250         0.748         0.527         0.522         0.594
 V131           0.481         0.827         0.567         0.634         0.654
 V132           0.311         0.288         0.399         0.320         0.337


           CORRELATION MATRIX (WITH VARIANCES ON THE DIAGONAL)
              V125          V126          V127          V128          V129
              ________      ________      ________      ________      ________
 V126           0.441
 V127           0.499         0.559
 V128           0.314         0.451         0.295
 V129           0.438         0.321         0.427         0.215
 V130           0.554         0.456         0.570         0.474         0.481
 V131           0.518         0.451         0.543         0.434         0.379
 V132           0.254         0.314         0.223         0.354         0.294


           CORRELATION MATRIX (WITH VARIANCES ON THE DIAGONAL)
              V130          V131          V132
              ________      ________      ________
 V131           0.783
 V132           0.403         0.452


THE MODEL ESTIMATION TERMINATED NORMALLY



MODEL FIT INFORMATION

Number of Free Parameters                      125

Chi-Square Test of Model Fit

          Value                           1673.096*
          Degrees of Freedom                   289
          P-Value                           0.0000

Chi-Square Contribution From Each Group

          FULL                             668.453
          SHORT                           1004.643

*   The chi-square value for MLM, MLMV, MLR, ULSMV, WLSM and WLSMV cannot be used
    for chi-square difference testing in the regular way.  MLM, MLR and WLSM
    chi-square difference testing is described on the Mplus website.  MLMV, WLSMV,
    and ULSMV difference testing is done using the DIFFTEST option.

RMSEA (Root Mean Square Error Of Approximation)

          Estimate                           0.050
          90 Percent C.I.                    0.047  0.052
          Probability RMSEA <= .05           0.562

CFI/TLI

          CFI                                0.941
          TLI                                0.937

Chi-Square Test of Model Fit for the Baseline Model

          Value                          23724.179
          Degrees of Freedom                   306
          P-Value                           0.0000

WRMR (Weighted Root Mean Square Residual)

          Value                              2.724



MODEL RESULTS

                                                    Two-Tailed
                    Estimate       S.E.  Est./S.E.    P-Value

Group FULL

 F1       BY
    V115               1.000      0.000    999.000    999.000
    V116               1.135      0.119      9.531      0.000
    V117               1.285      0.123     10.438      0.000
    V118               1.439      0.147      9.767      0.000
    V119               0.858      0.126      6.791      0.000
    V120               1.360      0.130     10.456      0.000
    V121               3.222      0.303     10.639      0.000
    V122               2.455      0.232     10.577      0.000
    V123               2.185      0.204     10.717      0.000
    V124               2.864      0.255     11.230      0.000
    V125               2.295      0.206     11.128      0.000
    V126               1.666      0.161     10.346      0.000
    V127               2.256      0.219     10.323      0.000
    V128               1.428      0.156      9.141      0.000
    V129               1.243      0.133      9.342      0.000
    V130               2.600      0.252     10.336      0.000
    V131               3.474      0.364      9.539      0.000
    V132               1.120      0.110     10.175      0.000

 Means
    F1                 0.000      0.000    999.000    999.000

 Thresholds
    V115$1            -2.105      0.121    -17.415      0.000
    V115$2            -0.676      0.046    -14.705      0.000
    V115$3             0.928      0.056     16.615      0.000
    V116$1            -1.933      0.156    -12.368      0.000
    V116$2            -0.111      0.065     -1.706      0.088
    V116$3             1.610      0.099     16.304      0.000
    V117$1            -1.807      0.120    -15.122      0.000
    V117$2             0.072      0.066      1.097      0.273
    V117$3             1.795      0.100     17.985      0.000
    V118$1            -2.358      0.164    -14.356      0.000
    V118$2            -0.552      0.070     -7.912      0.000
    V118$3             1.019      0.081     12.582      0.000
    V119$1            -1.532      0.152    -10.065      0.000
    V119$2            -0.190      0.066     -2.876      0.004
    V119$3             1.323      0.081     16.343      0.000
    V120$1            -0.926      0.068    -13.651      0.000
    V120$2             1.078      0.081     13.380      0.000
    V120$3             2.422      0.151     16.043      0.000
    V121$1            -3.119      0.207    -15.079      0.000
    V121$2            -0.819      0.112     -7.323      0.000
    V121$3             1.676      0.132     12.730      0.000
    V122$1            -2.889      0.180    -16.076      0.000
    V122$2            -0.140      0.090     -1.565      0.117
    V122$3             2.402      0.138     17.408      0.000
    V123$1            -2.039      0.136    -15.032      0.000
    V123$2             0.204      0.084      2.435      0.015
    V123$3             2.165      0.135     16.053      0.000
    V124$1            -3.015      0.182    -16.544      0.000
    V124$2            -0.574      0.101     -5.671      0.000
    V124$3             1.578      0.116     13.560      0.000
    V125$1            -2.485      0.154    -16.156      0.000
    V125$2            -0.383      0.091     -4.192      0.000
    V125$3             1.535      0.104     14.770      0.000
    V126$1            -1.711      0.113    -15.127      0.000
    V126$2             0.365      0.073      5.031      0.000
    V126$3             2.190      0.121     18.071      0.000
    V127$1            -1.961      0.128    -15.314      0.000
    V127$2             0.347      0.086      4.028      0.000
    V127$3             1.978      0.121     16.322      0.000
    V128$1            -2.785      0.193    -14.434      0.000
    V128$2            -1.059      0.079    -13.328      0.000
    V128$3             0.995      0.078     12.759      0.000
    V129$1            -1.648      0.114    -14.438      0.000
    V129$2             0.211      0.068      3.097      0.002
    V129$3             1.668      0.092     18.112      0.000
    V130$1            -3.714      0.257    -14.429      0.000
    V130$2            -1.796      0.127    -14.178      0.000
    V130$3             0.954      0.098      9.761      0.000
    V131$1            -3.509      0.277    -12.676      0.000
    V131$2            -1.078      0.126     -8.527      0.000
    V131$3             1.581      0.134     11.761      0.000
    V132$1            -2.643      0.169    -15.639      0.000
    V132$2            -1.180      0.079    -14.907      0.000
    V132$3             0.710      0.067     10.601      0.000

 Variances
    F1                 0.246      0.043      5.690      0.000

 Residual Variances
    V115               1.000      0.000    999.000    999.000
    V116               1.000      0.000    999.000    999.000
    V117               1.000      0.000    999.000    999.000
    V118               1.000      0.000    999.000    999.000
    V119               1.000      0.000    999.000    999.000
    V120               1.000      0.000    999.000    999.000
    V121               1.000      0.000    999.000    999.000
    V122               1.000      0.000    999.000    999.000
    V123               1.000      0.000    999.000    999.000
    V124               1.000      0.000    999.000    999.000
    V125               1.000      0.000    999.000    999.000
    V126               1.000      0.000    999.000    999.000
    V127               1.000      0.000    999.000    999.000
    V128               1.000      0.000    999.000    999.000
    V129               1.000      0.000    999.000    999.000
    V130               1.000      0.000    999.000    999.000
    V131               1.000      0.000    999.000    999.000
    V132               1.000      0.000    999.000    999.000

Group SHORT

 F1       BY
    V115               1.000      0.000    999.000    999.000
    V116               1.135      0.119      9.531      0.000
    V117               1.285      0.123     10.438      0.000
    V118               1.439      0.147      9.767      0.000
    V119               0.858      0.126      6.791      0.000
    V120               1.360      0.130     10.456      0.000
    V121               3.222      0.303     10.639      0.000
    V122               2.455      0.232     10.577      0.000
    V123               2.185      0.204     10.717      0.000
    V124               2.864      0.255     11.230      0.000
    V125               2.295      0.206     11.128      0.000
    V126               1.666      0.161     10.346      0.000
    V127               2.256      0.219     10.323      0.000
    V128               1.428      0.156      9.141      0.000
    V129               1.243      0.133      9.342      0.000
    V130               2.600      0.252     10.336      0.000
    V131               3.474      0.364      9.539      0.000
    V132               1.120      0.110     10.175      0.000

 Means
    F1                 0.000      0.000    999.000    999.000

 Thresholds
    V115$1            -2.105      0.121    -17.415      0.000
    V115$2            -0.676      0.046    -14.705      0.000
    V115$3             0.928      0.056     16.615      0.000
    V116$1            -1.933      0.156    -12.368      0.000
    V116$2             0.115      0.048      2.386      0.017
    V116$3             1.753      0.180      9.735      0.000
    V117$1            -1.807      0.120    -15.122      0.000
    V117$2             0.133      0.044      2.991      0.003
    V117$3             2.024      0.177     11.413      0.000
    V118$1            -2.358      0.164    -14.356      0.000
    V118$2            -0.536      0.051    -10.530      0.000
    V118$3             1.276      0.107     11.952      0.000
    V119$1            -1.532      0.152    -10.065      0.000
    V119$2            -0.080      0.035     -2.250      0.024
    V119$3             1.091      0.138      7.930      0.000
    V120$1            -0.926      0.068    -13.651      0.000
    V120$2             1.036      0.093     11.112      0.000
    V120$3             2.435      0.216     11.274      0.000
    V121$1            -3.119      0.207    -15.079      0.000
    V121$2            -0.382      0.055     -6.969      0.000
    V121$3             2.149      0.165     13.019      0.000
    V122$1            -2.889      0.180    -16.076      0.000
    V122$2             0.006      0.063      0.097      0.923
    V122$3             2.537      0.199     12.772      0.000
    V123$1            -2.039      0.136    -15.032      0.000
    V123$2             0.227      0.058      3.927      0.000
    V123$3             2.236      0.183     12.232      0.000
    V124$1            -3.015      0.182    -16.544      0.000
    V124$2            -0.484      0.075     -6.449      0.000
    V124$3             1.899      0.153     12.426      0.000
    V125$1            -2.485      0.154    -16.156      0.000
    V125$2            -0.255      0.064     -3.978      0.000
    V125$3             2.021      0.164     12.293      0.000
    V126$1            -1.711      0.113    -15.127      0.000
    V126$2             0.359      0.057      6.344      0.000
    V126$3             2.068      0.167     12.351      0.000
    V127$1            -1.961      0.128    -15.314      0.000
    V127$2             0.339      0.066      5.101      0.000
    V127$3             2.173      0.184     11.812      0.000
    V128$1            -2.785      0.193    -14.434      0.000
    V128$2            -1.157      0.101    -11.432      0.000
    V128$3             0.954      0.089     10.754      0.000
    V129$1            -1.648      0.114    -14.438      0.000
    V129$2             0.314      0.055      5.679      0.000
    V129$3             1.723      0.161     10.678      0.000
    V130$1            -3.714      0.257    -14.429      0.000
    V130$2            -1.479      0.126    -11.767      0.000
    V130$3             1.170      0.114     10.267      0.000
    V131$1            -3.509      0.277    -12.676      0.000
    V131$2            -0.439      0.080     -5.458      0.000
    V131$3             2.057      0.201     10.236      0.000
    V132$1            -2.643      0.169    -15.639      0.000
    V132$2            -1.074      0.103    -10.408      0.000
    V132$3             0.719      0.081      8.907      0.000

 Variances
    F1                 0.256      0.039      6.591      0.000

 Residual Variances
    V115               1.251      0.155      8.096      0.000
    V116               1.244      0.238      5.221      0.000
    V117               0.973      0.159      6.100      0.000
    V118               1.073      0.167      6.422      0.000
    V119               0.612      0.145      4.206      0.000
    V120               0.787      0.128      6.149      0.000
    V121               0.924      0.152      6.078      0.000
    V122               1.455      0.210      6.927      0.000
    V123               0.981      0.151      6.479      0.000
    V124               1.454      0.209      6.965      0.000
    V125               1.360      0.204      6.682      0.000
    V126               1.094      0.166      6.578      0.000
    V127               1.406      0.223      6.296      0.000
    V128               1.446      0.240      6.031      0.000
    V129               1.185      0.204      5.801      0.000
    V130               0.828      0.142      5.822      0.000
    V131               0.849      0.160      5.315      0.000
    V132               1.107      0.200      5.523      0.000


STANDARDIZED MODEL RESULTS


STDYX Standardization

                                                    Two-Tailed
                    Estimate       S.E.  Est./S.E.    P-Value

Group FULL

 F1       BY
    V115               0.445      0.031     14.184      0.000
    V116               0.491      0.037     13.177      0.000
    V117               0.538      0.031     17.082      0.000
    V118               0.581      0.030     19.071      0.000
    V119               0.392      0.037     10.645      0.000
    V120               0.559      0.029     19.347      0.000
    V121               0.848      0.016     51.944      0.000
    V122               0.773      0.020     38.444      0.000
    V123               0.735      0.024     30.082      0.000
    V124               0.818      0.018     45.154      0.000
    V125               0.752      0.021     35.080      0.000
    V126               0.637      0.028     22.527      0.000
    V127               0.746      0.023     32.181      0.000
    V128               0.578      0.029     19.812      0.000
    V129               0.525      0.032     16.461      0.000
    V130               0.791      0.020     38.685      0.000
    V131               0.865      0.016     54.340      0.000
    V132               0.486      0.033     14.682      0.000

 Means
    F1                 0.000      0.000    999.000    999.000

 Thresholds
    V115$1            -1.886      0.096    -19.727      0.000
    V115$2            -0.605      0.038    -15.985      0.000
    V115$3             0.832      0.044     18.731      0.000
    V116$1            -1.684      0.118    -14.310      0.000
    V116$2            -0.097      0.057     -1.704      0.088
    V116$3             1.402      0.084     16.755      0.000
    V117$1            -1.524      0.088    -17.307      0.000
    V117$2             0.061      0.055      1.097      0.273
    V117$3             1.513      0.084     18.089      0.000
    V118$1            -1.918      0.109    -17.540      0.000
    V118$2            -0.449      0.057     -7.894      0.000
    V118$3             0.829      0.066     12.618      0.000
    V119$1            -1.409      0.123    -11.416      0.000
    V119$2            -0.175      0.061     -2.877      0.004
    V119$3             1.217      0.074     16.380      0.000
    V120$1            -0.767      0.050    -15.226      0.000
    V120$2             0.894      0.066     13.635      0.000
    V120$3             2.007      0.125     16.009      0.000
    V121$1            -1.653      0.093    -17.707      0.000
    V121$2            -0.434      0.058     -7.529      0.000
    V121$3             0.888      0.065     13.766      0.000
    V122$1            -1.832      0.105    -17.398      0.000
    V122$2            -0.089      0.057     -1.564      0.118
    V122$3             1.524      0.086     17.715      0.000
    V123$1            -1.382      0.078    -17.637      0.000
    V123$2             0.138      0.057      2.443      0.015
    V123$3             1.467      0.084     17.495      0.000
    V124$1            -1.734      0.097    -17.936      0.000
    V124$2            -0.330      0.059     -5.637      0.000
    V124$3             0.908      0.064     14.252      0.000
    V125$1            -1.639      0.094    -17.393      0.000
    V125$2            -0.253      0.060     -4.178      0.000
    V125$3             1.013      0.070     14.483      0.000
    V126$1            -1.319      0.075    -17.511      0.000
    V126$2             0.281      0.055      5.074      0.000
    V126$3             1.687      0.088     19.140      0.000
    V127$1            -1.306      0.073    -17.895      0.000
    V127$2             0.231      0.057      4.083      0.000
    V127$3             1.317      0.076     17.265      0.000
    V128$1            -2.272      0.133    -17.106      0.000
    V128$2            -0.864      0.066    -13.120      0.000
    V128$3             0.811      0.063     12.785      0.000
    V129$1            -1.403      0.082    -17.018      0.000
    V129$2             0.180      0.058      3.100      0.002
    V129$3             1.419      0.078     18.294      0.000
    V130$1            -2.274      0.133    -17.086      0.000
    V130$2            -1.100      0.072    -15.178      0.000
    V130$3             0.584      0.060      9.732      0.000
    V131$1            -1.760      0.102    -17.229      0.000
    V131$2            -0.541      0.060     -8.999      0.000
    V131$3             0.793      0.062     12.819      0.000
    V132$1            -2.310      0.135    -17.095      0.000
    V132$2            -1.031      0.071    -14.488      0.000
    V132$3             0.621      0.059     10.479      0.000

 Variances
    F1                 1.000      0.000    999.000    999.000

 Residual Variances
    V115               0.802      0.028     28.775      0.000
    V116               0.759      0.037     20.755      0.000
    V117               0.711      0.034     20.976      0.000
    V118               0.662      0.035     18.689      0.000
    V119               0.846      0.029     29.332      0.000
    V120               0.687      0.032     21.233      0.000
    V121               0.281      0.028     10.152      0.000
    V122               0.402      0.031     12.939      0.000
    V123               0.459      0.036     12.786      0.000
    V124               0.331      0.030     11.171      0.000
    V125               0.435      0.032     13.510      0.000
    V126               0.594      0.036     16.464      0.000
    V127               0.444      0.035     12.827      0.000
    V128               0.665      0.034     19.699      0.000
    V129               0.724      0.033     21.628      0.000
    V130               0.375      0.032     11.606      0.000
    V131               0.252      0.028      9.137      0.000
    V132               0.764      0.032     23.736      0.000

Group SHORT

 F1       BY
    V115               0.412      0.020     20.731      0.000
    V116               0.457      0.027     17.047      0.000
    V117               0.550      0.024     22.857      0.000
    V118               0.575      0.016     35.555      0.000
    V119               0.485      0.028     17.535      0.000
    V120               0.613      0.020     29.967      0.000
    V121               0.861      0.010     85.787      0.000
    V122               0.717      0.017     42.504      0.000
    V123               0.744      0.016     45.122      0.000
    V124               0.768      0.015     51.310      0.000
    V125               0.705      0.019     37.848      0.000
    V126               0.627      0.020     32.024      0.000
    V127               0.693      0.019     36.771      0.000
    V128               0.515      0.019     27.155      0.000
    V129               0.500      0.024     21.113      0.000
    V130               0.822      0.015     56.224      0.000
    V131               0.886      0.010     85.977      0.000
    V132               0.474      0.026     18.299      0.000

 Means
    F1                 0.000      0.000    999.000    999.000

 Thresholds
    V115$1            -1.715      0.049    -34.696      0.000
    V115$2            -0.550      0.025    -21.726      0.000
    V115$3             0.756      0.027     27.869      0.000
    V116$1            -1.541      0.060    -25.550      0.000
    V116$2             0.092      0.037      2.474      0.013
    V116$3             1.398      0.058     24.263      0.000
    V117$1            -1.530      0.063    -24.215      0.000
    V117$2             0.113      0.036      3.130      0.002
    V117$3             1.714      0.064     26.877      0.000
    V118$1            -1.863      0.049    -37.982      0.000
    V118$2            -0.424      0.026    -16.258      0.000
    V118$3             1.008      0.032     31.208      0.000
    V119$1            -1.713      0.073    -23.555      0.000
    V119$2            -0.089      0.039     -2.302      0.021
    V119$3             1.220      0.051     24.146      0.000
    V120$1            -0.825      0.038    -21.948      0.000
    V120$2             0.924      0.041     22.422      0.000
    V120$3             2.169      0.091     23.850      0.000
    V121$1            -1.649      0.043    -37.962      0.000
    V121$2            -0.202      0.026     -7.689      0.000
    V121$3             1.136      0.033     34.684      0.000
    V122$1            -1.669      0.062    -26.825      0.000
    V122$2             0.004      0.037      0.097      0.923
    V122$3             1.465      0.056     26.173      0.000
    V123$1            -1.374      0.049    -27.778      0.000
    V123$2             0.153      0.037      4.183      0.000
    V123$3             1.507      0.057     26.369      0.000
    V124$1            -1.600      0.057    -27.988      0.000
    V124$2            -0.257      0.037     -6.857      0.000
    V124$3             1.008      0.044     23.141      0.000
    V125$1            -1.511      0.056    -26.989      0.000
    V125$2            -0.155      0.038     -4.061      0.000
    V125$3             1.229      0.053     23.380      0.000
    V126$1            -1.274      0.047    -27.397      0.000
    V126$2             0.267      0.036      7.446      0.000
    V126$3             1.540      0.053     28.860      0.000
    V127$1            -1.192      0.044    -27.217      0.000
    V127$2             0.206      0.036      5.656      0.000
    V127$3             1.321      0.051     25.859      0.000
    V128$1            -1.985      0.073    -27.278      0.000
    V128$2            -0.825      0.031    -26.377      0.000
    V128$3             0.680      0.028     23.884      0.000
    V129$1            -1.311      0.051    -25.516      0.000
    V129$2             0.250      0.037      6.667      0.000
    V129$3             1.371      0.053     25.654      0.000
    V130$1            -2.323      0.112    -20.810      0.000
    V130$2            -0.925      0.044    -20.870      0.000
    V130$3             0.732      0.042     17.481      0.000
    V131$1            -1.769      0.067    -26.515      0.000
    V131$2            -0.221      0.037     -5.921      0.000
    V131$3             1.037      0.044     23.447      0.000
    V132$1            -2.211      0.135    -16.437      0.000
    V132$2            -0.898      0.044    -20.256      0.000
    V132$3             0.602      0.040     15.173      0.000

 Variances
    F1                 1.000      0.000    999.000    999.000

 Residual Variances
    V115               0.830      0.016     50.746      0.000
    V116               0.791      0.025     32.200      0.000
    V117               0.697      0.026     26.320      0.000
    V118               0.670      0.019     36.038      0.000
    V119               0.765      0.027     28.508      0.000
    V120               0.625      0.025     24.949      0.000
    V121               0.258      0.017     14.940      0.000
    V122               0.486      0.024     20.073      0.000
    V123               0.446      0.025     18.147      0.000
    V124               0.410      0.023     17.791      0.000
    V125               0.502      0.026     19.111      0.000
    V126               0.606      0.025     24.675      0.000
    V127               0.519      0.026     19.862      0.000
    V128               0.735      0.020     37.648      0.000
    V129               0.750      0.024     31.701      0.000
    V130               0.324      0.024     13.467      0.000
    V131               0.216      0.018     11.832      0.000
    V132               0.775      0.025     31.581      0.000


R-SQUARE

Group FULL

    Observed                                        Two-Tailed     Scale
    Variable        Estimate       S.E.  Est./S.E.    P-Value     Factors

    V115               0.198      0.028      7.092      0.000      0.896
    V116               0.241      0.037      6.589      0.000      0.871
    V117               0.289      0.034      8.541      0.000      0.843
    V118               0.338      0.035      9.535      0.000      0.814
    V119               0.154      0.029      5.322      0.000      0.920
    V120               0.313      0.032      9.674      0.000      0.829
    V121               0.719      0.028     25.972      0.000      0.530
    V122               0.598      0.031     19.222      0.000      0.634
    V123               0.541      0.036     15.041      0.000      0.678
    V124               0.669      0.030     22.577      0.000      0.575
    V125               0.565      0.032     17.540      0.000      0.660
    V126               0.406      0.036     11.264      0.000      0.771
    V127               0.556      0.035     16.091      0.000      0.666
    V128               0.335      0.034      9.906      0.000      0.816
    V129               0.276      0.033      8.231      0.000      0.851
    V130               0.625      0.032     19.343      0.000      0.612
    V131               0.748      0.028     27.170      0.000      0.502
    V132               0.236      0.032      7.341      0.000      0.874

Group SHORT

    Observed                                        Two-Tailed     Scale
    Variable        Estimate       S.E.  Est./S.E.    P-Value     Factors

    V115               0.170      0.016     10.366      0.000      0.815
    V116               0.209      0.025      8.524      0.000      0.797
    V117               0.303      0.026     11.429      0.000      0.847
    V118               0.330      0.019     17.778      0.000      0.790
    V119               0.235      0.027      8.768      0.000      1.118
    V120               0.375      0.025     14.984      0.000      0.891
    V121               0.742      0.017     42.894      0.000      0.529
    V122               0.514      0.024     21.252      0.000      0.578
    V123               0.554      0.025     22.561      0.000      0.674
    V124               0.590      0.023     25.655      0.000      0.531
    V125               0.498      0.026     18.924      0.000      0.608
    V126               0.394      0.025     16.012      0.000      0.745
    V127               0.481      0.026     18.385      0.000      0.608
    V128               0.265      0.020     13.578      0.000      0.713
    V129               0.250      0.024     10.556      0.000      0.796
    V130               0.676      0.024     28.112      0.000      0.625
    V131               0.784      0.018     42.989      0.000      0.504
    V132               0.225      0.025      9.149      0.000      0.837


QUALITY OF NUMERICAL RESULTS

     Condition Number for the Information Matrix              0.668E-04
       (ratio of smallest to largest eigenvalue)


MODEL MODIFICATION INDICES

NOTE:  Modification indices for direct effects of observed dependent variables
regressed on covariates and residual covariances among observed dependent
variables may not be included.  To include these, request MODINDICES (ALL).

Minimum M.I. value for printing the modification index    10.000

                                   M.I.     E.P.C.  Std E.P.C.  StdYX E.P.C.
Group FULL


BY Statements

F1       BY V119                  19.930    -0.079     -0.039       -0.036
F1       BY V128                  11.476     0.058      0.029        0.024

WITH Statements

V116     WITH V115                18.221     0.252      0.252        0.252
V117     WITH V116                14.699     0.211      0.211        0.211
V120     WITH V116                11.256     0.220      0.220        0.220
V121     WITH V119                13.998    -0.391     -0.391       -0.391
V123     WITH V122                17.523     0.307      0.307        0.307
V124     WITH V120                22.164    -0.488     -0.488       -0.488
V125     WITH V121                11.492    -0.427     -0.427       -0.427
V125     WITH V124               159.569     0.843      0.843        0.843
V126     WITH V118                10.820    -0.278     -0.278       -0.278
V126     WITH V121                11.682    -0.372     -0.372       -0.372
V126     WITH V123                42.683     0.412      0.412        0.412
V129     WITH V119                13.841     0.206      0.206        0.206
V130     WITH V121                10.511     0.332      0.332        0.332
V131     WITH V121                35.024     0.585      0.585        0.585
V131     WITH V125                15.295    -0.501     -0.501       -0.501
V132     WITH V118                25.523     0.286      0.286        0.286

Means/Intercepts/Thresholds

[ V119     ]                      19.951     0.788      0.788        0.725
[ V128     ]                      11.456    -0.976     -0.976       -0.796
[ F1       ]                      11.920     0.175      0.352        0.352
[ V119$1   ]                      19.920    -0.315     -0.315       -0.290
[ V128$1   ]                      11.397     0.299      0.299        0.244

Group SHORT


BY Statements

F1       BY V119                  19.931     0.362      0.183        0.204
F1       BY V128                  11.503    -0.444     -0.224       -0.160

WITH Statements

V116     WITH V115                53.719     0.517      0.517        0.414
V117     WITH V115                11.847     0.229      0.229        0.208
V117     WITH V116                39.593     0.377      0.377        0.342
V119     WITH V118                56.923     0.399      0.399        0.492
V120     WITH V116                24.096     0.328      0.328        0.332
V120     WITH V117                69.790     0.498      0.498        0.570
V121     WITH V116                19.968    -0.549     -0.549       -0.512
V121     WITH V117                17.445    -0.436     -0.436       -0.460
V121     WITH V119                16.317    -0.352     -0.352       -0.468
V123     WITH V118                24.545    -0.466     -0.466       -0.454
V123     WITH V121                21.248    -0.540     -0.540       -0.567
V123     WITH V122                39.264     0.504      0.504        0.422
V124     WITH V115                15.493    -0.404     -0.404       -0.299
V124     WITH V117                17.861    -0.431     -0.431       -0.363
V124     WITH V120                19.364    -0.460     -0.460       -0.430
V125     WITH V115                11.314    -0.336     -0.336       -0.258
V125     WITH V117                19.561    -0.403     -0.403       -0.350
V125     WITH V121                31.414    -0.769     -0.769       -0.686
V125     WITH V124               121.317     0.838      0.838        0.596
V126     WITH V117                13.371     0.241      0.241        0.234
V126     WITH V118                27.127    -0.469     -0.469       -0.433
V126     WITH V121                70.939    -0.953     -0.953       -0.948
V126     WITH V123                64.491     0.529      0.529        0.511
V127     WITH V118                18.429     0.363      0.363        0.296
V127     WITH V126                14.846     0.349      0.349        0.282
V128     WITH V116                56.264     0.650      0.650        0.484
V128     WITH V117                17.175     0.302      0.302        0.255
V128     WITH V118                44.827    -0.587     -0.587       -0.471
V128     WITH V119                13.086    -0.229     -0.229       -0.243
V128     WITH V121                56.384    -0.875     -0.875       -0.756
V128     WITH V126                50.831     0.552      0.552        0.439
V129     WITH V118                19.705     0.304      0.304        0.270
V129     WITH V119                11.125     0.164      0.164        0.192
V129     WITH V121                34.292    -0.652     -0.652       -0.623
V130     WITH V116                17.647    -0.445     -0.445       -0.438
V130     WITH V117                13.235    -0.363     -0.363       -0.405
V130     WITH V120                17.702    -0.413     -0.413       -0.511
V130     WITH V121                22.568     0.485      0.485        0.554
V130     WITH V123                25.353    -0.564     -0.564       -0.626
V131     WITH V117                15.695    -0.444     -0.444       -0.489
V131     WITH V118                34.439    -0.674     -0.674       -0.706
V131     WITH V120                21.107    -0.514     -0.514       -0.629
V131     WITH V121               287.030     1.713      1.713        1.934
V131     WITH V122                24.382    -0.601     -0.601       -0.541
V131     WITH V126                35.943    -0.642     -0.642       -0.666
V131     WITH V129                14.306    -0.435     -0.435       -0.434
V132     WITH V118                61.169     0.476      0.476        0.437
V132     WITH V121                33.722    -0.628     -0.628       -0.620
V132     WITH V125                12.256    -0.339     -0.339       -0.277
V132     WITH V127                22.831    -0.452     -0.452       -0.363
V132     WITH V128                13.749     0.274      0.274        0.216

Means/Intercepts/Thresholds

[ V119     ]                      19.913    -0.787     -0.787       -0.880
[ V128     ]                      11.673     0.986      0.986        0.703
[ F1       ]                      11.957    -0.175     -0.346       -0.346
[ V119$1   ]                      19.911     0.472      0.472        0.528
[ V128$1   ]                      11.544    -0.679     -0.679       -0.484



SAVEDATA INFORMATION


  Difference testing

  Save file
    v115_metric.dat
  Save format      Free

DIAGRAM INFORMATION

  Use View Diagram under the Diagram menu in the Mplus Editor to view the diagram.
  If running Mplus from the Mplus Diagrammer, the diagram opens automatically.

  Diagram output
    c:\users\msassac6\dropbox (the university of manchester)\papers\joe s\evs_mm_de_equivalence\mplus\eq\inv_data3_v115_

     Beginning Time:  08:32:15
        Ending Time:  08:32:18
       Elapsed Time:  00:00:03



MUTHEN & MUTHEN
3463 Stoner Ave.
Los Angeles, CA  90066

Tel: (310) 391-9971
Fax: (310) 391-8971
Web: www.StatModel.com
Support: Support@StatModel.com

Copyright (c) 1998-2017 Muthen & Muthen
