Mplus VERSION 8
MUTHEN & MUTHEN
07/13/2020   8:33 AM

INPUT INSTRUCTIONS

  TITLE: Your title goes here

   DATA: FILE = eq/data.dta;

   VARIABLE:

   NAMES = id_cocas weight comp_mode comp_len mode mm_matrix_group wei_mmf v2 v3 v4 v32
       v33 v34 v35 v36 v37 v46 v47 v48 v49 v50 v65 v66 v67 v68 v69 v70 v82 v83 v84 v98
       v99 v100 v101 v103 v104 v105 v106 v107 v115 v116 v117 v118 v119 v120 v121 v122
       v123 v124 v125 v126 v127 v128 v129 v130 v131 v132 v133 v134 v135 v136 v137 v138
       v139 v140 v141 v145 v146 v147 v148 v149 v150 v151 v152 v153 v154 v155 v156 v157
       v158 v159 v160 v161 v162 v163 v164 v165 v166 v167 v176 v177 v178 v179 v180 v181
       v182 v183 v185 v186 v187 v188 v189 v191 v192 v193 v194 v195 v196 v197 v199 v200
       v201 v202 v203 v205 v206 v207 v208 v209 v210 v211 v212 v213 v214 v215 v216 v217
       v218 v220 v221 v222 v223 v224 v267 v268 v269 v271 v272 v273;

   MISSING=.;

   USEVARIABLES ARE
   v32
   v33
   v34
   v35
   v36
   v37;

   CATEGORICAL ARE
   v32
   v33
   v34
   v35
   v36
   v37;

   GROUPING IS comp_len (0=full 1=short);

  WEIGHT IS weight;

   Analysis:

                  ESTIMATOR = WLSMV;

                  ITERATIONS = 100000;

                  PARAMETERIZATION = THETA;

  Model:


  f1 BY v32@1
  v33 (L2_full)
  v34 (L3_full)
  v35 (L4_full)
  v36 (L5_full)
  v37 (L6_full)
  ;


   [f1@0];
  [v32$1] (t_v32_1);
  [v32$2] (t_v32_2);
  [v32$3] (t_v32_3);

  [v33$1] (t_v33_1);
  [v33$2] (t_v33_2_full);
  [v33$3] (t_v33_3_full);

  [v34$1] (t_v34_1);
  [v34$2] (t_v34_2_full);
  [v34$3] (t_v34_3_full);

  [v35$1] (t_v35_1);
  [v35$2] (t_v35_2_full);
  [v35$3] (t_v35_3_full);

  [v36$1] (t_v36_1);
  [v36$2] (t_v36_2_full);
  [v36$3] (t_v36_3_full);

  [v37$1] (t_v37_1);
  [v37$2] (t_v37_2_full);
  [v37$3] (t_v37_3_full);


  Model short:

  f1 BY v32@1
  v33 (L2_short)
  v34 (L3_short)
  v35 (L4_short)
  v36 (L5_short)
  v37 (L6_short)
  ;


   [f1@0];
  [v32$1] (t_v32_1);
  [v32$2] (t_v32_2);
  [v32$3] (t_v32_3);

  [v33$1] (t_v33_1);
  [v33$2] (t_v33_2_short);
  [v33$3] (t_v33_3_short);

  [v34$1] (t_v34_1);
  [v34$2] (t_v34_2_short);
  [v34$3] (t_v34_3_short);

  [v35$1] (t_v35_1);
  [v35$2] (t_v35_2_short);
  [v35$3] (t_v35_3_short);

  [v36$1] (t_v36_1);
  [v36$2] (t_v36_2_short);
  [v36$3] (t_v36_3_short);

  [v37$1] (t_v37_1);
  [v37$2] (t_v37_2_short);
  [v37$3] (t_v37_3_short);


   SAVEDATA: DIFFTEST IS v32_config.dat;

   OUTPUT: SAMPSTAT;

                                  MODINDICES;

                                  STDYX;




*** WARNING
  Data set contains unknown or missing values for GROUPING,
  PATTERN, COHORT, CLUSTER and/or STRATIFICATION variables.
  Number of cases with unknown or missing values:  1494
*** WARNING
  Data set contains cases with missing on all variables.
  These cases were not included in the analysis.
  Number of cases with missing on all variables:  1647
   2 WARNING(S) FOUND IN THE INPUT INSTRUCTIONS



Your title goes here

SUMMARY OF ANALYSIS

Number of groups                                                 2
Number of observations
   Group FULL                                                  674
   Group SHORT                                                1601
   Total sample size                                          2275

Number of dependent variables                                    6
Number of independent variables                                  0
Number of continuous latent variables                            1

Observed dependent variables

  Binary and ordered categorical (ordinal)
   V32         V33         V34         V35         V36         V37

Continuous latent variables
   F1

Variables with special functions

  Grouping variable     COMP_LEN
  Weight variable       WEIGHT

Estimator                                                    WLSMV
Maximum number of iterations                                100000
Convergence criterion                                    0.500D-04
Maximum number of steepest descent iterations                   20
Maximum number of iterations for H1                           2000
Convergence criterion for H1                             0.100D-03
Parameterization                                             THETA
Link                                                        PROBIT

Input data file(s)
  eq/data.dta

Input data format  FREE


SUMMARY OF DATA

   Group FULL
     Number of missing data patterns            24

   Group SHORT
     Number of missing data patterns            36


COVARIANCE COVERAGE OF DATA

Minimum covariance coverage value   0.100


     PROPORTION OF DATA PRESENT FOR FULL


           Covariance Coverage
              V32           V33           V34           V35           V36
              ________      ________      ________      ________      ________
 V32            0.996
 V33            0.945         0.947
 V34            0.975         0.933         0.978
 V35            0.871         0.846         0.859         0.874
 V36            0.680         0.669         0.672         0.636         0.680
 V37            0.693         0.684         0.684         0.648         0.651


           Covariance Coverage
              V37
              ________
 V37            0.693


     PROPORTION OF DATA PRESENT FOR SHORT


           Covariance Coverage
              V32           V33           V34           V35           V36
              ________      ________      ________      ________      ________
 V32            0.991
 V33            0.936         0.941
 V34            0.962         0.923         0.969
 V35            0.877         0.848         0.863         0.883
 V36            0.716         0.700         0.703         0.683         0.719
 V37            0.745         0.728         0.734         0.706         0.695


           Covariance Coverage
              V37
              ________
 V37            0.748


UNIVARIATE PROPORTIONS AND COUNTS FOR CATEGORICAL VARIABLES

  Group FULL
    V32
      Category 1    0.822          551.842
      Category 2    0.159          106.513
      Category 3    0.016           10.663
      Category 4    0.003            2.179
    V33
      Category 1    0.074           46.639
      Category 2    0.697          441.079
      Category 3    0.182          115.227
      Category 4    0.048           30.173
    V34
      Category 1    0.172          113.187
      Category 2    0.744          490.951
      Category 3    0.081           53.206
      Category 4    0.004            2.615
    V35
      Category 1    0.008            4.385
      Category 2    0.206          120.502
      Category 3    0.513          300.093
      Category 4    0.273          159.477
    V36
      Category 1    0.037           17.080
      Category 2    0.533          244.712
      Category 3    0.324          148.805
      Category 4    0.105           48.378
    V37
      Category 1    0.044           20.684
      Category 2    0.523          242.965
      Category 3    0.332          154.402
      Category 4    0.101           46.934

  Group SHORT
    V32
      Category 1    0.779         1235.125
      Category 2    0.207          328.787
      Category 3    0.009           14.471
      Category 4    0.005            7.647
    V33
      Category 1    0.075          112.918
      Category 2    0.684         1023.665
      Category 3    0.212          317.331
      Category 4    0.029           43.232
    V34
      Category 1    0.196          302.078
      Category 2    0.726         1121.172
      Category 3    0.075          116.521
      Category 4    0.003            5.310
    V35
      Category 1    0.001            0.924
      Category 2    0.228          322.370
      Category 3    0.533          752.512
      Category 4    0.238          335.466
    V36
      Category 1    0.037           41.340
      Category 2    0.470          530.881
      Category 3    0.361          407.513
      Category 4    0.133          150.546
    V37
      Category 1    0.039           46.231
      Category 2    0.501          591.475
      Category 3    0.359          423.477
      Category 4    0.101          119.434


SAMPLE STATISTICS


     ESTIMATED SAMPLE STATISTICS FOR FULL


           MEANS/INTERCEPTS/THRESHOLDS
              V32$1         V32$2         V32$3         V33$1         V33$2
              ________      ________      ________      ________      ________
                0.924         2.072         2.722        -1.449         0.740


           MEANS/INTERCEPTS/THRESHOLDS
              V33$3         V34$1         V34$2         V34$3         V35$1
              ________      ________      ________      ________      ________
                1.668        -0.948         1.375         2.655        -2.432


           MEANS/INTERCEPTS/THRESHOLDS
              V35$2         V35$3         V36$1         V36$2         V36$3
              ________      ________      ________      ________      ________
               -0.794         0.604        -1.784         0.177         1.251


           MEANS/INTERCEPTS/THRESHOLDS
              V37$1         V37$2         V37$3
              ________      ________      ________
               -1.701         0.169         1.276


           CORRELATION MATRIX (WITH VARIANCES ON THE DIAGONAL)
              V32           V33           V34           V35           V36
              ________      ________      ________      ________      ________
 V32
 V33            0.344
 V34            0.307         0.621
 V35            0.051         0.523         0.524
 V36            0.158         0.448         0.452         0.671
 V37            0.130         0.441         0.502         0.703         0.978


           CORRELATION MATRIX (WITH VARIANCES ON THE DIAGONAL)
              V37
              ________


     ESTIMATED SAMPLE STATISTICS FOR SHORT


           MEANS/INTERCEPTS/THRESHOLDS
              V32$1         V32$2         V32$3         V33$1         V33$2
              ________      ________      ________      ________      ________
                0.768         2.199         2.588        -1.437         0.704


           MEANS/INTERCEPTS/THRESHOLDS
              V33$3         V34$1         V34$2         V34$3         V35$1
              ________      ________      ________      ________      ________
                1.898        -0.858         1.413         2.703        -3.214


           MEANS/INTERCEPTS/THRESHOLDS
              V35$2         V35$3         V36$1         V36$2         V36$3
              ________      ________      ________      ________      ________
               -0.742         0.714        -1.792         0.016         1.111


           MEANS/INTERCEPTS/THRESHOLDS
              V37$1         V37$2         V37$3
              ________      ________      ________
               -1.761         0.101         1.275


           CORRELATION MATRIX (WITH VARIANCES ON THE DIAGONAL)
              V32           V33           V34           V35           V36
              ________      ________      ________      ________      ________
 V32
 V33            0.377
 V34            0.340         0.542
 V35            0.149         0.545         0.457
 V36            0.186         0.411         0.410         0.565
 V37            0.177         0.383         0.404         0.537         0.921


           CORRELATION MATRIX (WITH VARIANCES ON THE DIAGONAL)
              V37
              ________


THE MODEL ESTIMATION TERMINATED NORMALLY



MODEL FIT INFORMATION

Number of Free Parameters                       46

Chi-Square Test of Model Fit

          Value                            446.216*
          Degrees of Freedom                    20
          P-Value                           0.0000

Chi-Square Contribution From Each Group

          FULL                             134.029
          SHORT                            312.187

*   The chi-square value for MLM, MLMV, MLR, ULSMV, WLSM and WLSMV cannot be used
    for chi-square difference testing in the regular way.  MLM, MLR and WLSM
    chi-square difference testing is described on the Mplus website.  MLMV, WLSMV,
    and ULSMV difference testing is done using the DIFFTEST option.

RMSEA (Root Mean Square Error Of Approximation)

          Estimate                           0.137
          90 Percent C.I.                    0.126  0.148
          Probability RMSEA <= .05           0.000

CFI/TLI

          CFI                                0.985
          TLI                                0.978

Chi-Square Test of Model Fit for the Baseline Model

          Value                          28556.523
          Degrees of Freedom                    30
          P-Value                           0.0000

WRMR (Weighted Root Mean Square Residual)

          Value                              3.183



MODEL RESULTS

                                                    Two-Tailed
                    Estimate       S.E.  Est./S.E.    P-Value

Group FULL

 F1       BY
    V32                1.000      0.000    999.000    999.000
    V33                2.793      0.881      3.170      0.002
    V34                3.002      0.949      3.165      0.002
    V35                4.080      1.311      3.113      0.002
    V36               22.994     12.859      1.788      0.074
    V37               24.043     13.651      1.761      0.078

 Means
    F1                 0.000      0.000    999.000    999.000

 Thresholds
    V32$1              0.866      0.052     16.633      0.000
    V32$2              2.274      0.122     18.668      0.000
    V32$3              2.790      0.172     16.229      0.000
    V33$1             -1.784      0.107    -16.644      0.000
    V33$2              0.911      0.080     11.315      0.000
    V33$3              2.053      0.151     13.612      0.000
    V34$1             -1.197      0.084    -14.271      0.000
    V34$2              1.736      0.115     15.149      0.000
    V34$3              3.352      0.316     10.596      0.000
    V35$1             -3.522      0.280    -12.578      0.000
    V35$2             -1.149      0.101    -11.353      0.000
    V35$3              0.875      0.090      9.695      0.000
    V36$1            -10.686      5.124     -2.085      0.037
    V36$2              1.066      0.633      1.684      0.092
    V36$3              7.491      3.521      2.128      0.033
    V37$1            -10.633      4.699     -2.263      0.024
    V37$2              1.052      0.632      1.665      0.096
    V37$3              7.982      3.495      2.284      0.022

 Variances
    F1                 0.066      0.040      1.629      0.103

 Residual Variances
    V32                1.000      0.000    999.000    999.000
    V33                1.000      0.000    999.000    999.000
    V34                1.000      0.000    999.000    999.000
    V35                1.000      0.000    999.000    999.000
    V36                1.000      0.000    999.000    999.000
    V37                1.000      0.000    999.000    999.000

Group SHORT

 F1       BY
    V32                1.000      0.000    999.000    999.000
    V33                2.068      0.320      6.462      0.000
    V34                2.206      0.356      6.204      0.000
    V35                1.904      0.326      5.833      0.000
    V36               15.839      7.916      2.001      0.045
    V37               15.602      7.260      2.149      0.032

 Means
    F1                 0.000      0.000    999.000    999.000

 Thresholds
    V32$1              0.866      0.052     16.633      0.000
    V32$2              2.274      0.122     18.668      0.000
    V32$3              2.790      0.172     16.229      0.000
    V33$1             -1.784      0.107    -16.644      0.000
    V33$2              0.874      0.084     10.343      0.000
    V33$3              2.356      0.197     11.949      0.000
    V34$1             -1.197      0.084    -14.271      0.000
    V34$2              1.972      0.191     10.325      0.000
    V34$3              3.773      0.386      9.769      0.000
    V35$1             -3.522      0.280    -12.578      0.000
    V35$2             -0.813      0.092     -8.803      0.000
    V35$3              0.782      0.093      8.436      0.000
    V36$1            -10.686      5.124     -2.085      0.037
    V36$2              0.094      0.253      0.370      0.711
    V36$3              6.627      3.209      2.065      0.039
    V37$1            -10.633      4.699     -2.263      0.024
    V37$2              0.609      0.370      1.645      0.100
    V37$3              7.700      3.440      2.238      0.025

 Variances
    F1                 0.132      0.035      3.739      0.000

 Residual Variances
    V32                1.025      0.128      7.984      0.000
    V33                0.976      0.142      6.875      0.000
    V34                1.305      0.225      5.810      0.000
    V35                0.722      0.148      4.864      0.000
    V36                2.379      2.459      0.968      0.333
    V37                4.303      3.904      1.102      0.270


STANDARDIZED MODEL RESULTS


STDYX Standardization

                                                    Two-Tailed
                    Estimate       S.E.  Est./S.E.    P-Value

Group FULL

 F1       BY
    V32                0.249      0.072      3.472      0.001
    V33                0.583      0.037     15.574      0.000
    V34                0.611      0.035     17.217      0.000
    V35                0.723      0.026     27.742      0.000
    V36                0.986      0.013     73.698      0.000
    V37                0.987      0.011     86.747      0.000

 Means
    F1                 0.000      0.000    999.000    999.000

 Thresholds
    V32$1              0.839      0.049     17.108      0.000
    V32$2              2.203      0.112     19.620      0.000
    V32$3              2.702      0.162     16.724      0.000
    V33$1             -1.449      0.088    -16.495      0.000
    V33$2              0.740      0.064     11.588      0.000
    V33$3              1.668      0.120     13.913      0.000
    V34$1             -0.948      0.065    -14.662      0.000
    V34$2              1.375      0.085     16.258      0.000
    V34$3              2.654      0.247     10.764      0.000
    V35$1             -2.432      0.215    -11.316      0.000
    V35$2             -0.794      0.064    -12.388      0.000
    V35$3              0.604      0.066      9.219      0.000
    V36$1             -1.785      0.128    -13.982      0.000
    V36$2              0.178      0.067      2.668      0.008
    V36$3              1.251      0.089     14.071      0.000
    V37$1             -1.700      0.116    -14.630      0.000
    V37$2              0.168      0.066      2.534      0.011
    V37$3              1.276      0.089     14.287      0.000

 Variances
    F1                 1.000      0.000    999.000    999.000

 Residual Variances
    V32                0.938      0.036     26.334      0.000
    V33                0.660      0.044     15.144      0.000
    V34                0.627      0.043     14.487      0.000
    V35                0.477      0.038     12.641      0.000
    V36                0.028      0.026      1.057      0.290
    V37                0.026      0.022      1.138      0.255

Group SHORT

 F1       BY
    V32                0.338      0.039      8.726      0.000
    V33                0.606      0.026     23.275      0.000
    V34                0.575      0.027     21.593      0.000
    V35                0.632      0.019     33.434      0.000
    V36                0.966      0.013     72.149      0.000
    V37                0.939      0.013     74.551      0.000

 Means
    F1                 0.000      0.000    999.000    999.000

 Thresholds
    V32$1              0.806      0.036     22.238      0.000
    V32$2              2.115      0.087     24.234      0.000
    V32$3              2.594      0.115     22.634      0.000
    V33$1             -1.436      0.053    -27.291      0.000
    V33$2              0.704      0.042     16.647      0.000
    V33$3              1.898      0.082     23.079      0.000
    V34$1             -0.858      0.040    -21.475      0.000
    V34$2              1.413      0.058     24.323      0.000
    V34$3              2.703      0.154     17.520      0.000
    V35$1             -3.214      0.204    -15.722      0.000
    V35$2             -0.742      0.039    -19.008      0.000
    V35$3              0.714      0.043     16.666      0.000
    V36$1             -1.792      0.075    -23.784      0.000
    V36$2              0.016      0.042      0.378      0.706
    V36$3              1.112      0.054     20.432      0.000
    V37$1             -1.760      0.077    -22.935      0.000
    V37$2              0.101      0.041      2.460      0.014
    V37$3              1.275      0.058     21.793      0.000

 Variances
    F1                 1.000      0.000    999.000    999.000

 Residual Variances
    V32                0.886      0.026     33.808      0.000
    V33                0.633      0.032     20.074      0.000
    V34                0.670      0.031     21.890      0.000
    V35                0.601      0.024     25.156      0.000
    V36                0.067      0.026      2.588      0.010
    V37                0.118      0.024      4.984      0.000


R-SQUARE

Group FULL

    Observed                                        Two-Tailed     Scale
    Variable        Estimate       S.E.  Est./S.E.    P-Value     Factors

    V32                0.062      0.036      1.736      0.083      0.969
    V33                0.340      0.044      7.787      0.000      0.813
    V34                0.373      0.043      8.608      0.000      0.792
    V35                0.523      0.038     13.871      0.000      0.691
    V36                0.972      0.026     36.849      0.000      0.167
    V37                0.974      0.022     43.374      0.000      0.160

Group SHORT

    Observed                                        Two-Tailed     Scale
    Variable        Estimate       S.E.  Est./S.E.    P-Value     Factors

    V32                0.114      0.026      4.363      0.000      0.930
    V33                0.367      0.032     11.637      0.000      0.805
    V34                0.330      0.031     10.796      0.000      0.716
    V35                0.399      0.024     16.717      0.000      0.912
    V36                0.933      0.026     36.075      0.000      0.168
    V37                0.882      0.024     37.276      0.000      0.166


QUALITY OF NUMERICAL RESULTS

     Condition Number for the Information Matrix              0.149E-06
       (ratio of smallest to largest eigenvalue)


MODEL MODIFICATION INDICES

NOTE:  Modification indices for direct effects of observed dependent variables
regressed on covariates and residual covariances among observed dependent
variables may not be included.  To include these, request MODINDICES (ALL).

Minimum M.I. value for printing the modification index    10.000

                                   M.I.     E.P.C.  Std E.P.C.  StdYX E.P.C.
Group FULL


WITH Statements

V33      WITH V32                 11.251     0.291      0.291        0.291
V34      WITH V33                 57.075     0.528      0.528        0.528
V35      WITH V33                 10.645     0.245      0.245        0.245
V36      WITH V33                 16.753    -1.572     -1.572       -1.572
V36      WITH V34                 21.352    -1.887     -1.887       -1.887
V37      WITH V33                 23.319    -1.898     -1.898       -1.898
V37      WITH V34                 13.612    -1.513     -1.513       -1.513
V37      WITH V36                 76.532    21.840     21.840       21.840

Group SHORT


WITH Statements

V33      WITH V32                121.717     1.022      1.022        1.022
V34      WITH V32                 66.516     0.751      0.751        0.649
V34      WITH V33                135.997     0.918      0.918        0.814
V35      WITH V33                135.949     0.661      0.661        0.787
V35      WITH V34                 28.314     0.341      0.341        0.352
V36      WITH V32                 49.238    -3.962     -3.962       -2.537
V36      WITH V33                104.171    -4.106     -4.106       -2.694
V36      WITH V34                 70.408    -3.827     -3.827       -2.172
V36      WITH V35                 32.260    -1.805     -1.805       -1.378
V37      WITH V32                 39.127    -3.542     -3.542       -1.687
V37      WITH V33                120.584    -4.318     -4.318       -2.107
V37      WITH V34                 53.466    -3.189     -3.189       -1.346
V37      WITH V35                 32.592    -1.770     -1.770       -1.005
V37      WITH V36                475.109    53.260     53.260       16.644



SAVEDATA INFORMATION


  Difference testing

  Save file
    v32_config.dat
  Save format      Free

DIAGRAM INFORMATION

  Use View Diagram under the Diagram menu in the Mplus Editor to view the diagram.
  If running Mplus from the Mplus Diagrammer, the diagram opens automatically.

  Diagram output
    c:\users\msassac6\dropbox (the university of manchester)\papers\joe s\evs_mm_de_equivalence\mplus\eq\inv_data3_v32_c

     Beginning Time:  08:33:51
        Ending Time:  08:33:52
       Elapsed Time:  00:00:01



MUTHEN & MUTHEN
3463 Stoner Ave.
Los Angeles, CA  90066

Tel: (310) 391-9971
Fax: (310) 391-8971
Web: www.StatModel.com
Support: Support@StatModel.com

Copyright (c) 1998-2017 Muthen & Muthen
