Mplus VERSION 8
MUTHEN & MUTHEN
07/06/2020   1:52 PM

INPUT INSTRUCTIONS

  TITLE: Your title goes here

   DATA: FILE = eq/data.dta;

   VARIABLE:

   NAMES = id_cocas weight comp_mode comp_len mode mm_matrix_group wei_mmf v2 v3 v4 v32
       v33 v34 v35 v36 v37 v46 v47 v48 v49 v50 v65 v66 v67 v68 v69 v70 v82 v83 v84 v98
       v99 v100 v101 v103 v104 v105 v106 v107 v115 v116 v117 v118 v119 v120 v121 v122
       v123 v124 v125 v126 v127 v128 v129 v130 v131 v132 v133 v134 v135 v136 v137 v138
       v139 v140 v141 v145 v146 v147 v148 v149 v150 v151 v152 v153 v154 v155 v156 v157
       v158 v159 v160 v161 v162 v163 v164 v165 v166 v167 v176 v177 v178 v179 v180 v181
       v182 v183 v185 v186 v187 v188 v189 v191 v192 v193 v194 v195 v196 v197 v199 v200
       v201 v202 v203 v205 v206 v207 v208 v209 v210 v211 v212 v213 v214 v215 v216 v217
       v218 v220 v221 v222 v223 v224 v267 v268 v269 v271 v272 v273;

   MISSING=.;

   USEVARIABLES ARE
   v145
   v146
   v147
   v148;

   CATEGORICAL ARE
   v145
   v146
   v147
   v148;

   GROUPING IS comp_mode (0=sm 1=mm);


   Analysis:

                  ESTIMATOR = WLSMV;

                  ITERATIONS = 100000;

                  PARAMETERIZATION = THETA;

  Model:


  f1 BY v145@1
  v146 (L2_sm)
  v147 (L3_sm)
  v148 (L4_sm)
  ;


  [v145$1] (t_v145_1);
  [v145$2] (t_v145_2);
  [v145$3] (t_v145_3);

   [f1@0];
  [v146$1] (t_v146_1);
  [v146$2] (t_v146_2_sm);
  [v146$3] (t_v146_3_sm);

   [f1@0];
  [v147$1] (t_v147_1);
  [v147$2] (t_v147_2_sm);
  [v147$3] (t_v147_3_sm);

   [f1@0];
  [v148$1] (t_v148_1);
  [v148$2] (t_v148_2_sm);
  [v148$3] (t_v148_3_sm);

   [f1@0];

  Model mm:

  f1 BY v145@1
  v146 (L2_mm)
  v147 (L3_mm)
  v148 (L4_mm)
  ;


  [v145$1] (t_v145_1);
  [v145$2] (t_v145_2);
  [v145$3] (t_v145_3);

   [f1@0];
  [v146$1] (t_v146_1);
  [v146$2] (t_v146_2_mm);
  [v146$3] (t_v146_3_mm);

   [f1@0];
  [v147$1] (t_v147_1);
  [v147$2] (t_v147_2_mm);
  [v147$3] (t_v147_3_mm);

   [f1@0];
  [v148$1] (t_v148_1);
  [v148$2] (t_v148_2_mm);
  [v148$3] (t_v148_3_mm);

   [f1@0];

   SAVEDATA: DIFFTEST IS v145_config.dat;

   OUTPUT: SAMPSTAT;

                                  MODINDICES;

                                  STDYX;




*** WARNING
  Data set contains unknown or missing values for GROUPING,
  PATTERN, COHORT, CLUSTER and/or STRATIFICATION variables.
  Number of cases with unknown or missing values:  3244
*** WARNING
  Data set contains cases with missing on all variables.
  These cases were not included in the analysis.
  Number of cases with missing on all variables:  39
   2 WARNING(S) FOUND IN THE INPUT INSTRUCTIONS



Your title goes here

SUMMARY OF ANALYSIS

Number of groups                                                 2
Number of observations
   Group SM                                                   1487
   Group MM                                                    646
   Total sample size                                          2133

Number of dependent variables                                    4
Number of independent variables                                  0
Number of continuous latent variables                            1

Observed dependent variables

  Binary and ordered categorical (ordinal)
   V145        V146        V147        V148

Continuous latent variables
   F1

Variables with special functions

  Grouping variable     COMP_MOD

Estimator                                                    WLSMV
Maximum number of iterations                                100000
Convergence criterion                                    0.500D-04
Maximum number of steepest descent iterations                   20
Maximum number of iterations for H1                           2000
Convergence criterion for H1                             0.100D-03
Parameterization                                             THETA
Link                                                        PROBIT

Input data file(s)
  eq/data.dta

Input data format  FREE


SUMMARY OF DATA

   Group SM
     Number of missing data patterns            12

   Group MM
     Number of missing data patterns            14


COVARIANCE COVERAGE OF DATA

Minimum covariance coverage value   0.100


     PROPORTION OF DATA PRESENT FOR SM


           Covariance Coverage
              V145          V146          V147          V148
              ________      ________      ________      ________
 V145           0.968
 V146           0.937         0.957
 V147           0.966         0.954         0.994
 V148           0.964         0.952         0.986         0.992


     PROPORTION OF DATA PRESENT FOR MM


           Covariance Coverage
              V145          V146          V147          V148
              ________      ________      ________      ________
 V145           0.879
 V146           0.799         0.873
 V147           0.864         0.850         0.964
 V148           0.842         0.828         0.926         0.950


UNIVARIATE PROPORTIONS AND COUNTS FOR CATEGORICAL VARIABLES

  Group SM
    V145
      Category 1    0.027           39.000
      Category 2    0.161          232.000
      Category 3    0.264          380.000
      Category 4    0.548          789.000
    V146
      Category 1    0.054           77.000
      Category 2    0.353          503.000
      Category 3    0.375          533.000
      Category 4    0.218          310.000
    V147
      Category 1    0.005            7.000
      Category 2    0.014           20.000
      Category 3    0.120          177.000
      Category 4    0.862         1274.000
    V148
      Category 1    0.759         1120.000
      Category 2    0.228          336.000
      Category 3    0.007           11.000
      Category 4    0.005            8.000

  Group MM
    V145
      Category 1    0.044           25.000
      Category 2    0.160           91.000
      Category 3    0.241          137.000
      Category 4    0.555          315.000
    V146
      Category 1    0.074           42.000
      Category 2    0.362          204.000
      Category 3    0.340          192.000
      Category 4    0.223          126.000
    V147
      Category 1    0.006            4.000
      Category 2    0.005            3.000
      Category 3    0.148           92.000
      Category 4    0.841          524.000
    V148
      Category 1    0.700          430.000
      Category 2    0.285          175.000
      Category 3    0.008            5.000
      Category 4    0.007            4.000


SAMPLE STATISTICS


     ESTIMATED SAMPLE STATISTICS FOR SM


           MEANS/INTERCEPTS/THRESHOLDS
              V145$1        V145$2        V145$3        V146$1        V146$2
              ________      ________      ________      ________      ________
               -1.926        -0.885        -0.120        -1.606        -0.234


           MEANS/INTERCEPTS/THRESHOLDS
              V146$3        V147$1        V147$2        V147$3        V148$1
              ________      ________      ________      ________      ________
                0.779        -2.595        -2.091        -1.089         0.704


           MEANS/INTERCEPTS/THRESHOLDS
              V148$2        V148$3
              ________      ________
                2.230         2.548


           CORRELATION MATRIX (WITH VARIANCES ON THE DIAGONAL)
              V145          V146          V147          V148
              ________      ________      ________      ________
 V145
 V146           0.350
 V147           0.470         0.288
 V148          -0.394        -0.188        -0.472


     ESTIMATED SAMPLE STATISTICS FOR MM


           MEANS/INTERCEPTS/THRESHOLDS
              V145$1        V145$2        V145$3        V146$1        V146$2
              ________      ________      ________      ________      ________
               -1.706        -0.827        -0.137        -1.443        -0.161


           MEANS/INTERCEPTS/THRESHOLDS
              V146$3        V147$1        V147$2        V147$3        V148$1
              ________      ________      ________      ________      ________
                0.761        -2.488        -2.282        -0.999         0.525


           MEANS/INTERCEPTS/THRESHOLDS
              V148$2        V148$3
              ________      ________
                2.179         2.483


           CORRELATION MATRIX (WITH VARIANCES ON THE DIAGONAL)
              V145          V146          V147          V148
              ________      ________      ________      ________
 V145
 V146           0.378
 V147           0.578         0.421
 V148          -0.389        -0.191        -0.374


THE MODEL ESTIMATION TERMINATED NORMALLY



MODEL FIT INFORMATION

Number of Free Parameters                       30

Chi-Square Test of Model Fit

          Value                             15.564*
          Degrees of Freedom                     6
          P-Value                           0.0163

Chi-Square Contribution From Each Group

          SM                                12.840
          MM                                 2.725

*   The chi-square value for MLM, MLMV, MLR, ULSMV, WLSM and WLSMV cannot be used
    for chi-square difference testing in the regular way.  MLM, MLR and WLSM
    chi-square difference testing is described on the Mplus website.  MLMV, WLSMV,
    and ULSMV difference testing is done using the DIFFTEST option.

RMSEA (Root Mean Square Error Of Approximation)

          Estimate                           0.039
          90 Percent C.I.                    0.015  0.063
          Probability RMSEA <= .05           0.755

CFI/TLI

          CFI                                0.990
          TLI                                0.981

Chi-Square Test of Model Fit for the Baseline Model

          Value                            997.486
          Degrees of Freedom                    12
          P-Value                           0.0000

WRMR (Weighted Root Mean Square Residual)

          Value                              0.775



MODEL RESULTS

                                                    Two-Tailed
                    Estimate       S.E.  Est./S.E.    P-Value

Group SM

 F1       BY
    V145               1.000      0.000    999.000    999.000
    V146               0.497      0.072      6.895      0.000
    V147               1.040      0.180      5.772      0.000
    V148              -0.728      0.107     -6.828      0.000

 Means
    F1                 0.000      0.000    999.000    999.000

 Thresholds
    V145$1            -2.674      0.141    -19.001      0.000
    V145$2            -1.247      0.073    -16.974      0.000
    V145$3            -0.179      0.042     -4.303      0.000
    V146$1            -1.785      0.065    -27.281      0.000
    V146$2            -0.260      0.038     -6.903      0.000
    V146$3             0.866      0.043     20.280      0.000
    V147$1            -3.703      0.270    -13.708      0.000
    V147$2            -2.981      0.204    -14.603      0.000
    V147$3            -1.553      0.112    -13.810      0.000
    V148$1             0.864      0.052     16.458      0.000
    V148$2             2.737      0.131     20.895      0.000
    V148$3             3.128      0.171     18.297      0.000

 Variances
    F1                 0.955      0.182      5.248      0.000

 Residual Variances
    V145               1.000      0.000    999.000    999.000
    V146               1.000      0.000    999.000    999.000
    V147               1.000      0.000    999.000    999.000
    V148               1.000      0.000    999.000    999.000

Group MM

 F1       BY
    V145               1.000      0.000    999.000    999.000
    V146               0.528      0.076      6.937      0.000
    V147               1.002      0.172      5.830      0.000
    V148              -0.670      0.124     -5.400      0.000

 Means
    F1                 0.000      0.000    999.000    999.000

 Thresholds
    V145$1            -2.674      0.141    -19.001      0.000
    V145$2            -1.247      0.073    -16.974      0.000
    V145$3            -0.179      0.042     -4.303      0.000
    V146$1            -1.785      0.065    -27.281      0.000
    V146$2            -0.199      0.063     -3.138      0.002
    V146$3             0.941      0.101      9.310      0.000
    V147$1            -3.703      0.270    -13.708      0.000
    V147$2            -3.404      0.297    -11.474      0.000
    V147$3            -1.489      0.166     -8.953      0.000
    V148$1             0.864      0.052     16.458      0.000
    V148$2             3.576      0.442      8.097      0.000
    V148$3             4.075      0.535      7.616      0.000

 Variances
    F1                 1.365      0.275      4.969      0.000

 Residual Variances
    V145               1.016      0.216      4.705      0.000
    V146               1.149      0.159      7.239      0.000
    V147               0.852      0.248      3.439      0.001
    V148               2.084      0.514      4.057      0.000


STANDARDIZED MODEL RESULTS


STDYX Standardization

                                                    Two-Tailed
                    Estimate       S.E.  Est./S.E.    P-Value

Group SM

 F1       BY
    V145               0.699      0.034     20.515      0.000
    V146               0.437      0.034     12.742      0.000
    V147               0.713      0.043     16.557      0.000
    V148              -0.580      0.038    -15.205      0.000

 Means
    F1                 0.000      0.000    999.000    999.000

 Thresholds
    V145$1            -1.912      0.067    -28.644      0.000
    V145$2            -0.892      0.036    -24.935      0.000
    V145$3            -0.128      0.029     -4.439      0.000
    V146$1            -1.606      0.055    -29.410      0.000
    V146$2            -0.234      0.034     -6.966      0.000
    V146$3             0.779      0.037     20.973      0.000
    V147$1            -2.598      0.130    -20.041      0.000
    V147$2            -2.091      0.078    -26.908      0.000
    V147$3            -1.089      0.041    -26.762      0.000
    V148$1             0.704      0.036     19.687      0.000
    V148$2             2.230      0.088     25.226      0.000
    V148$3             2.548      0.123     20.714      0.000

 Variances
    F1                 1.000      0.000    999.000    999.000

 Residual Variances
    V145               0.512      0.048     10.744      0.000
    V146               0.809      0.030     27.024      0.000
    V147               0.492      0.061      8.020      0.000
    V148               0.664      0.044     15.009      0.000

Group MM

 F1       BY
    V145               0.757      0.047     16.250      0.000
    V146               0.499      0.044     11.423      0.000
    V147               0.785      0.061     12.944      0.000
    V148              -0.476      0.053     -8.978      0.000

 Means
    F1                 0.000      0.000    999.000    999.000

 Thresholds
    V145$1            -1.733      0.092    -18.879      0.000
    V145$2            -0.808      0.048    -16.748      0.000
    V145$3            -0.116      0.027     -4.342      0.000
    V146$1            -1.444      0.079    -18.385      0.000
    V146$2            -0.161      0.053     -3.032      0.002
    V146$3             0.761      0.059     12.956      0.000
    V147$1            -2.485      0.177    -14.018      0.000
    V147$2            -2.284      0.143    -15.954      0.000
    V147$3            -0.999      0.060    -16.522      0.000
    V148$1             0.526      0.053      9.890      0.000
    V148$2             2.178      0.131     16.673      0.000
    V148$3             2.482      0.178     13.979      0.000

 Variances
    F1                 1.000      0.000    999.000    999.000

 Residual Variances
    V145               0.427      0.071      6.051      0.000
    V146               0.751      0.044     17.252      0.000
    V147               0.383      0.095      4.022      0.000
    V148               0.773      0.051     15.285      0.000


R-SQUARE

Group SM

    Observed                                        Two-Tailed     Scale
    Variable        Estimate       S.E.  Est./S.E.    P-Value     Factors

    V145               0.488      0.048     10.258      0.000      0.715
    V146               0.191      0.030      6.371      0.000      0.900
    V147               0.508      0.061      8.279      0.000      0.701
    V148               0.336      0.044      7.602      0.000      0.815

Group MM

    Observed                                        Two-Tailed     Scale
    Variable        Estimate       S.E.  Est./S.E.    P-Value     Factors

    V145               0.573      0.071      8.125      0.000      0.648
    V146               0.249      0.044      5.711      0.000      0.809
    V147               0.617      0.095      6.472      0.000      0.671
    V148               0.227      0.051      4.489      0.000      0.609


QUALITY OF NUMERICAL RESULTS

     Condition Number for the Information Matrix              0.210E-02
       (ratio of smallest to largest eigenvalue)


MODEL MODIFICATION INDICES

NOTE:  Modification indices for direct effects of observed dependent variables
regressed on covariates and residual covariances among observed dependent
variables may not be included.  To include these, request MODINDICES (ALL).

Minimum M.I. value for printing the modification index    10.000

                                   M.I.     E.P.C.  Std E.P.C.  StdYX E.P.C.
Group SM


WITH Statements

V146     WITH V145                11.291     0.232      0.232        0.232
V148     WITH V147                10.819    -0.346     -0.346       -0.346

Variances/Residual Variances

V147                             999.000     0.000      0.000        0.000

Group MM


BY Statements

F1       BY V145                 999.000     0.000      0.000        0.000

ON/BY Statements

F1       ON F1       /
F1       BY F1                   999.000     0.000      0.000        0.000



SAVEDATA INFORMATION


  Difference testing

  Save file
    v145_config.dat
  Save format      Free

DIAGRAM INFORMATION

  Use View Diagram under the Diagram menu in the Mplus Editor to view the diagram.
  If running Mplus from the Mplus Diagrammer, the diagram opens automatically.

  Diagram output
    c:\users\msassac6\dropbox (the university of manchester)\papers\joe s\evs_mm_de_equivalence\mplus\eq\inv_data3_v145_

     Beginning Time:  13:52:24
        Ending Time:  13:52:24
       Elapsed Time:  00:00:00



MUTHEN & MUTHEN
3463 Stoner Ave.
Los Angeles, CA  90066

Tel: (310) 391-9971
Fax: (310) 391-8971
Web: www.StatModel.com
Support: Support@StatModel.com

Copyright (c) 1998-2017 Muthen & Muthen
