Mplus VERSION 8
MUTHEN & MUTHEN
07/06/2020   2:39 PM

INPUT INSTRUCTIONS

  TITLE: Your title goes here

   DATA: FILE = eq/data.dta;

   VARIABLE:

   NAMES = id_cocas weight comp_mode comp_len mode mm_matrix_group wei_mmf v2 v3 v4 v32
       v33 v34 v35 v36 v37 v46 v47 v48 v49 v50 v65 v66 v67 v68 v69 v70 v82 v83 v84 v98
       v99 v100 v101 v103 v104 v105 v106 v107 v115 v116 v117 v118 v119 v120 v121 v122
       v123 v124 v125 v126 v127 v128 v129 v130 v131 v132 v133 v134 v135 v136 v137 v138
       v139 v140 v141 v145 v146 v147 v148 v149 v150 v151 v152 v153 v154 v155 v156 v157
       v158 v159 v160 v161 v162 v163 v164 v165 v166 v167 v176 v177 v178 v179 v180 v181
       v182 v183 v185 v186 v187 v188 v189 v191 v192 v193 v194 v195 v196 v197 v199 v200
       v201 v202 v203 v205 v206 v207 v208 v209 v210 v211 v212 v213 v214 v215 v216 v217
       v218 v220 v221 v222 v223 v224 v267 v268 v269 v271 v272 v273;

   MISSING=.;

   USEVARIABLES ARE
   v217
   v218
   v220;

   GROUPING IS comp_len (0=full 1=short);

  Model:


  f1 BY v217@1
  v218 (L2)
  v220 (L3)
  ;

  [v217] (i1_full);
  [v218] (i2_full);
  [v220] (i3_full);

   [f1@0];

  Model short:

  f1 BY v217@1
  v218 (L2)
  v220 (L3)
  ;

  [v217] (i1_short);
  [v218] (i2_short);
  [v220] (i3_short);

   [f1@0];

   SAVEDATA: DIFFTEST IS v217_metric.dat;

   OUTPUT: SAMPSTAT;

                                  MODINDICES;

                                  STDYX;




*** WARNING in SAVEDATA command
  The DIFFTEST option is available only for the estimators MLMV, WLSMV and ULSMV.
  Request for DIFFTEST will be ignored.
*** WARNING
  Data set contains unknown or missing values for GROUPING,
  PATTERN, COHORT, CLUSTER and/or STRATIFICATION variables.
  Number of cases with unknown or missing values:  1494
*** WARNING
  Data set contains cases with missing on all variables.
  These cases were not included in the analysis.
  Number of cases with missing on all variables:  1662
   3 WARNING(S) FOUND IN THE INPUT INSTRUCTIONS



Your title goes here

SUMMARY OF ANALYSIS

Number of groups                                                 2
Number of observations
   Group FULL                                                  663
   Group SHORT                                                1597
   Total sample size                                          2260

Number of dependent variables                                    3
Number of independent variables                                  0
Number of continuous latent variables                            1

Observed dependent variables

  Continuous
   V217        V218        V220

Continuous latent variables
   F1

Variables with special functions

  Grouping variable     COMP_LEN

Estimator                                                       ML
Information matrix                                        OBSERVED
Maximum number of iterations                                  1000
Convergence criterion                                    0.500D-04
Maximum number of steepest descent iterations                   20
Maximum number of iterations for H1                           2000
Convergence criterion for H1                             0.100D-03

Input data file(s)
  eq/data.dta

Input data format  FREE


SUMMARY OF DATA

   Group FULL
     Number of missing data patterns             5

   Group SHORT
     Number of missing data patterns             7


COVARIANCE COVERAGE OF DATA

Minimum covariance coverage value   0.100


     PROPORTION OF DATA PRESENT FOR FULL


           Covariance Coverage
              V217          V218          V220
              ________      ________      ________
 V217           0.997
 V218           0.970         0.970
 V220           0.992         0.967         0.995


     PROPORTION OF DATA PRESENT FOR SHORT


           Covariance Coverage
              V217          V218          V220
              ________      ________      ________
 V217           0.994
 V218           0.972         0.976
 V220           0.984         0.971         0.989


SAMPLE STATISTICS


     ESTIMATED SAMPLE STATISTICS FOR FULL


           Means
              V217          V218          V220
              ________      ________      ________
                1.664         2.560         1.765


           Covariances
              V217          V218          V220
              ________      ________      ________
 V217           0.555
 V218           0.234         0.740
 V220           0.418         0.283         0.606


           Correlations
              V217          V218          V220
              ________      ________      ________
 V217           1.000
 V218           0.365         1.000
 V220           0.720         0.423         1.000


     ESTIMATED SAMPLE STATISTICS FOR SHORT


           Means
              V217          V218          V220
              ________      ________      ________
                1.684         2.444         1.745


           Covariances
              V217          V218          V220
              ________      ________      ________
 V217           0.482
 V218           0.274         0.736
 V220           0.369         0.296         0.542


           Correlations
              V217          V218          V220
              ________      ________      ________
 V217           1.000
 V218           0.460         1.000
 V220           0.723         0.469         1.000


     MAXIMUM LOG-LIKELIHOOD VALUE FOR THE UNRESTRICTED (H1) MODEL IS -6622.103


UNIVARIATE SAMPLE STATISTICS


     UNIVARIATE HIGHER-ORDER MOMENT DESCRIPTIVE STATISTICS FOR FULL

         Variable/         Mean/     Skewness/   Minimum/ % with                Percentiles
        Sample Size      Variance    Kurtosis    Maximum  Min/Max      20%/60%    40%/80%    Median

     V217                  1.664       0.983       1.000   47.81%       1.000      1.000      2.000
             661.000       0.556       0.616       4.000    2.42%       2.000      2.000
     V218                  2.558       0.216       1.000    9.49%       2.000      2.000      3.000
             643.000       0.738      -0.099       5.000    1.40%       3.000      3.000
     V220                  1.764       0.826       1.000   41.82%       1.000      1.000      2.000
             660.000       0.602       0.362       5.000    0.15%       2.000      2.000


     UNIVARIATE HIGHER-ORDER MOMENT DESCRIPTIVE STATISTICS FOR SHORT

         Variable/         Mean/     Skewness/   Minimum/ % with                Percentiles
        Sample Size      Variance    Kurtosis    Maximum  Min/Max      20%/60%    40%/80%    Median

     V217                  1.680       0.782       1.000   43.70%       1.000      1.000      2.000
            1588.000       0.478       0.548       5.000    0.13%       2.000      2.000
     V218                  2.443       0.406       1.000   11.49%       2.000      2.000      2.000
            1558.000       0.736       0.195       5.000    1.67%       3.000      3.000
     V220                  1.742       0.913       1.000   40.63%       1.000      1.000      2.000
            1580.000       0.542       1.230       5.000    0.44%       2.000      2.000


THE MODEL ESTIMATION TERMINATED NORMALLY



MODEL FIT INFORMATION

Number of Free Parameters                       16

Loglikelihood

          H0 Value                       -6625.803
          H1 Value                       -6622.103

Information Criteria

          Akaike (AIC)                   13283.605
          Bayesian (BIC)                 13375.175
          Sample-Size Adjusted BIC       13324.341
            (n* = (n + 2) / 24)

Chi-Square Test of Model Fit

          Value                              7.400
          Degrees of Freedom                     2
          P-Value                           0.0247

Chi-Square Contribution From Each Group

          FULL                               5.325
          SHORT                              2.075

RMSEA (Root Mean Square Error Of Approximation)

          Estimate                           0.049
          90 Percent C.I.                    0.015  0.089
          Probability RMSEA <= .05           0.444

CFI/TLI

          CFI                                0.998
          TLI                                0.993

Chi-Square Test of Model Fit for the Baseline Model

          Value                           2205.157
          Degrees of Freedom                     6
          P-Value                           0.0000

SRMR (Standardized Root Mean Square Residual)

          Value                              0.029



MODEL RESULTS

                                                    Two-Tailed
                    Estimate       S.E.  Est./S.E.    P-Value

Group FULL

 F1       BY
    V217               1.000      0.000    999.000    999.000
    V218               0.765      0.033     23.050      0.000
    V220               1.110      0.040     27.787      0.000

 Means
    F1                 0.000      0.000    999.000    999.000

 Intercepts
    V217               1.664      0.029     57.383      0.000
    V218               2.560      0.035     73.322      0.000
    V220               1.765      0.030     58.921      0.000

 Variances
    F1                 0.370      0.028     13.187      0.000

 Residual Variances
    V217               0.187      0.018     10.170      0.000
    V218               0.573      0.034     16.864      0.000
    V220               0.138      0.021      6.703      0.000

Group SHORT

 F1       BY
    V217               1.000      0.000    999.000    999.000
    V218               0.765      0.033     23.050      0.000
    V220               1.110      0.040     27.787      0.000

 Means
    F1                 0.000      0.000    999.000    999.000

 Intercepts
    V217               1.684      0.017     96.844      0.000
    V218               2.444      0.021    114.155      0.000
    V220               1.745      0.019     94.039      0.000

 Variances
    F1                 0.336      0.019     17.481      0.000

 Residual Variances
    V217               0.146      0.013     11.580      0.000
    V218               0.522      0.020     25.893      0.000
    V220               0.134      0.015      9.097      0.000


STANDARDIZED MODEL RESULTS


STDYX Standardization

                                                    Two-Tailed
                    Estimate       S.E.  Est./S.E.    P-Value

Group FULL

 F1       BY
    V217               0.815      0.019     43.206      0.000
    V218               0.524      0.022     23.844      0.000
    V220               0.876      0.020     44.315      0.000

 Means
    F1                 0.000      0.000    999.000    999.000

 Intercepts
    V217               2.230      0.071     31.443      0.000
    V218               2.882      0.083     34.809      0.000
    V220               2.291      0.073     31.465      0.000

 Variances
    F1                 1.000      0.000    999.000    999.000

 Residual Variances
    V217               0.336      0.031     10.925      0.000
    V218               0.726      0.023     31.554      0.000
    V220               0.233      0.035      6.738      0.000

Group SHORT

 F1       BY
    V217               0.835      0.016     52.784      0.000
    V218               0.523      0.019     27.665      0.000
    V220               0.869      0.015     56.107      0.000

 Means
    F1                 0.000      0.000    999.000    999.000

 Intercepts
    V217               2.427      0.049     49.120      0.000
    V218               2.884      0.055     52.646      0.000
    V220               2.359      0.049     48.492      0.000

 Variances
    F1                 1.000      0.000    999.000    999.000

 Residual Variances
    V217               0.303      0.026     11.469      0.000
    V218               0.726      0.020     36.735      0.000
    V220               0.245      0.027      9.086      0.000


R-SQUARE

Group FULL

    Observed                                        Two-Tailed
    Variable        Estimate       S.E.  Est./S.E.    P-Value

    V217               0.664      0.031     21.603      0.000
    V218               0.274      0.023     11.922      0.000
    V220               0.767      0.035     22.158      0.000

Group SHORT

    Observed                                        Two-Tailed
    Variable        Estimate       S.E.  Est./S.E.    P-Value

    V217               0.697      0.026     26.392      0.000
    V218               0.274      0.020     13.833      0.000
    V220               0.755      0.027     28.053      0.000


QUALITY OF NUMERICAL RESULTS

     Condition Number for the Information Matrix              0.172E-01
       (ratio of smallest to largest eigenvalue)


MODEL MODIFICATION INDICES

NOTE:  Modification indices for direct effects of observed dependent variables
regressed on covariates may not be included.  To include these, request
MODINDICES (ALL).

Minimum M.I. value for printing the modification index    10.000

                                   M.I.     E.P.C.  Std E.P.C.  StdYX E.P.C.
Group FULL


No modification indices above the minimum value.

Group SHORT


No modification indices above the minimum value.



DIAGRAM INFORMATION

  Use View Diagram under the Diagram menu in the Mplus Editor to view the diagram.
  If running Mplus from the Mplus Diagrammer, the diagram opens automatically.

  Diagram output
    c:\users\msassac6\dropbox (the university of manchester)\papers\joe s\evs_mm_de_equivalence\mplus\eq\inv_data3_v217_

     Beginning Time:  14:39:32
        Ending Time:  14:39:32
       Elapsed Time:  00:00:00



MUTHEN & MUTHEN
3463 Stoner Ave.
Los Angeles, CA  90066

Tel: (310) 391-9971
Fax: (310) 391-8971
Web: www.StatModel.com
Support: Support@StatModel.com

Copyright (c) 1998-2017 Muthen & Muthen
