Mplus VERSION 8
MUTHEN & MUTHEN
07/13/2020   8:32 AM

INPUT INSTRUCTIONS

  TITLE: Your title goes here

   DATA: FILE = eq/data.dta;

   VARIABLE:

   NAMES = id_cocas weight comp_mode comp_len mode mm_matrix_group wei_mmf v2 v3 v4 v32
       v33 v34 v35 v36 v37 v46 v47 v48 v49 v50 v65 v66 v67 v68 v69 v70 v82 v83 v84 v98
       v99 v100 v101 v103 v104 v105 v106 v107 v115 v116 v117 v118 v119 v120 v121 v122
       v123 v124 v125 v126 v127 v128 v129 v130 v131 v132 v133 v134 v135 v136 v137 v138
       v139 v140 v141 v145 v146 v147 v148 v149 v150 v151 v152 v153 v154 v155 v156 v157
       v158 v159 v160 v161 v162 v163 v164 v165 v166 v167 v176 v177 v178 v179 v180 v181
       v182 v183 v185 v186 v187 v188 v189 v191 v192 v193 v194 v195 v196 v197 v199 v200
       v201 v202 v203 v205 v206 v207 v208 v209 v210 v211 v212 v213 v214 v215 v216 v217
       v218 v220 v221 v222 v223 v224 v267 v268 v269 v271 v272 v273;

   MISSING=.;

   USEVARIABLES ARE
   v115
   v116
   v117
   v118
   v119
   v120
   v121
   v122
   v123
   v124
   v125
   v126
   v127
   v128
   v129
   v130
   v131
   v132;

   CATEGORICAL ARE
   v115
   v116
   v117
   v118
   v119
   v120
   v121
   v122
   v123
   v124
   v125
   v126
   v127
   v128
   v129
   v130
   v131
   v132;

   GROUPING IS comp_len (0=full 1=short);

  WEIGHT IS weight;

   Analysis:

                  ESTIMATOR = WLSMV;

                  ITERATIONS = 100000;

                  PARAMETERIZATION = THETA;

  Model:


  f1 BY v115@1
  v116 (L2)
  v117 (L3)
  v118 (L4)
  v119 (L5)
  v120 (L6)
  v121 (L7)
  v122 (L8)
  v123 (L9)
  v124 (L10)
  v125 (L11)
  v126 (L12)
  v127 (L13)
  v128 (L14)
  v129 (L15)
  v130 (L16)
  v131 (L17)
  v132 (L18)
  ;


   [f1@0];
  [v115$1] (t_v115_1);
  [v115$2] (t_v115_2);
  [v115$3] (t_v115_3);

  [v116$1] (t_v116_1);
  [v116$2] (t_v116_2);
  [v116$3] (t_v116_3);

  [v117$1] (t_v117_1);
  [v117$2] (t_v117_2);
  [v117$3] (t_v117_3);

  [v118$1] (t_v118_1);
  [v118$2] (t_v118_2);
  [v118$3] (t_v118_3);

  [v119$1] (t_v119_1);
  [v119$2] (t_v119_2);
  [v119$3] (t_v119_3);

  [v120$1] (t_v120_1);
  [v120$2] (t_v120_2);
  [v120$3] (t_v120_3);

  [v121$1] (t_v121_1);
  [v121$2] (t_v121_2);
  [v121$3] (t_v121_3);

  [v122$1] (t_v122_1);
  [v122$2] (t_v122_2);
  [v122$3] (t_v122_3);

  [v123$1] (t_v123_1);
  [v123$2] (t_v123_2);
  [v123$3] (t_v123_3);

  [v124$1] (t_v124_1);
  [v124$2] (t_v124_2);
  [v124$3] (t_v124_3);

  [v125$1] (t_v125_1);
  [v125$2] (t_v125_2);
  [v125$3] (t_v125_3);

  [v126$1] (t_v126_1);
  [v126$2] (t_v126_2);
  [v126$3] (t_v126_3);

  [v127$1] (t_v127_1);
  [v127$2] (t_v127_2);
  [v127$3] (t_v127_3);

  [v128$1] (t_v128_1);
  [v128$2] (t_v128_2);
  [v128$3] (t_v128_3);

  [v129$1] (t_v129_1);
  [v129$2] (t_v129_2);
  [v129$3] (t_v129_3);

  [v130$1] (t_v130_1);
  [v130$2] (t_v130_2);
  [v130$3] (t_v130_3);

  [v131$1] (t_v131_1);
  [v131$2] (t_v131_2);
  [v131$3] (t_v131_3);

  [v132$1] (t_v132_1);
  [v132$2] (t_v132_2);
  [v132$3] (t_v132_3);


  Model short:

  f1 BY v115@1
  v116 (L2)
  v117 (L3)
  v118 (L4)
  v119 (L5)
  v120 (L6)
  v121 (L7)
  v122 (L8)
  v123 (L9)
  v124 (L10)
  v125 (L11)
  v126 (L12)
  v127 (L13)
  v128 (L14)
  v129 (L15)
  v130 (L16)
  v131 (L17)
  v132 (L18)
  ;


   [f1@0];
  [v115$1] (t_v115_1);
  [v115$2] (t_v115_2);
  [v115$3] (t_v115_3);

  [v116$1] (t_v116_1);
  [v116$2] (t_v116_2);
  [v116$3] (t_v116_3);

  [v117$1] (t_v117_1);
  [v117$2] (t_v117_2);
  [v117$3] (t_v117_3);

  [v118$1] (t_v118_1);
  [v118$2] (t_v118_2);
  [v118$3] (t_v118_3);

  [v119$1] (t_v119_1);
  [v119$2] (t_v119_2);
  [v119$3] (t_v119_3);

  [v120$1] (t_v120_1);
  [v120$2] (t_v120_2);
  [v120$3] (t_v120_3);

  [v121$1] (t_v121_1);
  [v121$2] (t_v121_2);
  [v121$3] (t_v121_3);

  [v122$1] (t_v122_1);
  [v122$2] (t_v122_2);
  [v122$3] (t_v122_3);

  [v123$1] (t_v123_1);
  [v123$2] (t_v123_2);
  [v123$3] (t_v123_3);

  [v124$1] (t_v124_1);
  [v124$2] (t_v124_2);
  [v124$3] (t_v124_3);

  [v125$1] (t_v125_1);
  [v125$2] (t_v125_2);
  [v125$3] (t_v125_3);

  [v126$1] (t_v126_1);
  [v126$2] (t_v126_2);
  [v126$3] (t_v126_3);

  [v127$1] (t_v127_1);
  [v127$2] (t_v127_2);
  [v127$3] (t_v127_3);

  [v128$1] (t_v128_1);
  [v128$2] (t_v128_2);
  [v128$3] (t_v128_3);

  [v129$1] (t_v129_1);
  [v129$2] (t_v129_2);
  [v129$3] (t_v129_3);

  [v130$1] (t_v130_1);
  [v130$2] (t_v130_2);
  [v130$3] (t_v130_3);

  [v131$1] (t_v131_1);
  [v131$2] (t_v131_2);
  [v131$3] (t_v131_3);

  [v132$1] (t_v132_1);
  [v132$2] (t_v132_2);
  [v132$3] (t_v132_3);


   SAVEDATA: DIFFTEST IS v115_scalar.dat;

   OUTPUT: SAMPSTAT;

                                  MODINDICES;

                                  STDYX;




*** WARNING
  Data set contains unknown or missing values for GROUPING,
  PATTERN, COHORT, CLUSTER and/or STRATIFICATION variables.
  Number of cases with unknown or missing values:  1494
*** WARNING
  Data set contains cases with missing on all variables.
  These cases were not included in the analysis.
  Number of cases with missing on all variables:  54
   2 WARNING(S) FOUND IN THE INPUT INSTRUCTIONS



Your title goes here

SUMMARY OF ANALYSIS

Number of groups                                                 2
Number of observations
   Group FULL                                                  672
   Group SHORT                                                3196
   Total sample size                                          3868

Number of dependent variables                                   18
Number of independent variables                                  0
Number of continuous latent variables                            1

Observed dependent variables

  Binary and ordered categorical (ordinal)
   V115        V116        V117        V118        V119        V120
   V121        V122        V123        V124        V125        V126
   V127        V128        V129        V130        V131        V132

Continuous latent variables
   F1

Variables with special functions

  Grouping variable     COMP_LEN
  Weight variable       WEIGHT

Estimator                                                    WLSMV
Maximum number of iterations                                100000
Convergence criterion                                    0.500D-04
Maximum number of steepest descent iterations                   20
Maximum number of iterations for H1                           2000
Convergence criterion for H1                             0.100D-03
Parameterization                                             THETA
Link                                                        PROBIT

Input data file(s)
  eq/data.dta

Input data format  FREE


SUMMARY OF DATA

   Group FULL
     Number of missing data patterns           183

   Group SHORT
     Number of missing data patterns           494


COVARIANCE COVERAGE OF DATA

Minimum covariance coverage value   0.100


     PROPORTION OF DATA PRESENT FOR FULL


           Covariance Coverage
              V115          V116          V117          V118          V119
              ________      ________      ________      ________      ________
 V115           0.917
 V116           0.851         0.896
 V117           0.894         0.876         0.966
 V118           0.885         0.865         0.932         0.949
 V119           0.763         0.762         0.799         0.799         0.812
 V120           0.896         0.885         0.942         0.930         0.804
 V121           0.863         0.854         0.909         0.906         0.790
 V122           0.848         0.836         0.890         0.882         0.784
 V123           0.866         0.848         0.909         0.896         0.790
 V124           0.842         0.835         0.881         0.875         0.774
 V125           0.796         0.789         0.829         0.829         0.749
 V126           0.902         0.884         0.952         0.940         0.805
 V127           0.881         0.860         0.926         0.920         0.790
 V128           0.815         0.802         0.847         0.838         0.756
 V129           0.836         0.815         0.866         0.857         0.756
 V130           0.854         0.838         0.884         0.878         0.765
 V131           0.869         0.844         0.902         0.894         0.783
 V132           0.851         0.830         0.893         0.881         0.772


           Covariance Coverage
              V120          V121          V122          V123          V124
              ________      ________      ________      ________      ________
 V120           0.970
 V121           0.914         0.930
 V122           0.899         0.884         0.912
 V123           0.915         0.890         0.881         0.935
 V124           0.890         0.879         0.856         0.866         0.905
 V125           0.833         0.832         0.811         0.821         0.838
 V126           0.952         0.924         0.905         0.927         0.899
 V127           0.930         0.903         0.887         0.908         0.882
 V128           0.850         0.836         0.835         0.839         0.821
 V129           0.871         0.847         0.838         0.854         0.832
 V130           0.885         0.869         0.850         0.859         0.848
 V131           0.902         0.885         0.865         0.876         0.865
 V132           0.893         0.874         0.848         0.872         0.863


           Covariance Coverage
              V125          V126          V127          V128          V129
              ________      ________      ________      ________      ________
 V125           0.845
 V126           0.841         0.978
 V127           0.832         0.946         0.954
 V128           0.786         0.857         0.848         0.865
 V129           0.792         0.876         0.865         0.812         0.888
 V130           0.802         0.894         0.881         0.815         0.835
 V131           0.818         0.915         0.899         0.833         0.850
 V132           0.814         0.905         0.894         0.826         0.839


           Covariance Coverage
              V130          V131          V132
              ________      ________      ________
 V130           0.902
 V131           0.875         0.923
 V132           0.850         0.874         0.909


     PROPORTION OF DATA PRESENT FOR SHORT


           Covariance Coverage
              V115          V116          V117          V118          V119
              ________      ________      ________      ________      ________
 V115           0.912
 V116           0.423         0.448
 V117           0.448         0.150         0.487
 V118           0.884         0.434         0.473         0.960
 V119           0.394         0.391         0.142         0.407         0.418
 V120           0.454         0.152         0.479         0.477         0.144
 V121           0.865         0.424         0.458         0.904         0.400
 V122           0.430         0.142         0.451         0.452         0.137
 V123           0.435         0.425         0.156         0.451         0.405
 V124           0.431         0.142         0.450         0.450         0.136
 V125           0.396         0.393         0.142         0.410         0.376
 V126           0.452         0.150         0.476         0.474         0.142
 V127           0.437         0.428         0.157         0.453         0.406
 V128           0.836         0.406         0.443         0.876         0.387
 V129           0.424         0.140         0.444         0.445         0.133
 V130           0.421         0.415         0.149         0.438         0.392
 V131           0.432         0.143         0.454         0.453         0.137
 V132           0.418         0.413         0.150         0.435         0.388


           Covariance Coverage
              V120          V121          V122          V123          V124
              ________      ________      ________      ________      ________
 V120           0.497
 V121           0.465         0.927
 V122           0.459         0.448         0.466
 V123           0.158         0.439         0.150         0.467
 V124           0.458         0.447         0.439         0.150         0.463
 V125           0.143         0.405         0.136         0.410         0.141
 V126           0.484         0.462         0.457         0.157         0.455
 V127           0.161         0.440         0.151         0.449         0.150
 V128           0.449         0.860         0.432         0.425         0.434
 V129           0.450         0.438         0.432         0.144         0.432
 V130           0.150         0.430         0.142         0.430         0.144
 V131           0.461         0.450         0.443         0.149         0.443
 V132           0.151         0.423         0.141         0.426         0.141


           Covariance Coverage
              V125          V126          V127          V128          V129
              ________      ________      ________      ________      ________
 V125           0.421
 V126           0.142         0.493
 V127           0.410         0.158         0.470
 V128           0.396         0.449         0.426         0.896
 V129           0.136         0.450         0.147         0.432         0.457
 V130           0.400         0.147         0.435         0.419         0.142
 V131           0.138         0.459         0.151         0.436         0.437
 V132           0.395         0.150         0.430         0.413         0.139


           Covariance Coverage
              V130          V131          V132
              ________      ________      ________
 V130           0.449
 V131           0.146         0.468
 V132           0.421         0.144         0.448


UNIVARIATE PROPORTIONS AND COUNTS FOR CATEGORICAL VARIABLES

  Group FULL
    V115
      Category 1    0.036           22.106
      Category 2    0.202          123.742
      Category 3    0.534          327.001
      Category 4    0.228          139.479
    V116
      Category 1    0.048           28.166
      Category 2    0.414          244.754
      Category 3    0.458          271.130
      Category 4    0.080           47.569
    V117
      Category 1    0.075           48.200
      Category 2    0.450          290.423
      Category 3    0.411          265.308
      Category 4    0.065           42.074
    V118
      Category 1    0.028           17.748
      Category 2    0.299          189.367
      Category 3    0.470          297.625
      Category 4    0.204          128.979
    V119
      Category 1    0.043           22.876
      Category 2    0.388          206.717
      Category 3    0.458          244.036
      Category 4    0.112           59.656
    V120
      Category 1    0.201          130.546
      Category 2    0.613          398.707
      Category 3    0.163          106.225
      Category 4    0.022           14.497
    V121
      Category 1    0.041           25.098
      Category 2    0.291          179.289
      Category 3    0.481          295.763
      Category 4    0.187          115.212
    V122
      Category 1    0.035           21.033
      Category 2    0.429          257.643
      Category 3    0.472          282.919
      Category 4    0.064           38.305
    V123
      Category 1    0.081           50.029
      Category 2    0.474          294.546
      Category 3    0.374          232.203
      Category 4    0.071           44.201
    V124
      Category 1    0.053           31.279
      Category 2    0.318          189.342
      Category 3    0.447          266.378
      Category 4    0.182          108.317
    V125
      Category 1    0.062           33.999
      Category 2    0.339          187.141
      Category 3    0.444          245.409
      Category 4    0.156           85.991
    V126
      Category 1    0.088           57.278
      Category 2    0.523          341.603
      Category 3    0.343          224.258
      Category 4    0.046           29.866
    V127
      Category 1    0.100           63.559
      Category 2    0.491          311.337
      Category 3    0.315          199.659
      Category 4    0.094           59.505
    V128
      Category 1    0.023           12.946
      Category 2    0.171           97.483
      Category 3    0.598          340.433
      Category 4    0.209          118.813
    V129
      Category 1    0.068           39.988
      Category 2    0.503          294.694
      Category 3    0.351          205.472
      Category 4    0.078           45.628
    V130
      Category 1    0.006            3.742
      Category 2    0.129           77.093
      Category 3    0.585          348.345
      Category 4    0.280          166.520
    V131
      Category 1    0.030           18.056
      Category 2    0.265          161.137
      Category 3    0.492          299.506
      Category 4    0.214          130.246
    V132
      Category 1    0.016            9.745
      Category 2    0.135           82.258
      Category 3    0.581          353.331
      Category 4    0.267          162.604

  Group SHORT
    V115
      Category 1    0.042          120.486
      Category 2    0.257          739.613
      Category 3    0.483         1392.965
      Category 4    0.218          628.224
    V116
      Category 1    0.061           86.580
      Category 2    0.475          674.475
      Category 3    0.382          542.418
      Category 4    0.081          115.044
    V117
      Category 1    0.058           91.927
      Category 2    0.487          772.229
      Category 3    0.412          653.221
      Category 4    0.043           68.660
    V118
      Category 1    0.031           94.623
      Category 2    0.305          925.870
      Category 3    0.507         1541.040
      Category 4    0.157          476.171
    V119
      Category 1    0.054           70.776
      Category 2    0.410          537.442
      Category 3    0.424          555.475
      Category 4    0.111          145.590
    V120
      Category 1    0.212          344.753
      Category 2    0.610          991.488
      Category 3    0.163          264.607
      Category 4    0.015           24.413
    V121
      Category 1    0.051          148.887
      Category 2    0.369         1079.853
      Category 3    0.452         1321.973
      Category 4    0.128          374.380
    V122
      Category 1    0.047           70.085
      Category 2    0.455          679.372
      Category 3    0.427          638.536
      Category 4    0.071          106.703
    V123
      Category 1    0.086          126.039
      Category 2    0.475          697.359
      Category 3    0.373          548.382
      Category 4    0.066           96.736
    V124
      Category 1    0.050           74.868
      Category 2    0.349          523.333
      Category 3    0.445          667.319
      Category 4    0.157          235.271
    V125
      Category 1    0.061           79.699
      Category 2    0.378          496.857
      Category 3    0.452          594.589
      Category 4    0.110          144.153
    V126
      Category 1    0.104          167.422
      Category 2    0.501          808.040
      Category 3    0.333          536.303
      Category 4    0.062           99.529
    V127
      Category 1    0.115          169.331
      Category 2    0.467          690.388
      Category 3    0.325          480.528
      Category 4    0.093          137.818
    V128
      Category 1    0.019           53.452
      Category 2    0.186          524.592
      Category 3    0.547         1544.285
      Category 4    0.248          701.027
    V129
      Category 1    0.101          148.759
      Category 2    0.498          734.965
      Category 3    0.316          466.778
      Category 4    0.085          125.810
    V130
      Category 1    0.013           18.378
      Category 2    0.164          231.091
      Category 3    0.590          829.654
      Category 4    0.232          326.356
    V131
      Category 1    0.042           64.000
      Category 2    0.370          562.450
      Category 3    0.438          664.573
      Category 4    0.150          227.631
    V132
      Category 1    0.008           11.913
      Category 2    0.176          249.102
      Category 3    0.542          766.307
      Category 4    0.274          387.286


SAMPLE STATISTICS


     ESTIMATED SAMPLE STATISTICS FOR FULL


           MEANS/INTERCEPTS/THRESHOLDS
              V115$1        V115$2        V115$3        V116$1        V116$2
              ________      ________      ________      ________      ________
               -1.798        -0.712         0.746        -1.669        -0.097


           MEANS/INTERCEPTS/THRESHOLDS
              V116$3        V117$1        V117$2        V117$3        V118$1
              ________      ________      ________      ________      ________
                1.402        -1.442         0.061         1.513        -1.911


           MEANS/INTERCEPTS/THRESHOLDS
              V118$2        V118$3        V119$1        V119$2        V119$3
              ________      ________      ________      ________      ________
               -0.449         0.829        -1.718        -0.175         1.217


           MEANS/INTERCEPTS/THRESHOLDS
              V120$1        V120$2        V120$3        V121$1        V121$2
              ________      ________      ________      ________      ________
               -0.839         0.894         2.008        -1.742        -0.434


           MEANS/INTERCEPTS/THRESHOLDS
              V121$3        V122$1        V122$2        V122$3        V123$1
              ________      ________      ________      ________      ________
                0.888        -1.811        -0.089         1.523        -1.401


           MEANS/INTERCEPTS/THRESHOLDS
              V123$2        V123$3        V124$1        V124$2        V124$3
              ________      ________      ________      ________      ________
                0.138         1.467        -1.621        -0.330         0.908


           MEANS/INTERCEPTS/THRESHOLDS
              V125$1        V125$2        V125$3        V126$1        V126$2
              ________      ________      ________      ________      ________
               -1.542        -0.253         1.013        -1.355         0.282


           MEANS/INTERCEPTS/THRESHOLDS
              V126$3        V127$1        V127$2        V127$3        V128$1
              ________      ________      ________      ________      ________
                1.688        -1.280         0.231         1.317        -2.000


           MEANS/INTERCEPTS/THRESHOLDS
              V128$2        V128$3        V129$1        V129$2        V129$3
              ________      ________      ________      ________      ________
               -0.864         0.811        -1.489         0.180         1.419


           MEANS/INTERCEPTS/THRESHOLDS
              V130$1        V130$2        V130$3        V131$1        V131$2
              ________      ________      ________      ________      ________
               -2.496        -1.100         0.584        -1.886        -0.541


           MEANS/INTERCEPTS/THRESHOLDS
              V131$3        V132$1        V132$2        V132$3
              ________      ________      ________      ________
                0.793        -2.144        -1.031         0.620


           CORRELATION MATRIX (WITH VARIANCES ON THE DIAGONAL)
              V115          V116          V117          V118          V119
              ________      ________      ________      ________      ________
 V115
 V116           0.404
 V117           0.262         0.405
 V118           0.125         0.232         0.326
 V119           0.057         0.131         0.274         0.315
 V120           0.266         0.423         0.357         0.343         0.196
 V121           0.344         0.305         0.423         0.531         0.157
 V122           0.348         0.344         0.441         0.376         0.284
 V123           0.317         0.356         0.354         0.345         0.266
 V124           0.429         0.373         0.336         0.441         0.289
 V125           0.350         0.362         0.369         0.467         0.339
 V126           0.306         0.360         0.398         0.207         0.255
 V127           0.284         0.301         0.397         0.487         0.234
 V128           0.179         0.414         0.423         0.312         0.251
 V129           0.216         0.168         0.250         0.402         0.358
 V130           0.338         0.285         0.402         0.466         0.257
 V131           0.445         0.358         0.420         0.439         0.241
 V132           0.237         0.268         0.257         0.468         0.156


           CORRELATION MATRIX (WITH VARIANCES ON THE DIAGONAL)
              V120          V121          V122          V123          V124
              ________      ________      ________      ________      ________
 V121           0.453
 V122           0.512         0.649
 V123           0.463         0.521         0.667
 V124           0.248         0.644         0.566         0.565
 V125           0.326         0.507         0.476         0.448         0.781
 V126           0.366         0.406         0.519         0.642         0.498
 V127           0.518         0.661         0.615         0.572         0.548
 V128           0.300         0.426         0.535         0.448         0.381
 V129           0.243         0.405         0.370         0.299         0.475
 V130           0.328         0.750         0.531         0.491         0.584
 V131           0.420         0.816         0.639         0.564         0.639
 V132           0.217         0.361         0.377         0.359         0.366


           CORRELATION MATRIX (WITH VARIANCES ON THE DIAGONAL)
              V125          V126          V127          V128          V129
              ________      ________      ________      ________      ________
 V126           0.413
 V127           0.449         0.492
 V128           0.318         0.448         0.468
 V129           0.438         0.235         0.451         0.185
 V130           0.515         0.405         0.549         0.514         0.423
 V131           0.508         0.532         0.646         0.460         0.410
 V132           0.354         0.194         0.226         0.409         0.268


           CORRELATION MATRIX (WITH VARIANCES ON THE DIAGONAL)
              V130          V131          V132
              ________      ________      ________
 V131           0.730
 V132           0.500         0.398


     ESTIMATED SAMPLE STATISTICS FOR SHORT


           MEANS/INTERCEPTS/THRESHOLDS
              V115$1        V115$2        V115$3        V116$1        V116$2
              ________      ________      ________      ________      ________
               -1.730        -0.529         0.779        -1.546         0.092


           MEANS/INTERCEPTS/THRESHOLDS
              V116$3        V117$1        V117$2        V117$3        V118$1
              ________      ________      ________      ________      ________
                1.398        -1.572         0.113         1.714        -1.864


           MEANS/INTERCEPTS/THRESHOLDS
              V118$2        V118$3        V119$1        V119$2        V119$3
              ________      ________      ________      ________      ________
               -0.424         1.008        -1.607        -0.089         1.220


           MEANS/INTERCEPTS/THRESHOLDS
              V120$1        V120$2        V120$3        V121$1        V121$2
              ________      ________      ________      ________      ________
               -0.799         0.924         2.170        -1.636        -0.202


           MEANS/INTERCEPTS/THRESHOLDS
              V121$3        V122$1        V122$2        V122$3        V123$1
              ________      ________      ________      ________      ________
                1.136        -1.676         0.004         1.466        -1.367


           MEANS/INTERCEPTS/THRESHOLDS
              V123$2        V123$3        V124$1        V124$2        V124$3
              ________      ________      ________      ________      ________
                0.153         1.507        -1.646        -0.257         1.008


           MEANS/INTERCEPTS/THRESHOLDS
              V125$1        V125$2        V125$3        V126$1        V126$2
              ________      ________      ________      ________      ________
               -1.550        -0.155         1.229        -1.260         0.267


           MEANS/INTERCEPTS/THRESHOLDS
              V126$3        V127$1        V127$2        V127$3        V128$1
              ________      ________      ________      ________      ________
                1.540        -1.203         0.206         1.321        -2.076


           MEANS/INTERCEPTS/THRESHOLDS
              V128$2        V128$3        V129$1        V129$2        V129$3
              ________      ________      ________      ________      ________
               -0.825         0.680        -1.277         0.250         1.371


           MEANS/INTERCEPTS/THRESHOLDS
              V130$1        V130$2        V130$3        V131$1        V131$2
              ________      ________      ________      ________      ________
               -2.224        -0.925         0.732        -1.726        -0.221


           MEANS/INTERCEPTS/THRESHOLDS
              V131$3        V132$1        V132$2        V132$3
              ________      ________      ________      ________
                1.037        -2.390        -0.898         0.601


           CORRELATION MATRIX (WITH VARIANCES ON THE DIAGONAL)
              V115          V116          V117          V118          V119
              ________      ________      ________      ________      ________
 V115
 V116           0.342
 V117           0.307         0.516
 V118           0.259         0.209         0.325
 V119           0.194         0.223         0.373         0.422
 V120           0.262         0.453         0.471         0.369         0.408
 V121           0.359         0.323         0.404         0.502         0.341
 V122           0.268         0.329         0.398         0.383         0.286
 V123           0.262         0.305         0.372         0.335         0.400
 V124           0.231         0.246         0.342         0.425         0.311
 V125           0.207         0.299         0.075         0.400         0.372
 V126           0.216         0.355         0.409         0.267         0.360
 V127           0.253         0.280         0.402         0.474         0.334
 V128           0.233         0.378         0.365         0.222         0.157
 V129           0.222         0.115         0.227         0.367         0.428
 V130           0.380         0.286         0.236         0.506         0.382
 V131           0.327         0.395         0.423         0.428         0.298
 V132           0.209         0.156         0.257         0.414         0.279


           CORRELATION MATRIX (WITH VARIANCES ON THE DIAGONAL)
              V120          V121          V122          V123          V124
              ________      ________      ________      ________      ________
 V121           0.517
 V122           0.482         0.611
 V123           0.469         0.582         0.696
 V124           0.398         0.641         0.542         0.627
 V125           0.254         0.541         0.455         0.508         0.720
 V126           0.411         0.386         0.457         0.660         0.447
 V127           0.461         0.610         0.460         0.500         0.523
 V128           0.322         0.366         0.390         0.398         0.337
 V129           0.309         0.340         0.387         0.355         0.433
 V130           0.250         0.748         0.527         0.522         0.594
 V131           0.481         0.827         0.567         0.634         0.654
 V132           0.311         0.288         0.399         0.320         0.337


           CORRELATION MATRIX (WITH VARIANCES ON THE DIAGONAL)
              V125          V126          V127          V128          V129
              ________      ________      ________      ________      ________
 V126           0.441
 V127           0.499         0.559
 V128           0.314         0.451         0.295
 V129           0.438         0.321         0.427         0.215
 V130           0.554         0.456         0.570         0.474         0.481
 V131           0.518         0.451         0.543         0.434         0.379
 V132           0.254         0.314         0.223         0.354         0.294


           CORRELATION MATRIX (WITH VARIANCES ON THE DIAGONAL)
              V130          V131          V132
              ________      ________      ________
 V131           0.783
 V132           0.403         0.452


THE MODEL ESTIMATION TERMINATED NORMALLY



MODEL FIT INFORMATION

Number of Free Parameters                       91

Chi-Square Test of Model Fit

          Value                           1526.458*
          Degrees of Freedom                   323
          P-Value                           0.0000

Chi-Square Contribution From Each Group

          FULL                             644.684
          SHORT                            881.773

*   The chi-square value for MLM, MLMV, MLR, ULSMV, WLSM and WLSMV cannot be used
    for chi-square difference testing in the regular way.  MLM, MLR and WLSM
    chi-square difference testing is described on the Mplus website.  MLMV, WLSMV,
    and ULSMV difference testing is done using the DIFFTEST option.

RMSEA (Root Mean Square Error Of Approximation)

          Estimate                           0.044
          90 Percent C.I.                    0.042  0.046
          Probability RMSEA <= .05           1.000

CFI/TLI

          CFI                                0.949
          TLI                                0.951

Chi-Square Test of Model Fit for the Baseline Model

          Value                          23724.179
          Degrees of Freedom                   306
          P-Value                           0.0000

WRMR (Weighted Root Mean Square Residual)

          Value                              2.822



MODEL RESULTS

                                                    Two-Tailed
                    Estimate       S.E.  Est./S.E.    P-Value

Group FULL

 F1       BY
    V115               1.000      0.000    999.000    999.000
    V116               1.113      0.108     10.290      0.000
    V117               1.252      0.112     11.147      0.000
    V118               1.395      0.134     10.446      0.000
    V119               0.891      0.118      7.568      0.000
    V120               1.361      0.120     11.309      0.000
    V121               3.127      0.282     11.079      0.000
    V122               2.424      0.219     11.058      0.000
    V123               2.163      0.192     11.238      0.000
    V124               2.807      0.242     11.617      0.000
    V125               2.219      0.190     11.703      0.000
    V126               1.675      0.156     10.766      0.000
    V127               2.218      0.205     10.827      0.000
    V128               1.418      0.143      9.907      0.000
    V129               1.228      0.123      9.952      0.000
    V130               2.603      0.242     10.757      0.000
    V131               3.408      0.339     10.043      0.000
    V132               1.128      0.105     10.777      0.000

 Means
    F1                 0.000      0.000    999.000    999.000

 Thresholds
    V115$1            -2.080      0.122    -16.988      0.000
    V115$2            -0.667      0.046    -14.492      0.000
    V115$3             0.918      0.056     16.274      0.000
    V116$1            -1.870      0.126    -14.886      0.000
    V116$2             0.040      0.037      1.085      0.278
    V116$3             1.654      0.101     16.365      0.000
    V117$1            -1.744      0.097    -18.020      0.000
    V117$2             0.111      0.035      3.207      0.001
    V117$3             1.876      0.096     19.502      0.000
    V118$1            -2.248      0.127    -17.739      0.000
    V118$2            -0.514      0.038    -13.503      0.000
    V118$3             1.171      0.067     17.502      0.000
    V119$1            -1.585      0.120    -13.197      0.000
    V119$2            -0.107      0.032     -3.323      0.001
    V119$3             1.185      0.088     13.414      0.000
    V120$1            -0.916      0.055    -16.546      0.000
    V120$2             1.037      0.059     17.452      0.000
    V120$3             2.410      0.128     18.857      0.000
    V121$1            -2.976      0.169    -17.578      0.000
    V121$2            -0.435      0.049     -8.849      0.000
    V121$3             1.967      0.113     17.359      0.000
    V122$1            -2.820      0.150    -18.845      0.000
    V122$2            -0.041      0.051     -0.803      0.422
    V122$3             2.438      0.123     19.784      0.000
    V123$1            -1.997      0.117    -17.031      0.000
    V123$2             0.216      0.046      4.714      0.000
    V123$3             2.171      0.123     17.623      0.000
    V124$1            -2.925      0.157    -18.628      0.000
    V124$2            -0.497      0.060     -8.305      0.000
    V124$3             1.736      0.098     17.775      0.000
    V125$1            -2.374      0.127    -18.755      0.000
    V125$2            -0.282      0.051     -5.546      0.000
    V125$3             1.757      0.089     19.663      0.000
    V126$1            -1.706      0.098    -17.410      0.000
    V126$2             0.360      0.043      8.333      0.000
    V126$3             2.096      0.114     18.331      0.000
    V127$1            -1.908      0.106    -18.043      0.000
    V127$2             0.332      0.051      6.580      0.000
    V127$3             2.052      0.112     18.336      0.000
    V128$1            -2.739      0.151    -18.157      0.000
    V128$2            -1.113      0.064    -17.310      0.000
    V128$3             0.943      0.058     16.286      0.000
    V129$1            -1.612      0.093    -17.369      0.000
    V129$2             0.276      0.040      6.883      0.000
    V129$3             1.670      0.092     18.171      0.000
    V130$1            -3.679      0.229    -16.040      0.000
    V130$2            -1.547      0.099    -15.656      0.000
    V130$3             1.094      0.076     14.473      0.000
    V131$1            -3.400      0.238    -14.274      0.000
    V131$2            -0.593      0.071     -8.324      0.000
    V131$3             1.848      0.130     14.228      0.000
    V132$1            -2.648      0.149    -17.724      0.000
    V132$2            -1.105      0.065    -16.903      0.000
    V132$3             0.716      0.050     14.403      0.000

 Variances
    F1                 0.253      0.043      5.920      0.000

 Residual Variances
    V115               1.000      0.000    999.000    999.000
    V116               1.000      0.000    999.000    999.000
    V117               1.000      0.000    999.000    999.000
    V118               1.000      0.000    999.000    999.000
    V119               1.000      0.000    999.000    999.000
    V120               1.000      0.000    999.000    999.000
    V121               1.000      0.000    999.000    999.000
    V122               1.000      0.000    999.000    999.000
    V123               1.000      0.000    999.000    999.000
    V124               1.000      0.000    999.000    999.000
    V125               1.000      0.000    999.000    999.000
    V126               1.000      0.000    999.000    999.000
    V127               1.000      0.000    999.000    999.000
    V128               1.000      0.000    999.000    999.000
    V129               1.000      0.000    999.000    999.000
    V130               1.000      0.000    999.000    999.000
    V131               1.000      0.000    999.000    999.000
    V132               1.000      0.000    999.000    999.000

Group SHORT

 F1       BY
    V115               1.000      0.000    999.000    999.000
    V116               1.113      0.108     10.290      0.000
    V117               1.252      0.112     11.147      0.000
    V118               1.395      0.134     10.446      0.000
    V119               0.891      0.118      7.568      0.000
    V120               1.361      0.120     11.309      0.000
    V121               3.127      0.282     11.079      0.000
    V122               2.424      0.219     11.058      0.000
    V123               2.163      0.192     11.238      0.000
    V124               2.807      0.242     11.617      0.000
    V125               2.219      0.190     11.703      0.000
    V126               1.675      0.156     10.766      0.000
    V127               2.218      0.205     10.827      0.000
    V128               1.418      0.143      9.907      0.000
    V129               1.228      0.123      9.952      0.000
    V130               2.603      0.242     10.757      0.000
    V131               3.408      0.339     10.043      0.000
    V132               1.128      0.105     10.777      0.000

 Means
    F1                 0.000      0.000    999.000    999.000

 Thresholds
    V115$1            -2.080      0.122    -16.988      0.000
    V115$2            -0.667      0.046    -14.492      0.000
    V115$3             0.918      0.056     16.274      0.000
    V116$1            -1.870      0.126    -14.886      0.000
    V116$2             0.040      0.037      1.085      0.278
    V116$3             1.654      0.101     16.365      0.000
    V117$1            -1.744      0.097    -18.020      0.000
    V117$2             0.111      0.035      3.207      0.001
    V117$3             1.876      0.096     19.502      0.000
    V118$1            -2.248      0.127    -17.739      0.000
    V118$2            -0.514      0.038    -13.503      0.000
    V118$3             1.171      0.067     17.502      0.000
    V119$1            -1.585      0.120    -13.197      0.000
    V119$2            -0.107      0.032     -3.323      0.001
    V119$3             1.185      0.088     13.414      0.000
    V120$1            -0.916      0.055    -16.546      0.000
    V120$2             1.037      0.059     17.452      0.000
    V120$3             2.410      0.128     18.857      0.000
    V121$1            -2.976      0.169    -17.578      0.000
    V121$2            -0.435      0.049     -8.849      0.000
    V121$3             1.967      0.113     17.359      0.000
    V122$1            -2.820      0.150    -18.845      0.000
    V122$2            -0.041      0.051     -0.803      0.422
    V122$3             2.438      0.123     19.784      0.000
    V123$1            -1.997      0.117    -17.031      0.000
    V123$2             0.216      0.046      4.714      0.000
    V123$3             2.171      0.123     17.623      0.000
    V124$1            -2.925      0.157    -18.628      0.000
    V124$2            -0.497      0.060     -8.305      0.000
    V124$3             1.736      0.098     17.775      0.000
    V125$1            -2.374      0.127    -18.755      0.000
    V125$2            -0.282      0.051     -5.546      0.000
    V125$3             1.757      0.089     19.663      0.000
    V126$1            -1.706      0.098    -17.410      0.000
    V126$2             0.360      0.043      8.333      0.000
    V126$3             2.096      0.114     18.331      0.000
    V127$1            -1.908      0.106    -18.043      0.000
    V127$2             0.332      0.051      6.580      0.000
    V127$3             2.052      0.112     18.336      0.000
    V128$1            -2.739      0.151    -18.157      0.000
    V128$2            -1.113      0.064    -17.310      0.000
    V128$3             0.943      0.058     16.286      0.000
    V129$1            -1.612      0.093    -17.369      0.000
    V129$2             0.276      0.040      6.883      0.000
    V129$3             1.670      0.092     18.171      0.000
    V130$1            -3.679      0.229    -16.040      0.000
    V130$2            -1.547      0.099    -15.656      0.000
    V130$3             1.094      0.076     14.473      0.000
    V131$1            -3.400      0.238    -14.274      0.000
    V131$2            -0.593      0.071     -8.324      0.000
    V131$3             1.848      0.130     14.228      0.000
    V132$1            -2.648      0.149    -17.724      0.000
    V132$2            -1.105      0.065    -16.903      0.000
    V132$3             0.716      0.050     14.403      0.000

 Variances
    F1                 0.246      0.037      6.608      0.000

 Residual Variances
    V115               1.216      0.153      7.926      0.000
    V116               1.138      0.167      6.821      0.000
    V117               0.873      0.108      8.093      0.000
    V118               0.957      0.114      8.389      0.000
    V119               0.671      0.114      5.888      0.000
    V120               0.769      0.090      8.585      0.000
    V121               0.826      0.114      7.275      0.000
    V122               1.364      0.156      8.717      0.000
    V123               0.928      0.118      7.850      0.000
    V124               1.330      0.161      8.260      0.000
    V125               1.185      0.143      8.290      0.000
    V126               1.088      0.133      8.195      0.000
    V127               1.297      0.163      7.961      0.000
    V128               1.377      0.165      8.358      0.000
    V129               1.116      0.145      7.705      0.000
    V130               0.813      0.114      7.130      0.000
    V131               0.782      0.125      6.242      0.000
    V132               1.112      0.144      7.722      0.000


STANDARDIZED MODEL RESULTS


STDYX Standardization

                                                    Two-Tailed
                    Estimate       S.E.  Est./S.E.    P-Value

Group FULL

 F1       BY
    V115               0.449      0.030     14.833      0.000
    V116               0.488      0.034     14.458      0.000
    V117               0.533      0.029     18.548      0.000
    V118               0.574      0.028     20.494      0.000
    V119               0.409      0.033     12.442      0.000
    V120               0.565      0.026     21.677      0.000
    V121               0.844      0.016     53.136      0.000
    V122               0.773      0.019     39.945      0.000
    V123               0.736      0.023     31.410      0.000
    V124               0.816      0.018     46.459      0.000
    V125               0.745      0.021     36.239      0.000
    V126               0.644      0.027     24.280      0.000
    V127               0.745      0.022     33.189      0.000
    V128               0.581      0.027     21.887      0.000
    V129               0.526      0.029     18.037      0.000
    V130               0.795      0.020     40.749      0.000
    V131               0.864      0.015     56.273      0.000
    V132               0.493      0.030     16.460      0.000

 Means
    F1                 0.000      0.000    999.000    999.000

 Thresholds
    V115$1            -1.858      0.094    -19.683      0.000
    V115$2            -0.596      0.037    -16.031      0.000
    V115$3             0.821      0.044     18.708      0.000
    V116$1            -1.631      0.095    -17.125      0.000
    V116$2             0.035      0.032      1.087      0.277
    V116$3             1.444      0.074     19.525      0.000
    V117$1            -1.476      0.072    -20.387      0.000
    V117$2             0.094      0.029      3.227      0.001
    V117$3             1.588      0.068     23.182      0.000
    V118$1            -1.841      0.082    -22.444      0.000
    V118$2            -0.421      0.028    -15.145      0.000
    V118$3             0.958      0.044     21.785      0.000
    V119$1            -1.446      0.096    -15.069      0.000
    V119$2            -0.098      0.029     -3.347      0.001
    V119$3             1.081      0.070     15.376      0.000
    V120$1            -0.756      0.041    -18.229      0.000
    V120$2             0.856      0.042     20.472      0.000
    V120$3             1.989      0.090     22.001      0.000
    V121$1            -1.597      0.071    -22.502      0.000
    V121$2            -0.233      0.025     -9.313      0.000
    V121$3             1.055      0.045     23.411      0.000
    V122$1            -1.789      0.086    -20.789      0.000
    V122$2            -0.026      0.032     -0.802      0.422
    V122$3             1.546      0.065     23.708      0.000
    V123$1            -1.351      0.065    -20.937      0.000
    V123$2             0.146      0.030      4.808      0.000
    V123$3             1.469      0.063     23.444      0.000
    V124$1            -1.691      0.080    -21.141      0.000
    V124$2            -0.288      0.034     -8.476      0.000
    V124$3             1.004      0.046     21.928      0.000
    V125$1            -1.584      0.077    -20.458      0.000
    V125$2            -0.188      0.034     -5.570      0.000
    V125$3             1.173      0.052     22.674      0.000
    V126$1            -1.305      0.063    -20.675      0.000
    V126$2             0.275      0.032      8.735      0.000
    V126$3             1.603      0.068     23.554      0.000
    V127$1            -1.274      0.059    -21.469      0.000
    V127$2             0.222      0.033      6.826      0.000
    V127$3             1.370      0.058     23.590      0.000
    V128$1            -2.230      0.105    -21.279      0.000
    V128$2            -0.907      0.044    -20.511      0.000
    V128$3             0.768      0.040     19.151      0.000
    V129$1            -1.372      0.068    -20.302      0.000
    V129$2             0.234      0.033      7.059      0.000
    V129$3             1.421      0.066     21.586      0.000
    V130$1            -2.234      0.115    -19.376      0.000
    V130$2            -0.939      0.048    -19.680      0.000
    V130$3             0.664      0.039     17.009      0.000
    V131$1            -1.714      0.085    -20.172      0.000
    V131$2            -0.299      0.033     -9.092      0.000
    V131$3             0.931      0.046     20.444      0.000
    V132$1            -2.304      0.123    -18.796      0.000
    V132$2            -0.962      0.052    -18.608      0.000
    V132$3             0.623      0.040     15.403      0.000

 Variances
    F1                 1.000      0.000    999.000    999.000

 Residual Variances
    V115               0.798      0.027     29.330      0.000
    V116               0.761      0.033     23.078      0.000
    V117               0.716      0.031     23.414      0.000
    V118               0.670      0.032     20.833      0.000
    V119               0.833      0.027     31.015      0.000
    V120               0.681      0.029     23.148      0.000
    V121               0.288      0.027     10.745      0.000
    V122               0.402      0.030     13.438      0.000
    V123               0.458      0.035     13.273      0.000
    V124               0.334      0.029     11.660      0.000
    V125               0.445      0.031     14.549      0.000
    V126               0.585      0.034     17.116      0.000
    V127               0.446      0.033     13.334      0.000
    V128               0.663      0.031     21.529      0.000
    V129               0.724      0.031     23.634      0.000
    V130               0.369      0.031     11.891      0.000
    V131               0.254      0.027      9.580      0.000
    V132               0.757      0.030     25.582      0.000

Group SHORT

 F1       BY
    V115               0.410      0.020     20.819      0.000
    V116               0.459      0.026     17.974      0.000
    V117               0.553      0.023     24.007      0.000
    V118               0.577      0.016     36.335      0.000
    V119               0.475      0.027     17.684      0.000
    V120               0.610      0.020     31.007      0.000
    V121               0.863      0.010     87.471      0.000
    V122               0.717      0.016     43.692      0.000
    V123               0.744      0.016     46.206      0.000
    V124               0.770      0.015     52.551      0.000
    V125               0.711      0.018     39.262      0.000
    V126               0.623      0.019     32.921      0.000
    V127               0.695      0.018     37.984      0.000
    V128               0.514      0.018     27.944      0.000
    V129               0.499      0.023     22.003      0.000
    V130               0.820      0.014     57.517      0.000
    V131               0.886      0.010     87.555      0.000
    V132               0.468      0.024     19.355      0.000

 Means
    F1                 0.000      0.000    999.000    999.000

 Thresholds
    V115$1            -1.720      0.049    -34.916      0.000
    V115$2            -0.552      0.025    -21.725      0.000
    V115$3             0.760      0.027     28.016      0.000
    V116$1            -1.557      0.058    -26.836      0.000
    V116$2             0.033      0.031      1.085      0.278
    V116$3             1.377      0.053     25.858      0.000
    V117$1            -1.555      0.061    -25.640      0.000
    V117$2             0.099      0.031      3.233      0.001
    V117$3             1.673      0.057     29.138      0.000
    V118$1            -1.877      0.047    -39.623      0.000
    V118$2            -0.429      0.024    -17.904      0.000
    V118$3             0.977      0.030     32.318      0.000
    V119$1            -1.703      0.067    -25.597      0.000
    V119$2            -0.115      0.034     -3.383      0.001
    V119$3             1.273      0.049     26.209      0.000
    V120$1            -0.828      0.037    -22.552      0.000
    V120$2             0.937      0.037     25.136      0.000
    V120$3             2.179      0.081     26.970      0.000
    V121$1            -1.656      0.043    -38.780      0.000
    V121$2            -0.242      0.024    -10.085      0.000
    V121$3             1.094      0.031     35.320      0.000
    V122$1            -1.683      0.061    -27.415      0.000
    V122$2            -0.024      0.030     -0.804      0.422
    V122$3             1.455      0.048     30.205      0.000
    V123$1            -1.385      0.049    -28.408      0.000
    V123$2             0.150      0.031      4.831      0.000
    V123$3             1.506      0.050     30.062      0.000
    V124$1            -1.619      0.057    -28.614      0.000
    V124$2            -0.275      0.031     -8.846      0.000
    V124$3             0.961      0.037     25.805      0.000
    V125$1            -1.534      0.055    -27.651      0.000
    V125$2            -0.182      0.032     -5.692      0.000
    V125$3             1.135      0.045     25.262      0.000
    V126$1            -1.279      0.046    -28.093      0.000
    V126$2             0.270      0.030      8.952      0.000
    V126$3             1.572      0.048     32.748      0.000
    V127$1            -1.205      0.042    -28.363      0.000
    V127$2             0.210      0.030      6.959      0.000
    V127$3             1.296      0.045     29.111      0.000
    V128$1            -2.002      0.068    -29.424      0.000
    V128$2            -0.814      0.029    -28.192      0.000
    V128$3             0.690      0.026     26.419      0.000
    V129$1            -1.322      0.048    -27.737      0.000
    V129$2             0.226      0.031      7.211      0.000
    V129$3             1.370      0.049     28.184      0.000
    V130$1            -2.337      0.108    -21.665      0.000
    V130$2            -0.982      0.039    -25.082      0.000
    V130$3             0.695      0.036     19.530      0.000
    V131$1            -1.783      0.065    -27.628      0.000
    V131$2            -0.311      0.032     -9.695      0.000
    V131$3             0.969      0.039     25.025      0.000
    V132$1            -2.219      0.120    -18.557      0.000
    V132$2            -0.926      0.040    -23.401      0.000
    V132$3             0.600      0.034     17.825      0.000

 Variances
    F1                 1.000      0.000    999.000    999.000

 Residual Variances
    V115               0.832      0.016     51.531      0.000
    V116               0.789      0.023     33.611      0.000
    V117               0.694      0.025     27.224      0.000
    V118               0.667      0.018     36.378      0.000
    V119               0.775      0.025     30.426      0.000
    V120               0.628      0.024     26.189      0.000
    V121               0.256      0.017     15.041      0.000
    V122               0.486      0.024     20.637      0.000
    V123               0.447      0.024     18.650      0.000
    V124               0.407      0.023     18.054      0.000
    V125               0.495      0.026     19.229      0.000
    V126               0.612      0.024     25.999      0.000
    V127               0.518      0.025     20.376      0.000
    V128               0.736      0.019     38.952      0.000
    V129               0.751      0.023     33.107      0.000
    V130               0.328      0.023     14.051      0.000
    V131               0.215      0.018     11.998      0.000
    V132               0.781      0.023     34.428      0.000


R-SQUARE

Group FULL

    Observed                                        Two-Tailed     Scale
    Variable        Estimate       S.E.  Est./S.E.    P-Value     Factors

    V115               0.202      0.027      7.417      0.000      0.893
    V116               0.239      0.033      7.229      0.000      0.873
    V117               0.284      0.031      9.274      0.000      0.846
    V118               0.330      0.032     10.247      0.000      0.819
    V119               0.167      0.027      6.221      0.000      0.913
    V120               0.319      0.029     10.838      0.000      0.825
    V121               0.712      0.027     26.568      0.000      0.537
    V122               0.598      0.030     19.973      0.000      0.634
    V123               0.542      0.035     15.705      0.000      0.677
    V124               0.666      0.029     23.229      0.000      0.578
    V125               0.555      0.031     18.120      0.000      0.667
    V126               0.415      0.034     12.140      0.000      0.765
    V127               0.554      0.033     16.594      0.000      0.667
    V128               0.337      0.031     10.944      0.000      0.814
    V129               0.276      0.031      9.018      0.000      0.851
    V130               0.631      0.031     20.375      0.000      0.607
    V131               0.746      0.027     28.136      0.000      0.504
    V132               0.243      0.030      8.230      0.000      0.870

Group SHORT

    Observed                                        Two-Tailed     Scale
    Variable        Estimate       S.E.  Est./S.E.    P-Value     Factors

    V115               0.168      0.016     10.410      0.000      0.827
    V116               0.211      0.023      8.987      0.000      0.833
    V117               0.306      0.025     12.004      0.000      0.892
    V118               0.333      0.018     18.168      0.000      0.835
    V119               0.225      0.025      8.842      0.000      1.075
    V120               0.372      0.024     15.503      0.000      0.904
    V121               0.744      0.017     43.735      0.000      0.557
    V122               0.514      0.024     21.846      0.000      0.597
    V123               0.553      0.024     23.103      0.000      0.694
    V124               0.593      0.023     26.275      0.000      0.553
    V125               0.505      0.026     19.631      0.000      0.646
    V126               0.388      0.024     16.461      0.000      0.750
    V127               0.482      0.025     18.992      0.000      0.632
    V128               0.264      0.019     13.972      0.000      0.731
    V129               0.249      0.023     11.002      0.000      0.820
    V130               0.672      0.023     28.758      0.000      0.635
    V131               0.785      0.018     43.777      0.000      0.524
    V132               0.219      0.023      9.677      0.000      0.838


QUALITY OF NUMERICAL RESULTS

     Condition Number for the Information Matrix              0.669E-04
       (ratio of smallest to largest eigenvalue)


MODEL MODIFICATION INDICES

NOTE:  Modification indices for direct effects of observed dependent variables
regressed on covariates and residual covariances among observed dependent
variables may not be included.  To include these, request MODINDICES (ALL).

Minimum M.I. value for printing the modification index    10.000

                                   M.I.     E.P.C.  Std E.P.C.  StdYX E.P.C.
Group FULL


BY Statements

F1       BY V119                  26.157    -0.124     -0.062       -0.057

WITH Statements

V116     WITH V115                14.840     0.250      0.250        0.250
V117     WITH V116                12.701     0.213      0.213        0.213
V121     WITH V119                13.193    -0.414     -0.414       -0.414
V123     WITH V122                14.063     0.301      0.301        0.301
V124     WITH V120                18.694    -0.490     -0.490       -0.490
V125     WITH V124               138.842     0.837      0.837        0.837
V126     WITH V121                10.045    -0.376     -0.376       -0.376
V126     WITH V123                32.692     0.398      0.398        0.398
V129     WITH V119                10.080     0.195      0.195        0.195
V131     WITH V121                31.544     0.593      0.593        0.593
V131     WITH V125                11.354    -0.466     -0.466       -0.466
V132     WITH V118                20.767     0.283      0.283        0.283

Means/Intercepts/Thresholds

[ V121     ]                      32.992     0.653      0.653        0.350
[ V130     ]                      12.033     0.385      0.385        0.234
[ V131     ]                      35.513     0.724      0.724        0.365
[ F1       ]                      68.025     0.096      0.191        0.191
[ V119$1   ]                      11.776    -0.284     -0.284       -0.260
[ V121$2   ]                      19.981    -0.371     -0.371       -0.199
[ V121$3   ]                      12.086    -0.266     -0.266       -0.143
[ V125$3   ]                      10.402    -0.212     -0.212       -0.142
[ V131$2   ]                      26.685    -0.474     -0.474       -0.239

Group SHORT


BY Statements

F1       BY V119                  26.154     0.313      0.155        0.167

WITH Statements

V116     WITH V115                44.346     0.486      0.486        0.413
V117     WITH V116                31.877     0.337      0.337        0.338
V119     WITH V118                49.975     0.403      0.403        0.503
V120     WITH V116                19.787     0.307      0.307        0.329
V120     WITH V117                56.936     0.461      0.461        0.563
V121     WITH V116                17.380    -0.510     -0.510       -0.525
V121     WITH V117                15.660    -0.408     -0.408       -0.480
V121     WITH V119                10.611    -0.307     -0.307       -0.412
V123     WITH V118                20.800    -0.433     -0.433       -0.459
V123     WITH V121                17.749    -0.499     -0.499       -0.570
V123     WITH V122                32.188     0.469      0.469        0.417
V124     WITH V115                12.529    -0.377     -0.377       -0.296
V124     WITH V117                15.773    -0.404     -0.404       -0.375
V124     WITH V120                15.328    -0.423     -0.423       -0.419
V125     WITH V117                16.597    -0.364     -0.364       -0.358
V125     WITH V121                30.396    -0.741     -0.741       -0.749
V125     WITH V124                92.630     0.720      0.720        0.573
V126     WITH V117                11.213     0.228      0.228        0.234
V126     WITH V118                21.746    -0.433     -0.433       -0.424
V126     WITH V121                55.812    -0.873     -0.873       -0.921
V126     WITH V123                54.602     0.512      0.512        0.510
V127     WITH V118                14.191     0.318      0.318        0.286
V127     WITH V126                12.671     0.338      0.338        0.284
V128     WITH V116                45.966     0.601      0.601        0.480
V128     WITH V117                13.782     0.275      0.275        0.250
V128     WITH V118                37.515    -0.544     -0.544       -0.474
V128     WITH V121                45.960    -0.800     -0.800       -0.750
V128     WITH V126                43.670     0.542      0.542        0.443
V129     WITH V118                15.796     0.274      0.274        0.265
V129     WITH V121                28.282    -0.597     -0.597       -0.621
V130     WITH V116                14.542    -0.417     -0.417       -0.433
V130     WITH V117                10.956    -0.338     -0.338       -0.402
V130     WITH V120                14.064    -0.391     -0.391       -0.494
V130     WITH V121                19.434     0.460      0.460        0.561
V130     WITH V123                19.705    -0.522     -0.522       -0.600
V131     WITH V117                14.008    -0.419     -0.419       -0.507
V131     WITH V118                29.876    -0.625     -0.625       -0.723
V131     WITH V120                16.032    -0.465     -0.465       -0.599
V131     WITH V121               220.896     1.494      1.494        1.858
V131     WITH V122                20.110    -0.556     -0.556       -0.538
V131     WITH V126                27.233    -0.583     -0.583       -0.632
V131     WITH V129                11.635    -0.400     -0.400       -0.429
V132     WITH V118                51.620     0.453      0.453        0.439
V132     WITH V121                25.736    -0.569     -0.569       -0.594
V132     WITH V127                17.612    -0.419     -0.419       -0.348
V132     WITH V128                11.984     0.273      0.273        0.221

Means/Intercepts/Thresholds

[ V121     ]                      33.020    -0.653     -0.653       -0.363
[ V130     ]                      12.027    -0.385     -0.385       -0.245
[ V131     ]                      35.510    -0.724     -0.724       -0.380
[ F1       ]                      68.113    -0.096     -0.194       -0.194
[ V119$1   ]                      11.796     0.360      0.360        0.387
[ V121$2   ]                      20.004     0.355      0.355        0.198
[ V121$3   ]                      12.089     0.396      0.396        0.220
[ V125$3   ]                      10.413     0.349      0.349        0.226
[ V131$2   ]                      26.716     0.458      0.458        0.240



SAVEDATA INFORMATION


  Difference testing

  Save file
    v115_scalar.dat
  Save format      Free

DIAGRAM INFORMATION

  Use View Diagram under the Diagram menu in the Mplus Editor to view the diagram.
  If running Mplus from the Mplus Diagrammer, the diagram opens automatically.

  Diagram output
    c:\users\msassac6\dropbox (the university of manchester)\papers\joe s\evs_mm_de_equivalence\mplus\eq\inv_data3_v115_

     Beginning Time:  08:32:06
        Ending Time:  08:32:09
       Elapsed Time:  00:00:03



MUTHEN & MUTHEN
3463 Stoner Ave.
Los Angeles, CA  90066

Tel: (310) 391-9971
Fax: (310) 391-8971
Web: www.StatModel.com
Support: Support@StatModel.com

Copyright (c) 1998-2017 Muthen & Muthen
