Mplus VERSION 8
MUTHEN & MUTHEN
07/13/2020   8:29 AM

INPUT INSTRUCTIONS

  TITLE: Your title goes here

   DATA: FILE = eq/data.dta;

   VARIABLE:

   NAMES = id_cocas weight comp_mode comp_len mode mm_matrix_group wei_mmf v2 v3 v4 v32
       v33 v34 v35 v36 v37 v46 v47 v48 v49 v50 v65 v66 v67 v68 v69 v70 v82 v83 v84 v98
       v99 v100 v101 v103 v104 v105 v106 v107 v115 v116 v117 v118 v119 v120 v121 v122
       v123 v124 v125 v126 v127 v128 v129 v130 v131 v132 v133 v134 v135 v136 v137 v138
       v139 v140 v141 v145 v146 v147 v148 v149 v150 v151 v152 v153 v154 v155 v156 v157
       v158 v159 v160 v161 v162 v163 v164 v165 v166 v167 v176 v177 v178 v179 v180 v181
       v182 v183 v185 v186 v187 v188 v189 v191 v192 v193 v194 v195 v196 v197 v199 v200
       v201 v202 v203 v205 v206 v207 v208 v209 v210 v211 v212 v213 v214 v215 v216 v217
       v218 v220 v221 v222 v223 v224 v267 v268 v269 v271 v272 v273;

   MISSING=.;

   USEVARIABLES ARE
   v189
   v191
   v192
   v193;

   CATEGORICAL ARE
   v189
   v191
   v192
   v193;

   GROUPING IS comp_len (0=full 1=short);

  WEIGHT IS weight;

   Analysis:

                  ESTIMATOR = WLSMV;

                  ITERATIONS = 100000;

                  PARAMETERIZATION = THETA;

  Model:


  f1 BY v189@1
  v191 (L2_full)
  v192 (L3_full)
  v193 (L4_full)
  ;


   [f1@0];
  [v189$1] (t_v189_1);
  [v189$2] (t_v189_2);
  [v189$3] (t_v189_3);

  [v191$1] (t_v191_1);
  [v191$2] (t_v191_2_full);
  [v191$3] (t_v191_3_full);

  [v192$1] (t_v192_1);
  [v192$2] (t_v192_2_full);
  [v192$3] (t_v192_3_full);

  [v193$1] (t_v193_1);
  [v193$2] (t_v193_2_full);
  [v193$3] (t_v193_3_full);


  Model short:

  f1 BY v189@1
  v191 (L2_short)
  v192 (L3_short)
  v193 (L4_short)
  ;


   [f1@0];
  [v189$1] (t_v189_1);
  [v189$2] (t_v189_2);
  [v189$3] (t_v189_3);

  [v191$1] (t_v191_1);
  [v191$2] (t_v191_2_short);
  [v191$3] (t_v191_3_short);

  [v192$1] (t_v192_1);
  [v192$2] (t_v192_2_short);
  [v192$3] (t_v192_3_short);

  [v193$1] (t_v193_1);
  [v193$2] (t_v193_2_short);
  [v193$3] (t_v193_3_short);


   SAVEDATA: DIFFTEST IS v189_config.dat;

   OUTPUT: SAMPSTAT;

                                  MODINDICES;

                                  STDYX;




*** WARNING
  Data set contains unknown or missing values for GROUPING,
  PATTERN, COHORT, CLUSTER and/or STRATIFICATION variables.
  Number of cases with unknown or missing values:  1494
*** WARNING
  Data set contains cases with missing on all variables.
  These cases were not included in the analysis.
  Number of cases with missing on all variables:  1628
   2 WARNING(S) FOUND IN THE INPUT INSTRUCTIONS



Your title goes here

SUMMARY OF ANALYSIS

Number of groups                                                 2
Number of observations
   Group FULL                                                  668
   Group SHORT                                                1626
   Total sample size                                          2294

Number of dependent variables                                    4
Number of independent variables                                  0
Number of continuous latent variables                            1

Observed dependent variables

  Binary and ordered categorical (ordinal)
   V189        V191        V192        V193

Continuous latent variables
   F1

Variables with special functions

  Grouping variable     COMP_LEN
  Weight variable       WEIGHT

Estimator                                                    WLSMV
Maximum number of iterations                                100000
Convergence criterion                                    0.500D-04
Maximum number of steepest descent iterations                   20
Maximum number of iterations for H1                           2000
Convergence criterion for H1                             0.100D-03
Parameterization                                             THETA
Link                                                        PROBIT

Input data file(s)
  eq/data.dta

Input data format  FREE


SUMMARY OF DATA

   Group FULL
     Number of missing data patterns            10

   Group SHORT
     Number of missing data patterns            11


COVARIANCE COVERAGE OF DATA

Minimum covariance coverage value   0.100


     PROPORTION OF DATA PRESENT FOR FULL


           Covariance Coverage
              V189          V191          V192          V193
              ________      ________      ________      ________
 V189           0.978
 V191           0.957         0.966
 V192           0.975         0.964         0.996
 V193           0.948         0.940         0.963         0.967


     PROPORTION OF DATA PRESENT FOR SHORT


           Covariance Coverage
              V189          V191          V192          V193
              ________      ________      ________      ________
 V189           0.974
 V191           0.956         0.972
 V192           0.972         0.971         0.997
 V193           0.950         0.949         0.969         0.970


UNIVARIATE PROPORTIONS AND COUNTS FOR CATEGORICAL VARIABLES

  Group FULL
    V189
      Category 1    0.171          111.810
      Category 2    0.256          167.461
      Category 3    0.452          295.276
      Category 4    0.121           78.895
    V191
      Category 1    0.089           57.124
      Category 2    0.153           98.146
      Category 3    0.546          351.303
      Category 4    0.213          136.845
    V192
      Category 1    0.718          477.232
      Category 2    0.265          175.855
      Category 3    0.013            8.715
      Category 4    0.004            2.510
    V193
      Category 1    0.262          169.221
      Category 2    0.452          292.205
      Category 3    0.240          155.354
      Category 4    0.047           30.210

  Group SHORT
    V189
      Category 1    0.167          265.005
      Category 2    0.279          441.449
      Category 3    0.424          670.927
      Category 4    0.130          205.271
    V191
      Category 1    0.100          157.110
      Category 2    0.185          289.764
      Category 3    0.500          784.747
      Category 4    0.215          337.292
    V192
      Category 1    0.701         1134.514
      Category 2    0.280          453.534
      Category 3    0.015           24.547
      Category 4    0.004            6.150
    V193
      Category 1    0.266          418.320
      Category 2    0.442          695.234
      Category 3    0.248          390.309
      Category 4    0.044           68.407


SAMPLE STATISTICS


     ESTIMATED SAMPLE STATISTICS FOR FULL


           MEANS/INTERCEPTS/THRESHOLDS
              V189$1        V189$2        V189$3        V191$1        V191$2
              ________      ________      ________      ________      ________
               -0.950        -0.183         1.171        -1.348        -0.702


           MEANS/INTERCEPTS/THRESHOLDS
              V191$3        V192$1        V192$2        V192$3        V193$1
              ________      ________      ________      ________      ________
                0.797         0.578         2.123         2.671        -0.639


           MEANS/INTERCEPTS/THRESHOLDS
              V193$2        V193$3
              ________      ________
                0.563         1.678


           CORRELATION MATRIX (WITH VARIANCES ON THE DIAGONAL)
              V189          V191          V192          V193
              ________      ________      ________      ________
 V189
 V191           0.695
 V192           0.467         0.404
 V193           0.430         0.510         0.529


     ESTIMATED SAMPLE STATISTICS FOR SHORT


           MEANS/INTERCEPTS/THRESHOLDS
              V189$1        V189$2        V189$3        V191$1        V191$2
              ________      ________      ________      ________      ________
               -0.964        -0.135         1.128        -1.281        -0.569


           MEANS/INTERCEPTS/THRESHOLDS
              V191$3        V192$1        V192$2        V192$3        V193$1
              ________      ________      ________      ________      ________
                0.789         0.527         2.076         2.669        -0.625


           MEANS/INTERCEPTS/THRESHOLDS
              V193$2        V193$3
              ________      ________
                0.548         1.711


           CORRELATION MATRIX (WITH VARIANCES ON THE DIAGONAL)
              V189          V191          V192          V193
              ________      ________      ________      ________
 V189
 V191           0.725
 V192           0.317         0.279
 V193           0.497         0.557         0.453


THE MODEL ESTIMATION TERMINATED NORMALLY



MODEL FIT INFORMATION

Number of Free Parameters                       30

Chi-Square Test of Model Fit

          Value                             61.115*
          Degrees of Freedom                     6
          P-Value                           0.0000

Chi-Square Contribution From Each Group

          FULL                              18.168
          SHORT                             42.947

*   The chi-square value for MLM, MLMV, MLR, ULSMV, WLSM and WLSMV cannot be used
    for chi-square difference testing in the regular way.  MLM, MLR and WLSM
    chi-square difference testing is described on the Mplus website.  MLMV, WLSMV,
    and ULSMV difference testing is done using the DIFFTEST option.

RMSEA (Root Mean Square Error Of Approximation)

          Estimate                           0.089
          90 Percent C.I.                    0.070  0.110
          Probability RMSEA <= .05           0.001

CFI/TLI

          CFI                                0.988
          TLI                                0.976

Chi-Square Test of Model Fit for the Baseline Model

          Value                           4642.500
          Degrees of Freedom                    12
          P-Value                           0.0000

WRMR (Weighted Root Mean Square Residual)

          Value                              1.774



MODEL RESULTS

                                                    Two-Tailed
                    Estimate       S.E.  Est./S.E.    P-Value

Group FULL

 F1       BY
    V189               1.000      0.000    999.000    999.000
    V191               1.252      0.295      4.238      0.000
    V192               0.613      0.091      6.716      0.000
    V193               0.604      0.080      7.598      0.000

 Means
    F1                 0.000      0.000    999.000    999.000

 Thresholds
    V189$1            -1.591      0.118    -13.435      0.000
    V189$2            -0.247      0.052     -4.722      0.000
    V189$3             1.891      0.141     13.449      0.000
    V191$1            -2.572      0.307     -8.385      0.000
    V191$2            -1.338      0.180     -7.426      0.000
    V191$3             1.519      0.189      8.045      0.000
    V192$1             0.739      0.080      9.272      0.000
    V192$2             2.711      0.211     12.847      0.000
    V192$3             3.415      0.327     10.436      0.000
    V193$1            -0.809      0.079    -10.277      0.000
    V193$2             0.715      0.079      9.017      0.000
    V193$3             2.131      0.136     15.659      0.000

 Variances
    F1                 1.679      0.368      4.557      0.000

 Residual Variances
    V189               1.000      0.000    999.000    999.000
    V191               1.000      0.000    999.000    999.000
    V192               1.000      0.000    999.000    999.000
    V193               1.000      0.000    999.000    999.000

Group SHORT

 F1       BY
    V189               1.000      0.000    999.000    999.000
    V191               1.292      0.232      5.582      0.000
    V192               0.468      0.078      5.977      0.000
    V193               0.621      0.086      7.187      0.000

 Means
    F1                 0.000      0.000    999.000    999.000

 Thresholds
    V189$1            -1.591      0.118    -13.435      0.000
    V189$2            -0.247      0.052     -4.722      0.000
    V189$3             1.891      0.141     13.449      0.000
    V191$1            -2.572      0.307     -8.385      0.000
    V191$2            -1.142      0.151     -7.572      0.000
    V191$3             1.585      0.218      7.284      0.000
    V192$1             0.739      0.080      9.272      0.000
    V192$2             2.909      0.379      7.670      0.000
    V192$3             3.741      0.522      7.168      0.000
    V193$1            -0.809      0.079    -10.277      0.000
    V193$2             0.709      0.104      6.845      0.000
    V193$3             2.214      0.272      8.129      0.000

 Variances
    F1                 1.846      0.297      6.224      0.000

 Residual Variances
    V189               0.930      0.155      5.986      0.000
    V191               0.951      0.270      3.528      0.000
    V192               1.560      0.406      3.840      0.000
    V193               0.963      0.222      4.341      0.000


STANDARDIZED MODEL RESULTS


STDYX Standardization

                                                    Two-Tailed
                    Estimate       S.E.  Est./S.E.    P-Value

Group FULL

 F1       BY
    V189               0.792      0.032     24.418      0.000
    V191               0.851      0.036     23.710      0.000
    V192               0.622      0.046     13.494      0.000
    V193               0.616      0.035     17.821      0.000

 Means
    F1                 0.000      0.000    999.000    999.000

 Thresholds
    V189$1            -0.972      0.050    -19.624      0.000
    V189$2            -0.151      0.031     -4.861      0.000
    V189$3             1.155      0.056     20.761      0.000
    V191$1            -1.350      0.082    -16.505      0.000
    V191$2            -0.702      0.062    -11.393      0.000
    V191$3             0.797      0.060     13.385      0.000
    V192$1             0.578      0.057     10.093      0.000
    V192$2             2.122      0.166     12.803      0.000
    V192$3             2.673      0.241     11.106      0.000
    V193$1            -0.637      0.061    -10.380      0.000
    V193$2             0.563      0.060      9.362      0.000
    V193$3             1.678      0.105     15.930      0.000

 Variances
    F1                 1.000      0.000    999.000    999.000

 Residual Variances
    V189               0.373      0.051      7.271      0.000
    V191               0.275      0.061      4.505      0.000
    V192               0.613      0.057     10.676      0.000
    V193               0.620      0.043     14.541      0.000

Group SHORT

 F1       BY
    V189               0.816      0.019     42.929      0.000
    V191               0.874      0.019     46.487      0.000
    V192               0.454      0.035     13.038      0.000
    V193               0.652      0.020     32.304      0.000

 Means
    F1                 0.000      0.000    999.000    999.000

 Thresholds
    V189$1            -0.955      0.038    -25.336      0.000
    V189$2            -0.148      0.030     -4.951      0.000
    V189$3             1.135      0.042     26.994      0.000
    V191$1            -1.280      0.048    -26.953      0.000
    V191$2            -0.569      0.038    -15.099      0.000
    V191$3             0.789      0.040     19.624      0.000
    V192$1             0.527      0.037     14.203      0.000
    V192$2             2.075      0.084     24.665      0.000
    V192$3             2.669      0.163     16.346      0.000
    V193$1            -0.625      0.038    -16.419      0.000
    V193$2             0.548      0.038     14.367      0.000
    V193$3             1.711      0.064     26.944      0.000

 Variances
    F1                 1.000      0.000    999.000    999.000

 Residual Variances
    V189               0.335      0.031     10.811      0.000
    V191               0.236      0.033      7.167      0.000
    V192               0.794      0.032     25.156      0.000
    V193               0.575      0.026     21.887      0.000


R-SQUARE

Group FULL

    Observed                                        Two-Tailed     Scale
    Variable        Estimate       S.E.  Est./S.E.    P-Value     Factors

    V189               0.627      0.051     12.209      0.000      0.611
    V191               0.725      0.061     11.855      0.000      0.525
    V192               0.387      0.057      6.747      0.000      0.783
    V193               0.380      0.043      8.910      0.000      0.787

Group SHORT

    Observed                                        Two-Tailed     Scale
    Variable        Estimate       S.E.  Est./S.E.    P-Value     Factors

    V189               0.665      0.031     21.465      0.000      0.600
    V191               0.764      0.033     23.244      0.000      0.498
    V192               0.206      0.032      6.519      0.000      0.713
    V193               0.425      0.026     16.152      0.000      0.773


QUALITY OF NUMERICAL RESULTS

     Condition Number for the Information Matrix              0.677E-03
       (ratio of smallest to largest eigenvalue)


MODEL MODIFICATION INDICES

NOTE:  Modification indices for direct effects of observed dependent variables
regressed on covariates and residual covariances among observed dependent
variables may not be included.  To include these, request MODINDICES (ALL).

Minimum M.I. value for printing the modification index    10.000

                                   M.I.     E.P.C.  Std E.P.C.  StdYX E.P.C.
Group FULL


WITH Statements

V191     WITH V189                14.943     1.297      1.297        1.297
V192     WITH V191                10.507    -0.681     -0.681       -0.681
V193     WITH V192                15.232     0.388      0.388        0.388

Means/Intercepts/Thresholds

[ V193     ]                     999.000     0.000      0.000        0.000
[ V193$1   ]                     999.000     0.000      0.000        0.000

Group SHORT


WITH Statements

V191     WITH V189                98.106     4.725      4.725        5.025
V192     WITH V191                48.812    -1.550     -1.550       -1.273
V193     WITH V189                48.507    -1.585     -1.585       -1.675
V193     WITH V192                97.860     1.061      1.061        0.865

Means/Intercepts/Thresholds

[ V193     ]                     999.000     0.000      0.000        0.000
[ V193$1   ]                     999.000     0.000      0.000        0.000



SAVEDATA INFORMATION


  Difference testing

  Save file
    v189_config.dat
  Save format      Free

DIAGRAM INFORMATION

  Use View Diagram under the Diagram menu in the Mplus Editor to view the diagram.
  If running Mplus from the Mplus Diagrammer, the diagram opens automatically.

  Diagram output
    c:\users\msassac6\dropbox (the university of manchester)\papers\joe s\evs_mm_de_equivalence\mplus\eq\inv_data3_v189_

     Beginning Time:  08:29:54
        Ending Time:  08:29:55
       Elapsed Time:  00:00:01



MUTHEN & MUTHEN
3463 Stoner Ave.
Los Angeles, CA  90066

Tel: (310) 391-9971
Fax: (310) 391-8971
Web: www.StatModel.com
Support: Support@StatModel.com

Copyright (c) 1998-2017 Muthen & Muthen
