Mplus VERSION 8
MUTHEN & MUTHEN
07/06/2020   2:39 PM

INPUT INSTRUCTIONS

  TITLE: Your title goes here

   DATA: FILE = eq/data.dta;

   VARIABLE:

   NAMES = id_cocas weight comp_mode comp_len mode mm_matrix_group wei_mmf v2 v3 v4 v32
       v33 v34 v35 v36 v37 v46 v47 v48 v49 v50 v65 v66 v67 v68 v69 v70 v82 v83 v84 v98
       v99 v100 v101 v103 v104 v105 v106 v107 v115 v116 v117 v118 v119 v120 v121 v122
       v123 v124 v125 v126 v127 v128 v129 v130 v131 v132 v133 v134 v135 v136 v137 v138
       v139 v140 v141 v145 v146 v147 v148 v149 v150 v151 v152 v153 v154 v155 v156 v157
       v158 v159 v160 v161 v162 v163 v164 v165 v166 v167 v176 v177 v178 v179 v180 v181
       v182 v183 v185 v186 v187 v188 v189 v191 v192 v193 v194 v195 v196 v197 v199 v200
       v201 v202 v203 v205 v206 v207 v208 v209 v210 v211 v212 v213 v214 v215 v216 v217
       v218 v220 v221 v222 v223 v224 v267 v268 v269 v271 v272 v273;

   MISSING=.;

   USEVARIABLES ARE
   v212
   v213
   v214
   v215
   v216;

   GROUPING IS comp_mode (0=sm 1=mm);

  Model:


  f1 BY v212@1
  v213 (L2)
  v214 (L3)
  v215 (L4)
  v216 (L5)
  ;

  [v212] (i1_sm);
  [v213] (i2_sm);
  [v214] (i3_sm);
  [v215] (i4_sm);
  [v216] (i5_sm);

   [f1@0];

  Model mm:

  f1 BY v212@1
  v213 (L2)
  v214 (L3)
  v215 (L4)
  v216 (L5)
  ;

  [v212] (i1_mm);
  [v213] (i2_mm);
  [v214] (i3_mm);
  [v215] (i4_mm);
  [v216] (i5_mm);

   [f1@0];

   SAVEDATA: DIFFTEST IS v212_metric.dat;

   OUTPUT: SAMPSTAT;

                                  MODINDICES;

                                  STDYX;




*** WARNING in SAVEDATA command
  The DIFFTEST option is available only for the estimators MLMV, WLSMV and ULSMV.
  Request for DIFFTEST will be ignored.
*** WARNING
  Data set contains unknown or missing values for GROUPING,
  PATTERN, COHORT, CLUSTER and/or STRATIFICATION variables.
  Number of cases with unknown or missing values:  3244
*** WARNING
  Data set contains cases with missing on all variables.
  These cases were not included in the analysis.
  Number of cases with missing on all variables:  23
   3 WARNING(S) FOUND IN THE INPUT INSTRUCTIONS



Your title goes here

SUMMARY OF ANALYSIS

Number of groups                                                 2
Number of observations
   Group SM                                                   1491
   Group MM                                                    658
   Total sample size                                          2149

Number of dependent variables                                    5
Number of independent variables                                  0
Number of continuous latent variables                            1

Observed dependent variables

  Continuous
   V212        V213        V214        V215        V216

Continuous latent variables
   F1

Variables with special functions

  Grouping variable     COMP_MOD

Estimator                                                       ML
Information matrix                                        OBSERVED
Maximum number of iterations                                  1000
Convergence criterion                                    0.500D-04
Maximum number of steepest descent iterations                   20
Maximum number of iterations for H1                           2000
Convergence criterion for H1                             0.100D-03

Input data file(s)
  eq/data.dta

Input data format  FREE


SUMMARY OF DATA

   Group SM
     Number of missing data patterns            12

   Group MM
     Number of missing data patterns            16


COVARIANCE COVERAGE OF DATA

Minimum covariance coverage value   0.100


     PROPORTION OF DATA PRESENT FOR SM


           Covariance Coverage
              V212          V213          V214          V215          V216
              ________      ________      ________      ________      ________
 V212           0.998
 V213           0.995         0.997
 V214           0.989         0.989         0.991
 V215           0.987         0.986         0.985         0.989
 V216           0.987         0.986         0.984         0.985         0.989


     PROPORTION OF DATA PRESENT FOR MM


           Covariance Coverage
              V212          V213          V214          V215          V216
              ________      ________      ________      ________      ________
 V212           0.985
 V213           0.970         0.979
 V214           0.970         0.965         0.980
 V215           0.959         0.953         0.959         0.968
 V216           0.954         0.945         0.951         0.951         0.962


SAMPLE STATISTICS


     ESTIMATED SAMPLE STATISTICS FOR SM


           Means
              V212          V213          V214          V215          V216
              ________      ________      ________      ________      ________
                2.145         2.352         2.329         2.583         2.577


           Covariances
              V212          V213          V214          V215          V216
              ________      ________      ________      ________      ________
 V212           0.694
 V213           0.490         0.693
 V214           0.392         0.481         0.621
 V215           0.372         0.486         0.492         0.721
 V216           0.329         0.435         0.427         0.609         0.808


           Correlations
              V212          V213          V214          V215          V216
              ________      ________      ________      ________      ________
 V212           1.000
 V213           0.707         1.000
 V214           0.598         0.733         1.000
 V215           0.526         0.687         0.736         1.000
 V216           0.439         0.582         0.602         0.798         1.000


     ESTIMATED SAMPLE STATISTICS FOR MM


           Means
              V212          V213          V214          V215          V216
              ________      ________      ________      ________      ________
                2.211         2.372         2.322         2.617         2.579


           Covariances
              V212          V213          V214          V215          V216
              ________      ________      ________      ________      ________
 V212           0.665
 V213           0.513         0.788
 V214           0.383         0.484         0.647
 V215           0.369         0.483         0.475         0.772
 V216           0.273         0.364         0.369         0.598         0.900


           Correlations
              V212          V213          V214          V215          V216
              ________      ________      ________      ________      ________
 V212           1.000
 V213           0.709         1.000
 V214           0.584         0.677         1.000
 V215           0.515         0.619         0.671         1.000
 V216           0.353         0.432         0.484         0.718         1.000


     MAXIMUM LOG-LIKELIHOOD VALUE FOR THE UNRESTRICTED (H1) MODEL IS -9904.522


UNIVARIATE SAMPLE STATISTICS


     UNIVARIATE HIGHER-ORDER MOMENT DESCRIPTIVE STATISTICS FOR SM

         Variable/         Mean/     Skewness/   Minimum/ % with                Percentiles
        Sample Size      Variance    Kurtosis    Maximum  Min/Max      20%/60%    40%/80%    Median

     V212                  2.144       0.664       1.000   20.30%       1.000      2.000      2.000
            1488.000       0.695       0.497       5.000    0.81%       2.000      3.000
     V213                  2.351       0.561       1.000   11.84%       2.000      2.000      2.000
            1486.000       0.694       0.262       5.000    1.01%       2.000      3.000
     V214                  2.328       0.544       1.000   11.23%       2.000      2.000      2.000
            1478.000       0.621       0.535       5.000    0.95%       2.000      3.000
     V215                  2.580       0.420       1.000    6.92%       2.000      2.000      2.000
            1474.000       0.721       0.049       5.000    1.83%       3.000      3.000
     V216                  2.575       0.255       1.000    9.91%       2.000      2.000      3.000
            1474.000       0.809      -0.277       5.000    1.63%       3.000      3.000


     UNIVARIATE HIGHER-ORDER MOMENT DESCRIPTIVE STATISTICS FOR MM

         Variable/         Mean/     Skewness/   Minimum/ % with                Percentiles
        Sample Size      Variance    Kurtosis    Maximum  Min/Max      20%/60%    40%/80%    Median

     V212                  2.215       0.629       1.000   16.51%       2.000      2.000      2.000
             648.000       0.665       0.663       5.000    1.08%       2.000      3.000
     V213                  2.366       0.658       1.000   13.35%       2.000      2.000      2.000
             644.000       0.782       0.586       5.000    2.48%       2.000      3.000
     V214                  2.315       0.553       1.000   12.56%       2.000      2.000      2.000
             645.000       0.640       0.745       5.000    1.40%       2.000      3.000
     V215                  2.615       0.367       1.000    7.22%       2.000      2.000      3.000
             637.000       0.767      -0.107       5.000    2.04%       3.000      3.000
     V216                  2.573       0.373       1.000   10.74%       2.000      2.000      2.000
             633.000       0.899      -0.251       5.000    2.69%       3.000      3.000


THE MODEL ESTIMATION TERMINATED NORMALLY



MODEL FIT INFORMATION

Number of Free Parameters                       26

Loglikelihood

          H0 Value                      -10326.109
          H1 Value                       -9904.522

Information Criteria

          Akaike (AIC)                   20704.219
          Bayesian (BIC)                 20851.710
          Sample-Size Adjusted BIC       20769.105
            (n* = (n + 2) / 24)

Chi-Square Test of Model Fit

          Value                            843.174
          Degrees of Freedom                    14
          P-Value                           0.0000

Chi-Square Contribution From Each Group

          SM                               588.445
          MM                               254.728

RMSEA (Root Mean Square Error Of Approximation)

          Estimate                           0.235
          90 Percent C.I.                    0.221  0.248
          Probability RMSEA <= .05           0.000

CFI/TLI

          CFI                                0.877
          TLI                                0.824

Chi-Square Test of Model Fit for the Baseline Model

          Value                           6761.928
          Degrees of Freedom                    20
          P-Value                           0.0000

SRMR (Standardized Root Mean Square Residual)

          Value                              0.060



MODEL RESULTS

                                                    Two-Tailed
                    Estimate       S.E.  Est./S.E.    P-Value

Group SM

 F1       BY
    V212               1.000      0.000    999.000    999.000
    V213               1.220      0.035     34.972      0.000
    V214               1.161      0.034     34.249      0.000
    V215               1.304      0.040     32.294      0.000
    V216               1.199      0.042     28.444      0.000

 Means
    F1                 0.000      0.000    999.000    999.000

 Intercepts
    V212               2.145      0.022     98.963      0.000
    V213               2.352      0.022    108.379      0.000
    V214               2.329      0.020    114.005      0.000
    V215               2.583      0.022    117.218      0.000
    V216               2.576      0.023    111.445      0.000

 Variances
    F1                 0.327      0.021     15.822      0.000

 Residual Variances
    V212               0.372      0.016     23.771      0.000
    V213               0.214      0.011     18.959      0.000
    V214               0.179      0.009     19.935      0.000
    V215               0.164      0.011     15.385      0.000
    V216               0.322      0.015     20.952      0.000

Group MM

 F1       BY
    V212               1.000      0.000    999.000    999.000
    V213               1.220      0.035     34.972      0.000
    V214               1.161      0.034     34.249      0.000
    V215               1.304      0.040     32.294      0.000
    V216               1.199      0.042     28.444      0.000

 Means
    F1                 0.000      0.000    999.000    999.000

 Intercepts
    V212               2.213      0.032     69.803      0.000
    V213               2.369      0.034     69.285      0.000
    V214               2.321      0.032     73.542      0.000
    V215               2.619      0.035     75.858      0.000
    V216               2.578      0.039     66.645      0.000

 Variances
    F1                 0.317      0.025     12.675      0.000

 Residual Variances
    V212               0.337      0.022     15.213      0.000
    V213               0.288      0.021     13.430      0.000
    V214               0.221      0.016     13.530      0.000
    V215               0.232      0.020     11.730      0.000
    V216               0.504      0.033     15.134      0.000


STANDARDIZED MODEL RESULTS


STDYX Standardization

                                                    Two-Tailed
                    Estimate       S.E.  Est./S.E.    P-Value

Group SM

 F1       BY
    V212               0.684      0.015     46.665      0.000
    V213               0.833      0.010     82.019      0.000
    V214               0.843      0.009     91.617      0.000
    V215               0.879      0.009     98.393      0.000
    V216               0.770      0.013     59.881      0.000

 Means
    F1                 0.000      0.000    999.000    999.000

 Intercepts
    V212               2.564      0.051     49.935      0.000
    V213               2.809      0.056     49.810      0.000
    V214               2.958      0.059     50.466      0.000
    V215               3.042      0.061     50.211      0.000
    V216               2.895      0.057     50.677      0.000

 Variances
    F1                 1.000      0.000    999.000    999.000

 Residual Variances
    V212               0.532      0.020     26.543      0.000
    V213               0.306      0.017     18.058      0.000
    V214               0.289      0.016     18.618      0.000
    V215               0.228      0.016     14.521      0.000
    V216               0.406      0.020     20.504      0.000

Group MM

 F1       BY
    V212               0.696      0.020     35.667      0.000
    V213               0.788      0.016     48.314      0.000
    V214               0.812      0.015     55.653      0.000
    V215               0.836      0.015     57.563      0.000
    V216               0.689      0.019     37.101      0.000

 Means
    F1                 0.000      0.000    999.000    999.000

 Intercepts
    V212               2.734      0.076     35.865      0.000
    V213               2.716      0.077     35.320      0.000
    V214               2.882      0.082     35.263      0.000
    V215               2.980      0.086     34.731      0.000
    V216               2.630      0.075     35.089      0.000

 Variances
    F1                 1.000      0.000    999.000    999.000

 Residual Variances
    V212               0.515      0.027     18.960      0.000
    V213               0.379      0.026     14.750      0.000
    V214               0.341      0.024     14.370      0.000
    V215               0.301      0.024     12.384      0.000
    V216               0.525      0.026     20.517      0.000


R-SQUARE

Group SM

    Observed                                        Two-Tailed
    Variable        Estimate       S.E.  Est./S.E.    P-Value

    V212               0.468      0.020     23.332      0.000
    V213               0.694      0.017     41.010      0.000
    V214               0.711      0.016     45.808      0.000
    V215               0.772      0.016     49.197      0.000
    V216               0.594      0.020     29.940      0.000

Group MM

    Observed                                        Two-Tailed
    Variable        Estimate       S.E.  Est./S.E.    P-Value

    V212               0.485      0.027     17.833      0.000
    V213               0.621      0.026     24.157      0.000
    V214               0.659      0.024     27.827      0.000
    V215               0.699      0.024     28.782      0.000
    V216               0.475      0.026     18.550      0.000


QUALITY OF NUMERICAL RESULTS

     Condition Number for the Information Matrix              0.121E-01
       (ratio of smallest to largest eigenvalue)


MODEL MODIFICATION INDICES

NOTE:  Modification indices for direct effects of observed dependent variables
regressed on covariates may not be included.  To include these, request
MODINDICES (ALL).

Minimum M.I. value for printing the modification index    10.000

                                   M.I.     E.P.C.  Std E.P.C.  StdYX E.P.C.
Group SM


WITH Statements

V213     WITH V212               268.921     0.149      0.149        0.528
V214     WITH V213                40.111     0.050      0.050        0.256
V215     WITH V212               120.361    -0.097     -0.097       -0.392
V215     WITH V213               115.806    -0.093     -0.093       -0.497
V216     WITH V212                75.682    -0.091     -0.091       -0.262
V216     WITH V213                80.880    -0.082     -0.082       -0.313
V216     WITH V214                61.286    -0.067     -0.067       -0.279
V216     WITH V215               496.347     0.203      0.203        0.883

Group MM


WITH Statements

V213     WITH V212               116.002     0.168      0.168        0.537
V214     WITH V213                10.141     0.047      0.047        0.186
V215     WITH V212                35.580    -0.091     -0.091       -0.325
V215     WITH V213                29.659    -0.088     -0.088       -0.339
V216     WITH V212                36.963    -0.116     -0.116       -0.281
V216     WITH V213                47.039    -0.131     -0.131       -0.343
V216     WITH V214                16.451    -0.070     -0.070       -0.210
V216     WITH V215               177.314     0.247      0.247        0.721



DIAGRAM INFORMATION

  Use View Diagram under the Diagram menu in the Mplus Editor to view the diagram.
  If running Mplus from the Mplus Diagrammer, the diagram opens automatically.

  Diagram output
    c:\users\msassac6\dropbox (the university of manchester)\papers\joe s\evs_mm_de_equivalence\mplus\eq\inv_data3_v212_

     Beginning Time:  14:39:42
        Ending Time:  14:39:42
       Elapsed Time:  00:00:00



MUTHEN & MUTHEN
3463 Stoner Ave.
Los Angeles, CA  90066

Tel: (310) 391-9971
Fax: (310) 391-8971
Web: www.StatModel.com
Support: Support@StatModel.com

Copyright (c) 1998-2017 Muthen & Muthen
