Mplus VERSION 8
MUTHEN & MUTHEN
07/13/2020   8:31 AM

INPUT INSTRUCTIONS

  TITLE: Your title goes here

   DATA: FILE = eq/data.dta;

   VARIABLE:

   NAMES = id_cocas weight comp_mode comp_len mode mm_matrix_group wei_mmf v2 v3 v4 v32
       v33 v34 v35 v36 v37 v46 v47 v48 v49 v50 v65 v66 v67 v68 v69 v70 v82 v83 v84 v98
       v99 v100 v101 v103 v104 v105 v106 v107 v115 v116 v117 v118 v119 v120 v121 v122
       v123 v124 v125 v126 v127 v128 v129 v130 v131 v132 v133 v134 v135 v136 v137 v138
       v139 v140 v141 v145 v146 v147 v148 v149 v150 v151 v152 v153 v154 v155 v156 v157
       v158 v159 v160 v161 v162 v163 v164 v165 v166 v167 v176 v177 v178 v179 v180 v181
       v182 v183 v185 v186 v187 v188 v189 v191 v192 v193 v194 v195 v196 v197 v199 v200
       v201 v202 v203 v205 v206 v207 v208 v209 v210 v211 v212 v213 v214 v215 v216 v217
       v218 v220 v221 v222 v223 v224 v267 v268 v269 v271 v272 v273;

   MISSING=.;

   USEVARIABLES ARE
   v149
   v150
   v152
   v159
   v162;

   GROUPING IS comp_mode (0=sm 1=mm);

  WEIGHT IS weight;

   Analysis:

                  ESTIMATOR = MLR;
  Model:


  f1 BY v149@1
  v150 (L2_sm)
  v152 (L3_sm)
  v159 (L4_sm)
  v162 (L5_sm)
  ;


   [f1@0];[v149] (i1_sm);
  [v150] (i2_sm);
  [v152] (i3_sm);
  [v159] (i4_sm);
  [v162] (i5_sm);


  Model mm:

  f1 BY v149@1
  v150 (L2_mm)
  v152 (L3_mm)
  v159 (L4_mm)
  v162 (L5_mm)
  ;


   [f1@0];[v149] (i1_mm);
  [v150] (i2_mm);
  [v152] (i3_mm);
  [v159] (i4_mm);
  [v162] (i5_mm);


   SAVEDATA: DIFFTEST IS v149_config.dat;

   OUTPUT: SAMPSTAT;

                                  MODINDICES;

                                  STDYX;




*** WARNING in SAVEDATA command
  The DIFFTEST option is available only for the estimators MLMV, WLSMV and ULSMV.
  Request for DIFFTEST will be ignored.
*** WARNING
  Data set contains unknown or missing values for GROUPING,
  PATTERN, COHORT, CLUSTER and/or STRATIFICATION variables.
  Number of cases with unknown or missing values:  3244
*** WARNING
  Data set contains cases with missing on all variables.
  These cases were not included in the analysis.
  Number of cases with missing on all variables:  10
   3 WARNING(S) FOUND IN THE INPUT INSTRUCTIONS



Your title goes here

SUMMARY OF ANALYSIS

Number of groups                                                 2
Number of observations
   Group SM                                                   1492
   Group MM                                                    670
   Total sample size                                          2162

Number of dependent variables                                    5
Number of independent variables                                  0
Number of continuous latent variables                            1

Observed dependent variables

  Continuous
   V149        V150        V152        V159        V162

Continuous latent variables
   F1

Variables with special functions

  Grouping variable     COMP_MOD
  Weight variable       WEIGHT

Estimator                                                      MLR
Information matrix                                        OBSERVED
Maximum number of iterations                                  1000
Convergence criterion                                    0.500D-04
Maximum number of steepest descent iterations                   20
Maximum number of iterations for H1                           2000
Convergence criterion for H1                             0.100D-03

Input data file(s)
  eq/data.dta

Input data format  FREE


SUMMARY OF DATA

   Group SM
     Number of missing data patterns             8

   Group MM
     Number of missing data patterns            16


COVARIANCE COVERAGE OF DATA

Minimum covariance coverage value   0.100


     PROPORTION OF DATA PRESENT FOR SM


           Covariance Coverage
              V149          V150          V152          V159          V162
              ________      ________      ________      ________      ________
 V149           0.999
 V150           0.997         0.998
 V152           0.997         0.997         0.999
 V159           0.997         0.996         0.997         0.998
 V162           0.993         0.993         0.993         0.993         0.995


     PROPORTION OF DATA PRESENT FOR MM


           Covariance Coverage
              V149          V150          V152          V159          V162
              ________      ________      ________      ________      ________
 V149           0.967
 V150           0.955         0.976
 V152           0.954         0.964         0.982
 V159           0.960         0.969         0.978         0.991
 V162           0.945         0.949         0.952         0.960         0.969


SAMPLE STATISTICS


     ESTIMATED SAMPLE STATISTICS FOR SM


           Means
              V149          V150          V152          V159          V162
              ________      ________      ________      ________      ________
                1.585         1.575         1.355         2.057         1.453


           Covariances
              V149          V150          V152          V159          V162
              ________      ________      ________      ________      ________
 V149           2.018
 V150           0.544         2.005
 V152           0.324         0.474         1.161
 V159           0.659         0.728         0.447         3.507
 V162           0.210         0.344         0.258         0.405         1.638


           Correlations
              V149          V150          V152          V159          V162
              ________      ________      ________      ________      ________
 V149           1.000
 V150           0.270         1.000
 V152           0.212         0.311         1.000
 V159           0.248         0.275         0.221         1.000
 V162           0.116         0.190         0.187         0.169         1.000


     ESTIMATED SAMPLE STATISTICS FOR MM


           Means
              V149          V150          V152          V159          V162
              ________      ________      ________      ________      ________
                1.610         1.613         1.384         2.129         1.591


           Covariances
              V149          V150          V152          V159          V162
              ________      ________      ________      ________      ________
 V149           2.190
 V150           0.910         2.445
 V152           0.612         0.634         1.434
 V159           0.887         0.691         0.883         4.333
 V162           0.534         0.454         0.767         1.520         3.028


           Correlations
              V149          V150          V152          V159          V162
              ________      ________      ________      ________      ________
 V149           1.000
 V150           0.393         1.000
 V152           0.345         0.338         1.000
 V159           0.288         0.212         0.354         1.000
 V162           0.207         0.167         0.368         0.420         1.000


     MAXIMUM LOG-LIKELIHOOD VALUE FOR THE UNRESTRICTED (H1) MODEL IS -18572.410


UNIVARIATE SAMPLE STATISTICS


     UNIVARIATE HIGHER-ORDER MOMENT DESCRIPTIVE STATISTICS FOR SM

         Variable/         Mean/     Skewness/   Minimum/ % with                Percentiles
        Sample Size      Variance    Kurtosis    Maximum  Min/Max      20%/60%    40%/80%    Median

     V149                  1.585       3.431       1.000   75.44%       1.000      1.000      1.000
            1490.000       2.018      13.558      10.000    0.81%       1.000      2.000
     V150                  1.575       3.368       1.000   76.09%       1.000      1.000      1.000
            1489.000       2.005      12.776      10.000    0.81%       1.000      2.000
     V152                  1.354       4.657       1.000   82.95%       1.000      1.000      1.000
            1490.000       1.159      26.494      10.000    0.40%       1.000      1.000
     V159                  2.054       2.161       1.000   61.05%       1.000      1.000      1.000
            1489.000       3.501       4.584      10.000    1.28%       1.000      3.000
     V162                  1.453       4.122       1.000   80.05%       1.000      1.000      1.000
            1484.000       1.639      20.086      10.000    0.81%       1.000      1.000


     UNIVARIATE HIGHER-ORDER MOMENT DESCRIPTIVE STATISTICS FOR MM

         Variable/         Mean/     Skewness/   Minimum/ % with                Percentiles
        Sample Size      Variance    Kurtosis    Maximum  Min/Max      20%/60%    40%/80%    Median

     V149                  1.602       3.467       1.000   76.39%       1.000      1.000      1.000
             648.000       2.175      13.666      10.000    0.93%       1.000      2.000
     V150                  1.614       3.490       1.000   74.01%       1.000      1.000      1.000
             654.000       2.447      13.084      10.000    0.76%       1.000      2.000
     V152                  1.382       4.558       1.000   82.67%       1.000      1.000      1.000
             658.000       1.432      23.969      10.000    0.61%       1.000      1.000
     V159                  2.126       2.289       1.000   62.50%       1.000      1.000      1.000
             664.000       4.323       4.873      10.000    2.11%       1.000      3.000
     V162                  1.587       3.686       1.000   81.66%       1.000      1.000      1.000
             649.000       3.026      13.447      10.000    2.16%       1.000      1.000


THE MODEL ESTIMATION TERMINATED NORMALLY



MODEL FIT INFORMATION

Number of Free Parameters                       30

Loglikelihood

          H0 Value                      -18603.383
          H0 Scaling Correction Factor      5.3358
            for MLR
          H1 Value                      -18572.410
          H1 Scaling Correction Factor      4.4386
            for MLR

Information Criteria

          Akaike (AIC)                   37266.766
          Bayesian (BIC)                 37437.130
          Sample-Size Adjusted BIC       37341.816
            (n* = (n + 2) / 24)

Chi-Square Test of Model Fit

          Value                             35.454*
          Degrees of Freedom                    10
          P-Value                           0.0001
          Scaling Correction Factor         1.7472
            for MLR

Chi-Square Contribution From Each Group

          SM                                 4.711
          MM                                30.743

*   The chi-square value for MLM, MLMV, MLR, ULSMV, WLSM and WLSMV cannot be used
    for chi-square difference testing in the regular way.  MLM, MLR and WLSM
    chi-square difference testing is described on the Mplus website.  MLMV, WLSMV,
    and ULSMV difference testing is done using the DIFFTEST option.

RMSEA (Root Mean Square Error Of Approximation)

          Estimate                           0.049
          90 Percent C.I.                    0.032  0.066
          Probability RMSEA <= .05           0.522

CFI/TLI

          CFI                                0.921
          TLI                                0.843

Chi-Square Test of Model Fit for the Baseline Model

          Value                            343.358
          Degrees of Freedom                    20
          P-Value                           0.0000

SRMR (Standardized Root Mean Square Residual)

          Value                              0.030



MODEL RESULTS

                                                    Two-Tailed
                    Estimate       S.E.  Est./S.E.    P-Value

Group SM

 F1       BY
    V149               1.000      0.000    999.000    999.000
    V150               1.320      0.238      5.537      0.000
    V152               0.844      0.172      4.906      0.000
    V159               1.399      0.204      6.866      0.000
    V162               0.654      0.161      4.074      0.000

 Means
    F1                 0.000      0.000    999.000    999.000

 Intercepts
    V149               1.585      0.040     39.149      0.000
    V150               1.575      0.038     41.777      0.000
    V152               1.355      0.030     45.453      0.000
    V159               2.056      0.050     41.057      0.000
    V162               1.453      0.035     41.624      0.000

 Variances
    F1                 0.410      0.107      3.818      0.000

 Residual Variances
    V149               1.608      0.232      6.942      0.000
    V150               1.291      0.178      7.239      0.000
    V152               0.869      0.145      6.004      0.000
    V159               2.704      0.247     10.947      0.000
    V162               1.463      0.211      6.932      0.000

Group MM

 F1       BY
    V149               1.000      0.000    999.000    999.000
    V150               0.937      0.152      6.171      0.000
    V152               1.015      0.185      5.480      0.000
    V159               1.538      0.407      3.776      0.000
    V162               1.214      0.288      4.212      0.000

 Means
    F1                 0.000      0.000    999.000    999.000

 Intercepts
    V149               1.603      0.063     25.322      0.000
    V150               1.613      0.077     21.023      0.000
    V152               1.383      0.051     26.886      0.000
    V159               2.126      0.089     23.809      0.000
    V162               1.593      0.077     20.693      0.000

 Variances
    F1                 0.609      0.278      2.187      0.029

 Residual Variances
    V149               1.561      0.272      5.747      0.000
    V150               1.909      0.523      3.653      0.000
    V152               0.806      0.152      5.306      0.000
    V159               2.881      0.436      6.601      0.000
    V162               2.144      0.455      4.717      0.000


STANDARDIZED MODEL RESULTS


STDYX Standardization

                                                    Two-Tailed
                    Estimate       S.E.  Est./S.E.    P-Value

Group SM

 F1       BY
    V149               0.451      0.058      7.713      0.000
    V150               0.597      0.053     11.359      0.000
    V152               0.502      0.066      7.587      0.000
    V159               0.478      0.047     10.143      0.000
    V162               0.327      0.065      5.016      0.000

 Means
    F1                 0.000      0.000    999.000    999.000

 Intercepts
    V149               1.116      0.042     26.778      0.000
    V150               1.113      0.034     32.338      0.000
    V152               1.258      0.070     17.856      0.000
    V159               1.098      0.021     52.945      0.000
    V162               1.135      0.052     21.937      0.000

 Variances
    F1                 1.000      0.000    999.000    999.000

 Residual Variances
    V149               0.797      0.053     15.140      0.000
    V150               0.644      0.063     10.279      0.000
    V152               0.748      0.066     11.285      0.000
    V159               0.771      0.045     17.119      0.000
    V162               0.893      0.043     20.927      0.000

Group MM

 F1       BY
    V149               0.530      0.098      5.419      0.000
    V150               0.467      0.130      3.608      0.000
    V152               0.662      0.091      7.235      0.000
    V159               0.577      0.070      8.261      0.000
    V162               0.543      0.088      6.164      0.000

 Means
    F1                 0.000      0.000    999.000    999.000

 Intercepts
    V149               1.088      0.057     19.021      0.000
    V150               1.032      0.066     15.721      0.000
    V152               1.156      0.090     12.797      0.000
    V159               1.023      0.029     35.166      0.000
    V162               0.914      0.040     22.662      0.000

 Variances
    F1                 1.000      0.000    999.000    999.000

 Residual Variances
    V149               0.719      0.104      6.948      0.000
    V150               0.781      0.121      6.452      0.000
    V152               0.562      0.121      4.645      0.000
    V159               0.667      0.081      8.270      0.000
    V162               0.705      0.096      7.364      0.000


R-SQUARE

Group SM

    Observed                                        Two-Tailed
    Variable        Estimate       S.E.  Est./S.E.    P-Value

    V149               0.203      0.053      3.857      0.000
    V150               0.356      0.063      5.679      0.000
    V152               0.252      0.066      3.793      0.000
    V159               0.229      0.045      5.071      0.000
    V162               0.107      0.043      2.508      0.012

Group MM

    Observed                                        Two-Tailed
    Variable        Estimate       S.E.  Est./S.E.    P-Value

    V149               0.281      0.104      2.710      0.007
    V150               0.219      0.121      1.804      0.071
    V152               0.438      0.121      3.617      0.000
    V159               0.333      0.081      4.130      0.000
    V162               0.295      0.096      3.082      0.002


QUALITY OF NUMERICAL RESULTS

     Condition Number for the Information Matrix              0.795E-02
       (ratio of smallest to largest eigenvalue)


MODEL MODIFICATION INDICES

NOTE:  Modification indices for direct effects of observed dependent variables
regressed on covariates may not be included.  To include these, request
MODINDICES (ALL).

Minimum M.I. value for printing the modification index    10.000

                                   M.I.     E.P.C.  Std E.P.C.  StdYX E.P.C.
Group SM


No modification indices above the minimum value.

Group MM


WITH Statements

V150     WITH V149                13.809     0.418      0.418        0.242
V162     WITH V159                15.962     0.738      0.738        0.297



DIAGRAM INFORMATION

  Use View Diagram under the Diagram menu in the Mplus Editor to view the diagram.
  If running Mplus from the Mplus Diagrammer, the diagram opens automatically.

  Diagram output
    c:\users\msassac6\dropbox (the university of manchester)\papers\joe s\evs_mm_de_equivalence\mplus\eq\inv_data3_v149_

     Beginning Time:  08:31:03
        Ending Time:  08:31:04
       Elapsed Time:  00:00:01



MUTHEN & MUTHEN
3463 Stoner Ave.
Los Angeles, CA  90066

Tel: (310) 391-9971
Fax: (310) 391-8971
Web: www.StatModel.com
Support: Support@StatModel.com

Copyright (c) 1998-2017 Muthen & Muthen
