Mplus VERSION 8
MUTHEN & MUTHEN
07/06/2020   1:55 PM

INPUT INSTRUCTIONS

  TITLE: Your title goes here

   DATA: FILE = eq/data.dta;

   VARIABLE:

   NAMES = id_cocas weight comp_mode comp_len mode mm_matrix_group wei_mmf v2 v3 v4 v32
       v33 v34 v35 v36 v37 v46 v47 v48 v49 v50 v65 v66 v67 v68 v69 v70 v82 v83 v84 v98
       v99 v100 v101 v103 v104 v105 v106 v107 v115 v116 v117 v118 v119 v120 v121 v122
       v123 v124 v125 v126 v127 v128 v129 v130 v131 v132 v133 v134 v135 v136 v137 v138
       v139 v140 v141 v145 v146 v147 v148 v149 v150 v151 v152 v153 v154 v155 v156 v157
       v158 v159 v160 v161 v162 v163 v164 v165 v166 v167 v176 v177 v178 v179 v180 v181
       v182 v183 v185 v186 v187 v188 v189 v191 v192 v193 v194 v195 v196 v197 v199 v200
       v201 v202 v203 v205 v206 v207 v208 v209 v210 v211 v212 v213 v214 v215 v216 v217
       v218 v220 v221 v222 v223 v224 v267 v268 v269 v271 v272 v273;

   MISSING=.;

   USEVARIABLES ARE
   v46
   v47
   v48
   v49
   v50;

   GROUPING IS comp_mode (0=sm 1=mm);

  Model:


  f1 BY v46@1
  v47 (L2)
  v48 (L3)
  v49 (L4)
  v50 (L5)
  ;

  [v46] (i1_sm);
  [v47] (i2_sm);
  [v48] (i3_sm);
  [v49] (i4_sm);
  [v50] (i5_sm);

   [f1@0];

  Model mm:

  f1 BY v46@1
  v47 (L2)
  v48 (L3)
  v49 (L4)
  v50 (L5)
  ;

  [v46] (i1_mm);
  [v47] (i2_mm);
  [v48] (i3_mm);
  [v49] (i4_mm);
  [v50] (i5_mm);

   [f1@0];

   SAVEDATA: DIFFTEST IS v46_metric.dat;

   OUTPUT: SAMPSTAT;

                                  MODINDICES;

                                  STDYX;




*** WARNING in SAVEDATA command
  The DIFFTEST option is available only for the estimators MLMV, WLSMV and ULSMV.
  Request for DIFFTEST will be ignored.
*** WARNING
  Data set contains unknown or missing values for GROUPING,
  PATTERN, COHORT, CLUSTER and/or STRATIFICATION variables.
  Number of cases with unknown or missing values:  3244
*** WARNING
  Data set contains cases with missing on all variables.
  These cases were not included in the analysis.
  Number of cases with missing on all variables:  8
   3 WARNING(S) FOUND IN THE INPUT INSTRUCTIONS



Your title goes here

SUMMARY OF ANALYSIS

Number of groups                                                 2
Number of observations
   Group SM                                                   1493
   Group MM                                                    671
   Total sample size                                          2164

Number of dependent variables                                    5
Number of independent variables                                  0
Number of continuous latent variables                            1

Observed dependent variables

  Continuous
   V46         V47         V48         V49         V50

Continuous latent variables
   F1

Variables with special functions

  Grouping variable     COMP_MOD

Estimator                                                       ML
Information matrix                                        OBSERVED
Maximum number of iterations                                  1000
Convergence criterion                                    0.500D-04
Maximum number of steepest descent iterations                   20
Maximum number of iterations for H1                           2000
Convergence criterion for H1                             0.100D-03

Input data file(s)
  eq/data.dta

Input data format  FREE


SUMMARY OF DATA

   Group SM
     Number of missing data patterns            14

   Group MM
     Number of missing data patterns            22


COVARIANCE COVERAGE OF DATA

Minimum covariance coverage value   0.100


     PROPORTION OF DATA PRESENT FOR SM


           Covariance Coverage
              V46           V47           V48           V49           V50
              ________      ________      ________      ________      ________
 V46            0.994
 V47            0.976         0.981
 V48            0.977         0.965         0.982
 V49            0.987         0.974         0.975         0.991
 V50            0.991         0.977         0.977         0.988         0.995


     PROPORTION OF DATA PRESENT FOR MM


           Covariance Coverage
              V46           V47           V48           V49           V50
              ________      ________      ________      ________      ________
 V46            0.955
 V47            0.896         0.925
 V48            0.912         0.887         0.949
 V49            0.923         0.894         0.915         0.958
 V50            0.936         0.909         0.928         0.939         0.973


SAMPLE STATISTICS


     ESTIMATED SAMPLE STATISTICS FOR SM


           Means
              V46           V47           V48           V49           V50
              ________      ________      ________      ________      ________
                2.025         2.783         2.523         2.069         3.300


           Covariances
              V46           V47           V48           V49           V50
              ________      ________      ________      ________      ________
 V46            1.014
 V47            0.307         1.500
 V48            0.292         0.414         1.300
 V49            0.246         0.279         0.328         0.879
 V50            0.321         0.343         0.395         0.382         1.326


           Correlations
              V46           V47           V48           V49           V50
              ________      ________      ________      ________      ________
 V46            1.000
 V47            0.249         1.000
 V48            0.255         0.297         1.000
 V49            0.260         0.243         0.307         1.000
 V50            0.277         0.243         0.301         0.354         1.000


     ESTIMATED SAMPLE STATISTICS FOR MM


           Means
              V46           V47           V48           V49           V50
              ________      ________      ________      ________      ________
                2.002         2.587         2.373         2.119         3.257


           Covariances
              V46           V47           V48           V49           V50
              ________      ________      ________      ________      ________
 V46            0.726
 V47            0.341         1.409
 V48            0.249         0.512         1.227
 V49            0.284         0.433         0.468         0.888
 V50            0.376         0.501         0.362         0.486         1.295


           Correlations
              V46           V47           V48           V49           V50
              ________      ________      ________      ________      ________
 V46            1.000
 V47            0.337         1.000
 V48            0.263         0.390         1.000
 V49            0.354         0.387         0.448         1.000
 V50            0.387         0.371         0.287         0.453         1.000


     MAXIMUM LOG-LIKELIHOOD VALUE FOR THE UNRESTRICTED (H1) MODEL IS -15003.717


UNIVARIATE SAMPLE STATISTICS


     UNIVARIATE HIGHER-ORDER MOMENT DESCRIPTIVE STATISTICS FOR SM

         Variable/         Mean/     Skewness/   Minimum/ % with                Percentiles
        Sample Size      Variance    Kurtosis    Maximum  Min/Max      20%/60%    40%/80%    Median

     V46                   2.025       0.982       1.000   33.83%       1.000      2.000      2.000
            1484.000       1.015       0.374       5.000    1.89%       2.000      3.000
     V47                   2.781       0.142       1.000   16.59%       2.000      2.000      3.000
            1465.000       1.499      -1.092       5.000    7.99%       3.000      4.000
     V48                   2.525       0.382       1.000   19.30%       2.000      2.000      2.000
            1466.000       1.301      -0.885       5.000    3.96%       3.000      4.000
     V49                   2.068       1.031       1.000   26.49%       1.000      2.000      2.000
            1480.000       0.879       0.825       5.000    1.69%       2.000      3.000
     V50                   3.299      -0.455       1.000    7.74%       2.000      3.000      4.000
            1485.000       1.326      -0.822       5.000   11.45%       4.000      4.000


     UNIVARIATE HIGHER-ORDER MOMENT DESCRIPTIVE STATISTICS FOR MM

         Variable/         Mean/     Skewness/   Minimum/ % with                Percentiles
        Sample Size      Variance    Kurtosis    Maximum  Min/Max      20%/60%    40%/80%    Median

     V46                   2.000       0.891       1.000   27.77%       1.000      2.000      2.000
             641.000       0.727       0.749       5.000    0.62%       2.000      2.000
     V47                   2.575       0.401       1.000   19.65%       2.000      2.000      2.000
             621.000       1.401      -0.793       5.000    6.76%       3.000      4.000
     V48                   2.374       0.588       1.000   22.92%       1.000      2.000      2.000
             637.000       1.232      -0.481       5.000    4.08%       2.000      3.000
     V49                   2.107       0.949       1.000   25.51%       1.000      2.000      2.000
             643.000       0.886       0.772       5.000    2.18%       2.000      3.000
     V50                   3.262      -0.233       1.000    6.28%       2.000      3.000      3.000
             653.000       1.299      -0.890       5.000   13.48%       4.000      4.000


THE MODEL ESTIMATION TERMINATED NORMALLY



MODEL FIT INFORMATION

Number of Free Parameters                       26

Loglikelihood

          H0 Value                      -15026.110
          H1 Value                      -15003.717

Information Criteria

          Akaike (AIC)                   30104.220
          Bayesian (BIC)                 30251.892
          Sample-Size Adjusted BIC       30169.287
            (n* = (n + 2) / 24)

Chi-Square Test of Model Fit

          Value                             44.787
          Degrees of Freedom                    14
          P-Value                           0.0000

Chi-Square Contribution From Each Group

          SM                                15.974
          MM                                28.812

RMSEA (Root Mean Square Error Of Approximation)

          Estimate                           0.045
          90 Percent C.I.                    0.031  0.060
          Probability RMSEA <= .05           0.683

CFI/TLI

          CFI                                0.979
          TLI                                0.970

Chi-Square Test of Model Fit for the Baseline Model

          Value                           1463.949
          Degrees of Freedom                    20
          P-Value                           0.0000

SRMR (Standardized Root Mean Square Residual)

          Value                              0.028



MODEL RESULTS

                                                    Two-Tailed
                    Estimate       S.E.  Est./S.E.    P-Value

Group SM

 F1       BY
    V46                1.000      0.000    999.000    999.000
    V47                1.350      0.090     14.938      0.000
    V48                1.348      0.088     15.255      0.000
    V49                1.254      0.079     15.863      0.000
    V50                1.455      0.090     16.126      0.000

 Means
    F1                 0.000      0.000    999.000    999.000

 Intercepts
    V46                2.025      0.026     78.186      0.000
    V47                2.782      0.032     86.465      0.000
    V48                2.524      0.030     85.430      0.000
    V49                2.069      0.025     84.166      0.000
    V50                3.300      0.030    110.739      0.000

 Variances
    F1                 0.200      0.022      9.211      0.000

 Residual Variances
    V46                0.796      0.033     24.014      0.000
    V47                1.156      0.050     23.248      0.000
    V48                0.919      0.042     21.994      0.000
    V49                0.581      0.028     20.646      0.000
    V50                0.896      0.042     21.274      0.000

Group MM

 F1       BY
    V46                1.000      0.000    999.000    999.000
    V47                1.350      0.090     14.938      0.000
    V48                1.348      0.088     15.255      0.000
    V49                1.254      0.079     15.863      0.000
    V50                1.455      0.090     16.126      0.000

 Means
    F1                 0.000      0.000    999.000    999.000

 Intercepts
    V46                2.002      0.034     58.721      0.000
    V47                2.585      0.047     55.552      0.000
    V48                2.374      0.044     53.598      0.000
    V49                2.117      0.036     58.377      0.000
    V50                3.258      0.045     73.032      0.000

 Variances
    F1                 0.247      0.028      8.782      0.000

 Residual Variances
    V46                0.505      0.033     15.327      0.000
    V47                0.917      0.062     14.853      0.000
    V48                0.817      0.055     14.868      0.000
    V49                0.467      0.036     13.122      0.000
    V50                0.785      0.055     14.377      0.000


STANDARDIZED MODEL RESULTS


STDYX Standardization

                                                    Two-Tailed
                    Estimate       S.E.  Est./S.E.    P-Value

Group SM

 F1       BY
    V46                0.448      0.022     19.924      0.000
    V47                0.490      0.022     21.823      0.000
    V48                0.532      0.023     23.510      0.000
    V49                0.593      0.021     27.846      0.000
    V50                0.567      0.022     25.671      0.000

 Means
    F1                 0.000      0.000    999.000    999.000

 Intercepts
    V46                2.029      0.044     46.198      0.000
    V47                2.256      0.048     46.901      0.000
    V48                2.228      0.047     47.232      0.000
    V49                2.186      0.047     46.594      0.000
    V50                2.872      0.057     50.504      0.000

 Variances
    F1                 1.000      0.000    999.000    999.000

 Residual Variances
    V46                0.799      0.020     39.633      0.000
    V47                0.760      0.022     34.588      0.000
    V48                0.717      0.024     29.714      0.000
    V49                0.649      0.025     25.694      0.000
    V50                0.679      0.025     27.153      0.000

Group MM

 F1       BY
    V46                0.573      0.027     21.300      0.000
    V47                0.574      0.028     20.351      0.000
    V48                0.595      0.026     22.672      0.000
    V49                0.674      0.027     25.368      0.000
    V50                0.632      0.026     24.553      0.000

 Means
    F1                 0.000      0.000    999.000    999.000

 Intercepts
    V46                2.308      0.073     31.775      0.000
    V47                2.211      0.070     31.721      0.000
    V48                2.111      0.068     31.043      0.000
    V49                2.289      0.071     32.455      0.000
    V50                2.849      0.084     34.110      0.000

 Variances
    F1                 1.000      0.000    999.000    999.000

 Residual Variances
    V46                0.672      0.031     21.804      0.000
    V47                0.671      0.032     20.732      0.000
    V48                0.645      0.031     20.632      0.000
    V49                0.546      0.036     15.255      0.000
    V50                0.600      0.033     18.451      0.000


R-SQUARE

Group SM

    Observed                                        Two-Tailed
    Variable        Estimate       S.E.  Est./S.E.    P-Value

    V46                0.201      0.020      9.962      0.000
    V47                0.240      0.022     10.912      0.000
    V48                0.283      0.024     11.755      0.000
    V49                0.351      0.025     13.923      0.000
    V50                0.321      0.025     12.836      0.000

Group MM

    Observed                                        Two-Tailed
    Variable        Estimate       S.E.  Est./S.E.    P-Value

    V46                0.328      0.031     10.650      0.000
    V47                0.329      0.032     10.175      0.000
    V48                0.355      0.031     11.336      0.000
    V49                0.454      0.036     12.684      0.000
    V50                0.400      0.033     12.276      0.000


QUALITY OF NUMERICAL RESULTS

     Condition Number for the Information Matrix              0.559E-02
       (ratio of smallest to largest eigenvalue)


MODEL MODIFICATION INDICES

NOTE:  Modification indices for direct effects of observed dependent variables
regressed on covariates may not be included.  To include these, request
MODINDICES (ALL).

Minimum M.I. value for printing the modification index    10.000

                                   M.I.     E.P.C.  Std E.P.C.  StdYX E.P.C.
Group SM


No modification indices above the minimum value.

Group MM


WITH Statements

V50      WITH V48                 14.984    -0.165     -0.165       -0.206



DIAGRAM INFORMATION

  Use View Diagram under the Diagram menu in the Mplus Editor to view the diagram.
  If running Mplus from the Mplus Diagrammer, the diagram opens automatically.

  Diagram output
    c:\users\msassac6\dropbox (the university of manchester)\papers\joe s\evs_mm_de_equivalence\mplus\eq\inv_data3_v46_c

     Beginning Time:  13:55:53
        Ending Time:  13:55:53
       Elapsed Time:  00:00:00



MUTHEN & MUTHEN
3463 Stoner Ave.
Los Angeles, CA  90066

Tel: (310) 391-9971
Fax: (310) 391-8971
Web: www.StatModel.com
Support: Support@StatModel.com

Copyright (c) 1998-2017 Muthen & Muthen
