Mplus VERSION 8
MUTHEN & MUTHEN
07/06/2020   1:53 PM

INPUT INSTRUCTIONS

  TITLE: Your title goes here

   DATA: FILE = eq/data.dta;

   VARIABLE:

   NAMES = id_cocas weight comp_mode comp_len mode mm_matrix_group wei_mmf v2 v3 v4 v32
       v33 v34 v35 v36 v37 v46 v47 v48 v49 v50 v65 v66 v67 v68 v69 v70 v82 v83 v84 v98
       v99 v100 v101 v103 v104 v105 v106 v107 v115 v116 v117 v118 v119 v120 v121 v122
       v123 v124 v125 v126 v127 v128 v129 v130 v131 v132 v133 v134 v135 v136 v137 v138
       v139 v140 v141 v145 v146 v147 v148 v149 v150 v151 v152 v153 v154 v155 v156 v157
       v158 v159 v160 v161 v162 v163 v164 v165 v166 v167 v176 v177 v178 v179 v180 v181
       v182 v183 v185 v186 v187 v188 v189 v191 v192 v193 v194 v195 v196 v197 v199 v200
       v201 v202 v203 v205 v206 v207 v208 v209 v210 v211 v212 v213 v214 v215 v216 v217
       v218 v220 v221 v222 v223 v224 v267 v268 v269 v271 v272 v273;

   MISSING=.;

   USEVARIABLES ARE
   v115
   v116
   v117
   v118
   v119
   v120
   v121
   v122
   v123
   v124
   v125
   v126
   v127
   v128
   v129
   v130
   v131
   v132;

   CATEGORICAL ARE
   v115
   v116
   v117
   v118
   v119
   v120
   v121
   v122
   v123
   v124
   v125
   v126
   v127
   v128
   v129
   v130
   v131
   v132;

   GROUPING IS comp_len (0=full 1=short);


   Analysis:

                  ESTIMATOR = WLSMV;

                  ITERATIONS = 100000;

                  PARAMETERIZATION = THETA;

  Model:


  f1 BY v115@1
  v116 (L2_full)
  v117 (L3_full)
  v118 (L4_full)
  v119 (L5_full)
  v120 (L6_full)
  v121 (L7_full)
  v122 (L8_full)
  v123 (L9_full)
  v124 (L10_full)
  v125 (L11_full)
  v126 (L12_full)
  v127 (L13_full)
  v128 (L14_full)
  v129 (L15_full)
  v130 (L16_full)
  v131 (L17_full)
  v132 (L18_full)
  ;


  [v115$1] (t_v115_1);
  [v115$2] (t_v115_2);
  [v115$3] (t_v115_3);

   [f1@0];
  [v116$1] (t_v116_1);
  [v116$2] (t_v116_2_full);
  [v116$3] (t_v116_3_full);

   [f1@0];
  [v117$1] (t_v117_1);
  [v117$2] (t_v117_2_full);
  [v117$3] (t_v117_3_full);

   [f1@0];
  [v118$1] (t_v118_1);
  [v118$2] (t_v118_2_full);
  [v118$3] (t_v118_3_full);

   [f1@0];
  [v119$1] (t_v119_1);
  [v119$2] (t_v119_2_full);
  [v119$3] (t_v119_3_full);

   [f1@0];
  [v120$1] (t_v120_1);
  [v120$2] (t_v120_2_full);
  [v120$3] (t_v120_3_full);

   [f1@0];
  [v121$1] (t_v121_1);
  [v121$2] (t_v121_2_full);
  [v121$3] (t_v121_3_full);

   [f1@0];
  [v122$1] (t_v122_1);
  [v122$2] (t_v122_2_full);
  [v122$3] (t_v122_3_full);

   [f1@0];
  [v123$1] (t_v123_1);
  [v123$2] (t_v123_2_full);
  [v123$3] (t_v123_3_full);

   [f1@0];
  [v124$1] (t_v124_1);
  [v124$2] (t_v124_2_full);
  [v124$3] (t_v124_3_full);

   [f1@0];
  [v125$1] (t_v125_1);
  [v125$2] (t_v125_2_full);
  [v125$3] (t_v125_3_full);

   [f1@0];
  [v126$1] (t_v126_1);
  [v126$2] (t_v126_2_full);
  [v126$3] (t_v126_3_full);

   [f1@0];
  [v127$1] (t_v127_1);
  [v127$2] (t_v127_2_full);
  [v127$3] (t_v127_3_full);

   [f1@0];
  [v128$1] (t_v128_1);
  [v128$2] (t_v128_2_full);
  [v128$3] (t_v128_3_full);

   [f1@0];
  [v129$1] (t_v129_1);
  [v129$2] (t_v129_2_full);
  [v129$3] (t_v129_3_full);

   [f1@0];
  [v130$1] (t_v130_1);
  [v130$2] (t_v130_2_full);
  [v130$3] (t_v130_3_full);

   [f1@0];
  [v131$1] (t_v131_1);
  [v131$2] (t_v131_2_full);
  [v131$3] (t_v131_3_full);

   [f1@0];
  [v132$1] (t_v132_1);
  [v132$2] (t_v132_2_full);
  [v132$3] (t_v132_3_full);

   [f1@0];

  Model short:

  f1 BY v115@1
  v116 (L2_short)
  v117 (L3_short)
  v118 (L4_short)
  v119 (L5_short)
  v120 (L6_short)
  v121 (L7_short)
  v122 (L8_short)
  v123 (L9_short)
  v124 (L10_short)
  v125 (L11_short)
  v126 (L12_short)
  v127 (L13_short)
  v128 (L14_short)
  v129 (L15_short)
  v130 (L16_short)
  v131 (L17_short)
  v132 (L18_short)
  ;


  [v115$1] (t_v115_1);
  [v115$2] (t_v115_2);
  [v115$3] (t_v115_3);

   [f1@0];
  [v116$1] (t_v116_1);
  [v116$2] (t_v116_2_short);
  [v116$3] (t_v116_3_short);

   [f1@0];
  [v117$1] (t_v117_1);
  [v117$2] (t_v117_2_short);
  [v117$3] (t_v117_3_short);

   [f1@0];
  [v118$1] (t_v118_1);
  [v118$2] (t_v118_2_short);
  [v118$3] (t_v118_3_short);

   [f1@0];
  [v119$1] (t_v119_1);
  [v119$2] (t_v119_2_short);
  [v119$3] (t_v119_3_short);

   [f1@0];
  [v120$1] (t_v120_1);
  [v120$2] (t_v120_2_short);
  [v120$3] (t_v120_3_short);

   [f1@0];
  [v121$1] (t_v121_1);
  [v121$2] (t_v121_2_short);
  [v121$3] (t_v121_3_short);

   [f1@0];
  [v122$1] (t_v122_1);
  [v122$2] (t_v122_2_short);
  [v122$3] (t_v122_3_short);

   [f1@0];
  [v123$1] (t_v123_1);
  [v123$2] (t_v123_2_short);
  [v123$3] (t_v123_3_short);

   [f1@0];
  [v124$1] (t_v124_1);
  [v124$2] (t_v124_2_short);
  [v124$3] (t_v124_3_short);

   [f1@0];
  [v125$1] (t_v125_1);
  [v125$2] (t_v125_2_short);
  [v125$3] (t_v125_3_short);

   [f1@0];
  [v126$1] (t_v126_1);
  [v126$2] (t_v126_2_short);
  [v126$3] (t_v126_3_short);

   [f1@0];
  [v127$1] (t_v127_1);
  [v127$2] (t_v127_2_short);
  [v127$3] (t_v127_3_short);

   [f1@0];
  [v128$1] (t_v128_1);
  [v128$2] (t_v128_2_short);
  [v128$3] (t_v128_3_short);

   [f1@0];
  [v129$1] (t_v129_1);
  [v129$2] (t_v129_2_short);
  [v129$3] (t_v129_3_short);

   [f1@0];
  [v130$1] (t_v130_1);
  [v130$2] (t_v130_2_short);
  [v130$3] (t_v130_3_short);

   [f1@0];
  [v131$1] (t_v131_1);
  [v131$2] (t_v131_2_short);
  [v131$3] (t_v131_3_short);

   [f1@0];
  [v132$1] (t_v132_1);
  [v132$2] (t_v132_2_short);
  [v132$3] (t_v132_3_short);

   [f1@0];

   SAVEDATA: DIFFTEST IS v115_config.dat;

   OUTPUT: SAMPSTAT;

                                  MODINDICES;

                                  STDYX;




*** WARNING
  Data set contains unknown or missing values for GROUPING,
  PATTERN, COHORT, CLUSTER and/or STRATIFICATION variables.
  Number of cases with unknown or missing values:  1494
*** WARNING
  Data set contains cases with missing on all variables.
  These cases were not included in the analysis.
  Number of cases with missing on all variables:  54
   2 WARNING(S) FOUND IN THE INPUT INSTRUCTIONS



Your title goes here

SUMMARY OF ANALYSIS

Number of groups                                                 2
Number of observations
   Group FULL                                                  672
   Group SHORT                                                3196
   Total sample size                                          3868

Number of dependent variables                                   18
Number of independent variables                                  0
Number of continuous latent variables                            1

Observed dependent variables

  Binary and ordered categorical (ordinal)
   V115        V116        V117        V118        V119        V120
   V121        V122        V123        V124        V125        V126
   V127        V128        V129        V130        V131        V132

Continuous latent variables
   F1

Variables with special functions

  Grouping variable     COMP_LEN

Estimator                                                    WLSMV
Maximum number of iterations                                100000
Convergence criterion                                    0.500D-04
Maximum number of steepest descent iterations                   20
Maximum number of iterations for H1                           2000
Convergence criterion for H1                             0.100D-03
Parameterization                                             THETA
Link                                                        PROBIT

Input data file(s)
  eq/data.dta

Input data format  FREE


SUMMARY OF DATA

   Group FULL
     Number of missing data patterns           183

   Group SHORT
     Number of missing data patterns           494


COVARIANCE COVERAGE OF DATA

Minimum covariance coverage value   0.100


     PROPORTION OF DATA PRESENT FOR FULL


           Covariance Coverage
              V115          V116          V117          V118          V119
              ________      ________      ________      ________      ________
 V115           0.917
 V116           0.851         0.896
 V117           0.894         0.876         0.966
 V118           0.885         0.865         0.932         0.949
 V119           0.763         0.762         0.799         0.799         0.812
 V120           0.896         0.885         0.942         0.930         0.804
 V121           0.863         0.854         0.909         0.906         0.790
 V122           0.848         0.836         0.890         0.882         0.784
 V123           0.866         0.848         0.909         0.896         0.790
 V124           0.842         0.835         0.881         0.875         0.774
 V125           0.796         0.789         0.829         0.829         0.749
 V126           0.902         0.884         0.952         0.940         0.805
 V127           0.881         0.860         0.926         0.920         0.790
 V128           0.815         0.802         0.847         0.838         0.756
 V129           0.836         0.815         0.866         0.857         0.756
 V130           0.854         0.838         0.884         0.878         0.765
 V131           0.869         0.844         0.902         0.894         0.783
 V132           0.851         0.830         0.893         0.881         0.772


           Covariance Coverage
              V120          V121          V122          V123          V124
              ________      ________      ________      ________      ________
 V120           0.970
 V121           0.914         0.930
 V122           0.899         0.884         0.912
 V123           0.915         0.890         0.881         0.935
 V124           0.890         0.879         0.856         0.866         0.905
 V125           0.833         0.832         0.811         0.821         0.838
 V126           0.952         0.924         0.905         0.927         0.899
 V127           0.930         0.903         0.887         0.908         0.882
 V128           0.850         0.836         0.835         0.839         0.821
 V129           0.871         0.847         0.838         0.854         0.832
 V130           0.885         0.869         0.850         0.859         0.848
 V131           0.902         0.885         0.865         0.876         0.865
 V132           0.893         0.874         0.848         0.872         0.863


           Covariance Coverage
              V125          V126          V127          V128          V129
              ________      ________      ________      ________      ________
 V125           0.845
 V126           0.841         0.978
 V127           0.832         0.946         0.954
 V128           0.786         0.857         0.848         0.865
 V129           0.792         0.876         0.865         0.812         0.888
 V130           0.802         0.894         0.881         0.815         0.835
 V131           0.818         0.915         0.899         0.833         0.850
 V132           0.814         0.905         0.894         0.826         0.839


           Covariance Coverage
              V130          V131          V132
              ________      ________      ________
 V130           0.902
 V131           0.875         0.923
 V132           0.850         0.874         0.909


     PROPORTION OF DATA PRESENT FOR SHORT


           Covariance Coverage
              V115          V116          V117          V118          V119
              ________      ________      ________      ________      ________
 V115           0.912
 V116           0.423         0.448
 V117           0.448         0.150         0.487
 V118           0.884         0.434         0.473         0.960
 V119           0.394         0.391         0.142         0.407         0.418
 V120           0.454         0.152         0.479         0.477         0.144
 V121           0.865         0.424         0.458         0.904         0.400
 V122           0.430         0.142         0.451         0.452         0.137
 V123           0.435         0.425         0.156         0.451         0.405
 V124           0.431         0.142         0.450         0.450         0.136
 V125           0.396         0.393         0.142         0.410         0.376
 V126           0.452         0.150         0.476         0.474         0.142
 V127           0.437         0.428         0.157         0.453         0.406
 V128           0.836         0.406         0.443         0.876         0.387
 V129           0.424         0.140         0.444         0.445         0.133
 V130           0.421         0.415         0.149         0.438         0.392
 V131           0.432         0.143         0.454         0.453         0.137
 V132           0.418         0.413         0.150         0.435         0.388


           Covariance Coverage
              V120          V121          V122          V123          V124
              ________      ________      ________      ________      ________
 V120           0.497
 V121           0.465         0.927
 V122           0.459         0.448         0.466
 V123           0.158         0.439         0.150         0.467
 V124           0.458         0.447         0.439         0.150         0.463
 V125           0.143         0.405         0.136         0.410         0.141
 V126           0.484         0.462         0.457         0.157         0.455
 V127           0.161         0.440         0.151         0.449         0.150
 V128           0.449         0.860         0.432         0.425         0.434
 V129           0.450         0.438         0.432         0.144         0.432
 V130           0.150         0.430         0.142         0.430         0.144
 V131           0.461         0.450         0.443         0.149         0.443
 V132           0.151         0.423         0.141         0.426         0.141


           Covariance Coverage
              V125          V126          V127          V128          V129
              ________      ________      ________      ________      ________
 V125           0.421
 V126           0.142         0.493
 V127           0.410         0.158         0.470
 V128           0.396         0.449         0.426         0.896
 V129           0.136         0.450         0.147         0.432         0.457
 V130           0.400         0.147         0.435         0.419         0.142
 V131           0.138         0.459         0.151         0.436         0.437
 V132           0.395         0.150         0.430         0.413         0.139


           Covariance Coverage
              V130          V131          V132
              ________      ________      ________
 V130           0.449
 V131           0.146         0.468
 V132           0.421         0.144         0.448


UNIVARIATE PROPORTIONS AND COUNTS FOR CATEGORICAL VARIABLES

  Group FULL
    V115
      Category 1    0.026           16.000
      Category 2    0.198          122.000
      Category 3    0.526          324.000
      Category 4    0.250          154.000
    V116
      Category 1    0.030           18.000
      Category 2    0.410          247.000
      Category 3    0.480          289.000
      Category 4    0.080           48.000
    V117
      Category 1    0.055           36.000
      Category 2    0.453          294.000
      Category 3    0.428          278.000
      Category 4    0.063           41.000
    V118
      Category 1    0.028           18.000
      Category 2    0.317          202.000
      Category 3    0.464          296.000
      Category 4    0.191          122.000
    V119
      Category 1    0.040           22.000
      Category 2    0.388          212.000
      Category 3    0.449          245.000
      Category 4    0.123           67.000
    V120
      Category 1    0.178          116.000
      Category 2    0.638          416.000
      Category 3    0.164          107.000
      Category 4    0.020           13.000
    V121
      Category 1    0.034           21.000
      Category 2    0.315          197.000
      Category 3    0.475          297.000
      Category 4    0.176          110.000
    V122
      Category 1    0.024           15.000
      Category 2    0.440          270.000
      Category 3    0.470          288.000
      Category 4    0.065           40.000
    V123
      Category 1    0.067           42.000
      Category 2    0.478          300.000
      Category 3    0.384          241.000
      Category 4    0.072           45.000
    V124
      Category 1    0.046           28.000
      Category 2    0.324          197.000
      Category 3    0.441          268.000
      Category 4    0.189          115.000
    V125
      Category 1    0.055           31.000
      Category 2    0.331          188.000
      Category 3    0.456          259.000
      Category 4    0.158           90.000
    V126
      Category 1    0.078           51.000
      Category 2    0.527          346.000
      Category 3    0.347          228.000
      Category 4    0.049           32.000
    V127
      Category 1    0.097           62.000
      Category 2    0.510          327.000
      Category 3    0.306          196.000
      Category 4    0.087           56.000
    V128
      Category 1    0.017           10.000
      Category 2    0.177          103.000
      Category 3    0.590          343.000
      Category 4    0.215          125.000
    V129
      Category 1    0.069           41.000
      Category 2    0.499          298.000
      Category 3    0.348          208.000
      Category 4    0.084           50.000
    V130
      Category 1    0.007            4.000
      Category 2    0.132           80.000
      Category 3    0.594          360.000
      Category 4    0.267          162.000
    V131
      Category 1    0.024           15.000
      Category 2    0.276          171.000
      Category 3    0.489          303.000
      Category 4    0.211          131.000
    V132
      Category 1    0.013            8.000
      Category 2    0.126           77.000
      Category 3    0.574          351.000
      Category 4    0.286          175.000

  Group SHORT
    V115
      Category 1    0.036          106.000
      Category 2    0.259          755.000
      Category 3    0.484         1411.000
      Category 4    0.221          643.000
    V116
      Category 1    0.052           74.000
      Category 2    0.473          678.000
      Category 3    0.401          574.000
      Category 4    0.074          106.000
    V117
      Category 1    0.044           68.000
      Category 2    0.482          749.000
      Category 3    0.432          671.000
      Category 4    0.043           67.000
    V118
      Category 1    0.031           95.000
      Category 2    0.319          978.000
      Category 3    0.508         1559.000
      Category 4    0.142          436.000
    V119
      Category 1    0.048           64.000
      Category 2    0.404          540.000
      Category 3    0.434          579.000
      Category 4    0.114          152.000
    V120
      Category 1    0.197          313.000
      Category 2    0.621          985.000
      Category 3    0.167          265.000
      Category 4    0.015           24.000
    V121
      Category 1    0.048          141.000
      Category 2    0.377         1117.000
      Category 3    0.452         1338.000
      Category 4    0.124          367.000
    V122
      Category 1    0.040           59.000
      Category 2    0.460          685.000
      Category 3    0.433          644.000
      Category 4    0.067          100.000
    V123
      Category 1    0.074          111.000
      Category 2    0.479          715.000
      Category 3    0.384          573.000
      Category 4    0.062           93.000
    V124
      Category 1    0.043           63.000
      Category 2    0.355          526.000
      Category 3    0.445          659.000
      Category 4    0.157          233.000
    V125
      Category 1    0.055           74.000
      Category 2    0.394          530.000
      Category 3    0.447          602.000
      Category 4    0.104          140.000
    V126
      Category 1    0.089          140.000
      Category 2    0.501          790.000
      Category 3    0.346          546.000
      Category 4    0.063          100.000
    V127
      Category 1    0.111          167.000
      Category 2    0.477          716.000
      Category 3    0.322          484.000
      Category 4    0.090          135.000
    V128
      Category 1    0.014           39.000
      Category 2    0.178          509.000
      Category 3    0.552         1580.000
      Category 4    0.257          736.000
    V129
      Category 1    0.097          141.000
      Category 2    0.508          742.000
      Category 3    0.317          463.000
      Category 4    0.079          115.000
    V130
      Category 1    0.009           13.000
      Category 2    0.168          241.000
      Category 3    0.603          865.000
      Category 4    0.220          315.000
    V131
      Category 1    0.037           56.000
      Category 2    0.371          556.000
      Category 3    0.448          670.000
      Category 4    0.144          215.000
    V132
      Category 1    0.006            8.000
      Category 2    0.165          237.000
      Category 3    0.545          781.000
      Category 4    0.284          407.000


SAMPLE STATISTICS


     ESTIMATED SAMPLE STATISTICS FOR FULL


           MEANS/INTERCEPTS/THRESHOLDS
              V115$1        V115$2        V115$3        V116$1        V116$2
              ________      ________      ________      ________      ________
               -1.944        -0.759         0.674        -1.882        -0.150


           MEANS/INTERCEPTS/THRESHOLDS
              V116$3        V117$1        V117$2        V117$3        V118$1
              ________      ________      ________      ________      ________
                1.407        -1.594         0.021         1.529        -1.908


           MEANS/INTERCEPTS/THRESHOLDS
              V118$2        V118$3        V119$1        V119$2        V119$3
              ________      ________      ________      ________      ________
               -0.399         0.873        -1.747        -0.180         1.162


           MEANS/INTERCEPTS/THRESHOLDS
              V120$1        V120$2        V120$3        V121$1        V121$2
              ________      ________      ________      ________      ________
               -0.923         0.900         2.055        -1.830        -0.389


           MEANS/INTERCEPTS/THRESHOLDS
              V121$3        V122$1        V122$2        V122$3        V123$1
              ________      ________      ________      ________      ________
                0.931        -1.969        -0.088         1.512        -1.499


           MEANS/INTERCEPTS/THRESHOLDS
              V123$2        V123$3        V124$1        V124$2        V124$3
              ________      ________      ________      ________      ________
                0.112         1.464        -1.684        -0.332         0.881


           MEANS/INTERCEPTS/THRESHOLDS
              V125$1        V125$2        V125$3        V126$1        V126$2
              ________      ________      ________      ________      ________
               -1.602        -0.291         1.001        -1.421         0.264


           MEANS/INTERCEPTS/THRESHOLDS
              V126$3        V127$1        V127$2        V127$3        V128$1
              ________      ________      ________      ________      ________
                1.658        -1.300         0.271         1.357        -2.115


           MEANS/INTERCEPTS/THRESHOLDS
              V128$2        V128$3        V129$1        V129$2        V129$3
              ________      ________      ________      ________      ________
               -0.861         0.789        -1.486         0.171         1.380


           MEANS/INTERCEPTS/THRESHOLDS
              V130$1        V130$2        V130$3        V131$1        V131$2
              ________      ________      ________      ________      ________
               -2.478        -1.087         0.621        -1.974        -0.524


           MEANS/INTERCEPTS/THRESHOLDS
              V131$3        V132$1        V132$2        V132$3
              ________      ________      ________      ________
                0.802        -2.223        -1.084         0.564


           CORRELATION MATRIX (WITH VARIANCES ON THE DIAGONAL)
              V115          V116          V117          V118          V119
              ________      ________      ________      ________      ________
 V115
 V116           0.371
 V117           0.210         0.369
 V118           0.169         0.183         0.340
 V119           0.086         0.128         0.310         0.352
 V120           0.254         0.420         0.299         0.301         0.204
 V121           0.380         0.287         0.420         0.531         0.219
 V122           0.360         0.319         0.444         0.392         0.307
 V123           0.306         0.318         0.357         0.327         0.306
 V124           0.380         0.296         0.320         0.438         0.337
 V125           0.316         0.322         0.328         0.436         0.370
 V126           0.241         0.310         0.387         0.214         0.280
 V127           0.264         0.241         0.380         0.478         0.272
 V128           0.181         0.416         0.414         0.284         0.218
 V129           0.207         0.132         0.255         0.393         0.392
 V130           0.335         0.240         0.382         0.494         0.306
 V131           0.440         0.309         0.407         0.462         0.275
 V132           0.202         0.250         0.235         0.422         0.193


           CORRELATION MATRIX (WITH VARIANCES ON THE DIAGONAL)
              V120          V121          V122          V123          V124
              ________      ________      ________      ________      ________
 V121           0.426
 V122           0.502         0.619
 V123           0.443         0.487         0.642
 V124           0.236         0.643         0.540         0.550
 V125           0.278         0.506         0.415         0.410         0.764
 V126           0.382         0.392         0.484         0.627         0.467
 V127           0.478         0.630         0.585         0.540         0.533
 V128           0.302         0.407         0.485         0.418         0.378
 V129           0.236         0.404         0.379         0.324         0.492
 V130           0.323         0.765         0.536         0.463         0.599
 V131           0.404         0.821         0.615         0.542         0.622
 V132           0.159         0.274         0.298         0.306         0.319


           CORRELATION MATRIX (WITH VARIANCES ON THE DIAGONAL)
              V125          V126          V127          V128          V129
              ________      ________      ________      ________      ________
 V126           0.357
 V127           0.417         0.502
 V128           0.282         0.467         0.432
 V129           0.450         0.233         0.445         0.153
 V130           0.492         0.396         0.547         0.470         0.426
 V131           0.504         0.509         0.644         0.442         0.412
 V132           0.288         0.176         0.149         0.370         0.225


           CORRELATION MATRIX (WITH VARIANCES ON THE DIAGONAL)
              V130          V131          V132
              ________      ________      ________
 V131           0.713
 V132           0.402         0.330


     ESTIMATED SAMPLE STATISTICS FOR SHORT


           MEANS/INTERCEPTS/THRESHOLDS
              V115$1        V115$2        V115$3        V116$1        V116$2
              ________      ________      ________      ________      ________
               -1.795        -0.538         0.770        -1.629         0.063


           MEANS/INTERCEPTS/THRESHOLDS
              V116$3        V117$1        V117$2        V117$3        V118$1
              ________      ________      ________      ________      ________
                1.446        -1.709         0.064         1.716        -1.867


           MEANS/INTERCEPTS/THRESHOLDS
              V118$2        V118$3        V119$1        V119$2        V119$3
              ________      ________      ________      ________      ________
               -0.386         1.071        -1.665        -0.120         1.206


           MEANS/INTERCEPTS/THRESHOLDS
              V120$1        V120$2        V120$3        V121$1        V121$2
              ________      ________      ________      ________      ________
               -0.852         0.907         2.167        -1.669        -0.190


           MEANS/INTERCEPTS/THRESHOLDS
              V121$3        V122$1        V122$2        V122$3        V123$1
              ________      ________      ________      ________      ________
                1.156        -1.755         0.000         1.497        -1.444


           MEANS/INTERCEPTS/THRESHOLDS
              V123$2        V123$3        V124$1        V124$2        V124$3
              ________      ________      ________      ________      ________
                0.135         1.535        -1.722        -0.259         1.006


           MEANS/INTERCEPTS/THRESHOLDS
              V125$1        V125$2        V125$3        V126$1        V126$2
              ________      ________      ________      ________      ________
               -1.598        -0.129         1.259        -1.348         0.228


           MEANS/INTERCEPTS/THRESHOLDS
              V126$3        V127$1        V127$2        V127$3        V128$1
              ________      ________      ________      ________      ________
                1.526        -1.220         0.222         1.341        -2.208


           MEANS/INTERCEPTS/THRESHOLDS
              V128$2        V128$3        V129$1        V129$2        V129$3
              ________      ________      ________      ________      ________
               -0.873         0.653        -1.302         0.265         1.414


           MEANS/INTERCEPTS/THRESHOLDS
              V130$1        V130$2        V130$3        V131$1        V131$2
              ________      ________      ________      ________      ________
               -2.363        -0.926         0.773        -1.782        -0.231


           MEANS/INTERCEPTS/THRESHOLDS
              V131$3        V132$1        V132$2        V132$3
              ________      ________      ________      ________
                1.064        -2.537        -0.950         0.571


           CORRELATION MATRIX (WITH VARIANCES ON THE DIAGONAL)
              V115          V116          V117          V118          V119
              ________      ________      ________      ________      ________
 V115
 V116           0.319
 V117           0.284         0.489
 V118           0.241         0.209         0.326
 V119           0.157         0.179         0.322         0.432
 V120           0.263         0.471         0.440         0.372         0.351
 V121           0.355         0.314         0.399         0.511         0.343
 V122           0.269         0.322         0.377         0.366         0.257
 V123           0.237         0.266         0.333         0.328         0.372
 V124           0.233         0.224         0.309         0.430         0.301
 V125           0.191         0.279         0.118         0.406         0.380
 V126           0.187         0.311         0.386         0.257         0.316
 V127           0.254         0.253         0.372         0.498         0.324
 V128           0.210         0.340         0.331         0.199         0.091
 V129           0.209         0.073         0.201         0.382         0.435
 V130           0.362         0.264         0.262         0.517         0.364
 V131           0.326         0.362         0.381         0.434         0.228
 V132           0.185         0.119         0.250         0.360         0.250


           CORRELATION MATRIX (WITH VARIANCES ON THE DIAGONAL)
              V120          V121          V122          V123          V124
              ________      ________      ________      ________      ________
 V121           0.502
 V122           0.475         0.606
 V123           0.396         0.563         0.646
 V124           0.377         0.651         0.523         0.584
 V125           0.260         0.542         0.415         0.482         0.715
 V126           0.389         0.382         0.454         0.655         0.416
 V127           0.421         0.613         0.496         0.497         0.504
 V128           0.306         0.353         0.341         0.375         0.292
 V129           0.280         0.337         0.358         0.314         0.417
 V130           0.255         0.752         0.507         0.503         0.605
 V131           0.451         0.834         0.547         0.571         0.654
 V132           0.259         0.243         0.319         0.297         0.299


           CORRELATION MATRIX (WITH VARIANCES ON THE DIAGONAL)
              V125          V126          V127          V128          V129
              ________      ________      ________      ________      ________
 V126           0.450
 V127           0.505         0.506
 V128           0.293         0.419         0.276
 V129           0.479         0.272         0.410         0.156
 V130           0.561         0.401         0.571         0.456         0.437
 V131           0.543         0.433         0.567         0.393         0.348
 V132           0.228         0.304         0.187         0.362         0.249


           CORRELATION MATRIX (WITH VARIANCES ON THE DIAGONAL)
              V130          V131          V132
              ________      ________      ________
 V131           0.791
 V132           0.368         0.403


THE MODEL ESTIMATION TERMINATED NORMALLY



MODEL FIT INFORMATION

Number of Free Parameters                      142

Chi-Square Test of Model Fit

          Value                           2486.644*
          Degrees of Freedom                   272
          P-Value                           0.0000

Chi-Square Contribution From Each Group

          FULL                             957.198
          SHORT                           1529.446

*   The chi-square value for MLM, MLMV, MLR, ULSMV, WLSM and WLSMV cannot be used
    for chi-square difference testing in the regular way.  MLM, MLR and WLSM
    chi-square difference testing is described on the Mplus website.  MLMV, WLSMV,
    and ULSMV difference testing is done using the DIFFTEST option.

RMSEA (Root Mean Square Error Of Approximation)

          Estimate                           0.065
          90 Percent C.I.                    0.063  0.067
          Probability RMSEA <= .05           0.000

CFI/TLI

          CFI                                0.935
          TLI                                0.927

Chi-Square Test of Model Fit for the Baseline Model

          Value                          34551.030
          Degrees of Freedom                   306
          P-Value                           0.0000

WRMR (Weighted Root Mean Square Residual)

          Value                              3.092



MODEL RESULTS

                                                    Two-Tailed
                    Estimate       S.E.  Est./S.E.    P-Value

Group FULL

 F1       BY
    V115               1.000      0.000    999.000    999.000
    V116               1.012      0.124      8.137      0.000
    V117               1.286      0.158      8.151      0.000
    V118               1.469      0.173      8.473      0.000
    V119               0.938      0.144      6.524      0.000
    V120               1.291      0.148      8.706      0.000
    V121               3.331      0.364      9.151      0.000
    V122               2.299      0.254      9.043      0.000
    V123               2.059      0.225      9.151      0.000
    V124               2.856      0.300      9.525      0.000
    V125               2.172      0.227      9.555      0.000
    V126               1.624      0.188      8.644      0.000
    V127               2.176      0.245      8.899      0.000
    V128               1.408      0.175      8.057      0.000
    V129               1.273      0.158      8.058      0.000
    V130               2.552      0.276      9.235      0.000
    V131               3.509      0.400      8.769      0.000
    V132               0.944      0.117      8.074      0.000

 Means
    F1                 0.000      0.000    999.000    999.000

 Thresholds
    V115$1            -2.145      0.089    -23.969      0.000
    V115$2            -0.678      0.036    -18.986      0.000
    V115$3             0.885      0.041     21.755      0.000
    V116$1            -2.101      0.116    -18.150      0.000
    V116$2            -0.168      0.057     -2.930      0.003
    V116$3             1.570      0.085     18.512      0.000
    V117$1            -1.884      0.098    -19.274      0.000
    V117$2             0.025      0.058      0.432      0.666
    V117$3             1.807      0.092     19.677      0.000
    V118$1            -2.350      0.130    -18.136      0.000
    V118$2            -0.492      0.063     -7.785      0.000
    V118$3             1.076      0.071     15.130      0.000
    V119$1            -1.923      0.107    -17.921      0.000
    V119$2            -0.198      0.059     -3.335      0.001
    V119$3             1.278      0.076     16.773      0.000
    V120$1            -1.092      0.068    -16.032      0.000
    V120$2             1.065      0.068     15.573      0.000
    V120$3             2.430      0.134     18.194      0.000
    V121$1            -3.502      0.189    -18.521      0.000
    V121$2            -0.743      0.104     -7.159      0.000
    V121$3             1.781      0.122     14.653      0.000
    V122$1            -2.964      0.167    -17.786      0.000
    V122$2            -0.133      0.077     -1.732      0.083
    V122$3             2.277      0.123     18.583      0.000
    V123$1            -2.129      0.112    -18.984      0.000
    V123$2             0.159      0.071      2.233      0.026
    V123$3             2.078      0.113     18.432      0.000
    V124$1            -2.897      0.150    -19.256      0.000
    V124$2            -0.570      0.090     -6.327      0.000
    V124$3             1.515      0.103     14.752      0.000
    V125$1            -2.339      0.126    -18.503      0.000
    V125$2            -0.425      0.078     -5.429      0.000
    V125$3             1.461      0.091     16.113      0.000
    V126$1            -1.815      0.092    -19.649      0.000
    V126$2             0.338      0.064      5.316      0.000
    V126$3             2.118      0.109     19.413      0.000
    V127$1            -1.901      0.100    -18.937      0.000
    V127$2             0.396      0.074      5.384      0.000
    V127$3             1.983      0.103     19.214      0.000
    V128$1            -2.568      0.155    -16.614      0.000
    V128$2            -1.046      0.074    -14.218      0.000
    V128$3             0.958      0.071     13.425      0.000
    V129$1            -1.751      0.093    -18.823      0.000
    V129$2             0.201      0.061      3.311      0.001
    V129$3             1.627      0.088     18.548      0.000
    V130$1            -3.965      0.279    -14.204      0.000
    V130$2            -1.739      0.112    -15.523      0.000
    V130$3             0.994      0.087     11.405      0.000
    V131$1            -3.922      0.228    -17.183      0.000
    V131$2            -1.042      0.111     -9.385      0.000
    V131$3             1.594      0.121     13.228      0.000
    V132$1            -2.450      0.150    -16.287      0.000
    V132$2            -1.195      0.070    -16.987      0.000
    V132$3             0.621      0.059     10.540      0.000

 Variances
    F1                 0.240      0.048      5.046      0.000

 Residual Variances
    V115               1.000      0.000    999.000    999.000
    V116               1.000      0.000    999.000    999.000
    V117               1.000      0.000    999.000    999.000
    V118               1.000      0.000    999.000    999.000
    V119               1.000      0.000    999.000    999.000
    V120               1.000      0.000    999.000    999.000
    V121               1.000      0.000    999.000    999.000
    V122               1.000      0.000    999.000    999.000
    V123               1.000      0.000    999.000    999.000
    V124               1.000      0.000    999.000    999.000
    V125               1.000      0.000    999.000    999.000
    V126               1.000      0.000    999.000    999.000
    V127               1.000      0.000    999.000    999.000
    V128               1.000      0.000    999.000    999.000
    V129               1.000      0.000    999.000    999.000
    V130               1.000      0.000    999.000    999.000
    V131               1.000      0.000    999.000    999.000
    V132               1.000      0.000    999.000    999.000

Group SHORT

 F1       BY
    V115               1.000      0.000    999.000    999.000
    V116               1.165      0.117      9.942      0.000
    V117               1.210      0.113     10.716      0.000
    V118               1.563      0.142     11.007      0.000
    V119               1.175      0.123      9.515      0.000
    V120               1.625      0.165      9.835      0.000
    V121               3.912      0.338     11.566      0.000
    V122               2.496      0.236     10.564      0.000
    V123               2.221      0.201     11.076      0.000
    V124               2.711      0.247     10.960      0.000
    V125               2.189      0.208     10.541      0.000
    V126               1.729      0.160     10.805      0.000
    V127               2.310      0.215     10.741      0.000
    V128               1.159      0.110     10.501      0.000
    V129               1.379      0.133     10.340      0.000
    V130               2.951      0.306      9.650      0.000
    V131               4.155      0.381     10.899      0.000
    V132               0.862      0.102      8.437      0.000

 Means
    F1                 0.000      0.000    999.000    999.000

 Thresholds
    V115$1            -2.145      0.089    -23.969      0.000
    V115$2            -0.678      0.036    -18.986      0.000
    V115$3             0.885      0.041     21.755      0.000
    V116$1            -2.101      0.116    -18.150      0.000
    V116$2             0.081      0.044      1.862      0.063
    V116$3             1.866      0.138     13.479      0.000
    V117$1            -1.884      0.098    -19.274      0.000
    V117$2             0.070      0.036      1.963      0.050
    V117$3             1.892      0.133     14.231      0.000
    V118$1            -2.350      0.130    -18.136      0.000
    V118$2            -0.486      0.039    -12.366      0.000
    V118$3             1.348      0.089     15.089      0.000
    V119$1            -1.923      0.107    -17.921      0.000
    V119$2            -0.138      0.040     -3.488      0.000
    V119$3             1.393      0.108     12.949      0.000
    V120$1            -1.092      0.068    -16.032      0.000
    V120$2             1.164      0.105     11.107      0.000
    V120$3             2.779      0.237     11.751      0.000
    V121$1            -3.502      0.189    -18.521      0.000
    V121$2            -0.399      0.052     -7.710      0.000
    V121$3             2.426      0.158     15.373      0.000
    V122$1            -2.964      0.167    -17.786      0.000
    V122$2             0.000      0.055      0.000      1.000
    V122$3             2.528      0.188     13.448      0.000
    V123$1            -2.129      0.112    -18.984      0.000
    V123$2             0.199      0.051      3.884      0.000
    V123$3             2.265      0.163     13.922      0.000
    V124$1            -2.897      0.150    -19.256      0.000
    V124$2            -0.436      0.058     -7.500      0.000
    V124$3             1.692      0.127     13.368      0.000
    V125$1            -2.339      0.126    -18.503      0.000
    V125$2            -0.189      0.050     -3.783      0.000
    V125$3             1.843      0.139     13.254      0.000
    V126$1            -1.815      0.092    -19.649      0.000
    V126$2             0.307      0.049      6.242      0.000
    V126$3             2.056      0.144     14.283      0.000
    V127$1            -1.901      0.100    -18.937      0.000
    V127$2             0.346      0.059      5.907      0.000
    V127$3             2.090      0.154     13.566      0.000
    V128$1            -2.568      0.155    -16.614      0.000
    V128$2            -1.015      0.071    -14.214      0.000
    V128$3             0.759      0.059     12.833      0.000
    V129$1            -1.751      0.093    -18.823      0.000
    V129$2             0.356      0.053      6.731      0.000
    V129$3             1.902      0.140     13.604      0.000
    V130$1            -3.965      0.279    -14.204      0.000
    V130$2            -1.554      0.138    -11.295      0.000
    V130$3             1.298      0.125     10.356      0.000
    V131$1            -3.922      0.228    -17.183      0.000
    V131$2            -0.508      0.076     -6.685      0.000
    V131$3             2.342      0.184     12.757      0.000
    V132$1            -2.450      0.150    -16.287      0.000
    V132$2            -0.917      0.078    -11.808      0.000
    V132$3             0.551      0.056      9.898      0.000

 Variances
    F1                 0.221      0.029      7.634      0.000

 Residual Variances
    V115               1.202      0.102     11.798      0.000
    V116               1.363      0.177      7.697      0.000
    V117               0.892      0.110      8.103      0.000
    V118               1.043      0.126      8.276      0.000
    V119               1.028      0.137      7.520      0.000
    V120               1.061      0.160      6.621      0.000
    V121               1.016      0.128      7.959      0.000
    V122               1.473      0.195      7.550      0.000
    V123               1.083      0.137      7.898      0.000
    V124               1.203      0.149      8.093      0.000
    V125               1.081      0.140      7.733      0.000
    V126               1.152      0.141      8.180      0.000
    V127               1.246      0.159      7.850      0.000
    V128               1.055      0.141      7.504      0.000
    V129               1.388      0.177      7.862      0.000
    V130               0.887      0.152      5.832      0.000
    V131               1.021      0.145      7.021      0.000
    V132               0.768      0.121      6.360      0.000


STANDARDIZED MODEL RESULTS


STDYX Standardization

                                                    Two-Tailed
                    Estimate       S.E.  Est./S.E.    P-Value

Group FULL

 F1       BY
    V115               0.440      0.035     12.511      0.000
    V116               0.444      0.038     11.775      0.000
    V117               0.533      0.032     16.909      0.000
    V118               0.584      0.030     19.571      0.000
    V119               0.417      0.038     10.976      0.000
    V120               0.534      0.030     17.740      0.000
    V121               0.853      0.014     58.796      0.000
    V122               0.748      0.021     35.616      0.000
    V123               0.710      0.023     31.118      0.000
    V124               0.813      0.016     49.807      0.000
    V125               0.729      0.021     35.166      0.000
    V126               0.623      0.026     24.205      0.000
    V127               0.729      0.021     35.228      0.000
    V128               0.568      0.031     18.164      0.000
    V129               0.529      0.031     16.841      0.000
    V130               0.781      0.019     40.843      0.000
    V131               0.864      0.014     62.152      0.000
    V132               0.420      0.035     11.886      0.000

 Means
    F1                 0.000      0.000    999.000    999.000

 Thresholds
    V115$1            -1.926      0.080    -23.946      0.000
    V115$2            -0.609      0.032    -18.990      0.000
    V115$3             0.795      0.036     21.830      0.000
    V116$1            -1.882      0.102    -18.402      0.000
    V116$2            -0.150      0.051     -2.934      0.003
    V116$3             1.407      0.074     18.896      0.000
    V117$1            -1.594      0.080    -19.874      0.000
    V117$2             0.021      0.049      0.432      0.666
    V117$3             1.529      0.077     19.853      0.000
    V118$1            -1.908      0.101    -18.815      0.000
    V118$2            -0.399      0.051     -7.817      0.000
    V118$3             0.873      0.057     15.282      0.000
    V119$1            -1.748      0.097    -18.001      0.000
    V119$2            -0.180      0.054     -3.337      0.001
    V119$3             1.162      0.069     16.809      0.000
    V120$1            -0.923      0.057    -16.058      0.000
    V120$2             0.900      0.057     15.780      0.000
    V120$3             2.055      0.113     18.123      0.000
    V121$1            -1.831      0.096    -18.977      0.000
    V121$2            -0.389      0.052     -7.541      0.000
    V121$3             0.931      0.059     15.806      0.000
    V122$1            -1.969      0.109    -18.108      0.000
    V122$2            -0.088      0.051     -1.737      0.082
    V122$3             1.512      0.078     19.281      0.000
    V123$1            -1.500      0.077    -19.501      0.000
    V123$2             0.112      0.050      2.234      0.025
    V123$3             1.464      0.075     19.439      0.000
    V124$1            -1.685      0.088    -19.139      0.000
    V124$2            -0.332      0.052     -6.397      0.000
    V124$3             0.881      0.059     15.011      0.000
    V125$1            -1.602      0.086    -18.587      0.000
    V125$2            -0.291      0.053     -5.448      0.000
    V125$3             1.001      0.063     15.795      0.000
    V126$1            -1.421      0.072    -19.777      0.000
    V126$2             0.264      0.050      5.339      0.000
    V126$3             1.657      0.083     19.934      0.000
    V127$1            -1.301      0.068    -19.084      0.000
    V127$2             0.271      0.050      5.405      0.000
    V127$3             1.357      0.070     19.327      0.000
    V128$1            -2.114      0.127    -16.697      0.000
    V128$2            -0.861      0.060    -14.441      0.000
    V128$3             0.789      0.058     13.522      0.000
    V129$1            -1.486      0.078    -18.992      0.000
    V129$2             0.171      0.052      3.314      0.001
    V129$3             1.380      0.074     18.737      0.000
    V130$1            -2.478      0.178    -13.935      0.000
    V130$2            -1.086      0.063    -17.112      0.000
    V130$3             0.621      0.055     11.363      0.000
    V131$1            -1.973      0.109    -18.181      0.000
    V131$2            -0.524      0.053     -9.907      0.000
    V131$3             0.802      0.057     14.148      0.000
    V132$1            -2.224      0.137    -16.287      0.000
    V132$2            -1.084      0.063    -17.163      0.000
    V132$3             0.564      0.054     10.492      0.000

 Variances
    F1                 1.000      0.000    999.000    999.000

 Residual Variances
    V115               0.807      0.031     26.091      0.000
    V116               0.803      0.033     23.993      0.000
    V117               0.716      0.034     21.307      0.000
    V118               0.659      0.035     18.908      0.000
    V119               0.826      0.032     26.030      0.000
    V120               0.715      0.032     22.212      0.000
    V121               0.273      0.025     11.050      0.000
    V122               0.441      0.031     14.054      0.000
    V123               0.496      0.032     15.311      0.000
    V124               0.338      0.027     12.731      0.000
    V125               0.469      0.030     15.539      0.000
    V126               0.612      0.032     19.127      0.000
    V127               0.468      0.030     15.514      0.000
    V128               0.678      0.035     19.104      0.000
    V129               0.720      0.033     21.678      0.000
    V130               0.390      0.030     13.080      0.000
    V131               0.253      0.024     10.529      0.000
    V132               0.824      0.030     27.814      0.000

Group SHORT

 F1       BY
    V115               0.394      0.018     21.322      0.000
    V116               0.425      0.025     17.212      0.000
    V117               0.516      0.022     23.578      0.000
    V118               0.584      0.014     40.375      0.000
    V119               0.479      0.025     19.264      0.000
    V120               0.596      0.020     30.458      0.000
    V121               0.877      0.008    114.947      0.000
    V122               0.695      0.016     42.585      0.000
    V123               0.709      0.016     44.599      0.000
    V124               0.758      0.013     57.382      0.000
    V125               0.704      0.016     42.841      0.000
    V126               0.604      0.019     32.354      0.000
    V127               0.698      0.016     43.332      0.000
    V128               0.469      0.018     26.406      0.000
    V129               0.482      0.022     21.985      0.000
    V130               0.828      0.012     68.186      0.000
    V131               0.888      0.009     99.308      0.000
    V132               0.420      0.026     16.121      0.000

 Means
    F1                 0.000      0.000    999.000    999.000

 Thresholds
    V115$1            -1.798      0.042    -43.183      0.000
    V115$2            -0.568      0.023    -25.252      0.000
    V115$3             0.742      0.024     30.934      0.000
    V116$1            -1.629      0.055    -29.480      0.000
    V116$2             0.063      0.033      1.903      0.057
    V116$3             1.446      0.049     29.300      0.000
    V117$1            -1.709      0.056    -30.521      0.000
    V117$2             0.064      0.032      2.003      0.045
    V117$3             1.716      0.056     30.501      0.000
    V118$1            -1.867      0.045    -41.695      0.000
    V118$2            -0.386      0.023    -16.603      0.000
    V118$3             1.071      0.028     38.196      0.000
    V119$1            -1.665      0.059    -28.399      0.000
    V119$2            -0.119      0.034     -3.474      0.001
    V119$3             1.206      0.045     26.743      0.000
    V120$1            -0.852      0.036    -23.668      0.000
    V120$2             0.907      0.037     24.755      0.000
    V120$3             2.167      0.080     26.974      0.000
    V121$1            -1.669      0.039    -42.299      0.000
    V121$2            -0.190      0.023     -8.207      0.000
    V121$3             1.156      0.030     39.067      0.000
    V122$1            -1.755      0.059    -29.683      0.000
    V122$2             0.000      0.032      0.000      1.000
    V122$3             1.497      0.050     30.005      0.000
    V123$1            -1.444      0.048    -29.898      0.000
    V123$2             0.135      0.033      4.142      0.000
    V123$3             1.536      0.051     30.109      0.000
    V124$1            -1.722      0.058    -29.740      0.000
    V124$2            -0.259      0.033     -7.865      0.000
    V124$3             1.006      0.039     25.574      0.000
    V125$1            -1.598      0.056    -28.610      0.000
    V125$2            -0.129      0.034     -3.761      0.000
    V125$3             1.259      0.046     27.325      0.000
    V126$1            -1.348      0.045    -30.252      0.000
    V126$2             0.228      0.032      7.148      0.000
    V126$3             1.526      0.049     30.933      0.000
    V127$1            -1.220      0.043    -28.502      0.000
    V127$2             0.222      0.033      6.807      0.000
    V127$3             1.342      0.045     29.491      0.000
    V128$1            -2.208      0.062    -35.529      0.000
    V128$2            -0.873      0.027    -32.370      0.000
    V128$3             0.653      0.025     25.770      0.000
    V129$1            -1.302      0.045    -28.810      0.000
    V129$2             0.265      0.033      7.971      0.000
    V129$3             1.414      0.048     29.470      0.000
    V130$1            -2.363      0.102    -23.095      0.000
    V130$2            -0.926      0.039    -23.867      0.000
    V130$3             0.773      0.037     20.925      0.000
    V131$1            -1.782      0.060    -29.646      0.000
    V131$2            -0.231      0.033     -7.050      0.000
    V131$3             1.064      0.040     26.586      0.000
    V132$1            -2.537      0.123    -20.561      0.000
    V132$2            -0.950      0.039    -24.268      0.000
    V132$3             0.571      0.035     16.246      0.000

 Variances
    F1                 1.000      0.000    999.000    999.000

 Residual Variances
    V115               0.844      0.015     57.886      0.000
    V116               0.819      0.021     38.999      0.000
    V117               0.733      0.023     32.439      0.000
    V118               0.658      0.017     38.914      0.000
    V119               0.771      0.024     32.389      0.000
    V120               0.645      0.023     27.626      0.000
    V121               0.231      0.013     17.231      0.000
    V122               0.516      0.023     22.728      0.000
    V123               0.498      0.023     22.115      0.000
    V124               0.425      0.020     21.208      0.000
    V125               0.505      0.023     21.811      0.000
    V126               0.635      0.023     28.143      0.000
    V127               0.513      0.022     22.836      0.000
    V128               0.780      0.017     46.816      0.000
    V129               0.767      0.021     36.245      0.000
    V130               0.315      0.020     15.691      0.000
    V131               0.211      0.016     13.265      0.000
    V132               0.824      0.022     37.647      0.000


R-SQUARE

Group FULL

    Observed                                        Two-Tailed     Scale
    Variable        Estimate       S.E.  Est./S.E.    P-Value     Factors

    V115               0.193      0.031      6.256      0.000      0.898
    V116               0.197      0.033      5.887      0.000      0.896
    V117               0.284      0.034      8.455      0.000      0.846
    V118               0.341      0.035      9.785      0.000      0.812
    V119               0.174      0.032      5.488      0.000      0.909
    V120               0.285      0.032      8.870      0.000      0.845
    V121               0.727      0.025     29.398      0.000      0.523
    V122               0.559      0.031     17.808      0.000      0.664
    V123               0.504      0.032     15.559      0.000      0.704
    V124               0.662      0.027     24.904      0.000      0.582
    V125               0.531      0.030     17.583      0.000      0.685
    V126               0.388      0.032     12.103      0.000      0.783
    V127               0.532      0.030     17.614      0.000      0.684
    V128               0.322      0.035      9.082      0.000      0.823
    V129               0.280      0.033      8.420      0.000      0.849
    V130               0.610      0.030     20.422      0.000      0.625
    V131               0.747      0.024     31.076      0.000      0.503
    V132               0.176      0.030      5.943      0.000      0.908

Group SHORT

    Observed                                        Two-Tailed     Scale
    Variable        Estimate       S.E.  Est./S.E.    P-Value     Factors

    V115               0.156      0.015     10.661      0.000      0.838
    V116               0.181      0.021      8.606      0.000      0.775
    V117               0.267      0.023     11.789      0.000      0.907
    V118               0.342      0.017     20.188      0.000      0.794
    V119               0.229      0.024      9.632      0.000      0.866
    V120               0.355      0.023     15.229      0.000      0.780
    V121               0.769      0.013     57.473      0.000      0.476
    V122               0.484      0.023     21.292      0.000      0.592
    V123               0.502      0.023     22.299      0.000      0.678
    V124               0.575      0.020     28.691      0.000      0.594
    V125               0.495      0.023     21.421      0.000      0.683
    V126               0.365      0.023     16.177      0.000      0.743
    V127               0.487      0.022     21.666      0.000      0.642
    V128               0.220      0.017     13.203      0.000      0.860
    V129               0.233      0.021     10.993      0.000      0.743
    V130               0.685      0.020     34.093      0.000      0.596
    V131               0.789      0.016     49.654      0.000      0.454
    V132               0.176      0.022      8.061      0.000      1.036


QUALITY OF NUMERICAL RESULTS

     Condition Number for the Information Matrix              0.249E-04
       (ratio of smallest to largest eigenvalue)


MODEL MODIFICATION INDICES

NOTE:  Modification indices for direct effects of observed dependent variables
regressed on covariates and residual covariances among observed dependent
variables may not be included.  To include these, request MODINDICES (ALL).

Minimum M.I. value for printing the modification index    10.000

                                   M.I.     E.P.C.  Std E.P.C.  StdYX E.P.C.
Group FULL


WITH Statements

V116     WITH V115                22.541     0.231      0.231        0.231
V117     WITH V116                18.064     0.191      0.191        0.191
V120     WITH V116                27.919     0.259      0.259        0.259
V121     WITH V119                14.264    -0.323     -0.323       -0.323
V122     WITH V120                11.498     0.209      0.209        0.209
V123     WITH V121                18.314    -0.384     -0.384       -0.384
V123     WITH V122                27.172     0.306      0.306        0.306
V124     WITH V117                11.388    -0.262     -0.262       -0.262
V124     WITH V120                26.511    -0.446     -0.446       -0.446
V125     WITH V121                15.468    -0.377     -0.377       -0.377
V125     WITH V122                18.127    -0.328     -0.328       -0.328
V125     WITH V123                12.588    -0.256     -0.256       -0.256
V125     WITH V124               244.413     0.826      0.826        0.826
V126     WITH V118                14.702    -0.253     -0.253       -0.253
V126     WITH V121                19.855    -0.391     -0.391       -0.391
V126     WITH V123                72.146     0.420      0.420        0.420
V127     WITH V125                13.243    -0.276     -0.276       -0.276
V128     WITH V116                20.322     0.239      0.239        0.239
V128     WITH V117                11.008     0.175      0.175        0.175
V128     WITH V125                11.378    -0.254     -0.254       -0.254
V128     WITH V126                13.854     0.198      0.198        0.198
V129     WITH V119                25.607     0.239      0.239        0.239
V129     WITH V128                14.024    -0.225     -0.225       -0.225
V130     WITH V121                27.991     0.431      0.431        0.431
V131     WITH V121                68.695     0.669      0.669        0.669
V131     WITH V124                11.566    -0.350     -0.350       -0.350
V131     WITH V125                18.516    -0.430     -0.430       -0.430
V132     WITH V118                30.735     0.263      0.263        0.263
V132     WITH V127                17.049    -0.276     -0.276       -0.276
V132     WITH V128                13.509     0.190      0.190        0.190

Means/Intercepts/Thresholds

[ V115     ]                      28.803     0.294      0.294        0.264
[ F1       ]                      28.682     0.294      0.600        0.600
[ V115$2   ]                      22.799    -0.167     -0.167       -0.150
[ V115$3   ]                      18.559    -0.134     -0.134       -0.120

Group SHORT


WITH Statements

V116     WITH V115                92.774     0.578      0.578        0.451
V117     WITH V115                23.954     0.257      0.257        0.248
V117     WITH V116                61.533     0.379      0.379        0.344
V119     WITH V118               120.209     0.608      0.608        0.587
V120     WITH V116                66.488     0.504      0.504        0.420
V120     WITH V117               124.728     0.590      0.590        0.607
V121     WITH V116                20.831    -0.501     -0.501       -0.426
V121     WITH V117                16.953    -0.351     -0.351       -0.369
V121     WITH V119                25.708    -0.503     -0.503       -0.492
V122     WITH V120                29.736     0.410      0.410        0.328
V123     WITH V118                36.895    -0.457     -0.457       -0.430
V123     WITH V121                25.620    -0.521     -0.521       -0.496
V123     WITH V122                30.435     0.375      0.375        0.297
V124     WITH V115                17.024    -0.306     -0.306       -0.255
V124     WITH V117                31.420    -0.395     -0.395       -0.381
V124     WITH V120                35.728    -0.548     -0.548       -0.485
V125     WITH V115                20.730    -0.319     -0.319       -0.280
V125     WITH V117                27.557    -0.332     -0.332       -0.338
V125     WITH V120                12.237    -0.281     -0.281       -0.262
V125     WITH V121                62.833    -0.840     -0.840       -0.802
V125     WITH V124               182.147     0.681      0.681        0.597
V126     WITH V115                10.389    -0.214     -0.214       -0.182
V126     WITH V117                30.303     0.285      0.285        0.281
V126     WITH V118                43.522    -0.470     -0.470       -0.428
V126     WITH V121               108.905    -1.062     -1.062       -0.982
V126     WITH V123               141.921     0.645      0.645        0.577
V127     WITH V118                55.606     0.495      0.495        0.434
V128     WITH V115                10.220     0.201      0.201        0.178
V128     WITH V116                81.156     0.524      0.524        0.437
V128     WITH V117                32.091     0.265      0.265        0.273
V128     WITH V118                85.184    -0.566     -0.566       -0.539
V128     WITH V119                49.875    -0.415     -0.415       -0.398
V128     WITH V121                56.206    -0.674     -0.674       -0.651
V128     WITH V124                18.800    -0.335     -0.335       -0.297
V128     WITH V126                84.884     0.491      0.491        0.445
V129     WITH V118                53.134     0.437      0.437        0.363
V129     WITH V119                23.061     0.272      0.272        0.228
V129     WITH V121                48.703    -0.753     -0.753       -0.634
V129     WITH V124                16.193     0.312      0.312        0.241
V129     WITH V125                17.001     0.292      0.292        0.238
V129     WITH V128                22.578    -0.309     -0.309       -0.255
V130     WITH V116                31.276    -0.528     -0.528       -0.480
V130     WITH V117                16.073    -0.321     -0.321       -0.361
V130     WITH V120                26.035    -0.476     -0.476       -0.491
V130     WITH V121                16.681     0.392      0.392        0.413
V130     WITH V123                33.496    -0.539     -0.539       -0.550
V130     WITH V128                22.341     0.347      0.347        0.359
V131     WITH V117                42.081    -0.618     -0.618       -0.648
V131     WITH V118                57.456    -0.759     -0.759       -0.736
V131     WITH V119                16.146    -0.423     -0.423       -0.413
V131     WITH V120                47.554    -0.791     -0.791       -0.760
V131     WITH V121               426.364     2.094      2.094        2.055
V131     WITH V122                45.764    -0.776     -0.776       -0.633
V131     WITH V126                58.967    -0.763     -0.763       -0.703
V131     WITH V129                36.863    -0.684     -0.684       -0.575
V131     WITH V130                20.857     0.422      0.422        0.444
V132     WITH V116                10.034    -0.162     -0.162       -0.158
V132     WITH V118                55.847     0.318      0.318        0.355
V132     WITH V121                57.185    -0.652     -0.652       -0.738
V132     WITH V125                13.506    -0.217     -0.217       -0.238
V132     WITH V127                36.985    -0.379     -0.379       -0.387
V132     WITH V128                71.469     0.363      0.363        0.404

Means/Intercepts/Thresholds

[ V115     ]                      28.802    -0.294     -0.294       -0.247
[ F1       ]                      28.848    -0.295     -0.626       -0.626
[ V115$2   ]                      22.805     0.270      0.270        0.226
[ V115$3   ]                      18.560     0.289      0.289        0.242



SAVEDATA INFORMATION


  Difference testing

  Save file
    v115_config.dat
  Save format      Free

DIAGRAM INFORMATION

  Use View Diagram under the Diagram menu in the Mplus Editor to view the diagram.
  If running Mplus from the Mplus Diagrammer, the diagram opens automatically.

  Diagram output
    c:\users\msassac6\dropbox (the university of manchester)\papers\joe s\evs_mm_de_equivalence\mplus\eq\inv_data3_v115_

     Beginning Time:  13:53:59
        Ending Time:  13:54:04
       Elapsed Time:  00:00:05



MUTHEN & MUTHEN
3463 Stoner Ave.
Los Angeles, CA  90066

Tel: (310) 391-9971
Fax: (310) 391-8971
Web: www.StatModel.com
Support: Support@StatModel.com

Copyright (c) 1998-2017 Muthen & Muthen
