Mplus VERSION 8
MUTHEN & MUTHEN
07/06/2020   1:53 PM

INPUT INSTRUCTIONS

  TITLE: Your title goes here

   DATA: FILE = eq/data.dta;

   VARIABLE:

   NAMES = id_cocas weight comp_mode comp_len mode mm_matrix_group wei_mmf v2 v3 v4 v32
       v33 v34 v35 v36 v37 v46 v47 v48 v49 v50 v65 v66 v67 v68 v69 v70 v82 v83 v84 v98
       v99 v100 v101 v103 v104 v105 v106 v107 v115 v116 v117 v118 v119 v120 v121 v122
       v123 v124 v125 v126 v127 v128 v129 v130 v131 v132 v133 v134 v135 v136 v137 v138
       v139 v140 v141 v145 v146 v147 v148 v149 v150 v151 v152 v153 v154 v155 v156 v157
       v158 v159 v160 v161 v162 v163 v164 v165 v166 v167 v176 v177 v178 v179 v180 v181
       v182 v183 v185 v186 v187 v188 v189 v191 v192 v193 v194 v195 v196 v197 v199 v200
       v201 v202 v203 v205 v206 v207 v208 v209 v210 v211 v212 v213 v214 v215 v216 v217
       v218 v220 v221 v222 v223 v224 v267 v268 v269 v271 v272 v273;

   MISSING=.;

   USEVARIABLES ARE
   v133
   v135
   v136
   v138
   v141;

   GROUPING IS comp_mode (0=sm 1=mm);

  Model:


  f1 BY v133@1
  v135 (L2)
  v136 (L3)
  v138 (L4)
  v141 (L5)
  ;

  [v133] (i1);
  [v135] (i2);
  [v136] (i3);
  [v138] (i4);
  [v141] (i5);

   [f1@0];

  Model mm:

  f1 BY v133@1
  v135 (L2)
  v136 (L3)
  v138 (L4)
  v141 (L5)
  ;

  [v133] (i1);
  [v135] (i2);
  [v136] (i3);
  [v138] (i4);
  [v141] (i5);

   [f1@0];

   SAVEDATA: DIFFTEST IS v133_scalar.dat;

   OUTPUT: SAMPSTAT;

                                  MODINDICES;

                                  STDYX;




*** WARNING in SAVEDATA command
  The DIFFTEST option is available only for the estimators MLMV, WLSMV and ULSMV.
  Request for DIFFTEST will be ignored.
*** WARNING
  Data set contains unknown or missing values for GROUPING,
  PATTERN, COHORT, CLUSTER and/or STRATIFICATION variables.
  Number of cases with unknown or missing values:  3244
*** WARNING
  Data set contains cases with missing on all variables.
  These cases were not included in the analysis.
  Number of cases with missing on all variables:  28
   3 WARNING(S) FOUND IN THE INPUT INSTRUCTIONS



Your title goes here

SUMMARY OF ANALYSIS

Number of groups                                                 2
Number of observations
   Group SM                                                   1487
   Group MM                                                    657
   Total sample size                                          2144

Number of dependent variables                                    5
Number of independent variables                                  0
Number of continuous latent variables                            1

Observed dependent variables

  Continuous
   V133        V135        V136        V138        V141

Continuous latent variables
   F1

Variables with special functions

  Grouping variable     COMP_MOD

Estimator                                                       ML
Information matrix                                        OBSERVED
Maximum number of iterations                                  1000
Convergence criterion                                    0.500D-04
Maximum number of steepest descent iterations                   20
Maximum number of iterations for H1                           2000
Convergence criterion for H1                             0.100D-03

Input data file(s)
  eq/data.dta

Input data format  FREE


SUMMARY OF DATA

   Group SM
     Number of missing data patterns            14

   Group MM
     Number of missing data patterns            18


COVARIANCE COVERAGE OF DATA

Minimum covariance coverage value   0.100


     PROPORTION OF DATA PRESENT FOR SM


           Covariance Coverage
              V133          V135          V136          V138          V141
              ________      ________      ________      ________      ________
 V133           0.992
 V135           0.988         0.994
 V136           0.989         0.992         0.995
 V138           0.971         0.974         0.975         0.977
 V141           0.990         0.993         0.993         0.976         0.998


     PROPORTION OF DATA PRESENT FOR MM


           Covariance Coverage
              V133          V135          V136          V138          V141
              ________      ________      ________      ________      ________
 V133           0.939
 V135           0.924         0.979
 V136           0.922         0.953         0.970
 V138           0.889         0.921         0.913         0.930
 V141           0.927         0.970         0.959         0.927         0.988


SAMPLE STATISTICS


     ESTIMATED SAMPLE STATISTICS FOR SM


           Means
              V133          V135          V136          V138          V141
              ________      ________      ________      ________      ________
                7.485         9.430         8.158         8.511         9.513


           Covariances
              V133          V135          V136          V138          V141
              ________      ________      ________      ________      ________
 V133           6.855
 V135           0.926         2.313
 V136           1.740         0.992         4.549
 V138           1.585         1.184         1.150         5.649
 V141           0.688         0.855         0.692         0.960         2.181


           Correlations
              V133          V135          V136          V138          V141
              ________      ________      ________      ________      ________
 V133           1.000
 V135           0.233         1.000
 V136           0.312         0.306         1.000
 V138           0.255         0.328         0.227         1.000
 V141           0.178         0.381         0.220         0.273         1.000


     ESTIMATED SAMPLE STATISTICS FOR MM


           Means
              V133          V135          V136          V138          V141
              ________      ________      ________      ________      ________
                7.469         9.182         7.529         8.580         9.496


           Covariances
              V133          V135          V136          V138          V141
              ________      ________      ________      ________      ________
 V133           6.087
 V135           1.289         3.616
 V136           2.701         1.715         5.637
 V138           1.410         2.127         1.610         5.443
 V141           0.994         1.478         1.074         1.732         2.761


           Correlations
              V133          V135          V136          V138          V141
              ________      ________      ________      ________      ________
 V133           1.000
 V135           0.275         1.000
 V136           0.461         0.380         1.000
 V138           0.245         0.479         0.291         1.000
 V141           0.242         0.468         0.272         0.447         1.000


     MAXIMUM LOG-LIKELIHOOD VALUE FOR THE UNRESTRICTED (H1) MODEL IS -21552.994


UNIVARIATE SAMPLE STATISTICS


     UNIVARIATE HIGHER-ORDER MOMENT DESCRIPTIVE STATISTICS FOR SM

         Variable/         Mean/     Skewness/   Minimum/ % with                Percentiles
        Sample Size      Variance    Kurtosis    Maximum  Min/Max      20%/60%    40%/80%    Median

     V133                  7.495      -1.058       0.000    0.54%       5.000      8.000      8.000
            1475.000       6.841       0.317      10.000   31.80%       9.000     10.000
     V135                  9.430      -3.553       0.000    0.07%       9.000     10.000     10.000
            1478.000       2.314      13.797      10.000   79.97%      10.000     10.000
     V136                  8.158      -1.206       0.000    0.14%       7.000      8.000      9.000
            1480.000       4.549       1.065      10.000   42.03%      10.000     10.000
     V138                  8.512      -1.845       0.000    0.55%       7.000      9.000     10.000
            1453.000       5.657       2.717      10.000   56.64%      10.000     10.000
     V141                  9.513      -4.056       0.000    0.40%      10.000     10.000     10.000
            1484.000       2.181      18.087      10.000   83.76%      10.000     10.000


     UNIVARIATE HIGHER-ORDER MOMENT DESCRIPTIVE STATISTICS FOR MM

         Variable/         Mean/     Skewness/   Minimum/ % with                Percentiles
        Sample Size      Variance    Kurtosis    Maximum  Min/Max      20%/60%    40%/80%    Median

     V133                  7.486      -0.863       1.000    3.08%       5.000      7.000      8.000
             617.000       6.029      -0.058      10.000   30.47%       8.000     10.000
     V135                  9.185      -2.729       1.000    1.71%       9.000     10.000     10.000
             643.000       3.619       7.055      10.000   76.52%      10.000     10.000
     V136                  7.526      -0.830       1.000    2.20%       5.000      7.000      8.000
             637.000       5.631      -0.084      10.000   29.51%       8.000     10.000
     V138                  8.607      -1.834       1.000    2.62%       7.000      9.000     10.000
             611.000       5.227       2.603      10.000   59.08%      10.000     10.000
     V141                  9.496      -3.953       1.000    2.16%      10.000     10.000     10.000
             649.000       2.746      15.570      10.000   85.98%      10.000     10.000


THE MODEL ESTIMATION TERMINATED NORMALLY



MODEL FIT INFORMATION

Number of Free Parameters                       21

Loglikelihood

          H0 Value                      -21638.451
          H1 Value                      -21552.994

Information Criteria

          Akaike (AIC)                   43318.902
          Bayesian (BIC)                 43437.981
          Sample-Size Adjusted BIC       43371.261
            (n* = (n + 2) / 24)

Chi-Square Test of Model Fit

          Value                            170.914
          Degrees of Freedom                    19
          P-Value                           0.0000

Chi-Square Contribution From Each Group

          SM                                64.769
          MM                               106.145

RMSEA (Root Mean Square Error Of Approximation)

          Estimate                           0.086
          90 Percent C.I.                    0.075  0.098
          Probability RMSEA <= .05           0.000

CFI/TLI

          CFI                                0.895
          TLI                                0.889

Chi-Square Test of Model Fit for the Baseline Model

          Value                           1464.590
          Degrees of Freedom                    20
          P-Value                           0.0000

SRMR (Standardized Root Mean Square Residual)

          Value                              0.056



MODEL RESULTS

                                                    Two-Tailed
                    Estimate       S.E.  Est./S.E.    P-Value

Group SM

 F1       BY
    V133               1.000      0.000    999.000    999.000
    V135               1.019      0.074     13.780      0.000
    V136               1.015      0.072     14.021      0.000
    V138               1.171      0.087     13.468      0.000
    V141               0.786      0.059     13.407      0.000

 Means
    F1                 0.000      0.000    999.000    999.000

 Intercepts
    V133               7.494      0.056    133.916      0.000
    V135               9.374      0.035    266.451      0.000
    V136               7.997      0.049    164.481      0.000
    V138               8.556      0.052    165.571      0.000
    V141               9.515      0.033    287.799      0.000

 Variances
    F1                 1.018      0.132      7.725      0.000

 Residual Variances
    V133               5.709      0.232     24.630      0.000
    V135               1.292      0.076     17.082      0.000
    V136               3.522      0.152     23.229      0.000
    V138               4.221      0.185     22.856      0.000
    V141               1.563      0.070     22.371      0.000

Group MM

 F1       BY
    V133               1.000      0.000    999.000    999.000
    V135               1.019      0.074     13.780      0.000
    V136               1.015      0.072     14.021      0.000
    V138               1.171      0.087     13.468      0.000
    V141               0.786      0.059     13.407      0.000

 Means
    F1                 0.000      0.000    999.000    999.000

 Intercepts
    V133               7.494      0.056    133.916      0.000
    V135               9.374      0.035    266.451      0.000
    V136               7.997      0.049    164.481      0.000
    V138               8.556      0.052    165.571      0.000
    V141               9.515      0.033    287.799      0.000

 Variances
    F1                 1.667      0.222      7.518      0.000

 Residual Variances
    V133               4.690      0.301     15.599      0.000
    V135               1.822      0.146     12.465      0.000
    V136               4.145      0.271     15.298      0.000
    V138               3.210      0.235     13.668      0.000
    V141               1.703      0.117     14.542      0.000


STANDARDIZED MODEL RESULTS


STDYX Standardization

                                                    Two-Tailed
                    Estimate       S.E.  Est./S.E.    P-Value

Group SM

 F1       BY
    V133               0.389      0.024     16.289      0.000
    V135               0.671      0.021     31.205      0.000
    V136               0.479      0.023     20.575      0.000
    V138               0.499      0.022     22.244      0.000
    V141               0.536      0.022     24.477      0.000

 Means
    F1                 0.000      0.000    999.000    999.000

 Intercepts
    V133               2.889      0.055     52.356      0.000
    V135               6.117      0.114     53.856      0.000
    V136               3.740      0.072     51.905      0.000
    V138               3.610      0.067     53.785      0.000
    V141               6.427      0.116     55.490      0.000

 Variances
    F1                 1.000      0.000    999.000    999.000

 Residual Variances
    V133               0.849      0.019     45.673      0.000
    V135               0.550      0.029     19.086      0.000
    V136               0.770      0.022     34.524      0.000
    V138               0.751      0.022     33.609      0.000
    V141               0.713      0.023     30.389      0.000

Group MM

 F1       BY
    V133               0.512      0.029     17.444      0.000
    V135               0.698      0.026     26.488      0.000
    V136               0.541      0.028     19.491      0.000
    V138               0.645      0.027     23.532      0.000
    V141               0.614      0.027     22.755      0.000

 Means
    F1                 0.000      0.000    999.000    999.000

 Intercepts
    V133               2.972      0.085     35.133      0.000
    V135               4.974      0.130     38.301      0.000
    V136               3.302      0.087     38.127      0.000
    V138               3.649      0.102     35.637      0.000
    V141               5.755      0.150     38.405      0.000

 Variances
    F1                 1.000      0.000    999.000    999.000

 Residual Variances
    V133               0.738      0.030     24.544      0.000
    V135               0.513      0.037     13.955      0.000
    V136               0.707      0.030     23.507      0.000
    V138               0.584      0.035     16.518      0.000
    V141               0.623      0.033     18.802      0.000


R-SQUARE

Group SM

    Observed                                        Two-Tailed
    Variable        Estimate       S.E.  Est./S.E.    P-Value

    V133               0.151      0.019      8.145      0.000
    V135               0.450      0.029     15.602      0.000
    V136               0.230      0.022     10.287      0.000
    V138               0.249      0.022     11.122      0.000
    V141               0.287      0.023     12.239      0.000

Group MM

    Observed                                        Two-Tailed
    Variable        Estimate       S.E.  Est./S.E.    P-Value

    V133               0.262      0.030      8.722      0.000
    V135               0.487      0.037     13.244      0.000
    V136               0.293      0.030      9.746      0.000
    V138               0.416      0.035     11.766      0.000
    V141               0.377      0.033     11.378      0.000


QUALITY OF NUMERICAL RESULTS

     Condition Number for the Information Matrix              0.431E-03
       (ratio of smallest to largest eigenvalue)


MODEL MODIFICATION INDICES

NOTE:  Modification indices for direct effects of observed dependent variables
regressed on covariates may not be included.  To include these, request
MODINDICES (ALL).

Minimum M.I. value for printing the modification index    10.000

                                   M.I.     E.P.C.  Std E.P.C.  StdYX E.P.C.
Group SM


WITH Statements

V136     WITH V133                38.598     0.830      0.830        0.185

Means/Intercepts/Thresholds

[ V136     ]                      32.441     0.148      0.148        0.069

Group MM


WITH Statements

V136     WITH V133                50.346     1.474      1.474        0.334
V141     WITH V136                10.484    -0.427     -0.427       -0.161

Means/Intercepts/Thresholds

[ V136     ]                      32.447    -0.419     -0.419       -0.173



DIAGRAM INFORMATION

  Use View Diagram under the Diagram menu in the Mplus Editor to view the diagram.
  If running Mplus from the Mplus Diagrammer, the diagram opens automatically.

  Diagram output
    c:\users\msassac6\dropbox (the university of manchester)\papers\joe s\evs_mm_de_equivalence\mplus\eq\inv_data3_v133_

     Beginning Time:  13:53:02
        Ending Time:  13:53:03
       Elapsed Time:  00:00:01



MUTHEN & MUTHEN
3463 Stoner Ave.
Los Angeles, CA  90066

Tel: (310) 391-9971
Fax: (310) 391-8971
Web: www.StatModel.com
Support: Support@StatModel.com

Copyright (c) 1998-2017 Muthen & Muthen
