Mplus VERSION 8
MUTHEN & MUTHEN
07/13/2020   8:27 AM

INPUT INSTRUCTIONS

  TITLE: Your title goes here

   DATA: FILE = eq/data.dta;

   VARIABLE:

   NAMES = id_cocas weight comp_mode comp_len mode mm_matrix_group wei_mmf v2 v3 v4 v32
       v33 v34 v35 v36 v37 v46 v47 v48 v49 v50 v65 v66 v67 v68 v69 v70 v82 v83 v84 v98
       v99 v100 v101 v103 v104 v105 v106 v107 v115 v116 v117 v118 v119 v120 v121 v122
       v123 v124 v125 v126 v127 v128 v129 v130 v131 v132 v133 v134 v135 v136 v137 v138
       v139 v140 v141 v145 v146 v147 v148 v149 v150 v151 v152 v153 v154 v155 v156 v157
       v158 v159 v160 v161 v162 v163 v164 v165 v166 v167 v176 v177 v178 v179 v180 v181
       v182 v183 v185 v186 v187 v188 v189 v191 v192 v193 v194 v195 v196 v197 v199 v200
       v201 v202 v203 v205 v206 v207 v208 v209 v210 v211 v212 v213 v214 v215 v216 v217
       v218 v220 v221 v222 v223 v224 v267 v268 v269 v271 v272 v273;

   MISSING=.;

   USEVARIABLES ARE
   v221
   v222
   v223
   v224;

   CATEGORICAL ARE
   v221
   v222
   v223
   v224;

   GROUPING IS comp_mode (0=sm 1=mm);

  WEIGHT IS weight;

   Analysis:

                  ESTIMATOR = WLSMV;

                  ITERATIONS = 100000;

                  PARAMETERIZATION = THETA;

  Model:


  f1 BY v221@1
  v222 (L2)
  v223 (L3)
  v224 (L4)
  ;


   [f1@0];
  [v221$1] (t_v221_1);
  [v221$2] (t_v221_2);
  [v221$3] (t_v221_3);

  [v222$1] (t_v222_1);
  [v222$2] (t_v222_2);
  [v222$3] (t_v222_3);

  [v223$1] (t_v223_1);
  [v223$2] (t_v223_2);
  [v223$3] (t_v223_3);

  [v224$1] (t_v224_1);
  [v224$2] (t_v224_2);
  [v224$3] (t_v224_3);


  Model mm:

  f1 BY v221@1
  v222 (L2)
  v223 (L3)
  v224 (L4)
  ;


   [f1@0];
  [v221$1] (t_v221_1);
  [v221$2] (t_v221_2);
  [v221$3] (t_v221_3);

  [v222$1] (t_v222_1);
  [v222$2] (t_v222_2);
  [v222$3] (t_v222_3);

  [v223$1] (t_v223_1);
  [v223$2] (t_v223_2);
  [v223$3] (t_v223_3);

  [v224$1] (t_v224_1);
  [v224$2] (t_v224_2);
  [v224$3] (t_v224_3);


   SAVEDATA: DIFFTEST IS v221_scalar.dat;

   OUTPUT: SAMPSTAT;

                                  MODINDICES;

                                  STDYX;




*** WARNING
  Data set contains unknown or missing values for GROUPING,
  PATTERN, COHORT, CLUSTER and/or STRATIFICATION variables.
  Number of cases with unknown or missing values:  3244
*** WARNING
  Data set contains cases with missing on all variables.
  These cases were not included in the analysis.
  Number of cases with missing on all variables:  17
   2 WARNING(S) FOUND IN THE INPUT INSTRUCTIONS



Your title goes here

SUMMARY OF ANALYSIS

Number of groups                                                 2
Number of observations
   Group SM                                                   1489
   Group MM                                                    666
   Total sample size                                          2155

Number of dependent variables                                    4
Number of independent variables                                  0
Number of continuous latent variables                            1

Observed dependent variables

  Binary and ordered categorical (ordinal)
   V221        V222        V223        V224

Continuous latent variables
   F1

Variables with special functions

  Grouping variable     COMP_MOD
  Weight variable       WEIGHT

Estimator                                                    WLSMV
Maximum number of iterations                                100000
Convergence criterion                                    0.500D-04
Maximum number of steepest descent iterations                   20
Maximum number of iterations for H1                           2000
Convergence criterion for H1                             0.100D-03
Parameterization                                             THETA
Link                                                        PROBIT

Input data file(s)
  eq/data.dta

Input data format  FREE


SUMMARY OF DATA

   Group SM
     Number of missing data patterns             7

   Group MM
     Number of missing data patterns            11


COVARIANCE COVERAGE OF DATA

Minimum covariance coverage value   0.100


     PROPORTION OF DATA PRESENT FOR SM


           Covariance Coverage
              V221          V222          V223          V224
              ________      ________      ________      ________
 V221           0.982
 V222           0.981         0.999
 V223           0.976         0.992         0.993
 V224           0.981         0.997         0.991         0.999


     PROPORTION OF DATA PRESENT FOR MM


           Covariance Coverage
              V221          V222          V223          V224
              ________      ________      ________      ________
 V221           0.944
 V222           0.941         0.992
 V223           0.929         0.970         0.973
 V224           0.932         0.977         0.959         0.985


UNIVARIATE PROPORTIONS AND COUNTS FOR CATEGORICAL VARIABLES

  Group SM
    V221
      Category 1    0.245          357.716
      Category 2    0.550          802.033
      Category 3    0.186          270.777
      Category 4    0.019           27.684
    V222
      Category 1    0.731         1087.279
      Category 2    0.258          383.630
      Category 3    0.009           13.188
      Category 4    0.002            2.662
    V223
      Category 1    0.447          659.223
      Category 2    0.502          740.263
      Category 3    0.047           69.637
      Category 4    0.005            6.786
    V224
      Category 1    0.803         1193.970
      Category 2    0.179          265.676
      Category 3    0.016           24.201
      Category 4    0.002            3.108

  Group MM
    V221
      Category 1    0.251          156.459
      Category 2    0.531          330.844
      Category 3    0.187          116.639
      Category 4    0.031           19.135
    V222
      Category 1    0.743          489.436
      Category 2    0.249          163.765
      Category 3    0.007            4.379
      Category 4    0.001            0.956
    V223
      Category 1    0.457          295.500
      Category 2    0.469          302.964
      Category 3    0.062           40.102
      Category 4    0.012            7.921
    V224
      Category 1    0.857          560.360
      Category 2    0.132           86.486
      Category 3    0.008            5.459
      Category 4    0.002            1.482


SAMPLE STATISTICS


     ESTIMATED SAMPLE STATISTICS FOR SM


           MEANS/INTERCEPTS/THRESHOLDS
              V221$1        V221$2        V221$3        V222$1        V222$2
              ________      ________      ________      ________      ________
               -0.689         0.825         2.075         0.617         2.302


           MEANS/INTERCEPTS/THRESHOLDS
              V222$3        V223$1        V223$2        V223$3        V224$1
              ________      ________      ________      ________      ________
                2.913        -0.134         1.628         2.605         0.852


           MEANS/INTERCEPTS/THRESHOLDS
              V224$2        V224$3
              ________      ________
                2.089         2.864


           CORRELATION MATRIX (WITH VARIANCES ON THE DIAGONAL)
              V221          V222          V223          V224
              ________      ________      ________      ________
 V221
 V222           0.426
 V223           0.219         0.469
 V224           0.122         0.327         0.410


     ESTIMATED SAMPLE STATISTICS FOR MM


           MEANS/INTERCEPTS/THRESHOLDS
              V221$1        V221$2        V221$3        V222$1        V222$2
              ________      ________      ________      ________      ________
               -0.671         0.779         1.870         0.653         2.404


           MEANS/INTERCEPTS/THRESHOLDS
              V222$3        V223$1        V223$2        V223$3        V224$1
              ________      ________      ________      ________      ________
                2.978        -0.108         1.445         2.249         1.067


           MEANS/INTERCEPTS/THRESHOLDS
              V224$2        V224$3
              ________      ________
                2.304         2.838


           CORRELATION MATRIX (WITH VARIANCES ON THE DIAGONAL)
              V221          V222          V223          V224
              ________      ________      ________      ________
 V221
 V222           0.374
 V223           0.258         0.455
 V224           0.151         0.168         0.342


THE MODEL ESTIMATION TERMINATED NORMALLY



MODEL FIT INFORMATION

Number of Free Parameters                       21

Chi-Square Test of Model Fit

          Value                             46.677*
          Degrees of Freedom                    15
          P-Value                           0.0000

Chi-Square Contribution From Each Group

          SM                                32.039
          MM                                14.638

*   The chi-square value for MLM, MLMV, MLR, ULSMV, WLSM and WLSMV cannot be used
    for chi-square difference testing in the regular way.  MLM, MLR and WLSM
    chi-square difference testing is described on the Mplus website.  MLMV, WLSMV,
    and ULSMV difference testing is done using the DIFFTEST option.

RMSEA (Root Mean Square Error Of Approximation)

          Estimate                           0.044
          90 Percent C.I.                    0.030  0.059
          Probability RMSEA <= .05           0.722

CFI/TLI

          CFI                                0.962
          TLI                                0.969

Chi-Square Test of Model Fit for the Baseline Model

          Value                            839.366
          Degrees of Freedom                    12
          P-Value                           0.0000

WRMR (Weighted Root Mean Square Residual)

          Value                              1.538



MODEL RESULTS

                                                    Two-Tailed
                    Estimate       S.E.  Est./S.E.    P-Value

Group SM

 F1       BY
    V221               1.000      0.000    999.000    999.000
    V222               2.326      0.328      7.093      0.000
    V223               1.851      0.253      7.312      0.000
    V224               1.117      0.147      7.588      0.000

 Means
    F1                 0.000      0.000    999.000    999.000

 Thresholds
    V221$1            -0.773      0.039    -19.707      0.000
    V221$2             0.918      0.041     22.462      0.000
    V221$3             2.275      0.084     27.183      0.000
    V222$1             0.937      0.078     12.062      0.000
    V222$2             3.481      0.247     14.099      0.000
    V222$3             4.370      0.396     11.035      0.000
    V223$1            -0.176      0.041     -4.293      0.000
    V223$2             2.180      0.115     18.896      0.000
    V223$3             3.446      0.210     16.396      0.000
    V224$1             1.011      0.045     22.539      0.000
    V224$2             2.381      0.093     25.669      0.000
    V224$3             3.143      0.161     19.467      0.000

 Variances
    F1                 0.236      0.043      5.446      0.000

 Residual Variances
    V221               1.000      0.000    999.000    999.000
    V222               1.000      0.000    999.000    999.000
    V223               1.000      0.000    999.000    999.000
    V224               1.000      0.000    999.000    999.000

Group MM

 F1       BY
    V221               1.000      0.000    999.000    999.000
    V222               2.326      0.328      7.093      0.000
    V223               1.851      0.253      7.312      0.000
    V224               1.117      0.147      7.588      0.000

 Means
    F1                 0.000      0.000    999.000    999.000

 Thresholds
    V221$1            -0.773      0.039    -19.707      0.000
    V221$2             0.918      0.041     22.462      0.000
    V221$3             2.275      0.084     27.183      0.000
    V222$1             0.937      0.078     12.062      0.000
    V222$2             3.481      0.247     14.099      0.000
    V222$3             4.370      0.396     11.035      0.000
    V223$1            -0.176      0.041     -4.293      0.000
    V223$2             2.180      0.115     18.896      0.000
    V223$3             3.446      0.210     16.396      0.000
    V224$1             1.011      0.045     22.539      0.000
    V224$2             2.381      0.093     25.669      0.000
    V224$3             3.143      0.161     19.467      0.000

 Variances
    F1                 0.222      0.045      4.970      0.000

 Residual Variances
    V221               1.178      0.123      9.579      0.000
    V222               0.922      0.244      3.779      0.000
    V223               1.472      0.229      6.434      0.000
    V224               0.806      0.116      6.949      0.000


STANDARDIZED MODEL RESULTS


STDYX Standardization

                                                    Two-Tailed
                    Estimate       S.E.  Est./S.E.    P-Value

Group SM

 F1       BY
    V221               0.437      0.032     13.458      0.000
    V222               0.748      0.035     21.593      0.000
    V223               0.668      0.035     19.103      0.000
    V224               0.477      0.034     13.823      0.000

 Means
    F1                 0.000      0.000    999.000    999.000

 Thresholds
    V221$1            -0.696      0.034    -20.422      0.000
    V221$2             0.826      0.035     23.835      0.000
    V221$3             2.047      0.070     29.084      0.000
    V222$1             0.621      0.034     18.372      0.000
    V222$2             2.309      0.108     21.283      0.000
    V222$3             2.898      0.210     13.833      0.000
    V223$1            -0.131      0.030     -4.309      0.000
    V223$2             1.621      0.055     29.732      0.000
    V223$3             2.564      0.117     21.968      0.000
    V224$1             0.889      0.035     25.090      0.000
    V224$2             2.093      0.075     27.915      0.000
    V224$3             2.763      0.137     20.243      0.000

 Variances
    F1                 1.000      0.000    999.000    999.000

 Residual Variances
    V221               0.809      0.028     28.570      0.000
    V222               0.440      0.052      8.474      0.000
    V223               0.553      0.047     11.836      0.000
    V224               0.773      0.033     23.507      0.000

Group MM

 F1       BY
    V221               0.399      0.035     11.494      0.000
    V222               0.752      0.052     14.562      0.000
    V223               0.584      0.042     13.858      0.000
    V224               0.506      0.049     10.391      0.000

 Means
    F1                 0.000      0.000    999.000    999.000

 Thresholds
    V221$1            -0.653      0.038    -17.274      0.000
    V221$2             0.776      0.040     19.265      0.000
    V221$3             1.923      0.083     23.210      0.000
    V222$1             0.643      0.044     14.545      0.000
    V222$2             2.388      0.149     16.025      0.000
    V222$3             2.998      0.230     13.009      0.000
    V223$1            -0.118      0.028     -4.253      0.000
    V223$2             1.458      0.072     20.393      0.000
    V223$3             2.306      0.126     18.285      0.000
    V224$1             0.972      0.052     18.815      0.000
    V224$2             2.288      0.120     18.989      0.000
    V224$3             3.020      0.176     17.153      0.000

 Variances
    F1                 1.000      0.000    999.000    999.000

 Residual Variances
    V221               0.841      0.028     30.440      0.000
    V222               0.434      0.078      5.577      0.000
    V223               0.659      0.049     13.379      0.000
    V224               0.744      0.049     15.076      0.000


R-SQUARE

Group SM

    Observed                                        Two-Tailed     Scale
    Variable        Estimate       S.E.  Est./S.E.    P-Value     Factors

    V221               0.191      0.028      6.729      0.000      0.900
    V222               0.560      0.052     10.797      0.000      0.663
    V223               0.447      0.047      9.552      0.000      0.744
    V224               0.227      0.033      6.912      0.000      0.879

Group MM

    Observed                                        Two-Tailed     Scale
    Variable        Estimate       S.E.  Est./S.E.    P-Value     Factors

    V221               0.159      0.028      5.747      0.000      0.845
    V222               0.566      0.078      7.281      0.000      0.686
    V223               0.341      0.049      6.929      0.000      0.669
    V224               0.256      0.049      5.196      0.000      0.961


QUALITY OF NUMERICAL RESULTS

     Condition Number for the Information Matrix              0.888E-03
       (ratio of smallest to largest eigenvalue)


MODEL MODIFICATION INDICES

NOTE:  Modification indices for direct effects of observed dependent variables
regressed on covariates and residual covariances among observed dependent
variables may not be included.  To include these, request MODINDICES (ALL).

Minimum M.I. value for printing the modification index    10.000

                                   M.I.     E.P.C.  Std E.P.C.  StdYX E.P.C.
Group SM


WITH Statements

V222     WITH V221                15.844     0.309      0.309        0.309
V223     WITH V221                11.426    -0.209     -0.209       -0.209
V224     WITH V223                18.373     0.283      0.283        0.283

Group MM


No modification indices above the minimum value.



SAVEDATA INFORMATION


  Difference testing

  Save file
    v221_scalar.dat
  Save format      Free

DIAGRAM INFORMATION

  Use View Diagram under the Diagram menu in the Mplus Editor to view the diagram.
  If running Mplus from the Mplus Diagrammer, the diagram opens automatically.

  Diagram output
    c:\users\msassac6\dropbox (the university of manchester)\papers\joe s\evs_mm_de_equivalence\mplus\eq\inv_data3_v221_

     Beginning Time:  08:27:57
        Ending Time:  08:27:57
       Elapsed Time:  00:00:00



MUTHEN & MUTHEN
3463 Stoner Ave.
Los Angeles, CA  90066

Tel: (310) 391-9971
Fax: (310) 391-8971
Web: www.StatModel.com
Support: Support@StatModel.com

Copyright (c) 1998-2017 Muthen & Muthen
