Mplus VERSION 8
MUTHEN & MUTHEN
07/13/2020   8:30 AM

INPUT INSTRUCTIONS

  TITLE: Your title goes here

   DATA: FILE = eq/data.dta;

   VARIABLE:

   NAMES = id_cocas weight comp_mode comp_len mode mm_matrix_group wei_mmf v2 v3 v4 v32
       v33 v34 v35 v36 v37 v46 v47 v48 v49 v50 v65 v66 v67 v68 v69 v70 v82 v83 v84 v98
       v99 v100 v101 v103 v104 v105 v106 v107 v115 v116 v117 v118 v119 v120 v121 v122
       v123 v124 v125 v126 v127 v128 v129 v130 v131 v132 v133 v134 v135 v136 v137 v138
       v139 v140 v141 v145 v146 v147 v148 v149 v150 v151 v152 v153 v154 v155 v156 v157
       v158 v159 v160 v161 v162 v163 v164 v165 v166 v167 v176 v177 v178 v179 v180 v181
       v182 v183 v185 v186 v187 v188 v189 v191 v192 v193 v194 v195 v196 v197 v199 v200
       v201 v202 v203 v205 v206 v207 v208 v209 v210 v211 v212 v213 v214 v215 v216 v217
       v218 v220 v221 v222 v223 v224 v267 v268 v269 v271 v272 v273;

   MISSING=.;

   USEVARIABLES ARE
   v176
   v177
   v178
   v179
   v180
   v181
   v182
   v183;

   CATEGORICAL ARE
   v176
   v177
   v178
   v179
   v180
   v181
   v182
   v183;

   GROUPING IS comp_mode (0=sm 1=mm);

  WEIGHT IS weight;

   Analysis:

                  ESTIMATOR = WLSMV;

                  ITERATIONS = 100000;

                  PARAMETERIZATION = THETA;

  Model:


  f1 BY v176@1
  v177 (L2_sm)
  v178 (L3_sm)
  v179 (L4_sm)
  v180 (L5_sm)
  v181 (L6_sm)
  v182 (L7_sm)
  v183 (L8_sm)
  ;


   [f1@0];
  [v176$1] (t_v176_1);
  [v176$2] (t_v176_2);
  [v176$3] (t_v176_3);

  [v177$1] (t_v177_1);
  [v177$2] (t_v177_2_sm);
  [v177$3] (t_v177_3_sm);

  [v178$1] (t_v178_1);
  [v178$2] (t_v178_2_sm);
  [v178$3] (t_v178_3_sm);

  [v179$1] (t_v179_1);
  [v179$2] (t_v179_2_sm);
  [v179$3] (t_v179_3_sm);

  [v180$1] (t_v180_1);
  [v180$2] (t_v180_2_sm);
  [v180$3] (t_v180_3_sm);

  [v181$1] (t_v181_1);
  [v181$2] (t_v181_2_sm);
  [v181$3] (t_v181_3_sm);

  [v182$1] (t_v182_1);
  [v182$2] (t_v182_2_sm);
  [v182$3] (t_v182_3_sm);

  [v183$1] (t_v183_1);
  [v183$2] (t_v183_2_sm);
  [v183$3] (t_v183_3_sm);


  Model mm:

  f1 BY v176@1
  v177 (L2_mm)
  v178 (L3_mm)
  v179 (L4_mm)
  v180 (L5_mm)
  v181 (L6_mm)
  v182 (L7_mm)
  v183 (L8_mm)
  ;


   [f1@0];
  [v176$1] (t_v176_1);
  [v176$2] (t_v176_2);
  [v176$3] (t_v176_3);

  [v177$1] (t_v177_1);
  [v177$2] (t_v177_2_mm);
  [v177$3] (t_v177_3_mm);

  [v178$1] (t_v178_1);
  [v178$2] (t_v178_2_mm);
  [v178$3] (t_v178_3_mm);

  [v179$1] (t_v179_1);
  [v179$2] (t_v179_2_mm);
  [v179$3] (t_v179_3_mm);

  [v180$1] (t_v180_1);
  [v180$2] (t_v180_2_mm);
  [v180$3] (t_v180_3_mm);

  [v181$1] (t_v181_1);
  [v181$2] (t_v181_2_mm);
  [v181$3] (t_v181_3_mm);

  [v182$1] (t_v182_1);
  [v182$2] (t_v182_2_mm);
  [v182$3] (t_v182_3_mm);

  [v183$1] (t_v183_1);
  [v183$2] (t_v183_2_mm);
  [v183$3] (t_v183_3_mm);


   SAVEDATA: DIFFTEST IS v176_config.dat;

   OUTPUT: SAMPSTAT;

                                  MODINDICES;

                                  STDYX;




*** WARNING
  Data set contains unknown or missing values for GROUPING,
  PATTERN, COHORT, CLUSTER and/or STRATIFICATION variables.
  Number of cases with unknown or missing values:  3244
*** WARNING
  Data set contains cases with missing on all variables.
  These cases were not included in the analysis.
  Number of cases with missing on all variables:  74
   2 WARNING(S) FOUND IN THE INPUT INSTRUCTIONS



Your title goes here

SUMMARY OF ANALYSIS

Number of groups                                                 2
Number of observations
   Group SM                                                   1459
   Group MM                                                    639
   Total sample size                                          2098

Number of dependent variables                                    8
Number of independent variables                                  0
Number of continuous latent variables                            1

Observed dependent variables

  Binary and ordered categorical (ordinal)
   V176        V177        V178        V179        V180        V181
   V182        V183

Continuous latent variables
   F1

Variables with special functions

  Grouping variable     COMP_MOD
  Weight variable       WEIGHT

Estimator                                                    WLSMV
Maximum number of iterations                                100000
Convergence criterion                                    0.500D-04
Maximum number of steepest descent iterations                   20
Maximum number of iterations for H1                           2000
Convergence criterion for H1                             0.100D-03
Parameterization                                             THETA
Link                                                        PROBIT

Input data file(s)
  eq/data.dta

Input data format  FREE


SUMMARY OF DATA

   Group SM
     Number of missing data patterns            86

   Group MM
     Number of missing data patterns            96


COVARIANCE COVERAGE OF DATA

Minimum covariance coverage value   0.100


     PROPORTION OF DATA PRESENT FOR SM


           Covariance Coverage
              V176          V177          V178          V179          V180
              ________      ________      ________      ________      ________
 V176           0.974
 V177           0.891         0.902
 V178           0.899         0.846         0.916
 V179           0.901         0.853         0.853         0.917
 V180           0.944         0.883         0.899         0.894         0.964
 V181           0.939         0.880         0.888         0.895         0.931
 V182           0.900         0.856         0.857         0.869         0.894
 V183           0.956         0.894         0.902         0.908         0.949


           Covariance Coverage
              V181          V182          V183
              ________      ________      ________
 V181           0.955
 V182           0.897         0.914
 V183           0.944         0.910         0.977


     PROPORTION OF DATA PRESENT FOR MM


           Covariance Coverage
              V176          V177          V178          V179          V180
              ________      ________      ________      ________      ________
 V176           0.923
 V177           0.710         0.725
 V178           0.790         0.676         0.845
 V179           0.721         0.635         0.682         0.743
 V180           0.839         0.696         0.795         0.703         0.890
 V181           0.822         0.685         0.761         0.707         0.801
 V182           0.698         0.621         0.659         0.656         0.689
 V183           0.836         0.682         0.768         0.710         0.812


           Covariance Coverage
              V181          V182          V183
              ________      ________      ________
 V181           0.854
 V182           0.681         0.725
 V183           0.795         0.700         0.879


UNIVARIATE PROPORTIONS AND COUNTS FOR CATEGORICAL VARIABLES

  Group SM
    V176
      Category 1    0.694          983.895
      Category 2    0.247          350.431
      Category 3    0.047           66.482
      Category 4    0.012           16.356
    V177
      Category 1    0.010           12.898
      Category 2    0.092          119.599
      Category 3    0.331          431.653
      Category 4    0.567          739.315
    V178
      Category 1    0.108          142.803
      Category 2    0.383          504.716
      Category 3    0.287          378.296
      Category 4    0.221          291.464
    V179
      Category 1    0.014           18.751
      Category 2    0.082          108.640
      Category 3    0.280          373.234
      Category 4    0.624          830.126
    V180
      Category 1    0.209          292.523
      Category 2    0.547          765.505
      Category 3    0.185          258.103
      Category 4    0.059           82.123
    V181
      Category 1    0.662          914.910
      Category 2    0.291          402.915
      Category 3    0.034           46.470
      Category 4    0.013           18.634
    V182
      Category 1    0.031           41.559
      Category 2    0.115          151.158
      Category 3    0.277          365.844
      Category 4    0.577          761.025
    V183
      Category 1    0.002            2.859
      Category 2    0.008           11.532
      Category 3    0.051           72.220
      Category 4    0.939         1330.498

  Group MM
    V176
      Category 1    0.577          338.878
      Category 2    0.350          205.576
      Category 3    0.049           28.587
      Category 4    0.024           14.382
    V177
      Category 1    0.029           12.846
      Category 2    0.125           55.182
      Category 3    0.354          155.878
      Category 4    0.492          216.860
    V178
      Category 1    0.142           75.257
      Category 2    0.365          194.085
      Category 3    0.302          160.390
      Category 4    0.191          101.514
    V179
      Category 1    0.043           20.012
      Category 2    0.116           53.323
      Category 3    0.299          137.894
      Category 4    0.542          250.088
    V180
      Category 1    0.202          111.650
      Category 2    0.555          306.634
      Category 3    0.172           95.242
      Category 4    0.071           39.130
    V181
      Category 1    0.559          298.605
      Category 2    0.388          207.254
      Category 3    0.043           22.970
      Category 4    0.010            5.540
    V182
      Category 1    0.067           29.282
      Category 2    0.145           63.110
      Category 3    0.288          125.406
      Category 4    0.500          217.632
    V183
      Category 1    0.015            8.453
      Category 2    0.010            5.386
      Category 3    0.113           62.358
      Category 4    0.861          473.402


SAMPLE STATISTICS


     ESTIMATED SAMPLE STATISTICS FOR SM


           MEANS/INTERCEPTS/THRESHOLDS
              V176$1        V176$2        V176$3        V177$1        V177$2
              ________      ________      ________      ________      ________
                0.508         1.568         2.272        -2.330        -1.272


           MEANS/INTERCEPTS/THRESHOLDS
              V177$3        V178$1        V178$2        V178$3        V179$1
              ________      ________      ________      ________      ________
               -0.169        -1.235        -0.021         0.768        -2.195


           MEANS/INTERCEPTS/THRESHOLDS
              V179$2        V179$3        V180$1        V180$2        V180$3
              ________      ________      ________      ________      ________
               -1.306        -0.315        -0.809         0.696         1.566


           MEANS/INTERCEPTS/THRESHOLDS
              V181$1        V181$2        V181$3        V182$1        V182$2
              ________      ________      ________      ________      ________
                0.417         1.674         2.212        -1.859        -1.054


           MEANS/INTERCEPTS/THRESHOLDS
              V182$3        V183$1        V183$2        V183$3
              ________      ________      ________      ________
               -0.193        -2.875        -2.321        -1.545


           CORRELATION MATRIX (WITH VARIANCES ON THE DIAGONAL)
              V176          V177          V178          V179          V180
              ________      ________      ________      ________      ________
 V176
 V177          -0.500
 V178          -0.239         0.520
 V179          -0.470         0.594         0.384
 V180           0.357        -0.270        -0.390        -0.208
 V181           0.629        -0.493        -0.259        -0.475         0.426
 V182          -0.388         0.507         0.346         0.647        -0.193
 V183          -0.228         0.518         0.254         0.424        -0.151


           CORRELATION MATRIX (WITH VARIANCES ON THE DIAGONAL)
              V181          V182          V183
              ________      ________      ________
 V182          -0.452
 V183          -0.461         0.440


     ESTIMATED SAMPLE STATISTICS FOR MM


           MEANS/INTERCEPTS/THRESHOLDS
              V176$1        V176$2        V176$3        V177$1        V177$2
              ________      ________      ________      ________      ________
                0.194         1.453         1.969        -1.894        -1.018


           MEANS/INTERCEPTS/THRESHOLDS
              V177$3        V178$1        V178$2        V178$3        V179$1
              ________      ________      ________      ________      ________
                0.020        -1.073         0.018         0.874        -1.713


           MEANS/INTERCEPTS/THRESHOLDS
              V179$2        V179$3        V180$1        V180$2        V180$3
              ________      ________      ________      ________      ________
               -0.999        -0.106        -0.834         0.696         1.470


           MEANS/INTERCEPTS/THRESHOLDS
              V181$1        V181$2        V181$3        V182$1        V182$2
              ________      ________      ________      ________      ________
                0.148         1.613         2.313        -1.497        -0.799


           MEANS/INTERCEPTS/THRESHOLDS
              V182$3        V183$1        V183$2        V183$3
              ________      ________      ________      ________
                0.000        -2.160        -1.957        -1.086


           CORRELATION MATRIX (WITH VARIANCES ON THE DIAGONAL)
              V176          V177          V178          V179          V180
              ________      ________      ________      ________      ________
 V176
 V177          -0.567
 V178          -0.318         0.596
 V179          -0.537         0.766         0.617
 V180           0.287        -0.298        -0.424        -0.188
 V181           0.670        -0.544        -0.410        -0.480         0.378
 V182          -0.468         0.641         0.552         0.790        -0.117
 V183          -0.433         0.699         0.473         0.763        -0.072


           CORRELATION MATRIX (WITH VARIANCES ON THE DIAGONAL)
              V181          V182          V183
              ________      ________      ________
 V182          -0.455
 V183          -0.305         0.731


THE MODEL ESTIMATION TERMINATED NORMALLY



MODEL FIT INFORMATION

Number of Free Parameters                       62

Chi-Square Test of Model Fit

          Value                            498.808*
          Degrees of Freedom                    42
          P-Value                           0.0000

Chi-Square Contribution From Each Group

          SM                               298.645
          MM                               200.163

*   The chi-square value for MLM, MLMV, MLR, ULSMV, WLSM and WLSMV cannot be used
    for chi-square difference testing in the regular way.  MLM, MLR and WLSM
    chi-square difference testing is described on the Mplus website.  MLMV, WLSMV,
    and ULSMV difference testing is done using the DIFFTEST option.

RMSEA (Root Mean Square Error Of Approximation)

          Estimate                           0.102
          90 Percent C.I.                    0.094  0.110
          Probability RMSEA <= .05           0.000

CFI/TLI

          CFI                                0.921
          TLI                                0.895

Chi-Square Test of Model Fit for the Baseline Model

          Value                           5833.147
          Degrees of Freedom                    56
          P-Value                           0.0000

WRMR (Weighted Root Mean Square Residual)

          Value                              2.600



MODEL RESULTS

                                                    Two-Tailed
                    Estimate       S.E.  Est./S.E.    P-Value

Group SM

 F1       BY
    V176               1.000      0.000    999.000    999.000
    V177              -1.270      0.107    -11.914      0.000
    V178              -0.718      0.066    -10.796      0.000
    V179              -1.322      0.113    -11.660      0.000
    V180               0.555      0.056      9.945      0.000
    V181               1.113      0.091     12.239      0.000
    V182              -1.067      0.094    -11.302      0.000
    V183              -0.752      0.099     -7.559      0.000

 Means
    F1                 0.000      0.000    999.000    999.000

 Thresholds
    V176$1             0.603      0.050     12.143      0.000
    V176$2             2.172      0.093     23.356      0.000
    V176$3             3.106      0.147     21.157      0.000
    V177$1            -3.571      0.188    -19.018      0.000
    V177$2            -1.950      0.093    -21.054      0.000
    V177$3            -0.259      0.058     -4.444      0.000
    V178$1            -1.477      0.060    -24.629      0.000
    V178$2            -0.025      0.043     -0.582      0.560
    V178$3             0.918      0.049     18.727      0.000
    V179$1            -3.442      0.164    -20.974      0.000
    V179$2            -2.049      0.098    -20.854      0.000
    V179$3            -0.495      0.063     -7.916      0.000
    V180$1            -0.907      0.046    -19.624      0.000
    V180$2             0.780      0.044     17.825      0.000
    V180$3             1.755      0.067     26.110      0.000
    V181$1             0.595      0.057     10.385      0.000
    V181$2             2.388      0.109     21.948      0.000
    V181$3             3.156      0.148     21.332      0.000
    V182$1            -2.597      0.107    -24.308      0.000
    V182$2            -1.471      0.071    -20.708      0.000
    V182$3            -0.270      0.052     -5.173      0.000
    V183$1            -3.492      0.288    -12.105      0.000
    V183$2            -2.817      0.147    -19.126      0.000
    V183$3            -1.875      0.088    -21.392      0.000

 Variances
    F1                 0.836      0.118      7.098      0.000

 Residual Variances
    V176               1.000      0.000    999.000    999.000
    V177               1.000      0.000    999.000    999.000
    V178               1.000      0.000    999.000    999.000
    V179               1.000      0.000    999.000    999.000
    V180               1.000      0.000    999.000    999.000
    V181               1.000      0.000    999.000    999.000
    V182               1.000      0.000    999.000    999.000
    V183               1.000      0.000    999.000    999.000

Group MM

 F1       BY
    V176               1.000      0.000    999.000    999.000
    V177              -1.452      0.194     -7.490      0.000
    V178              -0.856      0.113     -7.599      0.000
    V179              -1.694      0.229     -7.394      0.000
    V180               0.354      0.069      5.145      0.000
    V181               2.464      1.019      2.419      0.016
    V182              -1.292      0.168     -7.702      0.000
    V183              -1.141      0.189     -6.035      0.000

 Means
    F1                 0.000      0.000    999.000    999.000

 Thresholds
    V176$1             0.603      0.050     12.143      0.000
    V176$2             2.172      0.093     23.356      0.000
    V176$3             3.106      0.147     21.157      0.000
    V177$1            -3.571      0.188    -19.018      0.000
    V177$2            -1.921      0.193     -9.946      0.000
    V177$3             0.038      0.123      0.308      0.758
    V178$1            -1.477      0.060    -24.629      0.000
    V178$2             0.024      0.083      0.292      0.770
    V178$3             1.204      0.147      8.184      0.000
    V179$1            -3.442      0.164    -20.974      0.000
    V179$2            -2.007      0.191    -10.535      0.000
    V179$3            -0.212      0.127     -1.674      0.094
    V180$1            -0.907      0.046    -19.624      0.000
    V180$2             0.756      0.111      6.813      0.000
    V180$3             1.596      0.190      8.410      0.000
    V181$1             0.595      0.057     10.385      0.000
    V181$2             6.479      2.608      2.484      0.013
    V181$3             9.309      3.870      2.405      0.016
    V182$1            -2.597      0.107    -24.308      0.000
    V182$2            -1.386      0.129    -10.721      0.000
    V182$3             0.001      0.112      0.007      0.994
    V183$1            -3.492      0.288    -12.105      0.000
    V183$2            -3.159      0.294    -10.738      0.000
    V183$3            -1.753      0.212     -8.258      0.000

 Variances
    F1                 1.180      0.237      4.981      0.000

 Residual Variances
    V176               1.395      0.206      6.774      0.000
    V177               1.071      0.197      5.441      0.000
    V178               1.032      0.169      6.118      0.000
    V179               0.653      0.165      3.951      0.000
    V180               1.031      0.198      5.221      0.000
    V181               8.991      7.577      1.187      0.235
    V182               1.042      0.168      6.186      0.000
    V183               1.069      0.242      4.421      0.000


STANDARDIZED MODEL RESULTS


STDYX Standardization

                                                    Two-Tailed
                    Estimate       S.E.  Est./S.E.    P-Value

Group SM

 F1       BY
    V176               0.675      0.026     26.058      0.000
    V177              -0.758      0.020    -38.732      0.000
    V178              -0.549      0.025    -21.584      0.000
    V179              -0.771      0.020    -38.780      0.000
    V180               0.452      0.029     15.443      0.000
    V181               0.713      0.024     30.068      0.000
    V182              -0.698      0.022    -32.296      0.000
    V183              -0.566      0.041    -13.689      0.000

 Means
    F1                 0.000      0.000    999.000    999.000

 Thresholds
    V176$1             0.445      0.034     13.231      0.000
    V176$2             1.603      0.058     27.706      0.000
    V176$3             2.293      0.099     23.046      0.000
    V177$1            -2.330      0.110    -21.134      0.000
    V177$2            -1.272      0.052    -24.672      0.000
    V177$3            -0.169      0.037     -4.587      0.000
    V178$1            -1.235      0.050    -24.892      0.000
    V178$2            -0.021      0.036     -0.582      0.560
    V178$3             0.768      0.040     19.013      0.000
    V179$1            -2.194      0.101    -21.773      0.000
    V179$2            -1.306      0.052    -25.164      0.000
    V179$3            -0.315      0.037     -8.527      0.000
    V180$1            -0.809      0.040    -20.108      0.000
    V180$2             0.696      0.038     18.090      0.000
    V180$3             1.565      0.059     26.485      0.000
    V181$1             0.417      0.037     11.256      0.000
    V181$2             1.674      0.066     25.456      0.000
    V181$3             2.213      0.105     21.119      0.000
    V182$1            -1.859      0.076    -24.389      0.000
    V182$2            -1.054      0.046    -22.848      0.000
    V182$3            -0.194      0.037     -5.280      0.000
    V183$1            -2.878      0.247    -11.650      0.000
    V183$2            -2.321      0.120    -19.396      0.000
    V183$3            -1.545      0.057    -26.956      0.000

 Variances
    F1                 1.000      0.000    999.000    999.000

 Residual Variances
    V176               0.545      0.035     15.591      0.000
    V177               0.426      0.030     14.357      0.000
    V178               0.699      0.028     25.073      0.000
    V179               0.406      0.031     13.269      0.000
    V180               0.796      0.026     30.048      0.000
    V181               0.492      0.034     14.535      0.000
    V182               0.513      0.030     16.984      0.000
    V183               0.679      0.047     14.499      0.000

Group MM

 F1       BY
    V176               0.677      0.036     18.737      0.000
    V177              -0.836      0.026    -31.623      0.000
    V178              -0.675      0.033    -20.724      0.000
    V179              -0.916      0.023    -39.606      0.000
    V180               0.354      0.048      7.388      0.000
    V181               0.666      0.041     16.291      0.000
    V182              -0.809      0.026    -31.225      0.000
    V183              -0.768      0.040    -19.041      0.000

 Means
    F1                 0.000      0.000    999.000    999.000

 Thresholds
    V176$1             0.376      0.034     11.165      0.000
    V176$2             1.353      0.083     16.302      0.000
    V176$3             1.936      0.117     16.506      0.000
    V177$1            -1.892      0.162    -11.667      0.000
    V177$2            -1.018      0.083    -12.298      0.000
    V177$3             0.020      0.065      0.310      0.757
    V178$1            -1.072      0.079    -13.615      0.000
    V178$2             0.018      0.060      0.295      0.768
    V178$3             0.874      0.066     13.291      0.000
    V179$1            -1.713      0.139    -12.325      0.000
    V179$2            -0.999      0.087    -11.539      0.000
    V179$3            -0.105      0.065     -1.633      0.103
    V180$1            -0.835      0.067    -12.517      0.000
    V180$2             0.696      0.064     10.957      0.000
    V180$3             1.470      0.090     16.350      0.000
    V181$1             0.148      0.060      2.465      0.014
    V181$2             1.612      0.110     14.593      0.000
    V181$3             2.316      0.162     14.285      0.000
    V182$1            -1.497      0.107    -13.961      0.000
    V182$2            -0.799      0.076    -10.519      0.000
    V182$3             0.000      0.065      0.007      0.994
    V183$1            -2.163      0.174    -12.460      0.000
    V183$2            -1.957      0.134    -14.595      0.000
    V183$3            -1.086      0.079    -13.791      0.000

 Variances
    F1                 1.000      0.000    999.000    999.000

 Residual Variances
    V176               0.542      0.049     11.069      0.000
    V177               0.301      0.044      6.800      0.000
    V178               0.544      0.044     12.364      0.000
    V179               0.162      0.042      3.818      0.000
    V180               0.875      0.034     25.791      0.000
    V181               0.556      0.054     10.215      0.000
    V182               0.346      0.042      8.261      0.000
    V183               0.410      0.062      6.615      0.000


R-SQUARE

Group SM

    Observed                                        Two-Tailed     Scale
    Variable        Estimate       S.E.  Est./S.E.    P-Value     Factors

    V176               0.455      0.035     13.029      0.000      0.738
    V177               0.574      0.030     19.366      0.000      0.652
    V178               0.301      0.028     10.792      0.000      0.836
    V179               0.594      0.031     19.390      0.000      0.637
    V180               0.204      0.026      7.721      0.000      0.892
    V181               0.508      0.034     15.034      0.000      0.701
    V182               0.487      0.030     16.148      0.000      0.716
    V183               0.321      0.047      6.844      0.000      0.824

Group MM

    Observed                                        Two-Tailed     Scale
    Variable        Estimate       S.E.  Est./S.E.    P-Value     Factors

    V176               0.458      0.049      9.368      0.000      0.623
    V177               0.699      0.044     15.811      0.000      0.530
    V178               0.456      0.044     10.362      0.000      0.726
    V179               0.838      0.042     19.803      0.000      0.498
    V180               0.125      0.034      3.694      0.000      0.921
    V181               0.444      0.054      8.146      0.000      0.249
    V182               0.654      0.042     15.613      0.000      0.576
    V183               0.590      0.062      9.520      0.000      0.619


QUALITY OF NUMERICAL RESULTS

     Condition Number for the Information Matrix              0.560E-04
       (ratio of smallest to largest eigenvalue)


MODEL MODIFICATION INDICES

NOTE:  Modification indices for direct effects of observed dependent variables
regressed on covariates and residual covariances among observed dependent
variables may not be included.  To include these, request MODINDICES (ALL).

Minimum M.I. value for printing the modification index    10.000

                                   M.I.     E.P.C.  Std E.P.C.  StdYX E.P.C.
Group SM


WITH Statements

V178     WITH V176                22.191     0.268      0.268        0.268
V178     WITH V177                27.769     0.294      0.294        0.294
V180     WITH V178                59.361    -0.258     -0.258       -0.258
V180     WITH V179                26.472     0.314      0.314        0.314
V181     WITH V176                74.503     0.494      0.494        0.494
V181     WITH V178                25.133     0.294      0.294        0.294
V181     WITH V179                13.374     0.271      0.271        0.271
V181     WITH V180                18.484     0.216      0.216        0.216
V182     WITH V176                10.894     0.216      0.216        0.216
V182     WITH V179                66.252     0.512      0.512        0.512
V182     WITH V180                21.260     0.239      0.239        0.239
V183     WITH V176                10.853     0.295      0.295        0.295

Means/Intercepts/Thresholds

[ V176$1   ]                      10.624     0.085      0.085        0.063

Group MM


WITH Statements

V180     WITH V178                13.979    -0.138     -0.138       -0.134
V181     WITH V176                32.114     1.005      1.005        0.284
V183     WITH V180                18.536     0.349      0.349        0.332

Means/Intercepts/Thresholds

[ V176$1   ]                      10.619    -0.143     -0.143       -0.089



SAVEDATA INFORMATION


  Difference testing

  Save file
    v176_config.dat
  Save format      Free

DIAGRAM INFORMATION

  Use View Diagram under the Diagram menu in the Mplus Editor to view the diagram.
  If running Mplus from the Mplus Diagrammer, the diagram opens automatically.

  Diagram output
    c:\users\msassac6\dropbox (the university of manchester)\papers\joe s\evs_mm_de_equivalence\mplus\eq\inv_data3_v176_

     Beginning Time:  08:30:16
        Ending Time:  08:30:16
       Elapsed Time:  00:00:00



MUTHEN & MUTHEN
3463 Stoner Ave.
Los Angeles, CA  90066

Tel: (310) 391-9971
Fax: (310) 391-8971
Web: www.StatModel.com
Support: Support@StatModel.com

Copyright (c) 1998-2017 Muthen & Muthen
