Mplus VERSION 8
MUTHEN & MUTHEN
07/13/2020   8:33 AM

INPUT INSTRUCTIONS

  TITLE: Your title goes here

   DATA: FILE = eq/data.dta;

   VARIABLE:

   NAMES = id_cocas weight comp_mode comp_len mode mm_matrix_group wei_mmf v2 v3 v4 v32
       v33 v34 v35 v36 v37 v46 v47 v48 v49 v50 v65 v66 v67 v68 v69 v70 v82 v83 v84 v98
       v99 v100 v101 v103 v104 v105 v106 v107 v115 v116 v117 v118 v119 v120 v121 v122
       v123 v124 v125 v126 v127 v128 v129 v130 v131 v132 v133 v134 v135 v136 v137 v138
       v139 v140 v141 v145 v146 v147 v148 v149 v150 v151 v152 v153 v154 v155 v156 v157
       v158 v159 v160 v161 v162 v163 v164 v165 v166 v167 v176 v177 v178 v179 v180 v181
       v182 v183 v185 v186 v187 v188 v189 v191 v192 v193 v194 v195 v196 v197 v199 v200
       v201 v202 v203 v205 v206 v207 v208 v209 v210 v211 v212 v213 v214 v215 v216 v217
       v218 v220 v221 v222 v223 v224 v267 v268 v269 v271 v272 v273;

   MISSING=.;

   USEVARIABLES ARE
   v32
   v33
   v34
   v35
   v36
   v37;

   CATEGORICAL ARE
   v32
   v33
   v34
   v35
   v36
   v37;

   GROUPING IS comp_mode (0=sm 1=mm);

  WEIGHT IS weight;

   Analysis:

                  ESTIMATOR = WLSMV;

                  ITERATIONS = 100000;

                  PARAMETERIZATION = THETA;

  Model:


  f1 BY v32@1
  v33 (L2)
  v34 (L3)
  v35 (L4)
  v36 (L5)
  v37 (L6)
  ;


   [f1@0];
  [v32$1] (t_v32_1);
  [v32$2] (t_v32_2);
  [v32$3] (t_v32_3);

  [v33$1] (t_v33_1);
  [v33$2] (t_v33_2);
  [v33$3] (t_v33_3);

  [v34$1] (t_v34_1);
  [v34$2] (t_v34_2);
  [v34$3] (t_v34_3);

  [v35$1] (t_v35_1);
  [v35$2] (t_v35_2);
  [v35$3] (t_v35_3);

  [v36$1] (t_v36_1);
  [v36$2] (t_v36_2);
  [v36$3] (t_v36_3);

  [v37$1] (t_v37_1);
  [v37$2] (t_v37_2);
  [v37$3] (t_v37_3);


  Model mm:

  f1 BY v32@1
  v33 (L2)
  v34 (L3)
  v35 (L4)
  v36 (L5)
  v37 (L6)
  ;


   [f1@0];
  [v32$1] (t_v32_1);
  [v32$2] (t_v32_2);
  [v32$3] (t_v32_3);

  [v33$1] (t_v33_1);
  [v33$2] (t_v33_2);
  [v33$3] (t_v33_3);

  [v34$1] (t_v34_1);
  [v34$2] (t_v34_2);
  [v34$3] (t_v34_3);

  [v35$1] (t_v35_1);
  [v35$2] (t_v35_2);
  [v35$3] (t_v35_3);

  [v36$1] (t_v36_1);
  [v36$2] (t_v36_2);
  [v36$3] (t_v36_3);

  [v37$1] (t_v37_1);
  [v37$2] (t_v37_2);
  [v37$3] (t_v37_3);


   SAVEDATA: DIFFTEST IS v32_scalar.dat;

   OUTPUT: SAMPSTAT;

                                  MODINDICES;

                                  STDYX;




*** WARNING
  Data set contains unknown or missing values for GROUPING,
  PATTERN, COHORT, CLUSTER and/or STRATIFICATION variables.
  Number of cases with unknown or missing values:  3244
*** WARNING
  Data set contains cases with missing on all variables.
  These cases were not included in the analysis.
  Number of cases with missing on all variables:  4
   2 WARNING(S) FOUND IN THE INPUT INSTRUCTIONS



Your title goes here

SUMMARY OF ANALYSIS

Number of groups                                                 2
Number of observations
   Group SM                                                   1494
   Group MM                                                    674
   Total sample size                                          2168

Number of dependent variables                                    6
Number of independent variables                                  0
Number of continuous latent variables                            1

Observed dependent variables

  Binary and ordered categorical (ordinal)
   V32         V33         V34         V35         V36         V37

Continuous latent variables
   F1

Variables with special functions

  Grouping variable     COMP_MOD
  Weight variable       WEIGHT

Estimator                                                    WLSMV
Maximum number of iterations                                100000
Convergence criterion                                    0.500D-04
Maximum number of steepest descent iterations                   20
Maximum number of iterations for H1                           2000
Convergence criterion for H1                             0.100D-03
Parameterization                                             THETA
Link                                                        PROBIT

Input data file(s)
  eq/data.dta

Input data format  FREE


SUMMARY OF DATA

   Group SM
     Number of missing data patterns            20

   Group MM
     Number of missing data patterns            24


COVARIANCE COVERAGE OF DATA

Minimum covariance coverage value   0.100


     PROPORTION OF DATA PRESENT FOR SM


           Covariance Coverage
              V32           V33           V34           V35           V36
              ________      ________      ________      ________      ________
 V32            0.997
 V33            0.985         0.988
 V34            0.990         0.981         0.992
 V35            0.971         0.963         0.968         0.973
 V36            0.898         0.893         0.898         0.888         0.900
 V37            0.908         0.902         0.908         0.898         0.893


           Covariance Coverage
              V37
              ________
 V37            0.910


     PROPORTION OF DATA PRESENT FOR MM


           Covariance Coverage
              V32           V33           V34           V35           V36
              ________      ________      ________      ________      ________
 V32            0.996
 V33            0.945         0.947
 V34            0.975         0.933         0.978
 V35            0.871         0.846         0.859         0.874
 V36            0.680         0.669         0.672         0.636         0.680
 V37            0.693         0.684         0.684         0.648         0.651


           Covariance Coverage
              V37
              ________
 V37            0.693


UNIVARIATE PROPORTIONS AND COUNTS FOR CATEGORICAL VARIABLES

  Group SM
    V32
      Category 1    0.874         1300.381
      Category 2    0.110          164.226
      Category 3    0.013           18.696
      Category 4    0.003            4.793
    V33
      Category 1    0.186          274.015
      Category 2    0.636          938.893
      Category 3    0.157          232.302
      Category 4    0.021           30.471
    V34
      Category 1    0.317          470.426
      Category 2    0.629          932.715
      Category 3    0.050           74.053
      Category 4    0.003            4.583
    V35
      Category 1    0.013           18.444
      Category 2    0.321          466.578
      Category 3    0.523          760.928
      Category 4    0.144          209.441
    V36
      Category 1    0.067           90.621
      Category 2    0.583          786.110
      Category 3    0.300          404.830
      Category 4    0.050           67.666
    V37
      Category 1    0.074          100.428
      Category 2    0.577          786.104
      Category 3    0.307          418.732
      Category 4    0.042           57.638

  Group MM
    V32
      Category 1    0.822          551.842
      Category 2    0.159          106.513
      Category 3    0.016           10.663
      Category 4    0.003            2.179
    V33
      Category 1    0.074           46.639
      Category 2    0.697          441.079
      Category 3    0.182          115.227
      Category 4    0.048           30.173
    V34
      Category 1    0.172          113.187
      Category 2    0.744          490.951
      Category 3    0.081           53.206
      Category 4    0.004            2.615
    V35
      Category 1    0.008            4.385
      Category 2    0.206          120.502
      Category 3    0.513          300.093
      Category 4    0.273          159.477
    V36
      Category 1    0.037           17.080
      Category 2    0.533          244.712
      Category 3    0.324          148.805
      Category 4    0.105           48.378
    V37
      Category 1    0.044           20.684
      Category 2    0.523          242.965
      Category 3    0.332          154.402
      Category 4    0.101           46.934


SAMPLE STATISTICS


     ESTIMATED SAMPLE STATISTICS FOR SM


           MEANS/INTERCEPTS/THRESHOLDS
              V32$1         V32$2         V32$3         V33$1         V33$2
              ________      ________      ________      ________      ________
                1.145         2.150         2.724        -0.894         0.923


           MEANS/INTERCEPTS/THRESHOLDS
              V33$3         V34$1         V34$2         V34$3         V35$1
              ________      ________      ________      ________      ________
                2.041        -0.475         1.616         2.738        -2.236


           MEANS/INTERCEPTS/THRESHOLDS
              V35$2         V35$3         V36$1         V36$2         V36$3
              ________      ________      ________      ________      ________
               -0.431         1.063        -1.497         0.385         1.643


           MEANS/INTERCEPTS/THRESHOLDS
              V37$1         V37$2         V37$3
              ________      ________      ________
               -1.449         0.387         1.725


           CORRELATION MATRIX (WITH VARIANCES ON THE DIAGONAL)
              V32           V33           V34           V35           V36
              ________      ________      ________      ________      ________
 V32
 V33            0.416
 V34            0.402         0.596
 V35            0.056         0.464         0.353
 V36            0.226         0.433         0.406         0.616
 V37            0.225         0.440         0.417         0.567         0.933


           CORRELATION MATRIX (WITH VARIANCES ON THE DIAGONAL)
              V37
              ________


     ESTIMATED SAMPLE STATISTICS FOR MM


           MEANS/INTERCEPTS/THRESHOLDS
              V32$1         V32$2         V32$3         V33$1         V33$2
              ________      ________      ________      ________      ________
                0.924         2.072         2.722        -1.449         0.740


           MEANS/INTERCEPTS/THRESHOLDS
              V33$3         V34$1         V34$2         V34$3         V35$1
              ________      ________      ________      ________      ________
                1.668        -0.948         1.375         2.655        -2.432


           MEANS/INTERCEPTS/THRESHOLDS
              V35$2         V35$3         V36$1         V36$2         V36$3
              ________      ________      ________      ________      ________
               -0.794         0.604        -1.784         0.177         1.251


           MEANS/INTERCEPTS/THRESHOLDS
              V37$1         V37$2         V37$3
              ________      ________      ________
               -1.701         0.169         1.276


           CORRELATION MATRIX (WITH VARIANCES ON THE DIAGONAL)
              V32           V33           V34           V35           V36
              ________      ________      ________      ________      ________
 V32
 V33            0.344
 V34            0.307         0.621
 V35            0.051         0.523         0.524
 V36            0.158         0.448         0.452         0.671
 V37            0.130         0.441         0.502         0.703         0.978


           CORRELATION MATRIX (WITH VARIANCES ON THE DIAGONAL)
              V37
              ________


THE MODEL ESTIMATION TERMINATED NORMALLY



MODEL FIT INFORMATION

Number of Free Parameters                       31

Chi-Square Test of Model Fit

          Value                            527.103*
          Degrees of Freedom                    35
          P-Value                           0.0000

Chi-Square Contribution From Each Group

          SM                               296.242
          MM                               230.861

*   The chi-square value for MLM, MLMV, MLR, ULSMV, WLSM and WLSMV cannot be used
    for chi-square difference testing in the regular way.  MLM, MLR and WLSM
    chi-square difference testing is described on the Mplus website.  MLMV, WLSMV,
    and ULSMV difference testing is done using the DIFFTEST option.

RMSEA (Root Mean Square Error Of Approximation)

          Estimate                           0.114
          90 Percent C.I.                    0.105  0.123
          Probability RMSEA <= .05           0.000

CFI/TLI

          CFI                                0.985
          TLI                                0.988

Chi-Square Test of Model Fit for the Baseline Model

          Value                          33919.836
          Degrees of Freedom                    30
          P-Value                           0.0000

WRMR (Weighted Root Mean Square Residual)

          Value                              4.187



MODEL RESULTS

                                                    Two-Tailed
                    Estimate       S.E.  Est./S.E.    P-Value

Group SM

 F1       BY
    V32                1.000      0.000    999.000    999.000
    V33                2.253      0.333      6.769      0.000
    V34                2.136      0.314      6.813      0.000
    V35                2.573      0.388      6.633      0.000
    V36               12.625      2.660      4.747      0.000
    V37                9.750      1.735      5.619      0.000

 Means
    F1                 0.000      0.000    999.000    999.000

 Thresholds
    V32$1              1.171      0.045     26.224      0.000
    V32$2              2.314      0.086     26.793      0.000
    V32$3              2.951      0.146     20.250      0.000
    V33$1             -1.234      0.049    -25.226      0.000
    V33$2              1.099      0.048     23.083      0.000
    V33$3              2.427      0.096     25.213      0.000
    V34$1             -0.715      0.041    -17.645      0.000
    V34$2              1.866      0.072     25.766      0.000
    V34$3              3.301      0.185     17.889      0.000
    V35$1             -2.957      0.122    -24.195      0.000
    V35$2             -0.673      0.043    -15.764      0.000
    V35$3              1.200      0.053     22.554      0.000
    V36$1             -6.569      1.022     -6.426      0.000
    V36$2              1.451      0.274      5.304      0.000
    V36$3              6.576      0.981      6.700      0.000
    V37$1             -4.998      0.497    -10.066      0.000
    V37$2              1.130      0.160      7.063      0.000
    V37$3              5.319      0.515     10.320      0.000

 Variances
    F1                 0.104      0.030      3.448      0.001

 Residual Variances
    V32                1.000      0.000    999.000    999.000
    V33                1.000      0.000    999.000    999.000
    V34                1.000      0.000    999.000    999.000
    V35                1.000      0.000    999.000    999.000
    V36                1.000      0.000    999.000    999.000
    V37                1.000      0.000    999.000    999.000

Group MM

 F1       BY
    V32                1.000      0.000    999.000    999.000
    V33                2.253      0.333      6.769      0.000
    V34                2.136      0.314      6.813      0.000
    V35                2.573      0.388      6.633      0.000
    V36               12.625      2.660      4.747      0.000
    V37                9.750      1.735      5.619      0.000

 Means
    F1                 0.000      0.000    999.000    999.000

 Thresholds
    V32$1              1.171      0.045     26.224      0.000
    V32$2              2.314      0.086     26.793      0.000
    V32$3              2.951      0.146     20.250      0.000
    V33$1             -1.234      0.049    -25.226      0.000
    V33$2              1.099      0.048     23.083      0.000
    V33$3              2.427      0.096     25.213      0.000
    V34$1             -0.715      0.041    -17.645      0.000
    V34$2              1.866      0.072     25.766      0.000
    V34$3              3.301      0.185     17.889      0.000
    V35$1             -2.957      0.122    -24.195      0.000
    V35$2             -0.673      0.043    -15.764      0.000
    V35$3              1.200      0.053     22.554      0.000
    V36$1             -6.569      1.022     -6.426      0.000
    V36$2              1.451      0.274      5.304      0.000
    V36$3              6.576      0.981      6.700      0.000
    V37$1             -4.998      0.497    -10.066      0.000
    V37$2              1.130      0.160      7.063      0.000
    V37$3              5.319      0.515     10.320      0.000

 Variances
    F1                 0.130      0.038      3.449      0.001

 Residual Variances
    V32                1.271      0.155      8.198      0.000
    V33                1.104      0.132      8.364      0.000
    V34                0.902      0.110      8.193      0.000
    V35                0.864      0.091      9.487      0.000
    V36                0.725      0.480      1.509      0.131
    V37                0.276      0.235      1.176      0.240


STANDARDIZED MODEL RESULTS


STDYX Standardization

                                                    Two-Tailed
                    Estimate       S.E.  Est./S.E.    P-Value

Group SM

 F1       BY
    V32                0.308      0.040      7.616      0.000
    V33                0.589      0.021     28.695      0.000
    V34                0.568      0.022     25.915      0.000
    V35                0.639      0.019     33.543      0.000
    V36                0.971      0.009    108.407      0.000
    V37                0.953      0.009    101.980      0.000

 Means
    F1                 0.000      0.000    999.000    999.000

 Thresholds
    V32$1              1.114      0.041     27.027      0.000
    V32$2              2.202      0.080     27.646      0.000
    V32$3              2.808      0.137     20.491      0.000
    V33$1             -0.997      0.038    -26.498      0.000
    V33$2              0.888      0.037     24.096      0.000
    V33$3              1.962      0.076     25.895      0.000
    V34$1             -0.589      0.032    -18.314      0.000
    V34$2              1.536      0.054     28.272      0.000
    V34$3              2.716      0.149     18.279      0.000
    V35$1             -2.274      0.090    -25.156      0.000
    V35$2             -0.517      0.031    -16.474      0.000
    V35$3              0.922      0.039     23.830      0.000
    V36$1             -1.563      0.054    -28.981      0.000
    V36$2              0.345      0.034     10.188      0.000
    V36$3              1.565      0.059     26.585      0.000
    V37$1             -1.511      0.052    -29.062      0.000
    V37$2              0.342      0.034     10.158      0.000
    V37$3              1.609      0.062     26.149      0.000

 Variances
    F1                 1.000      0.000    999.000    999.000

 Residual Variances
    V32                0.905      0.025     36.439      0.000
    V33                0.653      0.024     27.041      0.000
    V34                0.677      0.025     27.175      0.000
    V35                0.591      0.024     24.251      0.000
    V36                0.057      0.017      3.254      0.001
    V37                0.091      0.018      5.133      0.000

Group MM

 F1       BY
    V32                0.305      0.042      7.192      0.000
    V33                0.612      0.030     20.727      0.000
    V34                0.630      0.029     21.671      0.000
    V35                0.707      0.023     30.698      0.000
    V36                0.983      0.011     86.098      0.000
    V37                0.989      0.010    102.001      0.000

 Means
    F1                 0.000      0.000    999.000    999.000

 Thresholds
    V32$1              0.990      0.051     19.348      0.000
    V32$2              1.955      0.102     19.228      0.000
    V32$3              2.493      0.156     16.020      0.000
    V33$1             -0.928      0.049    -18.791      0.000
    V33$2              0.827      0.043     19.152      0.000
    V33$3              1.826      0.089     20.499      0.000
    V34$1             -0.585      0.038    -15.582      0.000
    V34$2              1.526      0.068     22.595      0.000
    V34$3              2.699      0.163     16.566      0.000
    V35$1             -2.251      0.116    -19.380      0.000
    V35$2             -0.512      0.035    -14.641      0.000
    V35$3              0.913      0.044     20.955      0.000
    V36$1             -1.417      0.081    -17.454      0.000
    V36$2              0.313      0.033      9.531      0.000
    V36$3              1.419      0.072     19.642      0.000
    V37$1             -1.405      0.079    -17.797      0.000
    V37$2              0.318      0.033      9.486      0.000
    V37$3              1.495      0.075     20.017      0.000

 Variances
    F1                 1.000      0.000    999.000    999.000

 Residual Variances
    V32                0.907      0.026     35.078      0.000
    V33                0.625      0.036     17.303      0.000
    V34                0.603      0.037     16.440      0.000
    V35                0.500      0.033     15.379      0.000
    V36                0.034      0.022      1.502      0.133
    V37                0.022      0.019      1.138      0.255


R-SQUARE

Group SM

    Observed                                        Two-Tailed     Scale
    Variable        Estimate       S.E.  Est./S.E.    P-Value     Factors

    V32                0.095      0.025      3.808      0.000      0.952
    V33                0.347      0.024     14.347      0.000      0.808
    V34                0.323      0.025     12.957      0.000      0.823
    V35                0.409      0.024     16.771      0.000      0.769
    V36                0.943      0.017     54.203      0.000      0.238
    V37                0.909      0.018     50.990      0.000      0.302

Group MM

    Observed                                        Two-Tailed     Scale
    Variable        Estimate       S.E.  Est./S.E.    P-Value     Factors

    V32                0.093      0.026      3.596      0.000      0.845
    V33                0.375      0.036     10.364      0.000      0.753
    V34                0.397      0.037     10.835      0.000      0.818
    V35                0.500      0.033     15.349      0.000      0.761
    V36                0.966      0.022     43.049      0.000      0.216
    V37                0.978      0.019     51.001      0.000      0.281


QUALITY OF NUMERICAL RESULTS

     Condition Number for the Information Matrix              0.414E-05
       (ratio of smallest to largest eigenvalue)


MODEL MODIFICATION INDICES

NOTE:  Modification indices for direct effects of observed dependent variables
regressed on covariates and residual covariances among observed dependent
variables may not be included.  To include these, request MODINDICES (ALL).

Minimum M.I. value for printing the modification index    10.000

                                   M.I.     E.P.C.  Std E.P.C.  StdYX E.P.C.
Group SM


WITH Statements

V33      WITH V32                 21.976     0.331      0.331        0.331
V34      WITH V32                 23.269     0.316      0.316        0.316
V34      WITH V33                145.151     0.527      0.527        0.527
V35      WITH V33                 12.195     0.178      0.178        0.178
V36      WITH V33                 35.949    -1.156     -1.156       -1.156
V36      WITH V34                 29.415    -1.113     -1.113       -1.113
V37      WITH V33                 27.772    -0.787     -0.787       -0.787
V37      WITH V34                 21.281    -0.740     -0.740       -0.740
V37      WITH V36                 51.000     3.799      3.799        3.799

Means/Intercepts/Thresholds

[ V33      ]                      12.795    -0.191     -0.191       -0.154
[ V34      ]                      19.956    -0.251     -0.251       -0.207
[ V35      ]                      26.693    -0.271     -0.271       -0.209
[ F1       ]                      63.002    -0.065     -0.202       -0.202
[ V33$1    ]                      16.394     0.110      0.110        0.089
[ V34$1    ]                      20.507     0.129      0.129        0.106
[ V35$2    ]                      11.604     0.107      0.107        0.082
[ V35$3    ]                      22.021     0.162      0.162        0.125

Group MM


WITH Statements

V37      WITH V36                 17.002     2.592      2.592        5.793

Means/Intercepts/Thresholds

[ V33      ]                      12.798     0.191      0.191        0.144
[ V34      ]                      19.958     0.251      0.251        0.205
[ V35      ]                      26.696     0.271      0.271        0.207
[ F1       ]                      62.996     0.065      0.181        0.181
[ V33$1    ]                      16.393    -0.252     -0.252       -0.189
[ V34$1    ]                      20.507    -0.194     -0.194       -0.158
[ V35$2    ]                      11.604    -0.142     -0.142       -0.108
[ V35$3    ]                      22.021    -0.288     -0.288       -0.219



SAVEDATA INFORMATION


  Difference testing

  Save file
    v32_scalar.dat
  Save format      Free

DIAGRAM INFORMATION

  Use View Diagram under the Diagram menu in the Mplus Editor to view the diagram.
  If running Mplus from the Mplus Diagrammer, the diagram opens automatically.

  Diagram output
    c:\users\msassac6\dropbox (the university of manchester)\papers\joe s\evs_mm_de_equivalence\mplus\eq\inv_data3_v32_c

     Beginning Time:  08:33:53
        Ending Time:  08:33:54
       Elapsed Time:  00:00:01



MUTHEN & MUTHEN
3463 Stoner Ave.
Los Angeles, CA  90066

Tel: (310) 391-9971
Fax: (310) 391-8971
Web: www.StatModel.com
Support: Support@StatModel.com

Copyright (c) 1998-2017 Muthen & Muthen
