Mplus VERSION 8
MUTHEN & MUTHEN
07/13/2020   8:28 AM

INPUT INSTRUCTIONS

  TITLE: Your title goes here

   DATA: FILE = eq/data.dta;

   VARIABLE:

   NAMES = id_cocas weight comp_mode comp_len mode mm_matrix_group wei_mmf v2 v3 v4 v32
       v33 v34 v35 v36 v37 v46 v47 v48 v49 v50 v65 v66 v67 v68 v69 v70 v82 v83 v84 v98
       v99 v100 v101 v103 v104 v105 v106 v107 v115 v116 v117 v118 v119 v120 v121 v122
       v123 v124 v125 v126 v127 v128 v129 v130 v131 v132 v133 v134 v135 v136 v137 v138
       v139 v140 v141 v145 v146 v147 v148 v149 v150 v151 v152 v153 v154 v155 v156 v157
       v158 v159 v160 v161 v162 v163 v164 v165 v166 v167 v176 v177 v178 v179 v180 v181
       v182 v183 v185 v186 v187 v188 v189 v191 v192 v193 v194 v195 v196 v197 v199 v200
       v201 v202 v203 v205 v206 v207 v208 v209 v210 v211 v212 v213 v214 v215 v216 v217
       v218 v220 v221 v222 v223 v224 v267 v268 v269 v271 v272 v273;

   MISSING=.;

   USEVARIABLES ARE
   v217
   v218
   v220;

   GROUPING IS comp_mode (0=sm 1=mm);

  WEIGHT IS weight;

   Analysis:

                  ESTIMATOR = MLR;
  Model:


  f1 BY v217@1
  v218 (L2_sm)
  v220 (L3_sm)
  ;


   [f1@0];[v217] (i1_sm);
  [v218] (i2_sm);
  [v220] (i3_sm);


  Model mm:

  f1 BY v217@1
  v218 (L2_mm)
  v220 (L3_mm)
  ;


   [f1@0];[v217] (i1_mm);
  [v218] (i2_mm);
  [v220] (i3_mm);


   SAVEDATA: DIFFTEST IS v217_config.dat;

   OUTPUT: SAMPSTAT;

                                  MODINDICES;

                                  STDYX;




*** WARNING in SAVEDATA command
  The DIFFTEST option is available only for the estimators MLMV, WLSMV and ULSMV.
  Request for DIFFTEST will be ignored.
*** WARNING
  Data set contains unknown or missing values for GROUPING,
  PATTERN, COHORT, CLUSTER and/or STRATIFICATION variables.
  Number of cases with unknown or missing values:  3244
*** WARNING
  Data set contains cases with missing on all variables.
  These cases were not included in the analysis.
  Number of cases with missing on all variables:  17
   3 WARNING(S) FOUND IN THE INPUT INSTRUCTIONS



Your title goes here

SUMMARY OF ANALYSIS

Number of groups                                                 2
Number of observations
   Group SM                                                   1492
   Group MM                                                    663
   Total sample size                                          2155

Number of dependent variables                                    3
Number of independent variables                                  0
Number of continuous latent variables                            1

Observed dependent variables

  Continuous
   V217        V218        V220

Continuous latent variables
   F1

Variables with special functions

  Grouping variable     COMP_MOD
  Weight variable       WEIGHT

Estimator                                                      MLR
Information matrix                                        OBSERVED
Maximum number of iterations                                  1000
Convergence criterion                                    0.500D-04
Maximum number of steepest descent iterations                   20
Maximum number of iterations for H1                           2000
Convergence criterion for H1                             0.100D-03

Input data file(s)
  eq/data.dta

Input data format  FREE


SUMMARY OF DATA

   Group SM
     Number of missing data patterns             5

   Group MM
     Number of missing data patterns             5


COVARIANCE COVERAGE OF DATA

Minimum covariance coverage value   0.100


     PROPORTION OF DATA PRESENT FOR SM


           Covariance Coverage
              V217          V218          V220
              ________      ________      ________
 V217           0.999
 V218           0.991         0.991
 V220           0.993         0.986         0.993


     PROPORTION OF DATA PRESENT FOR MM


           Covariance Coverage
              V217          V218          V220
              ________      ________      ________
 V217           0.997
 V218           0.970         0.970
 V220           0.992         0.967         0.995


SAMPLE STATISTICS


     ESTIMATED SAMPLE STATISTICS FOR SM


           Means
              V217          V218          V220
              ________      ________      ________
                1.680         2.428         1.771


           Covariances
              V217          V218          V220
              ________      ________      ________
 V217           0.454
 V218           0.257         0.696
 V220           0.334         0.287         0.505


           Correlations
              V217          V218          V220
              ________      ________      ________
 V217           1.000
 V218           0.457         1.000
 V220           0.698         0.483         1.000


     ESTIMATED SAMPLE STATISTICS FOR MM


           Means
              V217          V218          V220
              ________      ________      ________
                1.680         2.595         1.781


           Covariances
              V217          V218          V220
              ________      ________      ________
 V217           0.601
 V218           0.268         0.782
 V220           0.467         0.319         0.648


           Correlations
              V217          V218          V220
              ________      ________      ________
 V217           1.000
 V218           0.391         1.000
 V220           0.748         0.448         1.000


     MAXIMUM LOG-LIKELIHOOD VALUE FOR THE UNRESTRICTED (H1) MODEL IS -6281.731


UNIVARIATE SAMPLE STATISTICS


     UNIVARIATE HIGHER-ORDER MOMENT DESCRIPTIVE STATISTICS FOR SM

         Variable/         Mean/     Skewness/   Minimum/ % with                Percentiles
        Sample Size      Variance    Kurtosis    Maximum  Min/Max      20%/60%    40%/80%    Median

     V217                  1.678       0.757       1.000   42.12%       1.000      1.000      2.000
            1491.000       0.450       0.680       5.000    0.07%       2.000      2.000
     V218                  2.424       0.369       1.000   10.69%       2.000      2.000      2.000
            1478.000       0.693       0.069       5.000    0.88%       3.000      3.000
     V220                  1.767       0.712       1.000   36.98%       1.000      2.000      2.000
            1482.000       0.503       0.637       5.000    0.13%       2.000      2.000


     UNIVARIATE HIGHER-ORDER MOMENT DESCRIPTIVE STATISTICS FOR MM

         Variable/         Mean/     Skewness/   Minimum/ % with                Percentiles
        Sample Size      Variance    Kurtosis    Maximum  Min/Max      20%/60%    40%/80%    Median

     V217                  1.681       1.022       1.000   47.81%       1.000      1.000      2.000
             661.000       0.601       0.619       4.000    2.42%       2.000      2.000
     V218                  2.592       0.140       1.000    9.49%       2.000      2.000      3.000
             643.000       0.779      -0.173       5.000    1.40%       3.000      3.000
     V220                  1.774       0.847       1.000   41.82%       1.000      1.000      2.000
             660.000       0.635       0.261       5.000    0.15%       2.000      2.000


THE MODEL ESTIMATION TERMINATED NORMALLY



MODEL FIT INFORMATION

Number of Free Parameters                       18

Loglikelihood

          H0 Value                       -6281.731
          H0 Scaling Correction Factor      1.5067
            for MLR
          H1 Value                       -6281.731
          H1 Scaling Correction Factor      1.5067
            for MLR

Information Criteria

          Akaike (AIC)                   12599.463
          Bayesian (BIC)                 12701.623
          Sample-Size Adjusted BIC       12644.434
            (n* = (n + 2) / 24)

Chi-Square Test of Model Fit

          Value                              0.000*
          Degrees of Freedom                     0
          P-Value                           0.0000
          Scaling Correction Factor         1.0000
            for MLR

Chi-Square Contribution From Each Group

          SM                                 0.000
          MM                                 0.000

*   The chi-square value for MLM, MLMV, MLR, ULSMV, WLSM and WLSMV cannot be used
    for chi-square difference testing in the regular way.  MLM, MLR and WLSM
    chi-square difference testing is described on the Mplus website.  MLMV, WLSMV,
    and ULSMV difference testing is done using the DIFFTEST option.

RMSEA (Root Mean Square Error Of Approximation)

          Estimate                           0.000
          90 Percent C.I.                    0.000  0.000
          Probability RMSEA <= .05           0.000

CFI/TLI

          CFI                                1.000
          TLI                                1.000

Chi-Square Test of Model Fit for the Baseline Model

          Value                           1297.137
          Degrees of Freedom                     6
          P-Value                           0.0000

SRMR (Standardized Root Mean Square Residual)

          Value                              0.000



MODEL RESULTS

                                                    Two-Tailed
                    Estimate       S.E.  Est./S.E.    P-Value

Group SM

 F1       BY
    V217               1.000      0.000    999.000    999.000
    V218               0.857      0.046     18.812      0.000
    V220               1.116      0.051     22.084      0.000

 Means
    F1                 0.000      0.000    999.000    999.000

 Intercepts
    V217               1.680      0.019     88.852      0.000
    V218               2.428      0.023    103.696      0.000
    V220               1.771      0.020     88.647      0.000

 Variances
    F1                 0.300      0.026     11.676      0.000

 Residual Variances
    V217               0.155      0.014     10.936      0.000
    V218               0.476      0.023     20.441      0.000
    V220               0.132      0.016      8.383      0.000

Group MM

 F1       BY
    V217               1.000      0.000    999.000    999.000
    V218               0.683      0.063     10.847      0.000
    V220               1.188      0.099     11.987      0.000

 Means
    F1                 0.000      0.000    999.000    999.000

 Intercepts
    V217               1.680      0.036     46.827      0.000
    V218               2.595      0.040     65.624      0.000
    V220               1.781      0.037     48.253      0.000

 Variances
    F1                 0.393      0.055      7.126      0.000

 Residual Variances
    V217               0.208      0.035      5.889      0.000
    V218               0.599      0.048     12.415      0.000
    V220               0.094      0.039      2.397      0.017


STANDARDIZED MODEL RESULTS


STDYX Standardization

                                                    Two-Tailed
                    Estimate       S.E.  Est./S.E.    P-Value

Group SM

 F1       BY
    V217               0.812      0.021     38.442      0.000
    V218               0.562      0.025     22.936      0.000
    V220               0.859      0.019     44.491      0.000

 Means
    F1                 0.000      0.000    999.000    999.000

 Intercepts
    V217               2.493      0.053     46.692      0.000
    V218               2.910      0.059     49.442      0.000
    V220               2.492      0.053     47.234      0.000

 Variances
    F1                 1.000      0.000    999.000    999.000

 Residual Variances
    V217               0.341      0.034      9.926      0.000
    V218               0.684      0.028     24.785      0.000
    V220               0.261      0.033      7.871      0.000

Group MM

 F1       BY
    V217               0.809      0.037     21.732      0.000
    V218               0.484      0.040     12.003      0.000
    V220               0.925      0.033     28.186      0.000

 Means
    F1                 0.000      0.000    999.000    999.000

 Intercepts
    V217               2.167      0.067     32.347      0.000
    V218               2.934      0.095     30.923      0.000
    V220               2.213      0.065     34.301      0.000

 Variances
    F1                 1.000      0.000    999.000    999.000

 Residual Variances
    V217               0.346      0.060      5.757      0.000
    V218               0.766      0.039     19.598      0.000
    V220               0.145      0.061      2.392      0.017


R-SQUARE

Group SM

    Observed                                        Two-Tailed
    Variable        Estimate       S.E.  Est./S.E.    P-Value

    V217               0.659      0.034     19.221      0.000
    V218               0.316      0.028     11.468      0.000
    V220               0.739      0.033     22.245      0.000

Group MM

    Observed                                        Two-Tailed
    Variable        Estimate       S.E.  Est./S.E.    P-Value

    V217               0.654      0.060     10.866      0.000
    V218               0.234      0.039      6.001      0.000
    V220               0.855      0.061     14.093      0.000


QUALITY OF NUMERICAL RESULTS

     Condition Number for the Information Matrix              0.560E-02
       (ratio of smallest to largest eigenvalue)


MODEL MODIFICATION INDICES

NOTE:  Modification indices for direct effects of observed dependent variables
regressed on covariates may not be included.  To include these, request
MODINDICES (ALL).

Minimum M.I. value for printing the modification index    10.000

                                   M.I.     E.P.C.  Std E.P.C.  StdYX E.P.C.
Group SM


WITH Statements

V220     WITH V218               999.000     0.000      0.000        0.000

Group MM


WITH Statements

V218     WITH V217               999.000     0.000      0.000        0.000



DIAGRAM INFORMATION

  Use View Diagram under the Diagram menu in the Mplus Editor to view the diagram.
  If running Mplus from the Mplus Diagrammer, the diagram opens automatically.

  Diagram output
    c:\users\msassac6\dropbox (the university of manchester)\papers\joe s\evs_mm_de_equivalence\mplus\eq\inv_data3_v217_

     Beginning Time:  08:28:21
        Ending Time:  08:28:21
       Elapsed Time:  00:00:00



MUTHEN & MUTHEN
3463 Stoner Ave.
Los Angeles, CA  90066

Tel: (310) 391-9971
Fax: (310) 391-8971
Web: www.StatModel.com
Support: Support@StatModel.com

Copyright (c) 1998-2017 Muthen & Muthen
