Mplus VERSION 8
MUTHEN & MUTHEN
07/06/2020   1:51 PM

INPUT INSTRUCTIONS

  TITLE: Your title goes here

   DATA: FILE = eq/data.dta;

   VARIABLE:

   NAMES = id_cocas weight comp_mode comp_len mode mm_matrix_group wei_mmf v2 v3 v4 v32
       v33 v34 v35 v36 v37 v46 v47 v48 v49 v50 v65 v66 v67 v68 v69 v70 v82 v83 v84 v98
       v99 v100 v101 v103 v104 v105 v106 v107 v115 v116 v117 v118 v119 v120 v121 v122
       v123 v124 v125 v126 v127 v128 v129 v130 v131 v132 v133 v134 v135 v136 v137 v138
       v139 v140 v141 v145 v146 v147 v148 v149 v150 v151 v152 v153 v154 v155 v156 v157
       v158 v159 v160 v161 v162 v163 v164 v165 v166 v167 v176 v177 v178 v179 v180 v181
       v182 v183 v185 v186 v187 v188 v189 v191 v192 v193 v194 v195 v196 v197 v199 v200
       v201 v202 v203 v205 v206 v207 v208 v209 v210 v211 v212 v213 v214 v215 v216 v217
       v218 v220 v221 v222 v223 v224 v267 v268 v269 v271 v272 v273;

   MISSING=.;

   USEVARIABLES ARE
   v151
   v153
   v154
   v155
   v156
   v157
   v158
   v160
   v161
   v163;

   GROUPING IS comp_len (0=full 1=short);

  Model:


  f1 BY v151@1
  v153 (L2_full)
  v154 (L3_full)
  v155 (L4_full)
  v156 (L5_full)
  v157 (L6_full)
  v158 (L7_full)
  v160 (L8_full)
  v161 (L9_full)
  v163 (L10_full)
  ;

  [v151] (i1_full);
  [v153] (i2_full);
  [v154] (i3_full);
  [v155] (i4_full);
  [v156] (i5_full);
  [v157] (i6_full);
  [v158] (i7_full);
  [v160] (i8_full);
  [v161] (i9_full);
  [v163] (i10_full);

   [f1@0];

  Model short:

  f1 BY v151@1
  v153 (L2_short)
  v154 (L3_short)
  v155 (L4_short)
  v156 (L5_short)
  v157 (L6_short)
  v158 (L7_short)
  v160 (L8_short)
  v161 (L9_short)
  v163 (L10_short)
  ;

  [v151] (i1_short);
  [v153] (i2_short);
  [v154] (i3_short);
  [v155] (i4_short);
  [v156] (i5_short);
  [v157] (i6_short);
  [v158] (i7_short);
  [v160] (i8_short);
  [v161] (i9_short);
  [v163] (i10_short);

   [f1@0];

   SAVEDATA: DIFFTEST IS v151_config.dat;

   OUTPUT: SAMPSTAT;

                                  MODINDICES;

                                  STDYX;




*** WARNING in SAVEDATA command
  The DIFFTEST option is available only for the estimators MLMV, WLSMV and ULSMV.
  Request for DIFFTEST will be ignored.
*** WARNING
  Data set contains unknown or missing values for GROUPING,
  PATTERN, COHORT, CLUSTER and/or STRATIFICATION variables.
  Number of cases with unknown or missing values:  1494
*** WARNING
  Data set contains cases with missing on all variables.
  These cases were not included in the analysis.
  Number of cases with missing on all variables:  591
   3 WARNING(S) FOUND IN THE INPUT INSTRUCTIONS



Your title goes here

SUMMARY OF ANALYSIS

Number of groups                                                 2
Number of observations
   Group FULL                                                  670
   Group SHORT                                                2661
   Total sample size                                          3331

Number of dependent variables                                   10
Number of independent variables                                  0
Number of continuous latent variables                            1

Observed dependent variables

  Continuous
   V151        V153        V154        V155        V156        V157
   V158        V160        V161        V163

Continuous latent variables
   F1

Variables with special functions

  Grouping variable     COMP_LEN

Estimator                                                       ML
Information matrix                                        OBSERVED
Maximum number of iterations                                  1000
Convergence criterion                                    0.500D-04
Maximum number of steepest descent iterations                   20
Maximum number of iterations for H1                           2000
Convergence criterion for H1                             0.100D-03

Input data file(s)
  eq/data.dta

Input data format  FREE


SUMMARY OF DATA

   Group FULL
     Number of missing data patterns            82

   Group SHORT
     Number of missing data patterns           159


COVARIANCE COVERAGE OF DATA

Minimum covariance coverage value   0.100


     PROPORTION OF DATA PRESENT FOR FULL


           Covariance Coverage
              V151          V153          V154          V155          V156
              ________      ________      ________      ________      ________
 V151           0.982
 V153           0.927         0.943
 V154           0.909         0.899         0.924
 V155           0.936         0.918         0.904         0.951
 V156           0.922         0.903         0.882         0.910         0.939
 V157           0.864         0.839         0.836         0.849         0.840
 V158           0.916         0.882         0.866         0.894         0.878
 V160           0.910         0.875         0.857         0.879         0.866
 V161           0.912         0.899         0.885         0.904         0.893
 V163           0.943         0.912         0.897         0.921         0.907


           Covariance Coverage
              V157          V158          V160          V161          V163
              ________      ________      ________      ________      ________
 V157           0.876
 V158           0.833         0.927
 V160           0.819         0.881         0.919
 V161           0.827         0.872         0.861         0.925
 V163           0.852         0.899         0.890         0.896         0.957


     PROPORTION OF DATA PRESENT FOR SHORT


           Covariance Coverage
              V151          V153          V154          V155          V156
              ________      ________      ________      ________      ________
 V151           0.601
 V153           0.570         0.576
 V154           0.566         0.553         0.575
 V155           0.573         0.559         0.562         0.582
 V156           0.188         0.181         0.184         0.182         0.558
 V157           0.536         0.520         0.517         0.523         0.171
 V158           0.562         0.543         0.541         0.545         0.176
 V160           0.557         0.540         0.540         0.544         0.177
 V161           0.560         0.548         0.546         0.553         0.177
 V163           0.190         0.183         0.183         0.182         0.539


           Covariance Coverage
              V157          V158          V160          V161          V163
              ________      ________      ________      ________      ________
 V157           0.541
 V158           0.513         0.567
 V160           0.512         0.537         0.564
 V161           0.514         0.536         0.536         0.567
 V163           0.170         0.178         0.178         0.177         0.571


SAMPLE STATISTICS


     ESTIMATED SAMPLE STATISTICS FOR FULL


           Means
              V151          V153          V154          V155          V156
              ________      ________      ________      ________      ________
                2.727         7.818         6.625         7.821         7.701


           Means
              V157          V158          V160          V161          V163
              ________      ________      ________      ________      ________
                4.108         4.329         4.285         7.354         2.894


           Covariances
              V151          V153          V154          V155          V156
              ________      ________      ________      ________      ________
 V151           6.740
 V153           2.208         9.161
 V154           1.629         4.696         8.595
 V155           1.432         5.018         5.424         7.068
 V156           1.465         3.451         4.385         3.237         7.534
 V157           2.815         3.072         3.895         3.345         3.215
 V158           3.984         3.486         3.582         3.598         2.611
 V160           2.433         2.067         3.041         2.693         2.506
 V161           1.494         3.708         3.055         2.875         2.598
 V163           0.228        -0.566         0.703         0.322         1.254


           Covariances
              V157          V158          V160          V161          V163
              ________      ________      ________      ________      ________
 V157          10.408
 V158           4.840        10.287
 V160           3.933         4.552         8.605
 V161           2.232         3.010         2.673         8.078
 V163           1.441         0.710         1.748         0.662         8.378


           Correlations
              V151          V153          V154          V155          V156
              ________      ________      ________      ________      ________
 V151           1.000
 V153           0.281         1.000
 V154           0.214         0.529         1.000
 V155           0.207         0.624         0.696         1.000
 V156           0.206         0.415         0.545         0.444         1.000
 V157           0.336         0.315         0.412         0.390         0.363
 V158           0.478         0.359         0.381         0.422         0.297
 V160           0.320         0.233         0.354         0.345         0.311
 V161           0.203         0.431         0.367         0.381         0.333
 V163           0.030        -0.065         0.083         0.042         0.158


           Correlations
              V157          V158          V160          V161          V163
              ________      ________      ________      ________      ________
 V157           1.000
 V158           0.468         1.000
 V160           0.416         0.484         1.000
 V161           0.243         0.330         0.321         1.000
 V163           0.154         0.076         0.206         0.080         1.000


     ESTIMATED SAMPLE STATISTICS FOR SHORT


           Means
              V151          V153          V154          V155          V156
              ________      ________      ________      ________      ________
                3.006         7.676         6.193         7.698         7.359


           Means
              V157          V158          V160          V161          V163
              ________      ________      ________      ________      ________
                4.096         4.250         4.048         7.201         2.857


           Covariances
              V151          V153          V154          V155          V156
              ________      ________      ________      ________      ________
 V151           7.307
 V153           2.525         9.440
 V154           2.440         4.274         9.025
 V155           1.868         4.176         4.983         7.136
 V156           1.633         3.713         4.901         3.763         8.027
 V157           2.799         3.460         4.184         3.268         3.136
 V158           4.159         3.609         4.090         3.355         2.477
 V160           2.634         2.411         3.264         2.617         2.815
 V161           1.446         3.687         2.885         3.293         2.902
 V163          -0.061        -0.572         0.177         0.784         1.589


           Covariances
              V157          V158          V160          V161          V163
              ________      ________      ________      ________      ________
 V157          10.292
 V158           4.029        10.094
 V160           3.533         4.754         8.370
 V161           2.043         2.642         2.033         8.376
 V163           1.096         0.778         1.009         0.654         7.612


           Correlations
              V151          V153          V154          V155          V156
              ________      ________      ________      ________      ________
 V151           1.000
 V153           0.304         1.000
 V154           0.300         0.463         1.000
 V155           0.259         0.509         0.621         1.000
 V156           0.213         0.426         0.576         0.497         1.000
 V157           0.323         0.351         0.434         0.381         0.345
 V158           0.484         0.370         0.429         0.395         0.275
 V160           0.337         0.271         0.376         0.339         0.343
 V161           0.185         0.415         0.332         0.426         0.354
 V163          -0.008        -0.068         0.021         0.106         0.203


           Correlations
              V157          V158          V160          V161          V163
              ________      ________      ________      ________      ________
 V157           1.000
 V158           0.395         1.000
 V160           0.381         0.517         1.000
 V161           0.220         0.287         0.243         1.000
 V163           0.124         0.089         0.126         0.082         1.000


     MAXIMUM LOG-LIKELIHOOD VALUE FOR THE UNRESTRICTED (H1) MODEL IS -50363.255


UNIVARIATE SAMPLE STATISTICS


     UNIVARIATE HIGHER-ORDER MOMENT DESCRIPTIVE STATISTICS FOR FULL

         Variable/         Mean/     Skewness/   Minimum/ % with                Percentiles
        Sample Size      Variance    Kurtosis    Maximum  Min/Max      20%/60%    40%/80%    Median

     V151                  2.719       1.401       1.000   59.12%       1.000      1.000      1.000
             658.000       6.728       0.811      10.000    3.19%       2.000      5.000
     V153                  7.886      -1.241       1.000    9.34%       5.000      9.000     10.000
             632.000       9.044       0.168      10.000   54.11%      10.000     10.000
     V154                  6.672      -0.513       1.000    9.85%       4.000      6.000      7.000
             619.000       8.640      -0.849      10.000   26.98%       8.000     10.000
     V155                  7.882      -1.070       1.000    4.55%       5.000      8.000      9.000
             637.000       6.955       0.098      10.000   47.57%      10.000     10.000
     V156                  7.754      -1.193       1.000    6.36%       5.000      8.000      9.000
             629.000       7.435       0.364      10.000   40.22%      10.000     10.000
     V157                  4.101       0.621       1.000   37.31%       1.000      2.000      3.000
             587.000      10.482      -1.034      10.000   12.27%       5.000      8.000
     V158                  4.359       0.471       1.000   33.17%       1.000      2.000      4.000
             621.000      10.372      -1.185      10.000   11.27%       5.000      8.000
     V160                  4.258       0.497       1.000   29.22%       1.000      3.000      4.000
             616.000       8.627      -0.912      10.000    7.95%       5.000      7.000
     V161                  7.416      -0.916       1.000    7.26%       5.000      8.000      8.000
             620.000       8.001      -0.279      10.000   36.61%       9.000     10.000
     V163                  2.897       1.370       1.000   58.97%       1.000      1.000      1.000
             641.000       8.379       0.517      10.000    7.33%       2.000      5.000


     UNIVARIATE HIGHER-ORDER MOMENT DESCRIPTIVE STATISTICS FOR SHORT

         Variable/         Mean/     Skewness/   Minimum/ % with                Percentiles
        Sample Size      Variance    Kurtosis    Maximum  Min/Max      20%/60%    40%/80%    Median

     V151                  3.013       1.136       1.000   51.88%       1.000      1.000      1.000
            1600.000       7.304       0.025      10.000    3.56%       2.000      5.000
     V153                  7.765      -1.111       1.000    8.81%       5.000      9.000     10.000
            1532.000       9.391      -0.187      10.000   53.79%      10.000     10.000
     V154                  6.284      -0.327       1.000   11.18%       3.000      5.000      6.000
            1529.000       9.012      -1.078      10.000   22.43%       8.000     10.000
     V155                  7.779      -1.001       1.000    4.33%       5.000      8.000      9.000
            1548.000       7.057      -0.062      10.000   44.64%      10.000     10.000
     V156                  7.387      -0.951       1.000    7.88%       5.000      8.000      8.000
            1485.000       8.074      -0.204      10.000   35.49%       9.000     10.000
     V157                  4.109       0.588       1.000   36.90%       1.000      2.000      3.000
            1439.000      10.320      -1.084      10.000   10.49%       5.000      8.000
     V158                  4.274       0.498       1.000   33.77%       1.000      2.000      4.000
            1510.000      10.163      -1.156      10.000   10.13%       5.000      8.000
     V160                  4.091       0.519       1.000   31.38%       1.000      3.000      4.000
            1501.000       8.356      -0.920      10.000    6.26%       5.000      7.000
     V161                  7.264      -0.822       1.000    7.88%       5.000      7.000      8.000
            1510.000       8.344      -0.477      10.000   35.50%       9.000     10.000
     V163                  2.850       1.325       1.000   58.62%       1.000      1.000      1.000
            1520.000       7.614       0.477      10.000    4.93%       2.000      5.000


THE MODEL ESTIMATION TERMINATED NORMALLY



MODEL FIT INFORMATION

Number of Free Parameters                       60

Loglikelihood

          H0 Value                      -50821.897
          H1 Value                      -50363.255

Information Criteria

          Akaike (AIC)                  101763.794
          Bayesian (BIC)                102130.456
          Sample-Size Adjusted BIC      101939.809
            (n* = (n + 2) / 24)

Chi-Square Test of Model Fit

          Value                            917.285
          Degrees of Freedom                    70
          P-Value                           0.0000

Chi-Square Contribution From Each Group

          FULL                             370.600
          SHORT                            546.685

RMSEA (Root Mean Square Error Of Approximation)

          Estimate                           0.085
          90 Percent C.I.                    0.080  0.090
          Probability RMSEA <= .05           0.000

CFI/TLI

          CFI                                0.852
          TLI                                0.810

Chi-Square Test of Model Fit for the Baseline Model

          Value                           5826.591
          Degrees of Freedom                    90
          P-Value                           0.0000

SRMR (Standardized Root Mean Square Residual)

          Value                              0.065



MODEL RESULTS

                                                    Two-Tailed
                    Estimate       S.E.  Est./S.E.    P-Value

Group FULL

 F1       BY
    V151               1.000      0.000    999.000    999.000
    V153               2.096      0.238      8.791      0.000
    V154               2.317      0.258      8.979      0.000
    V155               2.123      0.237      8.952      0.000
    V156               1.669      0.199      8.406      0.000
    V157               1.811      0.217      8.355      0.000
    V158               1.889      0.217      8.693      0.000
    V160               1.496      0.185      8.080      0.000
    V161               1.470      0.186      7.910      0.000
    V163               0.322      0.129      2.493      0.013

 Means
    F1                 0.000      0.000    999.000    999.000

 Intercepts
    V151               2.725      0.101     26.969      0.000
    V153               7.808      0.119     65.466      0.000
    V154               6.611      0.116     57.124      0.000
    V155               7.813      0.104     74.922      0.000
    V156               7.709      0.108     71.055      0.000
    V157               4.143      0.131     31.641      0.000
    V158               4.364      0.128     34.186      0.000
    V160               4.292      0.117     36.644      0.000
    V161               7.356      0.113     64.893      0.000
    V163               2.892      0.114     25.296      0.000

 Variances
    F1                 0.996      0.212      4.690      0.000

 Residual Variances
    V151               5.735      0.327     17.514      0.000
    V153               4.784      0.318     15.020      0.000
    V154               3.240      0.254     12.762      0.000
    V155               2.585      0.208     12.447      0.000
    V156               4.755      0.298     15.949      0.000
    V157               7.120      0.452     15.742      0.000
    V158               6.773      0.428     15.812      0.000
    V160               6.364      0.389     16.343      0.000
    V161               5.922      0.358     16.548      0.000
    V163               8.279      0.463     17.863      0.000

Group SHORT

 F1       BY
    V151               1.000      0.000    999.000    999.000
    V153               1.537      0.097     15.785      0.000
    V154               1.764      0.106     16.650      0.000
    V155               1.536      0.094     16.353      0.000
    V156               1.480      0.105     14.145      0.000
    V157               1.445      0.096     15.122      0.000
    V158               1.566      0.095     16.436      0.000
    V160               1.260      0.084     14.991      0.000
    V161               1.126      0.083     13.610      0.000
    V163               0.453      0.074      6.105      0.000

 Means
    F1                 0.000      0.000    999.000    999.000

 Intercepts
    V151               2.986      0.067     44.755      0.000
    V153               7.658      0.076    100.288      0.000
    V154               6.177      0.074     83.716      0.000
    V155               7.690      0.065    117.691      0.000
    V156               7.364      0.070    105.866      0.000
    V157               4.095      0.082     49.966      0.000
    V158               4.250      0.079     53.583      0.000
    V160               4.048      0.073     55.501      0.000
    V161               7.198      0.073     98.510      0.000
    V163               2.846      0.070     40.433      0.000

 Variances
    F1                 1.641      0.181      9.076      0.000

 Residual Variances
    V151               5.681      0.215     26.454      0.000
    V153               5.613      0.235     23.904      0.000
    V154               3.971      0.193     20.623      0.000
    V155               3.273      0.156     21.009      0.000
    V156               4.442      0.289     15.359      0.000
    V157               6.898      0.285     24.214      0.000
    V158               6.116      0.261     23.396      0.000
    V160               5.801      0.235     24.722      0.000
    V161               6.295      0.245     25.658      0.000
    V163               7.273      0.272     26.702      0.000


STANDARDIZED MODEL RESULTS


STDYX Standardization

                                                    Two-Tailed
                    Estimate       S.E.  Est./S.E.    P-Value

Group FULL

 F1       BY
    V151               0.385      0.037     10.367      0.000
    V153               0.691      0.025     27.698      0.000
    V154               0.789      0.020     39.854      0.000
    V155               0.797      0.020     40.343      0.000
    V156               0.607      0.029     20.723      0.000
    V157               0.561      0.032     17.733      0.000
    V158               0.587      0.030     19.330      0.000
    V160               0.509      0.034     15.136      0.000
    V161               0.516      0.033     15.474      0.000
    V163               0.111      0.043      2.587      0.010

 Means
    F1                 0.000      0.000    999.000    999.000

 Intercepts
    V151               1.050      0.048     21.671      0.000
    V153               2.579      0.084     30.808      0.000
    V154               2.256      0.075     29.976      0.000
    V155               2.937      0.092     31.859      0.000
    V156               2.809      0.090     31.351      0.000
    V157               1.285      0.055     23.512      0.000
    V158               1.358      0.055     24.623      0.000
    V160               1.464      0.057     25.571      0.000
    V161               2.588      0.085     30.493      0.000
    V163               0.999      0.048     20.636      0.000

 Variances
    F1                 1.000      0.000    999.000    999.000

 Residual Variances
    V151               0.852      0.029     29.833      0.000
    V153               0.522      0.035     15.129      0.000
    V154               0.377      0.031     12.073      0.000
    V155               0.365      0.031     11.612      0.000
    V156               0.631      0.036     17.752      0.000
    V157               0.685      0.035     19.320      0.000
    V158               0.656      0.036     18.422      0.000
    V160               0.740      0.034     21.593      0.000
    V161               0.733      0.034     21.281      0.000
    V163               0.988      0.010    103.912      0.000

Group SHORT

 F1       BY
    V151               0.473      0.022     21.171      0.000
    V153               0.639      0.018     35.313      0.000
    V154               0.750      0.015     51.308      0.000
    V155               0.736      0.015     48.304      0.000
    V156               0.669      0.026     25.793      0.000
    V157               0.576      0.020     28.388      0.000
    V158               0.630      0.019     33.640      0.000
    V160               0.557      0.021     26.638      0.000
    V161               0.498      0.022     22.544      0.000
    V163               0.210      0.032      6.563      0.000

 Means
    F1                 0.000      0.000    999.000    999.000

 Intercepts
    V151               1.103      0.032     34.857      0.000
    V153               2.486      0.052     47.607      0.000
    V154               2.050      0.045     45.567      0.000
    V155               2.877      0.058     49.674      0.000
    V156               2.598      0.053     48.997      0.000
    V157               1.275      0.035     36.509      0.000
    V158               1.335      0.035     38.274      0.000
    V160               1.396      0.036     38.595      0.000
    V161               2.487      0.052     47.386      0.000
    V163               1.032      0.032     32.581      0.000

 Variances
    F1                 1.000      0.000    999.000    999.000

 Residual Variances
    V151               0.776      0.021     36.647      0.000
    V153               0.592      0.023     25.567      0.000
    V154               0.437      0.022     19.941      0.000
    V155               0.458      0.022     20.417      0.000
    V156               0.553      0.035     15.939      0.000
    V157               0.668      0.023     28.588      0.000
    V158               0.603      0.024     25.558      0.000
    V160               0.690      0.023     29.637      0.000
    V161               0.752      0.022     34.096      0.000
    V163               0.956      0.013     71.008      0.000


R-SQUARE

Group FULL

    Observed                                        Two-Tailed
    Variable        Estimate       S.E.  Est./S.E.    P-Value

    V151               0.148      0.029      5.183      0.000
    V153               0.478      0.035     13.849      0.000
    V154               0.623      0.031     19.927      0.000
    V155               0.635      0.031     20.172      0.000
    V156               0.369      0.036     10.361      0.000
    V157               0.315      0.035      8.866      0.000
    V158               0.344      0.036      9.665      0.000
    V160               0.260      0.034      7.568      0.000
    V161               0.267      0.034      7.737      0.000
    V163               0.012      0.010      1.294      0.196

Group SHORT

    Observed                                        Two-Tailed
    Variable        Estimate       S.E.  Est./S.E.    P-Value

    V151               0.224      0.021     10.586      0.000
    V153               0.408      0.023     17.656      0.000
    V154               0.563      0.022     25.654      0.000
    V155               0.542      0.022     24.152      0.000
    V156               0.447      0.035     12.896      0.000
    V157               0.332      0.023     14.194      0.000
    V158               0.397      0.024     16.820      0.000
    V160               0.310      0.023     13.319      0.000
    V161               0.248      0.022     11.272      0.000
    V163               0.044      0.013      3.281      0.001


QUALITY OF NUMERICAL RESULTS

     Condition Number for the Information Matrix              0.499E-03
       (ratio of smallest to largest eigenvalue)


MODEL MODIFICATION INDICES

NOTE:  Modification indices for direct effects of observed dependent variables
regressed on covariates may not be included.  To include these, request
MODINDICES (ALL).

Minimum M.I. value for printing the modification index    10.000

                                   M.I.     E.P.C.  Std E.P.C.  StdYX E.P.C.
Group FULL


WITH Statements

V154     WITH V151                20.996    -0.952     -0.952       -0.221
V155     WITH V151                27.430    -0.971     -0.971       -0.252
V155     WITH V153                30.827     1.100      1.100        0.313
V155     WITH V154                49.481     1.355      1.355        0.468
V156     WITH V154                16.303     0.833      0.833        0.212
V157     WITH V151                13.473     1.029      1.029        0.161
V157     WITH V155                10.319    -0.730     -0.730       -0.170
V158     WITH V151                82.411     2.430      2.430        0.390
V158     WITH V154                22.773    -1.171     -1.171       -0.250
V158     WITH V157                28.461     1.715      1.715        0.247
V160     WITH V151                15.199     0.999      0.999        0.165
V160     WITH V153                28.320    -1.366     -1.366       -0.248
V160     WITH V155                10.338    -0.667     -0.667       -0.164
V160     WITH V157                18.364     1.322      1.322        0.196
V160     WITH V158                45.240     1.971      1.971        0.300
V163     WITH V153                26.953    -1.429     -1.429       -0.227
V163     WITH V160                19.712     1.360      1.360        0.187

Group SHORT


WITH Statements

V154     WITH V151                17.436    -0.618     -0.618       -0.130
V155     WITH V151                44.285    -0.878     -0.878       -0.204
V155     WITH V153                12.433     0.507      0.507        0.118
V155     WITH V154                74.607     1.195      1.195        0.332
V156     WITH V151                13.487    -0.909     -0.909       -0.181
V156     WITH V154                19.788     1.054      1.054        0.251
V157     WITH V155                10.453    -0.509     -0.509       -0.107
V158     WITH V151               139.867     2.006      2.006        0.340
V158     WITH V154                16.675    -0.692     -0.692       -0.140
V158     WITH V155                36.559    -0.911     -0.911       -0.204
V158     WITH V156                34.535    -1.625     -1.625       -0.312
V160     WITH V151                19.114     0.706      0.706        0.123
V160     WITH V153                27.615    -0.903     -0.903       -0.158
V160     WITH V154                10.355    -0.508     -0.508       -0.106
V160     WITH V155                28.068    -0.745     -0.745       -0.171
V160     WITH V157                14.166     0.716      0.716        0.113
V160     WITH V158               119.894     1.962      1.962        0.329
V161     WITH V153                34.375     1.024      1.024        0.172
V161     WITH V154                10.087    -0.507     -0.507       -0.101
V161     WITH V155                19.883     0.634      0.634        0.140
V161     WITH V157                13.551    -0.717     -0.717       -0.109
V163     WITH V153                23.412    -1.490     -1.490       -0.233
V163     WITH V156                24.925     1.148      1.148        0.202



DIAGRAM INFORMATION

  Use View Diagram under the Diagram menu in the Mplus Editor to view the diagram.
  If running Mplus from the Mplus Diagrammer, the diagram opens automatically.

  Diagram output
    c:\users\msassac6\dropbox (the university of manchester)\papers\joe s\evs_mm_de_equivalence\mplus\eq\inv_data3_v151_

     Beginning Time:  13:51:47
        Ending Time:  13:51:48
       Elapsed Time:  00:00:01



MUTHEN & MUTHEN
3463 Stoner Ave.
Los Angeles, CA  90066

Tel: (310) 391-9971
Fax: (310) 391-8971
Web: www.StatModel.com
Support: Support@StatModel.com

Copyright (c) 1998-2017 Muthen & Muthen
