Mplus VERSION 8
MUTHEN & MUTHEN
07/13/2020   8:33 AM

INPUT INSTRUCTIONS

  TITLE: Your title goes here

   DATA: FILE = eq/data.dta;

   VARIABLE:

   NAMES = id_cocas weight comp_mode comp_len mode mm_matrix_group wei_mmf v2 v3 v4 v32
       v33 v34 v35 v36 v37 v46 v47 v48 v49 v50 v65 v66 v67 v68 v69 v70 v82 v83 v84 v98
       v99 v100 v101 v103 v104 v105 v106 v107 v115 v116 v117 v118 v119 v120 v121 v122
       v123 v124 v125 v126 v127 v128 v129 v130 v131 v132 v133 v134 v135 v136 v137 v138
       v139 v140 v141 v145 v146 v147 v148 v149 v150 v151 v152 v153 v154 v155 v156 v157
       v158 v159 v160 v161 v162 v163 v164 v165 v166 v167 v176 v177 v178 v179 v180 v181
       v182 v183 v185 v186 v187 v188 v189 v191 v192 v193 v194 v195 v196 v197 v199 v200
       v201 v202 v203 v205 v206 v207 v208 v209 v210 v211 v212 v213 v214 v215 v216 v217
       v218 v220 v221 v222 v223 v224 v267 v268 v269 v271 v272 v273;

   MISSING=.;

   USEVARIABLES ARE
   v46
   v47
   v48
   v49
   v50;

   GROUPING IS comp_len (0=full 1=short);

  WEIGHT IS weight;

   Analysis:

                  ESTIMATOR = MLR;
  Model:


  f1 BY v46@1
  v47 (L2)
  v48 (L3)
  v49 (L4)
  v50 (L5)
  ;


   [f1@0];[v46] (i1_full);
  [v47] (i2_full);
  [v48] (i3_full);
  [v49] (i4_full);
  [v50] (i5_full);


  Model short:

  f1 BY v46@1
  v47 (L2)
  v48 (L3)
  v49 (L4)
  v50 (L5)
  ;


   [f1@0];[v46] (i1_short);
  [v47] (i2_short);
  [v48] (i3_short);
  [v49] (i4_short);
  [v50] (i5_short);


   SAVEDATA: DIFFTEST IS v46_metric.dat;

   OUTPUT: SAMPSTAT;

                                  MODINDICES;

                                  STDYX;




*** WARNING in SAVEDATA command
  The DIFFTEST option is available only for the estimators MLMV, WLSMV and ULSMV.
  Request for DIFFTEST will be ignored.
*** WARNING
  Data set contains unknown or missing values for GROUPING,
  PATTERN, COHORT, CLUSTER and/or STRATIFICATION variables.
  Number of cases with unknown or missing values:  1494
*** WARNING
  Data set contains cases with missing on all variables.
  These cases were not included in the analysis.
  Number of cases with missing on all variables:  585
   3 WARNING(S) FOUND IN THE INPUT INSTRUCTIONS



Your title goes here

SUMMARY OF ANALYSIS

Number of groups                                                 2
Number of observations
   Group FULL                                                  671
   Group SHORT                                                2666
   Total sample size                                          3337

Number of dependent variables                                    5
Number of independent variables                                  0
Number of continuous latent variables                            1

Observed dependent variables

  Continuous
   V46         V47         V48         V49         V50

Continuous latent variables
   F1

Variables with special functions

  Grouping variable     COMP_LEN
  Weight variable       WEIGHT

Estimator                                                      MLR
Information matrix                                        OBSERVED
Maximum number of iterations                                  1000
Convergence criterion                                    0.500D-04
Maximum number of steepest descent iterations                   20
Maximum number of iterations for H1                           2000
Convergence criterion for H1                             0.100D-03

Input data file(s)
  eq/data.dta

Input data format  FREE


SUMMARY OF DATA

   Group FULL
     Number of missing data patterns            22

   Group SHORT
     Number of missing data patterns            24


COVARIANCE COVERAGE OF DATA

Minimum covariance coverage value   0.100


     PROPORTION OF DATA PRESENT FOR FULL


           Covariance Coverage
              V46           V47           V48           V49           V50
              ________      ________      ________      ________      ________
 V46            0.955
 V47            0.896         0.925
 V48            0.912         0.887         0.949
 V49            0.923         0.894         0.915         0.958
 V50            0.936         0.909         0.928         0.939         0.973


     PROPORTION OF DATA PRESENT FOR SHORT


           Covariance Coverage
              V46           V47           V48           V49           V50
              ________      ________      ________      ________      ________
 V46            0.578
 V47            0.180         0.565
 V48            0.548         0.175         0.568
 V49            0.189         0.555         0.185         0.590
 V50            0.570         0.185         0.560         0.196         0.591


SAMPLE STATISTICS


     ESTIMATED SAMPLE STATISTICS FOR FULL


           Means
              V46           V47           V48           V49           V50
              ________      ________      ________      ________      ________
                1.968         2.567         2.301         2.086         3.228


           Covariances
              V46           V47           V48           V49           V50
              ________      ________      ________      ________      ________
 V46            0.696
 V47            0.330         1.450
 V48            0.260         0.503         1.206
 V49            0.276         0.413         0.494         0.875
 V50            0.381         0.486         0.379         0.490         1.379


           Correlations
              V46           V47           V48           V49           V50
              ________      ________      ________      ________      ________
 V46            1.000
 V47            0.328         1.000
 V48            0.284         0.380         1.000
 V49            0.354         0.367         0.481         1.000
 V50            0.389         0.344         0.294         0.446         1.000


     ESTIMATED SAMPLE STATISTICS FOR SHORT


           Means
              V46           V47           V48           V49           V50
              ________      ________      ________      ________      ________
                2.074         2.667         2.331         1.998         3.354


           Covariances
              V46           V47           V48           V49           V50
              ________      ________      ________      ________      ________
 V46            0.836
 V47            0.328         1.555
 V48            0.313         0.625         1.361
 V49            0.266         0.416         0.360         0.972
 V50            0.355         0.386         0.423         0.425         1.247


           Correlations
              V46           V47           V48           V49           V50
              ________      ________      ________      ________      ________
 V46            1.000
 V47            0.287         1.000
 V48            0.293         0.430         1.000
 V49            0.295         0.338         0.313         1.000
 V50            0.348         0.277         0.325         0.386         1.000


     MAXIMUM LOG-LIKELIHOOD VALUE FOR THE UNRESTRICTED (H1) MODEL IS -15431.148


UNIVARIATE SAMPLE STATISTICS


     UNIVARIATE HIGHER-ORDER MOMENT DESCRIPTIVE STATISTICS FOR FULL

         Variable/         Mean/     Skewness/   Minimum/ % with                Percentiles
        Sample Size      Variance    Kurtosis    Maximum  Min/Max      20%/60%    40%/80%    Median

     V46                   1.965       0.880       1.000   27.77%       1.000      2.000      2.000
             641.000       0.697       0.736       5.000    0.62%       2.000      2.000
     V47                   2.559       0.383       1.000   19.65%       2.000      2.000      2.000
             621.000       1.445      -0.840       5.000    6.76%       3.000      4.000
     V48                   2.304       0.672       1.000   22.92%       1.000      2.000      2.000
             637.000       1.211      -0.322       5.000    4.08%       2.000      3.000
     V49                   2.072       0.974       1.000   25.51%       1.000      2.000      2.000
             643.000       0.869       0.899       5.000    2.18%       2.000      3.000
     V50                   3.233      -0.228       1.000    6.28%       2.000      3.000      3.000
             653.000       1.385      -0.956       5.000   13.48%       4.000      4.000


     UNIVARIATE HIGHER-ORDER MOMENT DESCRIPTIVE STATISTICS FOR SHORT

         Variable/         Mean/     Skewness/   Minimum/ % with                Percentiles
        Sample Size      Variance    Kurtosis    Maximum  Min/Max      20%/60%    40%/80%    Median

     V46                   2.078       0.960       1.000   26.80%       1.000      2.000      2.000
            1541.000       0.834       0.859       5.000    1.88%       2.000      3.000
     V47                   2.661       0.344       1.000   18.98%       2.000      2.000      3.000
            1507.000       1.560      -0.923       5.000    9.02%       3.000      4.000
     V48                   2.334       0.582       1.000   24.83%       1.000      2.000      2.000
            1514.000       1.360      -0.623       5.000    5.02%       3.000      4.000
     V49                   1.990       1.138       1.000   32.72%       1.000      2.000      2.000
            1574.000       0.971       1.070       5.000    2.60%       2.000      3.000
     V50                   3.363      -0.422       1.000    5.65%       2.000      3.000      4.000
            1575.000       1.249      -0.699       5.000   13.08%       4.000      4.000


THE MODEL ESTIMATION TERMINATED NORMALLY



MODEL FIT INFORMATION

Number of Free Parameters                       26

Loglikelihood

          H0 Value                      -15459.684
          H0 Scaling Correction Factor      1.4413
            for MLR
          H1 Value                      -15431.148
          H1 Scaling Correction Factor      1.4778
            for MLR

Information Criteria

          Akaike (AIC)                   30971.369
          Bayesian (BIC)                 31130.302
          Sample-Size Adjusted BIC       31047.688
            (n* = (n + 2) / 24)

Chi-Square Test of Model Fit

          Value                             36.928*
          Degrees of Freedom                    14
          P-Value                           0.0008
          Scaling Correction Factor         1.5455
            for MLR

Chi-Square Contribution From Each Group

          FULL                              19.221
          SHORT                             17.707

*   The chi-square value for MLM, MLMV, MLR, ULSMV, WLSM and WLSMV cannot be used
    for chi-square difference testing in the regular way.  MLM, MLR and WLSM
    chi-square difference testing is described on the Mplus website.  MLMV, WLSMV,
    and ULSMV difference testing is done using the DIFFTEST option.

RMSEA (Root Mean Square Error Of Approximation)

          Estimate                           0.031
          90 Percent C.I.                    0.019  0.044
          Probability RMSEA <= .05           0.994

CFI/TLI

          CFI                                0.972
          TLI                                0.960

Chi-Square Test of Model Fit for the Baseline Model

          Value                            833.086
          Degrees of Freedom                    20
          P-Value                           0.0000

SRMR (Standardized Root Mean Square Residual)

          Value                              0.034



MODEL RESULTS

                                                    Two-Tailed
                    Estimate       S.E.  Est./S.E.    P-Value

Group FULL

 F1       BY
    V46                1.000      0.000    999.000    999.000
    V47                1.470      0.126     11.693      0.000
    V48                1.385      0.110     12.558      0.000
    V49                1.314      0.112     11.722      0.000
    V50                1.453      0.105     13.869      0.000

 Means
    F1                 0.000      0.000    999.000    999.000

 Intercepts
    V46                1.968      0.036     54.018      0.000
    V47                2.567      0.055     46.926      0.000
    V48                2.302      0.048     47.572      0.000
    V49                2.083      0.041     51.359      0.000
    V50                3.229      0.052     61.505      0.000

 Variances
    F1                 0.233      0.033      6.957      0.000

 Residual Variances
    V46                0.484      0.037     13.075      0.000
    V47                0.967      0.088     11.008      0.000
    V48                0.766      0.059     13.018      0.000
    V49                0.448      0.048      9.243      0.000
    V50                0.878      0.061     14.428      0.000

Group SHORT

 F1       BY
    V46                1.000      0.000    999.000    999.000
    V47                1.470      0.126     11.693      0.000
    V48                1.385      0.110     12.558      0.000
    V49                1.314      0.112     11.722      0.000
    V50                1.453      0.105     13.869      0.000

 Means
    F1                 0.000      0.000    999.000    999.000

 Intercepts
    V46                2.074      0.026     80.948      0.000
    V47                2.664      0.037     72.019      0.000
    V48                2.326      0.033     70.216      0.000
    V49                1.999      0.028     70.819      0.000
    V50                3.356      0.032    104.571      0.000

 Variances
    F1                 0.220      0.027      8.055      0.000

 Residual Variances
    V46                0.603      0.032     18.689      0.000
    V47                1.075      0.080     13.426      0.000
    V48                0.934      0.052     17.899      0.000
    V49                0.606      0.065      9.391      0.000
    V50                0.786      0.044     17.800      0.000


STANDARDIZED MODEL RESULTS


STDYX Standardization

                                                    Two-Tailed
                    Estimate       S.E.  Est./S.E.    P-Value

Group FULL

 F1       BY
    V46                0.570      0.033     17.092      0.000
    V47                0.585      0.039     14.841      0.000
    V48                0.607      0.034     18.049      0.000
    V49                0.688      0.040     17.388      0.000
    V50                0.599      0.032     18.582      0.000

 Means
    F1                 0.000      0.000    999.000    999.000

 Intercepts
    V46                2.324      0.069     33.882      0.000
    V47                2.118      0.059     36.035      0.000
    V48                2.091      0.054     38.434      0.000
    V49                2.261      0.068     33.007      0.000
    V50                2.759      0.084     32.690      0.000

 Variances
    F1                 1.000      0.000    999.000    999.000

 Residual Variances
    V46                0.676      0.038     17.799      0.000
    V47                0.658      0.046     14.269      0.000
    V48                0.632      0.041     15.499      0.000
    V49                0.527      0.054      9.692      0.000
    V50                0.641      0.039     16.619      0.000

Group SHORT

 F1       BY
    V46                0.517      0.028     18.517      0.000
    V47                0.554      0.038     14.406      0.000
    V48                0.558      0.029     19.542      0.000
    V49                0.621      0.040     15.340      0.000
    V50                0.610      0.027     22.850      0.000

 Means
    F1                 0.000      0.000    999.000    999.000

 Intercepts
    V46                2.285      0.044     52.167      0.000
    V47                2.139      0.036     58.748      0.000
    V48                1.997      0.033     60.847      0.000
    V49                2.013      0.041     49.165      0.000
    V50                3.000      0.064     47.043      0.000

 Variances
    F1                 1.000      0.000    999.000    999.000

 Residual Variances
    V46                0.733      0.029     25.382      0.000
    V47                0.693      0.043     16.283      0.000
    V48                0.689      0.032     21.628      0.000
    V49                0.615      0.050     12.232      0.000
    V50                0.628      0.033     19.327      0.000


R-SQUARE

Group FULL

    Observed                                        Two-Tailed
    Variable        Estimate       S.E.  Est./S.E.    P-Value

    V46                0.324      0.038      8.546      0.000
    V47                0.342      0.046      7.420      0.000
    V48                0.368      0.041      9.025      0.000
    V49                0.473      0.054      8.694      0.000
    V50                0.359      0.039      9.291      0.000

Group SHORT

    Observed                                        Two-Tailed
    Variable        Estimate       S.E.  Est./S.E.    P-Value

    V46                0.267      0.029      9.258      0.000
    V47                0.307      0.043      7.203      0.000
    V48                0.311      0.032      9.771      0.000
    V49                0.385      0.050      7.670      0.000
    V50                0.372      0.033     11.425      0.000


QUALITY OF NUMERICAL RESULTS

     Condition Number for the Information Matrix              0.492E-02
       (ratio of smallest to largest eigenvalue)


MODEL MODIFICATION INDICES

NOTE:  Modification indices for direct effects of observed dependent variables
regressed on covariates may not be included.  To include these, request
MODINDICES (ALL).

Minimum M.I. value for printing the modification index    10.000

                                   M.I.     E.P.C.  Std E.P.C.  StdYX E.P.C.
Group FULL


No modification indices above the minimum value.

Group SHORT


WITH Statements

V48      WITH V47                 15.631     0.270      0.270        0.270



DIAGRAM INFORMATION

  Use View Diagram under the Diagram menu in the Mplus Editor to view the diagram.
  If running Mplus from the Mplus Diagrammer, the diagram opens automatically.

  Diagram output
    c:\users\msassac6\dropbox (the university of manchester)\papers\joe s\evs_mm_de_equivalence\mplus\eq\inv_data3_v46_c

     Beginning Time:  08:33:32
        Ending Time:  08:33:33
       Elapsed Time:  00:00:01



MUTHEN & MUTHEN
3463 Stoner Ave.
Los Angeles, CA  90066

Tel: (310) 391-9971
Fax: (310) 391-8971
Web: www.StatModel.com
Support: Support@StatModel.com

Copyright (c) 1998-2017 Muthen & Muthen
