Mplus VERSION 8
MUTHEN & MUTHEN
07/06/2020   2:43 PM

INPUT INSTRUCTIONS

  TITLE: Your title goes here

   DATA: FILE = eq/data.dta;

   VARIABLE:

   NAMES = id_cocas weight comp_mode comp_len mode mm_matrix_group wei_mmf v2 v3 v4 v32
       v33 v34 v35 v36 v37 v46 v47 v48 v49 v50 v65 v66 v67 v68 v69 v70 v82 v83 v84 v98
       v99 v100 v101 v103 v104 v105 v106 v107 v115 v116 v117 v118 v119 v120 v121 v122
       v123 v124 v125 v126 v127 v128 v129 v130 v131 v132 v133 v134 v135 v136 v137 v138
       v139 v140 v141 v145 v146 v147 v148 v149 v150 v151 v152 v153 v154 v155 v156 v157
       v158 v159 v160 v161 v162 v163 v164 v165 v166 v167 v176 v177 v178 v179 v180 v181
       v182 v183 v185 v186 v187 v188 v189 v191 v192 v193 v194 v195 v196 v197 v199 v200
       v201 v202 v203 v205 v206 v207 v208 v209 v210 v211 v212 v213 v214 v215 v216 v217
       v218 v220 v221 v222 v223 v224 v267 v268 v269 v271 v272 v273;

   MISSING=.;

   USEVARIABLES ARE
   v199
   v200
   v201
   v202
   v203;

   GROUPING IS comp_mode (0=sm 1=mm);

  Model:


  f1 BY v199@1
  v200 (L2_sm)
  v201 (L3_sm)
  v202 (L4_sm)
  v203 (L5_sm)
  ;

  [v199] (i1_sm);
  [v200] (i2_sm);
  [v201] (i3_sm);
  [v202] (i4_sm);
  [v203] (i5_sm);

   [f1@0];

  Model mm:

  f1 BY v199@1
  v200 (L2_mm)
  v201 (L3_mm)
  v202 (L4_mm)
  v203 (L5_mm)
  ;

  [v199] (i1_mm);
  [v200] (i2_mm);
  [v201] (i3_mm);
  [v202] (i4_mm);
  [v203] (i5_mm);

   [f1@0];

   SAVEDATA: DIFFTEST IS v199_config.dat;

   OUTPUT: SAMPSTAT;

                                  MODINDICES;

                                  STDYX;




*** WARNING in SAVEDATA command
  The DIFFTEST option is available only for the estimators MLMV, WLSMV and ULSMV.
  Request for DIFFTEST will be ignored.
*** WARNING
  Data set contains unknown or missing values for GROUPING,
  PATTERN, COHORT, CLUSTER and/or STRATIFICATION variables.
  Number of cases with unknown or missing values:  3244
*** WARNING
  Data set contains cases with missing on all variables.
  These cases were not included in the analysis.
  Number of cases with missing on all variables:  14
   3 WARNING(S) FOUND IN THE INPUT INSTRUCTIONS



Your title goes here

SUMMARY OF ANALYSIS

Number of groups                                                 2
Number of observations
   Group SM                                                   1490
   Group MM                                                    668
   Total sample size                                          2158

Number of dependent variables                                    5
Number of independent variables                                  0
Number of continuous latent variables                            1

Observed dependent variables

  Continuous
   V199        V200        V201        V202        V203

Continuous latent variables
   F1

Variables with special functions

  Grouping variable     COMP_MOD

Estimator                                                       ML
Information matrix                                        OBSERVED
Maximum number of iterations                                  1000
Convergence criterion                                    0.500D-04
Maximum number of steepest descent iterations                   20
Maximum number of iterations for H1                           2000
Convergence criterion for H1                             0.100D-03

Input data file(s)
  eq/data.dta

Input data format  FREE


SUMMARY OF DATA

   Group SM
     Number of missing data patterns            14

   Group MM
     Number of missing data patterns            21


COVARIANCE COVERAGE OF DATA

Minimum covariance coverage value   0.100


     PROPORTION OF DATA PRESENT FOR SM


           Covariance Coverage
              V199          V200          V201          V202          V203
              ________      ________      ________      ________      ________
 V199           0.989
 V200           0.985         0.995
 V201           0.985         0.992         0.995
 V202           0.985         0.992         0.994         0.996
 V203           0.970         0.976         0.978         0.979         0.980


     PROPORTION OF DATA PRESENT FOR MM


           Covariance Coverage
              V199          V200          V201          V202          V203
              ________      ________      ________      ________      ________
 V199           0.954
 V200           0.922         0.960
 V201           0.937         0.948         0.982
 V202           0.927         0.939         0.960         0.972
 V203           0.909         0.916         0.936         0.928         0.946


SAMPLE STATISTICS


     ESTIMATED SAMPLE STATISTICS FOR SM


           Means
              V199          V200          V201          V202          V203
              ________      ________      ________      ________      ________
                2.624         3.602         3.681         3.578         3.840


           Covariances
              V199          V200          V201          V202          V203
              ________      ________      ________      ________      ________
 V199           1.378
 V200          -0.196         1.026
 V201          -0.248         0.276         1.063
 V202          -0.369         0.444         0.389         1.348
 V203          -0.366         0.290         0.448         0.367         1.024


           Correlations
              V199          V200          V201          V202          V203
              ________      ________      ________      ________      ________
 V199           1.000
 V200          -0.165         1.000
 V201          -0.205         0.264         1.000
 V202          -0.271         0.378         0.325         1.000
 V203          -0.308         0.283         0.429         0.312         1.000


     ESTIMATED SAMPLE STATISTICS FOR MM


           Means
              V199          V200          V201          V202          V203
              ________      ________      ________      ________      ________
                2.795         3.547         3.802         3.631         3.876


           Covariances
              V199          V200          V201          V202          V203
              ________      ________      ________      ________      ________
 V199           1.421
 V200          -0.108         1.102
 V201          -0.270         0.337         1.076
 V202          -0.327         0.529         0.559         1.460
 V203          -0.391         0.340         0.551         0.621         1.226


           Correlations
              V199          V200          V201          V202          V203
              ________      ________      ________      ________      ________
 V199           1.000
 V200          -0.086         1.000
 V201          -0.218         0.309         1.000
 V202          -0.227         0.417         0.446         1.000
 V203          -0.296         0.293         0.480         0.464         1.000


     MAXIMUM LOG-LIKELIHOOD VALUE FOR THE UNRESTRICTED (H1) MODEL IS -15129.411


UNIVARIATE SAMPLE STATISTICS


     UNIVARIATE HIGHER-ORDER MOMENT DESCRIPTIVE STATISTICS FOR SM

         Variable/         Mean/     Skewness/   Minimum/ % with                Percentiles
        Sample Size      Variance    Kurtosis    Maximum  Min/Max      20%/60%    40%/80%    Median

     V199                  2.621       0.603       1.000   13.65%       2.000      2.000      2.000
            1473.000       1.377      -0.614       5.000    9.16%       3.000      4.000
     V200                  3.603      -0.661       1.000    2.43%       3.000      4.000      4.000
            1483.000       1.026      -0.312       5.000   15.51%       4.000      4.000
     V201                  3.682      -0.563       1.000    2.09%       3.000      4.000      4.000
            1483.000       1.062      -0.417       5.000   21.98%       4.000      5.000
     V202                  3.580      -0.695       1.000    5.46%       2.000      4.000      4.000
            1484.000       1.347      -0.560       5.000   20.01%       4.000      4.000
     V203                  3.847      -0.786       1.000    1.58%       3.000      4.000      4.000
            1460.000       1.023      -0.087       5.000   27.33%       4.000      5.000


     UNIVARIATE HIGHER-ORDER MOMENT DESCRIPTIVE STATISTICS FOR MM

         Variable/         Mean/     Skewness/   Minimum/ % with                Percentiles
        Sample Size      Variance    Kurtosis    Maximum  Min/Max      20%/60%    40%/80%    Median

     V199                  2.794       0.379       1.000   11.62%       2.000      2.000      3.000
             637.000       1.422      -0.853       5.000   10.99%       3.000      4.000
     V200                  3.557      -0.537       1.000    2.81%       2.000      4.000      4.000
             641.000       1.099      -0.526       5.000   16.69%       4.000      4.000
     V201                  3.808      -0.692       1.000    2.59%       3.000      4.000      4.000
             656.000       1.076      -0.135       5.000   28.51%       4.000      5.000
     V202                  3.641      -0.706       1.000    6.32%       2.000      4.000      4.000
             649.000       1.460      -0.569       5.000   26.04%       4.000      5.000
     V203                  3.892      -0.981       1.000    3.80%       3.000      4.000      4.000
             632.000       1.223       0.156       5.000   33.23%       4.000      5.000


THE MODEL ESTIMATION TERMINATED NORMALLY



MODEL FIT INFORMATION

Number of Free Parameters                       30

Loglikelihood

          H0 Value                      -15176.118
          H1 Value                      -15129.411

Information Criteria

          Akaike (AIC)                   30412.237
          Bayesian (BIC)                 30582.545
          Sample-Size Adjusted BIC       30487.231
            (n* = (n + 2) / 24)

Chi-Square Test of Model Fit

          Value                             93.415
          Degrees of Freedom                    10
          P-Value                           0.0000

Chi-Square Contribution From Each Group

          SM                                69.373
          MM                                24.042

RMSEA (Root Mean Square Error Of Approximation)

          Estimate                           0.088
          90 Percent C.I.                    0.072  0.105
          Probability RMSEA <= .05           0.000

CFI/TLI

          CFI                                0.947
          TLI                                0.894

Chi-Square Test of Model Fit for the Baseline Model

          Value                           1596.712
          Degrees of Freedom                    20
          P-Value                           0.0000

SRMR (Standardized Root Mean Square Residual)

          Value                              0.033



MODEL RESULTS

                                                    Two-Tailed
                    Estimate       S.E.  Est./S.E.    P-Value

Group SM

 F1       BY
    V199               1.000      0.000    999.000    999.000
    V200              -1.017      0.096    -10.643      0.000
    V201              -1.237      0.108    -11.416      0.000
    V202              -1.361      0.118    -11.558      0.000
    V203              -1.305      0.108    -12.072      0.000

 Means
    F1                 0.000      0.000    999.000    999.000

 Intercepts
    V199               2.623      0.031     85.823      0.000
    V200               3.602      0.026    136.992      0.000
    V201               3.681      0.027    137.562      0.000
    V202               3.579      0.030    118.784      0.000
    V203               3.840      0.026    145.378      0.000

 Variances
    F1                 0.243      0.035      6.893      0.000

 Residual Variances
    V199               1.135      0.046     24.426      0.000
    V200               0.775      0.034     22.791      0.000
    V201               0.691      0.034     20.268      0.000
    V202               0.898      0.045     20.001      0.000
    V203               0.609      0.034     17.874      0.000

Group MM

 F1       BY
    V199               1.000      0.000    999.000    999.000
    V200              -1.268      0.200     -6.334      0.000
    V201              -1.683      0.236     -7.121      0.000
    V202              -2.097      0.296     -7.084      0.000
    V203              -1.884      0.258     -7.296      0.000

 Means
    F1                 0.000      0.000    999.000    999.000

 Intercepts
    V199               2.796      0.047     59.304      0.000
    V200               3.546      0.041     85.747      0.000
    V201               3.802      0.040     94.021      0.000
    V202               3.630      0.047     76.757      0.000
    V203               3.875      0.044     88.562      0.000

 Variances
    F1                 0.165      0.043      3.828      0.000

 Residual Variances
    V199               1.256      0.074     17.021      0.000
    V200               0.838      0.053     15.831      0.000
    V201               0.609      0.047     13.061      0.000
    V202               0.738      0.065     11.297      0.000
    V203               0.644      0.054     11.858      0.000


STANDARDIZED MODEL RESULTS


STDYX Standardization

                                                    Two-Tailed
                    Estimate       S.E.  Est./S.E.    P-Value

Group SM

 F1       BY
    V199               0.420      0.028     15.145      0.000
    V200              -0.495      0.027    -18.431      0.000
    V201              -0.592      0.025    -23.908      0.000
    V202              -0.578      0.026    -22.111      0.000
    V203              -0.636      0.025    -25.343      0.000

 Means
    F1                 0.000      0.000    999.000    999.000

 Intercepts
    V199               2.235      0.049     45.925      0.000
    V200               3.556      0.070     50.583      0.000
    V201               3.571      0.071     50.599      0.000
    V202               3.083      0.062     49.480      0.000
    V203               3.796      0.075     50.550      0.000

 Variances
    F1                 1.000      0.000    999.000    999.000

 Residual Variances
    V199               0.824      0.023     35.366      0.000
    V200               0.755      0.027     28.423      0.000
    V201               0.650      0.029     22.183      0.000
    V202               0.666      0.030     22.068      0.000
    V203               0.595      0.032     18.650      0.000

Group MM

 F1       BY
    V199               0.341      0.042      8.186      0.000
    V200              -0.490      0.038    -12.903      0.000
    V201              -0.659      0.032    -20.766      0.000
    V202              -0.704      0.032    -22.239      0.000
    V203              -0.690      0.032    -21.737      0.000

 Means
    F1                 0.000      0.000    999.000    999.000

 Intercepts
    V199               2.345      0.077     30.623      0.000
    V200               3.377      0.103     32.818      0.000
    V201               3.663      0.109     33.716      0.000
    V202               3.001      0.092     32.494      0.000
    V203               3.495      0.107     32.777      0.000

 Variances
    F1                 1.000      0.000    999.000    999.000

 Residual Variances
    V199               0.884      0.028     31.155      0.000
    V200               0.759      0.037     20.370      0.000
    V201               0.566      0.042     13.531      0.000
    V202               0.504      0.045     11.302      0.000
    V203               0.524      0.044     11.948      0.000


R-SQUARE

Group SM

    Observed                                        Two-Tailed
    Variable        Estimate       S.E.  Est./S.E.    P-Value

    V199               0.176      0.023      7.573      0.000
    V200               0.245      0.027      9.215      0.000
    V201               0.350      0.029     11.954      0.000
    V202               0.334      0.030     11.055      0.000
    V203               0.405      0.032     12.672      0.000

Group MM

    Observed                                        Two-Tailed
    Variable        Estimate       S.E.  Est./S.E.    P-Value

    V199               0.116      0.028      4.093      0.000
    V200               0.241      0.037      6.452      0.000
    V201               0.434      0.042     10.383      0.000
    V202               0.496      0.045     11.119      0.000
    V203               0.476      0.044     10.868      0.000


QUALITY OF NUMERICAL RESULTS

     Condition Number for the Information Matrix              0.583E-03
       (ratio of smallest to largest eigenvalue)


MODEL MODIFICATION INDICES

NOTE:  Modification indices for direct effects of observed dependent variables
regressed on covariates may not be included.  To include these, request
MODINDICES (ALL).

Minimum M.I. value for printing the modification index    10.000

                                   M.I.     E.P.C.  Std E.P.C.  StdYX E.P.C.
Group SM


WITH Statements

V202     WITH V200                45.032     0.198      0.198        0.238
V203     WITH V201                33.668     0.178      0.178        0.275
V203     WITH V202                34.276    -0.199     -0.199       -0.269

Group MM


WITH Statements

V202     WITH V200                17.090     0.188      0.188        0.239



DIAGRAM INFORMATION

  Use View Diagram under the Diagram menu in the Mplus Editor to view the diagram.
  If running Mplus from the Mplus Diagrammer, the diagram opens automatically.

  Diagram output
    c:\users\msassac6\dropbox (the university of manchester)\papers\joe s\evs_mm_de_equivalence\mplus\eq\inv_data3_v199_

     Beginning Time:  14:43:19
        Ending Time:  14:43:20
       Elapsed Time:  00:00:01



MUTHEN & MUTHEN
3463 Stoner Ave.
Los Angeles, CA  90066

Tel: (310) 391-9971
Fax: (310) 391-8971
Web: www.StatModel.com
Support: Support@StatModel.com

Copyright (c) 1998-2017 Muthen & Muthen
