Mplus VERSION 8
MUTHEN & MUTHEN
07/13/2020   8:31 AM

INPUT INSTRUCTIONS

  TITLE: Your title goes here

   DATA: FILE = eq/data.dta;

   VARIABLE:

   NAMES = id_cocas weight comp_mode comp_len mode mm_matrix_group wei_mmf v2 v3 v4 v32
       v33 v34 v35 v36 v37 v46 v47 v48 v49 v50 v65 v66 v67 v68 v69 v70 v82 v83 v84 v98
       v99 v100 v101 v103 v104 v105 v106 v107 v115 v116 v117 v118 v119 v120 v121 v122
       v123 v124 v125 v126 v127 v128 v129 v130 v131 v132 v133 v134 v135 v136 v137 v138
       v139 v140 v141 v145 v146 v147 v148 v149 v150 v151 v152 v153 v154 v155 v156 v157
       v158 v159 v160 v161 v162 v163 v164 v165 v166 v167 v176 v177 v178 v179 v180 v181
       v182 v183 v185 v186 v187 v188 v189 v191 v192 v193 v194 v195 v196 v197 v199 v200
       v201 v202 v203 v205 v206 v207 v208 v209 v210 v211 v212 v213 v214 v215 v216 v217
       v218 v220 v221 v222 v223 v224 v267 v268 v269 v271 v272 v273;

   MISSING=.;

   USEVARIABLES ARE
   v149
   v150
   v152
   v159
   v162;

   GROUPING IS comp_len (0=full 1=short);

  WEIGHT IS weight;

   Analysis:

                  ESTIMATOR = MLR;
  Model:


  f1 BY v149@1
  v150 (L2_full)
  v152 (L3_full)
  v159 (L4_full)
  v162 (L5_full)
  ;


   [f1@0];[v149] (i1_full);
  [v150] (i2_full);
  [v152] (i3_full);
  [v159] (i4_full);
  [v162] (i5_full);


  Model short:

  f1 BY v149@1
  v150 (L2_short)
  v152 (L3_short)
  v159 (L4_short)
  v162 (L5_short)
  ;


   [f1@0];[v149] (i1_short);
  [v150] (i2_short);
  [v152] (i3_short);
  [v159] (i4_short);
  [v162] (i5_short);


   SAVEDATA: DIFFTEST IS v149_config.dat;

   OUTPUT: SAMPSTAT;

                                  MODINDICES;

                                  STDYX;




*** WARNING in SAVEDATA command
  The DIFFTEST option is available only for the estimators MLMV, WLSMV and ULSMV.
  Request for DIFFTEST will be ignored.
*** WARNING
  Data set contains unknown or missing values for GROUPING,
  PATTERN, COHORT, CLUSTER and/or STRATIFICATION variables.
  Number of cases with unknown or missing values:  1494
*** WARNING
  Data set contains cases with missing on all variables.
  These cases were not included in the analysis.
  Number of cases with missing on all variables:  1653
   3 WARNING(S) FOUND IN THE INPUT INSTRUCTIONS



Your title goes here

SUMMARY OF ANALYSIS

Number of groups                                                 2
Number of observations
   Group FULL                                                  670
   Group SHORT                                                1599
   Total sample size                                          2269

Number of dependent variables                                    5
Number of independent variables                                  0
Number of continuous latent variables                            1

Observed dependent variables

  Continuous
   V149        V150        V152        V159        V162

Continuous latent variables
   F1

Variables with special functions

  Grouping variable     COMP_LEN
  Weight variable       WEIGHT

Estimator                                                      MLR
Information matrix                                        OBSERVED
Maximum number of iterations                                  1000
Convergence criterion                                    0.500D-04
Maximum number of steepest descent iterations                   20
Maximum number of iterations for H1                           2000
Convergence criterion for H1                             0.100D-03

Input data file(s)
  eq/data.dta

Input data format  FREE


SUMMARY OF DATA

   Group FULL
     Number of missing data patterns            16

   Group SHORT
     Number of missing data patterns            24


COVARIANCE COVERAGE OF DATA

Minimum covariance coverage value   0.100


     PROPORTION OF DATA PRESENT FOR FULL


           Covariance Coverage
              V149          V150          V152          V159          V162
              ________      ________      ________      ________      ________
 V149           0.967
 V150           0.955         0.976
 V152           0.954         0.964         0.982
 V159           0.960         0.969         0.978         0.991
 V162           0.945         0.949         0.952         0.960         0.969


     PROPORTION OF DATA PRESENT FOR SHORT


           Covariance Coverage
              V149          V150          V152          V159          V162
              ________      ________      ________      ________      ________
 V149           0.977
 V150           0.966         0.980
 V152           0.968         0.971         0.984
 V159           0.966         0.967         0.972         0.984
 V162           0.946         0.947         0.953         0.957         0.964


SAMPLE STATISTICS


     ESTIMATED SAMPLE STATISTICS FOR FULL


           Means
              V149          V150          V152          V159          V162
              ________      ________      ________      ________      ________
                1.610         1.613         1.384         2.129         1.591


           Covariances
              V149          V150          V152          V159          V162
              ________      ________      ________      ________      ________
 V149           2.190
 V150           0.910         2.445
 V152           0.612         0.634         1.434
 V159           0.887         0.691         0.883         4.333
 V162           0.534         0.454         0.767         1.520         3.028


           Correlations
              V149          V150          V152          V159          V162
              ________      ________      ________      ________      ________
 V149           1.000
 V150           0.393         1.000
 V152           0.345         0.338         1.000
 V159           0.288         0.212         0.354         1.000
 V162           0.207         0.167         0.368         0.420         1.000


     ESTIMATED SAMPLE STATISTICS FOR SHORT


           Means
              V149          V150          V152          V159          V162
              ________      ________      ________      ________      ________
                1.889         1.736         1.502         2.245         1.542


           Covariances
              V149          V150          V152          V159          V162
              ________      ________      ________      ________      ________
 V149           3.180
 V150           1.063         2.589
 V152           0.710         1.096         1.757
 V159           0.908         1.221         0.957         4.463
 V162           0.501         0.611         0.606         0.996         2.277


           Correlations
              V149          V150          V152          V159          V162
              ________      ________      ________      ________      ________
 V149           1.000
 V150           0.371         1.000
 V152           0.301         0.514         1.000
 V159           0.241         0.359         0.342         1.000
 V162           0.186         0.252         0.303         0.312         1.000


     MAXIMUM LOG-LIKELIHOOD VALUE FOR THE UNRESTRICTED (H1) MODEL IS -20137.270


UNIVARIATE SAMPLE STATISTICS


     UNIVARIATE HIGHER-ORDER MOMENT DESCRIPTIVE STATISTICS FOR FULL

         Variable/         Mean/     Skewness/   Minimum/ % with                Percentiles
        Sample Size      Variance    Kurtosis    Maximum  Min/Max      20%/60%    40%/80%    Median

     V149                  1.602       3.467       1.000   76.39%       1.000      1.000      1.000
             648.000       2.175      13.666      10.000    0.93%       1.000      2.000
     V150                  1.614       3.490       1.000   74.01%       1.000      1.000      1.000
             654.000       2.447      13.084      10.000    0.76%       1.000      2.000
     V152                  1.382       4.558       1.000   82.67%       1.000      1.000      1.000
             658.000       1.432      23.969      10.000    0.61%       1.000      1.000
     V159                  2.126       2.289       1.000   62.50%       1.000      1.000      1.000
             664.000       4.323       4.873      10.000    2.11%       1.000      3.000
     V162                  1.587       3.686       1.000   81.66%       1.000      1.000      1.000
             649.000       3.026      13.447      10.000    2.16%       1.000      1.000


     UNIVARIATE HIGHER-ORDER MOMENT DESCRIPTIVE STATISTICS FOR SHORT

         Variable/         Mean/     Skewness/   Minimum/ % with                Percentiles
        Sample Size      Variance    Kurtosis    Maximum  Min/Max      20%/60%    40%/80%    Median

     V149                  1.874       2.654       1.000   69.55%       1.000      1.000      1.000
            1563.000       3.143       7.274      10.000    1.28%       1.000      2.000
     V150                  1.733       3.071       1.000   70.64%       1.000      1.000      1.000
            1567.000       2.588      10.292      10.000    0.89%       1.000      2.000
     V152                  1.487       3.694       1.000   81.12%       1.000      1.000      1.000
            1573.000       1.717      15.645      10.000    0.51%       1.000      1.000
     V159                  2.230       1.987       1.000   60.17%       1.000      1.000      1.000
            1574.000       4.422       3.422      10.000    1.97%       1.000      3.000
     V162                  1.529       3.687       1.000   81.78%       1.000      1.000      1.000
            1542.000       2.263      14.467      10.000    1.04%       1.000      1.000


THE MODEL ESTIMATION TERMINATED NORMALLY



MODEL FIT INFORMATION

Number of Free Parameters                       30

Loglikelihood

          H0 Value                      -20184.337
          H0 Scaling Correction Factor      5.0795
            for MLR
          H1 Value                      -20137.270
          H1 Scaling Correction Factor      4.3367
            for MLR

Information Criteria

          Akaike (AIC)                   40428.674
          Bayesian (BIC)                 40600.486
          Sample-Size Adjusted BIC       40505.171
            (n* = (n + 2) / 24)

Chi-Square Test of Model Fit

          Value                             44.647*
          Degrees of Freedom                    10
          P-Value                           0.0000
          Scaling Correction Factor         2.1084
            for MLR

Chi-Square Contribution From Each Group

          FULL                              25.477
          SHORT                             19.169

*   The chi-square value for MLM, MLMV, MLR, ULSMV, WLSM and WLSMV cannot be used
    for chi-square difference testing in the regular way.  MLM, MLR and WLSM
    chi-square difference testing is described on the Mplus website.  MLMV, WLSMV,
    and ULSMV difference testing is done using the DIFFTEST option.

RMSEA (Root Mean Square Error Of Approximation)

          Estimate                           0.055
          90 Percent C.I.                    0.039  0.072
          Probability RMSEA <= .05           0.274

CFI/TLI

          CFI                                0.927
          TLI                                0.853

Chi-Square Test of Model Fit for the Baseline Model

          Value                            492.942
          Degrees of Freedom                    20
          P-Value                           0.0000

SRMR (Standardized Root Mean Square Residual)

          Value                              0.036



MODEL RESULTS

                                                    Two-Tailed
                    Estimate       S.E.  Est./S.E.    P-Value

Group FULL

 F1       BY
    V149               1.000      0.000    999.000    999.000
    V150               0.937      0.152      6.171      0.000
    V152               1.015      0.185      5.482      0.000
    V159               1.536      0.406      3.782      0.000
    V162               1.214      0.288      4.216      0.000

 Means
    F1                 0.000      0.000    999.000    999.000

 Intercepts
    V149               1.603      0.063     25.323      0.000
    V150               1.613      0.077     21.022      0.000
    V152               1.383      0.051     26.886      0.000
    V159               2.126      0.089     23.809      0.000
    V162               1.593      0.077     20.693      0.000

 Variances
    F1                 0.609      0.278      2.189      0.029

 Residual Variances
    V149               1.560      0.271      5.748      0.000
    V150               1.909      0.523      3.653      0.000
    V152               0.806      0.152      5.307      0.000
    V159               2.883      0.437      6.604      0.000
    V162               2.144      0.454      4.718      0.000

Group SHORT

 F1       BY
    V149               1.000      0.000    999.000    999.000
    V150               1.385      0.142      9.763      0.000
    V152               1.089      0.126      8.617      0.000
    V159               1.306      0.180      7.262      0.000
    V162               0.762      0.133      5.726      0.000

 Means
    F1                 0.000      0.000    999.000    999.000

 Intercepts
    V149               1.889      0.054     34.765      0.000
    V150               1.734      0.051     34.194      0.000
    V152               1.502      0.038     39.333      0.000
    V159               2.245      0.062     36.146      0.000
    V162               1.544      0.044     35.166      0.000

 Variances
    F1                 0.707      0.149      4.731      0.000

 Residual Variances
    V149               2.469      0.274      9.018      0.000
    V150               1.234      0.212      5.824      0.000
    V152               0.919      0.125      7.378      0.000
    V159               3.260      0.280     11.640      0.000
    V162               1.872      0.241      7.756      0.000


STANDARDIZED MODEL RESULTS


STDYX Standardization

                                                    Two-Tailed
                    Estimate       S.E.  Est./S.E.    P-Value

Group FULL

 F1       BY
    V149               0.530      0.098      5.427      0.000
    V150               0.468      0.130      3.611      0.000
    V152               0.662      0.091      7.237      0.000
    V159               0.577      0.070      8.256      0.000
    V162               0.543      0.088      6.164      0.000

 Means
    F1                 0.000      0.000    999.000    999.000

 Intercepts
    V149               1.088      0.057     19.030      0.000
    V150               1.032      0.066     15.723      0.000
    V152               1.156      0.090     12.797      0.000
    V159               1.023      0.029     35.162      0.000
    V162               0.914      0.040     22.667      0.000

 Variances
    F1                 1.000      0.000    999.000    999.000

 Residual Variances
    V149               0.719      0.103      6.954      0.000
    V150               0.781      0.121      6.451      0.000
    V152               0.562      0.121      4.648      0.000
    V159               0.667      0.081      8.279      0.000
    V162               0.705      0.096      7.361      0.000

Group SHORT

 F1       BY
    V149               0.472      0.047      9.966      0.000
    V150               0.724      0.043     16.694      0.000
    V152               0.691      0.045     15.189      0.000
    V159               0.520      0.041     12.600      0.000
    V162               0.424      0.063      6.774      0.000

 Means
    F1                 0.000      0.000    999.000    999.000

 Intercepts
    V149               1.060      0.026     41.365      0.000
    V150               1.078      0.036     29.548      0.000
    V152               1.133      0.041     27.861      0.000
    V159               1.062      0.018     58.408      0.000
    V162               1.022      0.034     29.801      0.000

 Variances
    F1                 1.000      0.000    999.000    999.000

 Residual Variances
    V149               0.777      0.045     17.400      0.000
    V150               0.476      0.063      7.595      0.000
    V152               0.523      0.063      8.321      0.000
    V159               0.730      0.043     17.029      0.000
    V162               0.820      0.053     15.461      0.000


R-SQUARE

Group FULL

    Observed                                        Two-Tailed
    Variable        Estimate       S.E.  Est./S.E.    P-Value

    V149               0.281      0.103      2.714      0.007
    V150               0.219      0.121      1.805      0.071
    V152               0.438      0.121      3.619      0.000
    V159               0.333      0.081      4.128      0.000
    V162               0.295      0.096      3.082      0.002

Group SHORT

    Observed                                        Two-Tailed
    Variable        Estimate       S.E.  Est./S.E.    P-Value

    V149               0.223      0.045      4.983      0.000
    V150               0.524      0.063      8.347      0.000
    V152               0.477      0.063      7.594      0.000
    V159               0.270      0.043      6.300      0.000
    V162               0.180      0.053      3.387      0.001


QUALITY OF NUMERICAL RESULTS

     Condition Number for the Information Matrix              0.972E-02
       (ratio of smallest to largest eigenvalue)


MODEL MODIFICATION INDICES

NOTE:  Modification indices for direct effects of observed dependent variables
regressed on covariates may not be included.  To include these, request
MODINDICES (ALL).

Minimum M.I. value for printing the modification index    10.000

                                   M.I.     E.P.C.  Std E.P.C.  StdYX E.P.C.
Group FULL


WITH Statements

V150     WITH V149                11.438     0.418      0.418        0.242
V162     WITH V159                13.238     0.738      0.738        0.297

Group SHORT


WITH Statements

V162     WITH V159                12.568     0.375      0.375        0.152



DIAGRAM INFORMATION

  Use View Diagram under the Diagram menu in the Mplus Editor to view the diagram.
  If running Mplus from the Mplus Diagrammer, the diagram opens automatically.

  Diagram output
    c:\users\msassac6\dropbox (the university of manchester)\papers\joe s\evs_mm_de_equivalence\mplus\eq\inv_data3_v149_

     Beginning Time:  08:31:10
        Ending Time:  08:31:10
       Elapsed Time:  00:00:00



MUTHEN & MUTHEN
3463 Stoner Ave.
Los Angeles, CA  90066

Tel: (310) 391-9971
Fax: (310) 391-8971
Web: www.StatModel.com
Support: Support@StatModel.com

Copyright (c) 1998-2017 Muthen & Muthen
