Mplus VERSION 8
MUTHEN & MUTHEN
07/13/2020   8:33 AM

INPUT INSTRUCTIONS

  TITLE: Your title goes here

   DATA: FILE = eq/data.dta;

   VARIABLE:

   NAMES = id_cocas weight comp_mode comp_len mode mm_matrix_group wei_mmf v2 v3 v4 v32
       v33 v34 v35 v36 v37 v46 v47 v48 v49 v50 v65 v66 v67 v68 v69 v70 v82 v83 v84 v98
       v99 v100 v101 v103 v104 v105 v106 v107 v115 v116 v117 v118 v119 v120 v121 v122
       v123 v124 v125 v126 v127 v128 v129 v130 v131 v132 v133 v134 v135 v136 v137 v138
       v139 v140 v141 v145 v146 v147 v148 v149 v150 v151 v152 v153 v154 v155 v156 v157
       v158 v159 v160 v161 v162 v163 v164 v165 v166 v167 v176 v177 v178 v179 v180 v181
       v182 v183 v185 v186 v187 v188 v189 v191 v192 v193 v194 v195 v196 v197 v199 v200
       v201 v202 v203 v205 v206 v207 v208 v209 v210 v211 v212 v213 v214 v215 v216 v217
       v218 v220 v221 v222 v223 v224 v267 v268 v269 v271 v272 v273;

   MISSING=.;

   USEVARIABLES ARE
   v65
   v66
   v67
   v68
   v69
   v70;

   CATEGORICAL ARE
   v65
   v66
   v67
   v68
   v69
   v70;

   GROUPING IS comp_len (0=full 1=short);

  WEIGHT IS weight;

   Analysis:

                  ESTIMATOR = WLSMV;

                  ITERATIONS = 100000;

                  PARAMETERIZATION = THETA;

  Model:


  f1 BY v65@1
  v66 (L2_full)
  v67 (L3_full)
  v68 (L4_full)
  v69 (L5_full)
  v70 (L6_full)
  ;


   [f1@0];
  [v65$1] (t_v65_1);
  [v65$2] (t_v65_2);

  [v66$1] (t_v66_1);
  [v66$2] (t_v66_2_full);

  [v67$1] (t_v67_1);
  [v67$2] (t_v67_2_full);

  [v68$1] (t_v68_1);
  [v68$2] (t_v68_2_full);

  [v69$1] (t_v69_1);
  [v69$2] (t_v69_2_full);

  [v70$1] (t_v70_1);
  [v70$2] (t_v70_2_full);


  Model short:

  f1 BY v65@1
  v66 (L2_short)
  v67 (L3_short)
  v68 (L4_short)
  v69 (L5_short)
  v70 (L6_short)
  ;


   [f1@0];
  [v65$1] (t_v65_1);
  [v65$2] (t_v65_2);

  [v66$1] (t_v66_1);
  [v66$2] (t_v66_2_short);

  [v67$1] (t_v67_1);
  [v67$2] (t_v67_2_short);

  [v68$1] (t_v68_1);
  [v68$2] (t_v68_2_short);

  [v69$1] (t_v69_1);
  [v69$2] (t_v69_2_short);

  [v70$1] (t_v70_1);
  [v70$2] (t_v70_2_short);


   SAVEDATA: DIFFTEST IS v65_config.dat;

   OUTPUT: SAMPSTAT;

                                  MODINDICES;

                                  STDYX;




*** WARNING
  Data set contains unknown or missing values for GROUPING,
  PATTERN, COHORT, CLUSTER and/or STRATIFICATION variables.
  Number of cases with unknown or missing values:  1494
*** WARNING
  Data set contains cases with missing on all variables.
  These cases were not included in the analysis.
  Number of cases with missing on all variables:  1623
   2 WARNING(S) FOUND IN THE INPUT INSTRUCTIONS



Your title goes here

SUMMARY OF ANALYSIS

Number of groups                                                 2
Number of observations
   Group FULL                                                  673
   Group SHORT                                                1626
   Total sample size                                          2299

Number of dependent variables                                    6
Number of independent variables                                  0
Number of continuous latent variables                            1

Observed dependent variables

  Binary and ordered categorical (ordinal)
   V65         V66         V67         V68         V69         V70

Continuous latent variables
   F1

Variables with special functions

  Grouping variable     COMP_LEN
  Weight variable       WEIGHT

Estimator                                                    WLSMV
Maximum number of iterations                                100000
Convergence criterion                                    0.500D-04
Maximum number of steepest descent iterations                   20
Maximum number of iterations for H1                           2000
Convergence criterion for H1                             0.100D-03
Parameterization                                             THETA
Link                                                        PROBIT

Input data file(s)
  eq/data.dta

Input data format  FREE


SUMMARY OF DATA

   Group FULL
     Number of missing data patterns            23

   Group SHORT
     Number of missing data patterns            25


COVARIANCE COVERAGE OF DATA

Minimum covariance coverage value   0.100


     PROPORTION OF DATA PRESENT FOR FULL


           Covariance Coverage
              V65           V66           V67           V68           V69
              ________      ________      ________      ________      ________
 V65            0.991
 V66            0.964         0.972
 V67            0.957         0.954         0.966
 V68            0.970         0.963         0.958         0.979
 V69            0.911         0.902         0.899         0.905         0.915
 V70            0.972         0.960         0.954         0.966         0.906


           Covariance Coverage
              V70
              ________
 V70            0.981


     PROPORTION OF DATA PRESENT FOR SHORT


           Covariance Coverage
              V65           V66           V67           V68           V69
              ________      ________      ________      ________      ________
 V65            0.993
 V66            0.970         0.975
 V67            0.983         0.967         0.990
 V68            0.969         0.953         0.966         0.974
 V69            0.923         0.911         0.921         0.911         0.928
 V70            0.977         0.961         0.974         0.962         0.916


           Covariance Coverage
              V70
              ________
 V70            0.982


UNIVARIATE PROPORTIONS AND COUNTS FOR CATEGORICAL VARIABLES

  Group FULL
    V65
      Category 1    0.843          562.805
      Category 2    0.144           96.394
      Category 3    0.013            8.621
    V66
      Category 1    0.234          152.633
      Category 2    0.499          325.492
      Category 3    0.267          173.959
    V67
      Category 1    0.327          212.134
      Category 2    0.602          389.896
      Category 3    0.071           46.049
    V68
      Category 1    0.283          185.404
      Category 2    0.540          354.191
      Category 3    0.177          115.965
    V69
      Category 1    0.590          361.591
      Category 2    0.265          162.226
      Category 3    0.146           89.226
    V70
      Category 1    0.401          264.127
      Category 2    0.497          327.922
      Category 3    0.102           67.120

  Group SHORT
    V65
      Category 1    0.827         1336.954
      Category 2    0.157          253.588
      Category 3    0.016           25.782
    V66
      Category 1    0.213          336.729
      Category 2    0.519          822.052
      Category 3    0.268          425.268
    V67
      Category 1    0.320          514.435
      Category 2    0.582          935.471
      Category 3    0.098          157.712
    V68
      Category 1    0.304          480.513
      Category 2    0.522          825.058
      Category 3    0.174          275.163
    V69
      Category 1    0.512          771.560
      Category 2    0.314          473.064
      Category 3    0.174          262.286
    V70
      Category 1    0.359          571.034
      Category 2    0.535          850.510
      Category 3    0.106          168.874


SAMPLE STATISTICS


     ESTIMATED SAMPLE STATISTICS FOR FULL


           MEANS/INTERCEPTS/THRESHOLDS
              V65$1         V65$2         V66$1         V66$2         V67$1
              ________      ________      ________      ________      ________
                1.006         2.229        -0.726         0.623        -0.447


           MEANS/INTERCEPTS/THRESHOLDS
              V67$2         V68$1         V68$2         V69$1         V69$2
              ________      ________      ________      ________      ________
                1.468        -0.574         0.927         0.227         1.056


           MEANS/INTERCEPTS/THRESHOLDS
              V70$1         V70$2
              ________      ________
               -0.252         1.271


           CORRELATION MATRIX (WITH VARIANCES ON THE DIAGONAL)
              V65           V66           V67           V68           V69
              ________      ________      ________      ________      ________
 V65
 V66            0.067
 V67            0.204         0.679
 V68            0.176         0.183         0.306
 V69            0.321         0.251         0.343         0.046
 V70            0.205         0.134         0.152         0.225         0.128


           CORRELATION MATRIX (WITH VARIANCES ON THE DIAGONAL)
              V70
              ________


     ESTIMATED SAMPLE STATISTICS FOR SHORT


           MEANS/INTERCEPTS/THRESHOLDS
              V65$1         V65$2         V66$1         V66$2         V67$1
              ________      ________      ________      ________      ________
                0.943         2.146        -0.798         0.617        -0.468


           MEANS/INTERCEPTS/THRESHOLDS
              V67$2         V68$1         V68$2         V69$1         V69$2
              ________      ________      ________      ________      ________
                1.292        -0.513         0.938         0.030         0.938


           MEANS/INTERCEPTS/THRESHOLDS
              V70$1         V70$2
              ________      ________
               -0.361         1.247


           CORRELATION MATRIX (WITH VARIANCES ON THE DIAGONAL)
              V65           V66           V67           V68           V69
              ________      ________      ________      ________      ________
 V65
 V66            0.051
 V67            0.133         0.739
 V68            0.075         0.188         0.257
 V69            0.242         0.305         0.371         0.133
 V70            0.027         0.051         0.095         0.284         0.051


           CORRELATION MATRIX (WITH VARIANCES ON THE DIAGONAL)
              V70
              ________


THE MODEL ESTIMATION TERMINATED NORMALLY



MODEL FIT INFORMATION

Number of Free Parameters                       35

Chi-Square Test of Model Fit

          Value                            146.964*
          Degrees of Freedom                    19
          P-Value                           0.0000

Chi-Square Contribution From Each Group

          FULL                              42.091
          SHORT                            104.873

*   The chi-square value for MLM, MLMV, MLR, ULSMV, WLSM and WLSMV cannot be used
    for chi-square difference testing in the regular way.  MLM, MLR and WLSM
    chi-square difference testing is described on the Mplus website.  MLMV, WLSMV,
    and ULSMV difference testing is done using the DIFFTEST option.

RMSEA (Root Mean Square Error Of Approximation)

          Estimate                           0.077
          90 Percent C.I.                    0.065  0.088
          Probability RMSEA <= .05           0.000

CFI/TLI

          CFI                                0.948
          TLI                                0.918

Chi-Square Test of Model Fit for the Baseline Model

          Value                           2483.325
          Degrees of Freedom                    30
          P-Value                           0.0000

WRMR (Weighted Root Mean Square Residual)

          Value                              2.070



MODEL RESULTS

                                                    Two-Tailed
                    Estimate       S.E.  Est./S.E.    P-Value

Group FULL

 F1       BY
    V65                1.000      0.000    999.000    999.000
    V66                2.848      0.858      3.319      0.001
    V67               46.339    574.598      0.081      0.936
    V68                1.048      0.345      3.037      0.002
    V69                1.268      0.399      3.175      0.001
    V70                0.761      0.273      2.789      0.005

 Means
    F1                 0.000      0.000    999.000    999.000

 Thresholds
    V65$1              1.046      0.061     17.148      0.000
    V65$2              2.358      0.135     17.414      0.000
    V66$1             -0.976      0.096    -10.185      0.000
    V66$2              0.838      0.093      9.002      0.000
    V67$1             -6.585     81.081     -0.081      0.935
    V67$2             21.550    265.413      0.081      0.935
    V68$1             -0.605      0.062     -9.800      0.000
    V68$2              0.977      0.072     13.639      0.000
    V69$1              0.245      0.061      3.990      0.000
    V69$2              1.137      0.072     15.737      0.000
    V70$1             -0.259      0.057     -4.524      0.000
    V70$2              1.307      0.084     15.658      0.000

 Variances
    F1                 0.100      0.054      1.840      0.066

 Residual Variances
    V65                1.000      0.000    999.000    999.000
    V66                1.000      0.000    999.000    999.000
    V67                1.000      0.000    999.000    999.000
    V68                1.000      0.000    999.000    999.000
    V69                1.000      0.000    999.000    999.000
    V70                1.000      0.000    999.000    999.000

Group SHORT

 F1       BY
    V65                1.000      0.000    999.000    999.000
    V66                4.980      1.571      3.169      0.002
    V67               71.183    876.915      0.081      0.935
    V68                1.811      0.606      2.988      0.003
    V69               18.242     24.047      0.759      0.448
    V70                0.543      0.253      2.145      0.032

 Means
    F1                 0.000      0.000    999.000    999.000

 Thresholds
    V65$1              1.046      0.061     17.148      0.000
    V65$2              2.358      0.135     17.414      0.000
    V66$1             -0.976      0.096    -10.185      0.000
    V66$2              0.756      0.102      7.421      0.000
    V67$1             -6.585     81.081     -0.081      0.935
    V67$2             18.214    224.284      0.081      0.935
    V68$1             -0.605      0.062     -9.800      0.000
    V68$2              1.107      0.156      7.082      0.000
    V69$1              0.245      0.061      3.990      0.000
    V69$2              7.972     10.093      0.790      0.430
    V70$1             -0.259      0.057     -4.524      0.000
    V70$2              0.894      0.223      4.012      0.000

 Variances
    F1                 0.036      0.021      1.682      0.093

 Residual Variances
    V65                1.184      0.154      7.681      0.000
    V66                0.616      0.151      4.082      0.000
    V67               18.136    446.822      0.041      0.968
    V68                1.276      0.322      3.958      0.000
    V69               60.337    155.253      0.389      0.698
    V70                0.503      0.244      2.063      0.039


STANDARDIZED MODEL RESULTS


STDYX Standardization

                                                    Two-Tailed
                    Estimate       S.E.  Est./S.E.    P-Value

Group FULL

 F1       BY
    V65                0.301      0.074      4.048      0.000
    V66                0.669      0.047     14.331      0.000
    V67                0.998      0.057     17.416      0.000
    V68                0.315      0.054      5.872      0.000
    V69                0.372      0.052      7.156      0.000
    V70                0.234      0.057      4.075      0.000

 Means
    F1                 0.000      0.000    999.000    999.000

 Thresholds
    V65$1              0.997      0.053     18.644      0.000
    V65$2              2.249      0.122     18.453      0.000
    V66$1             -0.726      0.065    -11.239      0.000
    V66$2              0.623      0.061     10.244      0.000
    V67$1             -0.448      0.059     -7.588      0.000
    V67$2              1.468      0.084     17.427      0.000
    V68$1             -0.575      0.059     -9.694      0.000
    V68$2              0.927      0.065     14.159      0.000
    V69$1              0.227      0.057      4.023      0.000
    V69$2              1.056      0.064     16.515      0.000
    V70$1             -0.252      0.056     -4.506      0.000
    V70$2              1.271      0.079     16.060      0.000

 Variances
    F1                 1.000      0.000    999.000    999.000

 Residual Variances
    V65                0.909      0.045     20.258      0.000
    V66                0.552      0.062      8.840      0.000
    V67                0.005      0.114      0.041      0.968
    V68                0.901      0.034     26.744      0.000
    V69                0.862      0.039     22.279      0.000
    V70                0.945      0.027     35.216      0.000

Group SHORT

 F1       BY
    V65                0.171      0.049      3.489      0.000
    V66                0.768      0.031     24.635      0.000
    V67                0.953      0.034     28.127      0.000
    V68                0.290      0.033      8.740      0.000
    V69                0.405      0.033     12.155      0.000
    V70                0.143      0.036      4.012      0.000

 Means
    F1                 0.000      0.000    999.000    999.000

 Thresholds
    V65$1              0.947      0.039     24.393      0.000
    V65$2              2.135      0.093     23.016      0.000
    V66$1             -0.798      0.041    -19.462      0.000
    V66$2              0.617      0.038     16.202      0.000
    V67$1             -0.467      0.037    -12.559      0.000
    V67$2              1.292      0.050     25.671      0.000
    V68$1             -0.513      0.038    -13.390      0.000
    V68$2              0.938      0.041     22.919      0.000
    V69$1              0.029      0.036      0.793      0.428
    V69$2              0.938      0.041     22.928      0.000
    V70$1             -0.361      0.036    -10.052      0.000
    V70$2              1.247      0.048     26.193      0.000

 Variances
    F1                 1.000      0.000    999.000    999.000

 Residual Variances
    V65                0.971      0.017     58.023      0.000
    V66                0.411      0.048      8.589      0.000
    V67                0.091      0.065      1.413      0.158
    V68                0.916      0.019     47.755      0.000
    V69                0.836      0.027     30.943      0.000
    V70                0.980      0.010     96.251      0.000


R-SQUARE

Group FULL

    Observed                                        Two-Tailed     Scale
    Variable        Estimate       S.E.  Est./S.E.    P-Value     Factors

    V65                0.091      0.045      2.024      0.043      0.953
    V66                0.448      0.062      7.165      0.000      0.743
    V67                0.995      0.114      8.708      0.000      0.068
    V68                0.099      0.034      2.936      0.003      0.949
    V69                0.138      0.039      3.578      0.000      0.928
    V70                0.055      0.027      2.038      0.042      0.972

Group SHORT

    Observed                                        Two-Tailed     Scale
    Variable        Estimate       S.E.  Est./S.E.    P-Value     Factors

    V65                0.029      0.017      1.745      0.081      0.905
    V66                0.589      0.048     12.317      0.000      0.817
    V67                0.909      0.065     14.064      0.000      0.071
    V68                0.084      0.019      4.370      0.000      0.847
    V69                0.164      0.027      6.077      0.000      0.118
    V70                0.020      0.010      2.006      0.045      1.396


QUALITY OF NUMERICAL RESULTS

     Condition Number for the Information Matrix              0.223E-09
       (ratio of smallest to largest eigenvalue)


MODEL MODIFICATION INDICES

NOTE:  Modification indices for direct effects of observed dependent variables
regressed on covariates and residual covariances among observed dependent
variables may not be included.  To include these, request MODINDICES (ALL).

Minimum M.I. value for printing the modification index    10.000

                                   M.I.     E.P.C.  Std E.P.C.  StdYX E.P.C.
Group FULL


WITH Statements

V69      WITH V65                 15.524     0.277      0.277        0.277
V70      WITH V68                 10.408     0.181      0.181        0.181

Group SHORT


WITH Statements

V66      WITH V65                 12.132    -0.389     -0.389       -0.455
V67      WITH V66                 67.353    37.149     37.149       11.117
V69      WITH V65                 43.939     3.845      3.845        0.455
V70      WITH V66                 15.276    -0.225     -0.225       -0.404
V70      WITH V67                 10.254    -2.493     -2.493       -0.825
V70      WITH V68                237.740     0.664      0.664        0.829



SAVEDATA INFORMATION


  Difference testing

  Save file
    v65_config.dat
  Save format      Free

DIAGRAM INFORMATION

  Use View Diagram under the Diagram menu in the Mplus Editor to view the diagram.
  If running Mplus from the Mplus Diagrammer, the diagram opens automatically.

  Diagram output
    c:\users\msassac6\dropbox (the university of manchester)\papers\joe s\evs_mm_de_equivalence\mplus\eq\inv_data3_v65_c

     Beginning Time:  08:33:20
        Ending Time:  08:33:21
       Elapsed Time:  00:00:01



MUTHEN & MUTHEN
3463 Stoner Ave.
Los Angeles, CA  90066

Tel: (310) 391-9971
Fax: (310) 391-8971
Web: www.StatModel.com
Support: Support@StatModel.com

Copyright (c) 1998-2017 Muthen & Muthen
