Mplus VERSION 8
MUTHEN & MUTHEN
07/06/2020   2:39 PM

INPUT INSTRUCTIONS

  TITLE: Your title goes here

   DATA: FILE = eq/data.dta;

   VARIABLE:

   NAMES = id_cocas weight comp_mode comp_len mode mm_matrix_group wei_mmf v2 v3 v4 v32
       v33 v34 v35 v36 v37 v46 v47 v48 v49 v50 v65 v66 v67 v68 v69 v70 v82 v83 v84 v98
       v99 v100 v101 v103 v104 v105 v106 v107 v115 v116 v117 v118 v119 v120 v121 v122
       v123 v124 v125 v126 v127 v128 v129 v130 v131 v132 v133 v134 v135 v136 v137 v138
       v139 v140 v141 v145 v146 v147 v148 v149 v150 v151 v152 v153 v154 v155 v156 v157
       v158 v159 v160 v161 v162 v163 v164 v165 v166 v167 v176 v177 v178 v179 v180 v181
       v182 v183 v185 v186 v187 v188 v189 v191 v192 v193 v194 v195 v196 v197 v199 v200
       v201 v202 v203 v205 v206 v207 v208 v209 v210 v211 v212 v213 v214 v215 v216 v217
       v218 v220 v221 v222 v223 v224 v267 v268 v269 v271 v272 v273;

   MISSING=.;

   USEVARIABLES ARE
   v217
   v218
   v220;

   GROUPING IS comp_mode (0=sm 1=mm);

  Model:


  f1 BY v217@1
  v218 (L2)
  v220 (L3)
  ;

  [v217] (i1);
  [v218] (i2);
  [v220] (i3);

   [f1@0];

  Model mm:

  f1 BY v217@1
  v218 (L2)
  v220 (L3)
  ;

  [v217] (i1);
  [v218] (i2);
  [v220] (i3);

   [f1@0];

   SAVEDATA: DIFFTEST IS v217_scalar.dat;

   OUTPUT: SAMPSTAT;

                                  MODINDICES;

                                  STDYX;




*** WARNING in SAVEDATA command
  The DIFFTEST option is available only for the estimators MLMV, WLSMV and ULSMV.
  Request for DIFFTEST will be ignored.
*** WARNING
  Data set contains unknown or missing values for GROUPING,
  PATTERN, COHORT, CLUSTER and/or STRATIFICATION variables.
  Number of cases with unknown or missing values:  3244
*** WARNING
  Data set contains cases with missing on all variables.
  These cases were not included in the analysis.
  Number of cases with missing on all variables:  17
   3 WARNING(S) FOUND IN THE INPUT INSTRUCTIONS



Your title goes here

SUMMARY OF ANALYSIS

Number of groups                                                 2
Number of observations
   Group SM                                                   1492
   Group MM                                                    663
   Total sample size                                          2155

Number of dependent variables                                    3
Number of independent variables                                  0
Number of continuous latent variables                            1

Observed dependent variables

  Continuous
   V217        V218        V220

Continuous latent variables
   F1

Variables with special functions

  Grouping variable     COMP_MOD

Estimator                                                       ML
Information matrix                                        OBSERVED
Maximum number of iterations                                  1000
Convergence criterion                                    0.500D-04
Maximum number of steepest descent iterations                   20
Maximum number of iterations for H1                           2000
Convergence criterion for H1                             0.100D-03

Input data file(s)
  eq/data.dta

Input data format  FREE


SUMMARY OF DATA

   Group SM
     Number of missing data patterns             5

   Group MM
     Number of missing data patterns             5


COVARIANCE COVERAGE OF DATA

Minimum covariance coverage value   0.100


     PROPORTION OF DATA PRESENT FOR SM


           Covariance Coverage
              V217          V218          V220
              ________      ________      ________
 V217           0.999
 V218           0.991         0.991
 V220           0.993         0.986         0.993


     PROPORTION OF DATA PRESENT FOR MM


           Covariance Coverage
              V217          V218          V220
              ________      ________      ________
 V217           0.997
 V218           0.970         0.970
 V220           0.992         0.967         0.995


SAMPLE STATISTICS


     ESTIMATED SAMPLE STATISTICS FOR SM


           Means
              V217          V218          V220
              ________      ________      ________
                1.679         2.412         1.772


           Covariances
              V217          V218          V220
              ________      ________      ________
 V217           0.440
 V218           0.240         0.671
 V220           0.318         0.267         0.486


           Correlations
              V217          V218          V220
              ________      ________      ________
 V217           1.000
 V218           0.442         1.000
 V220           0.688         0.468         1.000


     ESTIMATED SAMPLE STATISTICS FOR MM


           Means
              V217          V218          V220
              ________      ________      ________
                1.664         2.560         1.765


           Covariances
              V217          V218          V220
              ________      ________      ________
 V217           0.555
 V218           0.234         0.740
 V220           0.418         0.283         0.606


           Correlations
              V217          V218          V220
              ________      ________      ________
 V217           1.000
 V218           0.365         1.000
 V220           0.720         0.423         1.000


     MAXIMUM LOG-LIKELIHOOD VALUE FOR THE UNRESTRICTED (H1) MODEL IS -6213.883


UNIVARIATE SAMPLE STATISTICS


     UNIVARIATE HIGHER-ORDER MOMENT DESCRIPTIVE STATISTICS FOR SM

         Variable/         Mean/     Skewness/   Minimum/ % with                Percentiles
        Sample Size      Variance    Kurtosis    Maximum  Min/Max      20%/60%    40%/80%    Median

     V217                  1.678       0.685       1.000   42.12%       1.000      1.000      2.000
            1491.000       0.437       0.445       5.000    0.07%       2.000      2.000
     V218                  2.409       0.389       1.000   10.69%       2.000      2.000      2.000
            1478.000       0.669       0.095       5.000    0.88%       3.000      3.000
     V220                  1.769       0.636       1.000   36.98%       1.000      2.000      2.000
            1482.000       0.484       0.431       5.000    0.13%       2.000      2.000


     UNIVARIATE HIGHER-ORDER MOMENT DESCRIPTIVE STATISTICS FOR MM

         Variable/         Mean/     Skewness/   Minimum/ % with                Percentiles
        Sample Size      Variance    Kurtosis    Maximum  Min/Max      20%/60%    40%/80%    Median

     V217                  1.664       0.983       1.000   47.81%       1.000      1.000      2.000
             661.000       0.556       0.616       4.000    2.42%       2.000      2.000
     V218                  2.558       0.216       1.000    9.49%       2.000      2.000      3.000
             643.000       0.738      -0.099       5.000    1.40%       3.000      3.000
     V220                  1.764       0.826       1.000   41.82%       1.000      1.000      2.000
             660.000       0.602       0.362       5.000    0.15%       2.000      2.000


THE MODEL ESTIMATION TERMINATED NORMALLY



MODEL FIT INFORMATION

Number of Free Parameters                       13

Loglikelihood

          H0 Value                       -6227.294
          H1 Value                       -6213.883

Information Criteria

          Akaike (AIC)                   12480.589
          Bayesian (BIC)                 12554.371
          Sample-Size Adjusted BIC       12513.068
            (n* = (n + 2) / 24)

Chi-Square Test of Model Fit

          Value                             26.823
          Degrees of Freedom                     5
          P-Value                           0.0001

Chi-Square Contribution From Each Group

          SM                                 7.526
          MM                                19.297

RMSEA (Root Mean Square Error Of Approximation)

          Estimate                           0.064
          90 Percent C.I.                    0.041  0.088
          Probability RMSEA <= .05           0.147

CFI/TLI

          CFI                                0.989
          TLI                                0.987

Chi-Square Test of Model Fit for the Baseline Model

          Value                           1955.971
          Degrees of Freedom                     6
          P-Value                           0.0000

SRMR (Standardized Root Mean Square Residual)

          Value                              0.058



MODEL RESULTS

                                                    Two-Tailed
                    Estimate       S.E.  Est./S.E.    P-Value

Group SM

 F1       BY
    V217               1.000      0.000    999.000    999.000
    V218               0.787      0.036     21.998      0.000
    V220               1.141      0.045     25.452      0.000

 Means
    F1                 0.000      0.000    999.000    999.000

 Intercepts
    V217               1.675      0.015    113.345      0.000
    V218               2.450      0.018    134.893      0.000
    V220               1.770      0.016    113.951      0.000

 Variances
    F1                 0.282      0.018     16.118      0.000

 Residual Variances
    V217               0.159      0.012     12.973      0.000
    V218               0.478      0.019     24.911      0.000
    V220               0.123      0.015      8.455      0.000

Group MM

 F1       BY
    V217               1.000      0.000    999.000    999.000
    V218               0.787      0.036     21.998      0.000
    V220               1.141      0.045     25.452      0.000

 Means
    F1                 0.000      0.000    999.000    999.000

 Intercepts
    V217               1.675      0.015    113.345      0.000
    V218               2.450      0.018    134.893      0.000
    V220               1.770      0.016    113.951      0.000

 Variances
    F1                 0.358      0.028     12.788      0.000

 Residual Variances
    V217               0.194      0.019     10.406      0.000
    V218               0.586      0.035     16.775      0.000
    V220               0.130      0.021      6.039      0.000


STANDARDIZED MODEL RESULTS


STDYX Standardization

                                                    Two-Tailed
                    Estimate       S.E.  Est./S.E.    P-Value

Group SM

 F1       BY
    V217               0.800      0.017     46.429      0.000
    V218               0.517      0.020     26.104      0.000
    V220               0.866      0.017     50.654      0.000

 Means
    F1                 0.000      0.000    999.000    999.000

 Intercepts
    V217               2.523      0.051     49.571      0.000
    V218               3.032      0.056     54.103      0.000
    V220               2.529      0.051     49.267      0.000

 Variances
    F1                 1.000      0.000    999.000    999.000

 Residual Variances
    V217               0.360      0.028     13.080      0.000
    V218               0.732      0.021     35.705      0.000
    V220               0.251      0.030      8.471      0.000

Group MM

 F1       BY
    V217               0.805      0.020     40.939      0.000
    V218               0.524      0.022     23.453      0.000
    V220               0.884      0.020     43.362      0.000

 Means
    F1                 0.000      0.000    999.000    999.000

 Intercepts
    V217               2.254      0.063     35.943      0.000
    V218               2.726      0.074     36.664      0.000
    V220               2.292      0.065     35.213      0.000

 Variances
    F1                 1.000      0.000    999.000    999.000

 Residual Variances
    V217               0.351      0.032     11.081      0.000
    V218               0.725      0.023     30.938      0.000
    V220               0.218      0.036      6.035      0.000


R-SQUARE

Group SM

    Observed                                        Two-Tailed
    Variable        Estimate       S.E.  Est./S.E.    P-Value

    V217               0.640      0.028     23.215      0.000
    V218               0.268      0.021     13.052      0.000
    V220               0.749      0.030     25.327      0.000

Group MM

    Observed                                        Two-Tailed
    Variable        Estimate       S.E.  Est./S.E.    P-Value

    V217               0.649      0.032     20.470      0.000
    V218               0.275      0.023     11.727      0.000
    V220               0.782      0.036     21.681      0.000


QUALITY OF NUMERICAL RESULTS

     Condition Number for the Information Matrix              0.158E-01
       (ratio of smallest to largest eigenvalue)


MODEL MODIFICATION INDICES

NOTE:  Modification indices for direct effects of observed dependent variables
regressed on covariates may not be included.  To include these, request
MODINDICES (ALL).

Minimum M.I. value for printing the modification index    10.000

                                   M.I.     E.P.C.  Std E.P.C.  StdYX E.P.C.
Group SM


Means/Intercepts/Thresholds

[ V218     ]                      18.255    -0.040     -0.040       -0.050

Group MM


Means/Intercepts/Thresholds

[ V218     ]                      18.250     0.114      0.114        0.127



DIAGRAM INFORMATION

  Use View Diagram under the Diagram menu in the Mplus Editor to view the diagram.
  If running Mplus from the Mplus Diagrammer, the diagram opens automatically.

  Diagram output
    c:\users\msassac6\dropbox (the university of manchester)\papers\joe s\evs_mm_de_equivalence\mplus\eq\inv_data3_v217_

     Beginning Time:  14:39:16
        Ending Time:  14:39:16
       Elapsed Time:  00:00:00



MUTHEN & MUTHEN
3463 Stoner Ave.
Los Angeles, CA  90066

Tel: (310) 391-9971
Fax: (310) 391-8971
Web: www.StatModel.com
Support: Support@StatModel.com

Copyright (c) 1998-2017 Muthen & Muthen
