Mplus VERSION 8
MUTHEN & MUTHEN
07/06/2020   2:38 PM

INPUT INSTRUCTIONS

  TITLE: Your title goes here

   DATA: FILE = eq/data.dta;

   VARIABLE:

   NAMES = id_cocas weight comp_mode comp_len mode mm_matrix_group wei_mmf v2 v3 v4 v32
       v33 v34 v35 v36 v37 v46 v47 v48 v49 v50 v65 v66 v67 v68 v69 v70 v82 v83 v84 v98
       v99 v100 v101 v103 v104 v105 v106 v107 v115 v116 v117 v118 v119 v120 v121 v122
       v123 v124 v125 v126 v127 v128 v129 v130 v131 v132 v133 v134 v135 v136 v137 v138
       v139 v140 v141 v145 v146 v147 v148 v149 v150 v151 v152 v153 v154 v155 v156 v157
       v158 v159 v160 v161 v162 v163 v164 v165 v166 v167 v176 v177 v178 v179 v180 v181
       v182 v183 v185 v186 v187 v188 v189 v191 v192 v193 v194 v195 v196 v197 v199 v200
       v201 v202 v203 v205 v206 v207 v208 v209 v210 v211 v212 v213 v214 v215 v216 v217
       v218 v220 v221 v222 v223 v224 v267 v268 v269 v271 v272 v273;

   MISSING=.;

   USEVARIABLES ARE
   v267
   v268
   v269
   v271
   v272
   v273;

   CATEGORICAL ARE
   v267
   v268
   v269
   v271
   v272
   v273;

   GROUPING IS comp_mode (0=sm 1=mm);


   Analysis:

                  ESTIMATOR = WLSMV;

                  ITERATIONS = 100000;

                  PARAMETERIZATION = THETA;

  Model:


  f1 BY v267@1
  v268 (L2_sm)
  v269 (L3_sm)
  v271 (L4_sm)
  v272 (L5_sm)
  v273 (L6_sm)
  ;


  [v267$1] (t_v267_1);
  [v267$2] (t_v267_2);
  [v267$3] (t_v267_3);

   [f1@0];
  [v268$1] (t_v268_1);
  [v268$2] (t_v268_2_sm);
  [v268$3] (t_v268_3_sm);

   [f1@0];
  [v269$1] (t_v269_1);
  [v269$2] (t_v269_2_sm);
  [v269$3] (t_v269_3_sm);

   [f1@0];
  [v271$1] (t_v271_1);
  [v271$2] (t_v271_2_sm);
  [v271$3] (t_v271_3_sm);

   [f1@0];
  [v272$1] (t_v272_1);
  [v272$2] (t_v272_2_sm);
  [v272$3] (t_v272_3_sm);

   [f1@0];
  [v273$1] (t_v273_1);
  [v273$2] (t_v273_2_sm);
  [v273$3] (t_v273_3_sm);

   [f1@0];

  Model mm:

  f1 BY v267@1
  v268 (L2_mm)
  v269 (L3_mm)
  v271 (L4_mm)
  v272 (L5_mm)
  v273 (L6_mm)
  ;


  [v267$1] (t_v267_1);
  [v267$2] (t_v267_2);
  [v267$3] (t_v267_3);

   [f1@0];
  [v268$1] (t_v268_1);
  [v268$2] (t_v268_2_mm);
  [v268$3] (t_v268_3_mm);

   [f1@0];
  [v269$1] (t_v269_1);
  [v269$2] (t_v269_2_mm);
  [v269$3] (t_v269_3_mm);

   [f1@0];
  [v271$1] (t_v271_1);
  [v271$2] (t_v271_2_mm);
  [v271$3] (t_v271_3_mm);

   [f1@0];
  [v272$1] (t_v272_1);
  [v272$2] (t_v272_2_mm);
  [v272$3] (t_v272_3_mm);

   [f1@0];
  [v273$1] (t_v273_1);
  [v273$2] (t_v273_2_mm);
  [v273$3] (t_v273_3_mm);

   [f1@0];

   SAVEDATA: DIFFTEST IS v267_config.dat;

   OUTPUT: SAMPSTAT;

                                  MODINDICES;

                                  STDYX;




*** WARNING
  Data set contains unknown or missing values for GROUPING,
  PATTERN, COHORT, CLUSTER and/or STRATIFICATION variables.
  Number of cases with unknown or missing values:  3244
*** WARNING
  Data set contains cases with missing on all variables.
  These cases were not included in the analysis.
  Number of cases with missing on all variables:  61
   2 WARNING(S) FOUND IN THE INPUT INSTRUCTIONS



Your title goes here

SUMMARY OF ANALYSIS

Number of groups                                                 2
Number of observations
   Group SM                                                   1470
   Group MM                                                    641
   Total sample size                                          2111

Number of dependent variables                                    6
Number of independent variables                                  0
Number of continuous latent variables                            1

Observed dependent variables

  Binary and ordered categorical (ordinal)
   V267        V268        V269        V271        V272        V273

Continuous latent variables
   F1

Variables with special functions

  Grouping variable     COMP_MOD

Estimator                                                    WLSMV
Maximum number of iterations                                100000
Convergence criterion                                    0.500D-04
Maximum number of steepest descent iterations                   20
Maximum number of iterations for H1                           2000
Convergence criterion for H1                             0.100D-03
Parameterization                                             THETA
Link                                                        PROBIT

Input data file(s)
  eq/data.dta

Input data format  FREE


SUMMARY OF DATA

   Group SM
     Number of missing data patterns            28

   Group MM
     Number of missing data patterns            35


COVARIANCE COVERAGE OF DATA

Minimum covariance coverage value   0.100


     PROPORTION OF DATA PRESENT FOR SM


           Covariance Coverage
              V267          V268          V269          V271          V272
              ________      ________      ________      ________      ________
 V267           0.973
 V268           0.969         0.988
 V269           0.948         0.959         0.962
 V271           0.901         0.909         0.889         0.918
 V272           0.910         0.927         0.905         0.912         0.935
 V273           0.903         0.916         0.898         0.909         0.916


           Covariance Coverage
              V273
              ________
 V273           0.924


     PROPORTION OF DATA PRESENT FOR MM


           Covariance Coverage
              V267          V268          V269          V271          V272
              ________      ________      ________      ________      ________
 V267           0.945
 V268           0.925         0.966
 V269           0.913         0.928         0.947
 V271           0.860         0.861         0.847         0.885
 V272           0.883         0.906         0.885         0.864         0.924
 V273           0.867         0.881         0.869         0.863         0.886


           Covariance Coverage
              V273
              ________
 V273           0.910


UNIVARIATE PROPORTIONS AND COUNTS FOR CATEGORICAL VARIABLES

  Group SM
    V267
      Category 1    0.376          538.000
      Category 2    0.194          277.000
      Category 3    0.186          266.000
      Category 4    0.244          349.000
    V268
      Category 1    0.090          131.000
      Category 2    0.132          192.000
      Category 3    0.245          356.000
      Category 4    0.533          774.000
    V269
      Category 1    0.371          524.000
      Category 2    0.302          427.000
      Category 3    0.190          268.000
      Category 4    0.138          195.000
    V271
      Category 1    0.248          335.000
      Category 2    0.180          243.000
      Category 3    0.207          279.000
      Category 4    0.365          492.000
    V272
      Category 1    0.167          230.000
      Category 2    0.224          308.000
      Category 3    0.202          277.000
      Category 4    0.407          559.000
    V273
      Category 1    0.610          829.000
      Category 2    0.247          336.000
      Category 3    0.081          110.000
      Category 4    0.062           84.000

  Group MM
    V267
      Category 1    0.305          185.000
      Category 2    0.290          176.000
      Category 3    0.213          129.000
      Category 4    0.191          116.000
    V268
      Category 1    0.069           43.000
      Category 2    0.157           97.000
      Category 3    0.294          182.000
      Category 4    0.480          297.000
    V269
      Category 1    0.331          201.000
      Category 2    0.356          216.000
      Category 3    0.236          143.000
      Category 4    0.077           47.000
    V271
      Category 1    0.194          110.000
      Category 2    0.215          122.000
      Category 3    0.252          143.000
      Category 4    0.339          192.000
    V272
      Category 1    0.147           87.000
      Category 2    0.203          120.000
      Category 3    0.270          160.000
      Category 4    0.380          225.000
    V273
      Category 1    0.556          324.000
      Category 2    0.283          165.000
      Category 3    0.111           65.000
      Category 4    0.050           29.000


SAMPLE STATISTICS


     ESTIMATED SAMPLE STATISTICS FOR SM


           MEANS/INTERCEPTS/THRESHOLDS
              V267$1        V267$2        V267$3        V268$1        V268$2
              ________      ________      ________      ________      ________
               -0.315         0.176         0.693        -1.340        -0.764


           MEANS/INTERCEPTS/THRESHOLDS
              V268$3        V269$1        V269$2        V269$3        V271$1
              ________      ________      ________      ________      ________
               -0.082        -0.330         0.447         1.090        -0.680


           MEANS/INTERCEPTS/THRESHOLDS
              V271$2        V271$3        V272$1        V272$2        V272$3
              ________      ________      ________      ________      ________
               -0.180         0.346        -0.965        -0.275         0.236


           MEANS/INTERCEPTS/THRESHOLDS
              V273$1        V273$2        V273$3
              ________      ________      ________
                0.279         1.068         1.540


           CORRELATION MATRIX (WITH VARIANCES ON THE DIAGONAL)
              V267          V268          V269          V271          V272
              ________      ________      ________      ________      ________
 V267
 V268           0.503
 V269           0.412         0.586
 V271           0.363         0.302         0.232
 V272           0.235         0.658         0.259         0.448
 V273           0.241         0.290         0.537         0.430         0.519


           CORRELATION MATRIX (WITH VARIANCES ON THE DIAGONAL)
              V273
              ________


     ESTIMATED SAMPLE STATISTICS FOR MM


           MEANS/INTERCEPTS/THRESHOLDS
              V267$1        V267$2        V267$3        V268$1        V268$2
              ________      ________      ________      ________      ________
               -0.509         0.242         0.873        -1.480        -0.752


           MEANS/INTERCEPTS/THRESHOLDS
              V268$3        V269$1        V269$2        V269$3        V271$1
              ________      ________      ________      ________      ________
                0.051        -0.437         0.487         1.423        -0.863


           MEANS/INTERCEPTS/THRESHOLDS
              V271$2        V271$3        V272$1        V272$2        V272$3
              ________      ________      ________      ________      ________
               -0.230         0.416        -1.050        -0.386         0.305


           MEANS/INTERCEPTS/THRESHOLDS
              V273$1        V273$2        V273$3
              ________      ________      ________
                0.140         0.989         1.647


           CORRELATION MATRIX (WITH VARIANCES ON THE DIAGONAL)
              V267          V268          V269          V271          V272
              ________      ________      ________      ________      ________
 V267
 V268           0.447
 V269           0.416         0.608
 V271           0.408         0.334         0.175
 V272           0.232         0.633         0.277         0.449
 V273           0.212         0.325         0.499         0.429         0.584


           CORRELATION MATRIX (WITH VARIANCES ON THE DIAGONAL)
              V273
              ________


THE MODEL ESTIMATION TERMINATED NORMALLY



MODEL FIT INFORMATION

Number of Free Parameters                       46

Chi-Square Test of Model Fit

          Value                            434.391*
          Degrees of Freedom                    20
          P-Value                           0.0000

Chi-Square Contribution From Each Group

          SM                               297.279
          MM                               137.112

*   The chi-square value for MLM, MLMV, MLR, ULSMV, WLSM and WLSMV cannot be used
    for chi-square difference testing in the regular way.  MLM, MLR and WLSM
    chi-square difference testing is described on the Mplus website.  MLMV, WLSMV,
    and ULSMV difference testing is done using the DIFFTEST option.

RMSEA (Root Mean Square Error Of Approximation)

          Estimate                           0.140
          90 Percent C.I.                    0.129  0.152
          Probability RMSEA <= .05           0.000

CFI/TLI

          CFI                                0.910
          TLI                                0.865

Chi-Square Test of Model Fit for the Baseline Model

          Value                           4620.119
          Degrees of Freedom                    30
          P-Value                           0.0000

WRMR (Weighted Root Mean Square Residual)

          Value                              3.278



MODEL RESULTS

                                                    Two-Tailed
                    Estimate       S.E.  Est./S.E.    P-Value

Group SM

 F1       BY
    V267               1.000      0.000    999.000    999.000
    V268               2.380      0.226     10.549      0.000
    V269               1.339      0.106     12.693      0.000
    V271               0.959      0.080     12.058      0.000
    V272               1.601      0.128     12.471      0.000
    V273               1.309      0.120     10.920      0.000

 Means
    F1                 0.000      0.000    999.000    999.000

 Thresholds
    V267$1            -0.407      0.032    -12.773      0.000
    V267$2             0.212      0.030      6.958      0.000
    V267$3             0.804      0.039     20.537      0.000
    V268$1            -2.445      0.134    -18.245      0.000
    V268$2            -1.395      0.093    -14.944      0.000
    V268$3            -0.150      0.062     -2.426      0.015
    V269$1            -0.435      0.045     -9.730      0.000
    V269$2             0.589      0.046     12.767      0.000
    V269$3             1.437      0.058     24.768      0.000
    V271$1            -0.798      0.044    -18.240      0.000
    V271$2            -0.212      0.040     -5.245      0.000
    V271$3             0.406      0.041      9.959      0.000
    V272$1            -1.383      0.062    -22.366      0.000
    V272$2            -0.395      0.050     -7.869      0.000
    V272$3             0.338      0.048      6.997      0.000
    V273$1             0.364      0.047      7.815      0.000
    V273$2             1.395      0.062     22.353      0.000
    V273$3             2.011      0.080     25.003      0.000

 Variances
    F1                 0.411      0.052      7.936      0.000

 Residual Variances
    V267               1.000      0.000    999.000    999.000
    V268               1.000      0.000    999.000    999.000
    V269               1.000      0.000    999.000    999.000
    V271               1.000      0.000    999.000    999.000
    V272               1.000      0.000    999.000    999.000
    V273               1.000      0.000    999.000    999.000

Group MM

 F1       BY
    V267               1.000      0.000    999.000    999.000
    V268               2.905      0.384      7.565      0.000
    V269               1.399      0.272      5.153      0.000
    V271               1.074      0.159      6.738      0.000
    V272               2.067      0.280      7.394      0.000
    V273               3.647      1.479      2.466      0.014

 Means
    F1                 0.000      0.000    999.000    999.000

 Thresholds
    V267$1            -0.407      0.032    -12.773      0.000
    V267$2             0.212      0.030      6.958      0.000
    V267$3             0.804      0.039     20.537      0.000
    V268$1            -2.445      0.134    -18.245      0.000
    V268$2            -1.241      0.106    -11.685      0.000
    V268$3             0.084      0.085      0.990      0.322
    V269$1            -0.435      0.045     -9.730      0.000
    V269$2             0.484      0.108      4.500      0.000
    V269$3             1.413      0.246      5.737      0.000
    V271$1            -0.798      0.044    -18.240      0.000
    V271$2            -0.212      0.044     -4.860      0.000
    V271$3             0.385      0.068      5.647      0.000
    V272$1            -1.383      0.062    -22.366      0.000
    V272$2            -0.509      0.062     -8.149      0.000
    V272$3             0.402      0.082      4.892      0.000
    V273$1             0.364      0.047      7.815      0.000
    V273$2             2.552      0.933      2.736      0.006
    V273$3             4.247      1.618      2.625      0.009

 Variances
    F1                 0.214      0.044      4.861      0.000

 Residual Variances
    V267               0.574      0.075      7.666      0.000
    V268               0.923      0.173      5.333      0.000
    V269               0.567      0.181      3.139      0.002
    V271               0.607      0.109      5.548      0.000
    V272               0.821      0.138      5.964      0.000
    V273               3.807      2.993      1.272      0.203


STANDARDIZED MODEL RESULTS


STDYX Standardization

                                                    Two-Tailed
                    Estimate       S.E.  Est./S.E.    P-Value

Group SM

 F1       BY
    V267               0.540      0.024     22.402      0.000
    V268               0.837      0.018     46.505      0.000
    V269               0.652      0.021     31.572      0.000
    V271               0.524      0.025     21.231      0.000
    V272               0.716      0.018     38.999      0.000
    V273               0.643      0.026     24.771      0.000

 Means
    F1                 0.000      0.000    999.000    999.000

 Thresholds
    V267$1            -0.343      0.027    -12.801      0.000
    V267$2             0.178      0.026      6.963      0.000
    V267$3             0.677      0.033     20.628      0.000
    V268$1            -1.340      0.046    -28.988      0.000
    V268$2            -0.764      0.037    -20.874      0.000
    V268$3            -0.082      0.033     -2.492      0.013
    V269$1            -0.330      0.034     -9.699      0.000
    V269$2             0.447      0.035     12.931      0.000
    V269$3             1.090      0.042     26.182      0.000
    V271$1            -0.680      0.037    -18.296      0.000
    V271$2            -0.180      0.034     -5.250      0.000
    V271$3             0.346      0.035      9.917      0.000
    V272$1            -0.965      0.040    -23.995      0.000
    V272$2            -0.275      0.034     -8.029      0.000
    V272$3             0.236      0.034      6.899      0.000
    V273$1             0.279      0.034      8.092      0.000
    V273$2             1.068      0.042     25.383      0.000
    V273$3             1.540      0.054     28.742      0.000

 Variances
    F1                 1.000      0.000    999.000    999.000

 Residual Variances
    V267               0.708      0.026     27.222      0.000
    V268               0.300      0.030      9.973      0.000
    V269               0.575      0.027     21.386      0.000
    V271               0.726      0.026     28.067      0.000
    V272               0.487      0.026     18.488      0.000
    V273               0.587      0.033     17.568      0.000

Group MM

 F1       BY
    V267               0.521      0.036     14.590      0.000
    V268               0.813      0.027     29.607      0.000
    V269               0.652      0.031     21.106      0.000
    V271               0.537      0.039     13.926      0.000
    V272               0.726      0.031     23.539      0.000
    V273               0.654      0.035     18.678      0.000

 Means
    F1                 0.000      0.000    999.000    999.000

 Thresholds
    V267$1            -0.458      0.040    -11.563      0.000
    V267$2             0.239      0.035      6.826      0.000
    V267$3             0.905      0.052     17.553      0.000
    V268$1            -1.480      0.077    -19.333      0.000
    V268$2            -0.751      0.056    -13.443      0.000
    V268$3             0.051      0.050      1.006      0.314
    V269$1            -0.438      0.053     -8.311      0.000
    V269$2             0.487      0.053      9.173      0.000
    V269$3             1.422      0.075     19.015      0.000
    V271$1            -0.863      0.060    -14.291      0.000
    V271$2            -0.230      0.053     -4.323      0.000
    V271$3             0.416      0.054      7.660      0.000
    V272$1            -1.050      0.063    -16.588      0.000
    V272$2            -0.386      0.053     -7.298      0.000
    V272$3             0.305      0.052      5.829      0.000
    V273$1             0.141      0.052      2.712      0.007
    V273$2             0.990      0.062     15.888      0.000
    V273$3             1.647      0.088     18.783      0.000

 Variances
    F1                 1.000      0.000    999.000    999.000

 Residual Variances
    V267               0.729      0.037     19.576      0.000
    V268               0.338      0.045      7.571      0.000
    V269               0.575      0.040     14.290      0.000
    V271               0.711      0.041     17.142      0.000
    V272               0.473      0.045     10.566      0.000
    V273               0.572      0.046     12.492      0.000


R-SQUARE

Group SM

    Observed                                        Two-Tailed     Scale
    Variable        Estimate       S.E.  Est./S.E.    P-Value     Factors

    V267               0.292      0.026     11.201      0.000      0.842
    V268               0.700      0.030     23.252      0.000      0.548
    V269               0.425      0.027     15.786      0.000      0.759
    V271               0.274      0.026     10.615      0.000      0.852
    V272               0.513      0.026     19.499      0.000      0.698
    V273               0.413      0.033     12.385      0.000      0.766

Group MM

    Observed                                        Two-Tailed     Scale
    Variable        Estimate       S.E.  Est./S.E.    P-Value     Factors

    V267               0.271      0.037      7.295      0.000      1.126
    V268               0.662      0.045     14.804      0.000      0.605
    V269               0.425      0.040     10.553      0.000      1.007
    V271               0.289      0.041      6.963      0.000      1.082
    V272               0.527      0.045     11.770      0.000      0.759
    V273               0.428      0.046      9.339      0.000      0.388


QUALITY OF NUMERICAL RESULTS

     Condition Number for the Information Matrix              0.166E-04
       (ratio of smallest to largest eigenvalue)


MODEL MODIFICATION INDICES

NOTE:  Modification indices for direct effects of observed dependent variables
regressed on covariates and residual covariances among observed dependent
variables may not be included.  To include these, request MODINDICES (ALL).

Minimum M.I. value for printing the modification index    10.000

                                   M.I.     E.P.C.  Std E.P.C.  StdYX E.P.C.
Group SM


WITH Statements

V271     WITH V267                13.700     0.150      0.150        0.150
V271     WITH V268                38.935    -0.481     -0.481       -0.481
V271     WITH V269                22.333    -0.234     -0.234       -0.234
V272     WITH V267                43.643    -0.378     -0.378       -0.378
V272     WITH V268                51.529     0.650      0.650        0.650
V272     WITH V269                97.399    -0.649     -0.649       -0.649
V272     WITH V271                16.604     0.207      0.207        0.207
V273     WITH V267                16.762    -0.219     -0.219       -0.219
V273     WITH V268               105.228    -1.004     -1.004       -1.004
V273     WITH V269                54.570     0.384      0.384        0.384
V273     WITH V271                14.933     0.195      0.195        0.195

Means/Intercepts/Thresholds

[ V269     ]                     999.000     0.000      0.000        0.000
[ V269$1   ]                     999.000     0.000      0.000        0.000

Group MM


WITH Statements

V272     WITH V269                17.205    -0.190     -0.190       -0.279
V273     WITH V268                19.128    -0.760     -0.760       -0.406

Means/Intercepts/Thresholds

[ V269     ]                     999.000     0.000      0.000        0.000
[ V269$1   ]                     999.000     0.000      0.000        0.000



SAVEDATA INFORMATION


  Difference testing

  Save file
    v267_config.dat
  Save format      Free

DIAGRAM INFORMATION

  Use View Diagram under the Diagram menu in the Mplus Editor to view the diagram.
  If running Mplus from the Mplus Diagrammer, the diagram opens automatically.

  Diagram output
    c:\users\msassac6\dropbox (the university of manchester)\papers\joe s\evs_mm_de_equivalence\mplus\eq\inv_data3_v267_

     Beginning Time:  14:38:42
        Ending Time:  14:38:44
       Elapsed Time:  00:00:02



MUTHEN & MUTHEN
3463 Stoner Ave.
Los Angeles, CA  90066

Tel: (310) 391-9971
Fax: (310) 391-8971
Web: www.StatModel.com
Support: Support@StatModel.com

Copyright (c) 1998-2017 Muthen & Muthen
