Mplus VERSION 8
MUTHEN & MUTHEN
07/06/2020   1:54 PM

INPUT INSTRUCTIONS

  TITLE: Your title goes here

   DATA: FILE = eq/data.dta;

   VARIABLE:

   NAMES = id_cocas weight comp_mode comp_len mode mm_matrix_group wei_mmf v2 v3 v4 v32
       v33 v34 v35 v36 v37 v46 v47 v48 v49 v50 v65 v66 v67 v68 v69 v70 v82 v83 v84 v98
       v99 v100 v101 v103 v104 v105 v106 v107 v115 v116 v117 v118 v119 v120 v121 v122
       v123 v124 v125 v126 v127 v128 v129 v130 v131 v132 v133 v134 v135 v136 v137 v138
       v139 v140 v141 v145 v146 v147 v148 v149 v150 v151 v152 v153 v154 v155 v156 v157
       v158 v159 v160 v161 v162 v163 v164 v165 v166 v167 v176 v177 v178 v179 v180 v181
       v182 v183 v185 v186 v187 v188 v189 v191 v192 v193 v194 v195 v196 v197 v199 v200
       v201 v202 v203 v205 v206 v207 v208 v209 v210 v211 v212 v213 v214 v215 v216 v217
       v218 v220 v221 v222 v223 v224 v267 v268 v269 v271 v272 v273;

   MISSING=.;

   USEVARIABLES ARE
   v103
   v104
   v105
   v106
   v107;

   GROUPING IS comp_mode (0=sm 1=mm);

  Model:


  f1 BY v103@1
  v104 (L2_sm)
  v105 (L3_sm)
  v106 (L4_sm)
  v107 (L5_sm)
  ;

  [v103] (i1_sm);
  [v104] (i2_sm);
  [v105] (i3_sm);
  [v106] (i4_sm);
  [v107] (i5_sm);

   [f1@0];

  Model mm:

  f1 BY v103@1
  v104 (L2_mm)
  v105 (L3_mm)
  v106 (L4_mm)
  v107 (L5_mm)
  ;

  [v103] (i1_mm);
  [v104] (i2_mm);
  [v105] (i3_mm);
  [v106] (i4_mm);
  [v107] (i5_mm);

   [f1@0];

   SAVEDATA: DIFFTEST IS v103_config.dat;

   OUTPUT: SAMPSTAT;

                                  MODINDICES;

                                  STDYX;




*** WARNING in SAVEDATA command
  The DIFFTEST option is available only for the estimators MLMV, WLSMV and ULSMV.
  Request for DIFFTEST will be ignored.
*** WARNING
  Data set contains unknown or missing values for GROUPING,
  PATTERN, COHORT, CLUSTER and/or STRATIFICATION variables.
  Number of cases with unknown or missing values:  3244
*** WARNING
  Data set contains cases with missing on all variables.
  These cases were not included in the analysis.
  Number of cases with missing on all variables:  20
   3 WARNING(S) FOUND IN THE INPUT INSTRUCTIONS



Your title goes here

SUMMARY OF ANALYSIS

Number of groups                                                 2
Number of observations
   Group SM                                                   1490
   Group MM                                                    662
   Total sample size                                          2152

Number of dependent variables                                    5
Number of independent variables                                  0
Number of continuous latent variables                            1

Observed dependent variables

  Continuous
   V103        V104        V105        V106        V107

Continuous latent variables
   F1

Variables with special functions

  Grouping variable     COMP_MOD

Estimator                                                       ML
Information matrix                                        OBSERVED
Maximum number of iterations                                  1000
Convergence criterion                                    0.500D-04
Maximum number of steepest descent iterations                   20
Maximum number of iterations for H1                           2000
Convergence criterion for H1                             0.100D-03

Input data file(s)
  eq/data.dta

Input data format  FREE


SUMMARY OF DATA

   Group SM
     Number of missing data patterns            15

   Group MM
     Number of missing data patterns            24


COVARIANCE COVERAGE OF DATA

Minimum covariance coverage value   0.100


     PROPORTION OF DATA PRESENT FOR SM


           Covariance Coverage
              V103          V104          V105          V106          V107
              ________      ________      ________      ________      ________
 V103           0.993
 V104           0.989         0.995
 V105           0.982         0.983         0.987
 V106           0.983         0.985         0.979         0.989
 V107           0.932         0.933         0.930         0.933         0.936


     PROPORTION OF DATA PRESENT FOR MM


           Covariance Coverage
              V103          V104          V105          V106          V107
              ________      ________      ________      ________      ________
 V103           0.955
 V104           0.914         0.944
 V105           0.911         0.903         0.949
 V106           0.924         0.908         0.914         0.953
 V107           0.766         0.764         0.760         0.769         0.782


SAMPLE STATISTICS


     ESTIMATED SAMPLE STATISTICS FOR SM


           Means
              V103          V104          V105          V106          V107
              ________      ________      ________      ________      ________
                4.849         4.851         3.321         5.517         5.200


           Covariances
              V103          V104          V105          V106          V107
              ________      ________      ________      ________      ________
 V103           5.595
 V104           1.042         5.601
 V105           1.098         0.945         4.141
 V106          -0.636        -0.291        -0.437         6.125
 V107           0.822         0.663         0.921        -0.367         4.158


           Correlations
              V103          V104          V105          V106          V107
              ________      ________      ________      ________      ________
 V103           1.000
 V104           0.186         1.000
 V105           0.228         0.196         1.000
 V106          -0.109        -0.050        -0.087         1.000
 V107           0.170         0.137         0.222        -0.073         1.000


     ESTIMATED SAMPLE STATISTICS FOR MM


           Means
              V103          V104          V105          V106          V107
              ________      ________      ________      ________      ________
                5.310         4.630         3.537         5.848         5.434


           Covariances
              V103          V104          V105          V106          V107
              ________      ________      ________      ________      ________
 V103           6.051
 V104           0.983         6.052
 V105           1.098         1.126         3.660
 V106          -0.889        -0.521        -0.254         6.423
 V107           1.456         1.106         1.358        -0.110         4.644


           Correlations
              V103          V104          V105          V106          V107
              ________      ________      ________      ________      ________
 V103           1.000
 V104           0.162         1.000
 V105           0.233         0.239         1.000
 V106          -0.143        -0.084        -0.052         1.000
 V107           0.275         0.209         0.329        -0.020         1.000


     MAXIMUM LOG-LIKELIHOOD VALUE FOR THE UNRESTRICTED (H1) MODEL IS -22875.498


UNIVARIATE SAMPLE STATISTICS


     UNIVARIATE HIGHER-ORDER MOMENT DESCRIPTIVE STATISTICS FOR SM

         Variable/         Mean/     Skewness/   Minimum/ % with                Percentiles
        Sample Size      Variance    Kurtosis    Maximum  Min/Max      20%/60%    40%/80%    Median

     V103                  4.847       0.291       1.000    9.05%       3.000      4.000      5.000
            1480.000       5.593      -0.513      10.000    4.93%       5.000      7.000
     V104                  4.852       0.287       1.000    9.85%       3.000      4.000      5.000
            1482.000       5.600      -0.485      10.000    4.86%       5.000      7.000
     V105                  3.320       0.794       1.000   24.34%       1.000      3.000      3.000
            1471.000       4.142       0.190      10.000    0.82%       4.000      5.000
     V106                  5.516      -0.113       1.000    7.46%       3.000      5.000      6.000
            1474.000       6.125      -0.838      10.000    6.11%       7.000      8.000
     V107                  5.201       0.259       1.000    4.23%       4.000      5.000      5.000
            1395.000       4.156       0.059      10.000    4.09%       5.000      7.000


     UNIVARIATE HIGHER-ORDER MOMENT DESCRIPTIVE STATISTICS FOR MM

         Variable/         Mean/     Skewness/   Minimum/ % with                Percentiles
        Sample Size      Variance    Kurtosis    Maximum  Min/Max      20%/60%    40%/80%    Median

     V103                  5.307       0.221       1.000    6.96%       3.000      5.000      5.000
             632.000       6.042      -0.633      10.000    7.75%       6.000      8.000
     V104                  4.629       0.367       1.000   12.48%       2.000      4.000      4.000
             625.000       6.054      -0.604      10.000    4.96%       5.000      7.000
     V105                  3.516       0.777       1.000   16.88%       2.000      3.000      3.000
             628.000       3.648       0.624      10.000    0.96%       4.000      5.000
     V106                  5.854      -0.223       1.000    7.29%       3.000      5.000      6.000
             631.000       6.419      -0.759      10.000    9.35%       7.000      8.000
     V107                  5.363       0.155       1.000    4.83%       4.000      5.000      5.000
             518.000       4.594      -0.136      10.000    5.21%       5.000      7.000


THE MODEL ESTIMATION TERMINATED NORMALLY



MODEL FIT INFORMATION

Number of Free Parameters                       30

Loglikelihood

          H0 Value                      -22882.356
          H1 Value                      -22875.498

Information Criteria

          Akaike (AIC)                   45824.712
          Bayesian (BIC)                 45994.937
          Sample-Size Adjusted BIC       45899.623
            (n* = (n + 2) / 24)

Chi-Square Test of Model Fit

          Value                             13.716
          Degrees of Freedom                    10
          P-Value                           0.1863

Chi-Square Contribution From Each Group

          SM                                 3.689
          MM                                10.028

RMSEA (Root Mean Square Error Of Approximation)

          Estimate                           0.019
          90 Percent C.I.                    0.000  0.040
          Probability RMSEA <= .05           0.994

CFI/TLI

          CFI                                0.992
          TLI                                0.983

Chi-Square Test of Model Fit for the Baseline Model

          Value                            469.424
          Degrees of Freedom                    20
          P-Value                           0.0000

SRMR (Standardized Root Mean Square Residual)

          Value                              0.016



MODEL RESULTS

                                                    Two-Tailed
                    Estimate       S.E.  Est./S.E.    P-Value

Group SM

 F1       BY
    V103               1.000      0.000    999.000    999.000
    V104               0.826      0.110      7.512      0.000
    V105               0.984      0.129      7.643      0.000
    V106              -0.420      0.091     -4.607      0.000
    V107               0.751      0.102      7.341      0.000

 Means
    F1                 0.000      0.000    999.000    999.000

 Intercepts
    V103               4.848      0.061     78.874      0.000
    V104               4.851      0.061     78.917      0.000
    V105               3.321      0.053     62.618      0.000
    V106               5.518      0.064     85.600      0.000
    V107               5.200      0.054     95.445      0.000

 Variances
    F1                 1.161      0.204      5.692      0.000

 Residual Variances
    V103               4.434      0.229     19.392      0.000
    V104               4.808      0.214     22.497      0.000
    V105               3.016      0.184     16.438      0.000
    V106               5.920      0.226     26.189      0.000
    V107               3.504      0.164     21.350      0.000

Group MM

 F1       BY
    V103               1.000      0.000    999.000    999.000
    V104               0.861      0.162      5.314      0.000
    V105               0.952      0.165      5.762      0.000
    V106              -0.313      0.126     -2.483      0.013
    V107               1.098      0.182      6.039      0.000

 Means
    F1                 0.000      0.000    999.000    999.000

 Intercepts
    V103               5.311      0.098     54.356      0.000
    V104               4.630      0.098     47.125      0.000
    V105               3.537      0.076     46.440      0.000
    V106               5.852      0.101     58.024      0.000
    V107               5.426      0.093     58.068      0.000

 Variances
    F1                 1.257      0.312      4.029      0.000

 Residual Variances
    V103               4.797      0.355     13.529      0.000
    V104               5.122      0.343     14.915      0.000
    V105               2.521      0.235     10.705      0.000
    V106               6.297      0.361     17.448      0.000
    V107               3.123      0.314      9.955      0.000


STANDARDIZED MODEL RESULTS


STDYX Standardization

                                                    Two-Tailed
                    Estimate       S.E.  Est./S.E.    P-Value

Group SM

 F1       BY
    V103               0.455      0.038     12.094      0.000
    V104               0.376      0.036     10.375      0.000
    V105               0.521      0.039     13.437      0.000
    V106              -0.183      0.037     -4.993      0.000
    V107               0.397      0.037     10.702      0.000

 Means
    F1                 0.000      0.000    999.000    999.000

 Intercepts
    V103               2.050      0.046     44.787      0.000
    V104               2.050      0.046     44.800      0.000
    V105               1.632      0.040     41.005      0.000
    V106               2.229      0.049     45.865      0.000
    V107               2.550      0.055     46.191      0.000

 Variances
    F1                 1.000      0.000    999.000    999.000

 Residual Variances
    V103               0.793      0.034     23.105      0.000
    V104               0.858      0.027     31.473      0.000
    V105               0.728      0.040     18.020      0.000
    V106               0.967      0.013     72.088      0.000
    V107               0.843      0.029     28.649      0.000

Group MM

 F1       BY
    V103               0.456      0.053      8.671      0.000
    V104               0.392      0.051      7.624      0.000
    V105               0.558      0.054     10.361      0.000
    V106              -0.138      0.055     -2.527      0.012
    V107               0.572      0.056     10.185      0.000

 Means
    F1                 0.000      0.000    999.000    999.000

 Intercepts
    V103               2.158      0.073     29.745      0.000
    V104               1.882      0.067     28.293      0.000
    V105               1.849      0.065     28.319      0.000
    V106               2.310      0.076     30.278      0.000
    V107               2.519      0.088     28.476      0.000

 Variances
    F1                 1.000      0.000    999.000    999.000

 Residual Variances
    V103               0.792      0.048     16.541      0.000
    V104               0.846      0.040     20.968      0.000
    V105               0.689      0.060     11.465      0.000
    V106               0.981      0.015     64.667      0.000
    V107               0.673      0.064     10.496      0.000


R-SQUARE

Group SM

    Observed                                        Two-Tailed
    Variable        Estimate       S.E.  Est./S.E.    P-Value

    V103               0.207      0.034      6.047      0.000
    V104               0.142      0.027      5.188      0.000
    V105               0.272      0.040      6.719      0.000
    V106               0.033      0.013      2.497      0.013
    V107               0.157      0.029      5.351      0.000

Group MM

    Observed                                        Two-Tailed
    Variable        Estimate       S.E.  Est./S.E.    P-Value

    V103               0.208      0.048      4.336      0.000
    V104               0.154      0.040      3.812      0.000
    V105               0.311      0.060      5.181      0.000
    V106               0.019      0.015      1.263      0.206
    V107               0.327      0.064      5.092      0.000


QUALITY OF NUMERICAL RESULTS

     Condition Number for the Information Matrix              0.248E-02
       (ratio of smallest to largest eigenvalue)


MODEL MODIFICATION INDICES

NOTE:  Modification indices for direct effects of observed dependent variables
regressed on covariates may not be included.  To include these, request
MODINDICES (ALL).

Minimum M.I. value for printing the modification index    10.000

                                   M.I.     E.P.C.  Std E.P.C.  StdYX E.P.C.
Group SM


No modification indices above the minimum value.

Group MM


No modification indices above the minimum value.



DIAGRAM INFORMATION

  Use View Diagram under the Diagram menu in the Mplus Editor to view the diagram.
  If running Mplus from the Mplus Diagrammer, the diagram opens automatically.

  Diagram output
    c:\users\msassac6\dropbox (the university of manchester)\papers\joe s\evs_mm_de_equivalence\mplus\eq\inv_data3_v103_

     Beginning Time:  13:54:13
        Ending Time:  13:54:14
       Elapsed Time:  00:00:01



MUTHEN & MUTHEN
3463 Stoner Ave.
Los Angeles, CA  90066

Tel: (310) 391-9971
Fax: (310) 391-8971
Web: www.StatModel.com
Support: Support@StatModel.com

Copyright (c) 1998-2017 Muthen & Muthen
