Mplus VERSION 8
MUTHEN & MUTHEN
07/13/2020   8:30 AM

INPUT INSTRUCTIONS

  TITLE: Your title goes here

   DATA: FILE = eq/data.dta;

   VARIABLE:

   NAMES = id_cocas weight comp_mode comp_len mode mm_matrix_group wei_mmf v2 v3 v4 v32
       v33 v34 v35 v36 v37 v46 v47 v48 v49 v50 v65 v66 v67 v68 v69 v70 v82 v83 v84 v98
       v99 v100 v101 v103 v104 v105 v106 v107 v115 v116 v117 v118 v119 v120 v121 v122
       v123 v124 v125 v126 v127 v128 v129 v130 v131 v132 v133 v134 v135 v136 v137 v138
       v139 v140 v141 v145 v146 v147 v148 v149 v150 v151 v152 v153 v154 v155 v156 v157
       v158 v159 v160 v161 v162 v163 v164 v165 v166 v167 v176 v177 v178 v179 v180 v181
       v182 v183 v185 v186 v187 v188 v189 v191 v192 v193 v194 v195 v196 v197 v199 v200
       v201 v202 v203 v205 v206 v207 v208 v209 v210 v211 v212 v213 v214 v215 v216 v217
       v218 v220 v221 v222 v223 v224 v267 v268 v269 v271 v272 v273;

   MISSING=.;

   USEVARIABLES ARE
   v185
   v186
   v187
   v188;

   GROUPING IS comp_mode (0=sm 1=mm);

  WEIGHT IS weight;

   Analysis:

                  ESTIMATOR = MLR;
  Model:


  f1 BY v185@1
  v186 (L2_sm)
  v187 (L3_sm)
  v188 (L4_sm)
  ;


   [f1@0];[v185] (i1_sm);
  [v186] (i2_sm);
  [v187] (i3_sm);
  [v188] (i4_sm);


  Model mm:

  f1 BY v185@1
  v186 (L2_mm)
  v187 (L3_mm)
  v188 (L4_mm)
  ;


   [f1@0];[v185] (i1_mm);
  [v186] (i2_mm);
  [v187] (i3_mm);
  [v188] (i4_mm);


   SAVEDATA: DIFFTEST IS v185_config.dat;

   OUTPUT: SAMPSTAT;

                                  MODINDICES;

                                  STDYX;




*** WARNING in SAVEDATA command
  The DIFFTEST option is available only for the estimators MLMV, WLSMV and ULSMV.
  Request for DIFFTEST will be ignored.
*** WARNING
  Data set contains unknown or missing values for GROUPING,
  PATTERN, COHORT, CLUSTER and/or STRATIFICATION variables.
  Number of cases with unknown or missing values:  3244
*** WARNING
  Data set contains cases with missing on all variables.
  These cases were not included in the analysis.
  Number of cases with missing on all variables:  14
   3 WARNING(S) FOUND IN THE INPUT INSTRUCTIONS



Your title goes here

SUMMARY OF ANALYSIS

Number of groups                                                 2
Number of observations
   Group SM                                                   1491
   Group MM                                                    667
   Total sample size                                          2158

Number of dependent variables                                    4
Number of independent variables                                  0
Number of continuous latent variables                            1

Observed dependent variables

  Continuous
   V185        V186        V187        V188

Continuous latent variables
   F1

Variables with special functions

  Grouping variable     COMP_MOD
  Weight variable       WEIGHT

Estimator                                                      MLR
Information matrix                                        OBSERVED
Maximum number of iterations                                  1000
Convergence criterion                                    0.500D-04
Maximum number of steepest descent iterations                   20
Maximum number of iterations for H1                           2000
Convergence criterion for H1                             0.100D-03

Input data file(s)
  eq/data.dta

Input data format  FREE


SUMMARY OF DATA

   Group SM
     Number of missing data patterns             8

   Group MM
     Number of missing data patterns            14


COVARIANCE COVERAGE OF DATA

Minimum covariance coverage value   0.100


     PROPORTION OF DATA PRESENT FOR SM


           Covariance Coverage
              V185          V186          V187          V188
              ________      ________      ________      ________
 V185           0.990
 V186           0.983         0.993
 V187           0.986         0.987         0.995
 V188           0.975         0.978         0.983         0.985


     PROPORTION OF DATA PRESENT FOR MM


           Covariance Coverage
              V185          V186          V187          V188
              ________      ________      ________      ________
 V185           0.955
 V186           0.949         0.984
 V187           0.942         0.970         0.976
 V188           0.916         0.939         0.933         0.952


SAMPLE STATISTICS


     ESTIMATED SAMPLE STATISTICS FOR SM


           Means
              V185          V186          V187          V188
              ________      ________      ________      ________
                7.358         4.412         4.142         5.488


           Covariances
              V185          V186          V187          V188
              ________      ________      ________      ________
 V185           6.738
 V186           2.473         7.004
 V187           2.294         4.332         6.771
 V188          -0.925        -1.612        -1.666         6.071


           Correlations
              V185          V186          V187          V188
              ________      ________      ________      ________
 V185           1.000
 V186           0.360         1.000
 V187           0.340         0.629         1.000
 V188          -0.145        -0.247        -0.260         1.000


     ESTIMATED SAMPLE STATISTICS FOR MM


           Means
              V185          V186          V187          V188
              ________      ________      ________      ________
                7.340         4.362         4.030         5.897


           Covariances
              V185          V186          V187          V188
              ________      ________      ________      ________
 V185           6.932
 V186           3.537         7.618
 V187           3.322         5.633         7.119
 V188          -1.751        -2.569        -1.959         6.282


           Correlations
              V185          V186          V187          V188
              ________      ________      ________      ________
 V185           1.000
 V186           0.487         1.000
 V187           0.473         0.765         1.000
 V188          -0.265        -0.371        -0.293         1.000


     MAXIMUM LOG-LIKELIHOOD VALUE FOR THE UNRESTRICTED (H1) MODEL IS -19097.208


UNIVARIATE SAMPLE STATISTICS


     UNIVARIATE HIGHER-ORDER MOMENT DESCRIPTIVE STATISTICS FOR SM

         Variable/         Mean/     Skewness/   Minimum/ % with                Percentiles
        Sample Size      Variance    Kurtosis    Maximum  Min/Max      20%/60%    40%/80%    Median

     V185                  7.355      -0.791       1.000    2.85%       5.000      8.000      8.000
            1476.000       6.734      -0.375      10.000   30.28%       9.000     10.000
     V186                  4.403       0.535       1.000   15.95%       2.000      3.000      4.000
            1480.000       6.991      -0.646      10.000    5.47%       5.000      7.000
     V187                  4.139       0.622       1.000   19.89%       2.000      3.000      4.000
            1483.000       6.758      -0.495      10.000    4.45%       5.000      7.000
     V188                  5.487       0.090       1.000    6.88%       3.000      5.000      5.000
            1469.000       6.070      -0.615      10.000    8.71%       6.000      8.000


     UNIVARIATE HIGHER-ORDER MOMENT DESCRIPTIVE STATISTICS FOR MM

         Variable/         Mean/     Skewness/   Minimum/ % with                Percentiles
        Sample Size      Variance    Kurtosis    Maximum  Min/Max      20%/60%    40%/80%    Median

     V185                  7.342      -0.802       1.000    2.98%       5.000      7.000      8.000
             637.000       6.965      -0.394      10.000   30.14%       9.000     10.000
     V186                  4.347       0.549       1.000   19.05%       2.000      3.000      4.000
             656.000       7.608      -0.789      10.000    5.49%       5.000      7.000
     V187                  4.010       0.698       1.000   22.58%       1.000      3.000      3.000
             651.000       7.125      -0.553      10.000    4.15%       4.000      7.000
     V188                  5.921      -0.061       1.000    5.83%       4.000      5.000      6.000
             635.000       6.271      -0.715      10.000   11.02%       7.000      8.000


THE MODEL ESTIMATION TERMINATED NORMALLY



MODEL FIT INFORMATION

Number of Free Parameters                       24

Loglikelihood

          H0 Value                      -19101.859
          H0 Scaling Correction Factor      1.3156
            for MLR
          H1 Value                      -19097.208
          H1 Scaling Correction Factor      1.3128
            for MLR

Information Criteria

          Akaike (AIC)                   38251.717
          Bayesian (BIC)                 38387.964
          Sample-Size Adjusted BIC       38311.713
            (n* = (n + 2) / 24)

Chi-Square Test of Model Fit

          Value                              7.175*
          Degrees of Freedom                     4
          P-Value                           0.1269
          Scaling Correction Factor         1.2963
            for MLR

Chi-Square Contribution From Each Group

          SM                                 0.886
          MM                                 6.289

*   The chi-square value for MLM, MLMV, MLR, ULSMV, WLSM and WLSMV cannot be used
    for chi-square difference testing in the regular way.  MLM, MLR and WLSM
    chi-square difference testing is described on the Mplus website.  MLMV, WLSMV,
    and ULSMV difference testing is done using the DIFFTEST option.

RMSEA (Root Mean Square Error Of Approximation)

          Estimate                           0.027
          90 Percent C.I.                    0.000  0.059
          Probability RMSEA <= .05           0.869

CFI/TLI

          CFI                                0.997
          TLI                                0.992

Chi-Square Test of Model Fit for the Baseline Model

          Value                           1197.774
          Degrees of Freedom                    12
          P-Value                           0.0000

SRMR (Standardized Root Mean Square Residual)

          Value                              0.010



MODEL RESULTS

                                                    Two-Tailed
                    Estimate       S.E.  Est./S.E.    P-Value

Group SM

 F1       BY
    V185               1.000      0.000    999.000    999.000
    V186               1.852      0.133     13.963      0.000
    V187               1.779      0.139     12.811      0.000
    V188              -0.687      0.081     -8.458      0.000

 Means
    F1                 0.000      0.000    999.000    999.000

 Intercepts
    V185               7.358      0.074    100.084      0.000
    V186               4.412      0.074     59.887      0.000
    V187               4.142      0.072     57.435      0.000
    V188               5.488      0.069     79.246      0.000

 Variances
    F1                 1.315      0.173      7.618      0.000

 Residual Variances
    V185               5.422      0.232     23.406      0.000
    V186               2.495      0.303      8.225      0.000
    V187               2.610      0.289      9.025      0.000
    V188               5.451      0.209     26.097      0.000

Group MM

 F1       BY
    V185               1.000      0.000    999.000    999.000
    V186               1.745      0.146     11.972      0.000
    V187               1.555      0.125     12.408      0.000
    V188              -0.687      0.105     -6.543      0.000

 Means
    F1                 0.000      0.000    999.000    999.000

 Intercepts
    V185               7.341      0.118     61.959      0.000
    V186               4.362      0.124     35.238      0.000
    V187               4.031      0.121     33.367      0.000
    V188               5.897      0.112     52.458      0.000

 Variances
    F1                 2.074      0.315      6.575      0.000

 Residual Variances
    V185               4.856      0.340     14.266      0.000
    V186               1.304      0.317      4.107      0.000
    V187               2.107      0.299      7.051      0.000
    V188               5.304      0.376     14.108      0.000


STANDARDIZED MODEL RESULTS


STDYX Standardization

                                                    Two-Tailed
                    Estimate       S.E.  Est./S.E.    P-Value

Group SM

 F1       BY
    V185               0.442      0.026     16.857      0.000
    V186               0.802      0.027     29.966      0.000
    V187               0.784      0.027     28.506      0.000
    V188              -0.320      0.033     -9.809      0.000

 Means
    F1                 0.000      0.000    999.000    999.000

 Intercepts
    V185               2.835      0.075     37.836      0.000
    V186               1.667      0.029     58.310      0.000
    V187               1.592      0.027     58.704      0.000
    V188               2.227      0.045     49.504      0.000

 Variances
    F1                 1.000      0.000    999.000    999.000

 Residual Variances
    V185               0.805      0.023     34.760      0.000
    V186               0.356      0.043      8.291      0.000
    V187               0.386      0.043      8.943      0.000
    V188               0.898      0.021     43.078      0.000

Group MM

 F1       BY
    V185               0.547      0.035     15.626      0.000
    V186               0.910      0.023     38.986      0.000
    V187               0.839      0.027     31.357      0.000
    V188              -0.395      0.054     -7.291      0.000

 Means
    F1                 0.000      0.000    999.000    999.000

 Intercepts
    V185               2.788      0.115     24.237      0.000
    V186               1.580      0.041     38.494      0.000
    V187               1.510      0.038     39.918      0.000
    V188               2.352      0.076     30.885      0.000

 Variances
    F1                 1.000      0.000    999.000    999.000

 Residual Variances
    V185               0.701      0.038     18.296      0.000
    V186               0.171      0.043      4.025      0.000
    V187               0.296      0.045      6.586      0.000
    V188               0.844      0.043     19.746      0.000


R-SQUARE

Group SM

    Observed                                        Two-Tailed
    Variable        Estimate       S.E.  Est./S.E.    P-Value

    V185               0.195      0.023      8.429      0.000
    V186               0.644      0.043     14.983      0.000
    V187               0.614      0.043     14.253      0.000
    V188               0.102      0.021      4.905      0.000

Group MM

    Observed                                        Two-Tailed
    Variable        Estimate       S.E.  Est./S.E.    P-Value

    V185               0.299      0.038      7.813      0.000
    V186               0.829      0.043     19.493      0.000
    V187               0.704      0.045     15.678      0.000
    V188               0.156      0.043      3.645      0.000


QUALITY OF NUMERICAL RESULTS

     Condition Number for the Information Matrix              0.216E-02
       (ratio of smallest to largest eigenvalue)


MODEL MODIFICATION INDICES

NOTE:  Modification indices for direct effects of observed dependent variables
regressed on covariates may not be included.  To include these, request
MODINDICES (ALL).

Minimum M.I. value for printing the modification index    10.000

                                   M.I.     E.P.C.  Std E.P.C.  StdYX E.P.C.
Group SM


No modification indices above the minimum value.

Group MM


No modification indices above the minimum value.



DIAGRAM INFORMATION

  Use View Diagram under the Diagram menu in the Mplus Editor to view the diagram.
  If running Mplus from the Mplus Diagrammer, the diagram opens automatically.

  Diagram output
    c:\users\msassac6\dropbox (the university of manchester)\papers\joe s\evs_mm_de_equivalence\mplus\eq\inv_data3_v185_

     Beginning Time:  08:30:01
        Ending Time:  08:30:02
       Elapsed Time:  00:00:01



MUTHEN & MUTHEN
3463 Stoner Ave.
Los Angeles, CA  90066

Tel: (310) 391-9971
Fax: (310) 391-8971
Web: www.StatModel.com
Support: Support@StatModel.com

Copyright (c) 1998-2017 Muthen & Muthen
