Mplus VERSION 8
MUTHEN & MUTHEN
07/13/2020   8:32 AM

INPUT INSTRUCTIONS

  TITLE: Your title goes here

   DATA: FILE = eq/data.dta;

   VARIABLE:

   NAMES = id_cocas weight comp_mode comp_len mode mm_matrix_group wei_mmf v2 v3 v4 v32
       v33 v34 v35 v36 v37 v46 v47 v48 v49 v50 v65 v66 v67 v68 v69 v70 v82 v83 v84 v98
       v99 v100 v101 v103 v104 v105 v106 v107 v115 v116 v117 v118 v119 v120 v121 v122
       v123 v124 v125 v126 v127 v128 v129 v130 v131 v132 v133 v134 v135 v136 v137 v138
       v139 v140 v141 v145 v146 v147 v148 v149 v150 v151 v152 v153 v154 v155 v156 v157
       v158 v159 v160 v161 v162 v163 v164 v165 v166 v167 v176 v177 v178 v179 v180 v181
       v182 v183 v185 v186 v187 v188 v189 v191 v192 v193 v194 v195 v196 v197 v199 v200
       v201 v202 v203 v205 v206 v207 v208 v209 v210 v211 v212 v213 v214 v215 v216 v217
       v218 v220 v221 v222 v223 v224 v267 v268 v269 v271 v272 v273;

   MISSING=.;

   USEVARIABLES ARE
   v103
   v104
   v105
   v106
   v107;

   GROUPING IS comp_mode (0=sm 1=mm);

  WEIGHT IS weight;

   Analysis:

                  ESTIMATOR = MLR;
  Model:


  f1 BY v103@1
  v104 (L2)
  v105 (L3)
  v106 (L4)
  v107 (L5)
  ;


   [f1@0];[v103] (i1);
  [v104] (i2);
  [v105] (i3);
  [v106] (i4);
  [v107] (i5);


  Model mm:

  f1 BY v103@1
  v104 (L2)
  v105 (L3)
  v106 (L4)
  v107 (L5)
  ;


   [f1@0];[v103] (i1);
  [v104] (i2);
  [v105] (i3);
  [v106] (i4);
  [v107] (i5);


   SAVEDATA: DIFFTEST IS v103_scalar.dat;

   OUTPUT: SAMPSTAT;

                                  MODINDICES;

                                  STDYX;




*** WARNING in SAVEDATA command
  The DIFFTEST option is available only for the estimators MLMV, WLSMV and ULSMV.
  Request for DIFFTEST will be ignored.
*** WARNING
  Data set contains unknown or missing values for GROUPING,
  PATTERN, COHORT, CLUSTER and/or STRATIFICATION variables.
  Number of cases with unknown or missing values:  3244
*** WARNING
  Data set contains cases with missing on all variables.
  These cases were not included in the analysis.
  Number of cases with missing on all variables:  20
   3 WARNING(S) FOUND IN THE INPUT INSTRUCTIONS



Your title goes here

SUMMARY OF ANALYSIS

Number of groups                                                 2
Number of observations
   Group SM                                                   1490
   Group MM                                                    662
   Total sample size                                          2152

Number of dependent variables                                    5
Number of independent variables                                  0
Number of continuous latent variables                            1

Observed dependent variables

  Continuous
   V103        V104        V105        V106        V107

Continuous latent variables
   F1

Variables with special functions

  Grouping variable     COMP_MOD
  Weight variable       WEIGHT

Estimator                                                      MLR
Information matrix                                        OBSERVED
Maximum number of iterations                                  1000
Convergence criterion                                    0.500D-04
Maximum number of steepest descent iterations                   20
Maximum number of iterations for H1                           2000
Convergence criterion for H1                             0.100D-03

Input data file(s)
  eq/data.dta

Input data format  FREE


SUMMARY OF DATA

   Group SM
     Number of missing data patterns            15

   Group MM
     Number of missing data patterns            24


COVARIANCE COVERAGE OF DATA

Minimum covariance coverage value   0.100


     PROPORTION OF DATA PRESENT FOR SM


           Covariance Coverage
              V103          V104          V105          V106          V107
              ________      ________      ________      ________      ________
 V103           0.993
 V104           0.989         0.995
 V105           0.982         0.983         0.987
 V106           0.983         0.985         0.979         0.989
 V107           0.932         0.933         0.930         0.933         0.936


     PROPORTION OF DATA PRESENT FOR MM


           Covariance Coverage
              V103          V104          V105          V106          V107
              ________      ________      ________      ________      ________
 V103           0.955
 V104           0.914         0.944
 V105           0.911         0.903         0.949
 V106           0.924         0.908         0.914         0.953
 V107           0.766         0.764         0.760         0.769         0.782


SAMPLE STATISTICS


     ESTIMATED SAMPLE STATISTICS FOR SM


           Means
              V103          V104          V105          V106          V107
              ________      ________      ________      ________      ________
                4.914         4.779         3.364         5.465         5.198


           Covariances
              V103          V104          V105          V106          V107
              ________      ________      ________      ________      ________
 V103           5.869
 V104           1.031         5.702
 V105           1.048         0.984         4.369
 V106          -0.425        -0.093        -0.270         6.151
 V107           0.740         0.604         0.838        -0.262         4.148


           Correlations
              V103          V104          V105          V106          V107
              ________      ________      ________      ________      ________
 V103           1.000
 V104           0.178         1.000
 V105           0.207         0.197         1.000
 V106          -0.071        -0.016        -0.052         1.000
 V107           0.150         0.124         0.197        -0.052         1.000


     ESTIMATED SAMPLE STATISTICS FOR MM


           Means
              V103          V104          V105          V106          V107
              ________      ________      ________      ________      ________
                5.447         4.625         3.629         5.759         5.468


           Covariances
              V103          V104          V105          V106          V107
              ________      ________      ________      ________      ________
 V103           6.345
 V104           1.051         6.340
 V105           1.102         1.242         3.876
 V106          -0.739        -0.272         0.109         6.669
 V107           1.645         1.196         1.439         0.136         4.902


           Correlations
              V103          V104          V105          V106          V107
              ________      ________      ________      ________      ________
 V103           1.000
 V104           0.166         1.000
 V105           0.222         0.251         1.000
 V106          -0.114        -0.042         0.021         1.000
 V107           0.295         0.214         0.330         0.024         1.000


     MAXIMUM LOG-LIKELIHOOD VALUE FOR THE UNRESTRICTED (H1) MODEL IS -22886.316


UNIVARIATE SAMPLE STATISTICS


     UNIVARIATE HIGHER-ORDER MOMENT DESCRIPTIVE STATISTICS FOR SM

         Variable/         Mean/     Skewness/   Minimum/ % with                Percentiles
        Sample Size      Variance    Kurtosis    Maximum  Min/Max      20%/60%    40%/80%    Median

     V103                  4.914       0.282       1.000    9.05%       3.000      4.000      5.000
            1480.000       5.867      -0.573      10.000    4.93%       5.000      7.000
     V104                  4.780       0.321       1.000    9.85%       3.000      4.000      5.000
            1482.000       5.702      -0.452      10.000    4.86%       5.000      7.000
     V105                  3.364       0.812       1.000   24.34%       1.000      3.000      3.000
            1471.000       4.369       0.219      10.000    0.82%       4.000      5.000
     V106                  5.465      -0.095       1.000    7.46%       3.000      5.000      6.000
            1474.000       6.151      -0.838      10.000    6.11%       7.000      8.000
     V107                  5.199       0.280       1.000    4.23%       4.000      5.000      5.000
            1395.000       4.144       0.104      10.000    4.09%       5.000      7.000


     UNIVARIATE HIGHER-ORDER MOMENT DESCRIPTIVE STATISTICS FOR MM

         Variable/         Mean/     Skewness/   Minimum/ % with                Percentiles
        Sample Size      Variance    Kurtosis    Maximum  Min/Max      20%/60%    40%/80%    Median

     V103                  5.448       0.157       1.000    6.96%       3.000      5.000      5.000
             632.000       6.349      -0.679      10.000    7.75%       6.000      8.000
     V104                  4.630       0.361       1.000   12.48%       2.000      4.000      4.000
             625.000       6.346      -0.636      10.000    4.96%       5.000      7.000
     V105                  3.602       0.764       1.000   16.88%       2.000      3.000      3.000
             628.000       3.848       0.564      10.000    0.96%       4.000      5.000
     V106                  5.767      -0.201       1.000    7.29%       3.000      5.000      6.000
             631.000       6.665      -0.796      10.000    9.35%       7.000      8.000
     V107                  5.382       0.210       1.000    4.83%       4.000      5.000      5.000
             518.000       4.851      -0.168      10.000    5.21%       5.000      7.000


THE MODEL ESTIMATION TERMINATED NORMALLY



MODEL FIT INFORMATION

Number of Free Parameters                       21

Loglikelihood

          H0 Value                      -22918.686
          H0 Scaling Correction Factor      1.3530
            for MLR
          H1 Value                      -22886.316
          H1 Scaling Correction Factor      1.4489
            for MLR

Information Criteria

          Akaike (AIC)                   45879.372
          Bayesian (BIC)                 45998.529
          Sample-Size Adjusted BIC       45931.809
            (n* = (n + 2) / 24)

Chi-Square Test of Model Fit

          Value                             41.636*
          Degrees of Freedom                    19
          P-Value                           0.0020
          Scaling Correction Factor         1.5549
            for MLR

Chi-Square Contribution From Each Group

          SM                                11.700
          MM                                29.935

*   The chi-square value for MLM, MLMV, MLR, ULSMV, WLSM and WLSMV cannot be used
    for chi-square difference testing in the regular way.  MLM, MLR and WLSM
    chi-square difference testing is described on the Mplus website.  MLMV, WLSMV,
    and ULSMV difference testing is done using the DIFFTEST option.

RMSEA (Root Mean Square Error Of Approximation)

          Estimate                           0.033
          90 Percent C.I.                    0.019  0.047
          Probability RMSEA <= .05           0.979

CFI/TLI

          CFI                                0.895
          TLI                                0.889

Chi-Square Test of Model Fit for the Baseline Model

          Value                            235.572
          Degrees of Freedom                    20
          P-Value                           0.0000

SRMR (Standardized Root Mean Square Residual)

          Value                              0.042



MODEL RESULTS

                                                    Two-Tailed
                    Estimate       S.E.  Est./S.E.    P-Value

Group SM

 F1       BY
    V103               1.000      0.000    999.000    999.000
    V104               0.873      0.137      6.393      0.000
    V105               1.001      0.168      5.960      0.000
    V106              -0.199      0.103     -1.941      0.052
    V107               0.868      0.134      6.472      0.000

 Means
    F1                 0.000      0.000    999.000    999.000

 Intercepts
    V103               5.061      0.060     84.217      0.000
    V104               4.732      0.058     81.882      0.000
    V105               3.443      0.050     69.132      0.000
    V106               5.550      0.060     92.377      0.000
    V107               5.258      0.052    102.031      0.000

 Variances
    F1                 1.014      0.237      4.281      0.000

 Residual Variances
    V103               4.854      0.289     16.784      0.000
    V104               4.914      0.246     19.944      0.000
    V105               3.329      0.230     14.450      0.000
    V106               6.104      0.192     31.869      0.000
    V107               3.465      0.211     16.444      0.000

Group MM

 F1       BY
    V103               1.000      0.000    999.000    999.000
    V104               0.873      0.137      6.393      0.000
    V105               1.001      0.168      5.960      0.000
    V106              -0.199      0.103     -1.941      0.052
    V107               0.868      0.134      6.472      0.000

 Means
    F1                 0.000      0.000    999.000    999.000

 Intercepts
    V103               5.061      0.060     84.217      0.000
    V104               4.732      0.058     81.882      0.000
    V105               3.443      0.050     69.132      0.000
    V106               5.550      0.060     92.377      0.000
    V107               5.258      0.052    102.031      0.000

 Variances
    F1                 1.412      0.344      4.108      0.000

 Residual Variances
    V103               5.139      0.495     10.376      0.000
    V104               5.326      0.390     13.674      0.000
    V105               2.546      0.281      9.064      0.000
    V106               6.694      0.353     18.936      0.000
    V107               3.615      0.381      9.499      0.000


STANDARDIZED MODEL RESULTS


STDYX Standardization

                                                    Two-Tailed
                    Estimate       S.E.  Est./S.E.    P-Value

Group SM

 F1       BY
    V103               0.416      0.048      8.660      0.000
    V104               0.368      0.042      8.730      0.000
    V105               0.483      0.047     10.252      0.000
    V106              -0.081      0.043     -1.880      0.060
    V107               0.425      0.042     10.230      0.000

 Means
    F1                 0.000      0.000    999.000    999.000

 Intercepts
    V103               2.089      0.038     55.600      0.000
    V104               1.984      0.039     50.880      0.000
    V105               1.652      0.031     52.649      0.000
    V106               2.239      0.043     52.552      0.000
    V107               2.557      0.054     47.527      0.000

 Variances
    F1                 1.000      0.000    999.000    999.000

 Residual Variances
    V103               0.827      0.040     20.735      0.000
    V104               0.864      0.031     27.787      0.000
    V105               0.766      0.046     16.808      0.000
    V106               0.993      0.007    142.738      0.000
    V107               0.819      0.035     23.223      0.000

Group MM

 F1       BY
    V103               0.464      0.057      8.176      0.000
    V104               0.410      0.049      8.437      0.000
    V105               0.598      0.053     11.229      0.000
    V106              -0.091      0.047     -1.944      0.052
    V107               0.477      0.063      7.596      0.000

 Means
    F1                 0.000      0.000    999.000    999.000

 Intercepts
    V103               1.977      0.065     30.535      0.000
    V104               1.870      0.052     35.835      0.000
    V105               1.730      0.065     26.495      0.000
    V106               2.136      0.063     33.721      0.000
    V107               2.431      0.086     28.151      0.000

 Variances
    F1                 1.000      0.000    999.000    999.000

 Residual Variances
    V103               0.784      0.053     14.874      0.000
    V104               0.832      0.040     20.890      0.000
    V105               0.643      0.064     10.105      0.000
    V106               0.992      0.009    116.144      0.000
    V107               0.773      0.060     12.913      0.000


R-SQUARE

Group SM

    Observed                                        Two-Tailed
    Variable        Estimate       S.E.  Est./S.E.    P-Value

    V103               0.173      0.040      4.330      0.000
    V104               0.136      0.031      4.365      0.000
    V105               0.234      0.046      5.126      0.000
    V106               0.007      0.007      0.940      0.347
    V107               0.181      0.035      5.115      0.000

Group MM

    Observed                                        Two-Tailed
    Variable        Estimate       S.E.  Est./S.E.    P-Value

    V103               0.216      0.053      4.088      0.000
    V104               0.168      0.040      4.219      0.000
    V105               0.357      0.064      5.615      0.000
    V106               0.008      0.009      0.972      0.331
    V107               0.227      0.060      3.798      0.000


QUALITY OF NUMERICAL RESULTS

     Condition Number for the Information Matrix              0.275E-02
       (ratio of smallest to largest eigenvalue)


MODEL MODIFICATION INDICES

NOTE:  Modification indices for direct effects of observed dependent variables
regressed on covariates may not be included.  To include these, request
MODINDICES (ALL).

Minimum M.I. value for printing the modification index    10.000

                                   M.I.     E.P.C.  Std E.P.C.  StdYX E.P.C.
Group SM


Means/Intercepts/Thresholds

[ V103     ]                      10.585    -0.130     -0.130       -0.054

Group MM


Means/Intercepts/Thresholds

[ V103     ]                      10.585     0.333      0.333        0.130



DIAGRAM INFORMATION

  Use View Diagram under the Diagram menu in the Mplus Editor to view the diagram.
  If running Mplus from the Mplus Diagrammer, the diagram opens automatically.

  Diagram output
    c:\users\msassac6\dropbox (the university of manchester)\papers\joe s\evs_mm_de_equivalence\mplus\eq\inv_data3_v103_

     Beginning Time:  08:32:27
        Ending Time:  08:32:27
       Elapsed Time:  00:00:00



MUTHEN & MUTHEN
3463 Stoner Ave.
Los Angeles, CA  90066

Tel: (310) 391-9971
Fax: (310) 391-8971
Web: www.StatModel.com
Support: Support@StatModel.com

Copyright (c) 1998-2017 Muthen & Muthen
