Mplus VERSION 8
MUTHEN & MUTHEN
07/13/2020   8:30 AM

INPUT INSTRUCTIONS

  TITLE: Your title goes here

   DATA: FILE = eq/data.dta;

   VARIABLE:

   NAMES = id_cocas weight comp_mode comp_len mode mm_matrix_group wei_mmf v2 v3 v4 v32
       v33 v34 v35 v36 v37 v46 v47 v48 v49 v50 v65 v66 v67 v68 v69 v70 v82 v83 v84 v98
       v99 v100 v101 v103 v104 v105 v106 v107 v115 v116 v117 v118 v119 v120 v121 v122
       v123 v124 v125 v126 v127 v128 v129 v130 v131 v132 v133 v134 v135 v136 v137 v138
       v139 v140 v141 v145 v146 v147 v148 v149 v150 v151 v152 v153 v154 v155 v156 v157
       v158 v159 v160 v161 v162 v163 v164 v165 v166 v167 v176 v177 v178 v179 v180 v181
       v182 v183 v185 v186 v187 v188 v189 v191 v192 v193 v194 v195 v196 v197 v199 v200
       v201 v202 v203 v205 v206 v207 v208 v209 v210 v211 v212 v213 v214 v215 v216 v217
       v218 v220 v221 v222 v223 v224 v267 v268 v269 v271 v272 v273;

   MISSING=.;

   USEVARIABLES ARE
   v164
   v165
   v166
   v167;

   CATEGORICAL ARE
   v164
   v165
   v166
   v167;

   GROUPING IS comp_len (0=full 1=short);

  WEIGHT IS weight;

   Analysis:

                  ESTIMATOR = WLSMV;

                  ITERATIONS = 100000;

                  PARAMETERIZATION = THETA;

  Model:


  f1 BY v164@1
  v165 (L2)
  v166 (L3)
  v167 (L4)
  ;


   [f1@0];
  [v164$1] (t_v164_1);
  [v164$2] (t_v164_2);
  [v164$3] (t_v164_3);

  [v165$1] (t_v165_1);
  [v165$2] (t_v165_2);
  [v165$3] (t_v165_3);

  [v166$1] (t_v166_1);
  [v166$2] (t_v166_2);
  [v166$3] (t_v166_3);

  [v167$1] (t_v167_1);
  [v167$2] (t_v167_2);
  [v167$3] (t_v167_3);


  Model short:

  f1 BY v164@1
  v165 (L2)
  v166 (L3)
  v167 (L4)
  ;


   [f1@0];
  [v164$1] (t_v164_1);
  [v164$2] (t_v164_2);
  [v164$3] (t_v164_3);

  [v165$1] (t_v165_1);
  [v165$2] (t_v165_2);
  [v165$3] (t_v165_3);

  [v166$1] (t_v166_1);
  [v166$2] (t_v166_2);
  [v166$3] (t_v166_3);

  [v167$1] (t_v167_1);
  [v167$2] (t_v167_2);
  [v167$3] (t_v167_3);


   SAVEDATA: DIFFTEST IS v164_scalar.dat;

   OUTPUT: SAMPSTAT;

                                  MODINDICES;

                                  STDYX;




*** WARNING
  Data set contains unknown or missing values for GROUPING,
  PATTERN, COHORT, CLUSTER and/or STRATIFICATION variables.
  Number of cases with unknown or missing values:  1494
*** WARNING
  Data set contains cases with missing on all variables.
  These cases were not included in the analysis.
  Number of cases with missing on all variables:  1635
   2 WARNING(S) FOUND IN THE INPUT INSTRUCTIONS



Your title goes here

SUMMARY OF ANALYSIS

Number of groups                                                 2
Number of observations
   Group FULL                                                  662
   Group SHORT                                                1625
   Total sample size                                          2287

Number of dependent variables                                    4
Number of independent variables                                  0
Number of continuous latent variables                            1

Observed dependent variables

  Binary and ordered categorical (ordinal)
   V164        V165        V166        V167

Continuous latent variables
   F1

Variables with special functions

  Grouping variable     COMP_LEN
  Weight variable       WEIGHT

Estimator                                                    WLSMV
Maximum number of iterations                                100000
Convergence criterion                                    0.500D-04
Maximum number of steepest descent iterations                   20
Maximum number of iterations for H1                           2000
Convergence criterion for H1                             0.100D-03
Parameterization                                             THETA
Link                                                        PROBIT

Input data file(s)
  eq/data.dta

Input data format  FREE


SUMMARY OF DATA

   Group FULL
     Number of missing data patterns            10

   Group SHORT
     Number of missing data patterns            11


COVARIANCE COVERAGE OF DATA

Minimum covariance coverage value   0.100


     PROPORTION OF DATA PRESENT FOR FULL


           Covariance Coverage
              V164          V165          V166          V167
              ________      ________      ________      ________
 V164           0.994
 V165           0.985         0.988
 V166           0.976         0.970         0.980
 V167           0.958         0.953         0.952         0.962


     PROPORTION OF DATA PRESENT FOR SHORT


           Covariance Coverage
              V164          V165          V166          V167
              ________      ________      ________      ________
 V164           0.993
 V165           0.978         0.982
 V166           0.983         0.975         0.989
 V167           0.961         0.954         0.963         0.967


UNIVARIATE PROPORTIONS AND COUNTS FOR CATEGORICAL VARIABLES

  Group FULL
    V164
      Category 1    0.400          262.903
      Category 2    0.485          318.835
      Category 3    0.097           63.742
      Category 4    0.019           12.310
    V165
      Category 1    0.305          199.399
      Category 2    0.502          327.421
      Category 3    0.136           88.560
      Category 4    0.057           37.456
    V166
      Category 1    0.420          273.151
      Category 2    0.479          311.038
      Category 3    0.086           55.990
      Category 4    0.015            9.508
    V167
      Category 1    0.249          157.345
      Category 2    0.480          302.917
      Category 3    0.231          146.030
      Category 4    0.039           24.651

  Group SHORT
    V164
      Category 1    0.378          610.760
      Category 2    0.452          729.865
      Category 3    0.152          245.572
      Category 4    0.017           28.021
    V165
      Category 1    0.327          522.289
      Category 2    0.482          768.529
      Category 3    0.157          249.912
      Category 4    0.035           55.346
    V166
      Category 1    0.421          677.217
      Category 2    0.491          788.740
      Category 3    0.079          126.691
      Category 4    0.009           14.666
    V167
      Category 1    0.260          406.555
      Category 2    0.490          765.688
      Category 3    0.206          321.875
      Category 4    0.044           68.492


SAMPLE STATISTICS


     ESTIMATED SAMPLE STATISTICS FOR FULL


           MEANS/INTERCEPTS/THRESHOLDS
              V164$1        V164$2        V164$3        V165$1        V165$2
              ________      ________      ________      ________      ________
               -0.254         1.197         2.081        -0.509         0.867


           MEANS/INTERCEPTS/THRESHOLDS
              V165$3        V166$1        V166$2        V166$3        V167$1
              ________      ________      ________      ________      ________
                1.577        -0.201         1.277         2.180        -0.676


           MEANS/INTERCEPTS/THRESHOLDS
              V167$2        V167$3
              ________      ________
                0.611         1.762


           CORRELATION MATRIX (WITH VARIANCES ON THE DIAGONAL)
              V164          V165          V166          V167
              ________      ________      ________      ________
 V164
 V165           0.709
 V166           0.485         0.506
 V167           0.215         0.227         0.515


     ESTIMATED SAMPLE STATISTICS FOR SHORT


           MEANS/INTERCEPTS/THRESHOLDS
              V164$1        V164$2        V164$3        V165$1        V165$2
              ________      ________      ________      ________      ________
               -0.310         0.956         2.112        -0.448         0.873


           MEANS/INTERCEPTS/THRESHOLDS
              V165$3        V166$1        V166$2        V166$3        V167$1
              ________      ________      ________      ________      ________
                1.816        -0.198         1.354         2.361        -0.643


           MEANS/INTERCEPTS/THRESHOLDS
              V167$2        V167$3
              ________      ________
                0.675         1.708


           CORRELATION MATRIX (WITH VARIANCES ON THE DIAGONAL)
              V164          V165          V166          V167
              ________      ________      ________      ________
 V164
 V165           0.693
 V166           0.450         0.461
 V167           0.141         0.233         0.486


THE MODEL ESTIMATION TERMINATED NORMALLY



MODEL FIT INFORMATION

Number of Free Parameters                       21

Chi-Square Test of Model Fit

          Value                            222.152*
          Degrees of Freedom                    15
          P-Value                           0.0000

Chi-Square Contribution From Each Group

          FULL                              73.685
          SHORT                            148.467

*   The chi-square value for MLM, MLMV, MLR, ULSMV, WLSM and WLSMV cannot be used
    for chi-square difference testing in the regular way.  MLM, MLR and WLSM
    chi-square difference testing is described on the Mplus website.  MLMV, WLSMV,
    and ULSMV difference testing is done using the DIFFTEST option.

RMSEA (Root Mean Square Error Of Approximation)

          Estimate                           0.110
          90 Percent C.I.                    0.097  0.123
          Probability RMSEA <= .05           0.000

CFI/TLI

          CFI                                0.944
          TLI                                0.955

Chi-Square Test of Model Fit for the Baseline Model

          Value                           3698.349
          Degrees of Freedom                    12
          P-Value                           0.0000

WRMR (Weighted Root Mean Square Residual)

          Value                              3.593



MODEL RESULTS

                                                    Two-Tailed
                    Estimate       S.E.  Est./S.E.    P-Value

Group FULL

 F1       BY
    V164               1.000      0.000    999.000    999.000
    V165               0.916      0.138      6.657      0.000
    V166               0.591      0.065      9.130      0.000
    V167               0.326      0.038      8.511      0.000

 Means
    F1                 0.000      0.000    999.000    999.000

 Thresholds
    V164$1            -0.548      0.070     -7.847      0.000
    V164$2             1.918      0.163     11.780      0.000
    V164$3             3.927      0.328     11.982      0.000
    V165$1            -0.757      0.069    -10.917      0.000
    V165$2             1.422      0.106     13.397      0.000
    V165$3             2.841      0.187     15.218      0.000
    V166$1            -0.263      0.041     -6.398      0.000
    V166$2             1.762      0.102     17.321      0.000
    V166$3             3.030      0.177     17.104      0.000
    V167$1            -0.736      0.046    -16.042      0.000
    V167$2             0.739      0.045     16.418      0.000
    V167$3             1.944      0.091     21.255      0.000

 Variances
    F1                 2.317      0.444      5.215      0.000

 Residual Variances
    V164               1.000      0.000    999.000    999.000
    V165               1.000      0.000    999.000    999.000
    V166               1.000      0.000    999.000    999.000
    V167               1.000      0.000    999.000    999.000

Group SHORT

 F1       BY
    V164               1.000      0.000    999.000    999.000
    V165               0.916      0.138      6.657      0.000
    V166               0.591      0.065      9.130      0.000
    V167               0.326      0.038      8.511      0.000

 Means
    F1                 0.000      0.000    999.000    999.000

 Thresholds
    V164$1            -0.548      0.070     -7.847      0.000
    V164$2             1.918      0.163     11.780      0.000
    V164$3             3.927      0.328     11.982      0.000
    V165$1            -0.757      0.069    -10.917      0.000
    V165$2             1.422      0.106     13.397      0.000
    V165$3             2.841      0.187     15.218      0.000
    V166$1            -0.263      0.041     -6.398      0.000
    V166$2             1.762      0.102     17.321      0.000
    V166$3             3.030      0.177     17.104      0.000
    V167$1            -0.736      0.046    -16.042      0.000
    V167$2             0.739      0.045     16.418      0.000
    V167$3             1.944      0.091     21.255      0.000

 Variances
    F1                 2.154      0.419      5.137      0.000

 Residual Variances
    V164               1.425      0.249      5.719      0.000
    V165               0.753      0.119      6.332      0.000
    V166               0.976      0.127      7.671      0.000
    V167               1.052      0.109      9.650      0.000


STANDARDIZED MODEL RESULTS


STDYX Standardization

                                                    Two-Tailed
                    Estimate       S.E.  Est./S.E.    P-Value

Group FULL

 F1       BY
    V164               0.836      0.024     34.601      0.000
    V165               0.813      0.024     33.742      0.000
    V166               0.669      0.028     23.729      0.000
    V167               0.445      0.030     14.819      0.000

 Means
    F1                 0.000      0.000    999.000    999.000

 Thresholds
    V164$1            -0.301      0.033     -9.103      0.000
    V164$2             1.053      0.055     19.316      0.000
    V164$3             2.156      0.108     20.010      0.000
    V165$1            -0.441      0.033    -13.212      0.000
    V165$2             0.829      0.044     18.738      0.000
    V165$3             1.656      0.074     22.264      0.000
    V166$1            -0.196      0.030     -6.482      0.000
    V166$2             1.310      0.060     21.711      0.000
    V166$3             2.253      0.116     19.492      0.000
    V167$1            -0.659      0.039    -16.817      0.000
    V167$2             0.662      0.039     17.156      0.000
    V167$3             1.741      0.077     22.561      0.000

 Variances
    F1                 1.000      0.000    999.000    999.000

 Residual Variances
    V164               0.301      0.040      7.466      0.000
    V165               0.340      0.039      8.684      0.000
    V166               0.553      0.038     14.666      0.000
    V167               0.802      0.027     30.005      0.000

Group SHORT

 F1       BY
    V164               0.776      0.019     40.886      0.000
    V165               0.840      0.018     46.541      0.000
    V166               0.660      0.021     31.841      0.000
    V167               0.423      0.024     17.610      0.000

 Means
    F1                 0.000      0.000    999.000    999.000

 Thresholds
    V164$1            -0.290      0.030     -9.564      0.000
    V164$2             1.014      0.038     26.342      0.000
    V164$3             2.076      0.073     28.309      0.000
    V165$1            -0.473      0.032    -14.680      0.000
    V165$2             0.889      0.037     24.142      0.000
    V165$3             1.776      0.059     30.028      0.000
    V166$1            -0.200      0.030     -6.619      0.000
    V166$2             1.340      0.047     28.315      0.000
    V166$3             2.305      0.102     22.680      0.000
    V167$1            -0.650      0.034    -19.210      0.000
    V167$2             0.653      0.034     19.089      0.000
    V167$3             1.718      0.059     29.122      0.000

 Variances
    F1                 1.000      0.000    999.000    999.000

 Residual Variances
    V164               0.398      0.029     13.524      0.000
    V165               0.294      0.030      9.709      0.000
    V166               0.565      0.027     20.674      0.000
    V167               0.821      0.020     40.370      0.000


R-SQUARE

Group FULL

    Observed                                        Two-Tailed     Scale
    Variable        Estimate       S.E.  Est./S.E.    P-Value     Factors

    V164               0.699      0.040     17.300      0.000      0.549
    V165               0.660      0.039     16.871      0.000      0.583
    V166               0.447      0.038     11.865      0.000      0.743
    V167               0.198      0.027      7.410      0.000      0.896

Group SHORT

    Observed                                        Two-Tailed     Scale
    Variable        Estimate       S.E.  Est./S.E.    P-Value     Factors

    V164               0.602      0.029     20.443      0.000      0.529
    V165               0.706      0.030     23.270      0.000      0.625
    V166               0.435      0.027     15.921      0.000      0.761
    V167               0.179      0.020      8.805      0.000      0.883


QUALITY OF NUMERICAL RESULTS

     Condition Number for the Information Matrix              0.355E-03
       (ratio of smallest to largest eigenvalue)


MODEL MODIFICATION INDICES

NOTE:  Modification indices for direct effects of observed dependent variables
regressed on covariates and residual covariances among observed dependent
variables may not be included.  To include these, request MODINDICES (ALL).

Minimum M.I. value for printing the modification index    10.000

                                   M.I.     E.P.C.  Std E.P.C.  StdYX E.P.C.
Group FULL


WITH Statements

V165     WITH V164                11.525     0.678      0.678        0.678
V167     WITH V164                16.743    -0.474     -0.474       -0.474
V167     WITH V165                12.740    -0.381     -0.381       -0.381
V167     WITH V166                58.271     0.498      0.498        0.498

Means/Intercepts/Thresholds

[ V164$2   ]                      12.308     0.118      0.118        0.065

Group SHORT


WITH Statements

V165     WITH V164               117.247     2.046      2.046        1.975
V166     WITH V164                23.081    -0.733     -0.733       -0.622
V166     WITH V165                67.399    -1.113     -1.113       -1.298
V167     WITH V164                90.783    -1.122     -1.122       -0.916
V167     WITH V165                43.953    -0.670     -0.670       -0.753
V167     WITH V166               221.118     0.949      0.949        0.937

Means/Intercepts/Thresholds

[ V164$2   ]                      12.286    -0.656     -0.656       -0.347



SAVEDATA INFORMATION


  Difference testing

  Save file
    v164_scalar.dat
  Save format      Free

DIAGRAM INFORMATION

  Use View Diagram under the Diagram menu in the Mplus Editor to view the diagram.
  If running Mplus from the Mplus Diagrammer, the diagram opens automatically.

  Diagram output
    c:\users\msassac6\dropbox (the university of manchester)\papers\joe s\evs_mm_de_equivalence\mplus\eq\inv_data3_v164_

     Beginning Time:  08:30:35
        Ending Time:  08:30:36
       Elapsed Time:  00:00:01



MUTHEN & MUTHEN
3463 Stoner Ave.
Los Angeles, CA  90066

Tel: (310) 391-9971
Fax: (310) 391-8971
Web: www.StatModel.com
Support: Support@StatModel.com

Copyright (c) 1998-2017 Muthen & Muthen
