Mplus VERSION 8
MUTHEN & MUTHEN
07/06/2020   1:54 PM

INPUT INSTRUCTIONS

  TITLE: Your title goes here

   DATA: FILE = eq/data.dta;

   VARIABLE:

   NAMES = id_cocas weight comp_mode comp_len mode mm_matrix_group wei_mmf v2 v3 v4 v32
       v33 v34 v35 v36 v37 v46 v47 v48 v49 v50 v65 v66 v67 v68 v69 v70 v82 v83 v84 v98
       v99 v100 v101 v103 v104 v105 v106 v107 v115 v116 v117 v118 v119 v120 v121 v122
       v123 v124 v125 v126 v127 v128 v129 v130 v131 v132 v133 v134 v135 v136 v137 v138
       v139 v140 v141 v145 v146 v147 v148 v149 v150 v151 v152 v153 v154 v155 v156 v157
       v158 v159 v160 v161 v162 v163 v164 v165 v166 v167 v176 v177 v178 v179 v180 v181
       v182 v183 v185 v186 v187 v188 v189 v191 v192 v193 v194 v195 v196 v197 v199 v200
       v201 v202 v203 v205 v206 v207 v208 v209 v210 v211 v212 v213 v214 v215 v216 v217
       v218 v220 v221 v222 v223 v224 v267 v268 v269 v271 v272 v273;

   MISSING=.;

   USEVARIABLES ARE
   v103
   v104
   v105
   v106
   v107;

   GROUPING IS comp_len (0=full 1=short);

  Model:


  f1 BY v103@1
  v104 (L2)
  v105 (L3)
  v106 (L4)
  v107 (L5)
  ;

  [v103] (i1_full);
  [v104] (i2_full);
  [v105] (i3_full);
  [v106] (i4_full);
  [v107] (i5_full);

   [f1@0];

  Model short:

  f1 BY v103@1
  v104 (L2)
  v105 (L3)
  v106 (L4)
  v107 (L5)
  ;

  [v103] (i1_short);
  [v104] (i2_short);
  [v105] (i3_short);
  [v106] (i4_short);
  [v107] (i5_short);

   [f1@0];

   SAVEDATA: DIFFTEST IS v103_metric.dat;

   OUTPUT: SAMPSTAT;

                                  MODINDICES;

                                  STDYX;




*** WARNING in SAVEDATA command
  The DIFFTEST option is available only for the estimators MLMV, WLSMV and ULSMV.
  Request for DIFFTEST will be ignored.
*** WARNING
  Data set contains unknown or missing values for GROUPING,
  PATTERN, COHORT, CLUSTER and/or STRATIFICATION variables.
  Number of cases with unknown or missing values:  1494
*** WARNING
  Data set contains cases with missing on all variables.
  These cases were not included in the analysis.
  Number of cases with missing on all variables:  1654
   3 WARNING(S) FOUND IN THE INPUT INSTRUCTIONS



Your title goes here

SUMMARY OF ANALYSIS

Number of groups                                                 2
Number of observations
   Group FULL                                                  662
   Group SHORT                                                1606
   Total sample size                                          2268

Number of dependent variables                                    5
Number of independent variables                                  0
Number of continuous latent variables                            1

Observed dependent variables

  Continuous
   V103        V104        V105        V106        V107

Continuous latent variables
   F1

Variables with special functions

  Grouping variable     COMP_LEN

Estimator                                                       ML
Information matrix                                        OBSERVED
Maximum number of iterations                                  1000
Convergence criterion                                    0.500D-04
Maximum number of steepest descent iterations                   20
Maximum number of iterations for H1                           2000
Convergence criterion for H1                             0.100D-03

Input data file(s)
  eq/data.dta

Input data format  FREE


SUMMARY OF DATA

   Group FULL
     Number of missing data patterns            24

   Group SHORT
     Number of missing data patterns            30


COVARIANCE COVERAGE OF DATA

Minimum covariance coverage value   0.100


     PROPORTION OF DATA PRESENT FOR FULL


           Covariance Coverage
              V103          V104          V105          V106          V107
              ________      ________      ________      ________      ________
 V103           0.955
 V104           0.914         0.944
 V105           0.911         0.903         0.949
 V106           0.924         0.908         0.914         0.953
 V107           0.766         0.764         0.760         0.769         0.782


     PROPORTION OF DATA PRESENT FOR SHORT


           Covariance Coverage
              V103          V104          V105          V106          V107
              ________      ________      ________      ________      ________
 V103           0.958
 V104           0.922         0.950
 V105           0.914         0.911         0.947
 V106           0.924         0.916         0.922         0.955
 V107           0.762         0.757         0.764         0.765         0.780


SAMPLE STATISTICS


     ESTIMATED SAMPLE STATISTICS FOR FULL


           Means
              V103          V104          V105          V106          V107
              ________      ________      ________      ________      ________
                5.310         4.630         3.537         5.848         5.434


           Covariances
              V103          V104          V105          V106          V107
              ________      ________      ________      ________      ________
 V103           6.051
 V104           0.983         6.052
 V105           1.098         1.126         3.660
 V106          -0.889        -0.521        -0.254         6.423
 V107           1.456         1.106         1.358        -0.110         4.644


           Correlations
              V103          V104          V105          V106          V107
              ________      ________      ________      ________      ________
 V103           1.000
 V104           0.162         1.000
 V105           0.233         0.239         1.000
 V106          -0.143        -0.084        -0.052         1.000
 V107           0.275         0.209         0.329        -0.020         1.000


     ESTIMATED SAMPLE STATISTICS FOR SHORT


           Means
              V103          V104          V105          V106          V107
              ________      ________      ________      ________      ________
                5.403         4.943         3.598         5.968         5.350


           Covariances
              V103          V104          V105          V106          V107
              ________      ________      ________      ________      ________
 V103           6.882
 V104           1.423         5.733
 V105           1.390         1.239         3.938
 V106          -1.144        -0.798        -0.735         6.865
 V107           1.379         1.093         0.913        -1.451         4.563


           Correlations
              V103          V104          V105          V106          V107
              ________      ________      ________      ________      ________
 V103           1.000
 V104           0.226         1.000
 V105           0.267         0.261         1.000
 V106          -0.166        -0.127        -0.141         1.000
 V107           0.246         0.214         0.215        -0.259         1.000


     MAXIMUM LOG-LIKELIHOOD VALUE FOR THE UNRESTRICTED (H1) MODEL IS -23229.626


UNIVARIATE SAMPLE STATISTICS


     UNIVARIATE HIGHER-ORDER MOMENT DESCRIPTIVE STATISTICS FOR FULL

         Variable/         Mean/     Skewness/   Minimum/ % with                Percentiles
        Sample Size      Variance    Kurtosis    Maximum  Min/Max      20%/60%    40%/80%    Median

     V103                  5.307       0.221       1.000    6.96%       3.000      5.000      5.000
             632.000       6.042      -0.633      10.000    7.75%       6.000      8.000
     V104                  4.629       0.367       1.000   12.48%       2.000      4.000      4.000
             625.000       6.054      -0.604      10.000    4.96%       5.000      7.000
     V105                  3.516       0.777       1.000   16.88%       2.000      3.000      3.000
             628.000       3.648       0.624      10.000    0.96%       4.000      5.000
     V106                  5.854      -0.223       1.000    7.29%       3.000      5.000      6.000
             631.000       6.419      -0.759      10.000    9.35%       7.000      8.000
     V107                  5.363       0.155       1.000    4.83%       4.000      5.000      5.000
             518.000       4.594      -0.136      10.000    5.21%       5.000      7.000


     UNIVARIATE HIGHER-ORDER MOMENT DESCRIPTIVE STATISTICS FOR SHORT

         Variable/         Mean/     Skewness/   Minimum/ % with                Percentiles
        Sample Size      Variance    Kurtosis    Maximum  Min/Max      20%/60%    40%/80%    Median

     V103                  5.398       0.108       1.000    8.97%       3.000      5.000      5.000
            1539.000       6.884      -0.829      10.000   10.20%       6.000      8.000
     V104                  4.932       0.251       1.000    9.24%       3.000      4.000      5.000
            1526.000       5.721      -0.573      10.000    5.31%       5.000      7.000
     V105                  3.586       0.720       1.000   17.23%       2.000      3.000      3.000
            1521.000       3.932       0.384      10.000    1.25%       4.000      5.000
     V106                  5.978      -0.265       1.000    7.37%       3.000      5.000      6.000
            1533.000       6.856      -0.867      10.000   10.44%       7.000      8.000
     V107                  5.324       0.142       1.000    5.51%       4.000      5.000      5.000
            1253.000       4.575      -0.081      10.000    4.71%       5.000      7.000


THE MODEL ESTIMATION TERMINATED NORMALLY



MODEL FIT INFORMATION

Number of Free Parameters                       26

Loglikelihood

          H0 Value                      -23251.403
          H1 Value                      -23229.626

Information Criteria

          Akaike (AIC)                   46554.806
          Bayesian (BIC)                 46703.699
          Sample-Size Adjusted BIC       46621.093
            (n* = (n + 2) / 24)

Chi-Square Test of Model Fit

          Value                             43.554
          Degrees of Freedom                    14
          P-Value                           0.0001

Chi-Square Contribution From Each Group

          FULL                              19.420
          SHORT                             24.135

RMSEA (Root Mean Square Error Of Approximation)

          Estimate                           0.043
          90 Percent C.I.                    0.029  0.058
          Probability RMSEA <= .05           0.761

CFI/TLI

          CFI                                0.955
          TLI                                0.936

Chi-Square Test of Model Fit for the Baseline Model

          Value                            679.605
          Degrees of Freedom                    20
          P-Value                           0.0000

SRMR (Standardized Root Mean Square Residual)

          Value                              0.034



MODEL RESULTS

                                                    Two-Tailed
                    Estimate       S.E.  Est./S.E.    P-Value

Group FULL

 F1       BY
    V103               1.000      0.000    999.000    999.000
    V104               0.833      0.078     10.722      0.000
    V105               0.782      0.069     11.408      0.000
    V106              -0.597      0.069     -8.606      0.000
    V107               0.846      0.075     11.246      0.000

 Means
    F1                 0.000      0.000    999.000    999.000

 Intercepts
    V103               5.310      0.098     54.228      0.000
    V104               4.628      0.098     47.022      0.000
    V105               3.534      0.076     46.767      0.000
    V106               5.849      0.103     56.975      0.000
    V107               5.410      0.092     58.679      0.000

 Variances
    F1                 1.480      0.223      6.628      0.000

 Residual Variances
    V103               4.604      0.326     14.135      0.000
    V104               5.050      0.326     15.507      0.000
    V105               2.695      0.197     13.696      0.000
    V106               6.132      0.361     16.968      0.000
    V107               3.434      0.264     12.990      0.000

Group SHORT

 F1       BY
    V103               1.000      0.000    999.000    999.000
    V104               0.833      0.078     10.722      0.000
    V105               0.782      0.069     11.408      0.000
    V106              -0.597      0.069     -8.606      0.000
    V107               0.846      0.075     11.246      0.000

 Means
    F1                 0.000      0.000    999.000    999.000

 Intercepts
    V103               5.403      0.067     81.036      0.000
    V104               4.943      0.061     80.880      0.000
    V105               3.598      0.051     70.667      0.000
    V106               5.969      0.066     89.937      0.000
    V107               5.347      0.060     89.326      0.000

 Variances
    F1                 1.713      0.217      7.894      0.000

 Residual Variances
    V103               5.157      0.248     20.758      0.000
    V104               4.533      0.205     22.160      0.000
    V105               2.914      0.144     20.242      0.000
    V106               6.153      0.243     25.289      0.000
    V107               3.387      0.181     18.766      0.000


STANDARDIZED MODEL RESULTS


STDYX Standardization

                                                    Two-Tailed
                    Estimate       S.E.  Est./S.E.    P-Value

Group FULL

 F1       BY
    V103               0.493      0.035     14.228      0.000
    V104               0.411      0.032     12.698      0.000
    V105               0.502      0.036     13.769      0.000
    V106              -0.281      0.029     -9.567      0.000
    V107               0.486      0.038     12.930      0.000

 Means
    F1                 0.000      0.000    999.000    999.000

 Intercepts
    V103               2.153      0.071     30.400      0.000
    V104               1.877      0.065     28.888      0.000
    V105               1.862      0.064     29.111      0.000
    V106               2.267      0.075     30.335      0.000
    V107               2.552      0.086     29.667      0.000

 Variances
    F1                 1.000      0.000    999.000    999.000

 Residual Variances
    V103               0.757      0.034     22.124      0.000
    V104               0.831      0.027     31.195      0.000
    V105               0.748      0.037     20.475      0.000
    V106               0.921      0.017     55.601      0.000
    V107               0.764      0.036     20.941      0.000

Group SHORT

 F1       BY
    V103               0.499      0.029     17.219      0.000
    V104               0.456      0.029     15.636      0.000
    V105               0.514      0.029     17.856      0.000
    V106              -0.300      0.030     -9.899      0.000
    V107               0.516      0.030     17.006      0.000

 Means
    F1                 0.000      0.000    999.000    999.000

 Intercepts
    V103               2.061      0.045     46.295      0.000
    V104               2.066      0.045     46.144      0.000
    V105               1.807      0.041     43.879      0.000
    V106               2.295      0.048     47.696      0.000
    V107               2.489      0.056     44.329      0.000

 Variances
    F1                 1.000      0.000    999.000    999.000

 Residual Variances
    V103               0.751      0.029     25.913      0.000
    V104               0.792      0.027     29.796      0.000
    V105               0.735      0.030     24.808      0.000
    V106               0.910      0.018     49.873      0.000
    V107               0.734      0.031     23.471      0.000


R-SQUARE

Group FULL

    Observed                                        Two-Tailed
    Variable        Estimate       S.E.  Est./S.E.    P-Value

    V103               0.243      0.034      7.114      0.000
    V104               0.169      0.027      6.349      0.000
    V105               0.252      0.037      6.884      0.000
    V106               0.079      0.017      4.784      0.000
    V107               0.236      0.036      6.465      0.000

Group SHORT

    Observed                                        Two-Tailed
    Variable        Estimate       S.E.  Est./S.E.    P-Value

    V103               0.249      0.029      8.609      0.000
    V104               0.208      0.027      7.818      0.000
    V105               0.265      0.030      8.928      0.000
    V106               0.090      0.018      4.950      0.000
    V107               0.266      0.031      8.503      0.000


QUALITY OF NUMERICAL RESULTS

     Condition Number for the Information Matrix              0.445E-02
       (ratio of smallest to largest eigenvalue)


MODEL MODIFICATION INDICES

NOTE:  Modification indices for direct effects of observed dependent variables
regressed on covariates may not be included.  To include these, request
MODINDICES (ALL).

Minimum M.I. value for printing the modification index    10.000

                                   M.I.     E.P.C.  Std E.P.C.  StdYX E.P.C.
Group FULL


No modification indices above the minimum value.

Group SHORT


WITH Statements

V107     WITH V106                19.382    -0.696     -0.696       -0.152



DIAGRAM INFORMATION

  Use View Diagram under the Diagram menu in the Mplus Editor to view the diagram.
  If running Mplus from the Mplus Diagrammer, the diagram opens automatically.

  Diagram output
    c:\users\msassac6\dropbox (the university of manchester)\papers\joe s\evs_mm_de_equivalence\mplus\eq\inv_data3_v103_

     Beginning Time:  13:54:20
        Ending Time:  13:54:21
       Elapsed Time:  00:00:01



MUTHEN & MUTHEN
3463 Stoner Ave.
Los Angeles, CA  90066

Tel: (310) 391-9971
Fax: (310) 391-8971
Web: www.StatModel.com
Support: Support@StatModel.com

Copyright (c) 1998-2017 Muthen & Muthen
