Mplus VERSION 8
MUTHEN & MUTHEN
07/13/2020   8:31 AM

INPUT INSTRUCTIONS

  TITLE: Your title goes here

   DATA: FILE = eq/data.dta;

   VARIABLE:

   NAMES = id_cocas weight comp_mode comp_len mode mm_matrix_group wei_mmf v2 v3 v4 v32
       v33 v34 v35 v36 v37 v46 v47 v48 v49 v50 v65 v66 v67 v68 v69 v70 v82 v83 v84 v98
       v99 v100 v101 v103 v104 v105 v106 v107 v115 v116 v117 v118 v119 v120 v121 v122
       v123 v124 v125 v126 v127 v128 v129 v130 v131 v132 v133 v134 v135 v136 v137 v138
       v139 v140 v141 v145 v146 v147 v148 v149 v150 v151 v152 v153 v154 v155 v156 v157
       v158 v159 v160 v161 v162 v163 v164 v165 v166 v167 v176 v177 v178 v179 v180 v181
       v182 v183 v185 v186 v187 v188 v189 v191 v192 v193 v194 v195 v196 v197 v199 v200
       v201 v202 v203 v205 v206 v207 v208 v209 v210 v211 v212 v213 v214 v215 v216 v217
       v218 v220 v221 v222 v223 v224 v267 v268 v269 v271 v272 v273;

   MISSING=.;

   USEVARIABLES ARE
   v115
   v116
   v117
   v118
   v119
   v120
   v121
   v122
   v123
   v124
   v125
   v126
   v127
   v128
   v129
   v130
   v131
   v132;

   CATEGORICAL ARE
   v115
   v116
   v117
   v118
   v119
   v120
   v121
   v122
   v123
   v124
   v125
   v126
   v127
   v128
   v129
   v130
   v131
   v132;

   GROUPING IS comp_mode (0=sm 1=mm);

  WEIGHT IS weight;

   Analysis:

                  ESTIMATOR = WLSMV;

                  ITERATIONS = 100000;

                  PARAMETERIZATION = THETA;

  Model:


  f1 BY v115@1
  v116 (L2)
  v117 (L3)
  v118 (L4)
  v119 (L5)
  v120 (L6)
  v121 (L7)
  v122 (L8)
  v123 (L9)
  v124 (L10)
  v125 (L11)
  v126 (L12)
  v127 (L13)
  v128 (L14)
  v129 (L15)
  v130 (L16)
  v131 (L17)
  v132 (L18)
  ;


   [f1@0];
  [v115$1] (t_v115_1);
  [v115$2] (t_v115_2);
  [v115$3] (t_v115_3);

  [v116$1] (t_v116_1);
  [v116$2] (t_v116_2);
  [v116$3] (t_v116_3);

  [v117$1] (t_v117_1);
  [v117$2] (t_v117_2);
  [v117$3] (t_v117_3);

  [v118$1] (t_v118_1);
  [v118$2] (t_v118_2);
  [v118$3] (t_v118_3);

  [v119$1] (t_v119_1);
  [v119$2] (t_v119_2);
  [v119$3] (t_v119_3);

  [v120$1] (t_v120_1);
  [v120$2] (t_v120_2);
  [v120$3] (t_v120_3);

  [v121$1] (t_v121_1);
  [v121$2] (t_v121_2);
  [v121$3] (t_v121_3);

  [v122$1] (t_v122_1);
  [v122$2] (t_v122_2);
  [v122$3] (t_v122_3);

  [v123$1] (t_v123_1);
  [v123$2] (t_v123_2);
  [v123$3] (t_v123_3);

  [v124$1] (t_v124_1);
  [v124$2] (t_v124_2);
  [v124$3] (t_v124_3);

  [v125$1] (t_v125_1);
  [v125$2] (t_v125_2);
  [v125$3] (t_v125_3);

  [v126$1] (t_v126_1);
  [v126$2] (t_v126_2);
  [v126$3] (t_v126_3);

  [v127$1] (t_v127_1);
  [v127$2] (t_v127_2);
  [v127$3] (t_v127_3);

  [v128$1] (t_v128_1);
  [v128$2] (t_v128_2);
  [v128$3] (t_v128_3);

  [v129$1] (t_v129_1);
  [v129$2] (t_v129_2);
  [v129$3] (t_v129_3);

  [v130$1] (t_v130_1);
  [v130$2] (t_v130_2);
  [v130$3] (t_v130_3);

  [v131$1] (t_v131_1);
  [v131$2] (t_v131_2);
  [v131$3] (t_v131_3);

  [v132$1] (t_v132_1);
  [v132$2] (t_v132_2);
  [v132$3] (t_v132_3);


  Model mm:

  f1 BY v115@1
  v116 (L2)
  v117 (L3)
  v118 (L4)
  v119 (L5)
  v120 (L6)
  v121 (L7)
  v122 (L8)
  v123 (L9)
  v124 (L10)
  v125 (L11)
  v126 (L12)
  v127 (L13)
  v128 (L14)
  v129 (L15)
  v130 (L16)
  v131 (L17)
  v132 (L18)
  ;


   [f1@0];
  [v115$1] (t_v115_1);
  [v115$2] (t_v115_2);
  [v115$3] (t_v115_3);

  [v116$1] (t_v116_1);
  [v116$2] (t_v116_2);
  [v116$3] (t_v116_3);

  [v117$1] (t_v117_1);
  [v117$2] (t_v117_2);
  [v117$3] (t_v117_3);

  [v118$1] (t_v118_1);
  [v118$2] (t_v118_2);
  [v118$3] (t_v118_3);

  [v119$1] (t_v119_1);
  [v119$2] (t_v119_2);
  [v119$3] (t_v119_3);

  [v120$1] (t_v120_1);
  [v120$2] (t_v120_2);
  [v120$3] (t_v120_3);

  [v121$1] (t_v121_1);
  [v121$2] (t_v121_2);
  [v121$3] (t_v121_3);

  [v122$1] (t_v122_1);
  [v122$2] (t_v122_2);
  [v122$3] (t_v122_3);

  [v123$1] (t_v123_1);
  [v123$2] (t_v123_2);
  [v123$3] (t_v123_3);

  [v124$1] (t_v124_1);
  [v124$2] (t_v124_2);
  [v124$3] (t_v124_3);

  [v125$1] (t_v125_1);
  [v125$2] (t_v125_2);
  [v125$3] (t_v125_3);

  [v126$1] (t_v126_1);
  [v126$2] (t_v126_2);
  [v126$3] (t_v126_3);

  [v127$1] (t_v127_1);
  [v127$2] (t_v127_2);
  [v127$3] (t_v127_3);

  [v128$1] (t_v128_1);
  [v128$2] (t_v128_2);
  [v128$3] (t_v128_3);

  [v129$1] (t_v129_1);
  [v129$2] (t_v129_2);
  [v129$3] (t_v129_3);

  [v130$1] (t_v130_1);
  [v130$2] (t_v130_2);
  [v130$3] (t_v130_3);

  [v131$1] (t_v131_1);
  [v131$2] (t_v131_2);
  [v131$3] (t_v131_3);

  [v132$1] (t_v132_1);
  [v132$2] (t_v132_2);
  [v132$3] (t_v132_3);


   SAVEDATA: DIFFTEST IS v115_scalar.dat;

   OUTPUT: SAMPSTAT;

                                  MODINDICES;

                                  STDYX;




*** WARNING
  Data set contains unknown or missing values for GROUPING,
  PATTERN, COHORT, CLUSTER and/or STRATIFICATION variables.
  Number of cases with unknown or missing values:  3244
*** WARNING
  Data set contains cases with missing on all variables.
  These cases were not included in the analysis.
  Number of cases with missing on all variables:  7
   2 WARNING(S) FOUND IN THE INPUT INSTRUCTIONS



Your title goes here

SUMMARY OF ANALYSIS

Number of groups                                                 2
Number of observations
   Group SM                                                   1493
   Group MM                                                    672
   Total sample size                                          2165

Number of dependent variables                                   18
Number of independent variables                                  0
Number of continuous latent variables                            1

Observed dependent variables

  Binary and ordered categorical (ordinal)
   V115        V116        V117        V118        V119        V120
   V121        V122        V123        V124        V125        V126
   V127        V128        V129        V130        V131        V132

Continuous latent variables
   F1

Variables with special functions

  Grouping variable     COMP_MOD
  Weight variable       WEIGHT

Estimator                                                    WLSMV
Maximum number of iterations                                100000
Convergence criterion                                    0.500D-04
Maximum number of steepest descent iterations                   20
Maximum number of iterations for H1                           2000
Convergence criterion for H1                             0.100D-03
Parameterization                                             THETA
Link                                                        PROBIT

Input data file(s)
  eq/data.dta

Input data format  FREE


SUMMARY OF DATA

   Group SM
     Number of missing data patterns           187

   Group MM
     Number of missing data patterns           183


COVARIANCE COVERAGE OF DATA

Minimum covariance coverage value   0.100


     PROPORTION OF DATA PRESENT FOR SM


           Covariance Coverage
              V115          V116          V117          V118          V119
              ________      ________      ________      ________      ________
 V115           0.962
 V116           0.928         0.952
 V117           0.944         0.935         0.979
 V118           0.954         0.944         0.973         0.989
 V119           0.874         0.871         0.887         0.895         0.900
 V120           0.956         0.945         0.972         0.981         0.894
 V121           0.937         0.928         0.951         0.960         0.884
 V122           0.942         0.933         0.956         0.967         0.888
 V123           0.948         0.938         0.965         0.975         0.891
 V124           0.918         0.910         0.934         0.938         0.869
 V125           0.894         0.889         0.908         0.912         0.852
 V126           0.958         0.948         0.975         0.985         0.896
 V127           0.943         0.937         0.959         0.967         0.887
 V128           0.930         0.920         0.942         0.950         0.875
 V129           0.934         0.924         0.948         0.954         0.881
 V130           0.935         0.925         0.946         0.953         0.881
 V131           0.938         0.930         0.953         0.960         0.883
 V132           0.906         0.898         0.920         0.926         0.856


           Covariance Coverage
              V120          V121          V122          V123          V124
              ________      ________      ________      ________      ________
 V120           0.991
 V121           0.962         0.968
 V122           0.969         0.951         0.975
 V123           0.974         0.956         0.963         0.982
 V124           0.940         0.929         0.929         0.934         0.947
 V125           0.913         0.903         0.906         0.910         0.911
 V126           0.987         0.964         0.971         0.978         0.944
 V127           0.971         0.952         0.958         0.962         0.934
 V128           0.951         0.937         0.939         0.946         0.926
 V129           0.954         0.938         0.944         0.950         0.924
 V130           0.955         0.941         0.943         0.948         0.921
 V131           0.964         0.952         0.950         0.957         0.932
 V132           0.928         0.913         0.918         0.921         0.898


           Covariance Coverage
              V125          V126          V127          V128          V129
              ________      ________      ________      ________      ________
 V125           0.920
 V126           0.919         0.995
 V127           0.908         0.973         0.977
 V128           0.900         0.954         0.942         0.958
 V129           0.903         0.958         0.944         0.938         0.962
 V130           0.900         0.956         0.946         0.934         0.938
 V131           0.908         0.966         0.954         0.939         0.941
 V132           0.876         0.931         0.924         0.905         0.908


           Covariance Coverage
              V130          V131          V132
              ________      ________      ________
 V130           0.961
 V131           0.948         0.970
 V132           0.910         0.916         0.935


     PROPORTION OF DATA PRESENT FOR MM


           Covariance Coverage
              V115          V116          V117          V118          V119
              ________      ________      ________      ________      ________
 V115           0.917
 V116           0.851         0.896
 V117           0.894         0.876         0.966
 V118           0.885         0.865         0.932         0.949
 V119           0.763         0.762         0.799         0.799         0.812
 V120           0.896         0.885         0.942         0.930         0.804
 V121           0.863         0.854         0.909         0.906         0.790
 V122           0.848         0.836         0.890         0.882         0.784
 V123           0.866         0.848         0.909         0.896         0.790
 V124           0.842         0.835         0.881         0.875         0.774
 V125           0.796         0.789         0.829         0.829         0.749
 V126           0.902         0.884         0.952         0.940         0.805
 V127           0.881         0.860         0.926         0.920         0.790
 V128           0.815         0.802         0.847         0.838         0.756
 V129           0.836         0.815         0.866         0.857         0.756
 V130           0.854         0.838         0.884         0.878         0.765
 V131           0.869         0.844         0.902         0.894         0.783
 V132           0.851         0.830         0.893         0.881         0.772


           Covariance Coverage
              V120          V121          V122          V123          V124
              ________      ________      ________      ________      ________
 V120           0.970
 V121           0.914         0.930
 V122           0.899         0.884         0.912
 V123           0.915         0.890         0.881         0.935
 V124           0.890         0.879         0.856         0.866         0.905
 V125           0.833         0.832         0.811         0.821         0.838
 V126           0.952         0.924         0.905         0.927         0.899
 V127           0.930         0.903         0.887         0.908         0.882
 V128           0.850         0.836         0.835         0.839         0.821
 V129           0.871         0.847         0.838         0.854         0.832
 V130           0.885         0.869         0.850         0.859         0.848
 V131           0.902         0.885         0.865         0.876         0.865
 V132           0.893         0.874         0.848         0.872         0.863


           Covariance Coverage
              V125          V126          V127          V128          V129
              ________      ________      ________      ________      ________
 V125           0.845
 V126           0.841         0.978
 V127           0.832         0.946         0.954
 V128           0.786         0.857         0.848         0.865
 V129           0.792         0.876         0.865         0.812         0.888
 V130           0.802         0.894         0.881         0.815         0.835
 V131           0.818         0.915         0.899         0.833         0.850
 V132           0.814         0.905         0.894         0.826         0.839


           Covariance Coverage
              V130          V131          V132
              ________      ________      ________
 V130           0.902
 V131           0.875         0.923
 V132           0.850         0.874         0.909


UNIVARIATE PROPORTIONS AND COUNTS FOR CATEGORICAL VARIABLES

  Group SM
    V115
      Category 1    0.054           77.175
      Category 2    0.297          425.288
      Category 3    0.428          613.076
      Category 4    0.221          316.240
    V116
      Category 1    0.077          109.464
      Category 2    0.455          643.398
      Category 3    0.389          550.070
      Category 4    0.079          112.062
    V117
      Category 1    0.083          121.161
      Category 2    0.465          677.996
      Category 3    0.396          576.753
      Category 4    0.056           81.870
    V118
      Category 1    0.035           51.979
      Category 2    0.335          493.697
      Category 3    0.477          702.889
      Category 4    0.153          225.176
    V119
      Category 1    0.042           55.402
      Category 2    0.463          616.148
      Category 3    0.399          531.715
      Category 4    0.097          128.860
    V120
      Category 1    0.245          362.871
      Category 2    0.597          883.363
      Category 3    0.131          193.997
      Category 4    0.026           38.306
    V121
      Category 1    0.047           67.611
      Category 2    0.363          521.918
      Category 3    0.458          657.824
      Category 4    0.132          189.503
    V122
      Category 1    0.051           73.636
      Category 2    0.553          803.156
      Category 3    0.355          515.486
      Category 4    0.042           60.910
    V123
      Category 1    0.091          133.649
      Category 2    0.525          768.346
      Category 3    0.333          487.469
      Category 4    0.051           74.815
    V124
      Category 1    0.049           68.697
      Category 2    0.391          547.527
      Category 3    0.437          612.961
      Category 4    0.123          171.894
    V125
      Category 1    0.045           61.274
      Category 2    0.381          518.537
      Category 3    0.459          624.666
      Category 4    0.114          155.200
    V126
      Category 1    0.114          169.136
      Category 2    0.554          822.818
      Category 3    0.285          422.817
      Category 4    0.048           70.601
    V127
      Category 1    0.127          184.482
      Category 2    0.517          750.082
      Category 3    0.295          428.294
      Category 4    0.061           88.402
    V128
      Category 1    0.019           27.489
      Category 2    0.218          309.736
      Category 3    0.585          829.822
      Category 4    0.177          251.051
    V129
      Category 1    0.092          131.430
      Category 2    0.535          763.327
      Category 3    0.322          459.458
      Category 4    0.051           72.234
    V130
      Category 1    0.009           12.813
      Category 2    0.182          259.554
      Category 3    0.629          897.065
      Category 4    0.180          256.642
    V131
      Category 1    0.036           52.185
      Category 2    0.342          493.985
      Category 3    0.475          685.392
      Category 4    0.147          212.064
    V132
      Category 1    0.014           19.836
      Category 2    0.157          215.984
      Category 3    0.520          715.730
      Category 4    0.309          424.935

  Group MM
    V115
      Category 1    0.036           22.106
      Category 2    0.202          123.742
      Category 3    0.534          327.001
      Category 4    0.228          139.479
    V116
      Category 1    0.048           28.166
      Category 2    0.414          244.754
      Category 3    0.458          271.130
      Category 4    0.080           47.569
    V117
      Category 1    0.075           48.200
      Category 2    0.450          290.423
      Category 3    0.411          265.308
      Category 4    0.065           42.074
    V118
      Category 1    0.028           17.748
      Category 2    0.299          189.367
      Category 3    0.470          297.625
      Category 4    0.204          128.979
    V119
      Category 1    0.043           22.876
      Category 2    0.388          206.717
      Category 3    0.458          244.036
      Category 4    0.112           59.656
    V120
      Category 1    0.201          130.546
      Category 2    0.613          398.707
      Category 3    0.163          106.225
      Category 4    0.022           14.497
    V121
      Category 1    0.041           25.098
      Category 2    0.291          179.289
      Category 3    0.481          295.763
      Category 4    0.187          115.212
    V122
      Category 1    0.035           21.033
      Category 2    0.429          257.643
      Category 3    0.472          282.919
      Category 4    0.064           38.305
    V123
      Category 1    0.081           50.029
      Category 2    0.474          294.546
      Category 3    0.374          232.203
      Category 4    0.071           44.201
    V124
      Category 1    0.053           31.279
      Category 2    0.318          189.342
      Category 3    0.447          266.378
      Category 4    0.182          108.317
    V125
      Category 1    0.062           33.999
      Category 2    0.339          187.141
      Category 3    0.444          245.409
      Category 4    0.156           85.991
    V126
      Category 1    0.088           57.278
      Category 2    0.523          341.603
      Category 3    0.343          224.258
      Category 4    0.046           29.866
    V127
      Category 1    0.100           63.559
      Category 2    0.491          311.337
      Category 3    0.315          199.659
      Category 4    0.094           59.505
    V128
      Category 1    0.023           12.946
      Category 2    0.171           97.483
      Category 3    0.598          340.433
      Category 4    0.209          118.813
    V129
      Category 1    0.068           39.988
      Category 2    0.503          294.694
      Category 3    0.351          205.472
      Category 4    0.078           45.628
    V130
      Category 1    0.006            3.742
      Category 2    0.129           77.093
      Category 3    0.585          348.345
      Category 4    0.280          166.520
    V131
      Category 1    0.030           18.056
      Category 2    0.265          161.137
      Category 3    0.492          299.506
      Category 4    0.214          130.246
    V132
      Category 1    0.016            9.745
      Category 2    0.135           82.258
      Category 3    0.581          353.331
      Category 4    0.267          162.604


SAMPLE STATISTICS


     ESTIMATED SAMPLE STATISTICS FOR SM


           MEANS/INTERCEPTS/THRESHOLDS
              V115$1        V115$2        V115$3        V116$1        V116$2
              ________      ________      ________      ________      ________
               -1.608        -0.383         0.769        -1.423         0.080


           MEANS/INTERCEPTS/THRESHOLDS
              V116$3        V117$1        V117$2        V117$3        V118$1
              ________      ________      ________      ________      ________
                1.410        -1.384         0.121         1.588        -1.808


           MEANS/INTERCEPTS/THRESHOLDS
              V118$2        V118$3        V119$1        V119$2        V119$3
              ________      ________      ________      ________      ________
               -0.331         1.025        -1.733         0.010         1.300


           MEANS/INTERCEPTS/THRESHOLDS
              V120$1        V120$2        V120$3        V121$1        V121$2
              ________      ________      ________      ________      ________
               -0.689         1.006         1.945        -1.674        -0.227


           MEANS/INTERCEPTS/THRESHOLDS
              V121$3        V122$1        V122$2        V122$3        V123$1
              ________      ________      ________      ________      ________
                1.118        -1.638         0.262         1.729        -1.333


           MEANS/INTERCEPTS/THRESHOLDS
              V123$2        V123$3        V124$1        V124$2        V124$3
              ________      ________      ________      ________      ________
                0.295         1.634        -1.654        -0.151         1.162


           MEANS/INTERCEPTS/THRESHOLDS
              V125$1        V125$2        V125$3        V126$1        V126$2
              ________      ________      ________      ________      ________
               -1.695        -0.185         1.205        -1.206         0.434


           MEANS/INTERCEPTS/THRESHOLDS
              V126$3        V127$1        V127$2        V127$3        V128$1
              ________      ________      ________      ________      ________
                1.669        -1.140         0.369         1.547        -2.067


           MEANS/INTERCEPTS/THRESHOLDS
              V128$2        V128$3        V129$1        V129$2        V129$3
              ________      ________      ________      ________      ________
               -0.713         0.927        -1.328         0.325         1.639


           MEANS/INTERCEPTS/THRESHOLDS
              V130$1        V130$2        V130$3        V131$1        V131$2
              ________      ________      ________      ________      ________
               -2.366        -0.874         0.916        -1.797        -0.310


           MEANS/INTERCEPTS/THRESHOLDS
              V131$3        V132$1        V132$2        V132$3
              ________      ________      ________      ________
                1.050        -2.186        -0.949         0.500


           CORRELATION MATRIX (WITH VARIANCES ON THE DIAGONAL)
              V115          V116          V117          V118          V119
              ________      ________      ________      ________      ________
 V115
 V116           0.392
 V117           0.222         0.376
 V118           0.221         0.200         0.246
 V119           0.235         0.284         0.295         0.425
 V120           0.229         0.512         0.303         0.300         0.299
 V121           0.362         0.396         0.411         0.494         0.369
 V122           0.303         0.330         0.345         0.297         0.327
 V123           0.211         0.279         0.376         0.265         0.230
 V124           0.204         0.305         0.355         0.427         0.413
 V125           0.216         0.350         0.274         0.409         0.392
 V126           0.108         0.252         0.357         0.171         0.193
 V127           0.237         0.313         0.345         0.384         0.302
 V128           0.234         0.356         0.360         0.242         0.258
 V129           0.180         0.181         0.225         0.363         0.348
 V130           0.332         0.297         0.313         0.445         0.349
 V131           0.354         0.345         0.394         0.450         0.365
 V132           0.180         0.156         0.218         0.265         0.202


           CORRELATION MATRIX (WITH VARIANCES ON THE DIAGONAL)
              V120          V121          V122          V123          V124
              ________      ________      ________      ________      ________
 V121           0.441
 V122           0.412         0.558
 V123           0.318         0.426         0.480
 V124           0.315         0.605         0.413         0.409
 V125           0.295         0.517         0.327         0.349         0.747
 V126           0.343         0.361         0.323         0.597         0.379
 V127           0.437         0.511         0.415         0.420         0.462
 V128           0.301         0.423         0.331         0.357         0.373
 V129           0.261         0.373         0.265         0.276         0.388
 V130           0.262         0.689         0.481         0.354         0.561
 V131           0.377         0.786         0.496         0.431         0.623
 V132           0.175         0.277         0.259         0.316         0.257


           CORRELATION MATRIX (WITH VARIANCES ON THE DIAGONAL)
              V125          V126          V127          V128          V129
              ________      ________      ________      ________      ________
 V126           0.329
 V127           0.411         0.473
 V128           0.348         0.385         0.328
 V129           0.392         0.256         0.370         0.246
 V130           0.472         0.334         0.426         0.443         0.339
 V131           0.532         0.374         0.534         0.433         0.347
 V132           0.290         0.297         0.195         0.362         0.207


           CORRELATION MATRIX (WITH VARIANCES ON THE DIAGONAL)
              V130          V131          V132
              ________      ________      ________
 V131           0.767
 V132           0.386         0.275


     ESTIMATED SAMPLE STATISTICS FOR MM


           MEANS/INTERCEPTS/THRESHOLDS
              V115$1        V115$2        V115$3        V116$1        V116$2
              ________      ________      ________      ________      ________
               -1.798        -0.712         0.746        -1.669        -0.097


           MEANS/INTERCEPTS/THRESHOLDS
              V116$3        V117$1        V117$2        V117$3        V118$1
              ________      ________      ________      ________      ________
                1.402        -1.442         0.061         1.513        -1.911


           MEANS/INTERCEPTS/THRESHOLDS
              V118$2        V118$3        V119$1        V119$2        V119$3
              ________      ________      ________      ________      ________
               -0.449         0.829        -1.718        -0.175         1.217


           MEANS/INTERCEPTS/THRESHOLDS
              V120$1        V120$2        V120$3        V121$1        V121$2
              ________      ________      ________      ________      ________
               -0.839         0.894         2.008        -1.742        -0.434


           MEANS/INTERCEPTS/THRESHOLDS
              V121$3        V122$1        V122$2        V122$3        V123$1
              ________      ________      ________      ________      ________
                0.888        -1.811        -0.089         1.523        -1.401


           MEANS/INTERCEPTS/THRESHOLDS
              V123$2        V123$3        V124$1        V124$2        V124$3
              ________      ________      ________      ________      ________
                0.138         1.467        -1.621        -0.330         0.908


           MEANS/INTERCEPTS/THRESHOLDS
              V125$1        V125$2        V125$3        V126$1        V126$2
              ________      ________      ________      ________      ________
               -1.542        -0.253         1.013        -1.355         0.282


           MEANS/INTERCEPTS/THRESHOLDS
              V126$3        V127$1        V127$2        V127$3        V128$1
              ________      ________      ________      ________      ________
                1.688        -1.280         0.231         1.317        -2.000


           MEANS/INTERCEPTS/THRESHOLDS
              V128$2        V128$3        V129$1        V129$2        V129$3
              ________      ________      ________      ________      ________
               -0.864         0.811        -1.489         0.180         1.419


           MEANS/INTERCEPTS/THRESHOLDS
              V130$1        V130$2        V130$3        V131$1        V131$2
              ________      ________      ________      ________      ________
               -2.496        -1.100         0.584        -1.886        -0.541


           MEANS/INTERCEPTS/THRESHOLDS
              V131$3        V132$1        V132$2        V132$3
              ________      ________      ________      ________
                0.793        -2.144        -1.031         0.620


           CORRELATION MATRIX (WITH VARIANCES ON THE DIAGONAL)
              V115          V116          V117          V118          V119
              ________      ________      ________      ________      ________
 V115
 V116           0.404
 V117           0.262         0.405
 V118           0.125         0.232         0.326
 V119           0.057         0.131         0.274         0.315
 V120           0.266         0.423         0.357         0.343         0.196
 V121           0.344         0.305         0.423         0.531         0.157
 V122           0.348         0.344         0.441         0.376         0.284
 V123           0.317         0.356         0.354         0.345         0.266
 V124           0.429         0.373         0.336         0.441         0.289
 V125           0.350         0.362         0.369         0.467         0.339
 V126           0.306         0.360         0.398         0.207         0.255
 V127           0.284         0.301         0.397         0.487         0.234
 V128           0.179         0.414         0.423         0.312         0.251
 V129           0.216         0.168         0.250         0.402         0.358
 V130           0.338         0.285         0.402         0.466         0.257
 V131           0.445         0.358         0.420         0.439         0.241
 V132           0.237         0.268         0.257         0.468         0.156


           CORRELATION MATRIX (WITH VARIANCES ON THE DIAGONAL)
              V120          V121          V122          V123          V124
              ________      ________      ________      ________      ________
 V121           0.453
 V122           0.512         0.649
 V123           0.463         0.521         0.667
 V124           0.248         0.644         0.566         0.565
 V125           0.326         0.507         0.476         0.448         0.781
 V126           0.366         0.406         0.519         0.642         0.498
 V127           0.518         0.661         0.615         0.572         0.548
 V128           0.300         0.426         0.535         0.448         0.381
 V129           0.243         0.405         0.370         0.299         0.475
 V130           0.328         0.750         0.531         0.491         0.584
 V131           0.420         0.816         0.639         0.564         0.639
 V132           0.217         0.361         0.377         0.359         0.366


           CORRELATION MATRIX (WITH VARIANCES ON THE DIAGONAL)
              V125          V126          V127          V128          V129
              ________      ________      ________      ________      ________
 V126           0.413
 V127           0.449         0.492
 V128           0.318         0.448         0.468
 V129           0.438         0.235         0.451         0.185
 V130           0.515         0.405         0.549         0.514         0.423
 V131           0.508         0.532         0.646         0.460         0.410
 V132           0.354         0.194         0.226         0.409         0.268


           CORRELATION MATRIX (WITH VARIANCES ON THE DIAGONAL)
              V130          V131          V132
              ________      ________      ________
 V131           0.730
 V132           0.500         0.398


THE MODEL ESTIMATION TERMINATED NORMALLY



MODEL FIT INFORMATION

Number of Free Parameters                       91

Chi-Square Test of Model Fit

          Value                           2015.204*
          Degrees of Freedom                   323
          P-Value                           0.0000

Chi-Square Contribution From Each Group

          SM                              1285.789
          MM                               729.415

*   The chi-square value for MLM, MLMV, MLR, ULSMV, WLSM and WLSMV cannot be used
    for chi-square difference testing in the regular way.  MLM, MLR and WLSM
    chi-square difference testing is described on the Mplus website.  MLMV, WLSMV,
    and ULSMV difference testing is done using the DIFFTEST option.

RMSEA (Root Mean Square Error Of Approximation)

          Estimate                           0.070
          90 Percent C.I.                    0.067  0.072
          Probability RMSEA <= .05           0.000

CFI/TLI

          CFI                                0.929
          TLI                                0.932

Chi-Square Test of Model Fit for the Baseline Model

          Value                          24023.620
          Degrees of Freedom                   306
          P-Value                           0.0000

WRMR (Weighted Root Mean Square Residual)

          Value                              3.233



MODEL RESULTS

                                                    Two-Tailed
                    Estimate       S.E.  Est./S.E.    P-Value

Group SM

 F1       BY
    V115               1.000      0.000    999.000    999.000
    V116               1.322      0.100     13.198      0.000
    V117               1.380      0.109     12.600      0.000
    V118               1.517      0.120     12.624      0.000
    V119               1.276      0.110     11.607      0.000
    V120               1.439      0.113     12.748      0.000
    V121               3.560      0.253     14.065      0.000
    V122               1.881      0.140     13.413      0.000
    V123               1.773      0.139     12.770      0.000
    V124               2.950      0.221     13.339      0.000
    V125               2.459      0.200     12.299      0.000
    V126               1.553      0.126     12.329      0.000
    V127               1.952      0.147     13.301      0.000
    V128               1.509      0.131     11.558      0.000
    V129               1.274      0.102     12.477      0.000
    V130               2.906      0.227     12.807      0.000
    V131               3.962      0.296     13.372      0.000
    V132               1.044      0.089     11.730      0.000

 Means
    F1                 0.000      0.000    999.000    999.000

 Thresholds
    V115$1            -1.769      0.065    -27.355      0.000
    V115$2            -0.500      0.035    -14.283      0.000
    V115$3             0.813      0.040     20.464      0.000
    V116$1            -1.700      0.061    -27.782      0.000
    V116$2             0.039      0.035      1.115      0.265
    V116$3             1.649      0.060     27.504      0.000
    V117$1            -1.639      0.057    -28.644      0.000
    V117$2             0.123      0.035      3.546      0.000
    V117$3             1.840      0.063     29.110      0.000
    V118$1            -2.208      0.073    -30.410      0.000
    V118$2            -0.438      0.037    -11.894      0.000
    V118$3             1.170      0.049     24.064      0.000
    V119$1            -2.081      0.075    -27.750      0.000
    V119$2            -0.036      0.038     -0.945      0.345
    V119$3             1.554      0.060     26.084      0.000
    V120$1            -0.862      0.041    -20.973      0.000
    V120$2             1.159      0.047     24.895      0.000
    V120$3             2.332      0.084     27.644      0.000
    V121$1            -3.147      0.107    -29.494      0.000
    V121$2            -0.524      0.058     -9.005      0.000
    V121$3             1.973      0.081     24.484      0.000
    V122$1            -2.119      0.076    -27.792      0.000
    V122$2             0.199      0.038      5.261      0.000
    V122$3             2.058      0.081     25.439      0.000
    V123$1            -1.673      0.060    -27.999      0.000
    V123$2             0.308      0.037      8.224      0.000
    V123$3             1.942      0.071     27.343      0.000
    V124$1            -2.705      0.095    -28.380      0.000
    V124$2            -0.324      0.050     -6.472      0.000
    V124$3             1.779      0.075     23.711      0.000
    V125$1            -2.459      0.095    -25.988      0.000
    V125$2            -0.300      0.046     -6.512      0.000
    V125$3             1.707      0.072     23.784      0.000
    V126$1            -1.486      0.054    -27.771      0.000
    V126$2             0.464      0.037     12.500      0.000
    V126$3             1.999      0.073     27.327      0.000
    V127$1            -1.525      0.054    -28.001      0.000
    V127$2             0.426      0.040     10.677      0.000
    V127$3             1.890      0.072     26.341      0.000
    V128$1            -2.456      0.099    -24.856      0.000
    V128$2            -0.903      0.044    -20.328      0.000
    V128$3             1.072      0.046     23.060      0.000
    V129$1            -1.576      0.054    -29.038      0.000
    V129$2             0.329      0.035      9.307      0.000
    V129$3             1.805      0.064     28.424      0.000
    V130$1            -3.946      0.187    -21.160      0.000
    V130$2            -1.512      0.072    -21.045      0.000
    V130$3             1.343      0.067     20.122      0.000
    V131$1            -3.678      0.139    -26.451      0.000
    V131$2            -0.741      0.065    -11.362      0.000
    V131$3             1.981      0.084     23.649      0.000
    V132$1            -2.313      0.108    -21.414      0.000
    V132$2            -1.042      0.045    -23.254      0.000
    V132$3             0.573      0.035     16.216      0.000

 Variances
    F1                 0.187      0.025      7.405      0.000

 Residual Variances
    V115               1.000      0.000    999.000    999.000
    V116               1.000      0.000    999.000    999.000
    V117               1.000      0.000    999.000    999.000
    V118               1.000      0.000    999.000    999.000
    V119               1.000      0.000    999.000    999.000
    V120               1.000      0.000    999.000    999.000
    V121               1.000      0.000    999.000    999.000
    V122               1.000      0.000    999.000    999.000
    V123               1.000      0.000    999.000    999.000
    V124               1.000      0.000    999.000    999.000
    V125               1.000      0.000    999.000    999.000
    V126               1.000      0.000    999.000    999.000
    V127               1.000      0.000    999.000    999.000
    V128               1.000      0.000    999.000    999.000
    V129               1.000      0.000    999.000    999.000
    V130               1.000      0.000    999.000    999.000
    V131               1.000      0.000    999.000    999.000
    V132               1.000      0.000    999.000    999.000

Group MM

 F1       BY
    V115               1.000      0.000    999.000    999.000
    V116               1.322      0.100     13.198      0.000
    V117               1.380      0.109     12.600      0.000
    V118               1.517      0.120     12.624      0.000
    V119               1.276      0.110     11.607      0.000
    V120               1.439      0.113     12.748      0.000
    V121               3.560      0.253     14.065      0.000
    V122               1.881      0.140     13.413      0.000
    V123               1.773      0.139     12.770      0.000
    V124               2.950      0.221     13.339      0.000
    V125               2.459      0.200     12.299      0.000
    V126               1.553      0.126     12.329      0.000
    V127               1.952      0.147     13.301      0.000
    V128               1.509      0.131     11.558      0.000
    V129               1.274      0.102     12.477      0.000
    V130               2.906      0.227     12.807      0.000
    V131               3.962      0.296     13.372      0.000
    V132               1.044      0.089     11.730      0.000

 Means
    F1                 0.000      0.000    999.000    999.000

 Thresholds
    V115$1            -1.769      0.065    -27.355      0.000
    V115$2            -0.500      0.035    -14.283      0.000
    V115$3             0.813      0.040     20.464      0.000
    V116$1            -1.700      0.061    -27.782      0.000
    V116$2             0.039      0.035      1.115      0.265
    V116$3             1.649      0.060     27.504      0.000
    V117$1            -1.639      0.057    -28.644      0.000
    V117$2             0.123      0.035      3.546      0.000
    V117$3             1.840      0.063     29.110      0.000
    V118$1            -2.208      0.073    -30.410      0.000
    V118$2            -0.438      0.037    -11.894      0.000
    V118$3             1.170      0.049     24.064      0.000
    V119$1            -2.081      0.075    -27.750      0.000
    V119$2            -0.036      0.038     -0.945      0.345
    V119$3             1.554      0.060     26.084      0.000
    V120$1            -0.862      0.041    -20.973      0.000
    V120$2             1.159      0.047     24.895      0.000
    V120$3             2.332      0.084     27.644      0.000
    V121$1            -3.147      0.107    -29.494      0.000
    V121$2            -0.524      0.058     -9.005      0.000
    V121$3             1.973      0.081     24.484      0.000
    V122$1            -2.119      0.076    -27.792      0.000
    V122$2             0.199      0.038      5.261      0.000
    V122$3             2.058      0.081     25.439      0.000
    V123$1            -1.673      0.060    -27.999      0.000
    V123$2             0.308      0.037      8.224      0.000
    V123$3             1.942      0.071     27.343      0.000
    V124$1            -2.705      0.095    -28.380      0.000
    V124$2            -0.324      0.050     -6.472      0.000
    V124$3             1.779      0.075     23.711      0.000
    V125$1            -2.459      0.095    -25.988      0.000
    V125$2            -0.300      0.046     -6.512      0.000
    V125$3             1.707      0.072     23.784      0.000
    V126$1            -1.486      0.054    -27.771      0.000
    V126$2             0.464      0.037     12.500      0.000
    V126$3             1.999      0.073     27.327      0.000
    V127$1            -1.525      0.054    -28.001      0.000
    V127$2             0.426      0.040     10.677      0.000
    V127$3             1.890      0.072     26.341      0.000
    V128$1            -2.456      0.099    -24.856      0.000
    V128$2            -0.903      0.044    -20.328      0.000
    V128$3             1.072      0.046     23.060      0.000
    V129$1            -1.576      0.054    -29.038      0.000
    V129$2             0.329      0.035      9.307      0.000
    V129$3             1.805      0.064     28.424      0.000
    V130$1            -3.946      0.187    -21.160      0.000
    V130$2            -1.512      0.072    -21.045      0.000
    V130$3             1.343      0.067     20.122      0.000
    V131$1            -3.678      0.139    -26.451      0.000
    V131$2            -0.741      0.065    -11.362      0.000
    V131$3             1.981      0.084     23.649      0.000
    V132$1            -2.313      0.108    -21.414      0.000
    V132$2            -1.042      0.045    -23.254      0.000
    V132$3             0.573      0.035     16.216      0.000

 Variances
    F1                 0.228      0.035      6.526      0.000

 Residual Variances
    V115               0.812      0.119      6.835      0.000
    V116               1.108      0.173      6.419      0.000
    V117               1.013      0.123      8.203      0.000
    V118               1.020      0.132      7.730      0.000
    V119               1.808      0.317      5.698      0.000
    V120               1.017      0.117      8.710      0.000
    V121               1.126      0.144      7.799      0.000
    V122               0.596      0.066      9.007      0.000
    V123               0.673      0.080      8.364      0.000
    V124               0.982      0.117      8.381      0.000
    V125               1.071      0.128      8.355      0.000
    V126               0.820      0.099      8.277      0.000
    V127               0.735      0.087      8.454      0.000
    V128               0.955      0.128      7.461      0.000
    V129               1.036      0.128      8.111      0.000
    V130               1.157      0.158      7.343      0.000
    V131               1.198      0.181      6.616      0.000
    V132               0.775      0.098      7.946      0.000


STANDARDIZED MODEL RESULTS


STDYX Standardization

                                                    Two-Tailed
                    Estimate       S.E.  Est./S.E.    P-Value

Group SM

 F1       BY
    V115               0.397      0.023     17.576      0.000
    V116               0.496      0.022     22.756      0.000
    V117               0.512      0.020     26.063      0.000
    V118               0.548      0.019     28.857      0.000
    V119               0.483      0.023     21.341      0.000
    V120               0.528      0.020     26.927      0.000
    V121               0.838      0.010     85.918      0.000
    V122               0.631      0.018     34.976      0.000
    V123               0.608      0.018     33.351      0.000
    V124               0.787      0.012     63.307      0.000
    V125               0.728      0.016     46.730      0.000
    V126               0.557      0.019     29.397      0.000
    V127               0.645      0.017     37.843      0.000
    V128               0.546      0.021     25.680      0.000
    V129               0.482      0.019     24.784      0.000
    V130               0.782      0.015     53.503      0.000
    V131               0.864      0.009     97.558      0.000
    V132               0.411      0.022     18.680      0.000

 Means
    F1                 0.000      0.000    999.000    999.000

 Thresholds
    V115$1            -1.623      0.058    -28.087      0.000
    V115$2            -0.459      0.032    -14.494      0.000
    V115$3             0.746      0.035     21.226      0.000
    V116$1            -1.476      0.052    -28.644      0.000
    V116$2             0.034      0.031      1.115      0.265
    V116$3             1.432      0.049     29.059      0.000
    V117$1            -1.407      0.048    -29.455      0.000
    V117$2             0.105      0.030      3.545      0.000
    V117$3             1.581      0.051     30.947      0.000
    V118$1            -1.847      0.058    -32.088      0.000
    V118$2            -0.366      0.030    -12.036      0.000
    V118$3             0.978      0.039     24.953      0.000
    V119$1            -1.822      0.064    -28.442      0.000
    V119$2            -0.031      0.033     -0.945      0.345
    V119$3             1.361      0.051     26.774      0.000
    V120$1            -0.732      0.034    -21.368      0.000
    V120$2             0.984      0.038     25.927      0.000
    V120$3             1.980      0.070     28.093      0.000
    V121$1            -1.715      0.055    -30.927      0.000
    V121$2            -0.286      0.031     -9.316      0.000
    V121$3             1.075      0.041     26.466      0.000
    V122$1            -1.644      0.055    -30.092      0.000
    V122$2             0.155      0.029      5.264      0.000
    V122$3             1.597      0.056     28.475      0.000
    V123$1            -1.327      0.044    -29.894      0.000
    V123$2             0.244      0.029      8.290      0.000
    V123$3             1.541      0.051     30.027      0.000
    V124$1            -1.670      0.056    -29.979      0.000
    V124$2            -0.200      0.031     -6.517      0.000
    V124$3             1.098      0.042     26.172      0.000
    V125$1            -1.685      0.058    -29.005      0.000
    V125$2            -0.206      0.031     -6.548      0.000
    V125$3             1.169      0.044     26.377      0.000
    V126$1            -1.234      0.042    -29.224      0.000
    V126$2             0.385      0.030     12.692      0.000
    V126$3             1.659      0.056     29.551      0.000
    V127$1            -1.165      0.040    -29.354      0.000
    V127$2             0.326      0.030     10.807      0.000
    V127$3             1.444      0.051     28.443      0.000
    V128$1            -2.057      0.080    -25.687      0.000
    V128$2            -0.756      0.035    -21.295      0.000
    V128$3             0.898      0.037     24.317      0.000
    V129$1            -1.381      0.047    -29.493      0.000
    V129$2             0.289      0.031      9.320      0.000
    V129$3             1.581      0.054     29.150      0.000
    V130$1            -2.458      0.104    -23.666      0.000
    V130$2            -0.942      0.037    -25.638      0.000
    V130$3             0.837      0.037     22.495      0.000
    V131$1            -1.855      0.063    -29.326      0.000
    V131$2            -0.373      0.031    -11.949      0.000
    V131$3             0.999      0.040     25.146      0.000
    V132$1            -2.108      0.094    -22.390      0.000
    V132$2            -0.950      0.039    -24.379      0.000
    V132$3             0.522      0.032     16.473      0.000

 Variances
    F1                 1.000      0.000    999.000    999.000

 Residual Variances
    V115               0.843      0.018     47.047      0.000
    V116               0.754      0.022     34.855      0.000
    V117               0.738      0.020     36.655      0.000
    V118               0.699      0.021     33.550      0.000
    V119               0.767      0.022     35.102      0.000
    V120               0.721      0.021     34.787      0.000
    V121               0.297      0.016     18.144      0.000
    V122               0.602      0.023     26.451      0.000
    V123               0.630      0.022     28.383      0.000
    V124               0.381      0.020     19.477      0.000
    V125               0.470      0.023     20.681      0.000
    V126               0.689      0.021     32.630      0.000
    V127               0.584      0.022     26.586      0.000
    V128               0.702      0.023     30.184      0.000
    V129               0.767      0.019     40.880      0.000
    V130               0.388      0.023     16.956      0.000
    V131               0.254      0.015     16.631      0.000
    V132               0.831      0.018     45.890      0.000

Group MM

 F1       BY
    V115               0.468      0.032     14.497      0.000
    V116               0.515      0.034     15.250      0.000
    V117               0.548      0.029     19.168      0.000
    V118               0.583      0.029     20.237      0.000
    V119               0.413      0.032     12.804      0.000
    V120               0.564      0.026     21.508      0.000
    V121               0.848      0.016     53.265      0.000
    V122               0.759      0.019     38.916      0.000
    V123               0.719      0.024     30.542      0.000
    V124               0.818      0.017     46.918      0.000
    V125               0.751      0.020     37.059      0.000
    V126               0.634      0.027     23.884      0.000
    V127               0.736      0.022     32.856      0.000
    V128               0.594      0.027     21.745      0.000
    V129               0.513      0.028     18.064      0.000
    V130               0.791      0.019     40.875      0.000
    V131               0.866      0.015     56.678      0.000
    V132               0.493      0.030     16.671      0.000

 Means
    F1                 0.000      0.000    999.000    999.000

 Thresholds
    V115$1            -1.734      0.101    -17.094      0.000
    V115$2            -0.490      0.040    -12.222      0.000
    V115$3             0.797      0.047     16.919      0.000
    V116$1            -1.384      0.086    -16.152      0.000
    V116$2             0.032      0.029      1.115      0.265
    V116$3             1.343      0.073     18.342      0.000
    V117$1            -1.362      0.068    -20.022      0.000
    V117$2             0.102      0.029      3.527      0.000
    V117$3             1.530      0.067     22.852      0.000
    V118$1            -1.776      0.086    -20.669      0.000
    V118$2            -0.352      0.031    -11.210      0.000
    V118$3             0.941      0.046     20.342      0.000
    V119$1            -1.410      0.098    -14.388      0.000
    V119$2            -0.024      0.025     -0.944      0.345
    V119$3             1.053      0.070     15.048      0.000
    V120$1            -0.706      0.040    -17.531      0.000
    V120$2             0.949      0.045     20.943      0.000
    V120$3             1.910      0.087     22.037      0.000
    V121$1            -1.569      0.073    -21.377      0.000
    V121$2            -0.261      0.030     -8.790      0.000
    V121$3             0.984      0.044     22.521      0.000
    V122$1            -1.788      0.085    -21.155      0.000
    V122$2             0.168      0.032      5.277      0.000
    V122$3             1.737      0.068     25.548      0.000
    V123$1            -1.418      0.067    -21.242      0.000
    V123$2             0.261      0.032      8.162      0.000
    V123$3             1.646      0.066     24.842      0.000
    V124$1            -1.570      0.073    -21.611      0.000
    V124$2            -0.188      0.030     -6.309      0.000
    V124$3             1.032      0.044     23.393      0.000
    V125$1            -1.570      0.072    -21.790      0.000
    V125$2            -0.192      0.030     -6.357      0.000
    V125$3             1.090      0.047     23.036      0.000
    V126$1            -1.269      0.062    -20.539      0.000
    V126$2             0.396      0.032     12.197      0.000
    V126$3             1.707      0.070     24.220      0.000
    V127$1            -1.203      0.056    -21.625      0.000
    V127$2             0.336      0.032     10.366      0.000
    V127$3             1.492      0.059     25.437      0.000
    V128$1            -2.023      0.107    -18.922      0.000
    V128$2            -0.743      0.043    -17.375      0.000
    V128$3             0.882      0.046     19.144      0.000
    V129$1            -1.329      0.064    -20.619      0.000
    V129$2             0.278      0.032      8.813      0.000
    V129$3             1.522      0.067     22.726      0.000
    V130$1            -2.246      0.115    -19.572      0.000
    V130$2            -0.861      0.044    -19.524      0.000
    V130$3             0.765      0.038     19.967      0.000
    V131$1            -1.682      0.081    -20.806      0.000
    V131$2            -0.339      0.031    -10.848      0.000
    V131$3             0.906      0.043     21.089      0.000
    V132$1            -2.285      0.116    -19.712      0.000
    V132$2            -1.029      0.054    -19.229      0.000
    V132$3             0.566      0.039     14.653      0.000

 Variances
    F1                 1.000      0.000    999.000    999.000

 Residual Variances
    V115               0.781      0.030     25.777      0.000
    V116               0.735      0.035     21.173      0.000
    V117               0.700      0.031     22.325      0.000
    V118               0.660      0.034     19.620      0.000
    V119               0.829      0.027     31.137      0.000
    V120               0.682      0.030     23.109      0.000
    V121               0.280      0.027     10.360      0.000
    V122               0.424      0.030     14.332      0.000
    V123               0.484      0.034     14.302      0.000
    V124               0.331      0.029     11.592      0.000
    V125               0.437      0.030     14.357      0.000
    V126               0.598      0.034     17.783      0.000
    V127               0.458      0.033     13.871      0.000
    V128               0.647      0.032     19.957      0.000
    V129               0.737      0.029     25.245      0.000
    V130               0.375      0.031     12.260      0.000
    V131               0.250      0.026      9.468      0.000
    V132               0.757      0.029     25.971      0.000


R-SQUARE

Group SM

    Observed                                        Two-Tailed     Scale
    Variable        Estimate       S.E.  Est./S.E.    P-Value     Factors

    V115               0.157      0.018      8.788      0.000      0.918
    V116               0.246      0.022     11.378      0.000      0.868
    V117               0.262      0.020     13.032      0.000      0.859
    V118               0.301      0.021     14.429      0.000      0.836
    V119               0.233      0.022     10.670      0.000      0.876
    V120               0.279      0.021     13.464      0.000      0.849
    V121               0.703      0.016     42.959      0.000      0.545
    V122               0.398      0.023     17.488      0.000      0.776
    V123               0.370      0.022     16.675      0.000      0.794
    V124               0.619      0.020     31.654      0.000      0.617
    V125               0.530      0.023     23.365      0.000      0.685
    V126               0.311      0.021     14.698      0.000      0.830
    V127               0.416      0.022     18.922      0.000      0.764
    V128               0.298      0.023     12.840      0.000      0.838
    V129               0.233      0.019     12.392      0.000      0.876
    V130               0.612      0.023     26.751      0.000      0.623
    V131               0.746      0.015     48.779      0.000      0.504
    V132               0.169      0.018      9.340      0.000      0.912

Group MM

    Observed                                        Two-Tailed     Scale
    Variable        Estimate       S.E.  Est./S.E.    P-Value     Factors

    V115               0.219      0.030      7.249      0.000      0.980
    V116               0.265      0.035      7.625      0.000      0.814
    V117               0.300      0.031      9.584      0.000      0.831
    V118               0.340      0.034     10.119      0.000      0.804
    V119               0.171      0.027      6.402      0.000      0.677
    V120               0.318      0.030     10.754      0.000      0.819
    V121               0.720      0.027     26.633      0.000      0.499
    V122               0.576      0.030     19.458      0.000      0.844
    V123               0.516      0.034     15.271      0.000      0.848
    V124               0.669      0.029     23.459      0.000      0.580
    V125               0.563      0.030     18.530      0.000      0.639
    V126               0.402      0.034     11.942      0.000      0.854
    V127               0.542      0.033     16.428      0.000      0.789
    V128               0.353      0.032     10.873      0.000      0.823
    V129               0.263      0.029      9.032      0.000      0.843
    V130               0.625      0.031     20.438      0.000      0.569
    V131               0.750      0.026     28.339      0.000      0.457
    V132               0.243      0.029      8.336      0.000      0.988


QUALITY OF NUMERICAL RESULTS

     Condition Number for the Information Matrix              0.604E-04
       (ratio of smallest to largest eigenvalue)


MODEL MODIFICATION INDICES

NOTE:  Modification indices for direct effects of observed dependent variables
regressed on covariates and residual covariances among observed dependent
variables may not be included.  To include these, request MODINDICES (ALL).

Minimum M.I. value for printing the modification index    10.000

                                   M.I.     E.P.C.  Std E.P.C.  StdYX E.P.C.
Group SM


BY Statements

F1       BY V119                  13.322     0.067      0.029        0.025

WITH Statements

V116     WITH V115                46.046     0.257      0.257        0.257
V117     WITH V116                19.471     0.175      0.175        0.175
V119     WITH V118                32.466     0.235      0.235        0.235
V120     WITH V116                85.185     0.367      0.367        0.367
V123     WITH V121                11.281    -0.225     -0.225       -0.225
V123     WITH V122                16.299     0.178      0.178        0.178
V124     WITH V115                11.151    -0.206     -0.206       -0.206
V124     WITH V120                11.693    -0.213     -0.213       -0.213
V125     WITH V117                10.572    -0.184     -0.184       -0.184
V125     WITH V121                18.598    -0.307     -0.307       -0.307
V125     WITH V122                19.752    -0.275     -0.275       -0.275
V125     WITH V123                10.564    -0.191     -0.191       -0.191
V125     WITH V124               273.287     0.716      0.716        0.716
V126     WITH V115                11.960    -0.155     -0.155       -0.155
V126     WITH V118                18.056    -0.207     -0.207       -0.207
V126     WITH V121                13.692    -0.263     -0.263       -0.263
V126     WITH V123               151.615     0.454      0.454        0.454
V127     WITH V120                12.568     0.163      0.163        0.163
V127     WITH V126                21.475     0.202      0.202        0.202
V129     WITH V118                13.818     0.145      0.145        0.145
V129     WITH V119                15.407     0.159      0.159        0.159
V130     WITH V120                21.369    -0.311     -0.311       -0.311
V130     WITH V123                18.079    -0.276     -0.276       -0.276
V130     WITH V125                15.207    -0.265     -0.265       -0.265
V130     WITH V126                11.073    -0.216     -0.216       -0.216
V131     WITH V121                49.741     0.464      0.464        0.464
V131     WITH V123                13.707    -0.273     -0.273       -0.273
V131     WITH V125                19.024    -0.341     -0.341       -0.341
V131     WITH V126                14.959    -0.291     -0.291       -0.291
V131     WITH V130                85.722     0.544      0.544        0.544
V132     WITH V128                20.264     0.191      0.191        0.191

Means/Intercepts/Thresholds

[ V122     ]                      17.441    -0.216     -0.216       -0.168
[ V130     ]                      13.482    -0.264     -0.264       -0.164
[ V131     ]                      10.164    -0.258     -0.258       -0.130
[ F1       ]                      80.820    -0.060     -0.139       -0.139
[ V122$2   ]                      14.964     0.138      0.138        0.107

Group MM


BY Statements

F1       BY V119                  13.314    -0.212     -0.101       -0.069

WITH Statements

V123     WITH V122                14.892     0.150      0.150        0.237
V125     WITH V124                59.952     0.381      0.381        0.371
V126     WITH V123                20.204     0.154      0.154        0.207
V131     WITH V121                10.850     0.252      0.252        0.217
V132     WITH V118                11.131     0.135      0.135        0.152

Means/Intercepts/Thresholds

[ V122     ]                      17.444     0.216      0.216        0.183
[ V130     ]                      13.481     0.264      0.264        0.150
[ V131     ]                      10.165     0.258      0.258        0.118
[ F1       ]                      80.827     0.060      0.125        0.125
[ V122$2   ]                      14.959    -0.118     -0.118       -0.100



SAVEDATA INFORMATION


  Difference testing

  Save file
    v115_scalar.dat
  Save format      Free

DIAGRAM INFORMATION

  Use View Diagram under the Diagram menu in the Mplus Editor to view the diagram.
  If running Mplus from the Mplus Diagrammer, the diagram opens automatically.

  Diagram output
    c:\users\msassac6\dropbox (the university of manchester)\papers\joe s\evs_mm_de_equivalence\mplus\eq\inv_data3_v115_

     Beginning Time:  08:31:56
        Ending Time:  08:31:58
       Elapsed Time:  00:00:02



MUTHEN & MUTHEN
3463 Stoner Ave.
Los Angeles, CA  90066

Tel: (310) 391-9971
Fax: (310) 391-8971
Web: www.StatModel.com
Support: Support@StatModel.com

Copyright (c) 1998-2017 Muthen & Muthen
