Mplus VERSION 8
MUTHEN & MUTHEN
07/13/2020   8:28 AM

INPUT INSTRUCTIONS

  TITLE: Your title goes here

   DATA: FILE = eq/data.dta;

   VARIABLE:

   NAMES = id_cocas weight comp_mode comp_len mode mm_matrix_group wei_mmf v2 v3 v4 v32
       v33 v34 v35 v36 v37 v46 v47 v48 v49 v50 v65 v66 v67 v68 v69 v70 v82 v83 v84 v98
       v99 v100 v101 v103 v104 v105 v106 v107 v115 v116 v117 v118 v119 v120 v121 v122
       v123 v124 v125 v126 v127 v128 v129 v130 v131 v132 v133 v134 v135 v136 v137 v138
       v139 v140 v141 v145 v146 v147 v148 v149 v150 v151 v152 v153 v154 v155 v156 v157
       v158 v159 v160 v161 v162 v163 v164 v165 v166 v167 v176 v177 v178 v179 v180 v181
       v182 v183 v185 v186 v187 v188 v189 v191 v192 v193 v194 v195 v196 v197 v199 v200
       v201 v202 v203 v205 v206 v207 v208 v209 v210 v211 v212 v213 v214 v215 v216 v217
       v218 v220 v221 v222 v223 v224 v267 v268 v269 v271 v272 v273;

   MISSING=.;

   USEVARIABLES ARE
   v217
   v218
   v220;

   GROUPING IS comp_len (0=full 1=short);

  WEIGHT IS weight;

   Analysis:

                  ESTIMATOR = MLR;
  Model:


  f1 BY v217@1
  v218 (L2_full)
  v220 (L3_full)
  ;


   [f1@0];[v217] (i1_full);
  [v218] (i2_full);
  [v220] (i3_full);


  Model short:

  f1 BY v217@1
  v218 (L2_short)
  v220 (L3_short)
  ;


   [f1@0];[v217] (i1_short);
  [v218] (i2_short);
  [v220] (i3_short);


   SAVEDATA: DIFFTEST IS v217_config.dat;

   OUTPUT: SAMPSTAT;

                                  MODINDICES;

                                  STDYX;




*** WARNING in SAVEDATA command
  The DIFFTEST option is available only for the estimators MLMV, WLSMV and ULSMV.
  Request for DIFFTEST will be ignored.
*** WARNING
  Data set contains unknown or missing values for GROUPING,
  PATTERN, COHORT, CLUSTER and/or STRATIFICATION variables.
  Number of cases with unknown or missing values:  1494
*** WARNING
  Data set contains cases with missing on all variables.
  These cases were not included in the analysis.
  Number of cases with missing on all variables:  1662
   3 WARNING(S) FOUND IN THE INPUT INSTRUCTIONS



Your title goes here

SUMMARY OF ANALYSIS

Number of groups                                                 2
Number of observations
   Group FULL                                                  663
   Group SHORT                                                1597
   Total sample size                                          2260

Number of dependent variables                                    3
Number of independent variables                                  0
Number of continuous latent variables                            1

Observed dependent variables

  Continuous
   V217        V218        V220

Continuous latent variables
   F1

Variables with special functions

  Grouping variable     COMP_LEN
  Weight variable       WEIGHT

Estimator                                                      MLR
Information matrix                                        OBSERVED
Maximum number of iterations                                  1000
Convergence criterion                                    0.500D-04
Maximum number of steepest descent iterations                   20
Maximum number of iterations for H1                           2000
Convergence criterion for H1                             0.100D-03

Input data file(s)
  eq/data.dta

Input data format  FREE


SUMMARY OF DATA

   Group FULL
     Number of missing data patterns             5

   Group SHORT
     Number of missing data patterns             7


COVARIANCE COVERAGE OF DATA

Minimum covariance coverage value   0.100


     PROPORTION OF DATA PRESENT FOR FULL


           Covariance Coverage
              V217          V218          V220
              ________      ________      ________
 V217           0.997
 V218           0.970         0.970
 V220           0.992         0.967         0.995


     PROPORTION OF DATA PRESENT FOR SHORT


           Covariance Coverage
              V217          V218          V220
              ________      ________      ________
 V217           0.994
 V218           0.972         0.976
 V220           0.984         0.971         0.989


SAMPLE STATISTICS


     ESTIMATED SAMPLE STATISTICS FOR FULL


           Means
              V217          V218          V220
              ________      ________      ________
                1.680         2.595         1.781


           Covariances
              V217          V218          V220
              ________      ________      ________
 V217           0.601
 V218           0.268         0.782
 V220           0.467         0.319         0.648


           Correlations
              V217          V218          V220
              ________      ________      ________
 V217           1.000
 V218           0.391         1.000
 V220           0.748         0.448         1.000


     ESTIMATED SAMPLE STATISTICS FOR SHORT


           Means
              V217          V218          V220
              ________      ________      ________
                1.694         2.505         1.754


           Covariances
              V217          V218          V220
              ________      ________      ________
 V217           0.518
 V218           0.312         0.809
 V220           0.404         0.329         0.582


           Correlations
              V217          V218          V220
              ________      ________      ________
 V217           1.000
 V218           0.482         1.000
 V220           0.736         0.480         1.000


     MAXIMUM LOG-LIKELIHOOD VALUE FOR THE UNRESTRICTED (H1) MODEL IS -6764.580


UNIVARIATE SAMPLE STATISTICS


     UNIVARIATE HIGHER-ORDER MOMENT DESCRIPTIVE STATISTICS FOR FULL

         Variable/         Mean/     Skewness/   Minimum/ % with                Percentiles
        Sample Size      Variance    Kurtosis    Maximum  Min/Max      20%/60%    40%/80%    Median

     V217                  1.681       1.022       1.000   47.81%       1.000      1.000      2.000
             661.000       0.601       0.619       4.000    2.42%       2.000      2.000
     V218                  2.592       0.140       1.000    9.49%       2.000      2.000      3.000
             643.000       0.779      -0.173       5.000    1.40%       3.000      3.000
     V220                  1.774       0.847       1.000   41.82%       1.000      1.000      2.000
             660.000       0.635       0.261       5.000    0.15%       2.000      2.000


     UNIVARIATE HIGHER-ORDER MOMENT DESCRIPTIVE STATISTICS FOR SHORT

         Variable/         Mean/     Skewness/   Minimum/ % with                Percentiles
        Sample Size      Variance    Kurtosis    Maximum  Min/Max      20%/60%    40%/80%    Median

     V217                  1.689       0.884       1.000   43.70%       1.000      1.000      2.000
            1588.000       0.515       0.788       5.000    0.13%       2.000      2.000
     V218                  2.500       0.445       1.000   11.49%       2.000      2.000      2.000
            1558.000       0.808       0.132       5.000    1.67%       3.000      3.000
     V220                  1.748       0.987       1.000   40.63%       1.000      1.000      2.000
            1580.000       0.579       1.287       5.000    0.44%       2.000      2.000


THE MODEL ESTIMATION TERMINATED NORMALLY



MODEL FIT INFORMATION

Number of Free Parameters                       18

Loglikelihood

          H0 Value                       -6764.580
          H0 Scaling Correction Factor      1.8025
            for MLR
          H1 Value                       -6764.580
          H1 Scaling Correction Factor      1.8025
            for MLR

Information Criteria

          Akaike (AIC)                   13565.161
          Bayesian (BIC)                 13668.177
          Sample-Size Adjusted BIC       13610.988
            (n* = (n + 2) / 24)

Chi-Square Test of Model Fit

          Value                              0.000*
          Degrees of Freedom                     0
          P-Value                           0.0000
          Scaling Correction Factor         1.0000
            for MLR

Chi-Square Contribution From Each Group

          FULL                               0.000
          SHORT                              0.000

*   The chi-square value for MLM, MLMV, MLR, ULSMV, WLSM and WLSMV cannot be used
    for chi-square difference testing in the regular way.  MLM, MLR and WLSM
    chi-square difference testing is described on the Mplus website.  MLMV, WLSMV,
    and ULSMV difference testing is done using the DIFFTEST option.

RMSEA (Root Mean Square Error Of Approximation)

          Estimate                           0.000
          90 Percent C.I.                    0.000  0.000
          Probability RMSEA <= .05           0.000

CFI/TLI

          CFI                                1.000
          TLI                                1.000

Chi-Square Test of Model Fit for the Baseline Model

          Value                           1130.088
          Degrees of Freedom                     6
          P-Value                           0.0000

SRMR (Standardized Root Mean Square Residual)

          Value                              0.000



MODEL RESULTS

                                                    Two-Tailed
                    Estimate       S.E.  Est./S.E.    P-Value

Group FULL

 F1       BY
    V217               1.000      0.000    999.000    999.000
    V218               0.683      0.063     10.846      0.000
    V220               1.188      0.099     11.980      0.000

 Means
    F1                 0.000      0.000    999.000    999.000

 Intercepts
    V217               1.680      0.036     46.827      0.000
    V218               2.595      0.040     65.624      0.000
    V220               1.781      0.037     48.253      0.000

 Variances
    F1                 0.393      0.055      7.124      0.000

 Residual Variances
    V217               0.208      0.035      5.887      0.000
    V218               0.599      0.048     12.414      0.000
    V220               0.094      0.039      2.393      0.017

Group SHORT

 F1       BY
    V217               1.000      0.000    999.000    999.000
    V218               0.815      0.048     16.960      0.000
    V220               1.053      0.061     17.294      0.000

 Means
    F1                 0.000      0.000    999.000    999.000

 Intercepts
    V217               1.694      0.021     79.008      0.000
    V218               2.505      0.027     92.343      0.000
    V220               1.754      0.023     77.245      0.000

 Variances
    F1                 0.383      0.033     11.517      0.000

 Residual Variances
    V217               0.135      0.019      7.204      0.000
    V218               0.555      0.035     15.821      0.000
    V220               0.156      0.021      7.418      0.000


STANDARDIZED MODEL RESULTS


STDYX Standardization

                                                    Two-Tailed
                    Estimate       S.E.  Est./S.E.    P-Value

Group FULL

 F1       BY
    V217               0.808      0.037     21.719      0.000
    V218               0.484      0.040     11.990      0.000
    V220               0.925      0.033     28.169      0.000

 Means
    F1                 0.000      0.000    999.000    999.000

 Intercepts
    V217               2.167      0.067     32.347      0.000
    V218               2.935      0.095     30.925      0.000
    V220               2.213      0.065     34.301      0.000

 Variances
    F1                 1.000      0.000    999.000    999.000

 Residual Variances
    V217               0.346      0.060      5.755      0.000
    V218               0.766      0.039     19.598      0.000
    V220               0.145      0.061      2.388      0.017

Group SHORT

 F1       BY
    V217               0.860      0.022     38.398      0.000
    V218               0.561      0.028     19.875      0.000
    V220               0.855      0.023     37.734      0.000

 Means
    F1                 0.000      0.000    999.000    999.000

 Intercepts
    V217               2.353      0.051     45.926      0.000
    V218               2.785      0.059     46.969      0.000
    V220               2.300      0.052     44.529      0.000

 Variances
    F1                 1.000      0.000    999.000    999.000

 Residual Variances
    V217               0.260      0.039      6.758      0.000
    V218               0.685      0.032     21.660      0.000
    V220               0.269      0.039      6.929      0.000


R-SQUARE

Group FULL

    Observed                                        Two-Tailed
    Variable        Estimate       S.E.  Est./S.E.    P-Value

    V217               0.654      0.060     10.860      0.000
    V218               0.234      0.039      5.995      0.000
    V220               0.855      0.061     14.085      0.000

Group SHORT

    Observed                                        Two-Tailed
    Variable        Estimate       S.E.  Est./S.E.    P-Value

    V217               0.740      0.039     19.199      0.000
    V218               0.315      0.032      9.938      0.000
    V220               0.731      0.039     18.867      0.000


QUALITY OF NUMERICAL RESULTS

     Condition Number for the Information Matrix              0.539E-02
       (ratio of smallest to largest eigenvalue)


MODEL MODIFICATION INDICES

NOTE:  Modification indices for direct effects of observed dependent variables
regressed on covariates may not be included.  To include these, request
MODINDICES (ALL).

Minimum M.I. value for printing the modification index    10.000

                                   M.I.     E.P.C.  Std E.P.C.  StdYX E.P.C.
Group FULL


No modification indices above the minimum value.

Group SHORT


No modification indices above the minimum value.



DIAGRAM INFORMATION

  Use View Diagram under the Diagram menu in the Mplus Editor to view the diagram.
  If running Mplus from the Mplus Diagrammer, the diagram opens automatically.

  Diagram output
    c:\users\msassac6\dropbox (the university of manchester)\papers\joe s\evs_mm_de_equivalence\mplus\eq\inv_data3_v217_

     Beginning Time:  08:28:27
        Ending Time:  08:28:28
       Elapsed Time:  00:00:01



MUTHEN & MUTHEN
3463 Stoner Ave.
Los Angeles, CA  90066

Tel: (310) 391-9971
Fax: (310) 391-8971
Web: www.StatModel.com
Support: Support@StatModel.com

Copyright (c) 1998-2017 Muthen & Muthen
