Mplus VERSION 8
MUTHEN & MUTHEN
07/13/2020   8:32 AM

INPUT INSTRUCTIONS

  TITLE: Your title goes here

   DATA: FILE = eq/data.dta;

   VARIABLE:

   NAMES = id_cocas weight comp_mode comp_len mode mm_matrix_group wei_mmf v2 v3 v4 v32
       v33 v34 v35 v36 v37 v46 v47 v48 v49 v50 v65 v66 v67 v68 v69 v70 v82 v83 v84 v98
       v99 v100 v101 v103 v104 v105 v106 v107 v115 v116 v117 v118 v119 v120 v121 v122
       v123 v124 v125 v126 v127 v128 v129 v130 v131 v132 v133 v134 v135 v136 v137 v138
       v139 v140 v141 v145 v146 v147 v148 v149 v150 v151 v152 v153 v154 v155 v156 v157
       v158 v159 v160 v161 v162 v163 v164 v165 v166 v167 v176 v177 v178 v179 v180 v181
       v182 v183 v185 v186 v187 v188 v189 v191 v192 v193 v194 v195 v196 v197 v199 v200
       v201 v202 v203 v205 v206 v207 v208 v209 v210 v211 v212 v213 v214 v215 v216 v217
       v218 v220 v221 v222 v223 v224 v267 v268 v269 v271 v272 v273;

   MISSING=.;

   USEVARIABLES ARE
   v115
   v116
   v117
   v118
   v119
   v120
   v121
   v122
   v123
   v124
   v125
   v126
   v127
   v128
   v129
   v130
   v131
   v132;

   CATEGORICAL ARE
   v115
   v116
   v117
   v118
   v119
   v120
   v121
   v122
   v123
   v124
   v125
   v126
   v127
   v128
   v129
   v130
   v131
   v132;

   GROUPING IS comp_mode (0=sm 1=mm);

  WEIGHT IS weight;

   Analysis:

                  ESTIMATOR = WLSMV;

                  ITERATIONS = 100000;

                  PARAMETERIZATION = THETA;

  Model:


  f1 BY v115@1
  v116 (L2)
  v117 (L3)
  v118 (L4)
  v119 (L5)
  v120 (L6)
  v121 (L7)
  v122 (L8)
  v123 (L9)
  v124 (L10)
  v125 (L11)
  v126 (L12)
  v127 (L13)
  v128 (L14)
  v129 (L15)
  v130 (L16)
  v131 (L17)
  v132 (L18)
  ;


   [f1@0];
  [v115$1] (t_v115_1);
  [v115$2] (t_v115_2);
  [v115$3] (t_v115_3);

  [v116$1] (t_v116_1);
  [v116$2] (t_v116_2_sm);
  [v116$3] (t_v116_3_sm);

  [v117$1] (t_v117_1);
  [v117$2] (t_v117_2_sm);
  [v117$3] (t_v117_3_sm);

  [v118$1] (t_v118_1);
  [v118$2] (t_v118_2_sm);
  [v118$3] (t_v118_3_sm);

  [v119$1] (t_v119_1);
  [v119$2] (t_v119_2_sm);
  [v119$3] (t_v119_3_sm);

  [v120$1] (t_v120_1);
  [v120$2] (t_v120_2_sm);
  [v120$3] (t_v120_3_sm);

  [v121$1] (t_v121_1);
  [v121$2] (t_v121_2_sm);
  [v121$3] (t_v121_3_sm);

  [v122$1] (t_v122_1);
  [v122$2] (t_v122_2_sm);
  [v122$3] (t_v122_3_sm);

  [v123$1] (t_v123_1);
  [v123$2] (t_v123_2_sm);
  [v123$3] (t_v123_3_sm);

  [v124$1] (t_v124_1);
  [v124$2] (t_v124_2_sm);
  [v124$3] (t_v124_3_sm);

  [v125$1] (t_v125_1);
  [v125$2] (t_v125_2_sm);
  [v125$3] (t_v125_3_sm);

  [v126$1] (t_v126_1);
  [v126$2] (t_v126_2_sm);
  [v126$3] (t_v126_3_sm);

  [v127$1] (t_v127_1);
  [v127$2] (t_v127_2_sm);
  [v127$3] (t_v127_3_sm);

  [v128$1] (t_v128_1);
  [v128$2] (t_v128_2_sm);
  [v128$3] (t_v128_3_sm);

  [v129$1] (t_v129_1);
  [v129$2] (t_v129_2_sm);
  [v129$3] (t_v129_3_sm);

  [v130$1] (t_v130_1);
  [v130$2] (t_v130_2_sm);
  [v130$3] (t_v130_3_sm);

  [v131$1] (t_v131_1);
  [v131$2] (t_v131_2_sm);
  [v131$3] (t_v131_3_sm);

  [v132$1] (t_v132_1);
  [v132$2] (t_v132_2_sm);
  [v132$3] (t_v132_3_sm);


  Model mm:

  f1 BY v115@1
  v116 (L2)
  v117 (L3)
  v118 (L4)
  v119 (L5)
  v120 (L6)
  v121 (L7)
  v122 (L8)
  v123 (L9)
  v124 (L10)
  v125 (L11)
  v126 (L12)
  v127 (L13)
  v128 (L14)
  v129 (L15)
  v130 (L16)
  v131 (L17)
  v132 (L18)
  ;


   [f1@0];
  [v115$1] (t_v115_1);
  [v115$2] (t_v115_2);
  [v115$3] (t_v115_3);

  [v116$1] (t_v116_1);
  [v116$2] (t_v116_2_mm);
  [v116$3] (t_v116_3_mm);

  [v117$1] (t_v117_1);
  [v117$2] (t_v117_2_mm);
  [v117$3] (t_v117_3_mm);

  [v118$1] (t_v118_1);
  [v118$2] (t_v118_2_mm);
  [v118$3] (t_v118_3_mm);

  [v119$1] (t_v119_1);
  [v119$2] (t_v119_2_mm);
  [v119$3] (t_v119_3_mm);

  [v120$1] (t_v120_1);
  [v120$2] (t_v120_2_mm);
  [v120$3] (t_v120_3_mm);

  [v121$1] (t_v121_1);
  [v121$2] (t_v121_2_mm);
  [v121$3] (t_v121_3_mm);

  [v122$1] (t_v122_1);
  [v122$2] (t_v122_2_mm);
  [v122$3] (t_v122_3_mm);

  [v123$1] (t_v123_1);
  [v123$2] (t_v123_2_mm);
  [v123$3] (t_v123_3_mm);

  [v124$1] (t_v124_1);
  [v124$2] (t_v124_2_mm);
  [v124$3] (t_v124_3_mm);

  [v125$1] (t_v125_1);
  [v125$2] (t_v125_2_mm);
  [v125$3] (t_v125_3_mm);

  [v126$1] (t_v126_1);
  [v126$2] (t_v126_2_mm);
  [v126$3] (t_v126_3_mm);

  [v127$1] (t_v127_1);
  [v127$2] (t_v127_2_mm);
  [v127$3] (t_v127_3_mm);

  [v128$1] (t_v128_1);
  [v128$2] (t_v128_2_mm);
  [v128$3] (t_v128_3_mm);

  [v129$1] (t_v129_1);
  [v129$2] (t_v129_2_mm);
  [v129$3] (t_v129_3_mm);

  [v130$1] (t_v130_1);
  [v130$2] (t_v130_2_mm);
  [v130$3] (t_v130_3_mm);

  [v131$1] (t_v131_1);
  [v131$2] (t_v131_2_mm);
  [v131$3] (t_v131_3_mm);

  [v132$1] (t_v132_1);
  [v132$2] (t_v132_2_mm);
  [v132$3] (t_v132_3_mm);


   SAVEDATA: DIFFTEST IS v115_metric.dat;

   OUTPUT: SAMPSTAT;

                                  MODINDICES;

                                  STDYX;




*** WARNING
  Data set contains unknown or missing values for GROUPING,
  PATTERN, COHORT, CLUSTER and/or STRATIFICATION variables.
  Number of cases with unknown or missing values:  3244
*** WARNING
  Data set contains cases with missing on all variables.
  These cases were not included in the analysis.
  Number of cases with missing on all variables:  7
   2 WARNING(S) FOUND IN THE INPUT INSTRUCTIONS



Your title goes here

SUMMARY OF ANALYSIS

Number of groups                                                 2
Number of observations
   Group SM                                                   1493
   Group MM                                                    672
   Total sample size                                          2165

Number of dependent variables                                   18
Number of independent variables                                  0
Number of continuous latent variables                            1

Observed dependent variables

  Binary and ordered categorical (ordinal)
   V115        V116        V117        V118        V119        V120
   V121        V122        V123        V124        V125        V126
   V127        V128        V129        V130        V131        V132

Continuous latent variables
   F1

Variables with special functions

  Grouping variable     COMP_MOD
  Weight variable       WEIGHT

Estimator                                                    WLSMV
Maximum number of iterations                                100000
Convergence criterion                                    0.500D-04
Maximum number of steepest descent iterations                   20
Maximum number of iterations for H1                           2000
Convergence criterion for H1                             0.100D-03
Parameterization                                             THETA
Link                                                        PROBIT

Input data file(s)
  eq/data.dta

Input data format  FREE


SUMMARY OF DATA

   Group SM
     Number of missing data patterns           187

   Group MM
     Number of missing data patterns           183


COVARIANCE COVERAGE OF DATA

Minimum covariance coverage value   0.100


     PROPORTION OF DATA PRESENT FOR SM


           Covariance Coverage
              V115          V116          V117          V118          V119
              ________      ________      ________      ________      ________
 V115           0.962
 V116           0.928         0.952
 V117           0.944         0.935         0.979
 V118           0.954         0.944         0.973         0.989
 V119           0.874         0.871         0.887         0.895         0.900
 V120           0.956         0.945         0.972         0.981         0.894
 V121           0.937         0.928         0.951         0.960         0.884
 V122           0.942         0.933         0.956         0.967         0.888
 V123           0.948         0.938         0.965         0.975         0.891
 V124           0.918         0.910         0.934         0.938         0.869
 V125           0.894         0.889         0.908         0.912         0.852
 V126           0.958         0.948         0.975         0.985         0.896
 V127           0.943         0.937         0.959         0.967         0.887
 V128           0.930         0.920         0.942         0.950         0.875
 V129           0.934         0.924         0.948         0.954         0.881
 V130           0.935         0.925         0.946         0.953         0.881
 V131           0.938         0.930         0.953         0.960         0.883
 V132           0.906         0.898         0.920         0.926         0.856


           Covariance Coverage
              V120          V121          V122          V123          V124
              ________      ________      ________      ________      ________
 V120           0.991
 V121           0.962         0.968
 V122           0.969         0.951         0.975
 V123           0.974         0.956         0.963         0.982
 V124           0.940         0.929         0.929         0.934         0.947
 V125           0.913         0.903         0.906         0.910         0.911
 V126           0.987         0.964         0.971         0.978         0.944
 V127           0.971         0.952         0.958         0.962         0.934
 V128           0.951         0.937         0.939         0.946         0.926
 V129           0.954         0.938         0.944         0.950         0.924
 V130           0.955         0.941         0.943         0.948         0.921
 V131           0.964         0.952         0.950         0.957         0.932
 V132           0.928         0.913         0.918         0.921         0.898


           Covariance Coverage
              V125          V126          V127          V128          V129
              ________      ________      ________      ________      ________
 V125           0.920
 V126           0.919         0.995
 V127           0.908         0.973         0.977
 V128           0.900         0.954         0.942         0.958
 V129           0.903         0.958         0.944         0.938         0.962
 V130           0.900         0.956         0.946         0.934         0.938
 V131           0.908         0.966         0.954         0.939         0.941
 V132           0.876         0.931         0.924         0.905         0.908


           Covariance Coverage
              V130          V131          V132
              ________      ________      ________
 V130           0.961
 V131           0.948         0.970
 V132           0.910         0.916         0.935


     PROPORTION OF DATA PRESENT FOR MM


           Covariance Coverage
              V115          V116          V117          V118          V119
              ________      ________      ________      ________      ________
 V115           0.917
 V116           0.851         0.896
 V117           0.894         0.876         0.966
 V118           0.885         0.865         0.932         0.949
 V119           0.763         0.762         0.799         0.799         0.812
 V120           0.896         0.885         0.942         0.930         0.804
 V121           0.863         0.854         0.909         0.906         0.790
 V122           0.848         0.836         0.890         0.882         0.784
 V123           0.866         0.848         0.909         0.896         0.790
 V124           0.842         0.835         0.881         0.875         0.774
 V125           0.796         0.789         0.829         0.829         0.749
 V126           0.902         0.884         0.952         0.940         0.805
 V127           0.881         0.860         0.926         0.920         0.790
 V128           0.815         0.802         0.847         0.838         0.756
 V129           0.836         0.815         0.866         0.857         0.756
 V130           0.854         0.838         0.884         0.878         0.765
 V131           0.869         0.844         0.902         0.894         0.783
 V132           0.851         0.830         0.893         0.881         0.772


           Covariance Coverage
              V120          V121          V122          V123          V124
              ________      ________      ________      ________      ________
 V120           0.970
 V121           0.914         0.930
 V122           0.899         0.884         0.912
 V123           0.915         0.890         0.881         0.935
 V124           0.890         0.879         0.856         0.866         0.905
 V125           0.833         0.832         0.811         0.821         0.838
 V126           0.952         0.924         0.905         0.927         0.899
 V127           0.930         0.903         0.887         0.908         0.882
 V128           0.850         0.836         0.835         0.839         0.821
 V129           0.871         0.847         0.838         0.854         0.832
 V130           0.885         0.869         0.850         0.859         0.848
 V131           0.902         0.885         0.865         0.876         0.865
 V132           0.893         0.874         0.848         0.872         0.863


           Covariance Coverage
              V125          V126          V127          V128          V129
              ________      ________      ________      ________      ________
 V125           0.845
 V126           0.841         0.978
 V127           0.832         0.946         0.954
 V128           0.786         0.857         0.848         0.865
 V129           0.792         0.876         0.865         0.812         0.888
 V130           0.802         0.894         0.881         0.815         0.835
 V131           0.818         0.915         0.899         0.833         0.850
 V132           0.814         0.905         0.894         0.826         0.839


           Covariance Coverage
              V130          V131          V132
              ________      ________      ________
 V130           0.902
 V131           0.875         0.923
 V132           0.850         0.874         0.909


UNIVARIATE PROPORTIONS AND COUNTS FOR CATEGORICAL VARIABLES

  Group SM
    V115
      Category 1    0.054           77.175
      Category 2    0.297          425.288
      Category 3    0.428          613.076
      Category 4    0.221          316.240
    V116
      Category 1    0.077          109.464
      Category 2    0.455          643.398
      Category 3    0.389          550.070
      Category 4    0.079          112.062
    V117
      Category 1    0.083          121.161
      Category 2    0.465          677.996
      Category 3    0.396          576.753
      Category 4    0.056           81.870
    V118
      Category 1    0.035           51.979
      Category 2    0.335          493.697
      Category 3    0.477          702.889
      Category 4    0.153          225.176
    V119
      Category 1    0.042           55.402
      Category 2    0.463          616.148
      Category 3    0.399          531.715
      Category 4    0.097          128.860
    V120
      Category 1    0.245          362.871
      Category 2    0.597          883.363
      Category 3    0.131          193.997
      Category 4    0.026           38.306
    V121
      Category 1    0.047           67.611
      Category 2    0.363          521.918
      Category 3    0.458          657.824
      Category 4    0.132          189.503
    V122
      Category 1    0.051           73.636
      Category 2    0.553          803.156
      Category 3    0.355          515.486
      Category 4    0.042           60.910
    V123
      Category 1    0.091          133.649
      Category 2    0.525          768.346
      Category 3    0.333          487.469
      Category 4    0.051           74.815
    V124
      Category 1    0.049           68.697
      Category 2    0.391          547.527
      Category 3    0.437          612.961
      Category 4    0.123          171.894
    V125
      Category 1    0.045           61.274
      Category 2    0.381          518.537
      Category 3    0.459          624.666
      Category 4    0.114          155.200
    V126
      Category 1    0.114          169.136
      Category 2    0.554          822.818
      Category 3    0.285          422.817
      Category 4    0.048           70.601
    V127
      Category 1    0.127          184.482
      Category 2    0.517          750.082
      Category 3    0.295          428.294
      Category 4    0.061           88.402
    V128
      Category 1    0.019           27.489
      Category 2    0.218          309.736
      Category 3    0.585          829.822
      Category 4    0.177          251.051
    V129
      Category 1    0.092          131.430
      Category 2    0.535          763.327
      Category 3    0.322          459.458
      Category 4    0.051           72.234
    V130
      Category 1    0.009           12.813
      Category 2    0.182          259.554
      Category 3    0.629          897.065
      Category 4    0.180          256.642
    V131
      Category 1    0.036           52.185
      Category 2    0.342          493.985
      Category 3    0.475          685.392
      Category 4    0.147          212.064
    V132
      Category 1    0.014           19.836
      Category 2    0.157          215.984
      Category 3    0.520          715.730
      Category 4    0.309          424.935

  Group MM
    V115
      Category 1    0.036           22.106
      Category 2    0.202          123.742
      Category 3    0.534          327.001
      Category 4    0.228          139.479
    V116
      Category 1    0.048           28.166
      Category 2    0.414          244.754
      Category 3    0.458          271.130
      Category 4    0.080           47.569
    V117
      Category 1    0.075           48.200
      Category 2    0.450          290.423
      Category 3    0.411          265.308
      Category 4    0.065           42.074
    V118
      Category 1    0.028           17.748
      Category 2    0.299          189.367
      Category 3    0.470          297.625
      Category 4    0.204          128.979
    V119
      Category 1    0.043           22.876
      Category 2    0.388          206.717
      Category 3    0.458          244.036
      Category 4    0.112           59.656
    V120
      Category 1    0.201          130.546
      Category 2    0.613          398.707
      Category 3    0.163          106.225
      Category 4    0.022           14.497
    V121
      Category 1    0.041           25.098
      Category 2    0.291          179.289
      Category 3    0.481          295.763
      Category 4    0.187          115.212
    V122
      Category 1    0.035           21.033
      Category 2    0.429          257.643
      Category 3    0.472          282.919
      Category 4    0.064           38.305
    V123
      Category 1    0.081           50.029
      Category 2    0.474          294.546
      Category 3    0.374          232.203
      Category 4    0.071           44.201
    V124
      Category 1    0.053           31.279
      Category 2    0.318          189.342
      Category 3    0.447          266.378
      Category 4    0.182          108.317
    V125
      Category 1    0.062           33.999
      Category 2    0.339          187.141
      Category 3    0.444          245.409
      Category 4    0.156           85.991
    V126
      Category 1    0.088           57.278
      Category 2    0.523          341.603
      Category 3    0.343          224.258
      Category 4    0.046           29.866
    V127
      Category 1    0.100           63.559
      Category 2    0.491          311.337
      Category 3    0.315          199.659
      Category 4    0.094           59.505
    V128
      Category 1    0.023           12.946
      Category 2    0.171           97.483
      Category 3    0.598          340.433
      Category 4    0.209          118.813
    V129
      Category 1    0.068           39.988
      Category 2    0.503          294.694
      Category 3    0.351          205.472
      Category 4    0.078           45.628
    V130
      Category 1    0.006            3.742
      Category 2    0.129           77.093
      Category 3    0.585          348.345
      Category 4    0.280          166.520
    V131
      Category 1    0.030           18.056
      Category 2    0.265          161.137
      Category 3    0.492          299.506
      Category 4    0.214          130.246
    V132
      Category 1    0.016            9.745
      Category 2    0.135           82.258
      Category 3    0.581          353.331
      Category 4    0.267          162.604


SAMPLE STATISTICS


     ESTIMATED SAMPLE STATISTICS FOR SM


           MEANS/INTERCEPTS/THRESHOLDS
              V115$1        V115$2        V115$3        V116$1        V116$2
              ________      ________      ________      ________      ________
               -1.608        -0.383         0.769        -1.423         0.080


           MEANS/INTERCEPTS/THRESHOLDS
              V116$3        V117$1        V117$2        V117$3        V118$1
              ________      ________      ________      ________      ________
                1.410        -1.384         0.121         1.588        -1.808


           MEANS/INTERCEPTS/THRESHOLDS
              V118$2        V118$3        V119$1        V119$2        V119$3
              ________      ________      ________      ________      ________
               -0.331         1.025        -1.733         0.010         1.300


           MEANS/INTERCEPTS/THRESHOLDS
              V120$1        V120$2        V120$3        V121$1        V121$2
              ________      ________      ________      ________      ________
               -0.689         1.006         1.945        -1.674        -0.227


           MEANS/INTERCEPTS/THRESHOLDS
              V121$3        V122$1        V122$2        V122$3        V123$1
              ________      ________      ________      ________      ________
                1.118        -1.638         0.262         1.729        -1.333


           MEANS/INTERCEPTS/THRESHOLDS
              V123$2        V123$3        V124$1        V124$2        V124$3
              ________      ________      ________      ________      ________
                0.295         1.634        -1.654        -0.151         1.162


           MEANS/INTERCEPTS/THRESHOLDS
              V125$1        V125$2        V125$3        V126$1        V126$2
              ________      ________      ________      ________      ________
               -1.695        -0.185         1.205        -1.206         0.434


           MEANS/INTERCEPTS/THRESHOLDS
              V126$3        V127$1        V127$2        V127$3        V128$1
              ________      ________      ________      ________      ________
                1.669        -1.140         0.369         1.547        -2.067


           MEANS/INTERCEPTS/THRESHOLDS
              V128$2        V128$3        V129$1        V129$2        V129$3
              ________      ________      ________      ________      ________
               -0.713         0.927        -1.328         0.325         1.639


           MEANS/INTERCEPTS/THRESHOLDS
              V130$1        V130$2        V130$3        V131$1        V131$2
              ________      ________      ________      ________      ________
               -2.366        -0.874         0.916        -1.797        -0.310


           MEANS/INTERCEPTS/THRESHOLDS
              V131$3        V132$1        V132$2        V132$3
              ________      ________      ________      ________
                1.050        -2.186        -0.949         0.500


           CORRELATION MATRIX (WITH VARIANCES ON THE DIAGONAL)
              V115          V116          V117          V118          V119
              ________      ________      ________      ________      ________
 V115
 V116           0.392
 V117           0.222         0.376
 V118           0.221         0.200         0.246
 V119           0.235         0.284         0.295         0.425
 V120           0.229         0.512         0.303         0.300         0.299
 V121           0.362         0.396         0.411         0.494         0.369
 V122           0.303         0.330         0.345         0.297         0.327
 V123           0.211         0.279         0.376         0.265         0.230
 V124           0.204         0.305         0.355         0.427         0.413
 V125           0.216         0.350         0.274         0.409         0.392
 V126           0.108         0.252         0.357         0.171         0.193
 V127           0.237         0.313         0.345         0.384         0.302
 V128           0.234         0.356         0.360         0.242         0.258
 V129           0.180         0.181         0.225         0.363         0.348
 V130           0.332         0.297         0.313         0.445         0.349
 V131           0.354         0.345         0.394         0.450         0.365
 V132           0.180         0.156         0.218         0.265         0.202


           CORRELATION MATRIX (WITH VARIANCES ON THE DIAGONAL)
              V120          V121          V122          V123          V124
              ________      ________      ________      ________      ________
 V121           0.441
 V122           0.412         0.558
 V123           0.318         0.426         0.480
 V124           0.315         0.605         0.413         0.409
 V125           0.295         0.517         0.327         0.349         0.747
 V126           0.343         0.361         0.323         0.597         0.379
 V127           0.437         0.511         0.415         0.420         0.462
 V128           0.301         0.423         0.331         0.357         0.373
 V129           0.261         0.373         0.265         0.276         0.388
 V130           0.262         0.689         0.481         0.354         0.561
 V131           0.377         0.786         0.496         0.431         0.623
 V132           0.175         0.277         0.259         0.316         0.257


           CORRELATION MATRIX (WITH VARIANCES ON THE DIAGONAL)
              V125          V126          V127          V128          V129
              ________      ________      ________      ________      ________
 V126           0.329
 V127           0.411         0.473
 V128           0.348         0.385         0.328
 V129           0.392         0.256         0.370         0.246
 V130           0.472         0.334         0.426         0.443         0.339
 V131           0.532         0.374         0.534         0.433         0.347
 V132           0.290         0.297         0.195         0.362         0.207


           CORRELATION MATRIX (WITH VARIANCES ON THE DIAGONAL)
              V130          V131          V132
              ________      ________      ________
 V131           0.767
 V132           0.386         0.275


     ESTIMATED SAMPLE STATISTICS FOR MM


           MEANS/INTERCEPTS/THRESHOLDS
              V115$1        V115$2        V115$3        V116$1        V116$2
              ________      ________      ________      ________      ________
               -1.798        -0.712         0.746        -1.669        -0.097


           MEANS/INTERCEPTS/THRESHOLDS
              V116$3        V117$1        V117$2        V117$3        V118$1
              ________      ________      ________      ________      ________
                1.402        -1.442         0.061         1.513        -1.911


           MEANS/INTERCEPTS/THRESHOLDS
              V118$2        V118$3        V119$1        V119$2        V119$3
              ________      ________      ________      ________      ________
               -0.449         0.829        -1.718        -0.175         1.217


           MEANS/INTERCEPTS/THRESHOLDS
              V120$1        V120$2        V120$3        V121$1        V121$2
              ________      ________      ________      ________      ________
               -0.839         0.894         2.008        -1.742        -0.434


           MEANS/INTERCEPTS/THRESHOLDS
              V121$3        V122$1        V122$2        V122$3        V123$1
              ________      ________      ________      ________      ________
                0.888        -1.811        -0.089         1.523        -1.401


           MEANS/INTERCEPTS/THRESHOLDS
              V123$2        V123$3        V124$1        V124$2        V124$3
              ________      ________      ________      ________      ________
                0.138         1.467        -1.621        -0.330         0.908


           MEANS/INTERCEPTS/THRESHOLDS
              V125$1        V125$2        V125$3        V126$1        V126$2
              ________      ________      ________      ________      ________
               -1.542        -0.253         1.013        -1.355         0.282


           MEANS/INTERCEPTS/THRESHOLDS
              V126$3        V127$1        V127$2        V127$3        V128$1
              ________      ________      ________      ________      ________
                1.688        -1.280         0.231         1.317        -2.000


           MEANS/INTERCEPTS/THRESHOLDS
              V128$2        V128$3        V129$1        V129$2        V129$3
              ________      ________      ________      ________      ________
               -0.864         0.811        -1.489         0.180         1.419


           MEANS/INTERCEPTS/THRESHOLDS
              V130$1        V130$2        V130$3        V131$1        V131$2
              ________      ________      ________      ________      ________
               -2.496        -1.100         0.584        -1.886        -0.541


           MEANS/INTERCEPTS/THRESHOLDS
              V131$3        V132$1        V132$2        V132$3
              ________      ________      ________      ________
                0.793        -2.144        -1.031         0.620


           CORRELATION MATRIX (WITH VARIANCES ON THE DIAGONAL)
              V115          V116          V117          V118          V119
              ________      ________      ________      ________      ________
 V115
 V116           0.404
 V117           0.262         0.405
 V118           0.125         0.232         0.326
 V119           0.057         0.131         0.274         0.315
 V120           0.266         0.423         0.357         0.343         0.196
 V121           0.344         0.305         0.423         0.531         0.157
 V122           0.348         0.344         0.441         0.376         0.284
 V123           0.317         0.356         0.354         0.345         0.266
 V124           0.429         0.373         0.336         0.441         0.289
 V125           0.350         0.362         0.369         0.467         0.339
 V126           0.306         0.360         0.398         0.207         0.255
 V127           0.284         0.301         0.397         0.487         0.234
 V128           0.179         0.414         0.423         0.312         0.251
 V129           0.216         0.168         0.250         0.402         0.358
 V130           0.338         0.285         0.402         0.466         0.257
 V131           0.445         0.358         0.420         0.439         0.241
 V132           0.237         0.268         0.257         0.468         0.156


           CORRELATION MATRIX (WITH VARIANCES ON THE DIAGONAL)
              V120          V121          V122          V123          V124
              ________      ________      ________      ________      ________
 V121           0.453
 V122           0.512         0.649
 V123           0.463         0.521         0.667
 V124           0.248         0.644         0.566         0.565
 V125           0.326         0.507         0.476         0.448         0.781
 V126           0.366         0.406         0.519         0.642         0.498
 V127           0.518         0.661         0.615         0.572         0.548
 V128           0.300         0.426         0.535         0.448         0.381
 V129           0.243         0.405         0.370         0.299         0.475
 V130           0.328         0.750         0.531         0.491         0.584
 V131           0.420         0.816         0.639         0.564         0.639
 V132           0.217         0.361         0.377         0.359         0.366


           CORRELATION MATRIX (WITH VARIANCES ON THE DIAGONAL)
              V125          V126          V127          V128          V129
              ________      ________      ________      ________      ________
 V126           0.413
 V127           0.449         0.492
 V128           0.318         0.448         0.468
 V129           0.438         0.235         0.451         0.185
 V130           0.515         0.405         0.549         0.514         0.423
 V131           0.508         0.532         0.646         0.460         0.410
 V132           0.354         0.194         0.226         0.409         0.268


           CORRELATION MATRIX (WITH VARIANCES ON THE DIAGONAL)
              V130          V131          V132
              ________      ________      ________
 V131           0.730
 V132           0.500         0.398


THE MODEL ESTIMATION TERMINATED NORMALLY



MODEL FIT INFORMATION

Number of Free Parameters                      125

Chi-Square Test of Model Fit

          Value                           2187.848*
          Degrees of Freedom                   289
          P-Value                           0.0000

Chi-Square Contribution From Each Group

          SM                              1489.118
          MM                               698.729

*   The chi-square value for MLM, MLMV, MLR, ULSMV, WLSM and WLSMV cannot be used
    for chi-square difference testing in the regular way.  MLM, MLR and WLSM
    chi-square difference testing is described on the Mplus website.  MLMV, WLSMV,
    and ULSMV difference testing is done using the DIFFTEST option.

RMSEA (Root Mean Square Error Of Approximation)

          Estimate                           0.078
          90 Percent C.I.                    0.075  0.081
          Probability RMSEA <= .05           0.000

CFI/TLI

          CFI                                0.920
          TLI                                0.915

Chi-Square Test of Model Fit for the Baseline Model

          Value                          24023.620
          Degrees of Freedom                   306
          P-Value                           0.0000

WRMR (Weighted Root Mean Square Residual)

          Value                              3.060



MODEL RESULTS

                                                    Two-Tailed
                    Estimate       S.E.  Est./S.E.    P-Value

Group SM

 F1       BY
    V115               1.000      0.000    999.000    999.000
    V116               1.316      0.101     12.988      0.000
    V117               1.364      0.110     12.438      0.000
    V118               1.495      0.119     12.570      0.000
    V119               1.286      0.111     11.604      0.000
    V120               1.422      0.114     12.458      0.000
    V121               3.507      0.250     14.057      0.000
    V122               1.814      0.136     13.351      0.000
    V123               1.718      0.136     12.610      0.000
    V124               2.893      0.217     13.324      0.000
    V125               2.422      0.198     12.234      0.000
    V126               1.524      0.126     12.099      0.000
    V127               1.890      0.143     13.251      0.000
    V128               1.499      0.131     11.424      0.000
    V129               1.242      0.100     12.375      0.000
    V130               2.869      0.225     12.731      0.000
    V131               3.904      0.292     13.365      0.000
    V132               1.045      0.092     11.337      0.000

 Means
    F1                 0.000      0.000    999.000    999.000

 Thresholds
    V115$1            -1.754      0.065    -27.054      0.000
    V115$2            -0.497      0.035    -14.340      0.000
    V115$3             0.799      0.040     20.186      0.000
    V116$1            -1.691      0.065    -26.104      0.000
    V116$2             0.093      0.041      2.280      0.023
    V116$3             1.629      0.059     27.500      0.000
    V117$1            -1.612      0.061    -26.607      0.000
    V117$2             0.141      0.040      3.493      0.000
    V117$3             1.851      0.064     28.722      0.000
    V118$1            -2.168      0.077    -28.165      0.000
    V118$2            -0.396      0.042     -9.435      0.000
    V118$3             1.226      0.051     23.839      0.000
    V119$1            -2.089      0.082    -25.376      0.000
    V119$2             0.012      0.042      0.285      0.776
    V119$3             1.494      0.059     25.282      0.000
    V120$1            -0.848      0.043    -19.671      0.000
    V120$2             1.187      0.050     23.828      0.000
    V120$3             2.293      0.088     26.169      0.000
    V121$1            -3.101      0.110    -28.186      0.000
    V121$2            -0.417      0.066     -6.331      0.000
    V121$3             2.053      0.085     24.223      0.000
    V122$1            -2.045      0.078    -26.346      0.000
    V122$2             0.335      0.045      7.447      0.000
    V122$3             2.211      0.084     26.426      0.000
    V123$1            -1.609      0.061    -26.215      0.000
    V123$2             0.370      0.044      8.386      0.000
    V123$3             2.048      0.073     28.000      0.000
    V124$1            -2.641      0.097    -27.228      0.000
    V124$2            -0.245      0.057     -4.271      0.000
    V124$3             1.879      0.080     23.479      0.000
    V125$1            -2.403      0.098    -24.509      0.000
    V125$2            -0.271      0.052     -5.161      0.000
    V125$3             1.759      0.074     23.763      0.000
    V126$1            -1.450      0.056    -25.840      0.000
    V126$2             0.522      0.043     12.132      0.000
    V126$3             2.009      0.075     26.671      0.000
    V127$1            -1.470      0.056    -26.037      0.000
    V127$2             0.480      0.047     10.315      0.000
    V127$3             2.011      0.075     26.898      0.000
    V128$1            -2.409      0.107    -22.475      0.000
    V128$2            -0.854      0.048    -17.804      0.000
    V128$3             1.110      0.049     22.492      0.000
    V129$1            -1.531      0.060    -25.688      0.000
    V129$2             0.370      0.041      9.079      0.000
    V129$3             1.867      0.066     28.444      0.000
    V130$1            -3.871      0.193    -20.023      0.000
    V130$2            -1.407      0.074    -19.125      0.000
    V130$3             1.473      0.071     20.671      0.000
    V131$1            -3.618      0.145    -25.037      0.000
    V131$2            -0.615      0.072     -8.507      0.000
    V131$3             2.084      0.089     23.504      0.000
    V132$1            -2.268      0.120    -18.857      0.000
    V132$2            -1.044      0.048    -21.726      0.000
    V132$3             0.550      0.040     13.583      0.000

 Variances
    F1                 0.193      0.026      7.455      0.000

 Residual Variances
    V115               1.000      0.000    999.000    999.000
    V116               1.000      0.000    999.000    999.000
    V117               1.000      0.000    999.000    999.000
    V118               1.000      0.000    999.000    999.000
    V119               1.000      0.000    999.000    999.000
    V120               1.000      0.000    999.000    999.000
    V121               1.000      0.000    999.000    999.000
    V122               1.000      0.000    999.000    999.000
    V123               1.000      0.000    999.000    999.000
    V124               1.000      0.000    999.000    999.000
    V125               1.000      0.000    999.000    999.000
    V126               1.000      0.000    999.000    999.000
    V127               1.000      0.000    999.000    999.000
    V128               1.000      0.000    999.000    999.000
    V129               1.000      0.000    999.000    999.000
    V130               1.000      0.000    999.000    999.000
    V131               1.000      0.000    999.000    999.000
    V132               1.000      0.000    999.000    999.000

Group MM

 F1       BY
    V115               1.000      0.000    999.000    999.000
    V116               1.316      0.101     12.988      0.000
    V117               1.364      0.110     12.438      0.000
    V118               1.495      0.119     12.570      0.000
    V119               1.286      0.111     11.604      0.000
    V120               1.422      0.114     12.458      0.000
    V121               3.507      0.250     14.057      0.000
    V122               1.814      0.136     13.351      0.000
    V123               1.718      0.136     12.610      0.000
    V124               2.893      0.217     13.324      0.000
    V125               2.422      0.198     12.234      0.000
    V126               1.524      0.126     12.099      0.000
    V127               1.890      0.143     13.251      0.000
    V128               1.499      0.131     11.424      0.000
    V129               1.242      0.100     12.375      0.000
    V130               2.869      0.225     12.731      0.000
    V131               3.904      0.292     13.365      0.000
    V132               1.045      0.092     11.337      0.000

 Means
    F1                 0.000      0.000    999.000    999.000

 Thresholds
    V115$1            -1.754      0.065    -27.054      0.000
    V115$2            -0.497      0.035    -14.340      0.000
    V115$3             0.799      0.040     20.186      0.000
    V116$1            -1.691      0.065    -26.104      0.000
    V116$2            -0.112      0.065     -1.722      0.085
    V116$3             1.624      0.177      9.157      0.000
    V117$1            -1.612      0.061    -26.607      0.000
    V117$2             0.068      0.063      1.079      0.281
    V117$3             1.686      0.160     10.570      0.000
    V118$1            -2.168      0.077    -28.165      0.000
    V118$2            -0.512      0.071     -7.249      0.000
    V118$3             0.947      0.106      8.894      0.000
    V119$1            -2.089      0.082    -25.376      0.000
    V119$2            -0.256      0.093     -2.762      0.006
    V119$3             1.782      0.225      7.906      0.000
    V120$1            -0.848      0.043    -19.671      0.000
    V120$2             1.007      0.112      9.023      0.000
    V120$3             2.263      0.231      9.801      0.000
    V121$1            -3.101      0.110    -28.186      0.000
    V121$2            -0.798      0.103     -7.774      0.000
    V121$3             1.634      0.163      9.996      0.000
    V122$1            -2.045      0.078    -26.346      0.000
    V122$2            -0.093      0.059     -1.591      0.112
    V122$3             1.595      0.141     11.334      0.000
    V123$1            -1.609      0.061    -26.215      0.000
    V123$2             0.145      0.062      2.344      0.019
    V123$3             1.540      0.137     11.249      0.000
    V124$1            -2.641      0.097    -27.228      0.000
    V124$2            -0.518      0.089     -5.799      0.000
    V124$3             1.424      0.139     10.243      0.000
    V125$1            -2.403      0.098    -24.509      0.000
    V125$2            -0.363      0.085     -4.255      0.000
    V125$3             1.453      0.147      9.867      0.000
    V126$1            -1.450      0.056    -25.840      0.000
    V126$2             0.300      0.066      4.574      0.000
    V126$3             1.800      0.157     11.452      0.000
    V127$1            -1.470      0.056    -26.037      0.000
    V127$2             0.260      0.068      3.812      0.000
    V127$3             1.483      0.135     10.994      0.000
    V128$1            -2.409      0.107    -22.475      0.000
    V128$2            -0.981      0.104     -9.461      0.000
    V128$3             0.921      0.106      8.652      0.000
    V129$1            -1.531      0.060    -25.688      0.000
    V129$2             0.191      0.064      2.959      0.003
    V129$3             1.505      0.142     10.578      0.000
    V130$1            -3.871      0.193    -20.023      0.000
    V130$2            -1.778      0.149    -11.953      0.000
    V130$3             0.945      0.124      7.612      0.000
    V131$1            -3.618      0.145    -25.037      0.000
    V131$2            -1.085      0.122     -8.916      0.000
    V131$3             1.591      0.171      9.288      0.000
    V132$1            -2.268      0.120    -18.857      0.000
    V132$2            -0.991      0.099    -10.042      0.000
    V132$3             0.597      0.079      7.583      0.000

 Variances
    F1                 0.197      0.033      5.984      0.000

 Residual Variances
    V115               0.743      0.106      7.038      0.000
    V116               1.000      0.198      5.051      0.000
    V117               0.874      0.140      6.255      0.000
    V118               0.862      0.139      6.184      0.000
    V119               1.818      0.429      4.241      0.000
    V120               0.871      0.143      6.101      0.000
    V121               0.953      0.139      6.844      0.000
    V122               0.447      0.063      7.049      0.000
    V123               0.519      0.077      6.733      0.000
    V124               0.806      0.112      7.186      0.000
    V125               0.902      0.131      6.883      0.000
    V126               0.679      0.104      6.556      0.000
    V127               0.562      0.086      6.547      0.000
    V128               0.845      0.151      5.592      0.000
    V129               0.819      0.137      6.001      0.000
    V130               0.989      0.161      6.140      0.000
    V131               1.015      0.180      5.647      0.000
    V132               0.709      0.122      5.827      0.000


STANDARDIZED MODEL RESULTS


STDYX Standardization

                                                    Two-Tailed
                    Estimate       S.E.  Est./S.E.    P-Value

Group SM

 F1       BY
    V115               0.402      0.023     17.786      0.000
    V116               0.501      0.023     22.167      0.000
    V117               0.514      0.020     25.199      0.000
    V118               0.549      0.019     28.303      0.000
    V119               0.492      0.023     21.365      0.000
    V120               0.530      0.021     25.496      0.000
    V121               0.839      0.010     84.834      0.000
    V122               0.623      0.019     33.341      0.000
    V123               0.603      0.019     31.816      0.000
    V124               0.786      0.013     62.392      0.000
    V125               0.729      0.016     46.022      0.000
    V126               0.556      0.020     28.145      0.000
    V127               0.639      0.018     36.309      0.000
    V128               0.550      0.022     24.948      0.000
    V129               0.479      0.020     23.732      0.000
    V130               0.783      0.015     52.467      0.000
    V131               0.864      0.009     96.557      0.000
    V132               0.417      0.023     17.865      0.000

 Means
    F1                 0.000      0.000    999.000    999.000

 Thresholds
    V115$1            -1.605      0.058    -27.800      0.000
    V115$2            -0.455      0.031    -14.566      0.000
    V115$3             0.732      0.035     20.928      0.000
    V116$1            -1.464      0.053    -27.720      0.000
    V116$2             0.080      0.035      2.280      0.023
    V116$3             1.410      0.052     27.383      0.000
    V117$1            -1.383      0.049    -28.131      0.000
    V117$2             0.121      0.035      3.487      0.000
    V117$3             1.588      0.055     28.709      0.000
    V118$1            -1.812      0.060    -30.280      0.000
    V118$2            -0.331      0.035     -9.458      0.000
    V118$3             1.024      0.043     23.685      0.000
    V119$1            -1.819      0.069    -26.485      0.000
    V119$2             0.010      0.036      0.285      0.776
    V119$3             1.300      0.051     25.289      0.000
    V120$1            -0.719      0.035    -20.635      0.000
    V120$2             1.006      0.042     23.734      0.000
    V120$3             1.945      0.077     25.286      0.000
    V121$1            -1.688      0.056    -30.125      0.000
    V121$2            -0.227      0.035     -6.453      0.000
    V121$3             1.117      0.045     24.921      0.000
    V122$1            -1.600      0.055    -29.289      0.000
    V122$2             0.262      0.035      7.434      0.000
    V122$3             1.729      0.065     26.690      0.000
    V123$1            -1.284      0.044    -28.903      0.000
    V123$2             0.295      0.035      8.397      0.000
    V123$3             1.634      0.058     27.981      0.000
    V124$1            -1.633      0.056    -29.320      0.000
    V124$2            -0.151      0.035     -4.277      0.000
    V124$3             1.162      0.047     24.643      0.000
    V125$1            -1.646      0.059    -28.094      0.000
    V125$2            -0.185      0.036     -5.166      0.000
    V125$3             1.205      0.049     24.567      0.000
    V126$1            -1.205      0.043    -28.186      0.000
    V126$2             0.434      0.036     12.148      0.000
    V126$3             1.669      0.063     26.658      0.000
    V127$1            -1.131      0.040    -27.970      0.000
    V127$2             0.369      0.036     10.318      0.000
    V127$3             1.547      0.058     26.819      0.000
    V128$1            -2.012      0.084    -23.880      0.000
    V128$2            -0.713      0.039    -18.080      0.000
    V128$3             0.927      0.041     22.591      0.000
    V129$1            -1.344      0.050    -26.760      0.000
    V129$2             0.325      0.036      9.047      0.000
    V129$3             1.639      0.059     27.697      0.000
    V130$1            -2.406      0.106    -22.680      0.000
    V130$2            -0.874      0.040    -21.725      0.000
    V130$3             0.915      0.042     22.055      0.000
    V131$1            -1.823      0.065    -28.119      0.000
    V131$2            -0.310      0.035     -8.759      0.000
    V131$3             1.050      0.044     24.005      0.000
    V132$1            -2.061      0.102    -20.174      0.000
    V132$2            -0.949      0.043    -21.850      0.000
    V132$3             0.500      0.037     13.487      0.000

 Variances
    F1                 1.000      0.000    999.000    999.000

 Residual Variances
    V115               0.838      0.018     46.082      0.000
    V116               0.749      0.023     33.154      0.000
    V117               0.736      0.021     35.068      0.000
    V118               0.699      0.021     32.793      0.000
    V119               0.758      0.023     33.461      0.000
    V120               0.719      0.022     32.671      0.000
    V121               0.296      0.017     17.867      0.000
    V122               0.612      0.023     26.256      0.000
    V123               0.637      0.023     27.915      0.000
    V124               0.382      0.020     19.312      0.000
    V125               0.469      0.023     20.329      0.000
    V126               0.691      0.022     31.403      0.000
    V127               0.592      0.022     26.332      0.000
    V128               0.698      0.024     28.769      0.000
    V129               0.771      0.019     39.863      0.000
    V130               0.386      0.023     16.517      0.000
    V131               0.254      0.015     16.415      0.000
    V132               0.826      0.019     42.379      0.000

Group MM

 F1       BY
    V115               0.458      0.033     13.900      0.000
    V116               0.505      0.038     13.444      0.000
    V117               0.544      0.031     17.404      0.000
    V118               0.582      0.031     18.893      0.000
    V119               0.390      0.036     10.805      0.000
    V120               0.561      0.029     19.331      0.000
    V121               0.847      0.016     51.719      0.000
    V122               0.770      0.020     38.328      0.000
    V123               0.727      0.024     29.766      0.000
    V124               0.820      0.018     45.453      0.000
    V125               0.750      0.021     35.219      0.000
    V126               0.635      0.028     22.485      0.000
    V127               0.746      0.023     32.252      0.000
    V128               0.587      0.030     19.719      0.000
    V129               0.521      0.032     16.508      0.000
    V130               0.788      0.020     38.670      0.000
    V131               0.865      0.016     54.490      0.000
    V132               0.483      0.032     14.890      0.000

 Means
    F1                 0.000      0.000    999.000    999.000

 Thresholds
    V115$1            -1.808      0.104    -17.395      0.000
    V115$2            -0.512      0.042    -12.335      0.000
    V115$3             0.824      0.048     17.227      0.000
    V116$1            -1.460      0.108    -13.521      0.000
    V116$2            -0.097      0.057     -1.704      0.088
    V116$3             1.402      0.084     16.757      0.000
    V117$1            -1.447      0.086    -16.815      0.000
    V117$2             0.061      0.055      1.097      0.273
    V117$3             1.513      0.084     18.087      0.000
    V118$1            -1.899      0.108    -17.539      0.000
    V118$2            -0.449      0.057     -7.893      0.000
    V118$3             0.829      0.066     12.618      0.000
    V119$1            -1.427      0.128    -11.147      0.000
    V119$2            -0.175      0.061     -2.877      0.004
    V119$3             1.217      0.074     16.379      0.000
    V120$1            -0.752      0.050    -15.004      0.000
    V120$2             0.894      0.066     13.634      0.000
    V120$3             2.008      0.125     16.015      0.000
    V121$1            -1.686      0.092    -18.370      0.000
    V121$2            -0.434      0.058     -7.531      0.000
    V121$3             0.888      0.065     13.766      0.000
    V122$1            -1.953      0.110    -17.830      0.000
    V122$2            -0.089      0.057     -1.564      0.118
    V122$3             1.523      0.086     17.708      0.000
    V123$1            -1.532      0.084    -18.237      0.000
    V123$2             0.138      0.057      2.442      0.015
    V123$3             1.467      0.084     17.491      0.000
    V124$1            -1.684      0.091    -18.570      0.000
    V124$2            -0.330      0.059     -5.636      0.000
    V124$3             0.908      0.064     14.251      0.000
    V125$1            -1.674      0.090    -18.624      0.000
    V125$2            -0.253      0.060     -4.179      0.000
    V125$3             1.013      0.070     14.483      0.000
    V126$1            -1.359      0.077    -17.635      0.000
    V126$2             0.281      0.055      5.074      0.000
    V126$3             1.688      0.088     19.142      0.000
    V127$1            -1.305      0.071    -18.367      0.000
    V127$2             0.231      0.057      4.082      0.000
    V127$3             1.317      0.076     17.265      0.000
    V128$1            -2.122      0.132    -16.065      0.000
    V128$2            -0.864      0.066    -13.121      0.000
    V128$3             0.811      0.063     12.788      0.000
    V129$1            -1.444      0.083    -17.488      0.000
    V129$2             0.180      0.058      3.099      0.002
    V129$3             1.419      0.078     18.295      0.000
    V130$1            -2.394      0.136    -17.645      0.000
    V130$2            -1.100      0.072    -15.178      0.000
    V130$3             0.584      0.060      9.735      0.000
    V131$1            -1.804      0.100    -17.957      0.000
    V131$2            -0.541      0.060     -8.999      0.000
    V131$3             0.793      0.062     12.817      0.000
    V132$1            -2.358      0.137    -17.251      0.000
    V132$2            -1.031      0.071    -14.486      0.000
    V132$3             0.620      0.059     10.476      0.000

 Variances
    F1                 1.000      0.000    999.000    999.000

 Residual Variances
    V115               0.790      0.030     26.140      0.000
    V116               0.745      0.038     19.641      0.000
    V117               0.704      0.034     20.685      0.000
    V118               0.661      0.036     18.434      0.000
    V119               0.848      0.028     30.061      0.000
    V120               0.686      0.033     21.080      0.000
    V121               0.282      0.028     10.148      0.000
    V122               0.408      0.031     13.184      0.000
    V123               0.471      0.036     13.250      0.000
    V124               0.328      0.030     11.082      0.000
    V125               0.438      0.032     13.711      0.000
    V126               0.597      0.036     16.646      0.000
    V127               0.444      0.035     12.852      0.000
    V128               0.656      0.035     18.783      0.000
    V129               0.729      0.033     22.199      0.000
    V130               0.378      0.032     11.770      0.000
    V131               0.252      0.027      9.189      0.000
    V132               0.767      0.031     24.474      0.000


R-SQUARE

Group SM

    Observed                                        Two-Tailed     Scale
    Variable        Estimate       S.E.  Est./S.E.    P-Value     Factors

    V115               0.162      0.018      8.893      0.000      0.916
    V116               0.251      0.023     11.083      0.000      0.866
    V117               0.264      0.021     12.599      0.000      0.858
    V118               0.301      0.021     14.151      0.000      0.836
    V119               0.242      0.023     10.682      0.000      0.871
    V120               0.281      0.022     12.748      0.000      0.848
    V121               0.704      0.017     42.417      0.000      0.544
    V122               0.388      0.023     16.671      0.000      0.782
    V123               0.363      0.023     15.908      0.000      0.798
    V124               0.618      0.020     31.196      0.000      0.618
    V125               0.531      0.023     23.011      0.000      0.685
    V126               0.309      0.022     14.073      0.000      0.831
    V127               0.408      0.022     18.154      0.000      0.769
    V128               0.302      0.024     12.474      0.000      0.835
    V129               0.229      0.019     11.866      0.000      0.878
    V130               0.614      0.023     26.234      0.000      0.622
    V131               0.746      0.015     48.279      0.000      0.504
    V132               0.174      0.019      8.932      0.000      0.909

Group MM

    Observed                                        Two-Tailed     Scale
    Variable        Estimate       S.E.  Est./S.E.    P-Value     Factors

    V115               0.210      0.030      6.950      0.000      1.031
    V116               0.255      0.038      6.722      0.000      0.863
    V117               0.296      0.034      8.702      0.000      0.897
    V118               0.339      0.036      9.446      0.000      0.876
    V119               0.152      0.028      5.403      0.000      0.683
    V120               0.314      0.033      9.666      0.000      0.887
    V121               0.718      0.028     25.859      0.000      0.544
    V122               0.592      0.031     19.164      0.000      0.955
    V123               0.529      0.036     14.883      0.000      0.952
    V124               0.672      0.030     22.726      0.000      0.638
    V125               0.562      0.032     17.610      0.000      0.697
    V126               0.403      0.036     11.242      0.000      0.938
    V127               0.556      0.035     16.126      0.000      0.888
    V128               0.344      0.035      9.859      0.000      0.881
    V129               0.271      0.033      8.254      0.000      0.943
    V130               0.622      0.032     19.335      0.000      0.618
    V131               0.748      0.027     27.245      0.000      0.498
    V132               0.233      0.031      7.445      0.000      1.040


QUALITY OF NUMERICAL RESULTS

     Condition Number for the Information Matrix              0.588E-04
       (ratio of smallest to largest eigenvalue)


MODEL MODIFICATION INDICES

NOTE:  Modification indices for direct effects of observed dependent variables
regressed on covariates and residual covariances among observed dependent
variables may not be included.  To include these, request MODINDICES (ALL).

Minimum M.I. value for printing the modification index    10.000

                                   M.I.     E.P.C.  Std E.P.C.  StdYX E.P.C.
Group SM


WITH Statements

V116     WITH V115                54.681     0.254      0.254        0.254
V117     WITH V116                23.041     0.172      0.172        0.172
V119     WITH V118                37.860     0.230      0.230        0.230
V120     WITH V116               104.100     0.368      0.368        0.368
V122     WITH V120                11.666     0.138      0.138        0.138
V123     WITH V121                12.578    -0.213     -0.213       -0.213
V123     WITH V122                23.997     0.192      0.192        0.192
V124     WITH V115                14.869    -0.214     -0.214       -0.214
V124     WITH V116                10.696    -0.183     -0.183       -0.183
V124     WITH V120                14.923    -0.217     -0.217       -0.217
V124     WITH V121                10.244    -0.210     -0.210       -0.210
V125     WITH V117                13.637    -0.188     -0.188       -0.188
V125     WITH V120                11.624    -0.175     -0.175       -0.175
V125     WITH V121                23.484    -0.312     -0.312       -0.312
V125     WITH V122                22.624    -0.263     -0.263       -0.263
V125     WITH V123                12.059    -0.183     -0.183       -0.183
V125     WITH V124               347.375     0.732      0.732        0.732
V126     WITH V115                15.567    -0.159     -0.159       -0.159
V126     WITH V118                22.433    -0.207     -0.207       -0.207
V126     WITH V121                16.939    -0.264     -0.264       -0.264
V126     WITH V123               195.858     0.463      0.463        0.463
V127     WITH V120                16.478     0.168      0.168        0.168
V127     WITH V126                28.756     0.209      0.209        0.209
V129     WITH V118                17.764     0.148      0.148        0.148
V129     WITH V119                18.307     0.157      0.157        0.157
V130     WITH V116                11.471    -0.194     -0.194       -0.194
V130     WITH V117                10.201    -0.184     -0.184       -0.184
V130     WITH V120                27.435    -0.320     -0.320       -0.320
V130     WITH V123                21.133    -0.268     -0.268       -0.268
V130     WITH V125                19.371    -0.270     -0.270       -0.270
V130     WITH V126                13.784    -0.218     -0.218       -0.218
V131     WITH V116                12.365    -0.229     -0.229       -0.229
V131     WITH V120                10.656    -0.218     -0.218       -0.218
V131     WITH V121                62.037     0.472      0.472        0.472
V131     WITH V123                15.432    -0.261     -0.261       -0.261
V131     WITH V124                11.750    -0.239     -0.239       -0.239
V131     WITH V125                24.013    -0.346     -0.346       -0.346
V131     WITH V126                18.519    -0.292     -0.292       -0.292
V131     WITH V130               106.815     0.556      0.556        0.556
V132     WITH V128                23.630     0.187      0.187        0.187

Group MM


WITH Statements

V123     WITH V122                14.523     0.105      0.105        0.218
V125     WITH V124                75.074     0.322      0.322        0.378
V126     WITH V123                23.721     0.122      0.122        0.206
V131     WITH V121                14.274     0.221      0.221        0.224
V132     WITH V118                14.856     0.123      0.123        0.157



SAVEDATA INFORMATION


  Difference testing

  Save file
    v115_metric.dat
  Save format      Free

DIAGRAM INFORMATION

  Use View Diagram under the Diagram menu in the Mplus Editor to view the diagram.
  If running Mplus from the Mplus Diagrammer, the diagram opens automatically.

  Diagram output
    c:\users\msassac6\dropbox (the university of manchester)\papers\joe s\evs_mm_de_equivalence\mplus\eq\inv_data3_v115_

     Beginning Time:  08:32:00
        Ending Time:  08:32:02
       Elapsed Time:  00:00:02



MUTHEN & MUTHEN
3463 Stoner Ave.
Los Angeles, CA  90066

Tel: (310) 391-9971
Fax: (310) 391-8971
Web: www.StatModel.com
Support: Support@StatModel.com

Copyright (c) 1998-2017 Muthen & Muthen
