Mplus VERSION 8
MUTHEN & MUTHEN
07/06/2020   2:43 PM

INPUT INSTRUCTIONS

  TITLE: Your title goes here

   DATA: FILE = eq/data.dta;

   VARIABLE:

   NAMES = id_cocas weight comp_mode comp_len mode mm_matrix_group wei_mmf v2 v3 v4 v32
       v33 v34 v35 v36 v37 v46 v47 v48 v49 v50 v65 v66 v67 v68 v69 v70 v82 v83 v84 v98
       v99 v100 v101 v103 v104 v105 v106 v107 v115 v116 v117 v118 v119 v120 v121 v122
       v123 v124 v125 v126 v127 v128 v129 v130 v131 v132 v133 v134 v135 v136 v137 v138
       v139 v140 v141 v145 v146 v147 v148 v149 v150 v151 v152 v153 v154 v155 v156 v157
       v158 v159 v160 v161 v162 v163 v164 v165 v166 v167 v176 v177 v178 v179 v180 v181
       v182 v183 v185 v186 v187 v188 v189 v191 v192 v193 v194 v195 v196 v197 v199 v200
       v201 v202 v203 v205 v206 v207 v208 v209 v210 v211 v212 v213 v214 v215 v216 v217
       v218 v220 v221 v222 v223 v224 v267 v268 v269 v271 v272 v273;

   MISSING=.;

   USEVARIABLES ARE
   v199
   v200
   v201
   v202
   v203;

   GROUPING IS comp_len (0=full 1=short);

  Model:


  f1 BY v199@1
  v200 (L2)
  v201 (L3)
  v202 (L4)
  v203 (L5)
  ;

  [v199] (i1);
  [v200] (i2);
  [v201] (i3);
  [v202] (i4);
  [v203] (i5);

   [f1@0];

  Model short:

  f1 BY v199@1
  v200 (L2)
  v201 (L3)
  v202 (L4)
  v203 (L5)
  ;

  [v199] (i1);
  [v200] (i2);
  [v201] (i3);
  [v202] (i4);
  [v203] (i5);

   [f1@0];

   SAVEDATA: DIFFTEST IS v199_scalar.dat;

   OUTPUT: SAMPSTAT;

                                  MODINDICES;

                                  STDYX;




*** WARNING in SAVEDATA command
  The DIFFTEST option is available only for the estimators MLMV, WLSMV and ULSMV.
  Request for DIFFTEST will be ignored.
*** WARNING
  Data set contains unknown or missing values for GROUPING,
  PATTERN, COHORT, CLUSTER and/or STRATIFICATION variables.
  Number of cases with unknown or missing values:  1494
*** WARNING
  Data set contains cases with missing on all variables.
  These cases were not included in the analysis.
  Number of cases with missing on all variables:  1707
   3 WARNING(S) FOUND IN THE INPUT INSTRUCTIONS



Your title goes here

SUMMARY OF ANALYSIS

Number of groups                                                 2
Number of observations
   Group FULL                                                  668
   Group SHORT                                                1547
   Total sample size                                          2215

Number of dependent variables                                    5
Number of independent variables                                  0
Number of continuous latent variables                            1

Observed dependent variables

  Continuous
   V199        V200        V201        V202        V203

Continuous latent variables
   F1

Variables with special functions

  Grouping variable     COMP_LEN

Estimator                                                       ML
Information matrix                                        OBSERVED
Maximum number of iterations                                  1000
Convergence criterion                                    0.500D-04
Maximum number of steepest descent iterations                   20
Maximum number of iterations for H1                           2000
Convergence criterion for H1                             0.100D-03

Input data file(s)
  eq/data.dta

Input data format  FREE


SUMMARY OF DATA

   Group FULL
     Number of missing data patterns            21

   Group SHORT
     Number of missing data patterns            26


COVARIANCE COVERAGE OF DATA

Minimum covariance coverage value   0.100


     PROPORTION OF DATA PRESENT FOR FULL


           Covariance Coverage
              V199          V200          V201          V202          V203
              ________      ________      ________      ________      ________
 V199           0.954
 V200           0.922         0.960
 V201           0.937         0.948         0.982
 V202           0.927         0.939         0.960         0.972
 V203           0.909         0.916         0.936         0.928         0.946


     PROPORTION OF DATA PRESENT FOR SHORT


           Covariance Coverage
              V199          V200          V201          V202          V203
              ________      ________      ________      ________      ________
 V199           0.947
 V200           0.923         0.966
 V201           0.925         0.945         0.970
 V202           0.928         0.952         0.954         0.977
 V203           0.902         0.921         0.925         0.935         0.943


SAMPLE STATISTICS


     ESTIMATED SAMPLE STATISTICS FOR FULL


           Means
              V199          V200          V201          V202          V203
              ________      ________      ________      ________      ________
                2.795         3.547         3.802         3.631         3.876


           Covariances
              V199          V200          V201          V202          V203
              ________      ________      ________      ________      ________
 V199           1.421
 V200          -0.108         1.102
 V201          -0.270         0.337         1.076
 V202          -0.327         0.529         0.559         1.460
 V203          -0.391         0.340         0.551         0.621         1.226


           Correlations
              V199          V200          V201          V202          V203
              ________      ________      ________      ________      ________
 V199           1.000
 V200          -0.086         1.000
 V201          -0.218         0.309         1.000
 V202          -0.227         0.417         0.446         1.000
 V203          -0.296         0.293         0.480         0.464         1.000


     ESTIMATED SAMPLE STATISTICS FOR SHORT


           Means
              V199          V200          V201          V202          V203
              ________      ________      ________      ________      ________
                2.817         3.523         3.891         3.646         3.911


           Covariances
              V199          V200          V201          V202          V203
              ________      ________      ________      ________      ________
 V199           1.506
 V200          -0.121         1.226
 V201          -0.239         0.368         1.039
 V202          -0.432         0.585         0.556         1.479
 V203          -0.362         0.396         0.505         0.614         1.184


           Correlations
              V199          V200          V201          V202          V203
              ________      ________      ________      ________      ________
 V199           1.000
 V200          -0.089         1.000
 V201          -0.191         0.326         1.000
 V202          -0.290         0.434         0.449         1.000
 V203          -0.271         0.328         0.456         0.464         1.000


     MAXIMUM LOG-LIKELIHOOD VALUE FOR THE UNRESTRICTED (H1) MODEL IS -15381.126


UNIVARIATE SAMPLE STATISTICS


     UNIVARIATE HIGHER-ORDER MOMENT DESCRIPTIVE STATISTICS FOR FULL

         Variable/         Mean/     Skewness/   Minimum/ % with                Percentiles
        Sample Size      Variance    Kurtosis    Maximum  Min/Max      20%/60%    40%/80%    Median

     V199                  2.794       0.379       1.000   11.62%       2.000      2.000      3.000
             637.000       1.422      -0.853       5.000   10.99%       3.000      4.000
     V200                  3.557      -0.537       1.000    2.81%       2.000      4.000      4.000
             641.000       1.099      -0.526       5.000   16.69%       4.000      4.000
     V201                  3.808      -0.692       1.000    2.59%       3.000      4.000      4.000
             656.000       1.076      -0.135       5.000   28.51%       4.000      5.000
     V202                  3.641      -0.706       1.000    6.32%       2.000      4.000      4.000
             649.000       1.460      -0.569       5.000   26.04%       4.000      5.000
     V203                  3.892      -0.981       1.000    3.80%       3.000      4.000      4.000
             632.000       1.223       0.156       5.000   33.23%       4.000      5.000


     UNIVARIATE HIGHER-ORDER MOMENT DESCRIPTIVE STATISTICS FOR SHORT

         Variable/         Mean/     Skewness/   Minimum/ % with                Percentiles
        Sample Size      Variance    Kurtosis    Maximum  Min/Max      20%/60%    40%/80%    Median

     V199                  2.814       0.375       1.000   12.08%       2.000      2.000      3.000
            1465.000       1.507      -0.926       5.000   12.63%       3.000      4.000
     V200                  3.536      -0.523       1.000    4.02%       2.000      4.000      4.000
            1494.000       1.221      -0.618       5.000   18.61%       4.000      4.000
     V201                  3.903      -0.791       1.000    2.07%       3.000      4.000      4.000
            1500.000       1.033       0.024       5.000   32.07%       4.000      5.000
     V202                  3.655      -0.691       1.000    5.96%       2.000      4.000      4.000
            1511.000       1.477      -0.629       5.000   27.40%       4.000      5.000
     V203                  3.935      -0.961       1.000    2.95%       3.000      4.000      4.000
            1459.000       1.178       0.118       5.000   35.57%       4.000      5.000


THE MODEL ESTIMATION TERMINATED NORMALLY



MODEL FIT INFORMATION

Number of Free Parameters                       21

Loglikelihood

          H0 Value                      -15424.068
          H1 Value                      -15381.126

Information Criteria

          Akaike (AIC)                   30890.137
          Bayesian (BIC)                 31009.900
          Sample-Size Adjusted BIC       30943.180
            (n* = (n + 2) / 24)

Chi-Square Test of Model Fit

          Value                             85.885
          Degrees of Freedom                    19
          P-Value                           0.0000

Chi-Square Contribution From Each Group

          FULL                              30.209
          SHORT                             55.676

RMSEA (Root Mean Square Error Of Approximation)

          Estimate                           0.056
          90 Percent C.I.                    0.045  0.069
          Probability RMSEA <= .05           0.179

CFI/TLI

          CFI                                0.965
          TLI                                0.963

Chi-Square Test of Model Fit for the Baseline Model

          Value                           1925.086
          Degrees of Freedom                    20
          P-Value                           0.0000

SRMR (Standardized Root Mean Square Residual)

          Value                              0.037



MODEL RESULTS

                                                    Two-Tailed
                    Estimate       S.E.  Est./S.E.    P-Value

Group FULL

 F1       BY
    V199               1.000      0.000    999.000    999.000
    V200              -1.344      0.113    -11.933      0.000
    V201              -1.559      0.121    -12.891      0.000
    V202              -2.105      0.158    -13.338      0.000
    V203              -1.743      0.132    -13.235      0.000

 Means
    F1                 0.000      0.000    999.000    999.000

 Intercepts
    V199               2.810      0.026    106.101      0.000
    V200               3.530      0.024    150.030      0.000
    V201               3.864      0.022    175.151      0.000
    V202               3.641      0.026    139.790      0.000
    V203               3.901      0.024    164.140      0.000

 Variances
    F1                 0.175      0.027      6.483      0.000

 Residual Variances
    V199               1.257      0.073     17.144      0.000
    V200               0.820      0.051     15.976      0.000
    V201               0.633      0.044     14.353      0.000
    V202               0.703      0.058     12.040      0.000
    V203               0.672      0.050     13.464      0.000

Group SHORT

 F1       BY
    V199               1.000      0.000    999.000    999.000
    V200              -1.344      0.113    -11.933      0.000
    V201              -1.559      0.121    -12.891      0.000
    V202              -2.105      0.158    -13.338      0.000
    V203              -1.743      0.132    -13.235      0.000

 Means
    F1                 0.000      0.000    999.000    999.000

 Intercepts
    V199               2.810      0.026    106.101      0.000
    V200               3.530      0.024    150.030      0.000
    V201               3.864      0.022    175.151      0.000
    V202               3.641      0.026    139.790      0.000
    V203               3.901      0.024    164.140      0.000

 Variances
    F1                 0.177      0.026      6.916      0.000

 Residual Variances
    V199               1.324      0.051     25.897      0.000
    V200               0.890      0.037     24.062      0.000
    V201               0.618      0.029     21.069      0.000
    V202               0.687      0.041     16.709      0.000
    V203               0.656      0.033     19.589      0.000


STANDARDIZED MODEL RESULTS


STDYX Standardization

                                                    Two-Tailed
                    Estimate       S.E.  Est./S.E.    P-Value

Group FULL

 F1       BY
    V199               0.350      0.026     13.493      0.000
    V200              -0.528      0.025    -21.041      0.000
    V201              -0.634      0.025    -25.648      0.000
    V202              -0.724      0.023    -30.974      0.000
    V203              -0.665      0.025    -26.813      0.000

 Means
    F1                 0.000      0.000    999.000    999.000

 Intercepts
    V199               2.348      0.066     35.580      0.000
    V200               3.311      0.089     37.239      0.000
    V201               3.756      0.096     39.073      0.000
    V202               2.994      0.081     36.760      0.000
    V203               3.555      0.094     37.911      0.000

 Variances
    F1                 1.000      0.000    999.000    999.000

 Residual Variances
    V199               0.878      0.018     48.430      0.000
    V200               0.722      0.026     27.260      0.000
    V201               0.598      0.031     19.060      0.000
    V202               0.475      0.034     14.038      0.000
    V203               0.558      0.033     16.929      0.000

Group SHORT

 F1       BY
    V199               0.344      0.023     14.677      0.000
    V200              -0.515      0.021    -24.029      0.000
    V201              -0.641      0.019    -33.541      0.000
    V202              -0.730      0.019    -39.478      0.000
    V203              -0.672      0.019    -35.404      0.000

 Means
    F1                 0.000      0.000    999.000    999.000

 Intercepts
    V199               2.293      0.047     49.047      0.000
    V200               3.208      0.060     53.297      0.000
    V201               3.772      0.071     53.046      0.000
    V202               3.001      0.058     52.095      0.000
    V203               3.568      0.068     52.153      0.000

 Variances
    F1                 1.000      0.000    999.000    999.000

 Residual Variances
    V199               0.882      0.016     54.782      0.000
    V200               0.735      0.022     33.349      0.000
    V201               0.589      0.024     24.054      0.000
    V202               0.466      0.027     17.251      0.000
    V203               0.549      0.025     21.549      0.000


R-SQUARE

Group FULL

    Observed                                        Two-Tailed
    Variable        Estimate       S.E.  Est./S.E.    P-Value

    V199               0.122      0.018      6.747      0.000
    V200               0.278      0.026     10.521      0.000
    V201               0.402      0.031     12.824      0.000
    V202               0.525      0.034     15.487      0.000
    V203               0.442      0.033     13.407      0.000

Group SHORT

    Observed                                        Two-Tailed
    Variable        Estimate       S.E.  Est./S.E.    P-Value

    V199               0.118      0.016      7.338      0.000
    V200               0.265      0.022     12.015      0.000
    V201               0.411      0.024     16.771      0.000
    V202               0.534      0.027     19.739      0.000
    V203               0.451      0.025     17.702      0.000


QUALITY OF NUMERICAL RESULTS

     Condition Number for the Information Matrix              0.123E-02
       (ratio of smallest to largest eigenvalue)


MODEL MODIFICATION INDICES

NOTE:  Modification indices for direct effects of observed dependent variables
regressed on covariates may not be included.  To include these, request
MODINDICES (ALL).

Minimum M.I. value for printing the modification index    10.000

                                   M.I.     E.P.C.  Std E.P.C.  StdYX E.P.C.
Group FULL


No modification indices above the minimum value.

Group SHORT


WITH Statements

V200     WITH V199                22.659     0.149      0.149        0.137
V202     WITH V200                24.664     0.151      0.151        0.193
V203     WITH V202                12.687    -0.125     -0.125       -0.186



DIAGRAM INFORMATION

  Use View Diagram under the Diagram menu in the Mplus Editor to view the diagram.
  If running Mplus from the Mplus Diagrammer, the diagram opens automatically.

  Diagram output
    c:\users\msassac6\dropbox (the university of manchester)\papers\joe s\evs_mm_de_equivalence\mplus\eq\inv_data3_v199_

     Beginning Time:  14:43:23
        Ending Time:  14:43:23
       Elapsed Time:  00:00:00



MUTHEN & MUTHEN
3463 Stoner Ave.
Los Angeles, CA  90066

Tel: (310) 391-9971
Fax: (310) 391-8971
Web: www.StatModel.com
Support: Support@StatModel.com

Copyright (c) 1998-2017 Muthen & Muthen
