Mplus VERSION 8
MUTHEN & MUTHEN
07/13/2020   8:28 AM

INPUT INSTRUCTIONS

  TITLE: Your title goes here

   DATA: FILE = eq/data.dta;

   VARIABLE:

   NAMES = id_cocas weight comp_mode comp_len mode mm_matrix_group wei_mmf v2 v3 v4 v32
       v33 v34 v35 v36 v37 v46 v47 v48 v49 v50 v65 v66 v67 v68 v69 v70 v82 v83 v84 v98
       v99 v100 v101 v103 v104 v105 v106 v107 v115 v116 v117 v118 v119 v120 v121 v122
       v123 v124 v125 v126 v127 v128 v129 v130 v131 v132 v133 v134 v135 v136 v137 v138
       v139 v140 v141 v145 v146 v147 v148 v149 v150 v151 v152 v153 v154 v155 v156 v157
       v158 v159 v160 v161 v162 v163 v164 v165 v166 v167 v176 v177 v178 v179 v180 v181
       v182 v183 v185 v186 v187 v188 v189 v191 v192 v193 v194 v195 v196 v197 v199 v200
       v201 v202 v203 v205 v206 v207 v208 v209 v210 v211 v212 v213 v214 v215 v216 v217
       v218 v220 v221 v222 v223 v224 v267 v268 v269 v271 v272 v273;

   MISSING=.;

   USEVARIABLES ARE
   v208
   v209
   v210
   v211;

   GROUPING IS comp_mode (0=sm 1=mm);

  WEIGHT IS weight;

   Analysis:

                  ESTIMATOR = MLR;
  Model:


  f1 BY v208@1
  v209 (L2_sm)
  v210 (L3_sm)
  v211 (L4_sm)
  ;


   [f1@0];[v208] (i1_sm);
  [v209] (i2_sm);
  [v210] (i3_sm);
  [v211] (i4_sm);


  Model mm:

  f1 BY v208@1
  v209 (L2_mm)
  v210 (L3_mm)
  v211 (L4_mm)
  ;


   [f1@0];[v208] (i1_mm);
  [v209] (i2_mm);
  [v210] (i3_mm);
  [v211] (i4_mm);


   SAVEDATA: DIFFTEST IS v208_config.dat;

   OUTPUT: SAMPSTAT;

                                  MODINDICES;

                                  STDYX;




*** WARNING in SAVEDATA command
  The DIFFTEST option is available only for the estimators MLMV, WLSMV and ULSMV.
  Request for DIFFTEST will be ignored.
*** WARNING
  Data set contains unknown or missing values for GROUPING,
  PATTERN, COHORT, CLUSTER and/or STRATIFICATION variables.
  Number of cases with unknown or missing values:  3244
*** WARNING
  Data set contains cases with missing on all variables.
  These cases were not included in the analysis.
  Number of cases with missing on all variables:  11
   3 WARNING(S) FOUND IN THE INPUT INSTRUCTIONS



Your title goes here

SUMMARY OF ANALYSIS

Number of groups                                                 2
Number of observations
   Group SM                                                   1493
   Group MM                                                    668
   Total sample size                                          2161

Number of dependent variables                                    4
Number of independent variables                                  0
Number of continuous latent variables                            1

Observed dependent variables

  Continuous
   V208        V209        V210        V211

Continuous latent variables
   F1

Variables with special functions

  Grouping variable     COMP_MOD
  Weight variable       WEIGHT

Estimator                                                      MLR
Information matrix                                        OBSERVED
Maximum number of iterations                                  1000
Convergence criterion                                    0.500D-04
Maximum number of steepest descent iterations                   20
Maximum number of iterations for H1                           2000
Convergence criterion for H1                             0.100D-03

Input data file(s)
  eq/data.dta

Input data format  FREE


SUMMARY OF DATA

   Group SM
     Number of missing data patterns             4

   Group MM
     Number of missing data patterns            12


COVARIANCE COVERAGE OF DATA

Minimum covariance coverage value   0.100


     PROPORTION OF DATA PRESENT FOR SM


           Covariance Coverage
              V208          V209          V210          V211
              ________      ________      ________      ________
 V208           1.000
 V209           1.000         1.000
 V210           0.999         0.999         0.999
 V211           0.997         0.997         0.997         0.997


     PROPORTION OF DATA PRESENT FOR MM


           Covariance Coverage
              V208          V209          V210          V211
              ________      ________      ________      ________
 V208           0.990
 V209           0.961         0.966
 V210           0.973         0.954         0.976
 V211           0.952         0.939         0.943         0.961


SAMPLE STATISTICS


     ESTIMATED SAMPLE STATISTICS FOR SM


           Means
              V208          V209          V210          V211
              ________      ________      ________      ________
                2.155         2.448         2.868         3.561


           Covariances
              V208          V209          V210          V211
              ________      ________      ________      ________
 V208           1.904
 V209           0.816         2.329
 V210           0.941         0.704         2.535
 V211          -0.003         0.245         0.079         2.340


           Correlations
              V208          V209          V210          V211
              ________      ________      ________      ________
 V208           1.000
 V209           0.388         1.000
 V210           0.428         0.290         1.000
 V211          -0.001         0.105         0.033         1.000


     ESTIMATED SAMPLE STATISTICS FOR MM


           Means
              V208          V209          V210          V211
              ________      ________      ________      ________
                2.006         2.337         2.732         2.846


           Covariances
              V208          V209          V210          V211
              ________      ________      ________      ________
 V208           1.660
 V209           0.758         2.067
 V210           0.935         0.595         2.297
 V211           0.431         0.459         0.323         2.216


           Correlations
              V208          V209          V210          V211
              ________      ________      ________      ________
 V208           1.000
 V209           0.409         1.000
 V210           0.479         0.273         1.000
 V211           0.225         0.215         0.143         1.000


     MAXIMUM LOG-LIKELIHOOD VALUE FOR THE UNRESTRICTED (H1) MODEL IS -15040.636


UNIVARIATE SAMPLE STATISTICS


     UNIVARIATE HIGHER-ORDER MOMENT DESCRIPTIVE STATISTICS FOR SM

         Variable/         Mean/     Skewness/   Minimum/ % with                Percentiles
        Sample Size      Variance    Kurtosis    Maximum  Min/Max      20%/60%    40%/80%    Median

     V208                  2.155       0.833       1.000   50.70%       1.000      1.000      1.000
            1493.000       1.904      -0.734       5.000    7.97%       2.000      4.000
     V209                  2.448       0.488       1.000   45.55%       1.000      1.000      2.000
            1493.000       2.329      -1.351       5.000   12.53%       2.000      4.000
     V210                  2.867       0.052       1.000   35.21%       1.000      2.000      3.000
            1491.000       2.533      -1.597       5.000   19.79%       4.000      4.000
     V211                  3.561      -0.593       1.000   17.60%       2.000      4.000      4.000
            1489.000       2.340      -1.204       5.000   38.89%       4.000      5.000


     UNIVARIATE HIGHER-ORDER MOMENT DESCRIPTIVE STATISTICS FOR MM

         Variable/         Mean/     Skewness/   Minimum/ % with                Percentiles
        Sample Size      Variance    Kurtosis    Maximum  Min/Max      20%/60%    40%/80%    Median

     V208                  2.016       0.955       1.000   55.22%       1.000      1.000      1.000
             661.000       1.658      -0.473       5.000    4.69%       2.000      3.000
     V209                  2.351       0.576       1.000   45.58%       1.000      1.000      2.000
             645.000       2.066      -1.155       5.000    8.37%       2.000      4.000
     V210                  2.746       0.113       1.000   37.27%       1.000      2.000      2.000
             652.000       2.298      -1.523       5.000   13.96%       3.000      4.000
     V211                  2.853       0.045       1.000   26.79%       1.000      2.000      3.000
             642.000       2.216      -1.483       5.000   17.60%       4.000      4.000


THE MODEL ESTIMATION TERMINATED NORMALLY



MODEL FIT INFORMATION

Number of Free Parameters                       24

Loglikelihood

          H0 Value                      -15052.544
          H0 Scaling Correction Factor      1.0742
            for MLR
          H1 Value                      -15040.636
          H1 Scaling Correction Factor      1.1264
            for MLR

Information Criteria

          Akaike (AIC)                   30153.087
          Bayesian (BIC)                 30289.367
          Sample-Size Adjusted BIC       30213.116
            (n* = (n + 2) / 24)

Chi-Square Test of Model Fit

          Value                             16.541*
          Degrees of Freedom                     4
          P-Value                           0.0024
          Scaling Correction Factor         1.4398
            for MLR

Chi-Square Contribution From Each Group

          SM                                12.558
          MM                                 3.983

*   The chi-square value for MLM, MLMV, MLR, ULSMV, WLSM and WLSMV cannot be used
    for chi-square difference testing in the regular way.  MLM, MLR and WLSM
    chi-square difference testing is described on the Mplus website.  MLMV, WLSMV,
    and ULSMV difference testing is done using the DIFFTEST option.

RMSEA (Root Mean Square Error Of Approximation)

          Estimate                           0.054
          90 Percent C.I.                    0.029  0.082
          Probability RMSEA <= .05           0.357

CFI/TLI

          CFI                                0.980
          TLI                                0.939

Chi-Square Test of Model Fit for the Baseline Model

          Value                            633.606
          Degrees of Freedom                    12
          P-Value                           0.0000

SRMR (Standardized Root Mean Square Residual)

          Value                              0.023



MODEL RESULTS

                                                    Two-Tailed
                    Estimate       S.E.  Est./S.E.    P-Value

Group SM

 F1       BY
    V208               1.000      0.000    999.000    999.000
    V209               0.764      0.074     10.269      0.000
    V210               0.878      0.082     10.663      0.000
    V211               0.070      0.054      1.286      0.198

 Means
    F1                 0.000      0.000    999.000    999.000

 Intercepts
    V208               2.155      0.039     55.705      0.000
    V209               2.448      0.043     57.448      0.000
    V210               2.868      0.044     65.048      0.000
    V211               3.561      0.042     84.751      0.000

 Variances
    F1                 1.067      0.123      8.692      0.000

 Residual Variances
    V208               0.836      0.120      6.966      0.000
    V209               1.706      0.084     20.356      0.000
    V210               1.712      0.088     19.465      0.000
    V211               2.335      0.056     41.368      0.000

Group MM

 F1       BY
    V208               1.000      0.000    999.000    999.000
    V209               0.680      0.093      7.284      0.000
    V210               0.823      0.104      7.892      0.000
    V211               0.402      0.088      4.588      0.000

 Means
    F1                 0.000      0.000    999.000    999.000

 Intercepts
    V208               2.006      0.058     34.696      0.000
    V209               2.338      0.065     35.962      0.000
    V210               2.731      0.066     41.345      0.000
    V211               2.846      0.067     42.746      0.000

 Variances
    F1                 1.122      0.175      6.408      0.000

 Residual Variances
    V208               0.538      0.155      3.468      0.001
    V209               1.546      0.114     13.539      0.000
    V210               1.538      0.120     12.823      0.000
    V211               2.034      0.087     23.399      0.000


STANDARDIZED MODEL RESULTS


STDYX Standardization

                                                    Two-Tailed
                    Estimate       S.E.  Est./S.E.    P-Value

Group SM

 F1       BY
    V208               0.749      0.041     18.175      0.000
    V209               0.517      0.033     15.561      0.000
    V210               0.570      0.031     18.661      0.000
    V211               0.047      0.036      1.316      0.188

 Means
    F1                 0.000      0.000    999.000    999.000

 Intercepts
    V208               1.562      0.019     82.718      0.000
    V209               1.604      0.022     73.689      0.000
    V210               1.801      0.030     59.898      0.000
    V211               2.328      0.051     45.928      0.000

 Variances
    F1                 1.000      0.000    999.000    999.000

 Residual Variances
    V208               0.439      0.062      7.123      0.000
    V209               0.732      0.034     21.289      0.000
    V210               0.675      0.035     19.417      0.000
    V211               0.998      0.003    297.075      0.000

Group MM

 F1       BY
    V208               0.822      0.057     14.384      0.000
    V209               0.501      0.049     10.316      0.000
    V210               0.575      0.043     13.276      0.000
    V211               0.286      0.052      5.468      0.000

 Means
    F1                 0.000      0.000    999.000    999.000

 Intercepts
    V208               1.557      0.029     53.689      0.000
    V209               1.627      0.035     46.425      0.000
    V210               1.801      0.047     38.512      0.000
    V211               1.912      0.054     35.609      0.000

 Variances
    F1                 1.000      0.000    999.000    999.000

 Residual Variances
    V208               0.324      0.094      3.446      0.001
    V209               0.749      0.049     15.354      0.000
    V210               0.669      0.050     13.442      0.000
    V211               0.918      0.030     30.588      0.000


R-SQUARE

Group SM

    Observed                                        Two-Tailed
    Variable        Estimate       S.E.  Est./S.E.    P-Value

    V208               0.561      0.062      9.087      0.000
    V209               0.268      0.034      7.780      0.000
    V210               0.325      0.035      9.330      0.000
    V211               0.002      0.003      0.658      0.511

Group MM

    Observed                                        Two-Tailed
    Variable        Estimate       S.E.  Est./S.E.    P-Value

    V208               0.676      0.094      7.192      0.000
    V209               0.251      0.049      5.158      0.000
    V210               0.331      0.050      6.638      0.000
    V211               0.082      0.030      2.734      0.006


QUALITY OF NUMERICAL RESULTS

     Condition Number for the Information Matrix              0.113E-01
       (ratio of smallest to largest eigenvalue)


MODEL MODIFICATION INDICES

NOTE:  Modification indices for direct effects of observed dependent variables
regressed on covariates may not be included.  To include these, request
MODINDICES (ALL).

Minimum M.I. value for printing the modification index    10.000

                                   M.I.     E.P.C.  Std E.P.C.  StdYX E.P.C.
Group SM


WITH Statements

V210     WITH V208                11.069     3.752      3.752        3.135
V211     WITH V209                11.142     0.228      0.228        0.114

Group MM


No modification indices above the minimum value.



DIAGRAM INFORMATION

  Use View Diagram under the Diagram menu in the Mplus Editor to view the diagram.
  If running Mplus from the Mplus Diagrammer, the diagram opens automatically.

  Diagram output
    c:\users\msassac6\dropbox (the university of manchester)\papers\joe s\evs_mm_de_equivalence\mplus\eq\inv_data3_v208_

     Beginning Time:  08:28:48
        Ending Time:  08:28:48
       Elapsed Time:  00:00:00



MUTHEN & MUTHEN
3463 Stoner Ave.
Los Angeles, CA  90066

Tel: (310) 391-9971
Fax: (310) 391-8971
Web: www.StatModel.com
Support: Support@StatModel.com

Copyright (c) 1998-2017 Muthen & Muthen
