Mplus VERSION 8
MUTHEN & MUTHEN
07/13/2020   8:28 AM

INPUT INSTRUCTIONS

  TITLE: Your title goes here

   DATA: FILE = eq/data.dta;

   VARIABLE:

   NAMES = id_cocas weight comp_mode comp_len mode mm_matrix_group wei_mmf v2 v3 v4 v32
       v33 v34 v35 v36 v37 v46 v47 v48 v49 v50 v65 v66 v67 v68 v69 v70 v82 v83 v84 v98
       v99 v100 v101 v103 v104 v105 v106 v107 v115 v116 v117 v118 v119 v120 v121 v122
       v123 v124 v125 v126 v127 v128 v129 v130 v131 v132 v133 v134 v135 v136 v137 v138
       v139 v140 v141 v145 v146 v147 v148 v149 v150 v151 v152 v153 v154 v155 v156 v157
       v158 v159 v160 v161 v162 v163 v164 v165 v166 v167 v176 v177 v178 v179 v180 v181
       v182 v183 v185 v186 v187 v188 v189 v191 v192 v193 v194 v195 v196 v197 v199 v200
       v201 v202 v203 v205 v206 v207 v208 v209 v210 v211 v212 v213 v214 v215 v216 v217
       v218 v220 v221 v222 v223 v224 v267 v268 v269 v271 v272 v273;

   MISSING=.;

   USEVARIABLES ARE
   v208
   v209
   v210
   v211;

   GROUPING IS comp_len (0=full 1=short);

  WEIGHT IS weight;

   Analysis:

                  ESTIMATOR = MLR;
  Model:


  f1 BY v208@1
  v209 (L2)
  v210 (L3)
  v211 (L4)
  ;


   [f1@0];[v208] (i1);
  [v209] (i2);
  [v210] (i3);
  [v211] (i4);


  Model short:

  f1 BY v208@1
  v209 (L2)
  v210 (L3)
  v211 (L4)
  ;


   [f1@0];[v208] (i1);
  [v209] (i2);
  [v210] (i3);
  [v211] (i4);


   SAVEDATA: DIFFTEST IS v208_scalar.dat;

   OUTPUT: SAMPSTAT;

                                  MODINDICES;

                                  STDYX;




*** WARNING in SAVEDATA command
  The DIFFTEST option is available only for the estimators MLMV, WLSMV and ULSMV.
  Request for DIFFTEST will be ignored.
*** WARNING
  Data set contains unknown or missing values for GROUPING,
  PATTERN, COHORT, CLUSTER and/or STRATIFICATION variables.
  Number of cases with unknown or missing values:  1494
*** WARNING
  Data set contains cases with missing on all variables.
  These cases were not included in the analysis.
  Number of cases with missing on all variables:  1697
   3 WARNING(S) FOUND IN THE INPUT INSTRUCTIONS



Your title goes here

SUMMARY OF ANALYSIS

Number of groups                                                 2
Number of observations
   Group FULL                                                  668
   Group SHORT                                                1557
   Total sample size                                          2225

Number of dependent variables                                    4
Number of independent variables                                  0
Number of continuous latent variables                            1

Observed dependent variables

  Continuous
   V208        V209        V210        V211

Continuous latent variables
   F1

Variables with special functions

  Grouping variable     COMP_LEN
  Weight variable       WEIGHT

Estimator                                                      MLR
Information matrix                                        OBSERVED
Maximum number of iterations                                  1000
Convergence criterion                                    0.500D-04
Maximum number of steepest descent iterations                   20
Maximum number of iterations for H1                           2000
Convergence criterion for H1                             0.100D-03

Input data file(s)
  eq/data.dta

Input data format  FREE


SUMMARY OF DATA

   Group FULL
     Number of missing data patterns            12

   Group SHORT
     Number of missing data patterns            15


COVARIANCE COVERAGE OF DATA

Minimum covariance coverage value   0.100


     PROPORTION OF DATA PRESENT FOR FULL


           Covariance Coverage
              V208          V209          V210          V211
              ________      ________      ________      ________
 V208           0.990
 V209           0.961         0.966
 V210           0.973         0.954         0.976
 V211           0.952         0.939         0.943         0.961


     PROPORTION OF DATA PRESENT FOR SHORT


           Covariance Coverage
              V208          V209          V210          V211
              ________      ________      ________      ________
 V208           0.992
 V209           0.949         0.954
 V210           0.969         0.943         0.974
 V211           0.936         0.924         0.933         0.941


SAMPLE STATISTICS


     ESTIMATED SAMPLE STATISTICS FOR FULL


           Means
              V208          V209          V210          V211
              ________      ________      ________      ________
                2.006         2.337         2.732         2.846


           Covariances
              V208          V209          V210          V211
              ________      ________      ________      ________
 V208           1.660
 V209           0.758         2.067
 V210           0.935         0.595         2.297
 V211           0.431         0.459         0.323         2.216


           Correlations
              V208          V209          V210          V211
              ________      ________      ________      ________
 V208           1.000
 V209           0.409         1.000
 V210           0.479         0.273         1.000
 V211           0.225         0.215         0.143         1.000


     ESTIMATED SAMPLE STATISTICS FOR SHORT


           Means
              V208          V209          V210          V211
              ________      ________      ________      ________
                2.089         2.322         2.717         3.139


           Covariances
              V208          V209          V210          V211
              ________      ________      ________      ________
 V208           1.641
 V209           0.786         2.056
 V210           0.931         0.686         2.225
 V211           0.160         0.430         0.233         2.094


           Correlations
              V208          V209          V210          V211
              ________      ________      ________      ________
 V208           1.000
 V209           0.428         1.000
 V210           0.487         0.321         1.000
 V211           0.086         0.207         0.108         1.000


     MAXIMUM LOG-LIKELIHOOD VALUE FOR THE UNRESTRICTED (H1) MODEL IS -14609.619


UNIVARIATE SAMPLE STATISTICS


     UNIVARIATE HIGHER-ORDER MOMENT DESCRIPTIVE STATISTICS FOR FULL

         Variable/         Mean/     Skewness/   Minimum/ % with                Percentiles
        Sample Size      Variance    Kurtosis    Maximum  Min/Max      20%/60%    40%/80%    Median

     V208                  2.016       0.955       1.000   55.22%       1.000      1.000      1.000
             661.000       1.658      -0.473       5.000    4.69%       2.000      3.000
     V209                  2.351       0.576       1.000   45.58%       1.000      1.000      2.000
             645.000       2.066      -1.155       5.000    8.37%       2.000      4.000
     V210                  2.746       0.113       1.000   37.27%       1.000      2.000      2.000
             652.000       2.298      -1.523       5.000   13.96%       3.000      4.000
     V211                  2.853       0.045       1.000   26.79%       1.000      2.000      3.000
             642.000       2.216      -1.483       5.000   17.60%       4.000      4.000


     UNIVARIATE HIGHER-ORDER MOMENT DESCRIPTIVE STATISTICS FOR SHORT

         Variable/         Mean/     Skewness/   Minimum/ % with                Percentiles
        Sample Size      Variance    Kurtosis    Maximum  Min/Max      20%/60%    40%/80%    Median

     V208                  2.090       0.882       1.000   51.17%       1.000      1.000      1.000
            1544.000       1.639      -0.492       5.000    4.86%       2.000      3.000
     V209                  2.344       0.579       1.000   45.29%       1.000      1.000      2.000
            1486.000       2.057      -1.157       5.000    8.61%       2.000      4.000
     V210                  2.725       0.088       1.000   38.23%       1.000      2.000      2.000
            1517.000       2.225      -1.511       5.000   12.20%       3.000      4.000
     V211                  3.148      -0.195       1.000   20.07%       1.000      3.000      3.000
            1465.000       2.093      -1.365       5.000   22.73%       4.000      5.000


THE MODEL ESTIMATION TERMINATED NORMALLY



MODEL FIT INFORMATION

Number of Free Parameters                       17

Loglikelihood

          H0 Value                      -14644.698
          H0 Scaling Correction Factor      1.1112
            for MLR
          H1 Value                      -14609.619
          H1 Scaling Correction Factor      1.2162
            for MLR

Information Criteria

          Akaike (AIC)                   29323.396
          Bayesian (BIC)                 29420.423
          Sample-Size Adjusted BIC       29366.412
            (n* = (n + 2) / 24)

Chi-Square Test of Model Fit

          Value                             50.892*
          Degrees of Freedom                    11
          P-Value                           0.0000
          Scaling Correction Factor         1.3786
            for MLR

Chi-Square Contribution From Each Group

          FULL                              18.071
          SHORT                             32.821

*   The chi-square value for MLM, MLMV, MLR, ULSMV, WLSM and WLSMV cannot be used
    for chi-square difference testing in the regular way.  MLM, MLR and WLSM
    chi-square difference testing is described on the Mplus website.  MLMV, WLSMV,
    and ULSMV difference testing is done using the DIFFTEST option.

RMSEA (Root Mean Square Error Of Approximation)

          Estimate                           0.057
          90 Percent C.I.                    0.042  0.073
          Probability RMSEA <= .05           0.210

CFI/TLI

          CFI                                0.944
          TLI                                0.939

Chi-Square Test of Model Fit for the Baseline Model

          Value                            724.570
          Degrees of Freedom                    12
          P-Value                           0.0000

SRMR (Standardized Root Mean Square Residual)

          Value                              0.045



MODEL RESULTS

                                                    Two-Tailed
                    Estimate       S.E.  Est./S.E.    P-Value

Group FULL

 F1       BY
    V208               1.000      0.000    999.000    999.000
    V209               0.763      0.054     14.095      0.000
    V210               0.900      0.058     15.418      0.000
    V211               0.301      0.049      6.162      0.000

 Means
    F1                 0.000      0.000    999.000    999.000

 Intercepts
    V208               2.064      0.032     64.282      0.000
    V209               2.327      0.036     65.008      0.000
    V210               2.721      0.036     75.901      0.000
    V211               3.051      0.036     83.714      0.000

 Variances
    F1                 1.036      0.119      8.701      0.000

 Residual Variances
    V208               0.609      0.103      5.884      0.000
    V209               1.515      0.105     14.495      0.000
    V210               1.494      0.101     14.730      0.000
    V211               2.104      0.081     26.051      0.000

Group SHORT

 F1       BY
    V208               1.000      0.000    999.000    999.000
    V209               0.763      0.054     14.095      0.000
    V210               0.900      0.058     15.418      0.000
    V211               0.301      0.049      6.162      0.000

 Means
    F1                 0.000      0.000    999.000    999.000

 Intercepts
    V208               2.064      0.032     64.282      0.000
    V209               2.327      0.036     65.008      0.000
    V210               2.721      0.036     75.901      0.000
    V211               3.051      0.036     83.714      0.000

 Variances
    F1                 1.013      0.083     12.175      0.000

 Residual Variances
    V208               0.636      0.072      8.866      0.000
    V209               1.442      0.079     18.179      0.000
    V210               1.391      0.074     18.875      0.000
    V211               2.035      0.052     39.010      0.000


STANDARDIZED MODEL RESULTS


STDYX Standardization

                                                    Two-Tailed
                    Estimate       S.E.  Est./S.E.    P-Value

Group FULL

 F1       BY
    V208               0.794      0.039     20.500      0.000
    V209               0.534      0.033     16.411      0.000
    V210               0.600      0.030     19.794      0.000
    V211               0.207      0.032      6.468      0.000

 Means
    F1                 0.000      0.000    999.000    999.000

 Intercepts
    V208               1.610      0.038     41.926      0.000
    V209               1.599      0.036     44.039      0.000
    V210               1.781      0.038     47.005      0.000
    V211               2.058      0.041     49.691      0.000

 Variances
    F1                 1.000      0.000    999.000    999.000

 Residual Variances
    V208               0.370      0.061      6.025      0.000
    V209               0.715      0.035     20.603      0.000
    V210               0.640      0.036     17.626      0.000
    V211               0.957      0.013     72.409      0.000

Group SHORT

 F1       BY
    V208               0.784      0.027     29.163      0.000
    V209               0.539      0.031     17.561      0.000
    V210               0.609      0.026     23.172      0.000
    V211               0.208      0.031      6.760      0.000

 Means
    F1                 0.000      0.000    999.000    999.000

 Intercepts
    V208               1.607      0.025     63.247      0.000
    V209               1.632      0.023     71.043      0.000
    V210               1.829      0.029     62.961      0.000
    V211               2.092      0.039     53.699      0.000

 Variances
    F1                 1.000      0.000    999.000    999.000

 Residual Variances
    V208               0.386      0.042      9.157      0.000
    V209               0.710      0.033     21.451      0.000
    V210               0.629      0.032     19.637      0.000
    V211               0.957      0.013     74.806      0.000


R-SQUARE

Group FULL

    Observed                                        Two-Tailed
    Variable        Estimate       S.E.  Est./S.E.    P-Value

    V208               0.630      0.061     10.250      0.000
    V209               0.285      0.035      8.205      0.000
    V210               0.360      0.036      9.897      0.000
    V211               0.043      0.013      3.234      0.001

Group SHORT

    Observed                                        Two-Tailed
    Variable        Estimate       S.E.  Est./S.E.    P-Value

    V208               0.614      0.042     14.582      0.000
    V209               0.290      0.033      8.780      0.000
    V210               0.371      0.032     11.586      0.000
    V211               0.043      0.013      3.380      0.001


QUALITY OF NUMERICAL RESULTS

     Condition Number for the Information Matrix              0.150E-01
       (ratio of smallest to largest eigenvalue)


MODEL MODIFICATION INDICES

NOTE:  Modification indices for direct effects of observed dependent variables
regressed on covariates may not be included.  To include these, request
MODINDICES (ALL).

Minimum M.I. value for printing the modification index    10.000

                                   M.I.     E.P.C.  Std E.P.C.  StdYX E.P.C.
Group FULL


Means/Intercepts/Thresholds

[ V211     ]                      12.041    -0.196     -0.196       -0.133

Group SHORT


WITH Statements

V211     WITH V208                19.796    -0.248     -0.248       -0.218
V211     WITH V209                21.225     0.270      0.270        0.157

Means/Intercepts/Thresholds

[ V211     ]                      12.040     0.084      0.084        0.057



DIAGRAM INFORMATION

  Use View Diagram under the Diagram menu in the Mplus Editor to view the diagram.
  If running Mplus from the Mplus Diagrammer, the diagram opens automatically.

  Diagram output
    c:\users\msassac6\dropbox (the university of manchester)\papers\joe s\evs_mm_de_equivalence\mplus\eq\inv_data3_v208_

     Beginning Time:  08:28:50
        Ending Time:  08:28:50
       Elapsed Time:  00:00:00



MUTHEN & MUTHEN
3463 Stoner Ave.
Los Angeles, CA  90066

Tel: (310) 391-9971
Fax: (310) 391-8971
Web: www.StatModel.com
Support: Support@StatModel.com

Copyright (c) 1998-2017 Muthen & Muthen
