Mplus VERSION 8
MUTHEN & MUTHEN
07/13/2020   8:30 AM

INPUT INSTRUCTIONS

  TITLE: Your title goes here

   DATA: FILE = eq/data.dta;

   VARIABLE:

   NAMES = id_cocas weight comp_mode comp_len mode mm_matrix_group wei_mmf v2 v3 v4 v32
       v33 v34 v35 v36 v37 v46 v47 v48 v49 v50 v65 v66 v67 v68 v69 v70 v82 v83 v84 v98
       v99 v100 v101 v103 v104 v105 v106 v107 v115 v116 v117 v118 v119 v120 v121 v122
       v123 v124 v125 v126 v127 v128 v129 v130 v131 v132 v133 v134 v135 v136 v137 v138
       v139 v140 v141 v145 v146 v147 v148 v149 v150 v151 v152 v153 v154 v155 v156 v157
       v158 v159 v160 v161 v162 v163 v164 v165 v166 v167 v176 v177 v178 v179 v180 v181
       v182 v183 v185 v186 v187 v188 v189 v191 v192 v193 v194 v195 v196 v197 v199 v200
       v201 v202 v203 v205 v206 v207 v208 v209 v210 v211 v212 v213 v214 v215 v216 v217
       v218 v220 v221 v222 v223 v224 v267 v268 v269 v271 v272 v273;

   MISSING=.;

   USEVARIABLES ARE
   v164
   v165
   v166
   v167;

   CATEGORICAL ARE
   v164
   v165
   v166
   v167;

   GROUPING IS comp_mode (0=sm 1=mm);

  WEIGHT IS weight;

   Analysis:

                  ESTIMATOR = WLSMV;

                  ITERATIONS = 100000;

                  PARAMETERIZATION = THETA;

  Model:


  f1 BY v164@1
  v165 (L2_sm)
  v166 (L3_sm)
  v167 (L4_sm)
  ;


   [f1@0];
  [v164$1] (t_v164_1);
  [v164$2] (t_v164_2);
  [v164$3] (t_v164_3);

  [v165$1] (t_v165_1);
  [v165$2] (t_v165_2_sm);
  [v165$3] (t_v165_3_sm);

  [v166$1] (t_v166_1);
  [v166$2] (t_v166_2_sm);
  [v166$3] (t_v166_3_sm);

  [v167$1] (t_v167_1);
  [v167$2] (t_v167_2_sm);
  [v167$3] (t_v167_3_sm);


  Model mm:

  f1 BY v164@1
  v165 (L2_mm)
  v166 (L3_mm)
  v167 (L4_mm)
  ;


   [f1@0];
  [v164$1] (t_v164_1);
  [v164$2] (t_v164_2);
  [v164$3] (t_v164_3);

  [v165$1] (t_v165_1);
  [v165$2] (t_v165_2_mm);
  [v165$3] (t_v165_3_mm);

  [v166$1] (t_v166_1);
  [v166$2] (t_v166_2_mm);
  [v166$3] (t_v166_3_mm);

  [v167$1] (t_v167_1);
  [v167$2] (t_v167_2_mm);
  [v167$3] (t_v167_3_mm);


   SAVEDATA: DIFFTEST IS v164_config.dat;

   OUTPUT: SAMPSTAT;

                                  MODINDICES;

                                  STDYX;




*** WARNING
  Data set contains unknown or missing values for GROUPING,
  PATTERN, COHORT, CLUSTER and/or STRATIFICATION variables.
  Number of cases with unknown or missing values:  3244
*** WARNING
  Data set contains cases with missing on all variables.
  These cases were not included in the analysis.
  Number of cases with missing on all variables:  19
   2 WARNING(S) FOUND IN THE INPUT INSTRUCTIONS



Your title goes here

SUMMARY OF ANALYSIS

Number of groups                                                 2
Number of observations
   Group SM                                                   1491
   Group MM                                                    662
   Total sample size                                          2153

Number of dependent variables                                    4
Number of independent variables                                  0
Number of continuous latent variables                            1

Observed dependent variables

  Binary and ordered categorical (ordinal)
   V164        V165        V166        V167

Continuous latent variables
   F1

Variables with special functions

  Grouping variable     COMP_MOD
  Weight variable       WEIGHT

Estimator                                                    WLSMV
Maximum number of iterations                                100000
Convergence criterion                                    0.500D-04
Maximum number of steepest descent iterations                   20
Maximum number of iterations for H1                           2000
Convergence criterion for H1                             0.100D-03
Parameterization                                             THETA
Link                                                        PROBIT

Input data file(s)
  eq/data.dta

Input data format  FREE


SUMMARY OF DATA

   Group SM
     Number of missing data patterns             4

   Group MM
     Number of missing data patterns            10


COVARIANCE COVERAGE OF DATA

Minimum covariance coverage value   0.100


     PROPORTION OF DATA PRESENT FOR SM


           Covariance Coverage
              V164          V165          V166          V167
              ________      ________      ________      ________
 V164           0.999
 V165           0.997         0.997
 V166           0.999         0.997         1.000
 V167           0.991         0.989         0.991         0.991


     PROPORTION OF DATA PRESENT FOR MM


           Covariance Coverage
              V164          V165          V166          V167
              ________      ________      ________      ________
 V164           0.994
 V165           0.985         0.988
 V166           0.976         0.970         0.980
 V167           0.958         0.953         0.952         0.962


UNIVARIATE PROPORTIONS AND COUNTS FOR CATEGORICAL VARIABLES

  Group SM
    V164
      Category 1    0.450          670.613
      Category 2    0.420          625.564
      Category 3    0.113          168.423
      Category 4    0.017           25.374
    V165
      Category 1    0.403          599.619
      Category 2    0.460          684.258
      Category 3    0.115          170.860
      Category 4    0.022           32.436
    V166
      Category 1    0.443          659.975
      Category 2    0.480          715.367
      Category 3    0.071          105.129
      Category 4    0.007           10.528
    V167
      Category 1    0.237          348.600
      Category 2    0.525          772.968
      Category 3    0.207          304.785
      Category 4    0.031           45.268

  Group MM
    V164
      Category 1    0.400          262.903
      Category 2    0.485          318.835
      Category 3    0.097           63.742
      Category 4    0.019           12.310
    V165
      Category 1    0.305          199.399
      Category 2    0.502          327.421
      Category 3    0.136           88.560
      Category 4    0.057           37.456
    V166
      Category 1    0.420          273.151
      Category 2    0.479          311.038
      Category 3    0.086           55.990
      Category 4    0.015            9.508
    V167
      Category 1    0.249          157.345
      Category 2    0.480          302.917
      Category 3    0.231          146.030
      Category 4    0.039           24.651


SAMPLE STATISTICS


     ESTIMATED SAMPLE STATISTICS FOR SM


           MEANS/INTERCEPTS/THRESHOLDS
              V164$1        V164$2        V164$3        V165$1        V165$2
              ________      ________      ________      ________      ________
               -0.125         1.126         2.119        -0.245         1.095


           MEANS/INTERCEPTS/THRESHOLDS
              V165$3        V166$1        V166$2        V166$3        V167$1
              ________      ________      ________      ________      ________
                2.018        -0.144         1.422         2.454        -0.716


           MEANS/INTERCEPTS/THRESHOLDS
              V167$2        V167$3
              ________      ________
                0.713         1.870


           CORRELATION MATRIX (WITH VARIANCES ON THE DIAGONAL)
              V164          V165          V166          V167
              ________      ________      ________      ________
 V164
 V165           0.688
 V166           0.454         0.518
 V167           0.229         0.292         0.550


     ESTIMATED SAMPLE STATISTICS FOR MM


           MEANS/INTERCEPTS/THRESHOLDS
              V164$1        V164$2        V164$3        V165$1        V165$2
              ________      ________      ________      ________      ________
               -0.254         1.197         2.081        -0.509         0.867


           MEANS/INTERCEPTS/THRESHOLDS
              V165$3        V166$1        V166$2        V166$3        V167$1
              ________      ________      ________      ________      ________
                1.577        -0.201         1.277         2.180        -0.676


           MEANS/INTERCEPTS/THRESHOLDS
              V167$2        V167$3
              ________      ________
                0.611         1.762


           CORRELATION MATRIX (WITH VARIANCES ON THE DIAGONAL)
              V164          V165          V166          V167
              ________      ________      ________      ________
 V164
 V165           0.709
 V166           0.485         0.506
 V167           0.215         0.227         0.515


THE MODEL ESTIMATION TERMINATED NORMALLY



MODEL FIT INFORMATION

Number of Free Parameters                       30

Chi-Square Test of Model Fit

          Value                            296.645*
          Degrees of Freedom                     6
          P-Value                           0.0000

Chi-Square Contribution From Each Group

          SM                               205.630
          MM                                91.015

*   The chi-square value for MLM, MLMV, MLR, ULSMV, WLSM and WLSMV cannot be used
    for chi-square difference testing in the regular way.  MLM, MLR and WLSM
    chi-square difference testing is described on the Mplus website.  MLMV, WLSMV,
    and ULSMV difference testing is done using the DIFFTEST option.

RMSEA (Root Mean Square Error Of Approximation)

          Estimate                           0.212
          90 Percent C.I.                    0.192  0.233
          Probability RMSEA <= .05           0.000

CFI/TLI

          CFI                                0.924
          TLI                                0.848

Chi-Square Test of Model Fit for the Baseline Model

          Value                           3828.400
          Degrees of Freedom                    12
          P-Value                           0.0000

WRMR (Weighted Root Mean Square Residual)

          Value                              3.546



MODEL RESULTS

                                                    Two-Tailed
                    Estimate       S.E.  Est./S.E.    P-Value

Group SM

 F1       BY
    V164               1.000      0.000    999.000    999.000
    V165               1.221      0.131      9.290      0.000
    V166               0.849      0.055     15.312      0.000
    V167               0.513      0.040     12.701      0.000

 Means
    F1                 0.000      0.000    999.000    999.000

 Thresholds
    V164$1            -0.249      0.045     -5.481      0.000
    V164$2             1.762      0.073     24.199      0.000
    V164$3             3.227      0.134     23.997      0.000
    V165$1            -0.431      0.064     -6.759      0.000
    V165$2             1.929      0.111     17.453      0.000
    V165$3             3.554      0.191     18.616      0.000
    V166$1            -0.205      0.049     -4.210      0.000
    V166$2             2.019      0.077     26.238      0.000
    V166$3             3.485      0.181     19.223      0.000
    V167$1            -0.838      0.044    -19.236      0.000
    V167$2             0.835      0.046     17.955      0.000
    V167$3             2.189      0.083     26.479      0.000

 Variances
    F1                 1.410      0.159      8.849      0.000

 Residual Variances
    V164               1.000      0.000    999.000    999.000
    V165               1.000      0.000    999.000    999.000
    V166               1.000      0.000    999.000    999.000
    V167               1.000      0.000    999.000    999.000

Group MM

 F1       BY
    V164               1.000      0.000    999.000    999.000
    V165               0.577      0.125      4.630      0.000
    V166               0.590      0.226      2.605      0.009
    V167               0.462      0.072      6.415      0.000

 Means
    F1                 0.000      0.000    999.000    999.000

 Thresholds
    V164$1            -0.249      0.045     -5.481      0.000
    V164$2             1.762      0.073     24.199      0.000
    V164$3             3.227      0.134     23.997      0.000
    V165$1            -0.431      0.064     -6.759      0.000
    V165$2             0.733      0.156      4.701      0.000
    V165$3             1.334      0.267      5.002      0.000
    V166$1            -0.205      0.049     -4.210      0.000
    V166$2             1.311      0.507      2.588      0.010
    V166$3             2.239      0.846      2.647      0.008
    V167$1            -0.838      0.044    -19.236      0.000
    V167$2             0.755      0.125      6.061      0.000
    V167$3             2.174      0.267      8.135      0.000

 Variances
    F1                 1.463      0.212      6.902      0.000

 Residual Variances
    V164               0.786      0.132      5.950      0.000
    V165               0.228      0.090      2.538      0.011
    V166               0.545      0.398      1.369      0.171
    V167               1.213      0.254      4.776      0.000


STANDARDIZED MODEL RESULTS


STDYX Standardization

                                                    Two-Tailed
                    Estimate       S.E.  Est./S.E.    P-Value

Group SM

 F1       BY
    V164               0.765      0.018     42.655      0.000
    V165               0.823      0.019     42.638      0.000
    V166               0.710      0.020     35.355      0.000
    V167               0.520      0.023     22.191      0.000

 Means
    F1                 0.000      0.000    999.000    999.000

 Thresholds
    V164$1            -0.160      0.029     -5.490      0.000
    V164$2             1.135      0.041     27.781      0.000
    V164$3             2.079      0.083     25.018      0.000
    V165$1            -0.245      0.035     -7.001      0.000
    V165$2             1.095      0.043     25.305      0.000
    V165$3             2.018      0.088     23.024      0.000
    V166$1            -0.145      0.035     -4.181      0.000
    V166$2             1.422      0.050     28.240      0.000
    V166$3             2.454      0.126     19.546      0.000
    V167$1            -0.716      0.037    -19.146      0.000
    V167$2             0.713      0.039     18.300      0.000
    V167$3             1.870      0.073     25.595      0.000

 Variances
    F1                 1.000      0.000    999.000    999.000

 Residual Variances
    V164               0.415      0.027     15.125      0.000
    V165               0.322      0.032     10.146      0.000
    V166               0.496      0.029     17.387      0.000
    V167               0.730      0.024     29.952      0.000

Group MM

 F1       BY
    V164               0.807      0.029     27.697      0.000
    V165               0.825      0.029     28.154      0.000
    V166               0.695      0.033     20.872      0.000
    V167               0.452      0.039     11.484      0.000

 Means
    F1                 0.000      0.000    999.000    999.000

 Thresholds
    V164$1            -0.166      0.031     -5.336      0.000
    V164$2             1.175      0.059     19.788      0.000
    V164$3             2.152      0.108     19.949      0.000
    V165$1            -0.509      0.058     -8.821      0.000
    V165$2             0.867      0.063     13.783      0.000
    V165$3             1.577      0.089     17.779      0.000
    V166$1            -0.200      0.056     -3.577      0.000
    V166$2             1.277      0.080     16.060      0.000
    V166$3             2.180      0.143     15.296      0.000
    V167$1            -0.678      0.062    -10.986      0.000
    V167$2             0.611      0.060     10.215      0.000
    V167$3             1.760      0.096     18.339      0.000

 Variances
    F1                 1.000      0.000    999.000    999.000

 Residual Variances
    V164               0.349      0.047      7.435      0.000
    V165               0.319      0.048      6.583      0.000
    V166               0.517      0.046     11.171      0.000
    V167               0.796      0.036     22.344      0.000


R-SQUARE

Group SM

    Observed                                        Two-Tailed     Scale
    Variable        Estimate       S.E.  Est./S.E.    P-Value     Factors

    V164               0.585      0.027     21.327      0.000      0.644
    V165               0.678      0.032     21.319      0.000      0.568
    V166               0.504      0.029     17.678      0.000      0.704
    V167               0.270      0.024     11.096      0.000      0.854

Group MM

    Observed                                        Two-Tailed     Scale
    Variable        Estimate       S.E.  Est./S.E.    P-Value     Factors

    V164               0.651      0.047     13.849      0.000      0.667
    V165               0.681      0.048     14.077      0.000      1.182
    V166               0.483      0.046     10.436      0.000      0.974
    V167               0.204      0.036      5.742      0.000      0.810


QUALITY OF NUMERICAL RESULTS

     Condition Number for the Information Matrix              0.468E-03
       (ratio of smallest to largest eigenvalue)


MODEL MODIFICATION INDICES

NOTE:  Modification indices for direct effects of observed dependent variables
regressed on covariates and residual covariances among observed dependent
variables may not be included.  To include these, request MODINDICES (ALL).

Minimum M.I. value for printing the modification index    10.000

                                   M.I.     E.P.C.  Std E.P.C.  StdYX E.P.C.
Group SM


WITH Statements

V165     WITH V164               203.641     1.882      1.882        1.882
V166     WITH V164                61.124    -0.799     -0.799       -0.799
V166     WITH V165                68.820    -1.063     -1.063       -1.063
V167     WITH V164                68.187    -0.523     -0.523       -0.523
V167     WITH V165                61.358    -0.590     -0.590       -0.590
V167     WITH V166               203.411     0.671      0.671        0.671

Means/Intercepts/Thresholds

[ V165     ]                     999.000     0.000      0.000        0.000
[ V166     ]                     999.000     0.000      0.000        0.000
[ V167     ]                     999.000     0.000      0.000        0.000
[ V166$1   ]                     999.000     0.000      0.000        0.000
[ V167$1   ]                     999.000     0.000      0.000        0.000

Group MM


WITH Statements

V165     WITH V164                36.361     0.435      0.435        1.028
V166     WITH V164                11.366    -0.272     -0.272       -0.416
V166     WITH V165                10.892    -0.157     -0.157       -0.445
V167     WITH V164                10.903    -0.213     -0.213       -0.218
V167     WITH V165                11.369    -0.123     -0.123       -0.234
V167     WITH V166                36.357     0.205      0.205        0.252

Means/Intercepts/Thresholds

[ V165     ]                     999.000     0.000      0.000        0.000
[ V166     ]                     999.000     0.000      0.000        0.000
[ V167     ]                     999.000     0.000      0.000        0.000
[ V166$1   ]                     999.000     0.000      0.000        0.000
[ V167$1   ]                     999.000     0.000      0.000        0.000



SAVEDATA INFORMATION


  Difference testing

  Save file
    v164_config.dat
  Save format      Free

DIAGRAM INFORMATION

  Use View Diagram under the Diagram menu in the Mplus Editor to view the diagram.
  If running Mplus from the Mplus Diagrammer, the diagram opens automatically.

  Diagram output
    c:\users\msassac6\dropbox (the university of manchester)\papers\joe s\evs_mm_de_equivalence\mplus\eq\inv_data3_v164_

     Beginning Time:  08:30:32
        Ending Time:  08:30:33
       Elapsed Time:  00:00:01



MUTHEN & MUTHEN
3463 Stoner Ave.
Los Angeles, CA  90066

Tel: (310) 391-9971
Fax: (310) 391-8971
Web: www.StatModel.com
Support: Support@StatModel.com

Copyright (c) 1998-2017 Muthen & Muthen
