Mplus VERSION 8
MUTHEN & MUTHEN
07/06/2020   1:54 PM

INPUT INSTRUCTIONS

  TITLE: Your title goes here

   DATA: FILE = eq/data.dta;

   VARIABLE:

   NAMES = id_cocas weight comp_mode comp_len mode mm_matrix_group wei_mmf v2 v3 v4 v32
       v33 v34 v35 v36 v37 v46 v47 v48 v49 v50 v65 v66 v67 v68 v69 v70 v82 v83 v84 v98
       v99 v100 v101 v103 v104 v105 v106 v107 v115 v116 v117 v118 v119 v120 v121 v122
       v123 v124 v125 v126 v127 v128 v129 v130 v131 v132 v133 v134 v135 v136 v137 v138
       v139 v140 v141 v145 v146 v147 v148 v149 v150 v151 v152 v153 v154 v155 v156 v157
       v158 v159 v160 v161 v162 v163 v164 v165 v166 v167 v176 v177 v178 v179 v180 v181
       v182 v183 v185 v186 v187 v188 v189 v191 v192 v193 v194 v195 v196 v197 v199 v200
       v201 v202 v203 v205 v206 v207 v208 v209 v210 v211 v212 v213 v214 v215 v216 v217
       v218 v220 v221 v222 v223 v224 v267 v268 v269 v271 v272 v273;

   MISSING=.;

   USEVARIABLES ARE
   v98
   v99
   v100
   v101;

   CATEGORICAL ARE
   v98
   v99
   v100
   v101;

   GROUPING IS comp_mode (0=sm 1=mm);


   Analysis:

                  ESTIMATOR = WLSMV;

                  ITERATIONS = 100000;

                  PARAMETERIZATION = THETA;

  Model:


  f1 BY v98@1
  v99 (L2)
  v100 (L3)
  v101 (L4)
  ;


  [v98$1] (t_v98_1);
  [v98$2] (t_v98_2);

   [f1@0];
  [v99$1] (t_v99_1);
  [v99$2] (t_v99_2);

   [f1@0];
  [v100$1] (t_v100_1);
  [v100$2] (t_v100_2);

   [f1@0];
  [v101$1] (t_v101_1);
  [v101$2] (t_v101_2);

   [f1@0];

  Model mm:

  f1 BY v98@1
  v99 (L2)
  v100 (L3)
  v101 (L4)
  ;


  [v98$1] (t_v98_1);
  [v98$2] (t_v98_2);

   [f1@0];
  [v99$1] (t_v99_1);
  [v99$2] (t_v99_2);

   [f1@0];
  [v100$1] (t_v100_1);
  [v100$2] (t_v100_2);

   [f1@0];
  [v101$1] (t_v101_1);
  [v101$2] (t_v101_2);

   [f1@0];

   SAVEDATA: DIFFTEST IS v98_scalar.dat;

   OUTPUT: SAMPSTAT;

                                  MODINDICES;

                                  STDYX;




*** WARNING
  Data set contains unknown or missing values for GROUPING,
  PATTERN, COHORT, CLUSTER and/or STRATIFICATION variables.
  Number of cases with unknown or missing values:  3244
*** WARNING
  Data set contains cases with missing on all variables.
  These cases were not included in the analysis.
  Number of cases with missing on all variables:  43
   2 WARNING(S) FOUND IN THE INPUT INSTRUCTIONS



Your title goes here

SUMMARY OF ANALYSIS

Number of groups                                                 2
Number of observations
   Group SM                                                   1483
   Group MM                                                    646
   Total sample size                                          2129

Number of dependent variables                                    4
Number of independent variables                                  0
Number of continuous latent variables                            1

Observed dependent variables

  Binary and ordered categorical (ordinal)
   V98         V99         V100        V101

Continuous latent variables
   F1

Variables with special functions

  Grouping variable     COMP_MOD

Estimator                                                    WLSMV
Maximum number of iterations                                100000
Convergence criterion                                    0.500D-04
Maximum number of steepest descent iterations                   20
Maximum number of iterations for H1                           2000
Convergence criterion for H1                             0.100D-03
Parameterization                                             THETA
Link                                                        PROBIT

Input data file(s)
  eq/data.dta

Input data format  FREE


SUMMARY OF DATA

   Group SM
     Number of missing data patterns            10

   Group MM
     Number of missing data patterns            14


COVARIANCE COVERAGE OF DATA

Minimum covariance coverage value   0.100


     PROPORTION OF DATA PRESENT FOR SM


           Covariance Coverage
              V98           V99           V100          V101
              ________      ________      ________      ________
 V98            0.993
 V99            0.962         0.966
 V100           0.982         0.961         0.989
 V101           0.954         0.939         0.954         0.961


     PROPORTION OF DATA PRESENT FOR MM


           Covariance Coverage
              V98           V99           V100          V101
              ________      ________      ________      ________
 V98            0.969
 V99            0.768         0.783
 V100           0.868         0.735         0.892
 V101           0.734         0.672         0.717         0.754


UNIVARIATE PROPORTIONS AND COUNTS FOR CATEGORICAL VARIABLES

  Group SM
    V98
      Category 1    0.642          945.000
      Category 2    0.223          328.000
      Category 3    0.136          200.000
    V99
      Category 1    0.137          196.000
      Category 2    0.380          545.000
      Category 3    0.483          692.000
    V100
      Category 1    0.363          532.000
      Category 2    0.361          530.000
      Category 3    0.276          405.000
    V101
      Category 1    0.048           68.000
      Category 2    0.267          380.000
      Category 3    0.686          977.000

  Group MM
    V98
      Category 1    0.706          442.000
      Category 2    0.208          130.000
      Category 3    0.086           54.000
    V99
      Category 1    0.109           55.000
      Category 2    0.490          248.000
      Category 3    0.401          203.000
    V100
      Category 1    0.370          213.000
      Category 2    0.464          267.000
      Category 3    0.167           96.000
    V101
      Category 1    0.045           22.000
      Category 2    0.302          147.000
      Category 3    0.653          318.000


SAMPLE STATISTICS


     ESTIMATED SAMPLE STATISTICS FOR SM


           MEANS/INTERCEPTS/THRESHOLDS
              V98$1         V98$2         V99$1         V99$2         V100$1
              ________      ________      ________      ________      ________
                0.363         1.099        -1.095         0.043        -0.351


           MEANS/INTERCEPTS/THRESHOLDS
              V100$2        V101$1        V101$2
              ________      ________      ________
                0.595        -1.667        -0.483


           CORRELATION MATRIX (WITH VARIANCES ON THE DIAGONAL)
              V98           V99           V100          V101
              ________      ________      ________      ________
 V98
 V99            0.581
 V100           0.643         0.604
 V101           0.423         0.580         0.610


     ESTIMATED SAMPLE STATISTICS FOR MM


           MEANS/INTERCEPTS/THRESHOLDS
              V98$1         V98$2         V99$1         V99$2         V100$1
              ________      ________      ________      ________      ________
                0.542         1.364        -1.233         0.250        -0.332


           MEANS/INTERCEPTS/THRESHOLDS
              V100$2        V101$1        V101$2
              ________      ________      ________
                0.967        -1.694        -0.393


           CORRELATION MATRIX (WITH VARIANCES ON THE DIAGONAL)
              V98           V99           V100          V101
              ________      ________      ________      ________
 V98
 V99            0.517
 V100           0.606         0.586
 V101           0.430         0.683         0.587


THE MODEL ESTIMATION TERMINATED NORMALLY



MODEL FIT INFORMATION

Number of Free Parameters                       17

Chi-Square Test of Model Fit

          Value                             67.515*
          Degrees of Freedom                    11
          P-Value                           0.0000

Chi-Square Contribution From Each Group

          SM                                27.976
          MM                                39.539

*   The chi-square value for MLM, MLMV, MLR, ULSMV, WLSM and WLSMV cannot be used
    for chi-square difference testing in the regular way.  MLM, MLR and WLSM
    chi-square difference testing is described on the Mplus website.  MLMV, WLSMV,
    and ULSMV difference testing is done using the DIFFTEST option.

RMSEA (Root Mean Square Error Of Approximation)

          Estimate                           0.069
          90 Percent C.I.                    0.054  0.086
          Probability RMSEA <= .05           0.020

CFI/TLI

          CFI                                0.985
          TLI                                0.983

Chi-Square Test of Model Fit for the Baseline Model

          Value                           3734.880
          Degrees of Freedom                    12
          P-Value                           0.0000

WRMR (Weighted Root Mean Square Residual)

          Value                              2.198



MODEL RESULTS

                                                    Two-Tailed
                    Estimate       S.E.  Est./S.E.    P-Value

Group SM

 F1       BY
    V98                1.000      0.000    999.000    999.000
    V99                1.147      0.101     11.401      0.000
    V100               1.352      0.135      9.980      0.000
    V101               1.046      0.096     10.864      0.000

 Means
    F1                 0.000      0.000    999.000    999.000

 Thresholds
    V98$1              0.576      0.045     12.706      0.000
    V98$2              1.622      0.078     20.876      0.000
    V99$1             -1.683      0.083    -20.220      0.000
    V99$2              0.154      0.042      3.635      0.000
    V100$1            -0.565      0.052    -10.910      0.000
    V100$2             1.151      0.070     16.530      0.000
    V101$1            -2.413      0.111    -21.725      0.000
    V101$2            -0.659      0.051    -12.842      0.000

 Variances
    F1                 1.117      0.149      7.520      0.000

 Residual Variances
    V98                1.000      0.000    999.000    999.000
    V99                1.000      0.000    999.000    999.000
    V100               1.000      0.000    999.000    999.000
    V101               1.000      0.000    999.000    999.000

Group MM

 F1       BY
    V98                1.000      0.000    999.000    999.000
    V99                1.147      0.101     11.401      0.000
    V100               1.352      0.135      9.980      0.000
    V101               1.046      0.096     10.864      0.000

 Means
    F1                 0.000      0.000    999.000    999.000

 Thresholds
    V98$1              0.576      0.045     12.706      0.000
    V98$2              1.622      0.078     20.876      0.000
    V99$1             -1.683      0.083    -20.220      0.000
    V99$2              0.154      0.042      3.635      0.000
    V100$1            -0.565      0.052    -10.910      0.000
    V100$2             1.151      0.070     16.530      0.000
    V101$1            -2.413      0.111    -21.725      0.000
    V101$2            -0.659      0.051    -12.842      0.000

 Variances
    F1                 0.793      0.122      6.520      0.000

 Residual Variances
    V98                0.703      0.126      5.597      0.000
    V99                0.641      0.122      5.255      0.000
    V100               0.646      0.143      4.520      0.000
    V101               0.884      0.145      6.076      0.000


STANDARDIZED MODEL RESULTS


STDYX Standardization

                                                    Two-Tailed
                    Estimate       S.E.  Est./S.E.    P-Value

Group SM

 F1       BY
    V98                0.726      0.023     31.837      0.000
    V99                0.771      0.020     39.103      0.000
    V100               0.819      0.018     46.398      0.000
    V101               0.741      0.023     32.393      0.000

 Means
    F1                 0.000      0.000    999.000    999.000

 Thresholds
    V98$1              0.396      0.028     14.278      0.000
    V98$2              1.115      0.039     28.753      0.000
    V99$1             -1.071      0.038    -28.289      0.000
    V99$2              0.098      0.027      3.626      0.000
    V100$1            -0.324      0.027    -11.893      0.000
    V100$2             0.660      0.031     21.585      0.000
    V101$1            -1.619      0.053    -30.357      0.000
    V101$2            -0.442      0.030    -14.926      0.000

 Variances
    F1                 1.000      0.000    999.000    999.000

 Residual Variances
    V98                0.472      0.033     14.253      0.000
    V99                0.405      0.030     13.315      0.000
    V100               0.329      0.029     11.363      0.000
    V101               0.450      0.034     13.266      0.000

Group MM

 F1       BY
    V98                0.728      0.033     21.794      0.000
    V99                0.787      0.031     25.757      0.000
    V100               0.832      0.029     28.524      0.000
    V101               0.704      0.032     21.786      0.000

 Means
    F1                 0.000      0.000    999.000    999.000

 Thresholds
    V98$1              0.471      0.035     13.342      0.000
    V98$2              1.326      0.061     21.774      0.000
    V99$1             -1.297      0.062    -21.026      0.000
    V99$2              0.118      0.033      3.585      0.000
    V100$1            -0.390      0.035    -11.091      0.000
    V100$2             0.795      0.046     17.150      0.000
    V101$1            -1.823      0.082    -22.272      0.000
    V101$2            -0.498      0.036    -13.693      0.000

 Variances
    F1                 1.000      0.000    999.000    999.000

 Residual Variances
    V98                0.470      0.049      9.655      0.000
    V99                0.381      0.048      7.916      0.000
    V100               0.308      0.049      6.351      0.000
    V101               0.505      0.045     11.103      0.000


R-SQUARE

Group SM

    Observed                                        Two-Tailed     Scale
    Variable        Estimate       S.E.  Est./S.E.    P-Value     Factors

    V98                0.528      0.033     15.918      0.000      0.687
    V99                0.595      0.030     19.552      0.000      0.636
    V100               0.671      0.029     23.199      0.000      0.573
    V101               0.550      0.034     16.197      0.000      0.671

Group MM

    Observed                                        Two-Tailed     Scale
    Variable        Estimate       S.E.  Est./S.E.    P-Value     Factors

    V98                0.530      0.049     10.897      0.000      0.818
    V99                0.619      0.048     12.879      0.000      0.771
    V100               0.692      0.049     14.262      0.000      0.691
    V101               0.495      0.045     10.893      0.000      0.756


QUALITY OF NUMERICAL RESULTS

     Condition Number for the Information Matrix              0.109E-01
       (ratio of smallest to largest eigenvalue)


MODEL MODIFICATION INDICES

NOTE:  Modification indices for direct effects of observed dependent variables
regressed on covariates and residual covariances among observed dependent
variables may not be included.  To include these, request MODINDICES (ALL).

Minimum M.I. value for printing the modification index    10.000

                                   M.I.     E.P.C.  Std E.P.C.  StdYX E.P.C.
Group SM


WITH Statements

V100     WITH V98                 12.821     0.344      0.344        0.344
V101     WITH V98                 15.845    -0.382     -0.382       -0.382

Means/Intercepts/Thresholds

[ F1       ]                      18.534     0.113      0.107        0.107

Group MM


WITH Statements

V101     WITH V99                 10.894     0.213      0.213        0.283

Means/Intercepts/Thresholds

[ F1       ]                      18.591    -0.113     -0.127       -0.127



SAVEDATA INFORMATION


  Difference testing

  Save file
    v98_scalar.dat
  Save format      Free

DIAGRAM INFORMATION

  Use View Diagram under the Diagram menu in the Mplus Editor to view the diagram.
  If running Mplus from the Mplus Diagrammer, the diagram opens automatically.

  Diagram output
    c:\users\msassac6\dropbox (the university of manchester)\papers\joe s\evs_mm_de_equivalence\mplus\eq\inv_data3_v98_c

     Beginning Time:  13:54:27
        Ending Time:  13:54:28
       Elapsed Time:  00:00:01



MUTHEN & MUTHEN
3463 Stoner Ave.
Los Angeles, CA  90066

Tel: (310) 391-9971
Fax: (310) 391-8971
Web: www.StatModel.com
Support: Support@StatModel.com

Copyright (c) 1998-2017 Muthen & Muthen
