Mplus VERSION 8
MUTHEN & MUTHEN
07/13/2020   8:29 AM

INPUT INSTRUCTIONS

  TITLE: Your title goes here

   DATA: FILE = eq/data.dta;

   VARIABLE:

   NAMES = id_cocas weight comp_mode comp_len mode mm_matrix_group wei_mmf v2 v3 v4 v32
       v33 v34 v35 v36 v37 v46 v47 v48 v49 v50 v65 v66 v67 v68 v69 v70 v82 v83 v84 v98
       v99 v100 v101 v103 v104 v105 v106 v107 v115 v116 v117 v118 v119 v120 v121 v122
       v123 v124 v125 v126 v127 v128 v129 v130 v131 v132 v133 v134 v135 v136 v137 v138
       v139 v140 v141 v145 v146 v147 v148 v149 v150 v151 v152 v153 v154 v155 v156 v157
       v158 v159 v160 v161 v162 v163 v164 v165 v166 v167 v176 v177 v178 v179 v180 v181
       v182 v183 v185 v186 v187 v188 v189 v191 v192 v193 v194 v195 v196 v197 v199 v200
       v201 v202 v203 v205 v206 v207 v208 v209 v210 v211 v212 v213 v214 v215 v216 v217
       v218 v220 v221 v222 v223 v224 v267 v268 v269 v271 v272 v273;

   MISSING=.;

   USEVARIABLES ARE
   v194
   v195
   v196
   v197;

   CATEGORICAL ARE
   v194
   v195
   v196
   v197;

   GROUPING IS comp_len (0=full 1=short);

  WEIGHT IS weight;

   Analysis:

                  ESTIMATOR = WLSMV;

                  ITERATIONS = 100000;

                  PARAMETERIZATION = THETA;

  Model:


  f1 BY v194@1
  v195 (L2)
  v196 (L3)
  v197 (L4)
  ;


   [f1@0];
  [v194$1] (t_v194_1);
  [v194$2] (t_v194_2);
  [v194$3] (t_v194_3);

  [v195$1] (t_v195_1);
  [v195$2] (t_v195_2_full);
  [v195$3] (t_v195_3_full);

  [v196$1] (t_v196_1);
  [v196$2] (t_v196_2_full);
  [v196$3] (t_v196_3_full);

  [v197$1] (t_v197_1);
  [v197$2] (t_v197_2_full);
  [v197$3] (t_v197_3_full);


  Model short:

  f1 BY v194@1
  v195 (L2)
  v196 (L3)
  v197 (L4)
  ;


   [f1@0];
  [v194$1] (t_v194_1);
  [v194$2] (t_v194_2);
  [v194$3] (t_v194_3);

  [v195$1] (t_v195_1);
  [v195$2] (t_v195_2_short);
  [v195$3] (t_v195_3_short);

  [v196$1] (t_v196_1);
  [v196$2] (t_v196_2_short);
  [v196$3] (t_v196_3_short);

  [v197$1] (t_v197_1);
  [v197$2] (t_v197_2_short);
  [v197$3] (t_v197_3_short);


   SAVEDATA: DIFFTEST IS v194_metric.dat;

   OUTPUT: SAMPSTAT;

                                  MODINDICES;

                                  STDYX;




*** WARNING
  Data set contains unknown or missing values for GROUPING,
  PATTERN, COHORT, CLUSTER and/or STRATIFICATION variables.
  Number of cases with unknown or missing values:  1494
*** WARNING
  Data set contains cases with missing on all variables.
  These cases were not included in the analysis.
  Number of cases with missing on all variables:  1660
   2 WARNING(S) FOUND IN THE INPUT INSTRUCTIONS



Your title goes here

SUMMARY OF ANALYSIS

Number of groups                                                 2
Number of observations
   Group FULL                                                  663
   Group SHORT                                                1599
   Total sample size                                          2262

Number of dependent variables                                    4
Number of independent variables                                  0
Number of continuous latent variables                            1

Observed dependent variables

  Binary and ordered categorical (ordinal)
   V194        V195        V196        V197

Continuous latent variables
   F1

Variables with special functions

  Grouping variable     COMP_LEN
  Weight variable       WEIGHT

Estimator                                                    WLSMV
Maximum number of iterations                                100000
Convergence criterion                                    0.500D-04
Maximum number of steepest descent iterations                   20
Maximum number of iterations for H1                           2000
Convergence criterion for H1                             0.100D-03
Parameterization                                             THETA
Link                                                        PROBIT

Input data file(s)
  eq/data.dta

Input data format  FREE


SUMMARY OF DATA

   Group FULL
     Number of missing data patterns            12

   Group SHORT
     Number of missing data patterns            12


COVARIANCE COVERAGE OF DATA

Minimum covariance coverage value   0.100


     PROPORTION OF DATA PRESENT FOR FULL


           Covariance Coverage
              V194          V195          V196          V197
              ________      ________      ________      ________
 V194           0.974
 V195           0.952         0.955
 V196           0.944         0.931         0.955
 V197           0.940         0.922         0.926         0.962


     PROPORTION OF DATA PRESENT FOR SHORT


           Covariance Coverage
              V194          V195          V196          V197
              ________      ________      ________      ________
 V194           0.969
 V195           0.960         0.967
 V196           0.942         0.941         0.964
 V197           0.934         0.935         0.928         0.958


UNIVARIATE PROPORTIONS AND COUNTS FOR CATEGORICAL VARIABLES

  Group FULL
    V194
      Category 1    0.203          130.068
      Category 2    0.310          198.533
      Category 3    0.383          245.201
      Category 4    0.104           66.308
    V195
      Category 1    0.124           77.721
      Category 2    0.235          146.944
      Category 3    0.486          303.699
      Category 4    0.154           96.252
    V196
      Category 1    0.082           51.410
      Category 2    0.134           83.811
      Category 3    0.466          291.331
      Category 4    0.318          198.870
    V197
      Category 1    0.318          200.613
      Category 2    0.502          317.013
      Category 3    0.124           78.102
      Category 4    0.057           35.809

  Group SHORT
    V194
      Category 1    0.180          278.628
      Category 2    0.332          512.789
      Category 3    0.368          568.874
      Category 4    0.120          185.867
    V195
      Category 1    0.104          160.424
      Category 2    0.251          386.464
      Category 3    0.485          748.167
      Category 4    0.160          246.731
    V196
      Category 1    0.091          139.357
      Category 2    0.159          244.692
      Category 3    0.463          711.658
      Category 4    0.287          440.145
    V197
      Category 1    0.316          481.593
      Category 2    0.494          754.221
      Category 3    0.147          224.660
      Category 4    0.043           65.254


SAMPLE STATISTICS


     ESTIMATED SAMPLE STATISTICS FOR FULL


           MEANS/INTERCEPTS/THRESHOLDS
              V194$1        V194$2        V194$3        V195$1        V195$2
              ________      ________      ________      ________      ________
               -0.830         0.033         1.261        -1.153        -0.359


           MEANS/INTERCEPTS/THRESHOLDS
              V195$3        V196$1        V196$2        V196$3        V197$1
              ________      ________      ________      ________      ________
                1.019        -1.390        -0.785         0.473        -0.474


           MEANS/INTERCEPTS/THRESHOLDS
              V197$2        V197$3
              ________      ________
                0.914         1.583


           CORRELATION MATRIX (WITH VARIANCES ON THE DIAGONAL)
              V194          V195          V196          V197
              ________      ________      ________      ________
 V194
 V195           0.832
 V196           0.466         0.548
 V197           0.255         0.260         0.362


     ESTIMATED SAMPLE STATISTICS FOR SHORT


           MEANS/INTERCEPTS/THRESHOLDS
              V194$1        V194$2        V194$3        V195$1        V195$2
              ________      ________      ________      ________      ________
               -0.915         0.030         1.174        -1.259        -0.373


           MEANS/INTERCEPTS/THRESHOLDS
              V195$3        V196$1        V196$2        V196$3        V197$1
              ________      ________      ________      ________      ________
                0.994        -1.336        -0.674         0.563        -0.480


           MEANS/INTERCEPTS/THRESHOLDS
              V197$2        V197$3
              ________      ________
                0.878         1.719


           CORRELATION MATRIX (WITH VARIANCES ON THE DIAGONAL)
              V194          V195          V196          V197
              ________      ________      ________      ________
 V194
 V195           0.787
 V196           0.473         0.534
 V197           0.207         0.240         0.254


THE MODEL ESTIMATION TERMINATED NORMALLY



MODEL FIT INFORMATION

Number of Free Parameters                       27

Chi-Square Test of Model Fit

          Value                             35.541*
          Degrees of Freedom                     9
          P-Value                           0.0000

Chi-Square Contribution From Each Group

          FULL                              22.957
          SHORT                             12.585

*   The chi-square value for MLM, MLMV, MLR, ULSMV, WLSM and WLSMV cannot be used
    for chi-square difference testing in the regular way.  MLM, MLR and WLSM
    chi-square difference testing is described on the Mplus website.  MLMV, WLSMV,
    and ULSMV difference testing is done using the DIFFTEST option.

RMSEA (Root Mean Square Error Of Approximation)

          Estimate                           0.051
          90 Percent C.I.                    0.034  0.069
          Probability RMSEA <= .05           0.426

CFI/TLI

          CFI                                0.997
          TLI                                0.995

Chi-Square Test of Model Fit for the Baseline Model

          Value                           7741.843
          Degrees of Freedom                    12
          P-Value                           0.0000

WRMR (Weighted Root Mean Square Residual)

          Value                              1.327



MODEL RESULTS

                                                    Two-Tailed
                    Estimate       S.E.  Est./S.E.    P-Value

Group FULL

 F1       BY
    V194               1.000      0.000    999.000    999.000
    V195               1.588      0.419      3.790      0.000
    V196               0.404      0.039     10.405      0.000
    V197               0.191      0.026      7.359      0.000

 Means
    F1                 0.000      0.000    999.000    999.000

 Thresholds
    V194$1            -1.848      0.142    -13.010      0.000
    V194$2             0.064      0.063      1.018      0.308
    V194$3             2.498      0.186     13.409      0.000
    V195$1            -3.612      0.689     -5.242      0.000
    V195$2            -1.096      0.276     -3.970      0.000
    V195$3             3.108      0.465      6.687      0.000
    V196$1            -1.659      0.095    -17.442      0.000
    V196$2            -0.974      0.078    -12.466      0.000
    V196$3             0.587      0.071      8.300      0.000
    V197$1            -0.533      0.054     -9.893      0.000
    V197$2             0.967      0.068     14.307      0.000
    V197$3             1.675      0.097     17.211      0.000

 Variances
    F1                 3.293      0.639      5.153      0.000

 Residual Variances
    V194               1.000      0.000    999.000    999.000
    V195               1.000      0.000    999.000    999.000
    V196               1.000      0.000    999.000    999.000
    V197               1.000      0.000    999.000    999.000

Group SHORT

 F1       BY
    V194               1.000      0.000    999.000    999.000
    V195               1.588      0.419      3.790      0.000
    V196               0.404      0.039     10.405      0.000
    V197               0.191      0.026      7.359      0.000

 Means
    F1                 0.000      0.000    999.000    999.000

 Thresholds
    V194$1            -1.848      0.142    -13.010      0.000
    V194$2             0.064      0.063      1.018      0.308
    V194$3             2.498      0.186     13.409      0.000
    V195$1            -3.612      0.689     -5.242      0.000
    V195$2            -1.081      0.222     -4.868      0.000
    V195$3             2.884      0.619      4.659      0.000
    V196$1            -1.659      0.095    -17.442      0.000
    V196$2            -0.826      0.064    -12.938      0.000
    V196$3             0.690      0.066     10.483      0.000
    V197$1            -0.533      0.054     -9.893      0.000
    V197$2             1.002      0.133      7.551      0.000
    V197$3             1.962      0.247      7.960      0.000

 Variances
    F1                 2.986      0.491      6.084      0.000

 Residual Variances
    V194               1.348      0.214      6.297      0.000
    V195               0.884      0.440      2.011      0.044
    V196               1.013      0.135      7.507      0.000
    V197               1.193      0.279      4.273      0.000


STANDARDIZED MODEL RESULTS


STDYX Standardization

                                                    Two-Tailed
                    Estimate       S.E.  Est./S.E.    P-Value

Group FULL

 F1       BY
    V194               0.876      0.020     44.242      0.000
    V195               0.945      0.019     49.537      0.000
    V196               0.591      0.028     20.940      0.000
    V197               0.328      0.035      9.287      0.000

 Means
    F1                 0.000      0.000    999.000    999.000

 Thresholds
    V194$1            -0.892      0.049    -18.307      0.000
    V194$2             0.031      0.030      1.022      0.307
    V194$3             1.206      0.057     21.170      0.000
    V195$1            -1.184      0.075    -15.843      0.000
    V195$2            -0.359      0.058     -6.179      0.000
    V195$3             1.019      0.064     15.899      0.000
    V196$1            -1.338      0.070    -19.145      0.000
    V196$2            -0.785      0.064    -12.361      0.000
    V196$3             0.473      0.058      8.220      0.000
    V197$1            -0.503      0.049    -10.364      0.000
    V197$2             0.914      0.065     14.166      0.000
    V197$3             1.583      0.094     16.851      0.000

 Variances
    F1                 1.000      0.000    999.000    999.000

 Residual Variances
    V194               0.233      0.035      6.718      0.000
    V195               0.107      0.036      2.983      0.003
    V196               0.650      0.033     19.458      0.000
    V197               0.893      0.023     38.623      0.000

Group SHORT

 F1       BY
    V194               0.830      0.016     53.391      0.000
    V195               0.946      0.016     59.743      0.000
    V196               0.570      0.021     26.563      0.000
    V197               0.289      0.027     10.856      0.000

 Means
    F1                 0.000      0.000    999.000    999.000

 Thresholds
    V194$1            -0.888      0.039    -22.914      0.000
    V194$2             0.031      0.030      1.020      0.308
    V194$3             1.200      0.044     27.392      0.000
    V195$1            -1.245      0.052    -24.118      0.000
    V195$2            -0.373      0.037     -9.964      0.000
    V195$3             0.994      0.044     22.698      0.000
    V196$1            -1.354      0.049    -27.517      0.000
    V196$2            -0.674      0.040    -17.025      0.000
    V196$3             0.563      0.038     14.827      0.000
    V197$1            -0.467      0.035    -13.244      0.000
    V197$2             0.878      0.044     20.049      0.000
    V197$3             1.719      0.068     25.197      0.000

 Variances
    F1                 1.000      0.000    999.000    999.000

 Residual Variances
    V194               0.311      0.026     12.050      0.000
    V195               0.105      0.030      3.506      0.000
    V196               0.675      0.024     27.569      0.000
    V197               0.916      0.015     59.404      0.000


R-SQUARE

Group FULL

    Observed                                        Two-Tailed     Scale
    Variable        Estimate       S.E.  Est./S.E.    P-Value     Factors

    V194               0.767      0.035     22.121      0.000      0.483
    V195               0.893      0.036     24.769      0.000      0.328
    V196               0.350      0.033     10.470      0.000      0.806
    V197               0.107      0.023      4.644      0.000      0.945

Group SHORT

    Observed                                        Two-Tailed     Scale
    Variable        Estimate       S.E.  Est./S.E.    P-Value     Factors

    V194               0.689      0.026     26.695      0.000      0.480
    V195               0.895      0.030     29.871      0.000      0.345
    V196               0.325      0.024     13.282      0.000      0.816
    V197               0.084      0.015      5.428      0.000      0.876


QUALITY OF NUMERICAL RESULTS

     Condition Number for the Information Matrix              0.504E-04
       (ratio of smallest to largest eigenvalue)


MODEL MODIFICATION INDICES

NOTE:  Modification indices for direct effects of observed dependent variables
regressed on covariates and residual covariances among observed dependent
variables may not be included.  To include these, request MODINDICES (ALL).

Minimum M.I. value for printing the modification index    10.000

                                   M.I.     E.P.C.  Std E.P.C.  StdYX E.P.C.
Group FULL


ON/BY Statements

F1       ON F1       /
F1       BY F1                   999.000     0.000      0.000        0.000

WITH Statements

V197     WITH V196                18.622     0.268      0.268        0.268

Group SHORT


WITH Statements

V197     WITH V196                19.223     0.287      0.287        0.261



SAVEDATA INFORMATION


  Difference testing

  Save file
    v194_metric.dat
  Save format      Free

DIAGRAM INFORMATION

  Use View Diagram under the Diagram menu in the Mplus Editor to view the diagram.
  If running Mplus from the Mplus Diagrammer, the diagram opens automatically.

  Diagram output
    c:\users\msassac6\dropbox (the university of manchester)\papers\joe s\evs_mm_de_equivalence\mplus\eq\inv_data3_v194_

     Beginning Time:  08:29:36
        Ending Time:  08:29:37
       Elapsed Time:  00:00:01



MUTHEN & MUTHEN
3463 Stoner Ave.
Los Angeles, CA  90066

Tel: (310) 391-9971
Fax: (310) 391-8971
Web: www.StatModel.com
Support: Support@StatModel.com

Copyright (c) 1998-2017 Muthen & Muthen
