Mplus VERSION 8
MUTHEN & MUTHEN
07/06/2020   2:43 PM

INPUT INSTRUCTIONS

  TITLE: Your title goes here

   DATA: FILE = eq/data.dta;

   VARIABLE:

   NAMES = id_cocas weight comp_mode comp_len mode mm_matrix_group wei_mmf v2 v3 v4 v32
       v33 v34 v35 v36 v37 v46 v47 v48 v49 v50 v65 v66 v67 v68 v69 v70 v82 v83 v84 v98
       v99 v100 v101 v103 v104 v105 v106 v107 v115 v116 v117 v118 v119 v120 v121 v122
       v123 v124 v125 v126 v127 v128 v129 v130 v131 v132 v133 v134 v135 v136 v137 v138
       v139 v140 v141 v145 v146 v147 v148 v149 v150 v151 v152 v153 v154 v155 v156 v157
       v158 v159 v160 v161 v162 v163 v164 v165 v166 v167 v176 v177 v178 v179 v180 v181
       v182 v183 v185 v186 v187 v188 v189 v191 v192 v193 v194 v195 v196 v197 v199 v200
       v201 v202 v203 v205 v206 v207 v208 v209 v210 v211 v212 v213 v214 v215 v216 v217
       v218 v220 v221 v222 v223 v224 v267 v268 v269 v271 v272 v273;

   MISSING=.;

   USEVARIABLES ARE
   v194
   v195
   v196
   v197;

   CATEGORICAL ARE
   v194
   v195
   v196
   v197;

   GROUPING IS comp_len (0=full 1=short);


   Analysis:

                  ESTIMATOR = WLSMV;

                  ITERATIONS = 100000;

                  PARAMETERIZATION = THETA;

  Model:


  f1 BY v194@1
  v195 (L2_full)
  v196 (L3_full)
  v197 (L4_full)
  ;


  [v194$1] (t_v194_1);
  [v194$2] (t_v194_2);
  [v194$3] (t_v194_3);

   [f1@0];
  [v195$1] (t_v195_1);
  [v195$2] (t_v195_2_full);
  [v195$3] (t_v195_3_full);

   [f1@0];
  [v196$1] (t_v196_1);
  [v196$2] (t_v196_2_full);
  [v196$3] (t_v196_3_full);

   [f1@0];
  [v197$1] (t_v197_1);
  [v197$2] (t_v197_2_full);
  [v197$3] (t_v197_3_full);

   [f1@0];

  Model short:

  f1 BY v194@1
  v195 (L2_short)
  v196 (L3_short)
  v197 (L4_short)
  ;


  [v194$1] (t_v194_1);
  [v194$2] (t_v194_2);
  [v194$3] (t_v194_3);

   [f1@0];
  [v195$1] (t_v195_1);
  [v195$2] (t_v195_2_short);
  [v195$3] (t_v195_3_short);

   [f1@0];
  [v196$1] (t_v196_1);
  [v196$2] (t_v196_2_short);
  [v196$3] (t_v196_3_short);

   [f1@0];
  [v197$1] (t_v197_1);
  [v197$2] (t_v197_2_short);
  [v197$3] (t_v197_3_short);

   [f1@0];

   SAVEDATA: DIFFTEST IS v194_config.dat;

   OUTPUT: SAMPSTAT;

                                  MODINDICES;

                                  STDYX;




*** WARNING
  Data set contains unknown or missing values for GROUPING,
  PATTERN, COHORT, CLUSTER and/or STRATIFICATION variables.
  Number of cases with unknown or missing values:  1494
*** WARNING
  Data set contains cases with missing on all variables.
  These cases were not included in the analysis.
  Number of cases with missing on all variables:  1660
   2 WARNING(S) FOUND IN THE INPUT INSTRUCTIONS



Your title goes here

SUMMARY OF ANALYSIS

Number of groups                                                 2
Number of observations
   Group FULL                                                  663
   Group SHORT                                                1599
   Total sample size                                          2262

Number of dependent variables                                    4
Number of independent variables                                  0
Number of continuous latent variables                            1

Observed dependent variables

  Binary and ordered categorical (ordinal)
   V194        V195        V196        V197

Continuous latent variables
   F1

Variables with special functions

  Grouping variable     COMP_LEN

Estimator                                                    WLSMV
Maximum number of iterations                                100000
Convergence criterion                                    0.500D-04
Maximum number of steepest descent iterations                   20
Maximum number of iterations for H1                           2000
Convergence criterion for H1                             0.100D-03
Parameterization                                             THETA
Link                                                        PROBIT

Input data file(s)
  eq/data.dta

Input data format  FREE


SUMMARY OF DATA

   Group FULL
     Number of missing data patterns            12

   Group SHORT
     Number of missing data patterns            12


COVARIANCE COVERAGE OF DATA

Minimum covariance coverage value   0.100


     PROPORTION OF DATA PRESENT FOR FULL


           Covariance Coverage
              V194          V195          V196          V197
              ________      ________      ________      ________
 V194           0.974
 V195           0.952         0.955
 V196           0.944         0.931         0.955
 V197           0.940         0.922         0.926         0.962


     PROPORTION OF DATA PRESENT FOR SHORT


           Covariance Coverage
              V194          V195          V196          V197
              ________      ________      ________      ________
 V194           0.969
 V195           0.960         0.967
 V196           0.942         0.941         0.964
 V197           0.934         0.935         0.928         0.958


UNIVARIATE PROPORTIONS AND COUNTS FOR CATEGORICAL VARIABLES

  Group FULL
    V194
      Category 1    0.181          117.000
      Category 2    0.316          204.000
      Category 3    0.381          246.000
      Category 4    0.122           79.000
    V195
      Category 1    0.101           64.000
      Category 2    0.239          151.000
      Category 3    0.488          309.000
      Category 4    0.172          109.000
    V196
      Category 1    0.068           43.000
      Category 2    0.134           85.000
      Category 3    0.471          298.000
      Category 4    0.327          207.000
    V197
      Category 1    0.328          209.000
      Category 2    0.494          315.000
      Category 3    0.127           81.000
      Category 4    0.052           33.000

  Group SHORT
    V194
      Category 1    0.163          253.000
      Category 2    0.337          523.000
      Category 3    0.379          587.000
      Category 4    0.121          187.000
    V195
      Category 1    0.089          137.000
      Category 2    0.250          387.000
      Category 3    0.501          775.000
      Category 4    0.160          248.000
    V196
      Category 1    0.083          128.000
      Category 2    0.154          237.000
      Category 3    0.464          715.000
      Category 4    0.299          461.000
    V197
      Category 1    0.325          498.000
      Category 2    0.501          768.000
      Category 3    0.134          205.000
      Category 4    0.040           61.000


SAMPLE STATISTICS


     ESTIMATED SAMPLE STATISTICS FOR FULL


           MEANS/INTERCEPTS/THRESHOLDS
              V194$1        V194$2        V194$3        V195$1        V195$2
              ________      ________      ________      ________      ________
               -0.911        -0.008         1.164        -1.275        -0.413


           MEANS/INTERCEPTS/THRESHOLDS
              V195$3        V196$1        V196$2        V196$3        V197$1
              ________      ________      ________      ________      ________
                0.946        -1.491        -0.834         0.448        -0.447


           MEANS/INTERCEPTS/THRESHOLDS
              V197$2        V197$3
              ________      ________
                0.920         1.628


           CORRELATION MATRIX (WITH VARIANCES ON THE DIAGONAL)
              V194          V195          V196          V197
              ________      ________      ________      ________
 V194
 V195           0.819
 V196           0.432         0.504
 V197           0.181         0.186         0.329


     ESTIMATED SAMPLE STATISTICS FOR SHORT


           MEANS/INTERCEPTS/THRESHOLDS
              V194$1        V194$2        V194$3        V195$1        V195$2
              ________      ________      ________      ________      ________
               -0.981         0.002         1.172        -1.350        -0.416


           MEANS/INTERCEPTS/THRESHOLDS
              V195$3        V196$1        V196$2        V196$3        V197$1
              ________      ________      ________      ________      ________
                0.993        -1.385        -0.716         0.527        -0.454


           MEANS/INTERCEPTS/THRESHOLDS
              V197$2        V197$3
              ________      ________
                0.940         1.753


           CORRELATION MATRIX (WITH VARIANCES ON THE DIAGONAL)
              V194          V195          V196          V197
              ________      ________      ________      ________
 V194
 V195           0.788
 V196           0.473         0.537
 V197           0.175         0.204         0.245


THE MODEL ESTIMATION TERMINATED NORMALLY



MODEL FIT INFORMATION

Number of Free Parameters                       30

Chi-Square Test of Model Fit

          Value                             50.528*
          Degrees of Freedom                     6
          P-Value                           0.0000

Chi-Square Contribution From Each Group

          FULL                              30.744
          SHORT                             19.784

*   The chi-square value for MLM, MLMV, MLR, ULSMV, WLSM and WLSMV cannot be used
    for chi-square difference testing in the regular way.  MLM, MLR and WLSM
    chi-square difference testing is described on the Mplus website.  MLMV, WLSMV,
    and ULSMV difference testing is done using the DIFFTEST option.

RMSEA (Root Mean Square Error Of Approximation)

          Estimate                           0.081
          90 Percent C.I.                    0.061  0.102
          Probability RMSEA <= .05           0.006

CFI/TLI

          CFI                                0.995
          TLI                                0.991

Chi-Square Test of Model Fit for the Baseline Model

          Value                           9900.838
          Degrees of Freedom                    12
          P-Value                           0.0000

WRMR (Weighted Root Mean Square Residual)

          Value                              1.536



MODEL RESULTS

                                                    Two-Tailed
                    Estimate       S.E.  Est./S.E.    P-Value

Group FULL

 F1       BY
    V194               1.000      0.000    999.000    999.000
    V195               2.015      0.743      2.712      0.007
    V196               0.392      0.041      9.623      0.000
    V197               0.169      0.030      5.545      0.000

 Means
    F1                 0.000      0.000    999.000    999.000

 Thresholds
    V194$1            -1.786      0.130    -13.733      0.000
    V194$2            -0.002      0.050     -0.043      0.966
    V194$3             2.174      0.157     13.849      0.000
    V195$1            -4.376      1.144     -3.824      0.000
    V195$2            -1.417      0.398     -3.562      0.000
    V195$3             3.241      0.849      3.816      0.000
    V196$1            -1.769      0.090    -19.703      0.000
    V196$2            -0.989      0.068    -14.569      0.000
    V196$3             0.532      0.061      8.760      0.000
    V197$1            -0.462      0.053     -8.659      0.000
    V197$2             0.954      0.061     15.771      0.000
    V197$3             1.689      0.086     19.687      0.000

 Variances
    F1                 2.650      0.516      5.136      0.000

 Residual Variances
    V194               1.000      0.000    999.000    999.000
    V195               1.000      0.000    999.000    999.000
    V196               1.000      0.000    999.000    999.000
    V197               1.000      0.000    999.000    999.000

Group SHORT

 F1       BY
    V194               1.000      0.000    999.000    999.000
    V195               1.987      0.646      3.078      0.002
    V196               0.480      0.045     10.582      0.000
    V197               0.164      0.030      5.387      0.000

 Means
    F1                 0.000      0.000    999.000    999.000

 Thresholds
    V194$1            -1.786      0.130    -13.733      0.000
    V194$2            -0.002      0.050     -0.043      0.966
    V194$3             2.174      0.157     13.849      0.000
    V195$1            -4.376      1.144     -3.824      0.000
    V195$2            -1.349      0.366     -3.690      0.000
    V195$3             3.221      0.860      3.744      0.000
    V196$1            -1.769      0.090    -19.703      0.000
    V196$2            -0.915      0.060    -15.214      0.000
    V196$3             0.673      0.062     10.799      0.000
    V197$1            -0.462      0.053     -8.659      0.000
    V197$2             0.957      0.143      6.714      0.000
    V197$3             1.784      0.255      6.986      0.000

 Variances
    F1                 2.358      0.360      6.551      0.000

 Residual Variances
    V194               1.026      0.160      6.394      0.000
    V195               1.207      0.693      1.740      0.082
    V196               1.089      0.132      8.218      0.000
    V197               0.973      0.266      3.657      0.000


STANDARDIZED MODEL RESULTS


STDYX Standardization

                                                    Two-Tailed
                    Estimate       S.E.  Est./S.E.    P-Value

Group FULL

 F1       BY
    V194               0.852      0.023     37.486      0.000
    V195               0.957      0.023     40.933      0.000
    V196               0.538      0.032     16.871      0.000
    V197               0.265      0.041      6.505      0.000

 Means
    F1                 0.000      0.000    999.000    999.000

 Thresholds
    V194$1            -0.935      0.043    -21.912      0.000
    V194$2            -0.001      0.026     -0.043      0.966
    V194$3             1.138      0.050     22.969      0.000
    V195$1            -1.276      0.068    -18.840      0.000
    V195$2            -0.413      0.051     -8.042      0.000
    V195$3             0.945      0.059     16.069      0.000
    V196$1            -1.491      0.076    -19.564      0.000
    V196$2            -0.834      0.057    -14.718      0.000
    V196$3             0.448      0.052      8.674      0.000
    V197$1            -0.446      0.051     -8.660      0.000
    V197$2             0.920      0.058     15.849      0.000
    V197$3             1.628      0.083     19.678      0.000

 Variances
    F1                 1.000      0.000    999.000    999.000

 Residual Variances
    V194               0.274      0.039      7.074      0.000
    V195               0.085      0.045      1.902      0.057
    V196               0.711      0.034     20.748      0.000
    V197               0.930      0.022     43.054      0.000

Group SHORT

 F1       BY
    V194               0.835      0.014     59.116      0.000
    V195               0.941      0.014     65.759      0.000
    V196               0.577      0.020     29.447      0.000
    V197               0.248      0.027      9.318      0.000

 Means
    F1                 0.000      0.000    999.000    999.000

 Thresholds
    V194$1            -0.971      0.035    -28.131      0.000
    V194$2            -0.001      0.027     -0.043      0.966
    V194$3             1.182      0.038     31.127      0.000
    V195$1            -1.349      0.045    -29.974      0.000
    V195$2            -0.416      0.033    -12.648      0.000
    V195$3             0.993      0.038     25.940      0.000
    V196$1            -1.385      0.046    -30.124      0.000
    V196$2            -0.716      0.035    -20.416      0.000
    V196$3             0.527      0.034     15.684      0.000
    V197$1            -0.454      0.033    -13.655      0.000
    V197$2             0.940      0.038     24.910      0.000
    V197$3             1.753      0.058     30.122      0.000

 Variances
    F1                 1.000      0.000    999.000    999.000

 Residual Variances
    V194               0.303      0.024     12.856      0.000
    V195               0.115      0.027      4.262      0.000
    V196               0.667      0.023     29.532      0.000
    V197               0.939      0.013     71.272      0.000


R-SQUARE

Group FULL

    Observed                                        Two-Tailed     Scale
    Variable        Estimate       S.E.  Est./S.E.    P-Value     Factors

    V194               0.726      0.039     18.743      0.000      0.523
    V195               0.915      0.045     20.466      0.000      0.292
    V196               0.289      0.034      8.436      0.000      0.843
    V197               0.070      0.022      3.253      0.001      0.964

Group SHORT

    Observed                                        Two-Tailed     Scale
    Variable        Estimate       S.E.  Est./S.E.    P-Value     Factors

    V194               0.697      0.024     29.558      0.000      0.544
    V195               0.885      0.027     32.879      0.000      0.308
    V196               0.333      0.023     14.724      0.000      0.783
    V197               0.061      0.013      4.659      0.000      0.982


QUALITY OF NUMERICAL RESULTS

     Condition Number for the Information Matrix              0.189E-04
       (ratio of smallest to largest eigenvalue)


MODEL MODIFICATION INDICES

NOTE:  Modification indices for direct effects of observed dependent variables
regressed on covariates and residual covariances among observed dependent
variables may not be included.  To include these, request MODINDICES (ALL).

Minimum M.I. value for printing the modification index    10.000

                                   M.I.     E.P.C.  Std E.P.C.  StdYX E.P.C.
Group FULL


BY Statements

F1       BY V194                 999.000     0.000      0.000        0.000

ON/BY Statements

F1       ON F1       /
F1       BY F1                   999.000     0.000      0.000        0.000

WITH Statements

V195     WITH V194                27.418     8.169      8.169        8.169
V197     WITH V196                29.506     0.278      0.278        0.278

Means/Intercepts/Thresholds

[ V197     ]                     999.000     0.000      0.000        0.000
[ V197$1   ]                     999.000     0.000      0.000        0.000

Group SHORT


BY Statements

F1       BY V194                 999.000     0.000      0.000        0.000

WITH Statements

V195     WITH V194                43.747     9.151      9.151        8.227
V197     WITH V196                42.528     0.358      0.358        0.348

Means/Intercepts/Thresholds

[ V197     ]                     999.000     0.000      0.000        0.000
[ V197$1   ]                     999.000     0.000      0.000        0.000



SAVEDATA INFORMATION


  Difference testing

  Save file
    v194_config.dat
  Save format      Free

DIAGRAM INFORMATION

  Use View Diagram under the Diagram menu in the Mplus Editor to view the diagram.
  If running Mplus from the Mplus Diagrammer, the diagram opens automatically.

  Diagram output
    c:\users\msassac6\dropbox (the university of manchester)\papers\joe s\evs_mm_de_equivalence\mplus\eq\inv_data3_v194_

     Beginning Time:  14:43:51
        Ending Time:  14:43:52
       Elapsed Time:  00:00:01



MUTHEN & MUTHEN
3463 Stoner Ave.
Los Angeles, CA  90066

Tel: (310) 391-9971
Fax: (310) 391-8971
Web: www.StatModel.com
Support: Support@StatModel.com

Copyright (c) 1998-2017 Muthen & Muthen
