Mplus VERSION 8
MUTHEN & MUTHEN
07/13/2020   8:29 AM

INPUT INSTRUCTIONS

  TITLE: Your title goes here

   DATA: FILE = eq/data.dta;

   VARIABLE:

   NAMES = id_cocas weight comp_mode comp_len mode mm_matrix_group wei_mmf v2 v3 v4 v32
       v33 v34 v35 v36 v37 v46 v47 v48 v49 v50 v65 v66 v67 v68 v69 v70 v82 v83 v84 v98
       v99 v100 v101 v103 v104 v105 v106 v107 v115 v116 v117 v118 v119 v120 v121 v122
       v123 v124 v125 v126 v127 v128 v129 v130 v131 v132 v133 v134 v135 v136 v137 v138
       v139 v140 v141 v145 v146 v147 v148 v149 v150 v151 v152 v153 v154 v155 v156 v157
       v158 v159 v160 v161 v162 v163 v164 v165 v166 v167 v176 v177 v178 v179 v180 v181
       v182 v183 v185 v186 v187 v188 v189 v191 v192 v193 v194 v195 v196 v197 v199 v200
       v201 v202 v203 v205 v206 v207 v208 v209 v210 v211 v212 v213 v214 v215 v216 v217
       v218 v220 v221 v222 v223 v224 v267 v268 v269 v271 v272 v273;

   MISSING=.;

   USEVARIABLES ARE
   v199
   v200
   v201
   v202
   v203;

   GROUPING IS comp_len (0=full 1=short);

  WEIGHT IS weight;

   Analysis:

                  ESTIMATOR = MLR;
  Model:


  f1 BY v199@1
  v200 (L2_full)
  v201 (L3_full)
  v202 (L4_full)
  v203 (L5_full)
  ;


   [f1@0];[v199] (i1_full);
  [v200] (i2_full);
  [v201] (i3_full);
  [v202] (i4_full);
  [v203] (i5_full);


  Model short:

  f1 BY v199@1
  v200 (L2_short)
  v201 (L3_short)
  v202 (L4_short)
  v203 (L5_short)
  ;


   [f1@0];[v199] (i1_short);
  [v200] (i2_short);
  [v201] (i3_short);
  [v202] (i4_short);
  [v203] (i5_short);


   SAVEDATA: DIFFTEST IS v199_config.dat;

   OUTPUT: SAMPSTAT;

                                  MODINDICES;

                                  STDYX;




*** WARNING in SAVEDATA command
  The DIFFTEST option is available only for the estimators MLMV, WLSMV and ULSMV.
  Request for DIFFTEST will be ignored.
*** WARNING
  Data set contains unknown or missing values for GROUPING,
  PATTERN, COHORT, CLUSTER and/or STRATIFICATION variables.
  Number of cases with unknown or missing values:  1494
*** WARNING
  Data set contains cases with missing on all variables.
  These cases were not included in the analysis.
  Number of cases with missing on all variables:  1707
   3 WARNING(S) FOUND IN THE INPUT INSTRUCTIONS



Your title goes here

SUMMARY OF ANALYSIS

Number of groups                                                 2
Number of observations
   Group FULL                                                  668
   Group SHORT                                                1547
   Total sample size                                          2215

Number of dependent variables                                    5
Number of independent variables                                  0
Number of continuous latent variables                            1

Observed dependent variables

  Continuous
   V199        V200        V201        V202        V203

Continuous latent variables
   F1

Variables with special functions

  Grouping variable     COMP_LEN
  Weight variable       WEIGHT

Estimator                                                      MLR
Information matrix                                        OBSERVED
Maximum number of iterations                                  1000
Convergence criterion                                    0.500D-04
Maximum number of steepest descent iterations                   20
Maximum number of iterations for H1                           2000
Convergence criterion for H1                             0.100D-03

Input data file(s)
  eq/data.dta

Input data format  FREE


SUMMARY OF DATA

   Group FULL
     Number of missing data patterns            21

   Group SHORT
     Number of missing data patterns            26


COVARIANCE COVERAGE OF DATA

Minimum covariance coverage value   0.100


     PROPORTION OF DATA PRESENT FOR FULL


           Covariance Coverage
              V199          V200          V201          V202          V203
              ________      ________      ________      ________      ________
 V199           0.954
 V200           0.922         0.960
 V201           0.937         0.948         0.982
 V202           0.927         0.939         0.960         0.972
 V203           0.909         0.916         0.936         0.928         0.946


     PROPORTION OF DATA PRESENT FOR SHORT


           Covariance Coverage
              V199          V200          V201          V202          V203
              ________      ________      ________      ________      ________
 V199           0.947
 V200           0.923         0.966
 V201           0.925         0.945         0.970
 V202           0.928         0.952         0.954         0.977
 V203           0.902         0.921         0.925         0.935         0.943


SAMPLE STATISTICS


     ESTIMATED SAMPLE STATISTICS FOR FULL


           Means
              V199          V200          V201          V202          V203
              ________      ________      ________      ________      ________
                2.803         3.518         3.797         3.591         3.862


           Covariances
              V199          V200          V201          V202          V203
              ________      ________      ________      ________      ________
 V199           1.401
 V200          -0.138         1.123
 V201          -0.255         0.352         1.055
 V202          -0.292         0.505         0.535         1.494
 V203          -0.364         0.372         0.521         0.640         1.196


           Correlations
              V199          V200          V201          V202          V203
              ________      ________      ________      ________      ________
 V199           1.000
 V200          -0.110         1.000
 V201          -0.209         0.323         1.000
 V202          -0.202         0.390         0.426         1.000
 V203          -0.281         0.321         0.464         0.479         1.000


     ESTIMATED SAMPLE STATISTICS FOR SHORT


           Means
              V199          V200          V201          V202          V203
              ________      ________      ________      ________      ________
                2.862         3.472         3.837         3.592         3.861


           Covariances
              V199          V200          V201          V202          V203
              ________      ________      ________      ________      ________
 V199           1.537
 V200          -0.106         1.265
 V201          -0.241         0.402         1.121
 V202          -0.422         0.588         0.588         1.528
 V203          -0.364         0.428         0.559         0.643         1.244


           Correlations
              V199          V200          V201          V202          V203
              ________      ________      ________      ________      ________
 V199           1.000
 V200          -0.076         1.000
 V201          -0.184         0.338         1.000
 V202          -0.275         0.423         0.449         1.000
 V203          -0.263         0.341         0.473         0.466         1.000


     MAXIMUM LOG-LIKELIHOOD VALUE FOR THE UNRESTRICTED (H1) MODEL IS -15457.790


UNIVARIATE SAMPLE STATISTICS


     UNIVARIATE HIGHER-ORDER MOMENT DESCRIPTIVE STATISTICS FOR FULL

         Variable/         Mean/     Skewness/   Minimum/ % with                Percentiles
        Sample Size      Variance    Kurtosis    Maximum  Min/Max      20%/60%    40%/80%    Median

     V199                  2.804       0.347       1.000   11.62%       2.000      2.000      3.000
             637.000       1.403      -0.825       5.000   10.99%       3.000      4.000
     V200                  3.531      -0.549       1.000    2.81%       2.000      4.000      4.000
             641.000       1.120      -0.527       5.000   16.69%       4.000      4.000
     V201                  3.803      -0.683       1.000    2.59%       3.000      4.000      4.000
             656.000       1.056      -0.090       5.000   28.51%       4.000      5.000
     V202                  3.599      -0.662       1.000    6.32%       2.000      4.000      4.000
             649.000       1.494      -0.653       5.000   26.04%       4.000      5.000
     V203                  3.877      -0.979       1.000    3.80%       3.000      4.000      4.000
             632.000       1.196       0.215       5.000   33.23%       4.000      5.000


     UNIVARIATE HIGHER-ORDER MOMENT DESCRIPTIVE STATISTICS FOR SHORT

         Variable/         Mean/     Skewness/   Minimum/ % with                Percentiles
        Sample Size      Variance    Kurtosis    Maximum  Min/Max      20%/60%    40%/80%    Median

     V199                  2.859       0.337       1.000   12.08%       2.000      2.000      3.000
            1465.000       1.537      -0.987       5.000   12.63%       3.000      4.000
     V200                  3.484      -0.489       1.000    4.02%       2.000      4.000      4.000
            1494.000       1.262      -0.680       5.000   18.61%       4.000      4.000
     V201                  3.849      -0.757       1.000    2.07%       3.000      4.000      4.000
            1500.000       1.116      -0.121       5.000   32.07%       4.000      5.000
     V202                  3.601      -0.646       1.000    5.96%       2.000      4.000      4.000
            1511.000       1.526      -0.709       5.000   27.40%       4.000      5.000
     V203                  3.889      -0.929       1.000    2.95%       3.000      4.000      4.000
            1459.000       1.234       0.035       5.000   35.57%       4.000      5.000


THE MODEL ESTIMATION TERMINATED NORMALLY



MODEL FIT INFORMATION

Number of Free Parameters                       30

Loglikelihood

          H0 Value                      -15489.623
          H0 Scaling Correction Factor      1.4561
            for MLR
          H1 Value                      -15457.790
          H1 Scaling Correction Factor      1.4780
            for MLR

Information Criteria

          Akaike (AIC)                   31039.246
          Bayesian (BIC)                 31210.337
          Sample-Size Adjusted BIC       31115.022
            (n* = (n + 2) / 24)

Chi-Square Test of Model Fit

          Value                             41.247*
          Degrees of Freedom                    10
          P-Value                           0.0000
          Scaling Correction Factor         1.5435
            for MLR

Chi-Square Contribution From Each Group

          FULL                               7.523
          SHORT                             33.724

*   The chi-square value for MLM, MLMV, MLR, ULSMV, WLSM and WLSMV cannot be used
    for chi-square difference testing in the regular way.  MLM, MLR and WLSM
    chi-square difference testing is described on the Mplus website.  MLMV, WLSMV,
    and ULSMV difference testing is done using the DIFFTEST option.

RMSEA (Root Mean Square Error Of Approximation)

          Estimate                           0.053
          90 Percent C.I.                    0.037  0.070
          Probability RMSEA <= .05           0.350

CFI/TLI

          CFI                                0.970
          TLI                                0.940

Chi-Square Test of Model Fit for the Baseline Model

          Value                           1066.742
          Degrees of Freedom                    20
          P-Value                           0.0000

SRMR (Standardized Root Mean Square Residual)

          Value                              0.027



MODEL RESULTS

                                                    Two-Tailed
                    Estimate       S.E.  Est./S.E.    P-Value

Group FULL

 F1       BY
    V199               1.000      0.000    999.000    999.000
    V200              -1.373      0.291     -4.723      0.000
    V201              -1.698      0.306     -5.540      0.000
    V202              -2.168      0.398     -5.442      0.000
    V203              -2.002      0.336     -5.951      0.000

 Means
    F1                 0.000      0.000    999.000    999.000

 Intercepts
    V199               2.803      0.052     53.766      0.000
    V200               3.517      0.047     75.606      0.000
    V201               3.797      0.044     86.422      0.000
    V202               3.590      0.054     66.355      0.000
    V203               3.861      0.047     81.934      0.000

 Variances
    F1                 0.150      0.050      3.021      0.003

 Residual Variances
    V199               1.251      0.074     17.008      0.000
    V200               0.842      0.064     13.072      0.000
    V201               0.622      0.063      9.835      0.000
    V202               0.790      0.100      7.902      0.000
    V203               0.595      0.067      8.879      0.000

Group SHORT

 F1       BY
    V199               1.000      0.000    999.000    999.000
    V200              -1.449      0.225     -6.445      0.000
    V201              -1.674      0.241     -6.949      0.000
    V202              -2.170      0.284     -7.633      0.000
    V203              -1.849      0.252     -7.349      0.000

 Means
    F1                 0.000      0.000    999.000    999.000

 Intercepts
    V199               2.861      0.037     76.908      0.000
    V200               3.473      0.034    102.787      0.000
    V201               3.836      0.033    117.070      0.000
    V202               3.591      0.037     97.210      0.000
    V203               3.862      0.034    111.982      0.000

 Variances
    F1                 0.168      0.042      3.979      0.000

 Residual Variances
    V199               1.369      0.055     24.764      0.000
    V200               0.912      0.052     17.607      0.000
    V201               0.650      0.044     14.844      0.000
    V202               0.737      0.071     10.371      0.000
    V203               0.668      0.053     12.624      0.000


STANDARDIZED MODEL RESULTS


STDYX Standardization

                                                    Two-Tailed
                    Estimate       S.E.  Est./S.E.    P-Value

Group FULL

 F1       BY
    V199               0.328      0.053      6.193      0.000
    V200              -0.502      0.048    -10.361      0.000
    V201              -0.641      0.045    -14.248      0.000
    V202              -0.687      0.045    -15.409      0.000
    V203              -0.709      0.040    -17.791      0.000

 Means
    F1                 0.000      0.000    999.000    999.000

 Intercepts
    V199               2.367      0.063     37.395      0.000
    V200               3.316      0.118     28.104      0.000
    V201               3.695      0.136     27.254      0.000
    V202               2.935      0.108     27.149      0.000
    V203               3.528      0.147     24.031      0.000

 Variances
    F1                 1.000      0.000    999.000    999.000

 Residual Variances
    V199               0.893      0.035     25.766      0.000
    V200               0.748      0.049     15.392      0.000
    V201               0.590      0.058     10.231      0.000
    V202               0.528      0.061      8.611      0.000
    V203               0.497      0.057      8.789      0.000

Group SHORT

 F1       BY
    V199               0.331      0.041      8.126      0.000
    V200              -0.528      0.035    -14.987      0.000
    V201              -0.648      0.030    -21.417      0.000
    V202              -0.720      0.031    -22.867      0.000
    V203              -0.680      0.031    -21.927      0.000

 Means
    F1                 0.000      0.000    999.000    999.000

 Intercepts
    V199               2.308      0.036     63.532      0.000
    V200               3.087      0.075     41.286      0.000
    V201               3.622      0.104     34.764      0.000
    V202               2.904      0.074     39.330      0.000
    V203               3.465      0.104     33.285      0.000

 Variances
    F1                 1.000      0.000    999.000    999.000

 Residual Variances
    V199               0.891      0.027     33.102      0.000
    V200               0.721      0.037     19.357      0.000
    V201               0.580      0.039     14.796      0.000
    V202               0.482      0.045     10.648      0.000
    V203               0.538      0.042     12.747      0.000


R-SQUARE

Group FULL

    Observed                                        Two-Tailed
    Variable        Estimate       S.E.  Est./S.E.    P-Value

    V199               0.107      0.035      3.096      0.002
    V200               0.252      0.049      5.181      0.000
    V201               0.410      0.058      7.124      0.000
    V202               0.472      0.061      7.704      0.000
    V203               0.503      0.057      8.895      0.000

Group SHORT

    Observed                                        Two-Tailed
    Variable        Estimate       S.E.  Est./S.E.    P-Value

    V199               0.109      0.027      4.063      0.000
    V200               0.279      0.037      7.493      0.000
    V201               0.420      0.039     10.709      0.000
    V202               0.518      0.045     11.434      0.000
    V203               0.462      0.042     10.963      0.000


QUALITY OF NUMERICAL RESULTS

     Condition Number for the Information Matrix              0.264E-03
       (ratio of smallest to largest eigenvalue)


MODEL MODIFICATION INDICES

NOTE:  Modification indices for direct effects of observed dependent variables
regressed on covariates may not be included.  To include these, request
MODINDICES (ALL).

Minimum M.I. value for printing the modification index    10.000

                                   M.I.     E.P.C.  Std E.P.C.  StdYX E.P.C.
Group FULL


No modification indices above the minimum value.

Group SHORT


WITH Statements

V200     WITH V199                16.861     0.167      0.167        0.149
V202     WITH V200                11.921     0.143      0.143        0.175



DIAGRAM INFORMATION

  Use View Diagram under the Diagram menu in the Mplus Editor to view the diagram.
  If running Mplus from the Mplus Diagrammer, the diagram opens automatically.

  Diagram output
    c:\users\msassac6\dropbox (the university of manchester)\papers\joe s\evs_mm_de_equivalence\mplus\eq\inv_data3_v199_

     Beginning Time:  08:29:24
        Ending Time:  08:29:25
       Elapsed Time:  00:00:01



MUTHEN & MUTHEN
3463 Stoner Ave.
Los Angeles, CA  90066

Tel: (310) 391-9971
Fax: (310) 391-8971
Web: www.StatModel.com
Support: Support@StatModel.com

Copyright (c) 1998-2017 Muthen & Muthen
