Mplus VERSION 8
MUTHEN & MUTHEN
07/13/2020   8:28 AM

INPUT INSTRUCTIONS

  TITLE: Your title goes here

   DATA: FILE = eq/data.dta;

   VARIABLE:

   NAMES = id_cocas weight comp_mode comp_len mode mm_matrix_group wei_mmf v2 v3 v4 v32
       v33 v34 v35 v36 v37 v46 v47 v48 v49 v50 v65 v66 v67 v68 v69 v70 v82 v83 v84 v98
       v99 v100 v101 v103 v104 v105 v106 v107 v115 v116 v117 v118 v119 v120 v121 v122
       v123 v124 v125 v126 v127 v128 v129 v130 v131 v132 v133 v134 v135 v136 v137 v138
       v139 v140 v141 v145 v146 v147 v148 v149 v150 v151 v152 v153 v154 v155 v156 v157
       v158 v159 v160 v161 v162 v163 v164 v165 v166 v167 v176 v177 v178 v179 v180 v181
       v182 v183 v185 v186 v187 v188 v189 v191 v192 v193 v194 v195 v196 v197 v199 v200
       v201 v202 v203 v205 v206 v207 v208 v209 v210 v211 v212 v213 v214 v215 v216 v217
       v218 v220 v221 v222 v223 v224 v267 v268 v269 v271 v272 v273;

   MISSING=.;

   USEVARIABLES ARE
   v267
   v268
   v269
   v271
   v272
   v273;

   CATEGORICAL ARE
   v267
   v268
   v269
   v271
   v272
   v273;

   GROUPING IS comp_mode (0=sm 1=mm);

  WEIGHT IS weight;

   Analysis:

                  ESTIMATOR = WLSMV;

                  ITERATIONS = 100000;

                  PARAMETERIZATION = THETA;

  Model:


  f1 BY v267@1
  v268 (L2)
  v269 (L3)
  v271 (L4)
  v272 (L5)
  v273 (L6)
  ;


   [f1@0];
  [v267$1] (t_v267_1);
  [v267$2] (t_v267_2);
  [v267$3] (t_v267_3);

  [v268$1] (t_v268_1);
  [v268$2] (t_v268_2);
  [v268$3] (t_v268_3);

  [v269$1] (t_v269_1);
  [v269$2] (t_v269_2);
  [v269$3] (t_v269_3);

  [v271$1] (t_v271_1);
  [v271$2] (t_v271_2);
  [v271$3] (t_v271_3);

  [v272$1] (t_v272_1);
  [v272$2] (t_v272_2);
  [v272$3] (t_v272_3);

  [v273$1] (t_v273_1);
  [v273$2] (t_v273_2);
  [v273$3] (t_v273_3);


  Model mm:

  f1 BY v267@1
  v268 (L2)
  v269 (L3)
  v271 (L4)
  v272 (L5)
  v273 (L6)
  ;


   [f1@0];
  [v267$1] (t_v267_1);
  [v267$2] (t_v267_2);
  [v267$3] (t_v267_3);

  [v268$1] (t_v268_1);
  [v268$2] (t_v268_2);
  [v268$3] (t_v268_3);

  [v269$1] (t_v269_1);
  [v269$2] (t_v269_2);
  [v269$3] (t_v269_3);

  [v271$1] (t_v271_1);
  [v271$2] (t_v271_2);
  [v271$3] (t_v271_3);

  [v272$1] (t_v272_1);
  [v272$2] (t_v272_2);
  [v272$3] (t_v272_3);

  [v273$1] (t_v273_1);
  [v273$2] (t_v273_2);
  [v273$3] (t_v273_3);


   SAVEDATA: DIFFTEST IS v267_scalar.dat;

   OUTPUT: SAMPSTAT;

                                  MODINDICES;

                                  STDYX;




*** WARNING
  Data set contains unknown or missing values for GROUPING,
  PATTERN, COHORT, CLUSTER and/or STRATIFICATION variables.
  Number of cases with unknown or missing values:  3244
*** WARNING
  Data set contains cases with missing on all variables.
  These cases were not included in the analysis.
  Number of cases with missing on all variables:  61
   2 WARNING(S) FOUND IN THE INPUT INSTRUCTIONS



Your title goes here

SUMMARY OF ANALYSIS

Number of groups                                                 2
Number of observations
   Group SM                                                   1470
   Group MM                                                    641
   Total sample size                                          2111

Number of dependent variables                                    6
Number of independent variables                                  0
Number of continuous latent variables                            1

Observed dependent variables

  Binary and ordered categorical (ordinal)
   V267        V268        V269        V271        V272        V273

Continuous latent variables
   F1

Variables with special functions

  Grouping variable     COMP_MOD
  Weight variable       WEIGHT

Estimator                                                    WLSMV
Maximum number of iterations                                100000
Convergence criterion                                    0.500D-04
Maximum number of steepest descent iterations                   20
Maximum number of iterations for H1                           2000
Convergence criterion for H1                             0.100D-03
Parameterization                                             THETA
Link                                                        PROBIT

Input data file(s)
  eq/data.dta

Input data format  FREE


SUMMARY OF DATA

   Group SM
     Number of missing data patterns            28

   Group MM
     Number of missing data patterns            35


COVARIANCE COVERAGE OF DATA

Minimum covariance coverage value   0.100


     PROPORTION OF DATA PRESENT FOR SM


           Covariance Coverage
              V267          V268          V269          V271          V272
              ________      ________      ________      ________      ________
 V267           0.973
 V268           0.969         0.988
 V269           0.948         0.959         0.962
 V271           0.901         0.909         0.889         0.918
 V272           0.910         0.927         0.905         0.912         0.935
 V273           0.903         0.916         0.898         0.909         0.916


           Covariance Coverage
              V273
              ________
 V273           0.924


     PROPORTION OF DATA PRESENT FOR MM


           Covariance Coverage
              V267          V268          V269          V271          V272
              ________      ________      ________      ________      ________
 V267           0.945
 V268           0.925         0.966
 V269           0.913         0.928         0.947
 V271           0.860         0.861         0.847         0.885
 V272           0.883         0.906         0.885         0.864         0.924
 V273           0.867         0.881         0.869         0.863         0.886


           Covariance Coverage
              V273
              ________
 V273           0.910


UNIVARIATE PROPORTIONS AND COUNTS FOR CATEGORICAL VARIABLES

  Group SM
    V267
      Category 1    0.358          510.886
      Category 2    0.188          268.458
      Category 3    0.194          277.569
      Category 4    0.260          370.777
    V268
      Category 1    0.081          117.243
      Category 2    0.119          173.490
      Category 3    0.239          347.237
      Category 4    0.561          815.211
    V269
      Category 1    0.353          499.311
      Category 2    0.305          430.432
      Category 3    0.189          267.058
      Category 4    0.153          215.726
    V271
      Category 1    0.226          304.359
      Category 2    0.176          237.938
      Category 3    0.215          290.098
      Category 4    0.383          515.844
    V272
      Category 1    0.149          203.756
      Category 2    0.213          292.381
      Category 3    0.199          272.845
      Category 4    0.439          601.793
    V273
      Category 1    0.587          796.518
      Category 2    0.253          342.943
      Category 3    0.086          116.921
      Category 4    0.074           99.671

  Group MM
    V267
      Category 1    0.302          183.192
      Category 2    0.293          178.098
      Category 3    0.208          126.221
      Category 4    0.197          119.595
    V268
      Category 1    0.069           42.760
      Category 2    0.146           90.398
      Category 3    0.289          179.393
      Category 4    0.497          308.720
    V269
      Category 1    0.335          203.536
      Category 2    0.353          213.938
      Category 3    0.233          141.326
      Category 4    0.079           47.998
    V271
      Category 1    0.183          102.503
      Category 2    0.212          118.964
      Category 3    0.247          138.601
      Category 4    0.357          200.015
    V272
      Category 1    0.149           87.493
      Category 2    0.173          100.990
      Category 3    0.264          154.248
      Category 4    0.415          242.645
    V273
      Category 1    0.535          307.618
      Category 2    0.291          167.471
      Category 3    0.123           70.482
      Category 4    0.051           29.529


SAMPLE STATISTICS


     ESTIMATED SAMPLE STATISTICS FOR SM


           MEANS/INTERCEPTS/THRESHOLDS
              V267$1        V267$2        V267$3        V268$1        V268$2
              ________      ________      ________      ________      ________
               -0.364         0.115         0.644        -1.401        -0.841


           MEANS/INTERCEPTS/THRESHOLDS
              V268$3        V269$1        V269$2        V269$3        V271$1
              ________      ________      ________      ________      ________
               -0.153        -0.376         0.408         1.025        -0.753


           MEANS/INTERCEPTS/THRESHOLDS
              V271$2        V271$3        V272$1        V272$2        V272$3
              ________      ________      ________      ________      ________
               -0.248         0.299        -1.042        -0.353         0.153


           MEANS/INTERCEPTS/THRESHOLDS
              V273$1        V273$2        V273$3
              ________      ________      ________
                0.221         0.996         1.450


           CORRELATION MATRIX (WITH VARIANCES ON THE DIAGONAL)
              V267          V268          V269          V271          V272
              ________      ________      ________      ________      ________
 V267
 V268           0.496
 V269           0.409         0.567
 V271           0.367         0.305         0.225
 V272           0.235         0.668         0.268         0.446
 V273           0.244         0.288         0.563         0.410         0.514


           CORRELATION MATRIX (WITH VARIANCES ON THE DIAGONAL)
              V273
              ________


     ESTIMATED SAMPLE STATISTICS FOR MM


           MEANS/INTERCEPTS/THRESHOLDS
              V267$1        V267$2        V267$3        V268$1        V268$2
              ________      ________      ________      ________      ________
               -0.519         0.241         0.852        -1.485        -0.791


           MEANS/INTERCEPTS/THRESHOLDS
              V268$3        V269$1        V269$2        V269$3        V271$1
              ________      ________      ________      ________      ________
                0.008        -0.425         0.490         1.411        -0.904


           MEANS/INTERCEPTS/THRESHOLDS
              V271$2        V271$3        V272$1        V272$2        V272$3
              ________      ________      ________      ________      ________
               -0.265         0.366        -1.039        -0.462         0.216


           MEANS/INTERCEPTS/THRESHOLDS
              V273$1        V273$2        V273$3
              ________      ________      ________
                0.088         0.939         1.632


           CORRELATION MATRIX (WITH VARIANCES ON THE DIAGONAL)
              V267          V268          V269          V271          V272
              ________      ________      ________      ________      ________
 V267
 V268           0.458
 V269           0.401         0.590
 V271           0.396         0.292         0.126
 V272           0.261         0.659         0.277         0.451
 V273           0.199         0.330         0.479         0.412         0.598


           CORRELATION MATRIX (WITH VARIANCES ON THE DIAGONAL)
              V273
              ________


THE MODEL ESTIMATION TERMINATED NORMALLY



MODEL FIT INFORMATION

Number of Free Parameters                       31

Chi-Square Test of Model Fit

          Value                            312.358*
          Degrees of Freedom                    35
          P-Value                           0.0000

Chi-Square Contribution From Each Group

          SM                               210.552
          MM                               101.806

*   The chi-square value for MLM, MLMV, MLR, ULSMV, WLSM and WLSMV cannot be used
    for chi-square difference testing in the regular way.  MLM, MLR and WLSM
    chi-square difference testing is described on the Mplus website.  MLMV, WLSMV,
    and ULSMV difference testing is done using the DIFFTEST option.

RMSEA (Root Mean Square Error Of Approximation)

          Estimate                           0.087
          90 Percent C.I.                    0.078  0.096
          Probability RMSEA <= .05           0.000

CFI/TLI

          CFI                                0.930
          TLI                                0.940

Chi-Square Test of Model Fit for the Baseline Model

          Value                           3989.734
          Degrees of Freedom                    30
          P-Value                           0.0000

WRMR (Weighted Root Mean Square Residual)

          Value                              3.225



MODEL RESULTS

                                                    Two-Tailed
                    Estimate       S.E.  Est./S.E.    P-Value

Group SM

 F1       BY
    V267               1.000      0.000    999.000    999.000
    V268               2.566      0.248     10.334      0.000
    V269               1.352      0.101     13.426      0.000
    V271               0.982      0.075     13.100      0.000
    V272               1.797      0.142     12.671      0.000
    V273               1.457      0.129     11.295      0.000

 Means
    F1                 0.000      0.000    999.000    999.000

 Thresholds
    V267$1            -0.451      0.035    -12.796      0.000
    V267$2             0.169      0.033      5.067      0.000
    V267$3             0.776      0.041     18.962      0.000
    V268$1            -2.592      0.158    -16.378      0.000
    V268$2            -1.508      0.105    -14.417      0.000
    V268$3            -0.196      0.057     -3.437      0.001
    V269$1            -0.478      0.039    -12.274      0.000
    V269$2             0.529      0.040     13.096      0.000
    V269$3             1.388      0.057     24.488      0.000
    V271$1            -0.887      0.045    -19.690      0.000
    V271$2            -0.281      0.036     -7.851      0.000
    V271$3             0.355      0.036      9.870      0.000
    V272$1            -1.486      0.067    -22.074      0.000
    V272$2            -0.547      0.048    -11.510      0.000
    V272$3             0.244      0.044      5.595      0.000
    V273$1             0.238      0.042      5.683      0.000
    V273$2             1.282      0.065     19.769      0.000
    V273$3             1.970      0.089     22.132      0.000

 Variances
    F1                 0.369      0.046      8.004      0.000

 Residual Variances
    V267               1.000      0.000    999.000    999.000
    V268               1.000      0.000    999.000    999.000
    V269               1.000      0.000    999.000    999.000
    V271               1.000      0.000    999.000    999.000
    V272               1.000      0.000    999.000    999.000
    V273               1.000      0.000    999.000    999.000

Group MM

 F1       BY
    V267               1.000      0.000    999.000    999.000
    V268               2.566      0.248     10.334      0.000
    V269               1.352      0.101     13.426      0.000
    V271               0.982      0.075     13.100      0.000
    V272               1.797      0.142     12.671      0.000
    V273               1.457      0.129     11.295      0.000

 Means
    F1                 0.000      0.000    999.000    999.000

 Thresholds
    V267$1            -0.451      0.035    -12.796      0.000
    V267$2             0.169      0.033      5.067      0.000
    V267$3             0.776      0.041     18.962      0.000
    V268$1            -2.592      0.158    -16.378      0.000
    V268$2            -1.508      0.105    -14.417      0.000
    V268$3            -0.196      0.057     -3.437      0.001
    V269$1            -0.478      0.039    -12.274      0.000
    V269$2             0.529      0.040     13.096      0.000
    V269$3             1.388      0.057     24.488      0.000
    V271$1            -0.887      0.045    -19.690      0.000
    V271$2            -0.281      0.036     -7.851      0.000
    V271$3             0.355      0.036      9.870      0.000
    V272$1            -1.486      0.067    -22.074      0.000
    V272$2            -0.547      0.048    -11.510      0.000
    V272$3             0.244      0.044      5.595      0.000
    V273$1             0.238      0.042      5.683      0.000
    V273$2             1.282      0.065     19.769      0.000
    V273$3             1.970      0.089     22.132      0.000

 Variances
    F1                 0.287      0.041      6.993      0.000

 Residual Variances
    V267               0.637      0.088      7.283      0.000
    V268               1.154      0.240      4.800      0.000
    V269               0.657      0.092      7.147      0.000
    V271               0.738      0.129      5.707      0.000
    V272               0.750      0.124      6.028      0.000
    V273               0.969      0.148      6.546      0.000


STANDARDIZED MODEL RESULTS


STDYX Standardization

                                                    Two-Tailed
                    Estimate       S.E.  Est./S.E.    P-Value

Group SM

 F1       BY
    V267               0.519      0.024     21.912      0.000
    V268               0.842      0.019     45.276      0.000
    V269               0.635      0.021     30.557      0.000
    V271               0.512      0.025     20.691      0.000
    V272               0.737      0.018     41.324      0.000
    V273               0.663      0.026     25.869      0.000

 Means
    F1                 0.000      0.000    999.000    999.000

 Thresholds
    V267$1            -0.386      0.029    -13.175      0.000
    V267$2             0.145      0.029      5.053      0.000
    V267$3             0.663      0.034     19.382      0.000
    V268$1            -1.400      0.046    -30.469      0.000
    V268$2            -0.815      0.034    -23.695      0.000
    V268$3            -0.106      0.029     -3.624      0.000
    V269$1            -0.370      0.029    -12.599      0.000
    V269$2             0.409      0.031     13.236      0.000
    V269$3             1.073      0.041     25.925      0.000
    V271$1            -0.762      0.037    -20.707      0.000
    V271$2            -0.242      0.030     -7.971      0.000
    V271$3             0.305      0.031      9.829      0.000
    V272$1            -1.004      0.038    -26.393      0.000
    V272$2            -0.370      0.030    -12.323      0.000
    V272$3             0.165      0.030      5.519      0.000
    V273$1             0.178      0.031      5.776      0.000
    V273$2             0.960      0.041     23.143      0.000
    V273$3             1.475      0.055     26.636      0.000

 Variances
    F1                 1.000      0.000    999.000    999.000

 Residual Variances
    V267               0.731      0.025     29.708      0.000
    V268               0.292      0.031      9.326      0.000
    V269               0.597      0.026     22.652      0.000
    V271               0.738      0.025     29.099      0.000
    V272               0.457      0.026     17.359      0.000
    V273               0.561      0.034     16.521      0.000

Group MM

 F1       BY
    V267               0.557      0.031     17.725      0.000
    V268               0.788      0.027     28.734      0.000
    V269               0.667      0.031     21.466      0.000
    V271               0.522      0.036     14.394      0.000
    V272               0.743      0.028     27.031      0.000
    V273               0.621      0.032     19.319      0.000

 Means
    F1                 0.000      0.000    999.000    999.000

 Thresholds
    V267$1            -0.469      0.039    -11.995      0.000
    V267$2             0.176      0.035      5.065      0.000
    V267$3             0.807      0.046     17.538      0.000
    V268$1            -1.486      0.075    -19.920      0.000
    V268$2            -0.864      0.048    -18.052      0.000
    V268$3            -0.112      0.031     -3.575      0.000
    V269$1            -0.440      0.038    -11.435      0.000
    V269$2             0.487      0.037     13.050      0.000
    V269$3             1.277      0.060     21.379      0.000
    V271$1            -0.880      0.055    -15.913      0.000
    V271$2            -0.279      0.036     -7.657      0.000
    V271$3             0.352      0.039      8.926      0.000
    V272$1            -1.148      0.060    -19.201      0.000
    V272$2            -0.423      0.038    -11.104      0.000
    V272$3             0.189      0.034      5.478      0.000
    V273$1             0.189      0.033      5.766      0.000
    V273$2             1.020      0.051     19.933      0.000
    V273$3             1.568      0.073     21.384      0.000

 Variances
    F1                 1.000      0.000    999.000    999.000

 Residual Variances
    V267               0.689      0.035     19.675      0.000
    V268               0.379      0.043      8.776      0.000
    V269               0.556      0.041     13.426      0.000
    V271               0.727      0.038     19.190      0.000
    V272               0.447      0.041     10.934      0.000
    V273               0.614      0.040     15.366      0.000


R-SQUARE

Group SM

    Observed                                        Two-Tailed     Scale
    Variable        Estimate       S.E.  Est./S.E.    P-Value     Factors

    V267               0.269      0.025     10.956      0.000      0.855
    V268               0.708      0.031     22.638      0.000      0.540
    V269               0.403      0.026     15.279      0.000      0.773
    V271               0.262      0.025     10.346      0.000      0.859
    V272               0.543      0.026     20.662      0.000      0.676
    V273               0.439      0.034     12.935      0.000      0.749

Group MM

    Observed                                        Two-Tailed     Scale
    Variable        Estimate       S.E.  Est./S.E.    P-Value     Factors

    V267               0.311      0.035      8.863      0.000      1.040
    V268               0.621      0.043     14.367      0.000      0.573
    V269               0.444      0.041     10.733      0.000      0.920
    V271               0.273      0.038      7.197      0.000      0.993
    V272               0.553      0.041     13.516      0.000      0.772
    V273               0.386      0.040      9.660      0.000      0.796


QUALITY OF NUMERICAL RESULTS

     Condition Number for the Information Matrix              0.100E-02
       (ratio of smallest to largest eigenvalue)


MODEL MODIFICATION INDICES

NOTE:  Modification indices for direct effects of observed dependent variables
regressed on covariates and residual covariances among observed dependent
variables may not be included.  To include these, request MODINDICES (ALL).

Minimum M.I. value for printing the modification index    10.000

                                   M.I.     E.P.C.  Std E.P.C.  StdYX E.P.C.
Group SM


WITH Statements

V271     WITH V267                13.292     0.170      0.170        0.170
V271     WITH V268                19.540    -0.393     -0.393       -0.393
V271     WITH V269                10.723    -0.188     -0.188       -0.188
V272     WITH V267                24.340    -0.340     -0.340       -0.340
V272     WITH V268                19.129     0.433      0.433        0.433
V272     WITH V269                51.329    -0.552     -0.552       -0.552
V273     WITH V268                69.275    -0.983     -0.983       -0.983
V273     WITH V269                45.702     0.400      0.400        0.400

Group MM


No modification indices above the minimum value.



SAVEDATA INFORMATION


  Difference testing

  Save file
    v267_scalar.dat
  Save format      Free

DIAGRAM INFORMATION

  Use View Diagram under the Diagram menu in the Mplus Editor to view the diagram.
  If running Mplus from the Mplus Diagrammer, the diagram opens automatically.

  Diagram output
    c:\users\msassac6\dropbox (the university of manchester)\papers\joe s\evs_mm_de_equivalence\mplus\eq\inv_data3_v267_

     Beginning Time:  08:28:16
        Ending Time:  08:28:17
       Elapsed Time:  00:00:01



MUTHEN & MUTHEN
3463 Stoner Ave.
Los Angeles, CA  90066

Tel: (310) 391-9971
Fax: (310) 391-8971
Web: www.StatModel.com
Support: Support@StatModel.com

Copyright (c) 1998-2017 Muthen & Muthen
