Mplus VERSION 8
MUTHEN & MUTHEN
07/06/2020   1:52 PM

INPUT INSTRUCTIONS

  TITLE: Your title goes here

   DATA: FILE = eq/data.dta;

   VARIABLE:

   NAMES = id_cocas weight comp_mode comp_len mode mm_matrix_group wei_mmf v2 v3 v4 v32
       v33 v34 v35 v36 v37 v46 v47 v48 v49 v50 v65 v66 v67 v68 v69 v70 v82 v83 v84 v98
       v99 v100 v101 v103 v104 v105 v106 v107 v115 v116 v117 v118 v119 v120 v121 v122
       v123 v124 v125 v126 v127 v128 v129 v130 v131 v132 v133 v134 v135 v136 v137 v138
       v139 v140 v141 v145 v146 v147 v148 v149 v150 v151 v152 v153 v154 v155 v156 v157
       v158 v159 v160 v161 v162 v163 v164 v165 v166 v167 v176 v177 v178 v179 v180 v181
       v182 v183 v185 v186 v187 v188 v189 v191 v192 v193 v194 v195 v196 v197 v199 v200
       v201 v202 v203 v205 v206 v207 v208 v209 v210 v211 v212 v213 v214 v215 v216 v217
       v218 v220 v221 v222 v223 v224 v267 v268 v269 v271 v272 v273;

   MISSING=.;

   USEVARIABLES ARE
   v145
   v146
   v147
   v148;

   CATEGORICAL ARE
   v145
   v146
   v147
   v148;

   GROUPING IS comp_len (0=full 1=short);


   Analysis:

                  ESTIMATOR = WLSMV;

                  ITERATIONS = 100000;

                  PARAMETERIZATION = THETA;

  Model:


  f1 BY v145@1
  v146 (L2)
  v147 (L3)
  v148 (L4)
  ;


  [v145$1] (t_v145_1);
  [v145$2] (t_v145_2);
  [v145$3] (t_v145_3);

   [f1@0];
  [v146$1] (t_v146_1);
  [v146$2] (t_v146_2);
  [v146$3] (t_v146_3);

   [f1@0];
  [v147$1] (t_v147_1);
  [v147$2] (t_v147_2);
  [v147$3] (t_v147_3);

   [f1@0];
  [v148$1] (t_v148_1);
  [v148$2] (t_v148_2);
  [v148$3] (t_v148_3);

   [f1@0];

  Model short:

  f1 BY v145@1
  v146 (L2)
  v147 (L3)
  v148 (L4)
  ;


  [v145$1] (t_v145_1);
  [v145$2] (t_v145_2);
  [v145$3] (t_v145_3);

   [f1@0];
  [v146$1] (t_v146_1);
  [v146$2] (t_v146_2);
  [v146$3] (t_v146_3);

   [f1@0];
  [v147$1] (t_v147_1);
  [v147$2] (t_v147_2);
  [v147$3] (t_v147_3);

   [f1@0];
  [v148$1] (t_v148_1);
  [v148$2] (t_v148_2);
  [v148$3] (t_v148_3);

   [f1@0];

   SAVEDATA: DIFFTEST IS v145_scalar.dat;

   OUTPUT: SAMPSTAT;

                                  MODINDICES;

                                  STDYX;




*** WARNING
  Data set contains unknown or missing values for GROUPING,
  PATTERN, COHORT, CLUSTER and/or STRATIFICATION variables.
  Number of cases with unknown or missing values:  1494
*** WARNING
  Data set contains cases with missing on all variables.
  These cases were not included in the analysis.
  Number of cases with missing on all variables:  1753
   2 WARNING(S) FOUND IN THE INPUT INSTRUCTIONS



Your title goes here

SUMMARY OF ANALYSIS

Number of groups                                                 2
Number of observations
   Group FULL                                                  646
   Group SHORT                                                1523
   Total sample size                                          2169

Number of dependent variables                                    4
Number of independent variables                                  0
Number of continuous latent variables                            1

Observed dependent variables

  Binary and ordered categorical (ordinal)
   V145        V146        V147        V148

Continuous latent variables
   F1

Variables with special functions

  Grouping variable     COMP_LEN

Estimator                                                    WLSMV
Maximum number of iterations                                100000
Convergence criterion                                    0.500D-04
Maximum number of steepest descent iterations                   20
Maximum number of iterations for H1                           2000
Convergence criterion for H1                             0.100D-03
Parameterization                                             THETA
Link                                                        PROBIT

Input data file(s)
  eq/data.dta

Input data format  FREE


SUMMARY OF DATA

   Group FULL
     Number of missing data patterns            14

   Group SHORT
     Number of missing data patterns            15


COVARIANCE COVERAGE OF DATA

Minimum covariance coverage value   0.100


     PROPORTION OF DATA PRESENT FOR FULL


           Covariance Coverage
              V145          V146          V147          V148
              ________      ________      ________      ________
 V145           0.879
 V146           0.799         0.873
 V147           0.864         0.850         0.964
 V148           0.842         0.828         0.926         0.950


     PROPORTION OF DATA PRESENT FOR SHORT


           Covariance Coverage
              V145          V146          V147          V148
              ________      ________      ________      ________
 V145           0.898
 V146           0.820         0.883
 V147           0.882         0.868         0.967
 V148           0.871         0.854         0.936         0.957


UNIVARIATE PROPORTIONS AND COUNTS FOR CATEGORICAL VARIABLES

  Group FULL
    V145
      Category 1    0.044           25.000
      Category 2    0.160           91.000
      Category 3    0.241          137.000
      Category 4    0.555          315.000
    V146
      Category 1    0.074           42.000
      Category 2    0.362          204.000
      Category 3    0.340          192.000
      Category 4    0.223          126.000
    V147
      Category 1    0.006            4.000
      Category 2    0.005            3.000
      Category 3    0.148           92.000
      Category 4    0.841          524.000
    V148
      Category 1    0.700          430.000
      Category 2    0.285          175.000
      Category 3    0.008            5.000
      Category 4    0.007            4.000

  Group SHORT
    V145
      Category 1    0.052           71.000
      Category 2    0.155          212.000
      Category 3    0.201          275.000
      Category 4    0.592          810.000
    V146
      Category 1    0.068           92.000
      Category 2    0.320          430.000
      Category 3    0.366          492.000
      Category 4    0.246          331.000
    V147
      Category 1    0.002            3.000
      Category 2    0.015           22.000
      Category 3    0.115          169.000
      Category 4    0.868         1279.000
    V148
      Category 1    0.701         1022.000
      Category 2    0.277          404.000
      Category 3    0.016           23.000
      Category 4    0.006            9.000


SAMPLE STATISTICS


     ESTIMATED SAMPLE STATISTICS FOR FULL


           MEANS/INTERCEPTS/THRESHOLDS
              V145$1        V145$2        V145$3        V146$1        V146$2
              ________      ________      ________      ________      ________
               -1.706        -0.827        -0.137        -1.443        -0.161


           MEANS/INTERCEPTS/THRESHOLDS
              V146$3        V147$1        V147$2        V147$3        V148$1
              ________      ________      ________      ________      ________
                0.761        -2.488        -2.282        -0.999         0.525


           MEANS/INTERCEPTS/THRESHOLDS
              V148$2        V148$3
              ________      ________
                2.179         2.483


           CORRELATION MATRIX (WITH VARIANCES ON THE DIAGONAL)
              V145          V146          V147          V148
              ________      ________      ________      ________
 V145
 V146           0.378
 V147           0.578         0.421
 V148          -0.389        -0.191        -0.374


     ESTIMATED SAMPLE STATISTICS FOR SHORT


           MEANS/INTERCEPTS/THRESHOLDS
              V145$1        V145$2        V145$3        V146$1        V146$2
              ________      ________      ________      ________      ________
               -1.627        -0.817        -0.233        -1.488        -0.284


           MEANS/INTERCEPTS/THRESHOLDS
              V146$3        V147$1        V147$2        V147$3        V148$1
              ________      ________      ________      ________      ________
                0.687        -2.872        -2.121        -1.118         0.527


           MEANS/INTERCEPTS/THRESHOLDS
              V148$2        V148$3
              ________      ________
                2.015         2.502


           CORRELATION MATRIX (WITH VARIANCES ON THE DIAGONAL)
              V145          V146          V147          V148
              ________      ________      ________      ________
 V145
 V146           0.350
 V147           0.560         0.285
 V148          -0.461        -0.237        -0.451


THE MODEL ESTIMATION TERMINATED NORMALLY



MODEL FIT INFORMATION

Number of Free Parameters                       21

Chi-Square Test of Model Fit

          Value                             26.839*
          Degrees of Freedom                    15
          P-Value                           0.0301

Chi-Square Contribution From Each Group

          FULL                              18.358
          SHORT                              8.481

*   The chi-square value for MLM, MLMV, MLR, ULSMV, WLSM and WLSMV cannot be used
    for chi-square difference testing in the regular way.  MLM, MLR and WLSM
    chi-square difference testing is described on the Mplus website.  MLMV, WLSMV,
    and ULSMV difference testing is done using the DIFFTEST option.

RMSEA (Root Mean Square Error Of Approximation)

          Estimate                           0.027
          90 Percent C.I.                    0.008  0.043
          Probability RMSEA <= .05           0.992

CFI/TLI

          CFI                                0.989
          TLI                                0.991

Chi-Square Test of Model Fit for the Baseline Model

          Value                           1076.573
          Degrees of Freedom                    12
          P-Value                           0.0000

WRMR (Weighted Root Mean Square Residual)

          Value                              1.133



MODEL RESULTS

                                                    Two-Tailed
                    Estimate       S.E.  Est./S.E.    P-Value

Group FULL

 F1       BY
    V145               1.000      0.000    999.000    999.000
    V146               0.390      0.065      6.042      0.000
    V147               0.801      0.152      5.272      0.000
    V148              -0.510      0.090     -5.666      0.000

 Means
    F1                 0.000      0.000    999.000    999.000

 Thresholds
    V145$1            -2.724      0.290     -9.400      0.000
    V145$2            -1.354      0.151     -8.996      0.000
    V145$3            -0.337      0.060     -5.646      0.000
    V146$1            -1.669      0.078    -21.326      0.000
    V146$2            -0.280      0.034     -8.123      0.000
    V146$3             0.802      0.046     17.414      0.000
    V147$1            -3.789      0.319    -11.876      0.000
    V147$2            -3.024      0.252    -11.986      0.000
    V147$3            -1.520      0.127    -11.979      0.000
    V148$1             0.627      0.051     12.231      0.000
    V148$2             2.444      0.169     14.476      0.000
    V148$3             2.972      0.212     14.020      0.000

 Variances
    F1                 1.674      0.476      3.516      0.000

 Residual Variances
    V145               1.000      0.000    999.000    999.000
    V146               1.000      0.000    999.000    999.000
    V147               1.000      0.000    999.000    999.000
    V148               1.000      0.000    999.000    999.000

Group SHORT

 F1       BY
    V145               1.000      0.000    999.000    999.000
    V146               0.390      0.065      6.042      0.000
    V147               0.801      0.152      5.272      0.000
    V148              -0.510      0.090     -5.666      0.000

 Means
    F1                 0.000      0.000    999.000    999.000

 Thresholds
    V145$1            -2.724      0.290     -9.400      0.000
    V145$2            -1.354      0.151     -8.996      0.000
    V145$3            -0.337      0.060     -5.646      0.000
    V146$1            -1.669      0.078    -21.326      0.000
    V146$2            -0.280      0.034     -8.123      0.000
    V146$3             0.802      0.046     17.414      0.000
    V147$1            -3.789      0.319    -11.876      0.000
    V147$2            -3.024      0.252    -11.986      0.000
    V147$3            -1.520      0.127    -11.979      0.000
    V148$1             0.627      0.051     12.231      0.000
    V148$2             2.444      0.169     14.476      0.000
    V148$3             2.972      0.212     14.020      0.000

 Variances
    F1                 1.686      0.449      3.750      0.000

 Residual Variances
    V145               1.066      0.254      4.188      0.000
    V146               1.038      0.108      9.628      0.000
    V147               0.851      0.160      5.318      0.000
    V148               0.971      0.150      6.472      0.000


STANDARDIZED MODEL RESULTS


STDYX Standardization

                                                    Two-Tailed
                    Estimate       S.E.  Est./S.E.    P-Value

Group FULL

 F1       BY
    V145               0.791      0.042     18.799      0.000
    V146               0.451      0.034     13.315      0.000
    V147               0.720      0.042     17.049      0.000
    V148              -0.551      0.039    -14.006      0.000

 Means
    F1                 0.000      0.000    999.000    999.000

 Thresholds
    V145$1            -1.666      0.087    -19.169      0.000
    V145$2            -0.828      0.048    -17.395      0.000
    V145$3            -0.206      0.030     -6.854      0.000
    V146$1            -1.490      0.064    -23.454      0.000
    V146$2            -0.250      0.030     -8.224      0.000
    V146$3             0.716      0.039     18.447      0.000
    V147$1            -2.631      0.153    -17.187      0.000
    V147$2            -2.100      0.109    -19.352      0.000
    V147$3            -1.055      0.052    -20.472      0.000
    V148$1             0.523      0.036     14.482      0.000
    V148$2             2.040      0.112     18.224      0.000
    V148$3             2.481      0.145     17.056      0.000

 Variances
    F1                 1.000      0.000    999.000    999.000

 Residual Variances
    V145               0.374      0.067      5.616      0.000
    V146               0.797      0.031     26.099      0.000
    V147               0.482      0.061      7.939      0.000
    V148               0.697      0.043     16.087      0.000

Group SHORT

 F1       BY
    V145               0.783      0.032     24.711      0.000
    V146               0.445      0.029     15.382      0.000
    V147               0.748      0.036     20.806      0.000
    V148              -0.558      0.031    -17.991      0.000

 Means
    F1                 0.000      0.000    999.000    999.000

 Thresholds
    V145$1            -1.642      0.055    -29.956      0.000
    V145$2            -0.817      0.035    -23.247      0.000
    V145$3            -0.203      0.029     -7.045      0.000
    V146$1            -1.467      0.048    -30.801      0.000
    V146$2            -0.246      0.029     -8.448      0.000
    V146$3             0.705      0.033     21.559      0.000
    V147$1            -2.726      0.137    -19.852      0.000
    V147$2            -2.175      0.076    -28.739      0.000
    V147$3            -1.093      0.039    -28.331      0.000
    V148$1             0.528      0.030     17.355      0.000
    V148$2             2.058      0.070     29.426      0.000
    V148$3             2.503      0.105     23.759      0.000

 Variances
    F1                 1.000      0.000    999.000    999.000

 Residual Variances
    V145               0.387      0.050      7.812      0.000
    V146               0.802      0.026     31.085      0.000
    V147               0.440      0.054      8.186      0.000
    V148               0.689      0.035     19.930      0.000


R-SQUARE

Group FULL

    Observed                                        Two-Tailed     Scale
    Variable        Estimate       S.E.  Est./S.E.    P-Value     Factors

    V145               0.626      0.067      9.399      0.000      0.612
    V146               0.203      0.031      6.658      0.000      0.893
    V147               0.518      0.061      8.525      0.000      0.694
    V148               0.303      0.043      7.003      0.000      0.835

Group SHORT

    Observed                                        Two-Tailed     Scale
    Variable        Estimate       S.E.  Est./S.E.    P-Value     Factors

    V145               0.613      0.050     12.356      0.000      0.603
    V146               0.198      0.026      7.691      0.000      0.879
    V147               0.560      0.054     10.403      0.000      0.719
    V148               0.311      0.035      8.995      0.000      0.842


QUALITY OF NUMERICAL RESULTS

     Condition Number for the Information Matrix              0.725E-03
       (ratio of smallest to largest eigenvalue)


MODEL MODIFICATION INDICES

NOTE:  Modification indices for direct effects of observed dependent variables
regressed on covariates and residual covariances among observed dependent
variables may not be included.  To include these, request MODINDICES (ALL).

Minimum M.I. value for printing the modification index    10.000

                                   M.I.     E.P.C.  Std E.P.C.  StdYX E.P.C.
Group FULL


No modification indices above the minimum value.

Group SHORT


No modification indices above the minimum value.



SAVEDATA INFORMATION


  Difference testing

  Save file
    v145_scalar.dat
  Save format      Free

DIAGRAM INFORMATION

  Use View Diagram under the Diagram menu in the Mplus Editor to view the diagram.
  If running Mplus from the Mplus Diagrammer, the diagram opens automatically.

  Diagram output
    c:\users\msassac6\dropbox (the university of manchester)\papers\joe s\evs_mm_de_equivalence\mplus\eq\inv_data3_v145_

     Beginning Time:  13:52:28
        Ending Time:  13:52:28
       Elapsed Time:  00:00:00



MUTHEN & MUTHEN
3463 Stoner Ave.
Los Angeles, CA  90066

Tel: (310) 391-9971
Fax: (310) 391-8971
Web: www.StatModel.com
Support: Support@StatModel.com

Copyright (c) 1998-2017 Muthen & Muthen
