Mplus VERSION 8
MUTHEN & MUTHEN
07/13/2020   8:29 AM

INPUT INSTRUCTIONS

  TITLE: Your title goes here

   DATA: FILE = eq/data.dta;

   VARIABLE:

   NAMES = id_cocas weight comp_mode comp_len mode mm_matrix_group wei_mmf v2 v3 v4 v32
       v33 v34 v35 v36 v37 v46 v47 v48 v49 v50 v65 v66 v67 v68 v69 v70 v82 v83 v84 v98
       v99 v100 v101 v103 v104 v105 v106 v107 v115 v116 v117 v118 v119 v120 v121 v122
       v123 v124 v125 v126 v127 v128 v129 v130 v131 v132 v133 v134 v135 v136 v137 v138
       v139 v140 v141 v145 v146 v147 v148 v149 v150 v151 v152 v153 v154 v155 v156 v157
       v158 v159 v160 v161 v162 v163 v164 v165 v166 v167 v176 v177 v178 v179 v180 v181
       v182 v183 v185 v186 v187 v188 v189 v191 v192 v193 v194 v195 v196 v197 v199 v200
       v201 v202 v203 v205 v206 v207 v208 v209 v210 v211 v212 v213 v214 v215 v216 v217
       v218 v220 v221 v222 v223 v224 v267 v268 v269 v271 v272 v273;

   MISSING=.;

   USEVARIABLES ARE
   v194
   v195
   v196
   v197;

   CATEGORICAL ARE
   v194
   v195
   v196
   v197;

   GROUPING IS comp_mode (0=sm 1=mm);

  WEIGHT IS weight;

   Analysis:

                  ESTIMATOR = WLSMV;

                  ITERATIONS = 100000;

                  PARAMETERIZATION = THETA;

  Model:


  f1 BY v194@1
  v195 (L2_sm)
  v196 (L3_sm)
  v197 (L4_sm)
  ;


   [f1@0];
  [v194$1] (t_v194_1);
  [v194$2] (t_v194_2);
  [v194$3] (t_v194_3);

  [v195$1] (t_v195_1);
  [v195$2] (t_v195_2_sm);
  [v195$3] (t_v195_3_sm);

  [v196$1] (t_v196_1);
  [v196$2] (t_v196_2_sm);
  [v196$3] (t_v196_3_sm);

  [v197$1] (t_v197_1);
  [v197$2] (t_v197_2_sm);
  [v197$3] (t_v197_3_sm);


  Model mm:

  f1 BY v194@1
  v195 (L2_mm)
  v196 (L3_mm)
  v197 (L4_mm)
  ;


   [f1@0];
  [v194$1] (t_v194_1);
  [v194$2] (t_v194_2);
  [v194$3] (t_v194_3);

  [v195$1] (t_v195_1);
  [v195$2] (t_v195_2_mm);
  [v195$3] (t_v195_3_mm);

  [v196$1] (t_v196_1);
  [v196$2] (t_v196_2_mm);
  [v196$3] (t_v196_3_mm);

  [v197$1] (t_v197_1);
  [v197$2] (t_v197_2_mm);
  [v197$3] (t_v197_3_mm);


   SAVEDATA: DIFFTEST IS v194_config.dat;

   OUTPUT: SAMPSTAT;

                                  MODINDICES;

                                  STDYX;




*** WARNING
  Data set contains unknown or missing values for GROUPING,
  PATTERN, COHORT, CLUSTER and/or STRATIFICATION variables.
  Number of cases with unknown or missing values:  3244
*** WARNING
  Data set contains cases with missing on all variables.
  These cases were not included in the analysis.
  Number of cases with missing on all variables:  36
   2 WARNING(S) FOUND IN THE INPUT INSTRUCTIONS



Your title goes here

SUMMARY OF ANALYSIS

Number of groups                                                 2
Number of observations
   Group SM                                                   1473
   Group MM                                                    663
   Total sample size                                          2136

Number of dependent variables                                    4
Number of independent variables                                  0
Number of continuous latent variables                            1

Observed dependent variables

  Binary and ordered categorical (ordinal)
   V194        V195        V196        V197

Continuous latent variables
   F1

Variables with special functions

  Grouping variable     COMP_MOD
  Weight variable       WEIGHT

Estimator                                                    WLSMV
Maximum number of iterations                                100000
Convergence criterion                                    0.500D-04
Maximum number of steepest descent iterations                   20
Maximum number of iterations for H1                           2000
Convergence criterion for H1                             0.100D-03
Parameterization                                             THETA
Link                                                        PROBIT

Input data file(s)
  eq/data.dta

Input data format  FREE


SUMMARY OF DATA

   Group SM
     Number of missing data patterns            10

   Group MM
     Number of missing data patterns            12


COVARIANCE COVERAGE OF DATA

Minimum covariance coverage value   0.100


     PROPORTION OF DATA PRESENT FOR SM


           Covariance Coverage
              V194          V195          V196          V197
              ________      ________      ________      ________
 V194           0.996
 V195           0.989         0.991
 V196           0.987         0.984         0.990
 V197           0.980         0.977         0.976         0.983


     PROPORTION OF DATA PRESENT FOR MM


           Covariance Coverage
              V194          V195          V196          V197
              ________      ________      ________      ________
 V194           0.974
 V195           0.952         0.955
 V196           0.944         0.931         0.955
 V197           0.940         0.922         0.926         0.962


UNIVARIATE PROPORTIONS AND COUNTS FOR CATEGORICAL VARIABLES

  Group SM
    V194
      Category 1    0.132          193.098
      Category 2    0.311          454.950
      Category 3    0.414          606.743
      Category 4    0.144          210.395
    V195
      Category 1    0.060           87.653
      Category 2    0.235          341.855
      Category 3    0.534          778.170
      Category 4    0.172          250.043
    V196
      Category 1    0.047           68.638
      Category 2    0.143          209.265
      Category 3    0.504          737.039
      Category 4    0.305          446.348
    V197
      Category 1    0.203          293.151
      Category 2    0.535          772.838
      Category 3    0.212          306.037
      Category 4    0.050           72.584

  Group MM
    V194
      Category 1    0.203          130.068
      Category 2    0.310          198.533
      Category 3    0.383          245.201
      Category 4    0.104           66.308
    V195
      Category 1    0.124           77.721
      Category 2    0.235          146.944
      Category 3    0.486          303.699
      Category 4    0.154           96.252
    V196
      Category 1    0.082           51.410
      Category 2    0.134           83.811
      Category 3    0.466          291.331
      Category 4    0.318          198.870
    V197
      Category 1    0.318          200.613
      Category 2    0.502          317.013
      Category 3    0.124           78.102
      Category 4    0.057           35.809


SAMPLE STATISTICS


     ESTIMATED SAMPLE STATISTICS FOR SM


           MEANS/INTERCEPTS/THRESHOLDS
              V194$1        V194$2        V194$3        V195$1        V195$2
              ________      ________      ________      ________      ________
               -1.118        -0.145         1.064        -1.554        -0.540


           MEANS/INTERCEPTS/THRESHOLDS
              V195$3        V196$1        V196$2        V196$3        V197$1
              ________      ________      ________      ________      ________
                0.948        -1.675        -0.877         0.509        -0.831


           MEANS/INTERCEPTS/THRESHOLDS
              V197$2        V197$3
              ________      ________
                0.637         1.642


           CORRELATION MATRIX (WITH VARIANCES ON THE DIAGONAL)
              V194          V195          V196          V197
              ________      ________      ________      ________
 V194
 V195           0.811
 V196           0.467         0.521
 V197           0.204         0.192         0.244


     ESTIMATED SAMPLE STATISTICS FOR MM


           MEANS/INTERCEPTS/THRESHOLDS
              V194$1        V194$2        V194$3        V195$1        V195$2
              ________      ________      ________      ________      ________
               -0.830         0.033         1.261        -1.153        -0.359


           MEANS/INTERCEPTS/THRESHOLDS
              V195$3        V196$1        V196$2        V196$3        V197$1
              ________      ________      ________      ________      ________
                1.019        -1.390        -0.785         0.473        -0.474


           MEANS/INTERCEPTS/THRESHOLDS
              V197$2        V197$3
              ________      ________
                0.914         1.583


           CORRELATION MATRIX (WITH VARIANCES ON THE DIAGONAL)
              V194          V195          V196          V197
              ________      ________      ________      ________
 V194
 V195           0.832
 V196           0.466         0.548
 V197           0.255         0.260         0.362


THE MODEL ESTIMATION TERMINATED NORMALLY



MODEL FIT INFORMATION

Number of Free Parameters                       30

Chi-Square Test of Model Fit

          Value                             70.360*
          Degrees of Freedom                     6
          P-Value                           0.0000

Chi-Square Contribution From Each Group

          SM                                26.583
          MM                                43.777

*   The chi-square value for MLM, MLMV, MLR, ULSMV, WLSM and WLSMV cannot be used
    for chi-square difference testing in the regular way.  MLM, MLR and WLSM
    chi-square difference testing is described on the Mplus website.  MLMV, WLSMV,
    and ULSMV difference testing is done using the DIFFTEST option.

RMSEA (Root Mean Square Error Of Approximation)

          Estimate                           0.100
          90 Percent C.I.                    0.080  0.122
          Probability RMSEA <= .05           0.000

CFI/TLI

          CFI                                0.993
          TLI                                0.986

Chi-Square Test of Model Fit for the Baseline Model

          Value                           9319.593
          Degrees of Freedom                    12
          P-Value                           0.0000

WRMR (Weighted Root Mean Square Residual)

          Value                              1.795



MODEL RESULTS

                                                    Two-Tailed
                    Estimate       S.E.  Est./S.E.    P-Value

Group SM

 F1       BY
    V194               1.000      0.000    999.000    999.000
    V195               1.532      0.286      5.350      0.000
    V196               0.391      0.030     13.082      0.000
    V197               0.152      0.021      7.290      0.000

 Means
    F1                 0.000      0.000    999.000    999.000

 Thresholds
    V194$1            -2.093      0.116    -18.038      0.000
    V194$2            -0.194      0.060     -3.246      0.001
    V194$3             2.262      0.127     17.868      0.000
    V195$1            -4.384      0.478     -9.171      0.000
    V195$2            -1.524      0.196     -7.772      0.000
    V195$3             2.676      0.305      8.774      0.000
    V196$1            -2.020      0.072    -28.080      0.000
    V196$2            -1.058      0.049    -21.555      0.000
    V196$3             0.613      0.044     14.007      0.000
    V197$1            -0.859      0.040    -21.498      0.000
    V197$2             0.658      0.040     16.490      0.000
    V197$3             1.698      0.066     25.814      0.000

 Variances
    F1                 2.968      0.417      7.123      0.000

 Residual Variances
    V194               1.000      0.000    999.000    999.000
    V195               1.000      0.000    999.000    999.000
    V196               1.000      0.000    999.000    999.000
    V197               1.000      0.000    999.000    999.000

Group MM

 F1       BY
    V194               1.000      0.000    999.000    999.000
    V195               2.013      0.348      5.791      0.000
    V196               0.464      0.053      8.804      0.000
    V197               0.340      0.067      5.055      0.000

 Means
    F1                 0.000      0.000    999.000    999.000

 Thresholds
    V194$1            -2.093      0.116    -18.038      0.000
    V194$2            -0.194      0.060     -3.246      0.001
    V194$3             2.262      0.127     17.868      0.000
    V195$1            -4.384      0.478     -9.171      0.000
    V195$2            -1.365      0.239     -5.702      0.000
    V195$3             3.870      0.575      6.728      0.000
    V196$1            -2.020      0.072    -28.080      0.000
    V196$2            -1.140      0.084    -13.564      0.000
    V196$3             0.688      0.106      6.487      0.000
    V197$1            -0.859      0.040    -21.498      0.000
    V197$2             1.655      0.274      6.041      0.000
    V197$3             2.868      0.435      6.585      0.000

 Variances
    F1                 3.290      0.495      6.640      0.000

 Residual Variances
    V194               1.138      0.188      6.046      0.000
    V195               1.104      0.619      1.783      0.075
    V196               1.403      0.194      7.235      0.000
    V197               2.898      0.748      3.877      0.000


STANDARDIZED MODEL RESULTS


STDYX Standardization

                                                    Two-Tailed
                    Estimate       S.E.  Est./S.E.    P-Value

Group SM

 F1       BY
    V194               0.865      0.015     56.535      0.000
    V195               0.935      0.015     62.168      0.000
    V196               0.559      0.021     26.035      0.000
    V197               0.253      0.029      8.651      0.000

 Means
    F1                 0.000      0.000    999.000    999.000

 Thresholds
    V194$1            -1.050      0.040    -26.201      0.000
    V194$2            -0.098      0.030     -3.270      0.001
    V194$3             1.135      0.041     27.748      0.000
    V195$1            -1.553      0.056    -27.619      0.000
    V195$2            -0.540      0.037    -14.671      0.000
    V195$3             0.948      0.042     22.687      0.000
    V196$1            -1.675      0.061    -27.550      0.000
    V196$2            -0.877      0.040    -21.853      0.000
    V196$3             0.509      0.037     13.850      0.000
    V197$1            -0.831      0.039    -21.446      0.000
    V197$2             0.637      0.039     16.474      0.000
    V197$3             1.642      0.065     25.428      0.000

 Variances
    F1                 1.000      0.000    999.000    999.000

 Residual Variances
    V194               0.252      0.026      9.523      0.000
    V195               0.126      0.028      4.461      0.000
    V196               0.688      0.024     28.681      0.000
    V197               0.936      0.015     63.063      0.000

Group MM

 F1       BY
    V194               0.862      0.021     40.692      0.000
    V195               0.961      0.021     45.846      0.000
    V196               0.579      0.034     17.023      0.000
    V197               0.340      0.044      7.810      0.000

 Means
    F1                 0.000      0.000    999.000    999.000

 Thresholds
    V194$1            -0.995      0.050    -19.811      0.000
    V194$2            -0.092      0.029     -3.229      0.001
    V194$3             1.075      0.053     20.133      0.000
    V195$1            -1.154      0.079    -14.549      0.000
    V195$2            -0.359      0.058     -6.181      0.000
    V195$3             1.018      0.064     15.893      0.000
    V196$1            -1.390      0.089    -15.572      0.000
    V196$2            -0.785      0.064    -12.361      0.000
    V196$3             0.473      0.058      8.221      0.000
    V197$1            -0.475      0.058     -8.199      0.000
    V197$2             0.914      0.065     14.166      0.000
    V197$3             1.584      0.094     16.860      0.000

 Variances
    F1                 1.000      0.000    999.000    999.000

 Residual Variances
    V194               0.257      0.037      7.037      0.000
    V195               0.076      0.040      1.897      0.058
    V196               0.665      0.039     16.890      0.000
    V197               0.884      0.030     29.795      0.000


R-SQUARE

Group SM

    Observed                                        Two-Tailed     Scale
    Variable        Estimate       S.E.  Est./S.E.    P-Value     Factors

    V194               0.748      0.026     28.268      0.000      0.502
    V195               0.874      0.028     31.084      0.000      0.354
    V196               0.312      0.024     13.018      0.000      0.829
    V197               0.064      0.015      4.325      0.000      0.967

Group MM

    Observed                                        Two-Tailed     Scale
    Variable        Estimate       S.E.  Est./S.E.    P-Value     Factors

    V194               0.743      0.037     20.346      0.000      0.475
    V195               0.924      0.040     22.923      0.000      0.263
    V196               0.335      0.039      8.512      0.000      0.688
    V197               0.116      0.030      3.905      0.000      0.552


QUALITY OF NUMERICAL RESULTS

     Condition Number for the Information Matrix              0.735E-04
       (ratio of smallest to largest eigenvalue)


MODEL MODIFICATION INDICES

NOTE:  Modification indices for direct effects of observed dependent variables
regressed on covariates and residual covariances among observed dependent
variables may not be included.  To include these, request MODINDICES (ALL).

Minimum M.I. value for printing the modification index    10.000

                                   M.I.     E.P.C.  Std E.P.C.  StdYX E.P.C.
Group SM


BY Statements

F1       BY V194                 999.000     0.000      0.000        0.000

WITH Statements

V195     WITH V194                16.731     3.912      3.912        3.912
V197     WITH V196                17.207     0.154      0.154        0.154

Variances/Residual Variances

V194                             999.000     0.000      0.000        0.000

Means/Intercepts/Thresholds

[ V194     ]                      16.629     0.252      0.252        0.126
[ F1       ]                      16.676     0.252      0.146        0.146
[ V194$1   ]                      11.102    -0.134     -0.134       -0.067
[ V194$3   ]                      13.803    -0.142     -0.142       -0.071

Group MM


BY Statements

F1       BY V194                 999.000     0.000      0.000        0.000

ON/BY Statements

F1       ON F1       /
F1       BY F1                   999.000     0.000      0.000        0.000

Means/Intercepts/Thresholds

[ V194     ]                      16.647    -0.252     -0.252       -0.120
[ F1       ]                      16.716    -0.252     -0.139       -0.139
[ V194$1   ]                      11.099     0.396      0.396        0.188
[ V194$3   ]                      13.864     0.498      0.498        0.237



SAVEDATA INFORMATION


  Difference testing

  Save file
    v194_config.dat
  Save format      Free

DIAGRAM INFORMATION

  Use View Diagram under the Diagram menu in the Mplus Editor to view the diagram.
  If running Mplus from the Mplus Diagrammer, the diagram opens automatically.

  Diagram output
    c:\users\msassac6\dropbox (the university of manchester)\papers\joe s\evs_mm_de_equivalence\mplus\eq\inv_data3_v194_

     Beginning Time:  08:29:56
        Ending Time:  08:29:57
       Elapsed Time:  00:00:01



MUTHEN & MUTHEN
3463 Stoner Ave.
Los Angeles, CA  90066

Tel: (310) 391-9971
Fax: (310) 391-8971
Web: www.StatModel.com
Support: Support@StatModel.com

Copyright (c) 1998-2017 Muthen & Muthen
