Mplus VERSION 8
MUTHEN & MUTHEN
07/06/2020   2:37 PM

INPUT INSTRUCTIONS

  TITLE: Your title goes here

   DATA: FILE = eq/data.dta;

   VARIABLE:

   NAMES = id_cocas weight comp_mode comp_len mode mm_matrix_group wei_mmf v2 v3 v4 v32
       v33 v34 v35 v36 v37 v46 v47 v48 v49 v50 v65 v66 v67 v68 v69 v70 v82 v83 v84 v98
       v99 v100 v101 v103 v104 v105 v106 v107 v115 v116 v117 v118 v119 v120 v121 v122
       v123 v124 v125 v126 v127 v128 v129 v130 v131 v132 v133 v134 v135 v136 v137 v138
       v139 v140 v141 v145 v146 v147 v148 v149 v150 v151 v152 v153 v154 v155 v156 v157
       v158 v159 v160 v161 v162 v163 v164 v165 v166 v167 v176 v177 v178 v179 v180 v181
       v182 v183 v185 v186 v187 v188 v189 v191 v192 v193 v194 v195 v196 v197 v199 v200
       v201 v202 v203 v205 v206 v207 v208 v209 v210 v211 v212 v213 v214 v215 v216 v217
       v218 v220 v221 v222 v223 v224 v267 v268 v269 v271 v272 v273;

   MISSING=.;

   USEVARIABLES ARE
   v189
   v191
   v192
   v193;

   CATEGORICAL ARE
   v189
   v191
   v192
   v193;

   GROUPING IS comp_len (0=full 1=short);


   Analysis:

                  ESTIMATOR = WLSMV;

                  ITERATIONS = 100000;

                  PARAMETERIZATION = THETA;

  Model:


  f1 BY v189@1
  v191 (L2)
  v192 (L3)
  v193 (L4)
  ;


  [v189$1] (t_v189_1);
  [v189$2] (t_v189_2);
  [v189$3] (t_v189_3);

   [f1@0];
  [v191$1] (t_v191_1);
  [v191$2] (t_v191_2_full);
  [v191$3] (t_v191_3_full);

   [f1@0];
  [v192$1] (t_v192_1);
  [v192$2] (t_v192_2_full);
  [v192$3] (t_v192_3_full);

   [f1@0];
  [v193$1] (t_v193_1);
  [v193$2] (t_v193_2_full);
  [v193$3] (t_v193_3_full);

   [f1@0];

  Model short:

  f1 BY v189@1
  v191 (L2)
  v192 (L3)
  v193 (L4)
  ;


  [v189$1] (t_v189_1);
  [v189$2] (t_v189_2);
  [v189$3] (t_v189_3);

   [f1@0];
  [v191$1] (t_v191_1);
  [v191$2] (t_v191_2_short);
  [v191$3] (t_v191_3_short);

   [f1@0];
  [v192$1] (t_v192_1);
  [v192$2] (t_v192_2_short);
  [v192$3] (t_v192_3_short);

   [f1@0];
  [v193$1] (t_v193_1);
  [v193$2] (t_v193_2_short);
  [v193$3] (t_v193_3_short);

   [f1@0];

   SAVEDATA: DIFFTEST IS v189_metric.dat;

   OUTPUT: SAMPSTAT;

                                  MODINDICES;

                                  STDYX;




*** WARNING
  Data set contains unknown or missing values for GROUPING,
  PATTERN, COHORT, CLUSTER and/or STRATIFICATION variables.
  Number of cases with unknown or missing values:  1494
*** WARNING
  Data set contains cases with missing on all variables.
  These cases were not included in the analysis.
  Number of cases with missing on all variables:  1628
   2 WARNING(S) FOUND IN THE INPUT INSTRUCTIONS



Your title goes here

SUMMARY OF ANALYSIS

Number of groups                                                 2
Number of observations
   Group FULL                                                  668
   Group SHORT                                                1626
   Total sample size                                          2294

Number of dependent variables                                    4
Number of independent variables                                  0
Number of continuous latent variables                            1

Observed dependent variables

  Binary and ordered categorical (ordinal)
   V189        V191        V192        V193

Continuous latent variables
   F1

Variables with special functions

  Grouping variable     COMP_LEN

Estimator                                                    WLSMV
Maximum number of iterations                                100000
Convergence criterion                                    0.500D-04
Maximum number of steepest descent iterations                   20
Maximum number of iterations for H1                           2000
Convergence criterion for H1                             0.100D-03
Parameterization                                             THETA
Link                                                        PROBIT

Input data file(s)
  eq/data.dta

Input data format  FREE


SUMMARY OF DATA

   Group FULL
     Number of missing data patterns            10

   Group SHORT
     Number of missing data patterns            11


COVARIANCE COVERAGE OF DATA

Minimum covariance coverage value   0.100


     PROPORTION OF DATA PRESENT FOR FULL


           Covariance Coverage
              V189          V191          V192          V193
              ________      ________      ________      ________
 V189           0.978
 V191           0.957         0.966
 V192           0.975         0.964         0.996
 V193           0.948         0.940         0.963         0.967


     PROPORTION OF DATA PRESENT FOR SHORT


           Covariance Coverage
              V189          V191          V192          V193
              ________      ________      ________      ________
 V189           0.974
 V191           0.956         0.972
 V192           0.972         0.971         0.997
 V193           0.950         0.949         0.969         0.970


UNIVARIATE PROPORTIONS AND COUNTS FOR CATEGORICAL VARIABLES

  Group FULL
    V189
      Category 1    0.158          103.000
      Category 2    0.245          160.000
      Category 3    0.461          301.000
      Category 4    0.136           89.000
    V191
      Category 1    0.073           47.000
      Category 2    0.152           98.000
      Category 3    0.538          347.000
      Category 4    0.237          153.000
    V192
      Category 1    0.705          469.000
      Category 2    0.284          189.000
      Category 3    0.008            5.000
      Category 4    0.003            2.000
    V193
      Category 1    0.241          156.000
      Category 2    0.483          312.000
      Category 3    0.237          153.000
      Category 4    0.039           25.000

  Group SHORT
    V189
      Category 1    0.159          252.000
      Category 2    0.276          437.000
      Category 3    0.432          684.000
      Category 4    0.133          211.000
    V191
      Category 1    0.095          150.000
      Category 2    0.180          284.000
      Category 3    0.509          805.000
      Category 4    0.216          341.000
    V192
      Category 1    0.703         1140.000
      Category 2    0.278          451.000
      Category 3    0.015           24.000
      Category 4    0.004            6.000
    V193
      Category 1    0.258          407.000
      Category 2    0.451          711.000
      Category 3    0.247          389.000
      Category 4    0.045           71.000


SAMPLE STATISTICS


     ESTIMATED SAMPLE STATISTICS FOR FULL


           MEANS/INTERCEPTS/THRESHOLDS
              V189$1        V189$2        V189$3        V191$1        V191$2
              ________      ________      ________      ________      ________
               -1.004        -0.246         1.097        -1.455        -0.756


           MEANS/INTERCEPTS/THRESHOLDS
              V191$3        V192$1        V192$2        V192$3        V193$1
              ________      ________      ________      ________      ________
                0.715         0.540         2.307         2.747        -0.702


           MEANS/INTERCEPTS/THRESHOLDS
              V193$2        V193$3
              ________      ________
                0.596         1.766


           CORRELATION MATRIX (WITH VARIANCES ON THE DIAGONAL)
              V189          V191          V192          V193
              ________      ________      ________      ________
 V189
 V191           0.698
 V192           0.466         0.406
 V193           0.445         0.517         0.511


     ESTIMATED SAMPLE STATISTICS FOR SHORT


           MEANS/INTERCEPTS/THRESHOLDS
              V189$1        V189$2        V189$3        V191$1        V191$2
              ________      ________      ________      ________      ________
               -0.998        -0.164         1.111        -1.311        -0.599


           MEANS/INTERCEPTS/THRESHOLDS
              V191$3        V192$1        V192$2        V192$3        V193$1
              ________      ________      ________      ________      ________
                0.786         0.534         2.086         2.678        -0.650


           MEANS/INTERCEPTS/THRESHOLDS
              V193$2        V193$3
              ________      ________
                0.549         1.695


           CORRELATION MATRIX (WITH VARIANCES ON THE DIAGONAL)
              V189          V191          V192          V193
              ________      ________      ________      ________
 V189
 V191           0.729
 V192           0.348         0.316
 V193           0.501         0.560         0.486


THE MODEL ESTIMATION TERMINATED NORMALLY



MODEL FIT INFORMATION

Number of Free Parameters                       27

Chi-Square Test of Model Fit

          Value                             87.010*
          Degrees of Freedom                     9
          P-Value                           0.0000

Chi-Square Contribution From Each Group

          FULL                              25.741
          SHORT                             61.269

*   The chi-square value for MLM, MLMV, MLR, ULSMV, WLSM and WLSMV cannot be used
    for chi-square difference testing in the regular way.  MLM, MLR and WLSM
    chi-square difference testing is described on the Mplus website.  MLMV, WLSMV,
    and ULSMV difference testing is done using the DIFFTEST option.

RMSEA (Root Mean Square Error Of Approximation)

          Estimate                           0.087
          90 Percent C.I.                    0.071  0.104
          Probability RMSEA <= .05           0.000

CFI/TLI

          CFI                                0.987
          TLI                                0.983

Chi-Square Test of Model Fit for the Baseline Model

          Value                           6017.767
          Degrees of Freedom                    12
          P-Value                           0.0000

WRMR (Weighted Root Mean Square Residual)

          Value                              2.113



MODEL RESULTS

                                                    Two-Tailed
                    Estimate       S.E.  Est./S.E.    P-Value

Group FULL

 F1       BY
    V189               1.000      0.000    999.000    999.000
    V191               1.368      0.209      6.554      0.000
    V192               0.563      0.060      9.415      0.000
    V193               0.645      0.062     10.477      0.000

 Means
    F1                 0.000      0.000    999.000    999.000

 Thresholds
    V189$1            -1.634      0.097    -16.804      0.000
    V189$2            -0.307      0.046     -6.602      0.000
    V189$3             1.809      0.105     17.163      0.000
    V191$1            -2.832      0.280    -10.108      0.000
    V191$2            -1.519      0.164     -9.237      0.000
    V191$3             1.438      0.133     10.799      0.000
    V192$1             0.743      0.062     11.903      0.000
    V192$2             2.841      0.188     15.126      0.000
    V192$3             3.381      0.295     11.473      0.000
    V193$1            -0.877      0.063    -13.855      0.000
    V193$2             0.772      0.067     11.464      0.000
    V193$3             2.286      0.118     19.385      0.000

 Variances
    F1                 1.625      0.243      6.676      0.000

 Residual Variances
    V189               1.000      0.000    999.000    999.000
    V191               1.000      0.000    999.000    999.000
    V192               1.000      0.000    999.000    999.000
    V193               1.000      0.000    999.000    999.000

Group SHORT

 F1       BY
    V189               1.000      0.000    999.000    999.000
    V191               1.368      0.209      6.554      0.000
    V192               0.563      0.060      9.415      0.000
    V193               0.645      0.062     10.477      0.000

 Means
    F1                 0.000      0.000    999.000    999.000

 Thresholds
    V189$1            -1.634      0.097    -16.804      0.000
    V189$2            -0.307      0.046     -6.602      0.000
    V189$3             1.809      0.105     17.163      0.000
    V191$1            -2.832      0.280    -10.108      0.000
    V191$2            -1.278      0.141     -9.074      0.000
    V191$3             1.678      0.200      8.378      0.000
    V192$1             0.743      0.062     11.903      0.000
    V192$2             3.088      0.298     10.357      0.000
    V192$3             3.966      0.413      9.597      0.000
    V193$1            -0.877      0.063    -13.855      0.000
    V193$2             0.730      0.076      9.662      0.000
    V193$3             2.254      0.189     11.920      0.000

 Variances
    F1                 1.824      0.244      7.466      0.000

 Residual Variances
    V189               0.864      0.111      7.813      0.000
    V191               1.137      0.256      4.435      0.000
    V192               1.613      0.316      5.096      0.000
    V193               1.009      0.161      6.272      0.000


STANDARDIZED MODEL RESULTS


STDYX Standardization

                                                    Two-Tailed
                    Estimate       S.E.  Est./S.E.    P-Value

Group FULL

 F1       BY
    V189               0.787      0.022     35.049      0.000
    V191               0.868      0.023     38.158      0.000
    V192               0.583      0.037     15.591      0.000
    V193               0.635      0.028     22.906      0.000

 Means
    F1                 0.000      0.000    999.000    999.000

 Thresholds
    V189$1            -1.008      0.043    -23.415      0.000
    V189$2            -0.189      0.028     -6.885      0.000
    V189$3             1.116      0.046     24.211      0.000
    V191$1            -1.409      0.066    -21.221      0.000
    V191$2            -0.756      0.055    -13.782      0.000
    V191$3             0.715      0.054     13.192      0.000
    V192$1             0.604      0.041     14.752      0.000
    V192$2             2.308      0.142     16.254      0.000
    V192$3             2.747      0.232     11.861      0.000
    V193$1            -0.678      0.040    -16.984      0.000
    V193$2             0.596      0.053     11.331      0.000
    V193$3             1.766      0.090     19.523      0.000

 Variances
    F1                 1.000      0.000    999.000    999.000

 Residual Variances
    V189               0.381      0.035     10.785      0.000
    V191               0.247      0.039      6.272      0.000
    V192               0.660      0.044     15.132      0.000
    V193               0.597      0.035     16.957      0.000

Group SHORT

 F1       BY
    V189               0.824      0.015     53.742      0.000
    V191               0.866      0.015     57.606      0.000
    V192               0.514      0.028     18.128      0.000
    V193               0.655      0.017     37.818      0.000

 Means
    F1                 0.000      0.000    999.000    999.000

 Thresholds
    V189$1            -0.996      0.034    -29.331      0.000
    V189$2            -0.187      0.027     -7.024      0.000
    V189$3             1.103      0.036     30.832      0.000
    V191$1            -1.328      0.042    -31.345      0.000
    V191$2            -0.599      0.034    -17.785      0.000
    V191$3             0.786      0.035     22.250      0.000
    V192$1             0.502      0.029     17.318      0.000
    V192$2             2.086      0.074     28.249      0.000
    V192$3             2.679      0.136     19.632      0.000
    V193$1            -0.660      0.031    -21.447      0.000
    V193$2             0.549      0.033     16.468      0.000
    V193$3             1.695      0.055     30.787      0.000

 Variances
    F1                 1.000      0.000    999.000    999.000

 Residual Variances
    V189               0.321      0.025     12.726      0.000
    V191               0.250      0.026      9.589      0.000
    V192               0.736      0.029     25.274      0.000
    V193               0.571      0.023     25.166      0.000


R-SQUARE

Group FULL

    Observed                                        Two-Tailed     Scale
    Variable        Estimate       S.E.  Est./S.E.    P-Value     Factors

    V189               0.619      0.035     17.524      0.000      0.617
    V191               0.753      0.039     19.079      0.000      0.497
    V192               0.340      0.044      7.795      0.000      0.812
    V193               0.403      0.035     11.453      0.000      0.773

Group SHORT

    Observed                                        Two-Tailed     Scale
    Variable        Estimate       S.E.  Est./S.E.    P-Value     Factors

    V189               0.679      0.025     26.871      0.000      0.610
    V191               0.750      0.026     28.803      0.000      0.469
    V192               0.264      0.029      9.064      0.000      0.676
    V193               0.429      0.023     18.909      0.000      0.752


QUALITY OF NUMERICAL RESULTS

     Condition Number for the Information Matrix              0.718E-03
       (ratio of smallest to largest eigenvalue)


MODEL MODIFICATION INDICES

NOTE:  Modification indices for direct effects of observed dependent variables
regressed on covariates and residual covariances among observed dependent
variables may not be included.  To include these, request MODINDICES (ALL).

Minimum M.I. value for printing the modification index    10.000

                                   M.I.     E.P.C.  Std E.P.C.  StdYX E.P.C.
Group FULL


WITH Statements

V193     WITH V192                20.826     0.354      0.354        0.354

Group SHORT


WITH Statements

V191     WITH V189                63.702     1.995      1.995        2.013
V192     WITH V189                17.779    -0.602     -0.602       -0.510
V192     WITH V191                61.714    -1.554     -1.554       -1.148
V193     WITH V189                33.216    -0.747     -0.747       -0.800
V193     WITH V192                99.125     0.934      0.934        0.732



SAVEDATA INFORMATION


  Difference testing

  Save file
    v189_metric.dat
  Save format      Free

DIAGRAM INFORMATION

  Use View Diagram under the Diagram menu in the Mplus Editor to view the diagram.
  If running Mplus from the Mplus Diagrammer, the diagram opens automatically.

  Diagram output
    c:\users\msassac6\dropbox (the university of manchester)\papers\joe s\evs_mm_de_equivalence\mplus\eq\inv_data3_v189_

     Beginning Time:  14:37:25
        Ending Time:  14:37:25
       Elapsed Time:  00:00:00



MUTHEN & MUTHEN
3463 Stoner Ave.
Los Angeles, CA  90066

Tel: (310) 391-9971
Fax: (310) 391-8971
Web: www.StatModel.com
Support: Support@StatModel.com

Copyright (c) 1998-2017 Muthen & Muthen
