Mplus VERSION 8
MUTHEN & MUTHEN
07/06/2020   2:39 PM

INPUT INSTRUCTIONS

  TITLE: Your title goes here

   DATA: FILE = eq/data.dta;

   VARIABLE:

   NAMES = id_cocas weight comp_mode comp_len mode mm_matrix_group wei_mmf v2 v3 v4 v32
       v33 v34 v35 v36 v37 v46 v47 v48 v49 v50 v65 v66 v67 v68 v69 v70 v82 v83 v84 v98
       v99 v100 v101 v103 v104 v105 v106 v107 v115 v116 v117 v118 v119 v120 v121 v122
       v123 v124 v125 v126 v127 v128 v129 v130 v131 v132 v133 v134 v135 v136 v137 v138
       v139 v140 v141 v145 v146 v147 v148 v149 v150 v151 v152 v153 v154 v155 v156 v157
       v158 v159 v160 v161 v162 v163 v164 v165 v166 v167 v176 v177 v178 v179 v180 v181
       v182 v183 v185 v186 v187 v188 v189 v191 v192 v193 v194 v195 v196 v197 v199 v200
       v201 v202 v203 v205 v206 v207 v208 v209 v210 v211 v212 v213 v214 v215 v216 v217
       v218 v220 v221 v222 v223 v224 v267 v268 v269 v271 v272 v273;

   MISSING=.;

   USEVARIABLES ARE
   v221
   v222
   v223
   v224;

   CATEGORICAL ARE
   v221
   v222
   v223
   v224;

   GROUPING IS comp_len (0=full 1=short);


   Analysis:

                  ESTIMATOR = WLSMV;

                  ITERATIONS = 100000;

                  PARAMETERIZATION = THETA;

  Model:


  f1 BY v221@1
  v222 (L2)
  v223 (L3)
  v224 (L4)
  ;


  [v221$1] (t_v221_1);
  [v221$2] (t_v221_2);
  [v221$3] (t_v221_3);

   [f1@0];
  [v222$1] (t_v222_1);
  [v222$2] (t_v222_2_full);
  [v222$3] (t_v222_3_full);

   [f1@0];
  [v223$1] (t_v223_1);
  [v223$2] (t_v223_2_full);
  [v223$3] (t_v223_3_full);

   [f1@0];
  [v224$1] (t_v224_1);
  [v224$2] (t_v224_2_full);
  [v224$3] (t_v224_3_full);

   [f1@0];

  Model short:

  f1 BY v221@1
  v222 (L2)
  v223 (L3)
  v224 (L4)
  ;


  [v221$1] (t_v221_1);
  [v221$2] (t_v221_2);
  [v221$3] (t_v221_3);

   [f1@0];
  [v222$1] (t_v222_1);
  [v222$2] (t_v222_2_short);
  [v222$3] (t_v222_3_short);

   [f1@0];
  [v223$1] (t_v223_1);
  [v223$2] (t_v223_2_short);
  [v223$3] (t_v223_3_short);

   [f1@0];
  [v224$1] (t_v224_1);
  [v224$2] (t_v224_2_short);
  [v224$3] (t_v224_3_short);

   [f1@0];

   SAVEDATA: DIFFTEST IS v221_metric.dat;

   OUTPUT: SAMPSTAT;

                                  MODINDICES;

                                  STDYX;




*** WARNING
  Data set contains unknown or missing values for GROUPING,
  PATTERN, COHORT, CLUSTER and/or STRATIFICATION variables.
  Number of cases with unknown or missing values:  1494
*** WARNING
  Data set contains cases with missing on all variables.
  These cases were not included in the analysis.
  Number of cases with missing on all variables:  1705
   2 WARNING(S) FOUND IN THE INPUT INSTRUCTIONS



Your title goes here

SUMMARY OF ANALYSIS

Number of groups                                                 2
Number of observations
   Group FULL                                                  666
   Group SHORT                                                1551
   Total sample size                                          2217

Number of dependent variables                                    4
Number of independent variables                                  0
Number of continuous latent variables                            1

Observed dependent variables

  Binary and ordered categorical (ordinal)
   V221        V222        V223        V224

Continuous latent variables
   F1

Variables with special functions

  Grouping variable     COMP_LEN

Estimator                                                    WLSMV
Maximum number of iterations                                100000
Convergence criterion                                    0.500D-04
Maximum number of steepest descent iterations                   20
Maximum number of iterations for H1                           2000
Convergence criterion for H1                             0.100D-03
Parameterization                                             THETA
Link                                                        PROBIT

Input data file(s)
  eq/data.dta

Input data format  FREE


SUMMARY OF DATA

   Group FULL
     Number of missing data patterns            11

   Group SHORT
     Number of missing data patterns            11


COVARIANCE COVERAGE OF DATA

Minimum covariance coverage value   0.100


     PROPORTION OF DATA PRESENT FOR FULL


           Covariance Coverage
              V221          V222          V223          V224
              ________      ________      ________      ________
 V221           0.944
 V222           0.941         0.992
 V223           0.929         0.970         0.973
 V224           0.932         0.977         0.959         0.985


     PROPORTION OF DATA PRESENT FOR SHORT


           Covariance Coverage
              V221          V222          V223          V224
              ________      ________      ________      ________
 V221           0.957
 V222           0.952         0.992
 V223           0.940         0.974         0.977
 V224           0.950         0.986         0.972         0.993


UNIVARIATE PROPORTIONS AND COUNTS FOR CATEGORICAL VARIABLES

  Group FULL
    V221
      Category 1    0.232          146.000
      Category 2    0.528          332.000
      Category 3    0.205          129.000
      Category 4    0.035           22.000
    V222
      Category 1    0.738          488.000
      Category 2    0.254          168.000
      Category 3    0.006            4.000
      Category 4    0.002            1.000
    V223
      Category 1    0.440          285.000
      Category 2    0.486          315.000
      Category 3    0.063           41.000
      Category 4    0.011            7.000
    V224
      Category 1    0.845          554.000
      Category 2    0.145           95.000
      Category 3    0.008            5.000
      Category 4    0.003            2.000

  Group SHORT
    V221
      Category 1    0.251          372.000
      Category 2    0.494          733.000
      Category 3    0.216          321.000
      Category 4    0.039           58.000
    V222
      Category 1    0.767         1180.000
      Category 2    0.223          343.000
      Category 3    0.009           14.000
      Category 4    0.001            2.000
    V223
      Category 1    0.520          788.000
      Category 2    0.422          639.000
      Category 3    0.053           81.000
      Category 4    0.005            8.000
    V224
      Category 1    0.810         1248.000
      Category 2    0.169          260.000
      Category 3    0.018           27.000
      Category 4    0.003            5.000


SAMPLE STATISTICS


     ESTIMATED SAMPLE STATISTICS FOR FULL


           MEANS/INTERCEPTS/THRESHOLDS
              V221$1        V221$2        V221$3        V222$1        V222$2
              ________      ________      ________      ________      ________
               -0.732         0.706         1.812         0.638         2.429


           MEANS/INTERCEPTS/THRESHOLDS
              V222$3        V223$1        V223$2        V223$3        V224$1
              ________      ________      ________      ________      ________
                2.965        -0.151         1.446         2.297         1.013


           MEANS/INTERCEPTS/THRESHOLDS
              V224$2        V224$3
              ________      ________
                2.302         2.742


           CORRELATION MATRIX (WITH VARIANCES ON THE DIAGONAL)
              V221          V222          V223          V224
              ________      ________      ________      ________
 V221
 V222           0.358
 V223           0.197         0.405
 V224           0.117         0.164         0.347


     ESTIMATED SAMPLE STATISTICS FOR SHORT


           MEANS/INTERCEPTS/THRESHOLDS
              V221$1        V221$2        V221$3        V222$1        V222$2
              ________      ________      ________      ________      ________
               -0.672         0.658         1.761         0.728         2.312


           MEANS/INTERCEPTS/THRESHOLDS
              V222$3        V223$1        V223$2        V223$3        V224$1
              ________      ________      ________      ________      ________
                3.012         0.050         1.566         2.557         0.879


           MEANS/INTERCEPTS/THRESHOLDS
              V224$2        V224$3
              ________      ________
                2.038         2.722


           CORRELATION MATRIX (WITH VARIANCES ON THE DIAGONAL)
              V221          V222          V223          V224
              ________      ________      ________      ________
 V221
 V222           0.365
 V223           0.191         0.407
 V224           0.059         0.132         0.325


THE MODEL ESTIMATION TERMINATED NORMALLY



MODEL FIT INFORMATION

Number of Free Parameters                       27

Chi-Square Test of Model Fit

          Value                             54.978*
          Degrees of Freedom                     9
          P-Value                           0.0000

Chi-Square Contribution From Each Group

          FULL                              18.842
          SHORT                             36.136

*   The chi-square value for MLM, MLMV, MLR, ULSMV, WLSM and WLSMV cannot be used
    for chi-square difference testing in the regular way.  MLM, MLR and WLSM
    chi-square difference testing is described on the Mplus website.  MLMV, WLSMV,
    and ULSMV difference testing is done using the DIFFTEST option.

RMSEA (Root Mean Square Error Of Approximation)

          Estimate                           0.068
          90 Percent C.I.                    0.051  0.086
          Probability RMSEA <= .05           0.039

CFI/TLI

          CFI                                0.916
          TLI                                0.888

Chi-Square Test of Model Fit for the Baseline Model

          Value                            558.683
          Degrees of Freedom                    12
          P-Value                           0.0000

WRMR (Weighted Root Mean Square Residual)

          Value                              1.715



MODEL RESULTS

                                                    Two-Tailed
                    Estimate       S.E.  Est./S.E.    P-Value

Group FULL

 F1       BY
    V221               1.000      0.000    999.000    999.000
    V222               1.929      0.342      5.642      0.000
    V223               1.563      0.390      4.006      0.000
    V224               0.855      0.143      5.965      0.000

 Means
    F1                 0.000      0.000    999.000    999.000

 Thresholds
    V221$1            -0.787      0.045    -17.570      0.000
    V221$2             0.766      0.045     17.221      0.000
    V221$3             2.026      0.094     21.446      0.000
    V222$1             0.885      0.105      8.424      0.000
    V222$2             3.290      0.331      9.948      0.000
    V222$3             4.015      0.511      7.858      0.000
    V223$1            -0.011      0.033     -0.324      0.746
    V223$2             1.799      0.140     12.862      0.000
    V223$3             2.858      0.240     11.926      0.000
    V224$1             1.096      0.070     15.605      0.000
    V224$2             2.484      0.161     15.438      0.000
    V224$3             2.961      0.257     11.539      0.000

 Variances
    F1                 0.224      0.055      4.070      0.000

 Residual Variances
    V221               1.000      0.000    999.000    999.000
    V222               1.000      0.000    999.000    999.000
    V223               1.000      0.000    999.000    999.000
    V224               1.000      0.000    999.000    999.000

Group SHORT

 F1       BY
    V221               1.000      0.000    999.000    999.000
    V222               1.929      0.342      5.642      0.000
    V223               1.563      0.390      4.006      0.000
    V224               0.855      0.143      5.965      0.000

 Means
    F1                 0.000      0.000    999.000    999.000

 Thresholds
    V221$1            -0.787      0.045    -17.570      0.000
    V221$2             0.766      0.045     17.221      0.000
    V221$3             2.026      0.094     21.446      0.000
    V222$1             0.885      0.105      8.424      0.000
    V222$2             2.834      0.376      7.536      0.000
    V222$3             3.694      0.538      6.864      0.000
    V223$1            -0.011      0.033     -0.324      0.746
    V223$2             1.881      0.485      3.879      0.000
    V223$3             3.070      0.801      3.834      0.000
    V224$1             1.096      0.070     15.605      0.000
    V224$2             2.543      0.201     12.635      0.000
    V224$3             3.393      0.309     10.978      0.000

 Variances
    F1                 0.209      0.043      4.861      0.000

 Residual Variances
    V221               1.126      0.114      9.839      0.000
    V222               0.727      0.214      3.391      0.001
    V223               0.933      0.507      1.839      0.066
    V224               1.404      0.219      6.417      0.000


STANDARDIZED MODEL RESULTS


STDYX Standardization

                                                    Two-Tailed
                    Estimate       S.E.  Est./S.E.    P-Value

Group FULL

 F1       BY
    V221               0.428      0.043      9.966      0.000
    V222               0.674      0.062     10.794      0.000
    V223               0.595      0.071      8.434      0.000
    V224               0.375      0.049      7.603      0.000

 Means
    F1                 0.000      0.000    999.000    999.000

 Thresholds
    V221$1            -0.711      0.038    -18.964      0.000
    V221$2             0.693      0.037     18.757      0.000
    V221$3             1.831      0.076     24.119      0.000
    V222$1             0.654      0.049     13.424      0.000
    V222$2             2.429      0.162     15.041      0.000
    V222$3             2.965      0.307      9.645      0.000
    V223$1            -0.009      0.026     -0.325      0.745
    V223$2             1.446      0.073     19.708      0.000
    V223$3             2.297      0.142     16.127      0.000
    V224$1             1.016      0.057     17.743      0.000
    V224$2             2.303      0.142     16.188      0.000
    V224$3             2.745      0.232     11.837      0.000

 Variances
    F1                 1.000      0.000    999.000    999.000

 Residual Variances
    V221               0.817      0.037     22.225      0.000
    V222               0.545      0.084      6.472      0.000
    V223               0.646      0.084      7.701      0.000
    V224               0.859      0.037     23.185      0.000

Group SHORT

 F1       BY
    V221               0.395      0.033     11.833      0.000
    V222               0.719      0.046     15.487      0.000
    V223               0.594      0.046     13.039      0.000
    V224               0.313      0.038      8.335      0.000

 Means
    F1                 0.000      0.000    999.000    999.000

 Thresholds
    V221$1            -0.681      0.031    -22.204      0.000
    V221$2             0.663      0.031     21.715      0.000
    V221$3             1.754      0.055     31.998      0.000
    V222$1             0.722      0.034     21.015      0.000
    V222$2             2.312      0.094     24.653      0.000
    V222$3             3.013      0.215     14.044      0.000
    V223$1            -0.009      0.027     -0.326      0.745
    V223$2             1.566      0.052     30.368      0.000
    V223$3             2.556      0.123     20.839      0.000
    V224$1             0.878      0.036     24.134      0.000
    V224$2             2.038      0.073     28.045      0.000
    V224$3             2.720      0.148     18.433      0.000

 Variances
    F1                 1.000      0.000    999.000    999.000

 Residual Variances
    V221               0.844      0.026     31.916      0.000
    V222               0.483      0.067      7.248      0.000
    V223               0.647      0.054     11.931      0.000
    V224               0.902      0.024     38.313      0.000


R-SQUARE

Group FULL

    Observed                                        Two-Tailed     Scale
    Variable        Estimate       S.E.  Est./S.E.    P-Value     Factors

    V221               0.183      0.037      4.983      0.000      0.904
    V222               0.455      0.084      5.397      0.000      0.738
    V223               0.354      0.084      4.217      0.000      0.804
    V224               0.141      0.037      3.802      0.000      0.927

Group SHORT

    Observed                                        Two-Tailed     Scale
    Variable        Estimate       S.E.  Est./S.E.    P-Value     Factors

    V221               0.156      0.026      5.916      0.000      0.866
    V222               0.517      0.067      7.744      0.000      0.816
    V223               0.353      0.054      6.519      0.000      0.832
    V224               0.098      0.024      4.168      0.000      0.802


QUALITY OF NUMERICAL RESULTS

     Condition Number for the Information Matrix              0.144E-03
       (ratio of smallest to largest eigenvalue)


MODEL MODIFICATION INDICES

NOTE:  Modification indices for direct effects of observed dependent variables
regressed on covariates and residual covariances among observed dependent
variables may not be included.  To include these, request MODINDICES (ALL).

Minimum M.I. value for printing the modification index    10.000

                                   M.I.     E.P.C.  Std E.P.C.  StdYX E.P.C.
Group FULL


Means/Intercepts/Thresholds

[ V223     ]                      16.662     0.344      0.344        0.276
[ F1       ]                      11.542     0.130      0.275        0.275
[ V223$1   ]                      16.668    -0.178     -0.178       -0.143

Group SHORT


WITH Statements

V222     WITH V221                58.788     1.153      1.153        1.275
V224     WITH V222                40.752    -0.900     -0.900       -0.891
V224     WITH V223                61.065     0.852      0.852        0.744

Means/Intercepts/Thresholds

[ V223     ]                      16.702    -0.344     -0.344       -0.286
[ F1       ]                      11.529    -0.130     -0.285       -0.285
[ V223$1   ]                      16.649     0.166      0.166        0.138



SAVEDATA INFORMATION


  Difference testing

  Save file
    v221_metric.dat
  Save format      Free

DIAGRAM INFORMATION

  Use View Diagram under the Diagram menu in the Mplus Editor to view the diagram.
  If running Mplus from the Mplus Diagrammer, the diagram opens automatically.

  Diagram output
    c:\users\msassac6\dropbox (the university of manchester)\papers\joe s\evs_mm_de_equivalence\mplus\eq\inv_data3_v221_

     Beginning Time:  14:39:08
        Ending Time:  14:39:09
       Elapsed Time:  00:00:01



MUTHEN & MUTHEN
3463 Stoner Ave.
Los Angeles, CA  90066

Tel: (310) 391-9971
Fax: (310) 391-8971
Web: www.StatModel.com
Support: Support@StatModel.com

Copyright (c) 1998-2017 Muthen & Muthen
