Mplus VERSION 8
MUTHEN & MUTHEN
07/13/2020   8:33 AM

INPUT INSTRUCTIONS

  TITLE: Your title goes here

   DATA: FILE = eq/data.dta;

   VARIABLE:

   NAMES = id_cocas weight comp_mode comp_len mode mm_matrix_group wei_mmf v2 v3 v4 v32
       v33 v34 v35 v36 v37 v46 v47 v48 v49 v50 v65 v66 v67 v68 v69 v70 v82 v83 v84 v98
       v99 v100 v101 v103 v104 v105 v106 v107 v115 v116 v117 v118 v119 v120 v121 v122
       v123 v124 v125 v126 v127 v128 v129 v130 v131 v132 v133 v134 v135 v136 v137 v138
       v139 v140 v141 v145 v146 v147 v148 v149 v150 v151 v152 v153 v154 v155 v156 v157
       v158 v159 v160 v161 v162 v163 v164 v165 v166 v167 v176 v177 v178 v179 v180 v181
       v182 v183 v185 v186 v187 v188 v189 v191 v192 v193 v194 v195 v196 v197 v199 v200
       v201 v202 v203 v205 v206 v207 v208 v209 v210 v211 v212 v213 v214 v215 v216 v217
       v218 v220 v221 v222 v223 v224 v267 v268 v269 v271 v272 v273;

   MISSING=.;

   USEVARIABLES ARE
   v46
   v47
   v48
   v49
   v50;

   GROUPING IS comp_mode (0=sm 1=mm);

  WEIGHT IS weight;

   Analysis:

                  ESTIMATOR = MLR;
  Model:


  f1 BY v46@1
  v47 (L2_sm)
  v48 (L3_sm)
  v49 (L4_sm)
  v50 (L5_sm)
  ;


   [f1@0];[v46] (i1_sm);
  [v47] (i2_sm);
  [v48] (i3_sm);
  [v49] (i4_sm);
  [v50] (i5_sm);


  Model mm:

  f1 BY v46@1
  v47 (L2_mm)
  v48 (L3_mm)
  v49 (L4_mm)
  v50 (L5_mm)
  ;


   [f1@0];[v46] (i1_mm);
  [v47] (i2_mm);
  [v48] (i3_mm);
  [v49] (i4_mm);
  [v50] (i5_mm);


   SAVEDATA: DIFFTEST IS v46_config.dat;

   OUTPUT: SAMPSTAT;

                                  MODINDICES;

                                  STDYX;




*** WARNING in SAVEDATA command
  The DIFFTEST option is available only for the estimators MLMV, WLSMV and ULSMV.
  Request for DIFFTEST will be ignored.
*** WARNING
  Data set contains unknown or missing values for GROUPING,
  PATTERN, COHORT, CLUSTER and/or STRATIFICATION variables.
  Number of cases with unknown or missing values:  3244
*** WARNING
  Data set contains cases with missing on all variables.
  These cases were not included in the analysis.
  Number of cases with missing on all variables:  8
   3 WARNING(S) FOUND IN THE INPUT INSTRUCTIONS



Your title goes here

SUMMARY OF ANALYSIS

Number of groups                                                 2
Number of observations
   Group SM                                                   1493
   Group MM                                                    671
   Total sample size                                          2164

Number of dependent variables                                    5
Number of independent variables                                  0
Number of continuous latent variables                            1

Observed dependent variables

  Continuous
   V46         V47         V48         V49         V50

Continuous latent variables
   F1

Variables with special functions

  Grouping variable     COMP_MOD
  Weight variable       WEIGHT

Estimator                                                      MLR
Information matrix                                        OBSERVED
Maximum number of iterations                                  1000
Convergence criterion                                    0.500D-04
Maximum number of steepest descent iterations                   20
Maximum number of iterations for H1                           2000
Convergence criterion for H1                             0.100D-03

Input data file(s)
  eq/data.dta

Input data format  FREE


SUMMARY OF DATA

   Group SM
     Number of missing data patterns            14

   Group MM
     Number of missing data patterns            22


COVARIANCE COVERAGE OF DATA

Minimum covariance coverage value   0.100


     PROPORTION OF DATA PRESENT FOR SM


           Covariance Coverage
              V46           V47           V48           V49           V50
              ________      ________      ________      ________      ________
 V46            0.994
 V47            0.976         0.981
 V48            0.977         0.965         0.982
 V49            0.987         0.974         0.975         0.991
 V50            0.991         0.977         0.977         0.988         0.995


     PROPORTION OF DATA PRESENT FOR MM


           Covariance Coverage
              V46           V47           V48           V49           V50
              ________      ________      ________      ________      ________
 V46            0.955
 V47            0.896         0.925
 V48            0.912         0.887         0.949
 V49            0.923         0.894         0.915         0.958
 V50            0.936         0.909         0.928         0.939         0.973


SAMPLE STATISTICS


     ESTIMATED SAMPLE STATISTICS FOR SM


           Means
              V46           V47           V48           V49           V50
              ________      ________      ________      ________      ________
                2.013         2.738         2.467         2.036         3.230


           Covariances
              V46           V47           V48           V49           V50
              ________      ________      ________      ________      ________
 V46            1.005
 V47            0.279         1.492
 V48            0.288         0.404         1.289
 V49            0.244         0.276         0.318         0.859
 V50            0.318         0.321         0.404         0.390         1.371


           Correlations
              V46           V47           V48           V49           V50
              ________      ________      ________      ________      ________
 V46            1.000
 V47            0.228         1.000
 V48            0.253         0.291         1.000
 V49            0.263         0.244         0.302         1.000
 V50            0.271         0.224         0.304         0.360         1.000


     ESTIMATED SAMPLE STATISTICS FOR MM


           Means
              V46           V47           V48           V49           V50
              ________      ________      ________      ________      ________
                1.968         2.567         2.301         2.086         3.228


           Covariances
              V46           V47           V48           V49           V50
              ________      ________      ________      ________      ________
 V46            0.696
 V47            0.330         1.450
 V48            0.260         0.503         1.206
 V49            0.276         0.413         0.494         0.875
 V50            0.381         0.486         0.379         0.490         1.379


           Correlations
              V46           V47           V48           V49           V50
              ________      ________      ________      ________      ________
 V46            1.000
 V47            0.328         1.000
 V48            0.284         0.380         1.000
 V49            0.354         0.367         0.481         1.000
 V50            0.389         0.344         0.294         0.446         1.000


     MAXIMUM LOG-LIKELIHOOD VALUE FOR THE UNRESTRICTED (H1) MODEL IS -14982.516


UNIVARIATE SAMPLE STATISTICS


     UNIVARIATE HIGHER-ORDER MOMENT DESCRIPTIVE STATISTICS FOR SM

         Variable/         Mean/     Skewness/   Minimum/ % with                Percentiles
        Sample Size      Variance    Kurtosis    Maximum  Min/Max      20%/60%    40%/80%    Median

     V46                   2.012       1.022       1.000   33.83%       1.000      2.000      2.000
            1484.000       1.005       0.519       5.000    1.89%       2.000      3.000
     V47                   2.736       0.199       1.000   16.59%       2.000      2.000      3.000
            1465.000       1.492      -1.060       5.000    7.99%       3.000      4.000
     V48                   2.469       0.440       1.000   19.30%       2.000      2.000      2.000
            1466.000       1.290      -0.815       5.000    3.96%       3.000      4.000
     V49                   2.034       1.040       1.000   26.49%       1.000      2.000      2.000
            1480.000       0.858       0.884       5.000    1.69%       2.000      3.000
     V50                   3.228      -0.394       1.000    7.74%       2.000      3.000      4.000
            1485.000       1.371      -0.914       5.000   11.45%       4.000      4.000


     UNIVARIATE HIGHER-ORDER MOMENT DESCRIPTIVE STATISTICS FOR MM

         Variable/         Mean/     Skewness/   Minimum/ % with                Percentiles
        Sample Size      Variance    Kurtosis    Maximum  Min/Max      20%/60%    40%/80%    Median

     V46                   1.965       0.880       1.000   27.77%       1.000      2.000      2.000
             641.000       0.697       0.736       5.000    0.62%       2.000      2.000
     V47                   2.559       0.383       1.000   19.65%       2.000      2.000      2.000
             621.000       1.445      -0.840       5.000    6.76%       3.000      4.000
     V48                   2.304       0.672       1.000   22.92%       1.000      2.000      2.000
             637.000       1.211      -0.322       5.000    4.08%       2.000      3.000
     V49                   2.072       0.974       1.000   25.51%       1.000      2.000      2.000
             643.000       0.869       0.899       5.000    2.18%       2.000      3.000
     V50                   3.233      -0.228       1.000    6.28%       2.000      3.000      3.000
             653.000       1.385      -0.956       5.000   13.48%       4.000      4.000


THE MODEL ESTIMATION TERMINATED NORMALLY



MODEL FIT INFORMATION

Number of Free Parameters                       30

Loglikelihood

          H0 Value                      -15002.723
          H0 Scaling Correction Factor      1.2711
            for MLR
          H1 Value                      -14982.516
          H1 Scaling Correction Factor      1.2942
            for MLR

Information Criteria

          Akaike (AIC)                   30065.447
          Bayesian (BIC)                 30235.838
          Sample-Size Adjusted BIC       30140.524
            (n* = (n + 2) / 24)

Chi-Square Test of Model Fit

          Value                             29.635*
          Degrees of Freedom                    10
          P-Value                           0.0010
          Scaling Correction Factor         1.3637
            for MLR

Chi-Square Contribution From Each Group

          SM                                 9.598
          MM                                20.038

*   The chi-square value for MLM, MLMV, MLR, ULSMV, WLSM and WLSMV cannot be used
    for chi-square difference testing in the regular way.  MLM, MLR and WLSM
    chi-square difference testing is described on the Mplus website.  MLMV, WLSMV,
    and ULSMV difference testing is done using the DIFFTEST option.

RMSEA (Root Mean Square Error Of Approximation)

          Estimate                           0.043
          90 Percent C.I.                    0.025  0.061
          Probability RMSEA <= .05           0.728

CFI/TLI

          CFI                                0.980
          TLI                                0.959

Chi-Square Test of Model Fit for the Baseline Model

          Value                            978.678
          Degrees of Freedom                    20
          P-Value                           0.0000

SRMR (Standardized Root Mean Square Residual)

          Value                              0.021



MODEL RESULTS

                                                    Two-Tailed
                    Estimate       S.E.  Est./S.E.    P-Value

Group SM

 F1       BY
    V46                1.000      0.000    999.000    999.000
    V47                1.170      0.122      9.627      0.000
    V48                1.325      0.133      9.952      0.000
    V49                1.135      0.112     10.124      0.000
    V50                1.423      0.135     10.547      0.000

 Means
    F1                 0.000      0.000    999.000    999.000

 Intercepts
    V46                2.013      0.028     73.062      0.000
    V47                2.738      0.034     81.035      0.000
    V48                2.467      0.031     78.778      0.000
    V49                2.036      0.025     80.251      0.000
    V50                3.230      0.033     98.478      0.000

 Variances
    F1                 0.222      0.035      6.315      0.000

 Residual Variances
    V46                0.783      0.045     17.313      0.000
    V47                1.189      0.053     22.364      0.000
    V48                0.900      0.049     18.193      0.000
    V49                0.573      0.035     16.280      0.000
    V50                0.922      0.044     20.843      0.000

Group MM

 F1       BY
    V46                1.000      0.000    999.000    999.000
    V47                1.527      0.201      7.594      0.000
    V48                1.497      0.192      7.796      0.000
    V49                1.506      0.197      7.640      0.000
    V50                1.590      0.174      9.155      0.000

 Means
    F1                 0.000      0.000    999.000    999.000

 Intercepts
    V46                1.967      0.036     53.928      0.000
    V47                2.566      0.055     46.961      0.000
    V48                2.302      0.048     47.603      0.000
    V49                2.084      0.041     51.286      0.000
    V50                3.229      0.053     61.465      0.000

 Variances
    F1                 0.199      0.043      4.636      0.000

 Residual Variances
    V46                0.496      0.039     12.759      0.000
    V47                0.985      0.095     10.327      0.000
    V48                0.763      0.064     11.871      0.000
    V49                0.422      0.054      7.769      0.000
    V50                0.878      0.068     12.875      0.000


STANDARDIZED MODEL RESULTS


STDYX Standardization

                                                    Two-Tailed
                    Estimate       S.E.  Est./S.E.    P-Value

Group SM

 F1       BY
    V46                0.470      0.035     13.534      0.000
    V47                0.451      0.034     13.339      0.000
    V48                0.549      0.032     17.186      0.000
    V49                0.577      0.031     18.328      0.000
    V50                0.572      0.027     21.046      0.000

 Means
    F1                 0.000      0.000    999.000    999.000

 Intercepts
    V46                2.008      0.034     58.971      0.000
    V47                2.241      0.037     60.755      0.000
    V48                2.174      0.034     64.391      0.000
    V49                2.198      0.040     54.721      0.000
    V50                2.759      0.059     46.467      0.000

 Variances
    F1                 1.000      0.000    999.000    999.000

 Residual Variances
    V46                0.779      0.033     23.911      0.000
    V47                0.797      0.030     26.137      0.000
    V48                0.698      0.035     19.874      0.000
    V49                0.667      0.036     18.386      0.000
    V50                0.673      0.031     21.615      0.000

Group MM

 F1       BY
    V46                0.535      0.048     11.095      0.000
    V47                0.566      0.051     11.195      0.000
    V48                0.607      0.043     14.268      0.000
    V49                0.719      0.045     16.113      0.000
    V50                0.603      0.040     15.156      0.000

 Means
    F1                 0.000      0.000    999.000    999.000

 Intercepts
    V46                2.360      0.071     33.458      0.000
    V47                2.132      0.056     37.941      0.000
    V48                2.093      0.055     38.316      0.000
    V49                2.230      0.067     33.067      0.000
    V50                2.748      0.086     31.857      0.000

 Variances
    F1                 1.000      0.000    999.000    999.000

 Residual Variances
    V46                0.714      0.052     13.838      0.000
    V47                0.680      0.057     11.883      0.000
    V48                0.631      0.052     12.207      0.000
    V49                0.484      0.064      7.544      0.000
    V50                0.636      0.048     13.234      0.000


R-SQUARE

Group SM

    Observed                                        Two-Tailed
    Variable        Estimate       S.E.  Est./S.E.    P-Value

    V46                0.221      0.033      6.767      0.000
    V47                0.203      0.030      6.670      0.000
    V48                0.302      0.035      8.593      0.000
    V49                0.333      0.036      9.164      0.000
    V50                0.327      0.031     10.523      0.000

Group MM

    Observed                                        Two-Tailed
    Variable        Estimate       S.E.  Est./S.E.    P-Value

    V46                0.286      0.052      5.548      0.000
    V47                0.320      0.057      5.597      0.000
    V48                0.369      0.052      7.134      0.000
    V49                0.516      0.064      8.056      0.000
    V50                0.364      0.048      7.578      0.000


QUALITY OF NUMERICAL RESULTS

     Condition Number for the Information Matrix              0.229E-02
       (ratio of smallest to largest eigenvalue)


MODEL MODIFICATION INDICES

NOTE:  Modification indices for direct effects of observed dependent variables
regressed on covariates may not be included.  To include these, request
MODINDICES (ALL).

Minimum M.I. value for printing the modification index    10.000

                                   M.I.     E.P.C.  Std E.P.C.  StdYX E.P.C.
Group SM


No modification indices above the minimum value.

Group MM


WITH Statements

V50      WITH V48                 11.083    -0.180     -0.180       -0.219



DIAGRAM INFORMATION

  Use View Diagram under the Diagram menu in the Mplus Editor to view the diagram.
  If running Mplus from the Mplus Diagrammer, the diagram opens automatically.

  Diagram output
    c:\users\msassac6\dropbox (the university of manchester)\papers\joe s\evs_mm_de_equivalence\mplus\eq\inv_data3_v46_c

     Beginning Time:  08:33:27
        Ending Time:  08:33:28
       Elapsed Time:  00:00:01



MUTHEN & MUTHEN
3463 Stoner Ave.
Los Angeles, CA  90066

Tel: (310) 391-9971
Fax: (310) 391-8971
Web: www.StatModel.com
Support: Support@StatModel.com

Copyright (c) 1998-2017 Muthen & Muthen
