Mplus VERSION 8
MUTHEN & MUTHEN
07/13/2020   8:28 AM

INPUT INSTRUCTIONS

  TITLE: Your title goes here

   DATA: FILE = eq/data.dta;

   VARIABLE:

   NAMES = id_cocas weight comp_mode comp_len mode mm_matrix_group wei_mmf v2 v3 v4 v32
       v33 v34 v35 v36 v37 v46 v47 v48 v49 v50 v65 v66 v67 v68 v69 v70 v82 v83 v84 v98
       v99 v100 v101 v103 v104 v105 v106 v107 v115 v116 v117 v118 v119 v120 v121 v122
       v123 v124 v125 v126 v127 v128 v129 v130 v131 v132 v133 v134 v135 v136 v137 v138
       v139 v140 v141 v145 v146 v147 v148 v149 v150 v151 v152 v153 v154 v155 v156 v157
       v158 v159 v160 v161 v162 v163 v164 v165 v166 v167 v176 v177 v178 v179 v180 v181
       v182 v183 v185 v186 v187 v188 v189 v191 v192 v193 v194 v195 v196 v197 v199 v200
       v201 v202 v203 v205 v206 v207 v208 v209 v210 v211 v212 v213 v214 v215 v216 v217
       v218 v220 v221 v222 v223 v224 v267 v268 v269 v271 v272 v273;

   MISSING=.;

   USEVARIABLES ARE
   v205
   v206
   v207;

   CATEGORICAL ARE
   v205
   v206
   v207;

   GROUPING IS comp_mode (0=sm 1=mm);

  WEIGHT IS weight;

   Analysis:

                  ESTIMATOR = WLSMV;

                  ITERATIONS = 100000;

                  PARAMETERIZATION = THETA;

  Model:


  f1 BY v205@1
  v206 (L2)
  v207 (L3)
  ;


   [f1@0];
  [v205$1] (t_v205_1);
  [v205$2] (t_v205_2);
  [v205$3] (t_v205_3);

  [v206$1] (t_v206_1);
  [v206$2] (t_v206_2);
  [v206$3] (t_v206_3);

  [v207$1] (t_v207_1);
  [v207$2] (t_v207_2);
  [v207$3] (t_v207_3);


  Model mm:

  f1 BY v205@1
  v206 (L2)
  v207 (L3)
  ;


   [f1@0];
  [v205$1] (t_v205_1);
  [v205$2] (t_v205_2);
  [v205$3] (t_v205_3);

  [v206$1] (t_v206_1);
  [v206$2] (t_v206_2);
  [v206$3] (t_v206_3);

  [v207$1] (t_v207_1);
  [v207$2] (t_v207_2);
  [v207$3] (t_v207_3);


   SAVEDATA: DIFFTEST IS v205_scalar.dat;

   OUTPUT: SAMPSTAT;

                                  MODINDICES;

                                  STDYX;




*** WARNING
  Data set contains unknown or missing values for GROUPING,
  PATTERN, COHORT, CLUSTER and/or STRATIFICATION variables.
  Number of cases with unknown or missing values:  3244
*** WARNING
  Data set contains cases with missing on all variables.
  These cases were not included in the analysis.
  Number of cases with missing on all variables:  27
   2 WARNING(S) FOUND IN THE INPUT INSTRUCTIONS



Your title goes here

SUMMARY OF ANALYSIS

Number of groups                                                 2
Number of observations
   Group SM                                                   1485
   Group MM                                                    660
   Total sample size                                          2145

Number of dependent variables                                    3
Number of independent variables                                  0
Number of continuous latent variables                            1

Observed dependent variables

  Binary and ordered categorical (ordinal)
   V205        V206        V207

Continuous latent variables
   F1

Variables with special functions

  Grouping variable     COMP_MOD
  Weight variable       WEIGHT

Estimator                                                    WLSMV
Maximum number of iterations                                100000
Convergence criterion                                    0.500D-04
Maximum number of steepest descent iterations                   20
Maximum number of iterations for H1                           2000
Convergence criterion for H1                             0.100D-03
Parameterization                                             THETA
Link                                                        PROBIT

Input data file(s)
  eq/data.dta

Input data format  FREE


SUMMARY OF DATA

   Group SM
     Number of missing data patterns             6

   Group MM
     Number of missing data patterns             6


COVARIANCE COVERAGE OF DATA

Minimum covariance coverage value   0.100


     PROPORTION OF DATA PRESENT FOR SM


           Covariance Coverage
              V205          V206          V207
              ________      ________      ________
 V205           0.994
 V206           0.975         0.980
 V207           0.982         0.973         0.989


     PROPORTION OF DATA PRESENT FOR MM


           Covariance Coverage
              V205          V206          V207
              ________      ________      ________
 V205           0.976
 V206           0.953         0.976
 V207           0.945         0.956         0.970


UNIVARIATE PROPORTIONS AND COUNTS FOR CATEGORICAL VARIABLES

  Group SM
    V205
      Category 1    0.290          428.852
      Category 2    0.387          570.875
      Category 3    0.176          259.371
      Category 4    0.147          217.527
    V206
      Category 1    0.074          107.000
      Category 2    0.196          284.949
      Category 3    0.319          462.743
      Category 4    0.412          597.658
    V207
      Category 1    0.047           68.804
      Category 2    0.105          154.380
      Category 3    0.217          317.447
      Category 4    0.631          924.421

  Group MM
    V205
      Category 1    0.231          147.921
      Category 2    0.454          291.259
      Category 3    0.190          121.917
      Category 4    0.125           79.852
    V206
      Category 1    0.051           32.439
      Category 2    0.179          114.588
      Category 3    0.347          221.726
      Category 4    0.423          270.558
    V207
      Category 1    0.039           24.897
      Category 2    0.135           85.720
      Category 3    0.292          185.499
      Category 4    0.534          339.352


SAMPLE STATISTICS


     ESTIMATED SAMPLE STATISTICS FOR SM


           MEANS/INTERCEPTS/THRESHOLDS
              V205$1        V205$2        V205$3        V206$1        V206$2
              ________      ________      ________      ________      ________
               -0.552         0.459         1.048        -1.449        -0.613


           MEANS/INTERCEPTS/THRESHOLDS
              V206$3        V207$1        V207$2        V207$3
              ________      ________      ________      ________
                0.224        -1.675        -1.026        -0.334


           CORRELATION MATRIX (WITH VARIANCES ON THE DIAGONAL)
              V205          V206          V207
              ________      ________      ________
 V205
 V206           0.546
 V207           0.412         0.632


     ESTIMATED SAMPLE STATISTICS FOR MM


           MEANS/INTERCEPTS/THRESHOLDS
              V205$1        V205$2        V205$3        V206$1        V206$2
              ________      ________      ________      ________      ________
               -0.736         0.482         1.152        -1.638        -0.739


           MEANS/INTERCEPTS/THRESHOLDS
              V206$3        V207$1        V207$2        V207$3
              ________      ________      ________      ________
                0.194        -1.760        -0.938        -0.085


           CORRELATION MATRIX (WITH VARIANCES ON THE DIAGONAL)
              V205          V206          V207
              ________      ________      ________
 V205
 V206           0.558
 V207           0.413         0.694


THE MODEL ESTIMATION TERMINATED NORMALLY



MODEL FIT INFORMATION

Number of Free Parameters                       16

Chi-Square Test of Model Fit

          Value                             23.290*
          Degrees of Freedom                     8
          P-Value                           0.0030

Chi-Square Contribution From Each Group

          SM                                 7.034
          MM                                16.255

*   The chi-square value for MLM, MLMV, MLR, ULSMV, WLSM and WLSMV cannot be used
    for chi-square difference testing in the regular way.  MLM, MLR and WLSM
    chi-square difference testing is described on the Mplus website.  MLMV, WLSMV,
    and ULSMV difference testing is done using the DIFFTEST option.

RMSEA (Root Mean Square Error Of Approximation)

          Estimate                           0.042
          90 Percent C.I.                    0.023  0.063
          Probability RMSEA <= .05           0.709

CFI/TLI

          CFI                                0.993
          TLI                                0.995

Chi-Square Test of Model Fit for the Baseline Model

          Value                           2294.690
          Degrees of Freedom                     6
          P-Value                           0.0000

WRMR (Weighted Root Mean Square Residual)

          Value                              1.404



MODEL RESULTS

                                                    Two-Tailed
                    Estimate       S.E.  Est./S.E.    P-Value

Group SM

 F1       BY
    V205               1.000      0.000    999.000    999.000
    V206               3.027      0.625      4.845      0.000
    V207               1.420      0.113     12.519      0.000

 Means
    F1                 0.000      0.000    999.000    999.000

 Thresholds
    V205$1            -0.724      0.041    -17.806      0.000
    V205$2             0.558      0.039     14.280      0.000
    V205$3             1.292      0.054     24.093      0.000
    V206$1            -3.436      0.499     -6.892      0.000
    V206$2            -1.484      0.229     -6.486      0.000
    V206$3             0.488      0.096      5.100      0.000
    V207$1            -2.418      0.123    -19.636      0.000
    V207$2            -1.423      0.079    -17.957      0.000
    V207$3            -0.373      0.046     -8.072      0.000

 Variances
    F1                 0.507      0.066      7.659      0.000

 Residual Variances
    V205               1.000      0.000    999.000    999.000
    V206               1.000      0.000    999.000    999.000
    V207               1.000      0.000    999.000    999.000

Group MM

 F1       BY
    V205               1.000      0.000    999.000    999.000
    V206               3.027      0.625      4.845      0.000
    V207               1.420      0.113     12.519      0.000

 Means
    F1                 0.000      0.000    999.000    999.000

 Thresholds
    V205$1            -0.724      0.041    -17.806      0.000
    V205$2             0.558      0.039     14.280      0.000
    V205$3             1.292      0.054     24.093      0.000
    V206$1            -3.436      0.499     -6.892      0.000
    V206$2            -1.484      0.229     -6.486      0.000
    V206$3             0.488      0.096      5.100      0.000
    V207$1            -2.418      0.123    -19.636      0.000
    V207$2            -1.423      0.079    -17.957      0.000
    V207$3            -0.373      0.046     -8.072      0.000

 Variances
    F1                 0.469      0.071      6.628      0.000

 Residual Variances
    V205               0.814      0.106      7.677      0.000
    V206               0.037      0.312      0.118      0.906
    V207               1.095      0.173      6.349      0.000


STANDARDIZED MODEL RESULTS


STDYX Standardization

                                                    Two-Tailed
                    Estimate       S.E.  Est./S.E.    P-Value

Group SM

 F1       BY
    V205               0.580      0.025     23.089      0.000
    V206               0.907      0.028     32.548      0.000
    V207               0.711      0.028     25.604      0.000

 Means
    F1                 0.000      0.000    999.000    999.000

 Thresholds
    V205$1            -0.590      0.031    -18.781      0.000
    V205$2             0.455      0.031     14.858      0.000
    V205$3             1.053      0.039     27.091      0.000
    V206$1            -1.446      0.052    -27.961      0.000
    V206$2            -0.624      0.033    -19.113      0.000
    V206$3             0.205      0.029      7.088      0.000
    V207$1            -1.701      0.060    -28.540      0.000
    V207$2            -1.001      0.040    -25.320      0.000
    V207$3            -0.263      0.030     -8.701      0.000

 Variances
    F1                 1.000      0.000    999.000    999.000

 Residual Variances
    V205               0.663      0.029     22.753      0.000
    V206               0.177      0.051      3.500      0.000
    V207               0.494      0.039     12.518      0.000

Group MM

 F1       BY
    V205               0.605      0.034     17.864      0.000
    V206               0.996      0.037     27.198      0.000
    V207               0.681      0.030     22.376      0.000

 Means
    F1                 0.000      0.000    999.000    999.000

 Thresholds
    V205$1            -0.639      0.040    -15.885      0.000
    V205$2             0.493      0.036     13.631      0.000
    V205$3             1.141      0.055     20.926      0.000
    V206$1            -1.650      0.094    -17.580      0.000
    V206$2            -0.713      0.047    -15.110      0.000
    V206$3             0.234      0.034      6.887      0.000
    V207$1            -1.693      0.084    -20.119      0.000
    V207$2            -0.996      0.052    -19.218      0.000
    V207$3            -0.261      0.031     -8.430      0.000

 Variances
    F1                 1.000      0.000    999.000    999.000

 Residual Variances
    V205               0.634      0.041     15.492      0.000
    V206               0.009      0.073      0.117      0.907
    V207               0.537      0.041     12.955      0.000


R-SQUARE

Group SM

    Observed                                        Two-Tailed     Scale
    Variable        Estimate       S.E.  Est./S.E.    P-Value     Factors

    V205               0.337      0.029     11.544      0.000      0.814
    V206               0.823      0.051     16.274      0.000      0.421
    V207               0.506      0.039     12.802      0.000      0.703

Group MM

    Observed                                        Two-Tailed     Scale
    Variable        Estimate       S.E.  Est./S.E.    P-Value     Factors

    V205               0.366      0.041      8.932      0.000      0.883
    V206               0.991      0.073     13.599      0.000      0.480
    V207               0.463      0.041     11.188      0.000      0.700


QUALITY OF NUMERICAL RESULTS

     Condition Number for the Information Matrix              0.665E-03
       (ratio of smallest to largest eigenvalue)


MODEL MODIFICATION INDICES

NOTE:  Modification indices for direct effects of observed dependent variables
regressed on covariates and residual covariances among observed dependent
variables may not be included.  To include these, request MODINDICES (ALL).

Minimum M.I. value for printing the modification index    10.000

                                   M.I.     E.P.C.  Std E.P.C.  StdYX E.P.C.
Group SM


Means/Intercepts/Thresholds

[ V207     ]                      10.516     0.252      0.252        0.177

Group MM


Means/Intercepts/Thresholds

[ V207     ]                      10.520    -0.252     -0.252       -0.176



SAVEDATA INFORMATION


  Difference testing

  Save file
    v205_scalar.dat
  Save format      Free

DIAGRAM INFORMATION

  Use View Diagram under the Diagram menu in the Mplus Editor to view the diagram.
  If running Mplus from the Mplus Diagrammer, the diagram opens automatically.

  Diagram output
    c:\users\msassac6\dropbox (the university of manchester)\papers\joe s\evs_mm_de_equivalence\mplus\eq\inv_data3_v205_

     Beginning Time:  08:28:58
        Ending Time:  08:28:59
       Elapsed Time:  00:00:01



MUTHEN & MUTHEN
3463 Stoner Ave.
Los Angeles, CA  90066

Tel: (310) 391-9971
Fax: (310) 391-8971
Web: www.StatModel.com
Support: Support@StatModel.com

Copyright (c) 1998-2017 Muthen & Muthen
