Mplus VERSION 8
MUTHEN & MUTHEN
07/06/2020   2:05 PM

INPUT INSTRUCTIONS

  TITLE: Your title goes here

   DATA: FILE = eq/data.dta;

   VARIABLE:

   NAMES = id_cocas weight comp_mode comp_len mode mm_matrix_group wei_mmf v2 v3 v4 v32
       v33 v34 v35 v36 v37 v46 v47 v48 v49 v50 v65 v66 v67 v68 v69 v70 v82 v83 v84 v98
       v99 v100 v101 v103 v104 v105 v106 v107 v115 v116 v117 v118 v119 v120 v121 v122
       v123 v124 v125 v126 v127 v128 v129 v130 v131 v132 v133 v134 v135 v136 v137 v138
       v139 v140 v141 v145 v146 v147 v148 v149 v150 v151 v152 v153 v154 v155 v156 v157
       v158 v159 v160 v161 v162 v163 v164 v165 v166 v167 v176 v177 v178 v179 v180 v181
       v182 v183 v185 v186 v187 v188 v189 v191 v192 v193 v194 v195 v196 v197 v199 v200
       v201 v202 v203 v205 v206 v207 v208 v209 v210 v211 v212 v213 v214 v215 v216 v217
       v218 v220 v221 v222 v223 v224 v267 v268 v269 v271 v272 v273;

   MISSING=.;

   USEVARIABLES ARE
   v176
   v177
   v178
   v179
   v180
   v181
   v182
   v183;

   CATEGORICAL ARE
   v176
   v177
   v178
   v179
   v180
   v181
   v182
   v183;

   GROUPING IS comp_mode (0=sm 1=mm);


   Analysis:

                  ESTIMATOR = WLSMV;

                  ITERATIONS = 100000;

                  PARAMETERIZATION = THETA;

  Model:


  f1 BY v176@1
  v177 (L2)
  v178 (L3)
  v179 (L4)
  v180 (L5)
  v181 (L6)
  v182 (L7)
  v183 (L8)
  ;


  [v176$1] (t_v176_1);
  [v176$2] (t_v176_2);
  [v176$3] (t_v176_3);

   [f1@0];
  [v177$1] (t_v177_1);
  [v177$2] (t_v177_2_sm);
  [v177$3] (t_v177_3_sm);

   [f1@0];
  [v178$1] (t_v178_1);
  [v178$2] (t_v178_2_sm);
  [v178$3] (t_v178_3_sm);

   [f1@0];
  [v179$1] (t_v179_1);
  [v179$2] (t_v179_2_sm);
  [v179$3] (t_v179_3_sm);

   [f1@0];
  [v180$1] (t_v180_1);
  [v180$2] (t_v180_2_sm);
  [v180$3] (t_v180_3_sm);

   [f1@0];
  [v181$1] (t_v181_1);
  [v181$2] (t_v181_2_sm);
  [v181$3] (t_v181_3_sm);

   [f1@0];
  [v182$1] (t_v182_1);
  [v182$2] (t_v182_2_sm);
  [v182$3] (t_v182_3_sm);

   [f1@0];
  [v183$1] (t_v183_1);
  [v183$2] (t_v183_2_sm);
  [v183$3] (t_v183_3_sm);

   [f1@0];

  Model mm:

  f1 BY v176@1
  v177 (L2)
  v178 (L3)
  v179 (L4)
  v180 (L5)
  v181 (L6)
  v182 (L7)
  v183 (L8)
  ;


  [v176$1] (t_v176_1);
  [v176$2] (t_v176_2);
  [v176$3] (t_v176_3);

   [f1@0];
  [v177$1] (t_v177_1);
  [v177$2] (t_v177_2_mm);
  [v177$3] (t_v177_3_mm);

   [f1@0];
  [v178$1] (t_v178_1);
  [v178$2] (t_v178_2_mm);
  [v178$3] (t_v178_3_mm);

   [f1@0];
  [v179$1] (t_v179_1);
  [v179$2] (t_v179_2_mm);
  [v179$3] (t_v179_3_mm);

   [f1@0];
  [v180$1] (t_v180_1);
  [v180$2] (t_v180_2_mm);
  [v180$3] (t_v180_3_mm);

   [f1@0];
  [v181$1] (t_v181_1);
  [v181$2] (t_v181_2_mm);
  [v181$3] (t_v181_3_mm);

   [f1@0];
  [v182$1] (t_v182_1);
  [v182$2] (t_v182_2_mm);
  [v182$3] (t_v182_3_mm);

   [f1@0];
  [v183$1] (t_v183_1);
  [v183$2] (t_v183_2_mm);
  [v183$3] (t_v183_3_mm);

   [f1@0];

   SAVEDATA: DIFFTEST IS v176_metric.dat;

   OUTPUT: SAMPSTAT;

                                  MODINDICES;

                                  STDYX;




*** WARNING
  Data set contains unknown or missing values for GROUPING,
  PATTERN, COHORT, CLUSTER and/or STRATIFICATION variables.
  Number of cases with unknown or missing values:  3244
*** WARNING
  Data set contains cases with missing on all variables.
  These cases were not included in the analysis.
  Number of cases with missing on all variables:  74
   2 WARNING(S) FOUND IN THE INPUT INSTRUCTIONS



Your title goes here

SUMMARY OF ANALYSIS

Number of groups                                                 2
Number of observations
   Group SM                                                   1459
   Group MM                                                    639
   Total sample size                                          2098

Number of dependent variables                                    8
Number of independent variables                                  0
Number of continuous latent variables                            1

Observed dependent variables

  Binary and ordered categorical (ordinal)
   V176        V177        V178        V179        V180        V181
   V182        V183

Continuous latent variables
   F1

Variables with special functions

  Grouping variable     COMP_MOD

Estimator                                                    WLSMV
Maximum number of iterations                                100000
Convergence criterion                                    0.500D-04
Maximum number of steepest descent iterations                   20
Maximum number of iterations for H1                           2000
Convergence criterion for H1                             0.100D-03
Parameterization                                             THETA
Link                                                        PROBIT

Input data file(s)
  eq/data.dta

Input data format  FREE


SUMMARY OF DATA

   Group SM
     Number of missing data patterns            86

   Group MM
     Number of missing data patterns            96


COVARIANCE COVERAGE OF DATA

Minimum covariance coverage value   0.100


     PROPORTION OF DATA PRESENT FOR SM


           Covariance Coverage
              V176          V177          V178          V179          V180
              ________      ________      ________      ________      ________
 V176           0.974
 V177           0.891         0.902
 V178           0.899         0.846         0.916
 V179           0.901         0.853         0.853         0.917
 V180           0.944         0.883         0.899         0.894         0.964
 V181           0.939         0.880         0.888         0.895         0.931
 V182           0.900         0.856         0.857         0.869         0.894
 V183           0.956         0.894         0.902         0.908         0.949


           Covariance Coverage
              V181          V182          V183
              ________      ________      ________
 V181           0.955
 V182           0.897         0.914
 V183           0.944         0.910         0.977


     PROPORTION OF DATA PRESENT FOR MM


           Covariance Coverage
              V176          V177          V178          V179          V180
              ________      ________      ________      ________      ________
 V176           0.923
 V177           0.710         0.725
 V178           0.790         0.676         0.845
 V179           0.721         0.635         0.682         0.743
 V180           0.839         0.696         0.795         0.703         0.890
 V181           0.822         0.685         0.761         0.707         0.801
 V182           0.698         0.621         0.659         0.656         0.689
 V183           0.836         0.682         0.768         0.710         0.812


           Covariance Coverage
              V181          V182          V183
              ________      ________      ________
 V181           0.854
 V182           0.681         0.725
 V183           0.795         0.700         0.879


UNIVARIATE PROPORTIONS AND COUNTS FOR CATEGORICAL VARIABLES

  Group SM
    V176
      Category 1    0.708         1006.000
      Category 2    0.239          340.000
      Category 3    0.042           60.000
      Category 4    0.011           15.000
    V177
      Category 1    0.010           13.000
      Category 2    0.081          107.000
      Category 3    0.331          435.000
      Category 4    0.578          761.000
    V178
      Category 1    0.105          140.000
      Category 2    0.385          514.000
      Category 3    0.288          385.000
      Category 4    0.222          297.000
    V179
      Category 1    0.013           17.000
      Category 2    0.074           99.000
      Category 3    0.283          379.000
      Category 4    0.630          843.000
    V180
      Category 1    0.203          286.000
      Category 2    0.551          775.000
      Category 3    0.191          269.000
      Category 4    0.054           76.000
    V181
      Category 1    0.676          942.000
      Category 2    0.284          395.000
      Category 3    0.029           40.000
      Category 4    0.011           16.000
    V182
      Category 1    0.027           36.000
      Category 2    0.107          143.000
      Category 3    0.283          377.000
      Category 4    0.583          778.000
    V183
      Category 1    0.001            2.000
      Category 2    0.006            9.000
      Category 3    0.050           72.000
      Category 4    0.942         1343.000

  Group MM
    V176
      Category 1    0.622          367.000
      Category 2    0.312          184.000
      Category 3    0.044           26.000
      Category 4    0.022           13.000
    V177
      Category 1    0.019            9.000
      Category 2    0.117           54.000
      Category 3    0.322          149.000
      Category 4    0.542          251.000
    V178
      Category 1    0.130           70.000
      Category 2    0.363          196.000
      Category 3    0.298          161.000
      Category 4    0.209          113.000
    V179
      Category 1    0.027           13.000
      Category 2    0.097           46.000
      Category 3    0.297          141.000
      Category 4    0.579          275.000
    V180
      Category 1    0.197          112.000
      Category 2    0.548          312.000
      Category 3    0.181          103.000
      Category 4    0.074           42.000
    V181
      Category 1    0.581          317.000
      Category 2    0.375          205.000
      Category 3    0.033           18.000
      Category 4    0.011            6.000
    V182
      Category 1    0.054           25.000
      Category 2    0.136           63.000
      Category 3    0.274          127.000
      Category 4    0.536          248.000
    V183
      Category 1    0.011            6.000
      Category 2    0.011            6.000
      Category 3    0.094           53.000
      Category 4    0.884          497.000


SAMPLE STATISTICS


     ESTIMATED SAMPLE STATISTICS FOR SM


           MEANS/INTERCEPTS/THRESHOLDS
              V176$1        V176$2        V176$3        V177$1        V177$2
              ________      ________      ________      ________      ________
                0.547         1.618         2.306        -2.331        -1.333


           MEANS/INTERCEPTS/THRESHOLDS
              V177$3        V178$1        V178$2        V178$3        V179$1
              ________      ________      ________      ________      ________
               -0.197        -1.255        -0.026         0.764        -2.235


           MEANS/INTERCEPTS/THRESHOLDS
              V179$2        V179$3        V180$1        V180$2        V180$3
              ________      ________      ________      ________      ________
               -1.361        -0.332        -0.829         0.689         1.607


           MEANS/INTERCEPTS/THRESHOLDS
              V181$1        V181$2        V181$3        V182$1        V182$2
              ________      ________      ________      ________      ________
                0.457         1.748         2.274        -1.927        -1.107


           MEANS/INTERCEPTS/THRESHOLDS
              V182$3        V183$1        V183$2        V183$3
              ________      ________      ________      ________
               -0.210        -2.988        -2.422        -1.570


           CORRELATION MATRIX (WITH VARIANCES ON THE DIAGONAL)
              V176          V177          V178          V179          V180
              ________      ________      ________      ________      ________
 V176
 V177          -0.500
 V178          -0.247         0.520
 V179          -0.468         0.578         0.381
 V180           0.353        -0.265        -0.403        -0.206
 V181           0.655        -0.490        -0.252        -0.461         0.429
 V182          -0.384         0.512         0.331         0.634        -0.189
 V183          -0.236         0.511         0.241         0.429        -0.169


           CORRELATION MATRIX (WITH VARIANCES ON THE DIAGONAL)
              V181          V182          V183
              ________      ________      ________
 V182          -0.446
 V183          -0.469         0.459


     ESTIMATED SAMPLE STATISTICS FOR MM


           MEANS/INTERCEPTS/THRESHOLDS
              V176$1        V176$2        V176$3        V177$1        V177$2
              ________      ________      ________      ________      ________
                0.311         1.505         2.013        -2.065        -1.098


           MEANS/INTERCEPTS/THRESHOLDS
              V177$3        V178$1        V178$2        V178$3        V179$1
              ________      ________      ________      ________      ________
               -0.106        -1.128        -0.019         0.809        -1.921


           MEANS/INTERCEPTS/THRESHOLDS
              V179$2        V179$3        V180$1        V180$2        V180$3
              ________      ________      ________      ________      ________
               -1.154        -0.199        -0.853         0.659         1.448


           MEANS/INTERCEPTS/THRESHOLDS
              V181$1        V181$2        V181$3        V182$1        V182$2
              ________      ________      ________      ________      ________
                0.203         1.707         2.291        -1.607        -0.878


           MEANS/INTERCEPTS/THRESHOLDS
              V182$3        V183$1        V183$2        V183$3
              ________      ________      ________      ________
               -0.089        -2.302        -2.027        -1.197


           CORRELATION MATRIX (WITH VARIANCES ON THE DIAGONAL)
              V176          V177          V178          V179          V180
              ________      ________      ________      ________      ________
 V176
 V177          -0.552
 V178          -0.284         0.554
 V179          -0.498         0.746         0.555
 V180           0.264        -0.295        -0.470        -0.203
 V181           0.684        -0.577        -0.416        -0.476         0.408
 V182          -0.435         0.641         0.490         0.768        -0.140
 V183          -0.436         0.693         0.373         0.719        -0.064


           CORRELATION MATRIX (WITH VARIANCES ON THE DIAGONAL)
              V181          V182          V183
              ________      ________      ________
 V182          -0.436
 V183          -0.322         0.726


THE MODEL ESTIMATION TERMINATED NORMALLY



MODEL FIT INFORMATION

Number of Free Parameters                       55

Chi-Square Test of Model Fit

          Value                            597.956*
          Degrees of Freedom                    49
          P-Value                           0.0000

Chi-Square Contribution From Each Group

          SM                               333.966
          MM                               263.991

*   The chi-square value for MLM, MLMV, MLR, ULSMV, WLSM and WLSMV cannot be used
    for chi-square difference testing in the regular way.  MLM, MLR and WLSM
    chi-square difference testing is described on the Mplus website.  MLMV, WLSMV,
    and ULSMV difference testing is done using the DIFFTEST option.

RMSEA (Root Mean Square Error Of Approximation)

          Estimate                           0.103
          90 Percent C.I.                    0.096  0.111
          Probability RMSEA <= .05           0.000

CFI/TLI

          CFI                                0.922
          TLI                                0.911

Chi-Square Test of Model Fit for the Baseline Model

          Value                           7127.507
          Degrees of Freedom                    56
          P-Value                           0.0000

WRMR (Weighted Root Mean Square Residual)

          Value                              3.114



MODEL RESULTS

                                                    Two-Tailed
                    Estimate       S.E.  Est./S.E.    P-Value

Group SM

 F1       BY
    V176               1.000      0.000    999.000    999.000
    V177              -1.220      0.087    -13.954      0.000
    V178              -0.702      0.054    -13.100      0.000
    V179              -1.236      0.095    -13.062      0.000
    V180               0.523      0.044     11.924      0.000
    V181               1.143      0.091     12.575      0.000
    V182              -1.038      0.076    -13.721      0.000
    V183              -0.814      0.087     -9.349      0.000

 Means
    F1                 0.000      0.000    999.000    999.000

 Thresholds
    V176$1             0.696      0.048     14.497      0.000
    V176$2             2.287      0.086     26.535      0.000
    V176$3             3.223      0.129     25.018      0.000
    V177$1            -3.533      0.165    -21.435      0.000
    V177$2            -2.017      0.087    -23.214      0.000
    V177$3            -0.298      0.055     -5.461      0.000
    V178$1            -1.492      0.057    -26.329      0.000
    V178$2            -0.031      0.041     -0.765      0.444
    V178$3             0.913      0.045     20.113      0.000
    V179$1            -3.340      0.157    -21.245      0.000
    V179$2            -2.074      0.092    -22.474      0.000
    V179$3            -0.506      0.058     -8.770      0.000
    V180$1            -0.980      0.043    -22.793      0.000
    V180$2             0.766      0.041     18.769      0.000
    V180$3             1.787      0.061     29.080      0.000
    V181$1             0.616      0.053     11.670      0.000
    V181$2             2.552      0.107     23.812      0.000
    V181$3             3.319      0.137     24.166      0.000
    V182$1            -2.625      0.104    -25.264      0.000
    V182$2            -1.539      0.068    -22.614      0.000
    V182$3            -0.292      0.049     -5.906      0.000
    V183$1            -3.315      0.258    -12.832      0.000
    V183$2            -3.039      0.155    -19.546      0.000
    V183$3            -1.970      0.089    -22.085      0.000

 Variances
    F1                 0.866      0.101      8.613      0.000

 Residual Variances
    V176               1.000      0.000    999.000    999.000
    V177               1.000      0.000    999.000    999.000
    V178               1.000      0.000    999.000    999.000
    V179               1.000      0.000    999.000    999.000
    V180               1.000      0.000    999.000    999.000
    V181               1.000      0.000    999.000    999.000
    V182               1.000      0.000    999.000    999.000
    V183               1.000      0.000    999.000    999.000

Group MM

 F1       BY
    V176               1.000      0.000    999.000    999.000
    V177              -1.220      0.087    -13.954      0.000
    V178              -0.702      0.054    -13.100      0.000
    V179              -1.236      0.095    -13.062      0.000
    V180               0.523      0.044     11.924      0.000
    V181               1.143      0.091     12.575      0.000
    V182              -1.038      0.076    -13.721      0.000
    V183              -0.814      0.087     -9.349      0.000

 Means
    F1                 0.000      0.000    999.000    999.000

 Thresholds
    V176$1             0.696      0.048     14.497      0.000
    V176$2             2.287      0.086     26.535      0.000
    V176$3             3.223      0.129     25.018      0.000
    V177$1            -3.533      0.165    -21.435      0.000
    V177$2            -1.887      0.149    -12.634      0.000
    V177$3            -0.182      0.099     -1.833      0.067
    V178$1            -1.492      0.057    -26.329      0.000
    V178$2            -0.024      0.070     -0.346      0.729
    V178$3             1.055      0.111      9.487      0.000
    V179$1            -3.340      0.157    -21.245      0.000
    V179$2            -1.929      0.150    -12.904      0.000
    V179$3            -0.333      0.096     -3.481      0.000
    V180$1            -0.980      0.043    -22.793      0.000
    V180$2             0.939      0.125      7.486      0.000
    V180$3             2.063      0.230      8.983      0.000
    V181$1             0.616      0.053     11.670      0.000
    V181$2             3.320      0.331     10.029      0.000
    V181$3             4.454      0.485      9.180      0.000
    V182$1            -2.625      0.104    -25.264      0.000
    V182$2            -1.366      0.113    -12.099      0.000
    V182$3            -0.139      0.090     -1.552      0.121
    V183$1            -3.315      0.258    -12.832      0.000
    V183$2            -2.700      0.264    -10.216      0.000
    V183$3            -1.594      0.159    -10.010      0.000

 Variances
    F1                 1.394      0.190      7.351      0.000

 Residual Variances
    V176               1.423      0.207      6.878      0.000
    V177               0.878      0.139      6.303      0.000
    V178               1.015      0.148      6.852      0.000
    V179               0.666      0.131      5.078      0.000
    V180               1.649      0.337      4.897      0.000
    V181               1.964      0.438      4.483      0.000
    V182               0.918      0.137      6.725      0.000
    V183               0.850      0.180      4.721      0.000


STANDARDIZED MODEL RESULTS


STDYX Standardization

                                                    Two-Tailed
                    Estimate       S.E.  Est./S.E.    P-Value

Group SM

 F1       BY
    V176               0.681      0.021     32.137      0.000
    V177              -0.750      0.018    -41.270      0.000
    V178              -0.547      0.022    -25.073      0.000
    V179              -0.755      0.019    -39.145      0.000
    V180               0.437      0.025     17.682      0.000
    V181               0.728      0.021     34.355      0.000
    V182              -0.695      0.019    -35.713      0.000
    V183              -0.604      0.035    -17.340      0.000

 Means
    F1                 0.000      0.000    999.000    999.000

 Thresholds
    V176$1             0.510      0.031     16.246      0.000
    V176$2             1.674      0.052     32.480      0.000
    V176$3             2.360      0.085     27.707      0.000
    V177$1            -2.335      0.092    -25.372      0.000
    V177$2            -1.334      0.048    -27.556      0.000
    V177$3            -0.197      0.035     -5.671      0.000
    V178$1            -1.249      0.043    -29.122      0.000
    V178$2            -0.026      0.034     -0.766      0.444
    V178$3             0.764      0.038     20.016      0.000
    V179$1            -2.192      0.082    -26.650      0.000
    V179$2            -1.361      0.049    -27.946      0.000
    V179$3            -0.332      0.035     -9.501      0.000
    V180$1            -0.881      0.037    -23.925      0.000
    V180$2             0.689      0.036     18.893      0.000
    V180$3             1.607      0.055     29.233      0.000
    V181$1             0.422      0.032     13.177      0.000
    V181$2             1.748      0.061     28.741      0.000
    V181$3             2.274      0.095     23.953      0.000
    V182$1            -1.888      0.064    -29.644      0.000
    V182$2            -1.107      0.043    -25.644      0.000
    V182$3            -0.210      0.035     -6.073      0.000
    V183$1            -2.642      0.165    -16.006      0.000
    V183$2            -2.422      0.109    -22.196      0.000
    V183$3            -1.570      0.053    -29.459      0.000

 Variances
    F1                 1.000      0.000    999.000    999.000

 Residual Variances
    V176               0.536      0.029     18.563      0.000
    V177               0.437      0.027     16.018      0.000
    V178               0.701      0.024     29.358      0.000
    V179               0.431      0.029     14.809      0.000
    V180               0.809      0.022     37.387      0.000
    V181               0.469      0.031     15.197      0.000
    V182               0.517      0.027     19.129      0.000
    V183               0.636      0.042     15.119      0.000

Group MM

 F1       BY
    V176               0.704      0.030     23.837      0.000
    V177              -0.838      0.020    -41.863      0.000
    V178              -0.636      0.029    -21.880      0.000
    V179              -0.873      0.021    -41.582      0.000
    V180               0.433      0.033     13.082      0.000
    V181               0.694      0.032     21.820      0.000
    V182              -0.788      0.023    -34.797      0.000
    V183              -0.722      0.035    -20.331      0.000

 Means
    F1                 0.000      0.000    999.000    999.000

 Thresholds
    V176$1             0.415      0.029     14.220      0.000
    V176$2             1.363      0.062     21.839      0.000
    V176$3             1.921      0.092     20.765      0.000
    V177$1            -2.056      0.102    -20.167      0.000
    V177$2            -1.098      0.073    -15.044      0.000
    V177$3            -0.106      0.058     -1.813      0.070
    V178$1            -1.143      0.058    -19.780      0.000
    V178$2            -0.019      0.054     -0.344      0.731
    V178$3             0.809      0.061     13.287      0.000
    V179$1            -1.998      0.098    -20.316      0.000
    V179$2            -1.154      0.074    -15.630      0.000
    V179$3            -0.199      0.058     -3.440      0.001
    V180$1            -0.688      0.055    -12.403      0.000
    V180$2             0.659      0.057     11.586      0.000
    V180$3             1.448      0.078     18.473      0.000
    V181$1             0.316      0.029     10.857      0.000
    V181$2             1.707      0.094     18.095      0.000
    V181$3             2.289      0.154     14.847      0.000
    V182$1            -1.687      0.080    -21.069      0.000
    V182$2            -0.878      0.067    -13.062      0.000
    V182$3            -0.089      0.058     -1.532      0.126
    V183$1            -2.489      0.141    -17.677      0.000
    V183$2            -2.028      0.119    -17.017      0.000
    V183$3            -1.197      0.069    -17.296      0.000

 Variances
    F1                 1.000      0.000    999.000    999.000

 Residual Variances
    V176               0.505      0.042     12.162      0.000
    V177               0.297      0.034      8.856      0.000
    V178               0.596      0.037     16.145      0.000
    V179               0.238      0.037      6.506      0.000
    V180               0.812      0.029     28.323      0.000
    V181               0.519      0.044     11.773      0.000
    V182               0.379      0.036     10.627      0.000
    V183               0.479      0.051      9.351      0.000


R-SQUARE

Group SM

    Observed                                        Two-Tailed     Scale
    Variable        Estimate       S.E.  Est./S.E.    P-Value     Factors

    V176               0.464      0.029     16.069      0.000      0.732
    V177               0.563      0.027     20.635      0.000      0.661
    V178               0.299      0.024     12.536      0.000      0.837
    V179               0.569      0.029     19.573      0.000      0.656
    V180               0.191      0.022      8.841      0.000      0.899
    V181               0.531      0.031     17.177      0.000      0.685
    V182               0.483      0.027     17.856      0.000      0.719
    V183               0.364      0.042      8.670      0.000      0.797

Group MM

    Observed                                        Two-Tailed     Scale
    Variable        Estimate       S.E.  Est./S.E.    P-Value     Factors

    V176               0.495      0.042     11.919      0.000      0.596
    V177               0.703      0.034     20.931      0.000      0.582
    V178               0.404      0.037     10.940      0.000      0.766
    V179               0.762      0.037     20.791      0.000      0.598
    V180               0.188      0.029      6.541      0.000      0.702
    V181               0.481      0.044     10.910      0.000      0.514
    V182               0.621      0.036     17.399      0.000      0.643
    V183               0.521      0.051     10.165      0.000      0.751


QUALITY OF NUMERICAL RESULTS

     Condition Number for the Information Matrix              0.132E-02
       (ratio of smallest to largest eigenvalue)


MODEL MODIFICATION INDICES

NOTE:  Modification indices for direct effects of observed dependent variables
regressed on covariates and residual covariances among observed dependent
variables may not be included.  To include these, request MODINDICES (ALL).

Minimum M.I. value for printing the modification index    10.000

                                   M.I.     E.P.C.  Std E.P.C.  StdYX E.P.C.
Group SM


BY Statements

F1       BY V180                  10.208     0.041      0.038        0.034

WITH Statements

V178     WITH V176                19.617     0.248      0.248        0.248
V178     WITH V177                25.470     0.274      0.274        0.274
V180     WITH V178                76.995    -0.280     -0.280       -0.280
V180     WITH V179                19.224     0.252      0.252        0.252
V181     WITH V176                94.471     0.540      0.540        0.540
V181     WITH V178                30.103     0.322      0.322        0.322
V181     WITH V179                18.922     0.313      0.313        0.313
V181     WITH V180                20.308     0.225      0.225        0.225
V182     WITH V176                11.306     0.220      0.220        0.220
V182     WITH V179                55.264     0.436      0.436        0.436
V182     WITH V180                18.120     0.212      0.212        0.212
V183     WITH V176                13.224     0.347      0.347        0.347

Variances/Residual Variances

V183                             999.000     0.000      0.000        0.000

Means/Intercepts/Thresholds

[ V180     ]                      10.190    -0.271     -0.271       -0.244
[ F1       ]                      13.915    -0.197     -0.212       -0.212
[ V180$1   ]                      10.168     0.045      0.045        0.040

Group MM


BY Statements

F1       BY V180                  10.209    -0.104     -0.123       -0.086

WITH Statements

V180     WITH V178                21.917    -0.211     -0.211       -0.163
V181     WITH V176                35.809     0.520      0.520        0.311
V182     WITH V179                13.627     0.283      0.283        0.361
V183     WITH V180                21.822     0.465      0.465        0.393
V183     WITH V182                13.525     0.398      0.398        0.451

Means/Intercepts/Thresholds

[ V180     ]                      10.170     0.271      0.271        0.190
[ F1       ]                      13.970     0.198      0.168        0.168
[ V180$1   ]                      10.171    -0.226     -0.226       -0.159



SAVEDATA INFORMATION


  Difference testing

  Save file
    v176_metric.dat
  Save format      Free

DIAGRAM INFORMATION

  Use View Diagram under the Diagram menu in the Mplus Editor to view the diagram.
  If running Mplus from the Mplus Diagrammer, the diagram opens automatically.

  Diagram output
    c:\users\msassac6\dropbox (the university of manchester)\papers\joe s\evs_mm_de_equivalence\mplus\eq\inv_data3_v176_

     Beginning Time:  14:05:30
        Ending Time:  14:05:32
       Elapsed Time:  00:00:02



MUTHEN & MUTHEN
3463 Stoner Ave.
Los Angeles, CA  90066

Tel: (310) 391-9971
Fax: (310) 391-8971
Web: www.StatModel.com
Support: Support@StatModel.com

Copyright (c) 1998-2017 Muthen & Muthen
