Mplus VERSION 8
MUTHEN & MUTHEN
07/13/2020   8:31 AM

INPUT INSTRUCTIONS

  TITLE: Your title goes here

   DATA: FILE = eq/data.dta;

   VARIABLE:

   NAMES = id_cocas weight comp_mode comp_len mode mm_matrix_group wei_mmf v2 v3 v4 v32
       v33 v34 v35 v36 v37 v46 v47 v48 v49 v50 v65 v66 v67 v68 v69 v70 v82 v83 v84 v98
       v99 v100 v101 v103 v104 v105 v106 v107 v115 v116 v117 v118 v119 v120 v121 v122
       v123 v124 v125 v126 v127 v128 v129 v130 v131 v132 v133 v134 v135 v136 v137 v138
       v139 v140 v141 v145 v146 v147 v148 v149 v150 v151 v152 v153 v154 v155 v156 v157
       v158 v159 v160 v161 v162 v163 v164 v165 v166 v167 v176 v177 v178 v179 v180 v181
       v182 v183 v185 v186 v187 v188 v189 v191 v192 v193 v194 v195 v196 v197 v199 v200
       v201 v202 v203 v205 v206 v207 v208 v209 v210 v211 v212 v213 v214 v215 v216 v217
       v218 v220 v221 v222 v223 v224 v267 v268 v269 v271 v272 v273;

   MISSING=.;

   USEVARIABLES ARE
   v134
   v137
   v139
   v140;

   GROUPING IS comp_len (0=full 1=short);

  WEIGHT IS weight;

   Analysis:

                  ESTIMATOR = MLR;
  Model:


  f1 BY v134@1
  v137 (L2)
  v139 (L3)
  v140 (L4)
  ;


   [f1@0];[v134] (i1_full);
  [v137] (i2_full);
  [v139] (i3_full);
  [v140] (i4_full);


  Model short:

  f1 BY v134@1
  v137 (L2)
  v139 (L3)
  v140 (L4)
  ;


   [f1@0];[v134] (i1_short);
  [v137] (i2_short);
  [v139] (i3_short);
  [v140] (i4_short);


   SAVEDATA: DIFFTEST IS v134_metric.dat;

   OUTPUT: SAMPSTAT;

                                  MODINDICES;

                                  STDYX;




*** WARNING in SAVEDATA command
  The DIFFTEST option is available only for the estimators MLMV, WLSMV and ULSMV.
  Request for DIFFTEST will be ignored.
*** WARNING
  Data set contains unknown or missing values for GROUPING,
  PATTERN, COHORT, CLUSTER and/or STRATIFICATION variables.
  Number of cases with unknown or missing values:  1494
*** WARNING
  Data set contains cases with missing on all variables.
  These cases were not included in the analysis.
  Number of cases with missing on all variables:  1754
   3 WARNING(S) FOUND IN THE INPUT INSTRUCTIONS



Your title goes here

SUMMARY OF ANALYSIS

Number of groups                                                 2
Number of observations
   Group FULL                                                  646
   Group SHORT                                                1522
   Total sample size                                          2168

Number of dependent variables                                    4
Number of independent variables                                  0
Number of continuous latent variables                            1

Observed dependent variables

  Continuous
   V134        V137        V139        V140

Continuous latent variables
   F1

Variables with special functions

  Grouping variable     COMP_LEN
  Weight variable       WEIGHT

Estimator                                                      MLR
Information matrix                                        OBSERVED
Maximum number of iterations                                  1000
Convergence criterion                                    0.500D-04
Maximum number of steepest descent iterations                   20
Maximum number of iterations for H1                           2000
Convergence criterion for H1                             0.100D-03

Input data file(s)
  eq/data.dta

Input data format  FREE


SUMMARY OF DATA

   Group FULL
     Number of missing data patterns            15

   Group SHORT
     Number of missing data patterns            15


COVARIANCE COVERAGE OF DATA

Minimum covariance coverage value   0.100


     PROPORTION OF DATA PRESENT FOR FULL


           Covariance Coverage
              V134          V137          V139          V140
              ________      ________      ________      ________
 V134           0.940
 V137           0.890         0.918
 V139           0.893         0.873         0.943
 V140           0.899         0.879         0.902         0.944


     PROPORTION OF DATA PRESENT FOR SHORT


           Covariance Coverage
              V134          V137          V139          V140
              ________      ________      ________      ________
 V134           0.945
 V137           0.897         0.928
 V139           0.918         0.901         0.966
 V140           0.913         0.895         0.926         0.951


SAMPLE STATISTICS


     ESTIMATED SAMPLE STATISTICS FOR FULL


           Means
              V134          V137          V139          V140
              ________      ________      ________      ________
                1.828         2.719         5.655         2.650


           Covariances
              V134          V137          V139          V140
              ________      ________      ________      ________
 V134           2.939
 V137           1.133         6.450
 V139           0.367         1.407         9.814
 V140           1.494         1.432         0.965         5.476


           Correlations
              V134          V137          V139          V140
              ________      ________      ________      ________
 V134           1.000
 V137           0.260         1.000
 V139           0.068         0.177         1.000
 V140           0.372         0.241         0.132         1.000


     ESTIMATED SAMPLE STATISTICS FOR SHORT


           Means
              V134          V137          V139          V140
              ________      ________      ________      ________
                1.889         2.624         6.015         2.807


           Covariances
              V134          V137          V139          V140
              ________      ________      ________      ________
 V134           3.727
 V137           1.607         6.495
 V139           0.780         0.940         9.870
 V140           1.637         1.997         1.011         6.351


           Correlations
              V134          V137          V139          V140
              ________      ________      ________      ________
 V134           1.000
 V137           0.327         1.000
 V139           0.129         0.117         1.000
 V140           0.336         0.311         0.128         1.000


     MAXIMUM LOG-LIKELIHOOD VALUE FOR THE UNRESTRICTED (H1) MODEL IS -18614.551


UNIVARIATE SAMPLE STATISTICS


     UNIVARIATE HIGHER-ORDER MOMENT DESCRIPTIVE STATISTICS FOR FULL

         Variable/         Mean/     Skewness/   Minimum/ % with                Percentiles
        Sample Size      Variance    Kurtosis    Maximum  Min/Max      20%/60%    40%/80%    Median

     V134                  1.818       2.450       1.000   76.44%       1.000      1.000      1.000
             607.000       2.929       5.892      10.000    0.66%       1.000      2.000
     V137                  2.710       1.466       1.000   59.53%       1.000      1.000      1.000
             593.000       6.448       1.099      10.000    2.53%       2.000      4.000
     V139                  5.661      -0.136       1.000   18.56%       2.000      4.000      5.000
             609.000       9.821      -1.302      10.000   15.93%       7.000      9.000
     V140                  2.609       1.405       1.000   55.08%       1.000      1.000      1.000
             610.000       5.365       0.964      10.000    1.48%       2.000      5.000


     UNIVARIATE HIGHER-ORDER MOMENT DESCRIPTIVE STATISTICS FOR SHORT

         Variable/         Mean/     Skewness/   Minimum/ % with                Percentiles
        Sample Size      Variance    Kurtosis    Maximum  Min/Max      20%/60%    40%/80%    Median

     V134                  1.864       2.656       1.000   76.51%       1.000      1.000      1.000
            1439.000       3.696       6.759      10.000    1.74%       1.000      2.000
     V137                  2.604       1.638       1.000   60.55%       1.000      1.000      1.000
            1412.000       6.466       1.671      10.000    3.97%       1.000      4.000
     V139                  6.015      -0.246       1.000   16.11%       2.000      5.000      6.000
            1471.000       9.870      -1.250      10.000   19.51%       7.000      9.000
     V140                  2.783       1.326       1.000   56.32%       1.000      1.000      1.000
            1447.000       6.310       0.738      10.000    2.35%       2.000      5.000


THE MODEL ESTIMATION TERMINATED NORMALLY



MODEL FIT INFORMATION

Number of Free Parameters                       21

Loglikelihood

          H0 Value                      -18619.989
          H0 Scaling Correction Factor      2.0200
            for MLR
          H1 Value                      -18614.551
          H1 Scaling Correction Factor      1.8656
            for MLR

Information Criteria

          Akaike (AIC)                   37281.979
          Bayesian (BIC)                 37401.292
          Sample-Size Adjusted BIC       37334.572
            (n* = (n + 2) / 24)

Chi-Square Test of Model Fit

          Value                              7.756*
          Degrees of Freedom                     7
          P-Value                           0.3546
          Scaling Correction Factor         1.4023
            for MLR

Chi-Square Contribution From Each Group

          FULL                               7.470
          SHORT                              0.286

*   The chi-square value for MLM, MLMV, MLR, ULSMV, WLSM and WLSMV cannot be used
    for chi-square difference testing in the regular way.  MLM, MLR and WLSM
    chi-square difference testing is described on the Mplus website.  MLMV, WLSMV,
    and ULSMV difference testing is done using the DIFFTEST option.

RMSEA (Root Mean Square Error Of Approximation)

          Estimate                           0.010
          90 Percent C.I.                    0.000  0.040
          Probability RMSEA <= .05           0.993

CFI/TLI

          CFI                                0.998
          TLI                                0.996

Chi-Square Test of Model Fit for the Baseline Model

          Value                            316.391
          Degrees of Freedom                    12
          P-Value                           0.0000

SRMR (Standardized Root Mean Square Residual)

          Value                              0.017



MODEL RESULTS

                                                    Two-Tailed
                    Estimate       S.E.  Est./S.E.    P-Value

Group FULL

 F1       BY
    V134               1.000      0.000    999.000    999.000
    V137               1.183      0.150      7.872      0.000
    V139               0.610      0.104      5.837      0.000
    V140               1.280      0.156      8.180      0.000

 Means
    F1                 0.000      0.000    999.000    999.000

 Intercepts
    V134               1.827      0.082     22.407      0.000
    V137               2.716      0.118     22.973      0.000
    V139               5.657      0.137     41.207      0.000
    V140               2.646      0.106     25.058      0.000

 Variances
    F1                 1.056      0.249      4.245      0.000

 Residual Variances
    V134               1.882      0.314      5.993      0.000
    V137               5.085      0.519      9.791      0.000
    V139               9.402      0.382     24.620      0.000
    V140               3.666      0.443      8.269      0.000

Group SHORT

 F1       BY
    V134               1.000      0.000    999.000    999.000
    V137               1.183      0.150      7.872      0.000
    V139               0.610      0.104      5.837      0.000
    V140               1.280      0.156      8.180      0.000

 Means
    F1                 0.000      0.000    999.000    999.000

 Intercepts
    V134               1.889      0.064     29.671      0.000
    V137               2.623      0.080     32.661      0.000
    V139               6.015      0.091     66.393      0.000
    V140               2.808      0.079     35.355      0.000

 Variances
    F1                 1.312      0.291      4.512      0.000

 Residual Variances
    V134               2.415      0.270      8.954      0.000
    V137               4.614      0.392     11.777      0.000
    V139               9.392      0.266     35.308      0.000
    V140               4.236      0.377     11.237      0.000


STANDARDIZED MODEL RESULTS


STDYX Standardization

                                                    Two-Tailed
                    Estimate       S.E.  Est./S.E.    P-Value

Group FULL

 F1       BY
    V134               0.600      0.061      9.869      0.000
    V137               0.474      0.049      9.597      0.000
    V139               0.200      0.032      6.198      0.000
    V140               0.566      0.058      9.794      0.000

 Means
    F1                 0.000      0.000    999.000    999.000

 Intercepts
    V134               1.066      0.034     31.228      0.000
    V137               1.060      0.028     37.341      0.000
    V139               1.808      0.058     30.934      0.000
    V140               1.139      0.028     40.329      0.000

 Variances
    F1                 1.000      0.000    999.000    999.000

 Residual Variances
    V134               0.641      0.073      8.793      0.000
    V137               0.775      0.047     16.515      0.000
    V139               0.960      0.013     74.261      0.000
    V140               0.679      0.065     10.381      0.000

Group SHORT

 F1       BY
    V134               0.593      0.052     11.490      0.000
    V137               0.534      0.046     11.632      0.000
    V139               0.222      0.033      6.811      0.000
    V140               0.580      0.047     12.315      0.000

 Means
    F1                 0.000      0.000    999.000    999.000

 Intercepts
    V134               0.978      0.022     45.182      0.000
    V137               1.033      0.017     61.340      0.000
    V139               1.914      0.041     46.733      0.000
    V140               1.111      0.019     58.794      0.000

 Variances
    F1                 1.000      0.000    999.000    999.000

 Residual Variances
    V134               0.648      0.061     10.572      0.000
    V137               0.715      0.049     14.613      0.000
    V139               0.951      0.014     65.585      0.000
    V140               0.663      0.055     12.137      0.000


R-SQUARE

Group FULL

    Observed                                        Two-Tailed
    Variable        Estimate       S.E.  Est./S.E.    P-Value

    V134               0.359      0.073      4.935      0.000
    V137               0.225      0.047      4.799      0.000
    V139               0.040      0.013      3.099      0.002
    V140               0.321      0.065      4.897      0.000

Group SHORT

    Observed                                        Two-Tailed
    Variable        Estimate       S.E.  Est./S.E.    P-Value

    V134               0.352      0.061      5.745      0.000
    V137               0.285      0.049      5.816      0.000
    V139               0.049      0.014      3.405      0.001
    V140               0.337      0.055      6.158      0.000


QUALITY OF NUMERICAL RESULTS

     Condition Number for the Information Matrix              0.109E-01
       (ratio of smallest to largest eigenvalue)


MODEL MODIFICATION INDICES

NOTE:  Modification indices for direct effects of observed dependent variables
regressed on covariates may not be included.  To include these, request
MODINDICES (ALL).

Minimum M.I. value for printing the modification index    10.000

                                   M.I.     E.P.C.  Std E.P.C.  StdYX E.P.C.
Group FULL


No modification indices above the minimum value.

Group SHORT


No modification indices above the minimum value.



DIAGRAM INFORMATION

  Use View Diagram under the Diagram menu in the Mplus Editor to view the diagram.
  If running Mplus from the Mplus Diagrammer, the diagram opens automatically.

  Diagram output
    c:\users\msassac6\dropbox (the university of manchester)\papers\joe s\evs_mm_de_equivalence\mplus\eq\inv_data3_v134_

     Beginning Time:  08:31:37
        Ending Time:  08:31:37
       Elapsed Time:  00:00:00



MUTHEN & MUTHEN
3463 Stoner Ave.
Los Angeles, CA  90066

Tel: (310) 391-9971
Fax: (310) 391-8971
Web: www.StatModel.com
Support: Support@StatModel.com

Copyright (c) 1998-2017 Muthen & Muthen
