Mplus VERSION 8
MUTHEN & MUTHEN
07/13/2020   8:33 AM

INPUT INSTRUCTIONS

  TITLE: Your title goes here

   DATA: FILE = eq/data.dta;

   VARIABLE:

   NAMES = id_cocas weight comp_mode comp_len mode mm_matrix_group wei_mmf v2 v3 v4 v32
       v33 v34 v35 v36 v37 v46 v47 v48 v49 v50 v65 v66 v67 v68 v69 v70 v82 v83 v84 v98
       v99 v100 v101 v103 v104 v105 v106 v107 v115 v116 v117 v118 v119 v120 v121 v122
       v123 v124 v125 v126 v127 v128 v129 v130 v131 v132 v133 v134 v135 v136 v137 v138
       v139 v140 v141 v145 v146 v147 v148 v149 v150 v151 v152 v153 v154 v155 v156 v157
       v158 v159 v160 v161 v162 v163 v164 v165 v166 v167 v176 v177 v178 v179 v180 v181
       v182 v183 v185 v186 v187 v188 v189 v191 v192 v193 v194 v195 v196 v197 v199 v200
       v201 v202 v203 v205 v206 v207 v208 v209 v210 v211 v212 v213 v214 v215 v216 v217
       v218 v220 v221 v222 v223 v224 v267 v268 v269 v271 v272 v273;

   MISSING=.;

   USEVARIABLES ARE
   v46
   v47
   v48
   v49
   v50;

   GROUPING IS comp_len (0=full 1=short);

  WEIGHT IS weight;

   Analysis:

                  ESTIMATOR = MLR;
  Model:


  f1 BY v46@1
  v47 (L2_full)
  v48 (L3_full)
  v49 (L4_full)
  v50 (L5_full)
  ;


   [f1@0];[v46] (i1_full);
  [v47] (i2_full);
  [v48] (i3_full);
  [v49] (i4_full);
  [v50] (i5_full);


  Model short:

  f1 BY v46@1
  v47 (L2_short)
  v48 (L3_short)
  v49 (L4_short)
  v50 (L5_short)
  ;


   [f1@0];[v46] (i1_short);
  [v47] (i2_short);
  [v48] (i3_short);
  [v49] (i4_short);
  [v50] (i5_short);


   SAVEDATA: DIFFTEST IS v46_config.dat;

   OUTPUT: SAMPSTAT;

                                  MODINDICES;

                                  STDYX;




*** WARNING in SAVEDATA command
  The DIFFTEST option is available only for the estimators MLMV, WLSMV and ULSMV.
  Request for DIFFTEST will be ignored.
*** WARNING
  Data set contains unknown or missing values for GROUPING,
  PATTERN, COHORT, CLUSTER and/or STRATIFICATION variables.
  Number of cases with unknown or missing values:  1494
*** WARNING
  Data set contains cases with missing on all variables.
  These cases were not included in the analysis.
  Number of cases with missing on all variables:  585
   3 WARNING(S) FOUND IN THE INPUT INSTRUCTIONS



Your title goes here

SUMMARY OF ANALYSIS

Number of groups                                                 2
Number of observations
   Group FULL                                                  671
   Group SHORT                                                2666
   Total sample size                                          3337

Number of dependent variables                                    5
Number of independent variables                                  0
Number of continuous latent variables                            1

Observed dependent variables

  Continuous
   V46         V47         V48         V49         V50

Continuous latent variables
   F1

Variables with special functions

  Grouping variable     COMP_LEN
  Weight variable       WEIGHT

Estimator                                                      MLR
Information matrix                                        OBSERVED
Maximum number of iterations                                  1000
Convergence criterion                                    0.500D-04
Maximum number of steepest descent iterations                   20
Maximum number of iterations for H1                           2000
Convergence criterion for H1                             0.100D-03

Input data file(s)
  eq/data.dta

Input data format  FREE


SUMMARY OF DATA

   Group FULL
     Number of missing data patterns            22

   Group SHORT
     Number of missing data patterns            24


COVARIANCE COVERAGE OF DATA

Minimum covariance coverage value   0.100


     PROPORTION OF DATA PRESENT FOR FULL


           Covariance Coverage
              V46           V47           V48           V49           V50
              ________      ________      ________      ________      ________
 V46            0.955
 V47            0.896         0.925
 V48            0.912         0.887         0.949
 V49            0.923         0.894         0.915         0.958
 V50            0.936         0.909         0.928         0.939         0.973


     PROPORTION OF DATA PRESENT FOR SHORT


           Covariance Coverage
              V46           V47           V48           V49           V50
              ________      ________      ________      ________      ________
 V46            0.578
 V47            0.180         0.565
 V48            0.548         0.175         0.568
 V49            0.189         0.555         0.185         0.590
 V50            0.570         0.185         0.560         0.196         0.591


SAMPLE STATISTICS


     ESTIMATED SAMPLE STATISTICS FOR FULL


           Means
              V46           V47           V48           V49           V50
              ________      ________      ________      ________      ________
                1.968         2.567         2.301         2.086         3.228


           Covariances
              V46           V47           V48           V49           V50
              ________      ________      ________      ________      ________
 V46            0.696
 V47            0.330         1.450
 V48            0.260         0.503         1.206
 V49            0.276         0.413         0.494         0.875
 V50            0.381         0.486         0.379         0.490         1.379


           Correlations
              V46           V47           V48           V49           V50
              ________      ________      ________      ________      ________
 V46            1.000
 V47            0.328         1.000
 V48            0.284         0.380         1.000
 V49            0.354         0.367         0.481         1.000
 V50            0.389         0.344         0.294         0.446         1.000


     ESTIMATED SAMPLE STATISTICS FOR SHORT


           Means
              V46           V47           V48           V49           V50
              ________      ________      ________      ________      ________
                2.074         2.667         2.331         1.998         3.354


           Covariances
              V46           V47           V48           V49           V50
              ________      ________      ________      ________      ________
 V46            0.836
 V47            0.328         1.555
 V48            0.313         0.625         1.361
 V49            0.266         0.416         0.360         0.972
 V50            0.355         0.386         0.423         0.425         1.247


           Correlations
              V46           V47           V48           V49           V50
              ________      ________      ________      ________      ________
 V46            1.000
 V47            0.287         1.000
 V48            0.293         0.430         1.000
 V49            0.295         0.338         0.313         1.000
 V50            0.348         0.277         0.325         0.386         1.000


     MAXIMUM LOG-LIKELIHOOD VALUE FOR THE UNRESTRICTED (H1) MODEL IS -15431.148


UNIVARIATE SAMPLE STATISTICS


     UNIVARIATE HIGHER-ORDER MOMENT DESCRIPTIVE STATISTICS FOR FULL

         Variable/         Mean/     Skewness/   Minimum/ % with                Percentiles
        Sample Size      Variance    Kurtosis    Maximum  Min/Max      20%/60%    40%/80%    Median

     V46                   1.965       0.880       1.000   27.77%       1.000      2.000      2.000
             641.000       0.697       0.736       5.000    0.62%       2.000      2.000
     V47                   2.559       0.383       1.000   19.65%       2.000      2.000      2.000
             621.000       1.445      -0.840       5.000    6.76%       3.000      4.000
     V48                   2.304       0.672       1.000   22.92%       1.000      2.000      2.000
             637.000       1.211      -0.322       5.000    4.08%       2.000      3.000
     V49                   2.072       0.974       1.000   25.51%       1.000      2.000      2.000
             643.000       0.869       0.899       5.000    2.18%       2.000      3.000
     V50                   3.233      -0.228       1.000    6.28%       2.000      3.000      3.000
             653.000       1.385      -0.956       5.000   13.48%       4.000      4.000


     UNIVARIATE HIGHER-ORDER MOMENT DESCRIPTIVE STATISTICS FOR SHORT

         Variable/         Mean/     Skewness/   Minimum/ % with                Percentiles
        Sample Size      Variance    Kurtosis    Maximum  Min/Max      20%/60%    40%/80%    Median

     V46                   2.078       0.960       1.000   26.80%       1.000      2.000      2.000
            1541.000       0.834       0.859       5.000    1.88%       2.000      3.000
     V47                   2.661       0.344       1.000   18.98%       2.000      2.000      3.000
            1507.000       1.560      -0.923       5.000    9.02%       3.000      4.000
     V48                   2.334       0.582       1.000   24.83%       1.000      2.000      2.000
            1514.000       1.360      -0.623       5.000    5.02%       3.000      4.000
     V49                   1.990       1.138       1.000   32.72%       1.000      2.000      2.000
            1574.000       0.971       1.070       5.000    2.60%       2.000      3.000
     V50                   3.363      -0.422       1.000    5.65%       2.000      3.000      4.000
            1575.000       1.249      -0.699       5.000   13.08%       4.000      4.000


THE MODEL ESTIMATION TERMINATED NORMALLY



MODEL FIT INFORMATION

Number of Free Parameters                       30

Loglikelihood

          H0 Value                      -15457.390
          H0 Scaling Correction Factor      1.4650
            for MLR
          H1 Value                      -15431.148
          H1 Scaling Correction Factor      1.4778
            for MLR

Information Criteria

          Akaike (AIC)                   30974.780
          Bayesian (BIC)                 31158.165
          Sample-Size Adjusted BIC       31062.841
            (n* = (n + 2) / 24)

Chi-Square Test of Model Fit

          Value                             34.621*
          Degrees of Freedom                    10
          P-Value                           0.0001
          Scaling Correction Factor         1.5159
            for MLR

Chi-Square Contribution From Each Group

          FULL                              18.026
          SHORT                             16.595

*   The chi-square value for MLM, MLMV, MLR, ULSMV, WLSM and WLSMV cannot be used
    for chi-square difference testing in the regular way.  MLM, MLR and WLSM
    chi-square difference testing is described on the Mplus website.  MLMV, WLSMV,
    and ULSMV difference testing is done using the DIFFTEST option.

RMSEA (Root Mean Square Error Of Approximation)

          Estimate                           0.038
          90 Percent C.I.                    0.025  0.053
          Probability RMSEA <= .05           0.904

CFI/TLI

          CFI                                0.970
          TLI                                0.939

Chi-Square Test of Model Fit for the Baseline Model

          Value                            833.086
          Degrees of Freedom                    20
          P-Value                           0.0000

SRMR (Standardized Root Mean Square Residual)

          Value                              0.031



MODEL RESULTS

                                                    Two-Tailed
                    Estimate       S.E.  Est./S.E.    P-Value

Group FULL

 F1       BY
    V46                1.000      0.000    999.000    999.000
    V47                1.527      0.201      7.596      0.000
    V48                1.497      0.192      7.800      0.000
    V49                1.505      0.197      7.643      0.000
    V50                1.589      0.174      9.158      0.000

 Means
    F1                 0.000      0.000    999.000    999.000

 Intercepts
    V46                1.967      0.036     53.928      0.000
    V47                2.566      0.055     46.961      0.000
    V48                2.302      0.048     47.602      0.000
    V49                2.084      0.041     51.286      0.000
    V50                3.229      0.053     61.465      0.000

 Variances
    F1                 0.199      0.043      4.639      0.000

 Residual Variances
    V46                0.496      0.039     12.760      0.000
    V47                0.985      0.095     10.327      0.000
    V48                0.763      0.064     11.872      0.000
    V49                0.423      0.054      7.771      0.000
    V50                0.878      0.068     12.874      0.000

Group SHORT

 F1       BY
    V46                1.000      0.000    999.000    999.000
    V47                1.456      0.173      8.415      0.000
    V48                1.326      0.140      9.457      0.000
    V49                1.167      0.141      8.249      0.000
    V50                1.352      0.131     10.355      0.000

 Means
    F1                 0.000      0.000    999.000    999.000

 Intercepts
    V46                2.075      0.026     81.062      0.000
    V47                2.664      0.037     71.992      0.000
    V48                2.327      0.033     70.255      0.000
    V49                1.998      0.028     70.702      0.000
    V50                3.357      0.032    104.443      0.000

 Variances
    F1                 0.245      0.036      6.865      0.000

 Residual Variances
    V46                0.591      0.033     17.738      0.000
    V47                1.038      0.102     10.129      0.000
    V48                0.928      0.059     15.784      0.000
    V49                0.637      0.076      8.434      0.000
    V50                0.800      0.049     16.292      0.000


STANDARDIZED MODEL RESULTS


STDYX Standardization

                                                    Two-Tailed
                    Estimate       S.E.  Est./S.E.    P-Value

Group FULL

 F1       BY
    V46                0.535      0.048     11.104      0.000
    V47                0.566      0.051     11.196      0.000
    V48                0.607      0.043     14.262      0.000
    V49                0.719      0.045     16.110      0.000
    V50                0.603      0.040     15.159      0.000

 Means
    F1                 0.000      0.000    999.000    999.000

 Intercepts
    V46                2.360      0.071     33.459      0.000
    V47                2.132      0.056     37.941      0.000
    V48                2.093      0.055     38.316      0.000
    V49                2.230      0.067     33.067      0.000
    V50                2.748      0.086     31.857      0.000

 Variances
    F1                 1.000      0.000    999.000    999.000

 Residual Variances
    V46                0.714      0.052     13.838      0.000
    V47                0.680      0.057     11.882      0.000
    V48                0.631      0.052     12.208      0.000
    V49                0.484      0.064      7.545      0.000
    V50                0.636      0.048     13.233      0.000

Group SHORT

 F1       BY
    V46                0.541      0.033     16.264      0.000
    V47                0.578      0.053     10.978      0.000
    V48                0.563      0.036     15.698      0.000
    V49                0.586      0.058     10.134      0.000
    V50                0.599      0.033     18.134      0.000

 Means
    F1                 0.000      0.000    999.000    999.000

 Intercepts
    V46                2.269      0.045     50.170      0.000
    V47                2.135      0.035     60.341      0.000
    V48                1.996      0.032     62.210      0.000
    V49                2.027      0.040     50.622      0.000
    V50                3.004      0.066     45.734      0.000

 Variances
    F1                 1.000      0.000    999.000    999.000

 Residual Variances
    V46                0.707      0.036     19.604      0.000
    V47                0.666      0.061     10.960      0.000
    V48                0.683      0.040     16.907      0.000
    V49                0.656      0.068      9.667      0.000
    V50                0.641      0.040     16.176      0.000


R-SQUARE

Group FULL

    Observed                                        Two-Tailed
    Variable        Estimate       S.E.  Est./S.E.    P-Value

    V46                0.286      0.052      5.552      0.000
    V47                0.320      0.057      5.598      0.000
    V48                0.369      0.052      7.131      0.000
    V49                0.516      0.064      8.055      0.000
    V50                0.364      0.048      7.580      0.000

Group SHORT

    Observed                                        Two-Tailed
    Variable        Estimate       S.E.  Est./S.E.    P-Value

    V46                0.293      0.036      8.132      0.000
    V47                0.334      0.061      5.489      0.000
    V48                0.317      0.040      7.849      0.000
    V49                0.344      0.068      5.067      0.000
    V50                0.359      0.040      9.067      0.000


QUALITY OF NUMERICAL RESULTS

     Condition Number for the Information Matrix              0.205E-02
       (ratio of smallest to largest eigenvalue)


MODEL MODIFICATION INDICES

NOTE:  Modification indices for direct effects of observed dependent variables
regressed on covariates may not be included.  To include these, request
MODINDICES (ALL).

Minimum M.I. value for printing the modification index    10.000

                                   M.I.     E.P.C.  Std E.P.C.  StdYX E.P.C.
Group FULL


No modification indices above the minimum value.

Group SHORT


WITH Statements

V48      WITH V47                 15.400     0.280      0.280        0.286



DIAGRAM INFORMATION

  Use View Diagram under the Diagram menu in the Mplus Editor to view the diagram.
  If running Mplus from the Mplus Diagrammer, the diagram opens automatically.

  Diagram output
    c:\users\msassac6\dropbox (the university of manchester)\papers\joe s\evs_mm_de_equivalence\mplus\eq\inv_data3_v46_c

     Beginning Time:  08:33:36
        Ending Time:  08:33:37
       Elapsed Time:  00:00:01



MUTHEN & MUTHEN
3463 Stoner Ave.
Los Angeles, CA  90066

Tel: (310) 391-9971
Fax: (310) 391-8971
Web: www.StatModel.com
Support: Support@StatModel.com

Copyright (c) 1998-2017 Muthen & Muthen
